SH SERIES C/C++ Compiler (Ver. checker(2003.03.17))                                              11-May-2005 16:19:33  PAGE    1

************ OBJECT LISTING ************

FILE NAME: dadafv.c

SCT OFFSET   CODE       C LABEL     INSTRUCTION OPERAND    COMMENT

P   00000000              _dad_afv_config:                 ; function: dad_afv_config
                                                           ; frame size=20
    00000000 2FE6                   MOV.L       R14,@-R15
    00000002 4F22                   STS.L       PR,@-R15
    00000004 7FF4                   ADD         #-12,R15
    00000006 6253                   MOV         R5,R2
    00000008 6E43                   MOV         R4,R14
    0000000A E300                   MOV         #0,R3      ; H'00000000
    0000000C 1F32                   MOV.L       R3,@(8,R15)
    0000000E E305                   MOV         #5,R3      ; H'00000005
    00000010 2F31                   MOV.W       R3,@R15
    00000012 6323                   MOV         R2,R3
    00000014 6033                   MOV         R3,R0
    00000016 81F1                   MOV.W       R0,@(2,R15)
    00000018 6363                   MOV         R6,R3
    0000001A 1F31                   MOV.L       R3,@(4,R15)
    0000001C 64F3                   MOV         R15,R4
    0000001E B0A7                   BSR         __$chg_ul_bef_write
    00000020 0009                   NOP
    00000022 E708                   MOV         #8,R7      ; H'00000008
    00000024 65F3                   MOV         R15,R5
    00000026 7508                   ADD         #8,R5
    00000028 66F3                   MOV         R15,R6
    0000002A 64E3                   MOV         R14,R4
    0000002C 677F                   EXTS.W      R7,R7
    0000002E D394                   MOV.L       L42+4,R3   ; _dad_dpm_write
    00000030 430B                   JSR         @R3
    00000032 0009                   NOP
    00000034 6203                   MOV         R0,R2
    00000036 4211                   CMP/PZ      R2
    00000038 8B02                   BF          L12
    0000003A 53F2                   MOV.L       @(8,R15),R3
    0000003C 4311                   CMP/PZ      R3
    0000003E 8902                   BT          L13
    00000040              L12:
    00000040 E2FF                   MOV         #-1,R2     ; H'FFFFFFFF
    00000042 A001                   BRA         L14
    00000044 0009                   NOP
    00000046              L13:
    00000046 E200                   MOV         #0,R2      ; H'00000000
    00000048              L14:
    00000048 6023                   MOV         R2,R0
    0000004A 7F0C                   ADD         #12,R15
    0000004C 4F26                   LDS.L       @R15+,PR
    0000004E 6EF6                   MOV.L       @R15+,R14
    00000050 000B                   RTS
    00000052 0009                   NOP
    00000054              _dad_afv_adjust:                 ; function: dad_afv_adjust
                                                           ; frame size=56
    00000054 2FC6                   MOV.L       R12,@-R15
    00000056 2FD6                   MOV.L       R13,@-R15
    00000058 2FE6                   MOV.L       R14,@-R15
    0000005A 4F22                   STS.L       PR,@-R15
    0000005C 7FD8                   ADD         #-40,R15
    0000005E 6C63                   MOV         R6,R12
    00000060 6E53                   MOV         R5,R14
    00000062 6D43                   MOV         R4,R13
    00000064 62E2                   MOV.L       @R14,R2
    00000066 2228                   TST         R2,R2
    00000068 892D                   BT          L17
    0000006A 72FF                   ADD         #-1,R2
    0000006C 4215                   CMP/PL      R2
    0000006E 8B0D                   BF          L19
    00000070 63D2                   MOV.L       @R13,R3
    00000072 1F39                   MOV.L       R3,@(36,R15)
    00000074 6433                   MOV         R3,R4
    00000076 E500                   MOV         #0,R5      ; H'00000000
    00000078 E601                   MOV         #1,R6      ; H'00000001
    0000007A 462C                   SHAD        R2,R6
    0000007C 6263                   MOV         R6,R2
    0000007E 655F                   EXTS.W      R5,R5
    00000080 6623                   MOV         R2,R6
    00000082 BFBD                   BSR         _dad_afv_config
    00000084 0009                   NOP
    00000086 6203                   MOV         R0,R2
    00000088 2228                   TST         R2,R2
    0000008A 8902                   BT          L20
    0000008C              L19:
    0000008C E2FF                   MOV         #-1,R2     ; H'FFFFFFFF
    0000008E A067                   BRA         L21
    00000090 0009                   NOP
    00000092              L20:
    00000092 54F9                   MOV.L       @(36,R15),R4
    00000094 D37B                   MOV.L       L42+8,R3   ; _wai_afv_flg
    00000096 430B                   JSR         @R3
    00000098 0009                   NOP
    0000009A 6203                   MOV         R0,R2
    0000009C 2228                   TST         R2,R2
    0000009E 892D                   BT          L23
    000000A0 2228                   TST         R2,R2
    000000A2 890D                   BT          L25
    000000A4 D478                   MOV.L       L42+12,R4  ; __iob
    000000A6 7428                   ADD         #40,R4
    000000A8 D278                   MOV.L       L42+16,R2  ; L43
    000000AA 2F22                   MOV.L       R2,@R15
    000000AC D278                   MOV.L       L42+20,R2  ; L44
    000000AE 1F21                   MOV.L       R2,@(4,R15)
    000000B0 939B                   MOV.W       L41,R3     ; H'0084
    000000B2 1F32                   MOV.L       R3,@(8,R15)
    000000B4 D377                   MOV.L       L42+24,R3  ; _fprintf
    000000B6 430B                   JSR         @R3
    000000B8 0009                   NOP
    000000BA D377                   MOV.L       L42+28,R3  ; _abort
    000000BC 430B                   JSR         @R3
    000000BE 0009                   NOP
    000000C0              L25:
    000000C0 E2FF                   MOV         #-1,R2     ; H'FFFFFFFF
    000000C2 A04D                   BRA         L21
    000000C4 0009                   NOP
    000000C6              L17:
    000000C6 64F3                   MOV         R15,R4
    000000C8 7424                   ADD         #36,R4
    000000CA D374                   MOV.L       L42+32,R3  ; _wai_afv_msg
    000000CC 430B                   JSR         @R3
    000000CE 0009                   NOP
    000000D0 6203                   MOV         R0,R2
    000000D2 2228                   TST         R2,R2
    000000D4 8912                   BT          L23
    000000D6 2228                   TST         R2,R2
    000000D8 890D                   BT          L28
    000000DA D46B                   MOV.L       L42+12,R4  ; __iob
    000000DC 7428                   ADD         #40,R4
    000000DE D26B                   MOV.L       L42+16,R2  ; L43
    000000E0 2F22                   MOV.L       R2,@R15
    000000E2 D26B                   MOV.L       L42+20,R2  ; L44
    000000E4 1F21                   MOV.L       R2,@(4,R15)
    000000E6 9381                   MOV.W       L41+2,R3   ; H'0088
    000000E8 1F32                   MOV.L       R3,@(8,R15)
    000000EA D36A                   MOV.L       L42+24,R3  ; _fprintf
    000000EC 430B                   JSR         @R3
    000000EE 0009                   NOP
    000000F0 D369                   MOV.L       L42+28,R3  ; _abort
    000000F2 430B                   JSR         @R3
    000000F4 0009                   NOP
    000000F6              L28:
    000000F6 E2FF                   MOV         #-1,R2     ; H'FFFFFFFF
    000000F8 A032                   BRA         L21
    000000FA 0009                   NOP
    000000FC              L23:
    000000FC E702                   MOV         #2,R7      ; H'00000002
    000000FE 65F3                   MOV         R15,R5
    00000100 7510                   ADD         #16,R5
    00000102 E60C                   MOV         #12,R6     ; H'0000000C
    00000104 54F9                   MOV.L       @(36,R15),R4
    00000106 677D                   EXTU.W      R7,R7
    00000108 D365                   MOV.L       L42+36,R3  ; _dad_dpm_read
    0000010A 430B                   JSR         @R3
    0000010C 0009                   NOP
    0000010E 6203                   MOV         R0,R2
    00000110 4211                   CMP/PZ      R2
    00000112 8902                   BT          L30
    00000114 E2FF                   MOV         #-1,R2     ; H'FFFFFFFF
    00000116 A023                   BRA         L21
    00000118 0009                   NOP
    0000011A              L30:
    0000011A 64F3                   MOV         R15,R4
    0000011C 740C                   ADD         #12,R4
    0000011E B067                   BSR         __$chg_ul_aft_read
    00000120 0009                   NOP
    00000122 62E2                   MOV.L       @R14,R2
    00000124 2228                   TST         R2,R2
    00000126 8B18                   BF          L32
    00000128 E200                   MOV         #0,R2      ; H'00000000
    0000012A 53F4                   MOV.L       @(16,R15),R3
    0000012C 51F4                   MOV.L       @(16,R15),R1
    0000012E 2138                   TST         R3,R1
    00000130 8911                   BT          L33
    00000132              L34:
    00000132 53F4                   MOV.L       @(16,R15),R3
    00000134 6033                   MOV         R3,R0
    00000136 C801                   TST         #1,R0
    00000138 8903                   BT          L36
    0000013A 7201                   ADD         #1,R2
    0000013C 2E22                   MOV.L       R2,@R14
    0000013E A00A                   BRA         L33
    00000140 0009                   NOP
    00000142              L36:
    00000142 E501                   MOV         #1,R5      ; H'00000001
    00000144 665B                   NEG         R5,R6
    00000146 53F4                   MOV.L       @(16,R15),R3
    00000148 436D                   SHLD        R6,R3
    0000014A 1F34                   MOV.L       R3,@(16,R15)
    0000014C 7201                   ADD         #1,R2
    0000014E 53F4                   MOV.L       @(16,R15),R3
    00000150 51F4                   MOV.L       @(16,R15),R1
    00000152 2138                   TST         R3,R1
    00000154 8BED                   BF          L34
    00000156              L33:
    00000156 53F9                   MOV.L       @(36,R15),R3
    00000158 2D32                   MOV.L       R3,@R13
    0000015A              L32:
    0000015A 53F5                   MOV.L       @(20,R15),R3
    0000015C 2C32                   MOV.L       R3,@R12
    0000015E E200                   MOV         #0,R2      ; H'00000000
    00000160              L21:
    00000160 6023                   MOV         R2,R0
    00000162 7F28                   ADD         #40,R15
    00000164 4F26                   LDS.L       @R15+,PR
    00000166 6EF6                   MOV.L       @R15+,R14
    00000168 6DF6                   MOV.L       @R15+,R13
    0000016A 6CF6                   MOV.L       @R15+,R12
    0000016C 000B                   RTS
    0000016E 0009                   NOP
    00000170              __$chg_ul_bef_write:             ; function: __$chg_ul_bef_write
                                                           ; frame size=0
    00000170 6641                   MOV.W       @R4,R6
    00000172 666F                   EXTS.W      R6,R6
    00000174 973B                   MOV.W       L41+4,R7   ; H'00FF
    00000176 6263                   MOV         R6,R2
    00000178 2279                   AND         R7,R2
    0000017A 4218                   SHLL8       R2
    0000017C 6641                   MOV.W       @R4,R6
    0000017E 666F                   EXTS.W      R6,R6
    00000180 D348                   MOV.L       L42+40,R3  ; H'0000FF00
    00000182 6563                   MOV         R6,R5
    00000184 2539                   AND         R3,R5
    00000186 655D                   EXTU.W      R5,R5
    00000188 6653                   MOV         R5,R6
    0000018A E3F8                   MOV         #-8,R3     ; H'FFFFFFF8
    0000018C 463C                   SHAD        R3,R6
    0000018E 226B                   OR          R6,R2
    00000190 2421                   MOV.W       R2,@R4
    00000192 8541                   MOV.W       @(2,R4),R0
    00000194 6603                   MOV         R0,R6
    00000196 666F                   EXTS.W      R6,R6
    00000198 6263                   MOV         R6,R2
    0000019A 2279                   AND         R7,R2
    0000019C 4218                   SHLL8       R2
    0000019E 8541                   MOV.W       @(2,R4),R0
    000001A0 6603                   MOV         R0,R6
    000001A2 D340                   MOV.L       L42+40,R3  ; H'0000FF00
    000001A4 666F                   EXTS.W      R6,R6
    000001A6 6563                   MOV         R6,R5
    000001A8 2539                   AND         R3,R5
    000001AA 655D                   EXTU.W      R5,R5
    000001AC 6653                   MOV         R5,R6
    000001AE E3F8                   MOV         #-8,R3     ; H'FFFFFFF8
    000001B0 463C                   SHAD        R3,R6
    000001B2 226B                   OR          R6,R2
    000001B4 6023                   MOV         R2,R0
    000001B6 8141                   MOV.W       R0,@(2,R4)
    000001B8 5241                   MOV.L       @(4,R4),R2
    000001BA 9618                   MOV.W       L41+4,R6   ; H'00FF
    000001BC 2269                   AND         R6,R2
    000001BE 4228                   SHLL16      R2
    000001C0 4218                   SHLL8       R2
    000001C2 5641                   MOV.L       @(4,R4),R6
    000001C4 D537                   MOV.L       L42+40,R5  ; H'0000FF00
    000001C6 2659                   AND         R5,R6
    000001C8 4618                   SHLL8       R6
    000001CA 226B                   OR          R6,R2
    000001CC 6623                   MOV         R2,R6
    000001CE 5241                   MOV.L       @(4,R4),R2
    000001D0 D535                   MOV.L       L42+44,R5  ; H'00FF0000
    000001D2 2259                   AND         R5,R2
    000001D4 4219                   SHLR8       R2
    000001D6 262B                   OR          R2,R6
    000001D8 5241                   MOV.L       @(4,R4),R2
    000001DA D334                   MOV.L       L42+48,R3  ; H'FF000000
    000001DC 2239                   AND         R3,R2
    000001DE 4229                   SHLR16      R2
    000001E0 4219                   SHLR8       R2
    000001E2 262B                   OR          R2,R6
    000001E4 1461                   MOV.L       R6,@(4,R4)
    000001E6 000B                   RTS
    000001E8 0009                   NOP
    000001EA              L41:
    000001EA 0084                   .DATA.W     H'0084
    000001EC 0088                   .DATA.W     H'0088
    000001EE 00FF                   .DATA.W     H'00FF
    000001F0              __$chg_ul_aft_read:              ; function: __$chg_ul_aft_read
                                                           ; frame size=0
    000001F0 6641                   MOV.W       @R4,R6
    000001F2 666F                   EXTS.W      R6,R6
    000001F4 9342                   MOV.W       L42,R3     ; H'00FF
    000001F6 6263                   MOV         R6,R2
    000001F8 2239                   AND         R3,R2
    000001FA 4218                   SHLL8       R2
    000001FC 6641                   MOV.W       @R4,R6
    000001FE 666F                   EXTS.W      R6,R6
    00000200 D328                   MOV.L       L42+40,R3  ; H'0000FF00
    00000202 6763                   MOV         R6,R7
    00000204 2739                   AND         R3,R7
    00000206 677D                   EXTU.W      R7,R7
    00000208 E3F8                   MOV         #-8,R3     ; H'FFFFFFF8
    0000020A 473C                   SHAD        R3,R7
    0000020C 227B                   OR          R7,R2
    0000020E 2421                   MOV.W       R2,@R4
    00000210 5241                   MOV.L       @(4,R4),R2
    00000212 9333                   MOV.W       L42,R3     ; H'00FF
    00000214 6533                   MOV         R3,R5
    00000216 6623                   MOV         R2,R6
    00000218 2659                   AND         R5,R6
    0000021A 4628                   SHLL16      R6
    0000021C 4618                   SHLL8       R6
    0000021E 5241                   MOV.L       @(4,R4),R2
    00000220 D720                   MOV.L       L42+40,R7  ; H'0000FF00
    00000222 6563                   MOV         R6,R5
    00000224 2279                   AND         R7,R2
    00000226 4218                   SHLL8       R2
    00000228 252B                   OR          R2,R5
    0000022A 6653                   MOV         R5,R6
    0000022C 5241                   MOV.L       @(4,R4),R2
    0000022E D51E                   MOV.L       L42+44,R5  ; H'00FF0000
    00000230 2259                   AND         R5,R2
    00000232 4219                   SHLR8       R2
    00000234 262B                   OR          R2,R6
    00000236 5241                   MOV.L       @(4,R4),R2
    00000238 D31C                   MOV.L       L42+48,R3  ; H'FF000000
    0000023A 2239                   AND         R3,R2
    0000023C 4229                   SHLR16      R2
    0000023E 4219                   SHLR8       R2
    00000240 262B                   OR          R2,R6
    00000242 1461                   MOV.L       R6,@(4,R4)
    00000244 5242                   MOV.L       @(8,R4),R2
    00000246 9319                   MOV.W       L42,R3     ; H'00FF
    00000248 2239                   AND         R3,R2
    0000024A 4228                   SHLL16      R2
    0000024C 4218                   SHLL8       R2
    0000024E 5642                   MOV.L       @(8,R4),R6
    00000250 D314                   MOV.L       L42+40,R3  ; H'0000FF00
    00000252 2639                   AND         R3,R6
    00000254 4618                   SHLL8       R6
    00000256 226B                   OR          R6,R2
    00000258 5642                   MOV.L       @(8,R4),R6
    0000025A D313                   MOV.L       L42+44,R3  ; H'00FF0000
    0000025C 2639                   AND         R3,R6
    0000025E E3F8                   MOV         #-8,R3     ; H'FFFFFFF8
    00000260 463C                   SHAD        R3,R6
    00000262 226B                   OR          R6,R2
    00000264 6523                   MOV         R2,R5
    00000266 5242                   MOV.L       @(8,R4),R2
    00000268 D310                   MOV.L       L42+48,R3  ; H'FF000000
    0000026A 6733                   MOV         R3,R7
    0000026C 6623                   MOV         R2,R6
    0000026E 2679                   AND         R7,R6
    00000270 4629                   SHLR16      R6
    00000272 4619                   SHLR8       R6
    00000274 256B                   OR          R6,R5
    00000276 1452                   MOV.L       R5,@(8,R4)
    00000278 000B                   RTS
    0000027A 0009                   NOP
    0000027C              L42:
    0000027C 00FF                   .DATA.W     H'00FF
    0000027E 00000002               .RES.W      1
    00000280 <00000000>             .DATA.L     _dad_dpm_write
    00000284 <00000000>             .DATA.L     _wai_afv_flg
    00000288 <00000000>             .DATA.L     __iob
    0000028C <00000000>             .DATA.L     L43
    00000290 <00000000>             .DATA.L     L44
    00000294 <00000000>             .DATA.L     _fprintf
    00000298 <00000000>             .DATA.L     _abort
    0000029C <00000000>             .DATA.L     _wai_afv_msg
    000002A0 <00000000>             .DATA.L     _dad_dpm_read
    000002A4 0000FF00               .DATA.L     H'0000FF00
    000002A8 00FF0000               .DATA.L     H'00FF0000
    000002AC FF000000               .DATA.L     H'FF000000
C   00000000              L43:
    00000000 4153534552             .SDATA      "ASSERTION FAILED: !err FILE %s,LINE %d "
             54494F4E20   
             4641494C45   
             443A202165   
             7272204649   
             4C45202573   
             2C4C494E45   
             20256420     
    00000027 0A00                   .DATA.B     H'0A,H'00
    00000029 00                     .DATAB.B    3,0
    0000002C              L44:
    0000002C 6461646166             .SDATA      "dadafv.c"
             762E63       
    00000034 00                     .DATA.B     H'00
SH SERIES C/C++ Compiler (Ver. checker(2003.03.17))                                              11-May-2005 16:19:33  PAGE    1


******** STATISTICS INFORMATION ********


********** ERROR INFORMATION ***********

NUMBER OF ERRORS:           0
NUMBER OF WARNINGS:         0
NUMBER OF INFORMATIONS:     0



******* SOURCE LINE INFORMATION ********

COMPILED SOURCE LINE:      170



******* SECTION SIZE INFORMATION *******

PROGRAM  SECTION (P):                               000002B0 Byte(s)
CONSTANT SECTION (C):                               00000035 Byte(s)
DATA     SECTION (D):                               00000000 Byte(s)
BSS      SECTION (B):                               00000000 Byte(s)

TOTAL PROGRAM  SECTION: 000002B0 Byte(s)
TOTAL CONSTANT SECTION: 00000035 Byte(s)
TOTAL DATA     SECTION: 00000000 Byte(s)
TOTAL BSS      SECTION: 00000000 Byte(s)

    TOTAL PROGRAM SIZE: 000002E5 Byte(s)



********** LABEL INFORMATION ***********

NUMBER OF EXTERNAL REFERENCE SYMBOLS:            7
NUMBER OF EXTERNAL DEFINITION SYMBOLS:           2
NUMBER OF INTERNAL/EXTERNAL SYMBOLS:            28
*** COMMAND PARAMETER ***


  -cpu=sh3 -op=0 -en=big -me -debug -comment=nest -l -def=DEBUG,MAS_P5561,MAS_BIG_ENDIAN -i=P:\PRESTO2\SHINC,C:\usr\local\SH\7_1_1\include,P:\PRESTO2\NORTI_12\inc dadafv.c 

