SH SERIES C/C++ Compiler (Ver. checker(2003.03.17))                                              11-May-2005 16:19:44  PAGE    1

************ OBJECT LISTING ************

FILE NAME: dadbot3.c

SCT OFFSET   CODE       C LABEL     INSTRUCTION OPERAND    COMMENT

P   00000000              _dad_cboot1:                     ; function: dad_cboot1
                                                           ; frame size=160
    00000000 2F86                   MOV.L       R8,@-R15
    00000002 2F96                   MOV.L       R9,@-R15
    00000004 2FA6                   MOV.L       R10,@-R15
    00000006 2FB6                   MOV.L       R11,@-R15
    00000008 2FC6                   MOV.L       R12,@-R15
    0000000A 2FD6                   MOV.L       R13,@-R15
    0000000C 2FE6                   MOV.L       R14,@-R15
    0000000E 4F22                   STS.L       PR,@-R15
    00000010 4F12                   STS.L       MACL,@-R15
    00000012 4F02                   STS.L       MACH,@-R15
    00000014 7F88                   ADD         #-120,R15
    00000016 6B63                   MOV         R6,R11
    00000018 6853                   MOV         R5,R8
    0000001A 6943                   MOV         R4,R9
    0000001C EA00                   MOV         #0,R10     ; H'00000000
    0000001E E300                   MOV         #0,R3      ; H'00000000
    00000020 E04C                   MOV         #76,R0     ; H'0000004C
    00000022 0F35                   MOV.W       R3,@(R0,R15)
    00000024 E300                   MOV         #0,R3      ; H'00000000
    00000026 E04E                   MOV         #78,R0     ; H'0000004E
    00000028 0F35                   MOV.W       R3,@(R0,R15)
    0000002A E200                   MOV         #0,R2      ; H'00000000
    0000002C E200                   MOV         #0,R2      ; H'00000000
    0000002E ED00                   MOV         #0,R13     ; H'00000000
    00000030 E305                   MOV         #5,R3      ; H'00000005
    00000032 3D33                   CMP/GE      R3,R13
    00000034 8932                   BT          L11
    00000036              L12:
    00000036 62D3                   MOV         R13,R2
    00000038 4208                   SHLL2       R2
    0000003A 66B3                   MOV         R11,R6
    0000003C 7608                   ADD         #8,R6
    0000003E 6023                   MOV         R2,R0
    00000040 056E                   MOV.L       @(R0,R6),R5
    00000042 8552                   MOV.W       @(4,R5),R0
    00000044 6603                   MOV         R0,R6
    00000046 666D                   EXTU.W      R6,R6
    00000048 6263                   MOV         R6,R2
    0000004A 72FF                   ADD         #-1,R2
    0000004C 6623                   MOV         R2,R6
    0000004E 65D3                   MOV         R13,R5
    00000050 6253                   MOV         R5,R2
    00000052 4208                   SHLL2       R2
    00000054 65B3                   MOV         R11,R5
    00000056 7508                   ADD         #8,R5
    00000058 6023                   MOV         R2,R0
    0000005A 045E                   MOV.L       @(R0,R5),R4
    0000005C 6541                   MOV.W       @R4,R5
    0000005E 655D                   EXTU.W      R5,R5
    00000060 0567                   MUL.L       R6,R5
    00000062 041A                   STS         MACL,R4
    00000064 441A                   LDS         R4,MACL
    00000066 021A                   STS         MACL,R2
    00000068 E600                   MOV         #0,R6      ; H'00000000
    0000006A 3627                   CMP/GT      R2,R6
    0000006C 326E                   ADDC        R6,R2
    0000006E 4221                   SHAR        R2
    00000070 7201                   ADD         #1,R2
    00000072 66F3                   MOV         R15,R6
    00000074 7654                   ADD         #84,R6
    00000076 64D3                   MOV         R13,R4
    00000078 6543                   MOV         R4,R5
    0000007A 4500                   SHLL        R5
    0000007C 6053                   MOV         R5,R0
    0000007E 0625                   MOV.W       R2,@(R0,R6)
    00000080 E304                   MOV         #4,R3      ; H'00000004
    00000082 3D33                   CMP/GE      R3,R13
    00000084 8906                   BT          L14
    00000086 66F3                   MOV         R15,R6
    00000088 7654                   ADD         #84,R6
    0000008A 62D3                   MOV         R13,R2
    0000008C 4200                   SHLL        R2
    0000008E 6023                   MOV         R2,R0
    00000090 056D                   MOV.W       @(R0,R6),R5
    00000092 3A5C                   ADD         R5,R10
    00000094              L14:
    00000094 7D01                   ADD         #1,R13
    00000096 E305                   MOV         #5,R3      ; H'00000005
    00000098 3D33                   CMP/GE      R3,R13
    0000009A 8BCC                   BF          L12
    0000009C              L11:
    0000009C 93AC                   MOV.W       L35,R3     ; H'0102
    0000009E 6033                   MOV         R3,R0
    000000A0 81F6                   MOV.W       R0,@(12,R15)
    000000A2 62B1                   MOV.W       @R11,R2
    000000A4 6323                   MOV         R2,R3
    000000A6 6033                   MOV         R3,R0
    000000A8 81F7                   MOV.W       R0,@(14,R15)
    000000AA 85B1                   MOV.W       @(2,R11),R0
    000000AC 6303                   MOV         R0,R3
    000000AE 6033                   MOV         R3,R0
    000000B0 81F8                   MOV.W       R0,@(16,R15)
    000000B2 64F3                   MOV         R15,R4
    000000B4 7412                   ADD         #18,R4
    000000B6 55B1                   MOV.L       @(4,R11),R5
    000000B8 E604                   MOV         #4,R6      ; H'00000004
    000000BA D379                   MOV.L       L36+2,R3   ; _memcpy
    000000BC 430B                   JSR         @R3
    000000BE 0009                   NOP
    000000C0 6EF3                   MOV         R15,R14
    000000C2 7E16                   ADD         #22,R14
    000000C4 ED00                   MOV         #0,R13     ; H'00000000
    000000C6 E305                   MOV         #5,R3      ; H'00000005
    000000C8 3D33                   CMP/GE      R3,R13
    000000CA 893E                   BT          L15
    000000CC              L16:
    000000CC 62D3                   MOV         R13,R2
    000000CE 4208                   SHLL2       R2
    000000D0 66B3                   MOV         R11,R6
    000000D2 7608                   ADD         #8,R6
    000000D4 6023                   MOV         R2,R0
    000000D6 0C6E                   MOV.L       @(R0,R6),R12
    000000D8 62C1                   MOV.W       @R12,R2
    000000DA 2E21                   MOV.W       R2,@R14
    000000DC 7E02                   ADD         #2,R14
    000000DE 66F3                   MOV         R15,R6
    000000E0 7654                   ADD         #84,R6
    000000E2 62D3                   MOV         R13,R2
    000000E4 4200                   SHLL        R2
    000000E6 6023                   MOV         R2,R0
    000000E8 056D                   MOV.W       @(R0,R6),R5
    000000EA 6653                   MOV         R5,R6
    000000EC 666D                   EXTU.W      R6,R6
    000000EE 6263                   MOV         R6,R2
    000000F0 7209                   ADD         #9,R2
    000000F2 D76C                   MOV.L       L36+6,R7   ; H'66666667
    000000F4 372D                   DMULS.L     R2,R7
    000000F6 060A                   STS         MACH,R6
    000000F8 041A                   STS         MACL,R4
    000000FA 460A                   LDS         R6,MACH
    000000FC 020A                   STS         MACH,R2
    000000FE 4221                   SHAR        R2
    00000100 4221                   SHAR        R2
    00000102 6623                   MOV         R2,R6
    00000104 4604                   ROTL        R6
    00000106 E301                   MOV         #1,R3      ; H'00000001
    00000108 2639                   AND         R3,R6
    0000010A 6523                   MOV         R2,R5
    0000010C 356C                   ADD         R6,R5
    0000010E 6253                   MOV         R5,R2
    00000110 2E21                   MOV.W       R2,@R14
    00000112 E205                   MOV         #5,R2      ; H'00000005
    00000114 D564                   MOV.L       L36+10,R5  ; __divlu
    00000116 E60A                   MOV         #10,R6     ; H'0000000A
    00000118 6163                   MOV         R6,R1
    0000011A 6023                   MOV         R2,R0
    0000011C 450B                   JSR         @R5
    0000011E 0009                   NOP
    00000120 6203                   MOV         R0,R2
    00000122 3E2C                   ADD         R2,R14
    00000124 85C1                   MOV.W       @(2,R12),R0
    00000126 6203                   MOV         R0,R2
    00000128 2E21                   MOV.W       R2,@R14
    0000012A 7E02                   ADD         #2,R14
    0000012C 85C2                   MOV.W       @(4,R12),R0
    0000012E 6603                   MOV         R0,R6
    00000130 666D                   EXTU.W      R6,R6
    00000132 6563                   MOV         R6,R5
    00000134 6253                   MOV         R5,R2
    00000136 2E21                   MOV.W       R2,@R14
    00000138 7E02                   ADD         #2,R14
    0000013A 85C3                   MOV.W       @(6,R12),R0
    0000013C 6203                   MOV         R0,R2
    0000013E 2E21                   MOV.W       R2,@R14
    00000140 7E02                   ADD         #2,R14
    00000142 7D01                   ADD         #1,R13
    00000144 E305                   MOV         #5,R3      ; H'00000005
    00000146 3D33                   CMP/GE      R3,R13
    00000148 8BC0                   BF          L16
    0000014A              L15:
    0000014A 6AAD                   EXTU.W      R10,R10
    0000014C 66A3                   MOV         R10,R6
    0000014E 6263                   MOV         R6,R2
    00000150 7209                   ADD         #9,R2
    00000152 D554                   MOV.L       L36+6,R5   ; H'66666667
    00000154 352D                   DMULS.L     R2,R5
    00000156 060A                   STS         MACH,R6
    00000158 041A                   STS         MACL,R4
    0000015A 460A                   LDS         R6,MACH
    0000015C 020A                   STS         MACH,R2
    0000015E 4221                   SHAR        R2
    00000160 4221                   SHAR        R2
    00000162 6623                   MOV         R2,R6
    00000164 4604                   ROTL        R6
    00000166 E301                   MOV         #1,R3      ; H'00000001
    00000168 2639                   AND         R3,R6
    0000016A 6523                   MOV         R2,R5
    0000016C 356C                   ADD         R6,R5
    0000016E 6253                   MOV         R5,R2
    00000170 2E21                   MOV.W       R2,@R14
    00000172 7E02                   ADD         #2,R14
    00000174 64F3                   MOV         R15,R4
    00000176 740C                   ADD         #12,R4
    00000178 B0AE                   BSR         __$chg_ul_bef_write
    0000017A 0009                   NOP
    0000017C E73E                   MOV         #62,R7     ; H'0000003E
    0000017E 66F3                   MOV         R15,R6
    00000180 760C                   ADD         #12,R6
    00000182 E500                   MOV         #0,R5      ; H'00000000
    00000184 6493                   MOV         R9,R4
    00000186 677F                   EXTS.W      R7,R7
    00000188 D348                   MOV.L       L36+14,R3  ; _dad_dpm_write
    0000018A 430B                   JSR         @R3
    0000018C 0009                   NOP
    0000018E 6203                   MOV         R0,R2
    00000190 4211                   CMP/PZ      R2
    00000192 8902                   BT          L18
    00000194 E2FF                   MOV         #-1,R2     ; H'FFFFFFFF
    00000196 A074                   BRA         L19
    00000198 0009                   NOP
    0000019A              L18:
    0000019A E508                   MOV         #8,R5      ; H'00000008
    0000019C 6493                   MOV         R9,R4
    0000019E D344                   MOV.L       L36+18,R3  ; _wai_chg_boot_flg
    000001A0 430B                   JSR         @R3
    000001A2 0009                   NOP
    000001A4 6203                   MOV         R0,R2
    000001A6 6623                   MOV         R2,R6
    000001A8 2668                   TST         R6,R6
    000001AA 8912                   BT          L21
    000001AC 2228                   TST         R2,R2
    000001AE 890D                   BT          L23
    000001B0 D440                   MOV.L       L36+22,R4  ; __iob
    000001B2 7428                   ADD         #40,R4
    000001B4 D240                   MOV.L       L36+26,R2  ; L42
    000001B6 2F22                   MOV.L       R2,@R15
    000001B8 D240                   MOV.L       L36+30,R2  ; L43
    000001BA 1F21                   MOV.L       R2,@(4,R15)
    000001BC 931D                   MOV.W       L35+2,R3   ; H'0090
    000001BE 1F32                   MOV.L       R3,@(8,R15)
    000001C0 D33F                   MOV.L       L36+34,R3  ; _fprintf
    000001C2 430B                   JSR         @R3
    000001C4 0009                   NOP
    000001C6 D33F                   MOV.L       L36+38,R3  ; _abort
    000001C8 430B                   JSR         @R3
    000001CA 0009                   NOP
    000001CC              L23:
    000001CC E2FF                   MOV         #-1,R2     ; H'FFFFFFFF
    000001CE A058                   BRA         L19
    000001D0 0009                   NOP
    000001D2              L21:
    000001D2 E200                   MOV         #0,R2      ; H'00000000
    000001D4 65F3                   MOV         R15,R5
    000001D6 754C                   ADD         #76,R5
    000001D8 E604                   MOV         #4,R6      ; H'00000004
    000001DA 6493                   MOV         R9,R4
    000001DC 672D                   EXTU.W      R2,R7
    000001DE D33A                   MOV.L       L36+42,R3  ; _dad_dpm_read
    000001E0 430B                   JSR         @R3
    000001E2 0009                   NOP
    000001E4 6203                   MOV         R0,R2
    000001E6 4211                   CMP/PZ      R2
    000001E8 8B03                   BF          L25
    000001EA E04E                   MOV         #78,R0     ; H'0000004E
    000001EC 03FD                   MOV.W       @(R0,R15),R3
    000001EE 4311                   CMP/PZ      R3
    000001F0 8904                   BT          L26
    000001F2              L25:
    000001F2 E2FF                   MOV         #-1,R2     ; H'FFFFFFFF
    000001F4 A045                   BRA         L19
    000001F6 0009                   NOP
    000001F8              L35:
    000001F8 0102                   .DATA.W     H'0102
    000001FA 0090                   .DATA.W     H'0090
    000001FC              L26:
    000001FC D433                   MOV.L       L36+46,R4  ; __$fil_time
    000001FE 6293                   MOV         R9,R2
    00000200 6623                   MOV         R2,R6
    00000202 4208                   SHLL2       R2
    00000204 4200                   SHLL        R2
    00000206 4600                   SHLL        R6
    00000208 326C                   ADD         R6,R2
    0000020A 342C                   ADD         R2,R4
    0000020C 65F3                   MOV         R15,R5
    0000020E 7554                   ADD         #84,R5
    00000210 E60A                   MOV         #10,R6     ; H'0000000A
    00000212 D323                   MOV.L       L36+2,R3   ; _memcpy
    00000214 430B                   JSR         @R3
    00000216 0009                   NOP
    00000218 D32D                   MOV.L       L36+50,R3  ; _local_disable
    0000021A 430B                   JSR         @R3
    0000021C 0009                   NOP
    0000021E 6AAD                   EXTU.W      R10,R10
    00000220 65A3                   MOV         R10,R5
    00000222 6253                   MOV         R5,R2
    00000224 7209                   ADD         #9,R2
    00000226 D71F                   MOV.L       L36+6,R7   ; H'66666667
    00000228 372D                   DMULS.L     R2,R7
    0000022A 060A                   STS         MACH,R6
    0000022C 041A                   STS         MACL,R4
    0000022E 460A                   LDS         R6,MACH
    00000230 020A                   STS         MACH,R2
    00000232 4221                   SHAR        R2
    00000234 4221                   SHAR        R2
    00000236 6623                   MOV         R2,R6
    00000238 4604                   ROTL        R6
    0000023A E301                   MOV         #1,R3      ; H'00000001
    0000023C 2639                   AND         R3,R6
    0000023E 6523                   MOV         R2,R5
    00000240 356C                   ADD         R6,R5
    00000242 6253                   MOV         R5,R2
    00000244 6023                   MOV         R2,R0
    00000246 8181                   MOV.W       R0,@(2,R8)
    00000248 6AAD                   EXTU.W      R10,R10
    0000024A 66A3                   MOV         R10,R6
    0000024C 62F3                   MOV         R15,R2
    0000024E 7254                   ADD         #84,R2
    00000250 8523                   MOV.W       @(6,R2),R0
    00000252 6503                   MOV         R0,R5
    00000254 655D                   EXTU.W      R5,R5
    00000256 6263                   MOV         R6,R2
    00000258 3258                   SUB         R5,R2
    0000025A 7209                   ADD         #9,R2
    0000025C 372D                   DMULS.L     R2,R7
    0000025E 060A                   STS         MACH,R6
    00000260 041A                   STS         MACL,R4
    00000262 460A                   LDS         R6,MACH
    00000264 020A                   STS         MACH,R2
    00000266 4221                   SHAR        R2
    00000268 4221                   SHAR        R2
    0000026A 6623                   MOV         R2,R6
    0000026C 4604                   ROTL        R6
    0000026E E301                   MOV         #1,R3      ; H'00000001
    00000270 2639                   AND         R3,R6
    00000272 6523                   MOV         R2,R5
    00000274 356C                   ADD         R6,R5
    00000276 6253                   MOV         R5,R2
    00000278 2821                   MOV.W       R2,@R8
    0000027A D316                   MOV.L       L36+54,R3  ; _local_enable
    0000027C 430B                   JSR         @R3
    0000027E 0009                   NOP
    00000280 E200                   MOV         #0,R2      ; H'00000000
    00000282              L19:
    00000282 6023                   MOV         R2,R0
    00000284 7F78                   ADD         #120,R15
    00000286 4F06                   LDS.L       @R15+,MACH
    00000288 4F16                   LDS.L       @R15+,MACL
    0000028A 4F26                   LDS.L       @R15+,PR
    0000028C 6EF6                   MOV.L       @R15+,R14
    0000028E 6DF6                   MOV.L       @R15+,R13
    00000290 6CF6                   MOV.L       @R15+,R12
    00000292 6BF6                   MOV.L       @R15+,R11
    00000294 6AF6                   MOV.L       @R15+,R10
    00000296 69F6                   MOV.L       @R15+,R9
    00000298 68F6                   MOV.L       @R15+,R8
    0000029A 000B                   RTS
    0000029C 0009                   NOP
    0000029E              L36:
    0000029E 00000002               .RES.W      1
    000002A0 <00000000>             .DATA.L     _memcpy
    000002A4 66666667               .DATA.L     H'66666667
    000002A8 <00000000>             .DATA.L     __divlu
    000002AC <00000000>             .DATA.L     _dad_dpm_write
    000002B0 <00000000>             .DATA.L     _wai_chg_boot_flg
    000002B4 <00000000>             .DATA.L     __iob
    000002B8 <00000000>             .DATA.L     L42
    000002BC <00000000>             .DATA.L     L43
    000002C0 <00000000>             .DATA.L     _fprintf
    000002C4 <00000000>             .DATA.L     _abort
    000002C8 <00000000>             .DATA.L     _dad_dpm_read
    000002CC <00000000>             .DATA.L     __$fil_time
    000002D0 <00000000>             .DATA.L     _local_disable
    000002D4 <00000000>             .DATA.L     _local_enable
    000002D8              __$chg_ul_bef_write:             ; function: __$chg_ul_bef_write
                                                           ; frame size=24
    000002D8 2FB6                   MOV.L       R11,@-R15
    000002DA 2FC6                   MOV.L       R12,@-R15
    000002DC 2FD6                   MOV.L       R13,@-R15
    000002DE 2FE6                   MOV.L       R14,@-R15
    000002E0 7FF8                   ADD         #-8,R15
    000002E2 6241                   MOV.W       @R4,R2
    000002E4 622F                   EXTS.W      R2,R2
    000002E6 9EBD                   MOV.W       L38,R14    ; H'00FF
    000002E8 6623                   MOV         R2,R6
    000002EA 26E9                   AND         R14,R6
    000002EC 4618                   SHLL8       R6
    000002EE 6241                   MOV.W       @R4,R2
    000002F0 622F                   EXTS.W      R2,R2
    000002F2 DDBA                   MOV.L       L39+4,R13  ; H'0000FF00
    000002F4 6523                   MOV         R2,R5
    000002F6 25D9                   AND         R13,R5
    000002F8 655D                   EXTU.W      R5,R5
    000002FA E3F8                   MOV         #-8,R3     ; H'FFFFFFF8
    000002FC 453C                   SHAD        R3,R5
    000002FE 265B                   OR          R5,R6
    00000300 2461                   MOV.W       R6,@R4
    00000302 8541                   MOV.W       @(2,R4),R0
    00000304 6603                   MOV         R0,R6
    00000306 666D                   EXTU.W      R6,R6
    00000308 6563                   MOV         R6,R5
    0000030A 25E9                   AND         R14,R5
    0000030C 4518                   SHLL8       R5
    0000030E 8541                   MOV.W       @(2,R4),R0
    00000310 6203                   MOV         R0,R2
    00000312 622D                   EXTU.W      R2,R2
    00000314 6723                   MOV         R2,R7
    00000316 6253                   MOV         R5,R2
    00000318 27D9                   AND         R13,R7
    0000031A E3F8                   MOV         #-8,R3     ; H'FFFFFFF8
    0000031C 473C                   SHAD        R3,R7
    0000031E 227B                   OR          R7,R2
    00000320 6523                   MOV         R2,R5
    00000322 6053                   MOV         R5,R0
    00000324 8141                   MOV.W       R0,@(2,R4)
    00000326 8542                   MOV.W       @(4,R4),R0
    00000328 6203                   MOV         R0,R2
    0000032A 622F                   EXTS.W      R2,R2
    0000032C 6623                   MOV         R2,R6
    0000032E 26E9                   AND         R14,R6
    00000330 4618                   SHLL8       R6
    00000332 8542                   MOV.W       @(4,R4),R0
    00000334 6203                   MOV         R0,R2
    00000336 622F                   EXTS.W      R2,R2
    00000338 6523                   MOV         R2,R5
    0000033A 25D9                   AND         R13,R5
    0000033C 655D                   EXTU.W      R5,R5
    0000033E E3F8                   MOV         #-8,R3     ; H'FFFFFFF8
    00000340 453C                   SHAD        R3,R5
    00000342 265B                   OR          R5,R6
    00000344 6063                   MOV         R6,R0
    00000346 8142                   MOV.W       R0,@(4,R4)
    00000348 E200                   MOV         #0,R2      ; H'00000000
    0000034A E302                   MOV         #2,R3      ; H'00000002
    0000034C 3233                   CMP/GE      R3,R2
    0000034E 8926                   BT          L28
    00000350              L29:
    00000350 6523                   MOV         R2,R5
    00000352 6653                   MOV         R5,R6
    00000354 4600                   SHLL        R6
    00000356 6743                   MOV         R4,R7
    00000358 7706                   ADD         #6,R7
    0000035A 6063                   MOV         R6,R0
    0000035C 057D                   MOV.W       @(R0,R7),R5
    0000035E 655F                   EXTS.W      R5,R5
    00000360 9380                   MOV.W       L38,R3     ; H'00FF
    00000362 6753                   MOV         R5,R7
    00000364 2739                   AND         R3,R7
    00000366 4718                   SHLL8       R7
    00000368 6523                   MOV         R2,R5
    0000036A 6653                   MOV         R5,R6
    0000036C 4600                   SHLL        R6
    0000036E 6543                   MOV         R4,R5
    00000370 7506                   ADD         #6,R5
    00000372 6063                   MOV         R6,R0
    00000374 0E5D                   MOV.W       @(R0,R5),R14
    00000376 6EEF                   EXTS.W      R14,R14
    00000378 D398                   MOV.L       L39+4,R3   ; H'0000FF00
    0000037A 65E3                   MOV         R14,R5
    0000037C 2539                   AND         R3,R5
    0000037E 655D                   EXTU.W      R5,R5
    00000380 6653                   MOV         R5,R6
    00000382 E3F8                   MOV         #-8,R3     ; H'FFFFFFF8
    00000384 463C                   SHAD        R3,R6
    00000386 276B                   OR          R6,R7
    00000388 6523                   MOV         R2,R5
    0000038A 6653                   MOV         R5,R6
    0000038C 4600                   SHLL        R6
    0000038E 6543                   MOV         R4,R5
    00000390 7506                   ADD         #6,R5
    00000392 6063                   MOV         R6,R0
    00000394 0575                   MOV.W       R7,@(R0,R5)
    00000396 7201                   ADD         #1,R2
    00000398 E302                   MOV         #2,R3      ; H'00000002
    0000039A 3233                   CMP/GE      R3,R2
    0000039C 8BD8                   BF          L29
    0000039E              L28:
    0000039E E200                   MOV         #0,R2      ; H'00000000
    000003A0 E305                   MOV         #5,R3      ; H'00000005
    000003A2 3233                   CMP/GE      R3,R2
    000003A4 8B01                   BF          L40
    000003A6 A0D8                   BRA         L30
    000003A8 0009                   NOP
    000003AA              L40:
    000003AA              L31:
    000003AA 6623                   MOV         R2,R6
    000003AC 6563                   MOV         R6,R5
    000003AE 4608                   SHLL2       R6
    000003B0 4600                   SHLL        R6
    000003B2 4500                   SHLL        R5
    000003B4 365C                   ADD         R5,R6
    000003B6 6743                   MOV         R4,R7
    000003B8 770A                   ADD         #10,R7
    000003BA 6063                   MOV         R6,R0
    000003BC 057D                   MOV.W       @(R0,R7),R5
    000003BE 655D                   EXTU.W      R5,R5
    000003C0 6753                   MOV         R5,R7
    000003C2 9D4F                   MOV.W       L38,R13    ; H'00FF
    000003C4 27D9                   AND         R13,R7
    000003C6 4718                   SHLL8       R7
    000003C8 6623                   MOV         R2,R6
    000003CA 6563                   MOV         R6,R5
    000003CC 4608                   SHLL2       R6
    000003CE 4600                   SHLL        R6
    000003D0 4500                   SHLL        R5
    000003D2 365C                   ADD         R5,R6
    000003D4 6B43                   MOV         R4,R11
    000003D6 7B0A                   ADD         #10,R11
    000003D8 6063                   MOV         R6,R0
    000003DA 05BD                   MOV.W       @(R0,R11),R5
    000003DC 6653                   MOV         R5,R6
    000003DE 666D                   EXTU.W      R6,R6
    000003E0 6573                   MOV         R7,R5
    000003E2 DE7E                   MOV.L       L39+4,R14  ; H'0000FF00
    000003E4 26E9                   AND         R14,R6
    000003E6 ECF8                   MOV         #-8,R12    ; H'FFFFFFF8
    000003E8 46CC                   SHAD        R12,R6
    000003EA 256B                   OR          R6,R5
    000003EC 6623                   MOV         R2,R6
    000003EE 6763                   MOV         R6,R7
    000003F0 4608                   SHLL2       R6
    000003F2 4600                   SHLL        R6
    000003F4 4700                   SHLL        R7
    000003F6 367C                   ADD         R7,R6
    000003F8 6743                   MOV         R4,R7
    000003FA 770A                   ADD         #10,R7
    000003FC 6063                   MOV         R6,R0
    000003FE 0755                   MOV.W       R5,@(R0,R7)
    00000400 6623                   MOV         R2,R6
    00000402 6563                   MOV         R6,R5
    00000404 4608                   SHLL2       R6
    00000406 4600                   SHLL        R6
    00000408 4500                   SHLL        R5
    0000040A 365C                   ADD         R5,R6
    0000040C 6543                   MOV         R4,R5
    0000040E 750C                   ADD         #12,R5
    00000410 6063                   MOV         R6,R0
    00000412 075D                   MOV.W       @(R0,R5),R7
    00000414 677D                   EXTU.W      R7,R7
    00000416 6573                   MOV         R7,R5
    00000418 6753                   MOV         R5,R7
    0000041A 27D9                   AND         R13,R7
    0000041C 4718                   SHLL8       R7
    0000041E 6623                   MOV         R2,R6
    00000420 6563                   MOV         R6,R5
    00000422 4608                   SHLL2       R6
    00000424 4600                   SHLL        R6
    00000426 4500                   SHLL        R5
    00000428 365C                   ADD         R5,R6
    0000042A 6543                   MOV         R4,R5
    0000042C 750C                   ADD         #12,R5
    0000042E 6063                   MOV         R6,R0
    00000430 0B5D                   MOV.W       @(R0,R5),R11
    00000432 66B3                   MOV         R11,R6
    00000434 666D                   EXTU.W      R6,R6
    00000436 6573                   MOV         R7,R5
    00000438 26E9                   AND         R14,R6
    0000043A 46CC                   SHAD        R12,R6
    0000043C 256B                   OR          R6,R5
    0000043E 6623                   MOV         R2,R6
    00000440 6763                   MOV         R6,R7
    00000442 4608                   SHLL2       R6
    00000444 4600                   SHLL        R6
    00000446 4700                   SHLL        R7
    00000448 367C                   ADD         R7,R6
    0000044A 6743                   MOV         R4,R7
    0000044C 770C                   ADD         #12,R7
    0000044E 6063                   MOV         R6,R0
    00000450 0755                   MOV.W       R5,@(R0,R7)
    00000452 6623                   MOV         R2,R6
    00000454 6563                   MOV         R6,R5
    00000456 4608                   SHLL2       R6
    00000458 4600                   SHLL        R6
    0000045A 4500                   SHLL        R5
    0000045C 365C                   ADD         R5,R6
    0000045E 6543                   MOV         R4,R5
    00000460 A001                   BRA         L37
    00000462 0009                   NOP
    00000464              L38:
    00000464 00FF                   .DATA.W     H'00FF
    00000466              L37:
    00000466 750E                   ADD         #14,R5
    00000468 6063                   MOV         R6,R0
    0000046A 075D                   MOV.W       @(R0,R5),R7
    0000046C 677D                   EXTU.W      R7,R7
    0000046E 6573                   MOV         R7,R5
    00000470 6753                   MOV         R5,R7
    00000472 27D9                   AND         R13,R7
    00000474 4718                   SHLL8       R7
    00000476 6623                   MOV         R2,R6
    00000478 6563                   MOV         R6,R5
    0000047A 4608                   SHLL2       R6
    0000047C 4600                   SHLL        R6
    0000047E 4500                   SHLL        R5
    00000480 365C                   ADD         R5,R6
    00000482 6543                   MOV         R4,R5
    00000484 750E                   ADD         #14,R5
    00000486 6063                   MOV         R6,R0
    00000488 0B5D                   MOV.W       @(R0,R5),R11
    0000048A 66B3                   MOV         R11,R6
    0000048C 666D                   EXTU.W      R6,R6
    0000048E 6573                   MOV         R7,R5
    00000490 26E9                   AND         R14,R6
    00000492 46CC                   SHAD        R12,R6
    00000494 256B                   OR          R6,R5
    00000496 6623                   MOV         R2,R6
    00000498 6763                   MOV         R6,R7
    0000049A 4608                   SHLL2       R6
    0000049C 4600                   SHLL        R6
    0000049E 4700                   SHLL        R7
    000004A0 367C                   ADD         R7,R6
    000004A2 6743                   MOV         R4,R7
    000004A4 770E                   ADD         #14,R7
    000004A6 6063                   MOV         R6,R0
    000004A8 0755                   MOV.W       R5,@(R0,R7)
    000004AA 6623                   MOV         R2,R6
    000004AC 6563                   MOV         R6,R5
    000004AE 4608                   SHLL2       R6
    000004B0 4600                   SHLL        R6
    000004B2 4500                   SHLL        R5
    000004B4 365C                   ADD         R5,R6
    000004B6 6543                   MOV         R4,R5
    000004B8 7510                   ADD         #16,R5
    000004BA 6063                   MOV         R6,R0
    000004BC 075D                   MOV.W       @(R0,R5),R7
    000004BE 677D                   EXTU.W      R7,R7
    000004C0 6573                   MOV         R7,R5
    000004C2 6753                   MOV         R5,R7
    000004C4 27D9                   AND         R13,R7
    000004C6 4718                   SHLL8       R7
    000004C8 6623                   MOV         R2,R6
    000004CA 6563                   MOV         R6,R5
    000004CC 4608                   SHLL2       R6
    000004CE 4600                   SHLL        R6
    000004D0 4500                   SHLL        R5
    000004D2 365C                   ADD         R5,R6
    000004D4 6B43                   MOV         R4,R11
    000004D6 7B10                   ADD         #16,R11
    000004D8 6063                   MOV         R6,R0
    000004DA 05BD                   MOV.W       @(R0,R11),R5
    000004DC 6653                   MOV         R5,R6
    000004DE 666D                   EXTU.W      R6,R6
    000004E0 6573                   MOV         R7,R5
    000004E2 26E9                   AND         R14,R6
    000004E4 46CC                   SHAD        R12,R6
    000004E6 256B                   OR          R6,R5
    000004E8 6623                   MOV         R2,R6
    000004EA 6763                   MOV         R6,R7
    000004EC 4608                   SHLL2       R6
    000004EE 4600                   SHLL        R6
    000004F0 4700                   SHLL        R7
    000004F2 367C                   ADD         R7,R6
    000004F4 6743                   MOV         R4,R7
    000004F6 7710                   ADD         #16,R7
    000004F8 6063                   MOV         R6,R0
    000004FA 0755                   MOV.W       R5,@(R0,R7)
    000004FC 6623                   MOV         R2,R6
    000004FE 6563                   MOV         R6,R5
    00000500 4608                   SHLL2       R6
    00000502 4600                   SHLL        R6
    00000504 4500                   SHLL        R5
    00000506 365C                   ADD         R5,R6
    00000508 6543                   MOV         R4,R5
    0000050A 7512                   ADD         #18,R5
    0000050C 6063                   MOV         R6,R0
    0000050E 075D                   MOV.W       @(R0,R5),R7
    00000510 6573                   MOV         R7,R5
    00000512 655D                   EXTU.W      R5,R5
    00000514 6753                   MOV         R5,R7
    00000516 27D9                   AND         R13,R7
    00000518 4718                   SHLL8       R7
    0000051A 6623                   MOV         R2,R6
    0000051C 6563                   MOV         R6,R5
    0000051E 4608                   SHLL2       R6
    00000520 4600                   SHLL        R6
    00000522 4500                   SHLL        R5
    00000524 365C                   ADD         R5,R6
    00000526 6543                   MOV         R4,R5
    00000528 7512                   ADD         #18,R5
    0000052A 6063                   MOV         R6,R0
    0000052C 0B5D                   MOV.W       @(R0,R5),R11
    0000052E 66B3                   MOV         R11,R6
    00000530 666D                   EXTU.W      R6,R6
    00000532 6573                   MOV         R7,R5
    00000534 26E9                   AND         R14,R6
    00000536 46CC                   SHAD        R12,R6
    00000538 256B                   OR          R6,R5
    0000053A 6623                   MOV         R2,R6
    0000053C 6763                   MOV         R6,R7
    0000053E 4608                   SHLL2       R6
    00000540 4600                   SHLL        R6
    00000542 4700                   SHLL        R7
    00000544 367C                   ADD         R7,R6
    00000546 6743                   MOV         R4,R7
    00000548 7712                   ADD         #18,R7
    0000054A 6063                   MOV         R6,R0
    0000054C 0755                   MOV.W       R5,@(R0,R7)
    0000054E 7201                   ADD         #1,R2
    00000550 E305                   MOV         #5,R3      ; H'00000005
    00000552 3233                   CMP/GE      R3,R2
    00000554 8901                   BT          L41
    00000556 AF28                   BRA         L31
    00000558 0009                   NOP
    0000055A              L41:
    0000055A              L30:
    0000055A E03C                   MOV         #60,R0     ; H'0000003C
    0000055C 054D                   MOV.W       @(R0,R4),R5
    0000055E 655D                   EXTU.W      R5,R5
    00000560 6753                   MOV         R5,R7
    00000562 9339                   MOV.W       L39,R3     ; H'00FF
    00000564 2739                   AND         R3,R7
    00000566 4718                   SHLL8       R7
    00000568 E03C                   MOV         #60,R0     ; H'0000003C
    0000056A 064D                   MOV.W       @(R0,R4),R6
    0000056C 666D                   EXTU.W      R6,R6
    0000056E 6573                   MOV         R7,R5
    00000570 D31A                   MOV.L       L39+4,R3   ; H'0000FF00
    00000572 2639                   AND         R3,R6
    00000574 E3F8                   MOV         #-8,R3     ; H'FFFFFFF8
    00000576 463C                   SHAD        R3,R6
    00000578 256B                   OR          R6,R5
    0000057A E03C                   MOV         #60,R0     ; H'0000003C
    0000057C 0455                   MOV.W       R5,@(R0,R4)
    0000057E 7F08                   ADD         #8,R15
    00000580 6EF6                   MOV.L       @R15+,R14
    00000582 6DF6                   MOV.L       @R15+,R13
    00000584 6CF6                   MOV.L       @R15+,R12
    00000586 6BF6                   MOV.L       @R15+,R11
    00000588 000B                   RTS
    0000058A 0009                   NOP
    0000058C              __$chg_ul_aft_read:              ; function: __$chg_ul_aft_read
                                                           ; frame size=0
    0000058C 6641                   MOV.W       @R4,R6
    0000058E 666F                   EXTS.W      R6,R6
    00000590 9722                   MOV.W       L39,R7     ; H'00FF
    00000592 6263                   MOV         R6,R2
    00000594 2279                   AND         R7,R2
    00000596 4218                   SHLL8       R2
    00000598 6641                   MOV.W       @R4,R6
    0000059A 666F                   EXTS.W      R6,R6
    0000059C D30F                   MOV.L       L39+4,R3   ; H'0000FF00
    0000059E 6563                   MOV         R6,R5
    000005A0 2539                   AND         R3,R5
    000005A2 655D                   EXTU.W      R5,R5
    000005A4 6653                   MOV         R5,R6
    000005A6 E3F8                   MOV         #-8,R3     ; H'FFFFFFF8
    000005A8 463C                   SHAD        R3,R6
    000005AA 226B                   OR          R6,R2
    000005AC 2421                   MOV.W       R2,@R4
    000005AE 8541                   MOV.W       @(2,R4),R0
    000005B0 6603                   MOV         R0,R6
    000005B2 666F                   EXTS.W      R6,R6
    000005B4 6263                   MOV         R6,R2
    000005B6 2279                   AND         R7,R2
    000005B8 4218                   SHLL8       R2
    000005BA 8541                   MOV.W       @(2,R4),R0
    000005BC 6603                   MOV         R0,R6
    000005BE D307                   MOV.L       L39+4,R3   ; H'0000FF00
    000005C0 666F                   EXTS.W      R6,R6
    000005C2 6563                   MOV         R6,R5
    000005C4 2539                   AND         R3,R5
    000005C6 655D                   EXTU.W      R5,R5
    000005C8 6653                   MOV         R5,R6
    000005CA E3F8                   MOV         #-8,R3     ; H'FFFFFFF8
    000005CC 463C                   SHAD        R3,R6
    000005CE 226B                   OR          R6,R2
    000005D0 6023                   MOV         R2,R0
    000005D2 8141                   MOV.W       R0,@(2,R4)
    000005D4 000B                   RTS
    000005D6 0009                   NOP
    000005D8              L39:
    000005D8 00FF                   .DATA.W     H'00FF
    000005DA 00000002               .RES.W      1
    000005DC 0000FF00               .DATA.L     H'0000FF00
C   00000000              L42:
    00000000 4153534552             .SDATA      "ASSERTION FAILED: !err FILE %s,LINE %d "
             54494F4E20   
             4641494C45   
             443A202165   
             7272204649   
             4C45202573   
             2C4C494E45   
             20256420     
    00000027 0A00                   .DATA.B     H'0A,H'00
    00000029 00                     .DATAB.B    3,0
    0000002C              L43:
    0000002C 646164626F             .SDATA      "dadbot3.c"
             74332E63     
    00000035 00                     .DATA.B     H'00
B   00000000              __$fil_time:                     ; static: __$fil_time
    00000000 00000002               .RES.W      10
SH SERIES C/C++ Compiler (Ver. checker(2003.03.17))                                              11-May-2005 16:19:44  PAGE    1


******** STATISTICS INFORMATION ********


********** ERROR INFORMATION ***********

NUMBER OF ERRORS:           0
NUMBER OF WARNINGS:         0
NUMBER OF INFORMATIONS:     1



******* SOURCE LINE INFORMATION ********

COMPILED SOURCE LINE:      188



******* SECTION SIZE INFORMATION *******

PROGRAM  SECTION (P):                               000005E0 Byte(s)
CONSTANT SECTION (C):                               00000036 Byte(s)
DATA     SECTION (D):                               00000000 Byte(s)
BSS      SECTION (B):                               00000014 Byte(s)

TOTAL PROGRAM  SECTION: 000005E0 Byte(s)
TOTAL CONSTANT SECTION: 00000036 Byte(s)
TOTAL DATA     SECTION: 00000000 Byte(s)
TOTAL BSS      SECTION: 00000014 Byte(s)

    TOTAL PROGRAM SIZE: 0000062A Byte(s)



********** LABEL INFORMATION ***********

NUMBER OF EXTERNAL REFERENCE SYMBOLS:           10
NUMBER OF EXTERNAL DEFINITION SYMBOLS:           1
NUMBER OF INTERNAL/EXTERNAL SYMBOLS:            35
*** COMMAND PARAMETER ***


  -cpu=sh3 -op=0 -en=big -me -debug -comment=nest -l -def=DEBUG,MAS_P5561,MAS_BIG_ENDIAN -i=P:\PRESTO2\SHINC,C:\usr\local\SH\7_1_1\include,P:\PRESTO2\NORTI_12\inc dadbot3.c 

