SH SERIES C/C++ Compiler (Ver. checker(2003.03.17))                                              11-May-2005 16:19:29  PAGE    1

************ OBJECT LISTING ************

FILE NAME: dadbot1.c

SCT OFFSET   CODE       C LABEL     INSTRUCTION OPERAND    COMMENT

P   00000000              _dad_cboot0:                     ; function: dad_cboot0
                                                           ; frame size=72
    00000000 2FE6                   MOV.L       R14,@-R15
    00000002 4F22                   STS.L       PR,@-R15
    00000004 7FC0                   ADD         #-64,R15
    00000006 6E43                   MOV         R4,R14
    00000008 E300                   MOV         #0,R3      ; H'00000000
    0000000A E034                   MOV         #52,R0     ; H'00000034
    0000000C 0F35                   MOV.W       R3,@(R0,R15)
    0000000E E300                   MOV         #0,R3      ; H'00000000
    00000010 E036                   MOV         #54,R0     ; H'00000036
    00000012 0F35                   MOV.W       R3,@(R0,R15)
    00000014 E300                   MOV         #0,R3      ; H'00000000
    00000016 1F3E                   MOV.L       R3,@(56,R15)
    00000018 E200                   MOV         #0,R2      ; H'00000000
    0000001A E303                   MOV         #3,R3      ; H'00000003
    0000001C 6033                   MOV         R3,R0
    0000001E 81F6                   MOV.W       R0,@(12,R15)
    00000020 6351                   MOV.W       @R5,R3
    00000022 6033                   MOV         R3,R0
    00000024 81F7                   MOV.W       R0,@(14,R15)
    00000026 8551                   MOV.W       @(2,R5),R0
    00000028 6303                   MOV         R0,R3
    0000002A 6033                   MOV         R3,R0
    0000002C 81F8                   MOV.W       R0,@(16,R15)
    0000002E 8552                   MOV.W       @(4,R5),R0
    00000030 6303                   MOV         R0,R3
    00000032 6033                   MOV         R3,R0
    00000034 81F9                   MOV.W       R0,@(18,R15)
    00000036 8553                   MOV.W       @(6,R5),R0
    00000038 6203                   MOV         R0,R2
    0000003A 6323                   MOV         R2,R3
    0000003C 6033                   MOV         R3,R0
    0000003E 81FA                   MOV.W       R0,@(20,R15)
    00000040 8554                   MOV.W       @(8,R5),R0
    00000042 6203                   MOV         R0,R2
    00000044 6323                   MOV         R2,R3
    00000046 6033                   MOV         R3,R0
    00000048 81FB                   MOV.W       R0,@(22,R15)
    0000004A 8555                   MOV.W       @(10,R5),R0
    0000004C 6203                   MOV         R0,R2
    0000004E 6323                   MOV         R2,R3
    00000050 6033                   MOV         R3,R0
    00000052 81FC                   MOV.W       R0,@(24,R15)
    00000054 8556                   MOV.W       @(12,R5),R0
    00000056 6203                   MOV         R0,R2
    00000058 6323                   MOV         R2,R3
    0000005A 6033                   MOV         R3,R0
    0000005C 81FD                   MOV.W       R0,@(26,R15)
    0000005E 8557                   MOV.W       @(14,R5),R0
    00000060 6203                   MOV         R0,R2
    00000062 6323                   MOV         R2,R3
    00000064 6033                   MOV         R3,R0
    00000066 81FE                   MOV.W       R0,@(28,R15)
    00000068 8558                   MOV.W       @(16,R5),R0
    0000006A 6203                   MOV         R0,R2
    0000006C 6323                   MOV         R2,R3
    0000006E 6033                   MOV         R3,R0
    00000070 81FF                   MOV.W       R0,@(30,R15)
    00000072 64F3                   MOV         R15,R4
    00000074 7420                   ADD         #32,R4
    00000076 5255                   MOV.L       @(20,R5),R2
    00000078 E612                   MOV         #18,R6     ; H'00000012
    0000007A 6523                   MOV         R2,R5
    0000007C D3A7                   MOV.L       L27+4,R3   ; _memcpy
    0000007E 430B                   JSR         @R3
    00000080 0009                   NOP
    00000082 64F3                   MOV         R15,R4
    00000084 740C                   ADD         #12,R4
    00000086 B049                   BSR         __$chg_ul_bef_write
    00000088 0009                   NOP
    0000008A E726                   MOV         #38,R7     ; H'00000026
    0000008C 65F3                   MOV         R15,R5
    0000008E 7538                   ADD         #56,R5
    00000090 66F3                   MOV         R15,R6
    00000092 760C                   ADD         #12,R6
    00000094 64E3                   MOV         R14,R4
    00000096 677F                   EXTS.W      R7,R7
    00000098 D3A1                   MOV.L       L27+8,R3   ; _dad_dpm_write
    0000009A 430B                   JSR         @R3
    0000009C 0009                   NOP
    0000009E 6203                   MOV         R0,R2
    000000A0 4211                   CMP/PZ      R2
    000000A2 8902                   BT          L12
    000000A4 E2FF                   MOV         #-1,R2     ; H'FFFFFFFF
    000000A6 A033                   BRA         L13
    000000A8 0009                   NOP
    000000AA              L12:
    000000AA E504                   MOV         #4,R5      ; H'00000004
    000000AC 64E3                   MOV         R14,R4
    000000AE D39D                   MOV.L       L27+12,R3  ; _wai_chg_boot_flg
    000000B0 430B                   JSR         @R3
    000000B2 0009                   NOP
    000000B4 6303                   MOV         R0,R3
    000000B6 1F3E                   MOV.L       R3,@(56,R15)
    000000B8 6233                   MOV         R3,R2
    000000BA 2228                   TST         R2,R2
    000000BC 8914                   BT          L15
    000000BE 53FE                   MOV.L       @(56,R15),R3
    000000C0 51FE                   MOV.L       @(56,R15),R1
    000000C2 2138                   TST         R3,R1
    000000C4 890D                   BT          L17
    000000C6 D498                   MOV.L       L27+16,R4  ; __iob
    000000C8 7428                   ADD         #40,R4
    000000CA D298                   MOV.L       L27+20,R2  ; L28
    000000CC 2F22                   MOV.L       R2,@R15
    000000CE D298                   MOV.L       L27+24,R2  ; L29
    000000D0 1F21                   MOV.L       R2,@(4,R15)
    000000D2 E368                   MOV         #104,R3    ; H'00000068
    000000D4 1F32                   MOV.L       R3,@(8,R15)
    000000D6 D397                   MOV.L       L27+28,R3  ; _fprintf
    000000D8 430B                   JSR         @R3
    000000DA 0009                   NOP
    000000DC D396                   MOV.L       L27+32,R3  ; _abort
    000000DE 430B                   JSR         @R3
    000000E0 0009                   NOP
    000000E2              L17:
    000000E2 E2FF                   MOV         #-1,R2     ; H'FFFFFFFF
    000000E4 A014                   BRA         L13
    000000E6 0009                   NOP
    000000E8              L15:
    000000E8 E700                   MOV         #0,R7      ; H'00000000
    000000EA 65F3                   MOV         R15,R5
    000000EC 7534                   ADD         #52,R5
    000000EE E604                   MOV         #4,R6      ; H'00000004
    000000F0 64E3                   MOV         R14,R4
    000000F2 677D                   EXTU.W      R7,R7
    000000F4 D391                   MOV.L       L27+36,R3  ; _dad_dpm_read
    000000F6 430B                   JSR         @R3
    000000F8 0009                   NOP
    000000FA 6203                   MOV         R0,R2
    000000FC 4211                   CMP/PZ      R2
    000000FE 8B03                   BF          L19
    00000100 E036                   MOV         #54,R0     ; H'00000036
    00000102 03FD                   MOV.W       @(R0,R15),R3
    00000104 4311                   CMP/PZ      R3
    00000106 8902                   BT          L20
    00000108              L19:
    00000108 E2FF                   MOV         #-1,R2     ; H'FFFFFFFF
    0000010A A001                   BRA         L13
    0000010C 0009                   NOP
    0000010E              L20:
    0000010E E200                   MOV         #0,R2      ; H'00000000
    00000110              L13:
    00000110 6023                   MOV         R2,R0
    00000112 7F40                   ADD         #64,R15
    00000114 4F26                   LDS.L       @R15+,PR
    00000116 6EF6                   MOV.L       @R15+,R14
    00000118 000B                   RTS
    0000011A 0009                   NOP
    0000011C              __$chg_ul_bef_write:             ; function: __$chg_ul_bef_write
                                                           ; frame size=16
    0000011C 2FD6                   MOV.L       R13,@-R15
    0000011E 2FE6                   MOV.L       R14,@-R15
    00000120 7FF8                   ADD         #-8,R15
    00000122 6541                   MOV.W       @R4,R5
    00000124 655F                   EXTS.W      R5,R5
    00000126 92D0                   MOV.W       L26,R2     ; H'00FF
    00000128 6653                   MOV         R5,R6
    0000012A 2629                   AND         R2,R6
    0000012C 4618                   SHLL8       R6
    0000012E 6741                   MOV.W       @R4,R7
    00000130 677F                   EXTS.W      R7,R7
    00000132 DE83                   MOV.L       L27+40,R14 ; H'0000FF00
    00000134 6573                   MOV         R7,R5
    00000136 25E9                   AND         R14,R5
    00000138 655D                   EXTU.W      R5,R5
    0000013A 6753                   MOV         R5,R7
    0000013C EDF8                   MOV         #-8,R13    ; H'FFFFFFF8
    0000013E 47DC                   SHAD        R13,R7
    00000140 267B                   OR          R7,R6
    00000142 2461                   MOV.W       R6,@R4
    00000144 8541                   MOV.W       @(2,R4),R0
    00000146 6503                   MOV         R0,R5
    00000148 655F                   EXTS.W      R5,R5
    0000014A 6653                   MOV         R5,R6
    0000014C 2629                   AND         R2,R6
    0000014E 4618                   SHLL8       R6
    00000150 8541                   MOV.W       @(2,R4),R0
    00000152 6503                   MOV         R0,R5
    00000154 655F                   EXTS.W      R5,R5
    00000156 6753                   MOV         R5,R7
    00000158 27E9                   AND         R14,R7
    0000015A 6573                   MOV         R7,R5
    0000015C 655D                   EXTU.W      R5,R5
    0000015E 6753                   MOV         R5,R7
    00000160 47DC                   SHAD        R13,R7
    00000162 267B                   OR          R7,R6
    00000164 6063                   MOV         R6,R0
    00000166 8141                   MOV.W       R0,@(2,R4)
    00000168 8542                   MOV.W       @(4,R4),R0
    0000016A 6503                   MOV         R0,R5
    0000016C 655F                   EXTS.W      R5,R5
    0000016E 6653                   MOV         R5,R6
    00000170 2629                   AND         R2,R6
    00000172 4618                   SHLL8       R6
    00000174 8542                   MOV.W       @(4,R4),R0
    00000176 6703                   MOV         R0,R7
    00000178 677F                   EXTS.W      R7,R7
    0000017A 6573                   MOV         R7,R5
    0000017C 25E9                   AND         R14,R5
    0000017E 655D                   EXTU.W      R5,R5
    00000180 6753                   MOV         R5,R7
    00000182 47DC                   SHAD        R13,R7
    00000184 267B                   OR          R7,R6
    00000186 6063                   MOV         R6,R0
    00000188 8142                   MOV.W       R0,@(4,R4)
    0000018A 8543                   MOV.W       @(6,R4),R0
    0000018C 6503                   MOV         R0,R5
    0000018E 655F                   EXTS.W      R5,R5
    00000190 6653                   MOV         R5,R6
    00000192 2629                   AND         R2,R6
    00000194 4618                   SHLL8       R6
    00000196 8543                   MOV.W       @(6,R4),R0
    00000198 6703                   MOV         R0,R7
    0000019A 677F                   EXTS.W      R7,R7
    0000019C 6573                   MOV         R7,R5
    0000019E 25E9                   AND         R14,R5
    000001A0 655D                   EXTU.W      R5,R5
    000001A2 6753                   MOV         R5,R7
    000001A4 47DC                   SHAD        R13,R7
    000001A6 267B                   OR          R7,R6
    000001A8 6063                   MOV         R6,R0
    000001AA 8143                   MOV.W       R0,@(6,R4)
    000001AC 8544                   MOV.W       @(8,R4),R0
    000001AE 6603                   MOV         R0,R6
    000001B0 666D                   EXTU.W      R6,R6
    000001B2 6763                   MOV         R6,R7
    000001B4 2729                   AND         R2,R7
    000001B6 4718                   SHLL8       R7
    000001B8 8544                   MOV.W       @(8,R4),R0
    000001BA 6503                   MOV         R0,R5
    000001BC 655D                   EXTU.W      R5,R5
    000001BE 6653                   MOV         R5,R6
    000001C0 6573                   MOV         R7,R5
    000001C2 26E9                   AND         R14,R6
    000001C4 46DC                   SHAD        R13,R6
    000001C6 256B                   OR          R6,R5
    000001C8 6053                   MOV         R5,R0
    000001CA 8144                   MOV.W       R0,@(8,R4)
    000001CC 8545                   MOV.W       @(10,R4),R0
    000001CE 6503                   MOV         R0,R5
    000001D0 655D                   EXTU.W      R5,R5
    000001D2 6653                   MOV         R5,R6
    000001D4 6763                   MOV         R6,R7
    000001D6 2729                   AND         R2,R7
    000001D8 4718                   SHLL8       R7
    000001DA 8545                   MOV.W       @(10,R4),R0
    000001DC 6603                   MOV         R0,R6
    000001DE 666D                   EXTU.W      R6,R6
    000001E0 6573                   MOV         R7,R5
    000001E2 26E9                   AND         R14,R6
    000001E4 46DC                   SHAD        R13,R6
    000001E6 256B                   OR          R6,R5
    000001E8 6053                   MOV         R5,R0
    000001EA 8145                   MOV.W       R0,@(10,R4)
    000001EC 8546                   MOV.W       @(12,R4),R0
    000001EE 6503                   MOV         R0,R5
    000001F0 655D                   EXTU.W      R5,R5
    000001F2 6653                   MOV         R5,R6
    000001F4 6763                   MOV         R6,R7
    000001F6 2729                   AND         R2,R7
    000001F8 4718                   SHLL8       R7
    000001FA 8546                   MOV.W       @(12,R4),R0
    000001FC 6603                   MOV         R0,R6
    000001FE 666D                   EXTU.W      R6,R6
    00000200 6573                   MOV         R7,R5
    00000202 26E9                   AND         R14,R6
    00000204 46DC                   SHAD        R13,R6
    00000206 256B                   OR          R6,R5
    00000208 6053                   MOV         R5,R0
    0000020A 8146                   MOV.W       R0,@(12,R4)
    0000020C 8547                   MOV.W       @(14,R4),R0
    0000020E 6503                   MOV         R0,R5
    00000210 655D                   EXTU.W      R5,R5
    00000212 6653                   MOV         R5,R6
    00000214 6763                   MOV         R6,R7
    00000216 2729                   AND         R2,R7
    00000218 4718                   SHLL8       R7
    0000021A 8547                   MOV.W       @(14,R4),R0
    0000021C 6503                   MOV         R0,R5
    0000021E 655D                   EXTU.W      R5,R5
    00000220 6653                   MOV         R5,R6
    00000222 6573                   MOV         R7,R5
    00000224 26E9                   AND         R14,R6
    00000226 46DC                   SHAD        R13,R6
    00000228 256B                   OR          R6,R5
    0000022A 6053                   MOV         R5,R0
    0000022C 8147                   MOV.W       R0,@(14,R4)
    0000022E 8548                   MOV.W       @(16,R4),R0
    00000230 6503                   MOV         R0,R5
    00000232 655D                   EXTU.W      R5,R5
    00000234 6653                   MOV         R5,R6
    00000236 6763                   MOV         R6,R7
    00000238 2729                   AND         R2,R7
    0000023A 4718                   SHLL8       R7
    0000023C 8548                   MOV.W       @(16,R4),R0
    0000023E 6503                   MOV         R0,R5
    00000240 655D                   EXTU.W      R5,R5
    00000242 6653                   MOV         R5,R6
    00000244 6573                   MOV         R7,R5
    00000246 26E9                   AND         R14,R6
    00000248 46DC                   SHAD        R13,R6
    0000024A 256B                   OR          R6,R5
    0000024C 6053                   MOV         R5,R0
    0000024E 8148                   MOV.W       R0,@(16,R4)
    00000250 8549                   MOV.W       @(18,R4),R0
    00000252 6603                   MOV         R0,R6
    00000254 666D                   EXTU.W      R6,R6
    00000256 6763                   MOV         R6,R7
    00000258 2729                   AND         R2,R7
    0000025A 4718                   SHLL8       R7
    0000025C 8549                   MOV.W       @(18,R4),R0
    0000025E 6203                   MOV         R0,R2
    00000260 622D                   EXTU.W      R2,R2
    00000262 6623                   MOV         R2,R6
    00000264 6573                   MOV         R7,R5
    00000266 26E9                   AND         R14,R6
    00000268 46DC                   SHAD        R13,R6
    0000026A 256B                   OR          R6,R5
    0000026C 6053                   MOV         R5,R0
    0000026E 8149                   MOV.W       R0,@(18,R4)
    00000270 E200                   MOV         #0,R2      ; H'00000000
    00000272 E309                   MOV         #9,R3      ; H'00000009
    00000274 3233                   CMP/GE      R3,R2
    00000276 8923                   BT          L22
    00000278              L23:
    00000278 6623                   MOV         R2,R6
    0000027A 4600                   SHLL        R6
    0000027C 6543                   MOV         R4,R5
    0000027E 7514                   ADD         #20,R5
    00000280 6063                   MOV         R6,R0
    00000282 075D                   MOV.W       @(R0,R5),R7
    00000284 677F                   EXTS.W      R7,R7
    00000286 9320                   MOV.W       L26,R3     ; H'00FF
    00000288 6673                   MOV         R7,R6
    0000028A 2639                   AND         R3,R6
    0000028C 4618                   SHLL8       R6
    0000028E 6523                   MOV         R2,R5
    00000290 4500                   SHLL        R5
    00000292 6743                   MOV         R4,R7
    00000294 7714                   ADD         #20,R7
    00000296 6053                   MOV         R5,R0
    00000298 0E7D                   MOV.W       @(R0,R7),R14
    0000029A 6EEF                   EXTS.W      R14,R14
    0000029C D328                   MOV.L       L27+40,R3  ; H'0000FF00
    0000029E 65E3                   MOV         R14,R5
    000002A0 2539                   AND         R3,R5
    000002A2 655D                   EXTU.W      R5,R5
    000002A4 6753                   MOV         R5,R7
    000002A6 E3F8                   MOV         #-8,R3     ; H'FFFFFFF8
    000002A8 473C                   SHAD        R3,R7
    000002AA 267B                   OR          R7,R6
    000002AC 6523                   MOV         R2,R5
    000002AE 4500                   SHLL        R5
    000002B0 6743                   MOV         R4,R7
    000002B2 7714                   ADD         #20,R7
    000002B4 6053                   MOV         R5,R0
    000002B6 0765                   MOV.W       R6,@(R0,R7)
    000002B8 7201                   ADD         #1,R2
    000002BA E309                   MOV         #9,R3      ; H'00000009
    000002BC 3233                   CMP/GE      R3,R2
    000002BE 8BDB                   BF          L23
    000002C0              L22:
    000002C0 7F08                   ADD         #8,R15
    000002C2 6EF6                   MOV.L       @R15+,R14
    000002C4 6DF6                   MOV.L       @R15+,R13
    000002C6 000B                   RTS
    000002C8 0009                   NOP
    000002CA              L26:
    000002CA 00FF                   .DATA.W     H'00FF
    000002CC              __$chg_ul_aft_read:              ; function: __$chg_ul_aft_read
                                                           ; frame size=0
    000002CC 6641                   MOV.W       @R4,R6
    000002CE 666F                   EXTS.W      R6,R6
    000002D0 9722                   MOV.W       L27,R7     ; H'00FF
    000002D2 6263                   MOV         R6,R2
    000002D4 2279                   AND         R7,R2
    000002D6 4218                   SHLL8       R2
    000002D8 6641                   MOV.W       @R4,R6
    000002DA 666F                   EXTS.W      R6,R6
    000002DC D318                   MOV.L       L27+40,R3  ; H'0000FF00
    000002DE 6563                   MOV         R6,R5
    000002E0 2539                   AND         R3,R5
    000002E2 655D                   EXTU.W      R5,R5
    000002E4 6653                   MOV         R5,R6
    000002E6 E3F8                   MOV         #-8,R3     ; H'FFFFFFF8
    000002E8 463C                   SHAD        R3,R6
    000002EA 226B                   OR          R6,R2
    000002EC 2421                   MOV.W       R2,@R4
    000002EE 8541                   MOV.W       @(2,R4),R0
    000002F0 6603                   MOV         R0,R6
    000002F2 666F                   EXTS.W      R6,R6
    000002F4 6263                   MOV         R6,R2
    000002F6 2279                   AND         R7,R2
    000002F8 4218                   SHLL8       R2
    000002FA 8541                   MOV.W       @(2,R4),R0
    000002FC 6603                   MOV         R0,R6
    000002FE D310                   MOV.L       L27+40,R3  ; H'0000FF00
    00000300 666F                   EXTS.W      R6,R6
    00000302 6563                   MOV         R6,R5
    00000304 2539                   AND         R3,R5
    00000306 655D                   EXTU.W      R5,R5
    00000308 6653                   MOV         R5,R6
    0000030A E3F8                   MOV         #-8,R3     ; H'FFFFFFF8
    0000030C 463C                   SHAD        R3,R6
    0000030E 226B                   OR          R6,R2
    00000310 6023                   MOV         R2,R0
    00000312 8141                   MOV.W       R0,@(2,R4)
    00000314 000B                   RTS
    00000316 0009                   NOP
    00000318              L27:
    00000318 00FF                   .DATA.W     H'00FF
    0000031A 00000002               .RES.W      1
    0000031C <00000000>             .DATA.L     _memcpy
    00000320 <00000000>             .DATA.L     _dad_dpm_write
    00000324 <00000000>             .DATA.L     _wai_chg_boot_flg
    00000328 <00000000>             .DATA.L     __iob
    0000032C <00000000>             .DATA.L     L28
    00000330 <00000000>             .DATA.L     L29
    00000334 <00000000>             .DATA.L     _fprintf
    00000338 <00000000>             .DATA.L     _abort
    0000033C <00000000>             .DATA.L     _dad_dpm_read
    00000340 0000FF00               .DATA.L     H'0000FF00
C   00000000              L28:
    00000000 4153534552             .SDATA      "ASSERTION FAILED: !err FILE %s,LINE %d "
             54494F4E20   
             4641494C45   
             443A202165   
             7272204649   
             4C45202573   
             2C4C494E45   
             20256420     
    00000027 0A00                   .DATA.B     H'0A,H'00
    00000029 00                     .DATAB.B    3,0
    0000002C              L29:
    0000002C 646164626F             .SDATA      "dadbot1.c"
             74312E63     
    00000035 00                     .DATA.B     H'00
SH SERIES C/C++ Compiler (Ver. checker(2003.03.17))                                              11-May-2005 16:19:29  PAGE    1


******** STATISTICS INFORMATION ********


********** ERROR INFORMATION ***********

NUMBER OF ERRORS:           0
NUMBER OF WARNINGS:         0
NUMBER OF INFORMATIONS:     1



******* SOURCE LINE INFORMATION ********

COMPILED SOURCE LINE:      139



******* SECTION SIZE INFORMATION *******

PROGRAM  SECTION (P):                               00000344 Byte(s)
CONSTANT SECTION (C):                               00000036 Byte(s)
DATA     SECTION (D):                               00000000 Byte(s)
BSS      SECTION (B):                               00000000 Byte(s)

TOTAL PROGRAM  SECTION: 00000344 Byte(s)
TOTAL CONSTANT SECTION: 00000036 Byte(s)
TOTAL DATA     SECTION: 00000000 Byte(s)
TOTAL BSS      SECTION: 00000000 Byte(s)

    TOTAL PROGRAM SIZE: 0000037A Byte(s)



********** LABEL INFORMATION ***********

NUMBER OF EXTERNAL REFERENCE SYMBOLS:            7
NUMBER OF EXTERNAL DEFINITION SYMBOLS:           1
NUMBER OF INTERNAL/EXTERNAL SYMBOLS:            20
*** COMMAND PARAMETER ***


  -cpu=sh3 -op=0 -en=big -me -debug -comment=nest -l -def=DEBUG,MAS_P5561,MAS_BIG_ENDIAN -i=P:\PRESTO2\SHINC,C:\usr\local\SH\7_1_1\include,P:\PRESTO2\NORTI_12\inc dadbot1.c 

