SH SERIES C/C++ Compiler (Ver. checker(2003.03.17))                                              11-May-2005 16:19:27  PAGE    1

************ OBJECT LISTING ************

FILE NAME: dadbot0.c

SCT OFFSET   CODE       C LABEL     INSTRUCTION OPERAND    COMMENT

P   00000000              _dad_iboot0:                     ; function: dad_iboot0
                                                           ; frame size=304
    00000000 2FB6                   MOV.L       R11,@-R15
    00000002 2FC6                   MOV.L       R12,@-R15
    00000004 2FD6                   MOV.L       R13,@-R15
    00000006 2FE6                   MOV.L       R14,@-R15
    00000008 4F22                   STS.L       PR,@-R15
    0000000A 93D1                   MOV.W       L34,R3     ; H'FEE4
    0000000C 3F3C                   ADD         R3,R15
    0000000E 6D53                   MOV         R5,R13
    00000010 6B43                   MOV         R4,R11
    00000012 E300                   MOV         #0,R3      ; H'00000000
    00000014 90CD                   MOV.W       L34+2,R0   ; H'0108
    00000016 0F35                   MOV.W       R3,@(R0,R15)
    00000018 E300                   MOV         #0,R3      ; H'00000000
    0000001A 90CB                   MOV.W       L34+4,R0   ; H'010A
    0000001C 0F35                   MOV.W       R3,@(R0,R15)
    0000001E E300                   MOV         #0,R3      ; H'00000000
    00000020 90C9                   MOV.W       L34+6,R0   ; H'0110
    00000022 0F36                   MOV.L       R3,@(R0,R15)
    00000024 E200                   MOV         #0,R2      ; H'00000000
    00000026 E302                   MOV         #2,R3      ; H'00000002
    00000028 6033                   MOV         R3,R0
    0000002A 81F6                   MOV.W       R0,@(12,R15)
    0000002C 64F3                   MOV         R15,R4
    0000002E 740E                   ADD         #14,R4
    00000030 E604                   MOV         #4,R6      ; H'00000004
    00000032 7602                   ADD         #2,R6
    00000034 65D3                   MOV         R13,R5
    00000036 D385                   MOV.L       L35+8,R3   ; _memcpy
    00000038 430B                   JSR         @R3
    0000003A 0009                   NOP
    0000003C E210                   MOV         #16,R2     ; H'00000010
    0000003E 64F3                   MOV         R15,R4
    00000040 7414                   ADD         #20,R4
    00000042 55D3                   MOV.L       @(12,R13),R5
    00000044 6623                   MOV         R2,R6
    00000046 4600                   SHLL        R6
    00000048 D380                   MOV.L       L35+8,R3   ; _memcpy
    0000004A 430B                   JSR         @R3
    0000004C 0009                   NOP
    0000004E E204                   MOV         #4,R2      ; H'00000004
    00000050 64F3                   MOV         R15,R4
    00000052 7434                   ADD         #52,R4
    00000054 55D4                   MOV.L       @(16,R13),R5
    00000056 6623                   MOV         R2,R6
    00000058 4600                   SHLL        R6
    0000005A D37C                   MOV.L       L35+8,R3   ; _memcpy
    0000005C 430B                   JSR         @R3
    0000005E 0009                   NOP
    00000060 53D2                   MOV.L       @(8,R13),R3
    00000062 E044                   MOV         #68,R0     ; H'00000044
    00000064 0F36                   MOV.L       R3,@(R0,R15)
    00000066 E204                   MOV         #4,R2      ; H'00000004
    00000068 64F3                   MOV         R15,R4
    0000006A 743C                   ADD         #60,R4
    0000006C 55D5                   MOV.L       @(20,R13),R5
    0000006E 6623                   MOV         R2,R6
    00000070 4600                   SHLL        R6
    00000072 D376                   MOV.L       L35+8,R3   ; _memcpy
    00000074 430B                   JSR         @R3
    00000076 0009                   NOP
    00000078 64F3                   MOV         R15,R4
    0000007A 7448                   ADD         #72,R4
    0000007C 55D6                   MOV.L       @(24,R13),R5
    0000007E E640                   MOV         #64,R6     ; H'00000040
    00000080 D372                   MOV.L       L35+8,R3   ; _memcpy
    00000082 430B                   JSR         @R3
    00000084 0009                   NOP
    00000086 62F3                   MOV         R15,R2
    00000088 9396                   MOV.W       L34+8,R3   ; H'0088
    0000008A 323C                   ADD         R3,R2
    0000008C 6E23                   MOV         R2,R14
    0000008E 62D1                   MOV.W       @R13,R2
    00000090 622F                   EXTS.W      R2,R2
    00000092 6623                   MOV         R2,R6
    00000094 4600                   SHLL        R6
    00000096 6C63                   MOV         R6,R12
    00000098 66C3                   MOV         R12,R6
    0000009A 55D7                   MOV.L       @(28,R13),R5
    0000009C 64E3                   MOV         R14,R4
    0000009E D36B                   MOV.L       L35+8,R3   ; _memcpy
    000000A0 430B                   JSR         @R3
    000000A2 0009                   NOP
    000000A4 3ECC                   ADD         R12,R14
    000000A6 85D2                   MOV.W       @(4,R13),R0
    000000A8 6203                   MOV         R0,R2
    000000AA 622F                   EXTS.W      R2,R2
    000000AC 6623                   MOV         R2,R6
    000000AE 4600                   SHLL        R6
    000000B0 6C63                   MOV         R6,R12
    000000B2 66C3                   MOV         R12,R6
    000000B4 55D7                   MOV.L       @(28,R13),R5
    000000B6 7520                   ADD         #32,R5
    000000B8 64E3                   MOV         R14,R4
    000000BA D364                   MOV.L       L35+8,R3   ; _memcpy
    000000BC 430B                   JSR         @R3
    000000BE 0009                   NOP
    000000C0 3ECC                   ADD         R12,R14
    000000C2 62D1                   MOV.W       @R13,R2
    000000C4 622F                   EXTS.W      R2,R2
    000000C6 6623                   MOV         R2,R6
    000000C8 4600                   SHLL        R6
    000000CA 6C63                   MOV         R6,R12
    000000CC 66C3                   MOV         R12,R6
    000000CE 55D8                   MOV.L       @(32,R13),R5
    000000D0 64E3                   MOV         R14,R4
    000000D2 D35E                   MOV.L       L35+8,R3   ; _memcpy
    000000D4 430B                   JSR         @R3
    000000D6 0009                   NOP
    000000D8 3ECC                   ADD         R12,R14
    000000DA 85D2                   MOV.W       @(4,R13),R0
    000000DC 6203                   MOV         R0,R2
    000000DE 622F                   EXTS.W      R2,R2
    000000E0 6C23                   MOV         R2,R12
    000000E2 4C00                   SHLL        R12
    000000E4 66C3                   MOV         R12,R6
    000000E6 55D8                   MOV.L       @(32,R13),R5
    000000E8 7520                   ADD         #32,R5
    000000EA 64E3                   MOV         R14,R4
    000000EC D357                   MOV.L       L35+8,R3   ; _memcpy
    000000EE 430B                   JSR         @R3
    000000F0 0009                   NOP
    000000F2 3ECC                   ADD         R12,R14
    000000F4 E210                   MOV         #16,R2     ; H'00000010
    000000F6 55D9                   MOV.L       @(36,R13),R5
    000000F8 6623                   MOV         R2,R6
    000000FA 4600                   SHLL        R6
    000000FC 64E3                   MOV         R14,R4
    000000FE D353                   MOV.L       L35+8,R3   ; _memcpy
    00000100 430B                   JSR         @R3
    00000102 0009                   NOP
    00000104 E610                   MOV         #16,R6     ; H'00000010
    00000106 6263                   MOV         R6,R2
    00000108 4200                   SHLL        R2
    0000010A 3E2C                   ADD         R2,R14
    0000010C E204                   MOV         #4,R2      ; H'00000004
    0000010E 55DA                   MOV.L       @(40,R13),R5
    00000110 6623                   MOV         R2,R6
    00000112 4600                   SHLL        R6
    00000114 64E3                   MOV         R14,R4
    00000116 D34D                   MOV.L       L35+8,R3   ; _memcpy
    00000118 430B                   JSR         @R3
    0000011A 0009                   NOP
    0000011C E604                   MOV         #4,R6      ; H'00000004
    0000011E 6263                   MOV         R6,R2
    00000120 4200                   SHLL        R2
    00000122 3E2C                   ADD         R2,R14
    00000124 E204                   MOV         #4,R2      ; H'00000004
    00000126 55DB                   MOV.L       @(44,R13),R5
    00000128 6623                   MOV         R2,R6
    0000012A 4600                   SHLL        R6
    0000012C 64E3                   MOV         R14,R4
    0000012E D347                   MOV.L       L35+8,R3   ; _memcpy
    00000130 430B                   JSR         @R3
    00000132 0009                   NOP
    00000134 E604                   MOV         #4,R6      ; H'00000004
    00000136 6263                   MOV         R6,R2
    00000138 4200                   SHLL        R2
    0000013A 3E2C                   ADD         R2,R14
    0000013C 64F3                   MOV         R15,R4
    0000013E 740C                   ADD         #12,R4
    00000140 B09C                   BSR         __$chg_ul_bef_write
    00000142 0009                   NOP
    00000144 62F3                   MOV         R15,R2
    00000146 720C                   ADD         #12,R2
    00000148 67E3                   MOV         R14,R7
    0000014A 3728                   SUB         R2,R7
    0000014C 65F3                   MOV         R15,R5
    0000014E 9332                   MOV.W       L34+6,R3   ; H'0110
    00000150 353C                   ADD         R3,R5
    00000152 66F3                   MOV         R15,R6
    00000154 760C                   ADD         #12,R6
    00000156 64B3                   MOV         R11,R4
    00000158 677F                   EXTS.W      R7,R7
    0000015A D33D                   MOV.L       L35+12,R3  ; _dad_dpm_write
    0000015C 430B                   JSR         @R3
    0000015E 0009                   NOP
    00000160 6203                   MOV         R0,R2
    00000162 4211                   CMP/PZ      R2
    00000164 8902                   BT          L12
    00000166 E2FF                   MOV         #-1,R2     ; H'FFFFFFFF
    00000168 A062                   BRA         L13
    0000016A 0009                   NOP
    0000016C              L12:
    0000016C E501                   MOV         #1,R5      ; H'00000001
    0000016E 64B3                   MOV         R11,R4
    00000170 D338                   MOV.L       L35+16,R3  ; _wai_init_boot_flg
    00000172 430B                   JSR         @R3
    00000174 0009                   NOP
    00000176 6303                   MOV         R0,R3
    00000178 901D                   MOV.W       L34+6,R0   ; H'0110
    0000017A 0F36                   MOV.L       R3,@(R0,R15)
    0000017C 6233                   MOV         R3,R2
    0000017E 2228                   TST         R2,R2
    00000180 891C                   BT          L15
    00000182 9018                   MOV.W       L34+6,R0   ; H'0110
    00000184 03FE                   MOV.L       @(R0,R15),R3
    00000186 9016                   MOV.W       L34+6,R0   ; H'0110
    00000188 01FE                   MOV.L       @(R0,R15),R1
    0000018A 2138                   TST         R3,R1
    0000018C 890D                   BT          L17
    0000018E D432                   MOV.L       L35+20,R4  ; __iob
    00000190 7428                   ADD         #40,R4
    00000192 D232                   MOV.L       L35+24,R2  ; L39
    00000194 2F22                   MOV.L       R2,@R15
    00000196 D232                   MOV.L       L35+28,R2  ; L40
    00000198 1F21                   MOV.L       R2,@(4,R15)
    0000019A 930E                   MOV.W       L34+10,R3  ; H'0081
    0000019C 1F32                   MOV.L       R3,@(8,R15)
    0000019E D331                   MOV.L       L35+32,R3  ; _fprintf
    000001A0 430B                   JSR         @R3
    000001A2 0009                   NOP
    000001A4 D330                   MOV.L       L35+36,R3  ; _abort
    000001A6 430B                   JSR         @R3
    000001A8 0009                   NOP
    000001AA              L17:
    000001AA E2FF                   MOV         #-1,R2     ; H'FFFFFFFF
    000001AC A040                   BRA         L13
    000001AE 0009                   NOP
    000001B0              L34:
    000001B0 FEE4                   .DATA.W     H'FEE4
    000001B2 0108                   .DATA.W     H'0108
    000001B4 010A                   .DATA.W     H'010A
    000001B6 0110                   .DATA.W     H'0110
    000001B8 0088                   .DATA.W     H'0088
    000001BA 0081                   .DATA.W     H'0081
    000001BC              L15:
    000001BC E700                   MOV         #0,R7      ; H'00000000
    000001BE 65F3                   MOV         R15,R5
    000001C0 9340                   MOV.W       L35,R3     ; H'0108
    000001C2 353C                   ADD         R3,R5
    000001C4 E604                   MOV         #4,R6      ; H'00000004
    000001C6 64B3                   MOV         R11,R4
    000001C8 677D                   EXTU.W      R7,R7
    000001CA D328                   MOV.L       L35+40,R3  ; _dad_dpm_read
    000001CC 430B                   JSR         @R3
    000001CE 0009                   NOP
    000001D0 6203                   MOV         R0,R2
    000001D2 4211                   CMP/PZ      R2
    000001D4 8B03                   BF          L19
    000001D6 9036                   MOV.W       L35+2,R0   ; H'010A
    000001D8 03FD                   MOV.W       @(R0,R15),R3
    000001DA 4311                   CMP/PZ      R3
    000001DC 8902                   BT          L20
    000001DE              L19:
    000001DE E2FF                   MOV         #-1,R2     ; H'FFFFFFFF
    000001E0 A026                   BRA         L13
    000001E2 0009                   NOP
    000001E4              L20:
    000001E4 D322                   MOV.L       L35+44,R3  ; _local_disable
    000001E6 430B                   JSR         @R3
    000001E8 0009                   NOP
    000001EA 65D1                   MOV.W       @R13,R5
    000001EC D421                   MOV.L       L35+48,R4  ; _dad_base
    000001EE 66B3                   MOV         R11,R6
    000001F0 6263                   MOV         R6,R2
    000001F2 4608                   SHLL2       R6
    000001F4 4200                   SHLL        R2
    000001F6 362C                   ADD         R2,R6
    000001F8 6063                   MOV         R6,R0
    000001FA 0455                   MOV.W       R5,@(R0,R4)
    000001FC 85D1                   MOV.W       @(2,R13),R0
    000001FE 6403                   MOV         R0,R4
    00000200 D51C                   MOV.L       L35+48,R5  ; _dad_base
    00000202 7502                   ADD         #2,R5
    00000204 62B3                   MOV         R11,R2
    00000206 6623                   MOV         R2,R6
    00000208 4208                   SHLL2       R2
    0000020A 4600                   SHLL        R6
    0000020C 326C                   ADD         R6,R2
    0000020E 6023                   MOV         R2,R0
    00000210 0545                   MOV.W       R4,@(R0,R5)
    00000212 85D2                   MOV.W       @(4,R13),R0
    00000214 6403                   MOV         R0,R4
    00000216 D517                   MOV.L       L35+48,R5  ; _dad_base
    00000218 7504                   ADD         #4,R5
    0000021A 62B3                   MOV         R11,R2
    0000021C 6623                   MOV         R2,R6
    0000021E 4208                   SHLL2       R2
    00000220 4600                   SHLL        R6
    00000222 326C                   ADD         R6,R2
    00000224 6023                   MOV         R2,R0
    00000226 0545                   MOV.W       R4,@(R0,R5)
    00000228 D313                   MOV.L       L35+52,R3  ; _local_enable
    0000022A 430B                   JSR         @R3
    0000022C 0009                   NOP
    0000022E E200                   MOV         #0,R2      ; H'00000000
    00000230              L13:
    00000230 6023                   MOV         R2,R0
    00000232 9309                   MOV.W       L35+4,R3   ; H'011C
    00000234 3F3C                   ADD         R3,R15
    00000236 4F26                   LDS.L       @R15+,PR
    00000238 6EF6                   MOV.L       @R15+,R14
    0000023A 6DF6                   MOV.L       @R15+,R13
    0000023C 6CF6                   MOV.L       @R15+,R12
    0000023E 6BF6                   MOV.L       @R15+,R11
    00000240 000B                   RTS
    00000242 0009                   NOP
    00000244              L35:
    00000244 0108                   .DATA.W     H'0108
    00000246 010A                   .DATA.W     H'010A
    00000248 011C                   .DATA.W     H'011C
    0000024A 00000002               .RES.W      1
    0000024C <00000000>             .DATA.L     _memcpy
    00000250 <00000000>             .DATA.L     _dad_dpm_write
    00000254 <00000000>             .DATA.L     _wai_init_boot_flg
    00000258 <00000000>             .DATA.L     __iob
    0000025C <00000000>             .DATA.L     L39
    00000260 <00000000>             .DATA.L     L40
    00000264 <00000000>             .DATA.L     _fprintf
    00000268 <00000000>             .DATA.L     _abort
    0000026C <00000000>             .DATA.L     _dad_dpm_read
    00000270 <00000000>             .DATA.L     _local_disable
    00000274 <00000000>             .DATA.L     _dad_base
    00000278 <00000000>             .DATA.L     _local_enable
    0000027C              __$chg_ul_bef_write:             ; function: __$chg_ul_bef_write
                                                           ; frame size=20
    0000027C 2FC6                   MOV.L       R12,@-R15
    0000027E 2FD6                   MOV.L       R13,@-R15
    00000280 2FE6                   MOV.L       R14,@-R15
    00000282 7FF8                   ADD         #-8,R15
    00000284 6241                   MOV.W       @R4,R2
    00000286 622F                   EXTS.W      R2,R2
    00000288 9EE1                   MOV.W       L37,R14    ; H'00FF
    0000028A 6723                   MOV         R2,R7
    0000028C 27E9                   AND         R14,R7
    0000028E 4718                   SHLL8       R7
    00000290 6641                   MOV.W       @R4,R6
    00000292 666F                   EXTS.W      R6,R6
    00000294 D2B1                   MOV.L       L38+6,R2   ; H'0000FF00
    00000296 6563                   MOV         R6,R5
    00000298 2529                   AND         R2,R5
    0000029A 655D                   EXTU.W      R5,R5
    0000029C 6653                   MOV         R5,R6
    0000029E EDF8                   MOV         #-8,R13    ; H'FFFFFFF8
    000002A0 46DC                   SHAD        R13,R6
    000002A2 276B                   OR          R6,R7
    000002A4 2471                   MOV.W       R7,@R4
    000002A6 8541                   MOV.W       @(2,R4),R0
    000002A8 6603                   MOV         R0,R6
    000002AA 666F                   EXTS.W      R6,R6
    000002AC 6763                   MOV         R6,R7
    000002AE 27E9                   AND         R14,R7
    000002B0 4718                   SHLL8       R7
    000002B2 8541                   MOV.W       @(2,R4),R0
    000002B4 6603                   MOV         R0,R6
    000002B6 666F                   EXTS.W      R6,R6
    000002B8 6563                   MOV         R6,R5
    000002BA 2529                   AND         R2,R5
    000002BC 655D                   EXTU.W      R5,R5
    000002BE 6653                   MOV         R5,R6
    000002C0 46DC                   SHAD        R13,R6
    000002C2 276B                   OR          R6,R7
    000002C4 6073                   MOV         R7,R0
    000002C6 8141                   MOV.W       R0,@(2,R4)
    000002C8 8542                   MOV.W       @(4,R4),R0
    000002CA 6603                   MOV         R0,R6
    000002CC 666F                   EXTS.W      R6,R6
    000002CE 6763                   MOV         R6,R7
    000002D0 27E9                   AND         R14,R7
    000002D2 4718                   SHLL8       R7
    000002D4 8542                   MOV.W       @(4,R4),R0
    000002D6 6603                   MOV         R0,R6
    000002D8 666F                   EXTS.W      R6,R6
    000002DA 6563                   MOV         R6,R5
    000002DC 2529                   AND         R2,R5
    000002DE 655D                   EXTU.W      R5,R5
    000002E0 6653                   MOV         R5,R6
    000002E2 46DC                   SHAD        R13,R6
    000002E4 276B                   OR          R6,R7
    000002E6 6073                   MOV         R7,R0
    000002E8 8142                   MOV.W       R0,@(4,R4)
    000002EA 8543                   MOV.W       @(6,R4),R0
    000002EC 6603                   MOV         R0,R6
    000002EE 666F                   EXTS.W      R6,R6
    000002F0 6763                   MOV         R6,R7
    000002F2 27E9                   AND         R14,R7
    000002F4 4718                   SHLL8       R7
    000002F6 8543                   MOV.W       @(6,R4),R0
    000002F8 6603                   MOV         R0,R6
    000002FA 666F                   EXTS.W      R6,R6
    000002FC 6563                   MOV         R6,R5
    000002FE 2529                   AND         R2,R5
    00000300 655D                   EXTU.W      R5,R5
    00000302 6653                   MOV         R5,R6
    00000304 46DC                   SHAD        R13,R6
    00000306 276B                   OR          R6,R7
    00000308 6073                   MOV         R7,R0
    0000030A 8143                   MOV.W       R0,@(6,R4)
    0000030C E200                   MOV         #0,R2      ; H'00000000
    0000030E E318                   MOV         #24,R3     ; H'00000018
    00000310 3233                   CMP/GE      R3,R2
    00000312 8925                   BT          L22
    00000314              L23:
    00000314 6523                   MOV         R2,R5
    00000316 6653                   MOV         R5,R6
    00000318 4600                   SHLL        R6
    0000031A 6543                   MOV         R4,R5
    0000031C 7508                   ADD         #8,R5
    0000031E 6063                   MOV         R6,R0
    00000320 075D                   MOV.W       @(R0,R5),R7
    00000322 677D                   EXTU.W      R7,R7
    00000324 6673                   MOV         R7,R6
    00000326 9392                   MOV.W       L37,R3     ; H'00FF
    00000328 2639                   AND         R3,R6
    0000032A 4618                   SHLL8       R6
    0000032C 6523                   MOV         R2,R5
    0000032E 4500                   SHLL        R5
    00000330 6743                   MOV         R4,R7
    00000332 7708                   ADD         #8,R7
    00000334 6053                   MOV         R5,R0
    00000336 0E7D                   MOV.W       @(R0,R7),R14
    00000338 65E3                   MOV         R14,R5
    0000033A 655D                   EXTU.W      R5,R5
    0000033C 6E53                   MOV         R5,R14
    0000033E 6563                   MOV         R6,R5
    00000340 66E3                   MOV         R14,R6
    00000342 D386                   MOV.L       L38+6,R3   ; H'0000FF00
    00000344 2639                   AND         R3,R6
    00000346 E3F8                   MOV         #-8,R3     ; H'FFFFFFF8
    00000348 463C                   SHAD        R3,R6
    0000034A 256B                   OR          R6,R5
    0000034C 6623                   MOV         R2,R6
    0000034E 4600                   SHLL        R6
    00000350 6743                   MOV         R4,R7
    00000352 7708                   ADD         #8,R7
    00000354 6063                   MOV         R6,R0
    00000356 0755                   MOV.W       R5,@(R0,R7)
    00000358 7201                   ADD         #1,R2
    0000035A E318                   MOV         #24,R3     ; H'00000018
    0000035C 3233                   CMP/GE      R3,R2
    0000035E 8BD9                   BF          L23
    00000360              L22:
    00000360 564E                   MOV.L       @(56,R4),R6
    00000362 9374                   MOV.W       L37,R3     ; H'00FF
    00000364 2639                   AND         R3,R6
    00000366 4628                   SHLL16      R6
    00000368 4618                   SHLL8       R6
    0000036A 524E                   MOV.L       @(56,R4),R2
    0000036C D37B                   MOV.L       L38+6,R3   ; H'0000FF00
    0000036E 2239                   AND         R3,R2
    00000370 4218                   SHLL8       R2
    00000372 262B                   OR          R2,R6
    00000374 524E                   MOV.L       @(56,R4),R2
    00000376 D37A                   MOV.L       L38+10,R3  ; H'00FF0000
    00000378 2239                   AND         R3,R2
    0000037A E3F8                   MOV         #-8,R3     ; H'FFFFFFF8
    0000037C 423C                   SHAD        R3,R2
    0000037E 262B                   OR          R2,R6
    00000380 6563                   MOV         R6,R5
    00000382 574E                   MOV.L       @(56,R4),R7
    00000384 D377                   MOV.L       L38+14,R3  ; H'FF000000
    00000386 6633                   MOV         R3,R6
    00000388 2769                   AND         R6,R7
    0000038A 6673                   MOV         R7,R6
    0000038C 4629                   SHLR16      R6
    0000038E 4619                   SHLR8       R6
    00000390 256B                   OR          R6,R5
    00000392 6E53                   MOV         R5,R14
    00000394 14EE                   MOV.L       R14,@(56,R4)
    00000396 E200                   MOV         #0,R2      ; H'00000000
    00000398 E310                   MOV         #16,R3     ; H'00000010
    0000039A 3233                   CMP/GE      R3,R2
    0000039C 8939                   BT          L24
    0000039E              L25:
    0000039E 6523                   MOV         R2,R5
    000003A0 4508                   SHLL2       R5
    000003A2 6743                   MOV         R4,R7
    000003A4 773C                   ADD         #60,R7
    000003A6 6053                   MOV         R5,R0
    000003A8 067E                   MOV.L       @(R0,R7),R6
    000003AA 9350                   MOV.W       L37,R3     ; H'00FF
    000003AC 2639                   AND         R3,R6
    000003AE 4628                   SHLL16      R6
    000003B0 4618                   SHLL8       R6
    000003B2 6523                   MOV         R2,R5
    000003B4 6753                   MOV         R5,R7
    000003B6 4708                   SHLL2       R7
    000003B8 6E43                   MOV         R4,R14
    000003BA 7E3C                   ADD         #60,R14
    000003BC 6073                   MOV         R7,R0
    000003BE 05EE                   MOV.L       @(R0,R14),R5
    000003C0 D366                   MOV.L       L38+6,R3   ; H'0000FF00
    000003C2 2539                   AND         R3,R5
    000003C4 4518                   SHLL8       R5
    000003C6 265B                   OR          R5,R6
    000003C8 6523                   MOV         R2,R5
    000003CA 6753                   MOV         R5,R7
    000003CC 4708                   SHLL2       R7
    000003CE 6E43                   MOV         R4,R14
    000003D0 7E3C                   ADD         #60,R14
    000003D2 6073                   MOV         R7,R0
    000003D4 05EE                   MOV.L       @(R0,R14),R5
    000003D6 D362                   MOV.L       L38+10,R3  ; H'00FF0000
    000003D8 2539                   AND         R3,R5
    000003DA E3F8                   MOV         #-8,R3     ; H'FFFFFFF8
    000003DC 453C                   SHAD        R3,R5
    000003DE 265B                   OR          R5,R6
    000003E0 6563                   MOV         R6,R5
    000003E2 6623                   MOV         R2,R6
    000003E4 4608                   SHLL2       R6
    000003E6 6E43                   MOV         R4,R14
    000003E8 7E3C                   ADD         #60,R14
    000003EA 6063                   MOV         R6,R0
    000003EC 07EE                   MOV.L       @(R0,R14),R7
    000003EE D35D                   MOV.L       L38+14,R3  ; H'FF000000
    000003F0 6633                   MOV         R3,R6
    000003F2 2769                   AND         R6,R7
    000003F4 6673                   MOV         R7,R6
    000003F6 4629                   SHLR16      R6
    000003F8 4619                   SHLR8       R6
    000003FA 256B                   OR          R6,R5
    000003FC 6E53                   MOV         R5,R14
    000003FE 6623                   MOV         R2,R6
    00000400 4608                   SHLL2       R6
    00000402 6543                   MOV         R4,R5
    00000404 753C                   ADD         #60,R5
    00000406 6063                   MOV         R6,R0
    00000408 05E6                   MOV.L       R14,@(R0,R5)
    0000040A 7201                   ADD         #1,R2
    0000040C E310                   MOV         #16,R3     ; H'00000010
    0000040E 3233                   CMP/GE      R3,R2
    00000410 8BC5                   BF          L25
    00000412              L24:
    00000412 EE00                   MOV         #0,R14     ; H'00000000
    00000414 E302                   MOV         #2,R3      ; H'00000002
    00000416 3E33                   CMP/GE      R3,R14
    00000418 8945                   BT          L26
    0000041A              L27:
    0000041A E200                   MOV         #0,R2      ; H'00000000
    0000041C E314                   MOV         #20,R3     ; H'00000014
    0000041E 3233                   CMP/GE      R3,R2
    00000420 893D                   BT          L28
    00000422              L29:
    00000422 66E3                   MOV         R14,R6
    00000424 6563                   MOV         R6,R5
    00000426 EC05                   MOV         #5,R12     ; H'00000005
    00000428 46CD                   SHLD        R12,R6
    0000042A 4508                   SHLL2       R5
    0000042C 4500                   SHLL        R5
    0000042E 365C                   ADD         R5,R6
    00000430 6723                   MOV         R2,R7
    00000432 6573                   MOV         R7,R5
    00000434 4500                   SHLL        R5
    00000436 365C                   ADD         R5,R6
    00000438 6543                   MOV         R4,R5
    0000043A 757C                   ADD         #124,R5
    0000043C 6063                   MOV         R6,R0
    0000043E 0D5D                   MOV.W       @(R0,R5),R13
    00000440 6DDF                   EXTS.W      R13,R13
    00000442 9304                   MOV.W       L37,R3     ; H'00FF
    00000444 67D3                   MOV         R13,R7
    00000446 2739                   AND         R3,R7
    00000448 4718                   SHLL8       R7
    0000044A A001                   BRA         L36
    0000044C 0009                   NOP
    0000044E              L37:
    0000044E 00FF                   .DATA.W     H'00FF
    00000450              L36:
    00000450 65E3                   MOV         R14,R5
    00000452 6653                   MOV         R5,R6
    00000454 45CD                   SHLD        R12,R5
    00000456 4608                   SHLL2       R6
    00000458 4600                   SHLL        R6
    0000045A 356C                   ADD         R6,R5
    0000045C 6623                   MOV         R2,R6
    0000045E 4600                   SHLL        R6
    00000460 356C                   ADD         R6,R5
    00000462 6643                   MOV         R4,R6
    00000464 767C                   ADD         #124,R6
    00000466 6053                   MOV         R5,R0
    00000468 0D6D                   MOV.W       @(R0,R6),R13
    0000046A 6DDF                   EXTS.W      R13,R13
    0000046C D33B                   MOV.L       L38+6,R3   ; H'0000FF00
    0000046E 65D3                   MOV         R13,R5
    00000470 2539                   AND         R3,R5
    00000472 655D                   EXTU.W      R5,R5
    00000474 6653                   MOV         R5,R6
    00000476 E3F8                   MOV         #-8,R3     ; H'FFFFFFF8
    00000478 463C                   SHAD        R3,R6
    0000047A 276B                   OR          R6,R7
    0000047C 66E3                   MOV         R14,R6
    0000047E 6563                   MOV         R6,R5
    00000480 46CD                   SHLD        R12,R6
    00000482 4508                   SHLL2       R5
    00000484 4500                   SHLL        R5
    00000486 365C                   ADD         R5,R6
    00000488 6523                   MOV         R2,R5
    0000048A 4500                   SHLL        R5
    0000048C 365C                   ADD         R5,R6
    0000048E 6543                   MOV         R4,R5
    00000490 757C                   ADD         #124,R5
    00000492 6063                   MOV         R6,R0
    00000494 0575                   MOV.W       R7,@(R0,R5)
    00000496 7201                   ADD         #1,R2
    00000498 E314                   MOV         #20,R3     ; H'00000014
    0000049A 3233                   CMP/GE      R3,R2
    0000049C 8BC1                   BF          L29
    0000049E              L28:
    0000049E 7E01                   ADD         #1,R14
    000004A0 E302                   MOV         #2,R3      ; H'00000002
    000004A2 3E33                   CMP/GE      R3,R14
    000004A4 8BB9                   BF          L27
    000004A6              L26:
    000004A6 E200                   MOV         #0,R2      ; H'00000000
    000004A8 E318                   MOV         #24,R3     ; H'00000018
    000004AA 3233                   CMP/GE      R3,R2
    000004AC 8927                   BT          L30
    000004AE              L31:
    000004AE 6623                   MOV         R2,R6
    000004B0 4600                   SHLL        R6
    000004B2 9D50                   MOV.W       L38,R13    ; H'00CC
    000004B4 6743                   MOV         R4,R7
    000004B6 37DC                   ADD         R13,R7
    000004B8 6063                   MOV         R6,R0
    000004BA 057D                   MOV.W       @(R0,R7),R5
    000004BC 655F                   EXTS.W      R5,R5
    000004BE 934B                   MOV.W       L38+2,R3   ; H'00FF
    000004C0 6653                   MOV         R5,R6
    000004C2 2639                   AND         R3,R6
    000004C4 4618                   SHLL8       R6
    000004C6 6E63                   MOV         R6,R14
    000004C8 6523                   MOV         R2,R5
    000004CA 6653                   MOV         R5,R6
    000004CC 4600                   SHLL        R6
    000004CE 6543                   MOV         R4,R5
    000004D0 35DC                   ADD         R13,R5
    000004D2 6063                   MOV         R6,R0
    000004D4 075D                   MOV.W       @(R0,R5),R7
    000004D6 677F                   EXTS.W      R7,R7
    000004D8 D320                   MOV.L       L38+6,R3   ; H'0000FF00
    000004DA 6573                   MOV         R7,R5
    000004DC 2539                   AND         R3,R5
    000004DE 655D                   EXTU.W      R5,R5
    000004E0 6753                   MOV         R5,R7
    000004E2 66E3                   MOV         R14,R6
    000004E4 E3F8                   MOV         #-8,R3     ; H'FFFFFFF8
    000004E6 473C                   SHAD        R3,R7
    000004E8 267B                   OR          R7,R6
    000004EA 6523                   MOV         R2,R5
    000004EC 4500                   SHLL        R5
    000004EE 6743                   MOV         R4,R7
    000004F0 37DC                   ADD         R13,R7
    000004F2 6053                   MOV         R5,R0
    000004F4 0765                   MOV.W       R6,@(R0,R7)
    000004F6 7201                   ADD         #1,R2
    000004F8 E318                   MOV         #24,R3     ; H'00000018
    000004FA 3233                   CMP/GE      R3,R2
    000004FC 8BD7                   BF          L31
    000004FE              L30:
    000004FE 7F08                   ADD         #8,R15
    00000500 6EF6                   MOV.L       @R15+,R14
    00000502 6DF6                   MOV.L       @R15+,R13
    00000504 6CF6                   MOV.L       @R15+,R12
    00000506 000B                   RTS
    00000508 0009                   NOP
    0000050A              __$chg_ul_aft_read:              ; function: __$chg_ul_aft_read
                                                           ; frame size=0
    0000050A 6641                   MOV.W       @R4,R6
    0000050C 666F                   EXTS.W      R6,R6
    0000050E 9723                   MOV.W       L38+2,R7   ; H'00FF
    00000510 6263                   MOV         R6,R2
    00000512 2279                   AND         R7,R2
    00000514 4218                   SHLL8       R2
    00000516 6641                   MOV.W       @R4,R6
    00000518 666F                   EXTS.W      R6,R6
    0000051A D310                   MOV.L       L38+6,R3   ; H'0000FF00
    0000051C 6563                   MOV         R6,R5
    0000051E 2539                   AND         R3,R5
    00000520 655D                   EXTU.W      R5,R5
    00000522 6653                   MOV         R5,R6
    00000524 E3F8                   MOV         #-8,R3     ; H'FFFFFFF8
    00000526 463C                   SHAD        R3,R6
    00000528 226B                   OR          R6,R2
    0000052A 2421                   MOV.W       R2,@R4
    0000052C 8541                   MOV.W       @(2,R4),R0
    0000052E 6603                   MOV         R0,R6
    00000530 666F                   EXTS.W      R6,R6
    00000532 6263                   MOV         R6,R2
    00000534 2279                   AND         R7,R2
    00000536 4218                   SHLL8       R2
    00000538 8541                   MOV.W       @(2,R4),R0
    0000053A 6603                   MOV         R0,R6
    0000053C D307                   MOV.L       L38+6,R3   ; H'0000FF00
    0000053E 666F                   EXTS.W      R6,R6
    00000540 6563                   MOV         R6,R5
    00000542 2539                   AND         R3,R5
    00000544 655D                   EXTU.W      R5,R5
    00000546 6653                   MOV         R5,R6
    00000548 E3F8                   MOV         #-8,R3     ; H'FFFFFFF8
    0000054A 463C                   SHAD        R3,R6
    0000054C 226B                   OR          R6,R2
    0000054E 6023                   MOV         R2,R0
    00000550 8141                   MOV.W       R0,@(2,R4)
    00000552 000B                   RTS
    00000554 0009                   NOP
    00000556              L38:
    00000556 00CC                   .DATA.W     H'00CC
    00000558 00FF                   .DATA.W     H'00FF
    0000055A 00000002               .RES.W      1
    0000055C 0000FF00               .DATA.L     H'0000FF00
    00000560 00FF0000               .DATA.L     H'00FF0000
    00000564 FF000000               .DATA.L     H'FF000000
C   00000000              L39:
    00000000 4153534552             .SDATA      "ASSERTION FAILED: !err FILE %s,LINE %d "
             54494F4E20   
             4641494C45   
             443A202165   
             7272204649   
             4C45202573   
             2C4C494E45   
             20256420     
    00000027 0A00                   .DATA.B     H'0A,H'00
    00000029 00                     .DATAB.B    3,0
    0000002C              L40:
    0000002C 646164626F             .SDATA      "dadbot0.c"
             74302E63     
    00000035 00                     .DATA.B     H'00
SH SERIES C/C++ Compiler (Ver. checker(2003.03.17))                                              11-May-2005 16:19:27  PAGE    1


******** STATISTICS INFORMATION ********


********** ERROR INFORMATION ***********

NUMBER OF ERRORS:           0
NUMBER OF WARNINGS:         0
NUMBER OF INFORMATIONS:     0



******* SOURCE LINE INFORMATION ********

COMPILED SOURCE LINE:      176



******* SECTION SIZE INFORMATION *******

PROGRAM  SECTION (P):                               00000568 Byte(s)
CONSTANT SECTION (C):                               00000036 Byte(s)
DATA     SECTION (D):                               00000000 Byte(s)
BSS      SECTION (B):                               00000000 Byte(s)

TOTAL PROGRAM  SECTION: 00000568 Byte(s)
TOTAL CONSTANT SECTION: 00000036 Byte(s)
TOTAL DATA     SECTION: 00000000 Byte(s)
TOTAL BSS      SECTION: 00000000 Byte(s)

    TOTAL PROGRAM SIZE: 0000059E Byte(s)



********** LABEL INFORMATION ***********

NUMBER OF EXTERNAL REFERENCE SYMBOLS:           10
NUMBER OF EXTERNAL DEFINITION SYMBOLS:           1
NUMBER OF INTERNAL/EXTERNAL SYMBOLS:            34
*** COMMAND PARAMETER ***


  -cpu=sh3 -op=0 -en=big -me -debug -comment=nest -l -def=DEBUG,MAS_P5561,MAS_BIG_ENDIAN -i=P:\PRESTO2\SHINC,C:\usr\local\SH\7_1_1\include,P:\PRESTO2\NORTI_12\inc dadbot0.c 

