SH SERIES C/C++ Compiler (Ver. checker(2003.03.17))                                              11-May-2005 16:20:02  PAGE    1

************ OBJECT LISTING ************

FILE NAME: dadcwr.c

SCT OFFSET   CODE       C LABEL     INSTRUCTION OPERAND    COMMENT

P   00000000              _dad_dpm_write:                  ; function: dad_dpm_write
                                                           ; frame size=76
    00000000 2F96                   MOV.L       R9,@-R15
    00000002 2FA6                   MOV.L       R10,@-R15
    00000004 2FB6                   MOV.L       R11,@-R15
    00000006 2FC6                   MOV.L       R12,@-R15
    00000008 2FD6                   MOV.L       R13,@-R15
    0000000A 2FE6                   MOV.L       R14,@-R15
    0000000C 4F22                   STS.L       PR,@-R15
    0000000E 7FD0                   ADD         #-48,R15
    00000010 6963                   MOV         R6,R9
    00000012 6A53                   MOV         R5,R10
    00000014 6D43                   MOV         R4,R13
    00000016 6C73                   MOV         R7,R12
    00000018 E700                   MOV         #0,R7      ; H'00000000
    0000001A 1F73                   MOV.L       R7,@(12,R15)
    0000001C D2BD                   MOV.L       L48,R2     ; _dadc_ctxt_tbl
    0000001E 65D3                   MOV         R13,R5
    00000020 6653                   MOV         R5,R6
    00000022 E305                   MOV         #5,R3      ; H'00000005
    00000024 463D                   SHLD        R3,R6
    00000026 326C                   ADD         R6,R2
    00000028 2F22                   MOV.L       R2,@R15
    0000002A 6E22                   MOV.L       @R2,R14
    0000002C 5624                   MOV.L       @(16,R2),R6
    0000002E 3E6C                   ADD         R6,R14
    00000030 6CCF                   EXTS.W      R12,R12
    00000032 6BC3                   MOV         R12,R11
    00000034 66B3                   MOV         R11,R6
    00000036 7602                   ADD         #2,R6
    00000038 5525                   MOV.L       @(20,R2),R5
    0000003A 3656                   CMP/HI      R5,R6
    0000003C 8B02                   BF          L12
    0000003E E2FF                   MOV         #-1,R2     ; H'FFFFFFFF
    00000040 A1D0                   BRA         L13
    00000042 0009                   NOP
    00000044              L12:
    00000044 D3B4                   MOV.L       L48+4,R3   ; _local_disable
    00000046 430B                   JSR         @R3
    00000048 0009                   NOP
    0000004A D5B4                   MOV.L       L48+8,R5   ; __$dad_tx_nest
    0000004C 60D3                   MOV         R13,R0
    0000004E 065C                   MOV.B       @(R0,R5),R6
    00000050 656C                   EXTU.B      R6,R5
    00000052 655C                   EXTU.B      R5,R5
    00000054 6653                   MOV         R5,R6
    00000056 7601                   ADD         #1,R6
    00000058 D5B0                   MOV.L       L48+8,R5   ; __$dad_tx_nest
    0000005A 60D3                   MOV         R13,R0
    0000005C 0564                   MOV.B       R6,@(R0,R5)
    0000005E D6AF                   MOV.L       L48+8,R6   ; __$dad_tx_nest
    00000060 60D3                   MOV         R13,R0
    00000062 056C                   MOV.B       @(R0,R6),R5
    00000064 665C                   EXTU.B      R5,R6
    00000066 666C                   EXTU.B      R6,R6
    00000068 6563                   MOV         R6,R5
    0000006A E301                   MOV         #1,R3      ; H'00000001
    0000006C 3537                   CMP/GT      R3,R5
    0000006E 8B11                   BF          L15
    00000070 EB00                   MOV         #0,R11     ; H'00000000
    00000072 E301                   MOV         #1,R3      ; H'00000001
    00000074 1F3A                   MOV.L       R3,@(40,R15)
    00000076 D4AA                   MOV.L       L48+12,R4  ; __$dad_tx_sem
    00000078 66D3                   MOV         R13,R6
    0000007A 4608                   SHLL2       R6
    0000007C 4600                   SHLL        R6
    0000007E 7604                   ADD         #4,R6
    00000080 6063                   MOV         R6,R0
    00000082 054E                   MOV.L       @(R0,R4),R5
    00000084 E700                   MOV         #0,R7      ; H'00000000
    00000086 64B3                   MOV         R11,R4
    00000088 56FA                   MOV.L       @(40,R15),R6
    0000008A D3A6                   MOV.L       L48+16,R3  ; _WAI_SEM
    0000008C 430B                   JSR         @R3
    0000008E 0009                   NOP
    00000090 6703                   MOV         R0,R7
    00000092 1F73                   MOV.L       R7,@(12,R15)
    00000094              L15:
    00000094 D3A4                   MOV.L       L48+20,R3  ; _local_enable
    00000096 430B                   JSR         @R3
    00000098 0009                   NOP
    0000009A 57F3                   MOV.L       @(12,R15),R7
    0000009C 2778                   TST         R7,R7
    0000009E 8904                   BT          L17
    000000A0 6273                   MOV         R7,R2
    000000A2 D3A2                   MOV.L       L48+24,R3  ; H'80000000
    000000A4 223B                   OR          R3,R2
    000000A6 A19D                   BRA         L13
    000000A8 0009                   NOP
    000000AA              L17:
    000000AA E300                   MOV         #0,R3      ; H'00000000
    000000AC 1F34                   MOV.L       R3,@(16,R15)
    000000AE 62F2                   MOV.L       @R15,R2
    000000B0 6422                   MOV.L       @R2,R4
    000000B2 5622                   MOV.L       @(8,R2),R6
    000000B4 346C                   ADD         R6,R4
    000000B6 D39E                   MOV.L       L48+28,R3  ; _verify_5561geti
    000000B8 430B                   JSR         @R3
    000000BA 0009                   NOP
    000000BC 6603                   MOV         R0,R6
    000000BE 2668                   TST         R6,R6
    000000C0 892A                   BT          L18
    000000C2              L19:
    000000C2 D49C                   MOV.L       L48+32,R4  ; _dad_poll_time
    000000C4 D39C                   MOV.L       L48+36,R3  ; _HLT_TSK
    000000C6 430B                   JSR         @R3
    000000C8 0009                   NOP
    000000CA 6703                   MOV         R0,R7
    000000CC 1F73                   MOV.L       R7,@(12,R15)
    000000CE 6573                   MOV         R7,R5
    000000D0 2558                   TST         R5,R5
    000000D2 8904                   BT          L21
    000000D4 D395                   MOV.L       L48+24,R3  ; H'80000000
    000000D6 273B                   OR          R3,R7
    000000D8 6273                   MOV         R7,R2
    000000DA A183                   BRA         L13
    000000DC 0009                   NOP
    000000DE              L21:
    000000DE 53F4                   MOV.L       @(16,R15),R3
    000000E0 7301                   ADD         #1,R3
    000000E2 1F34                   MOV.L       R3,@(16,R15)
    000000E4 6533                   MOV         R3,R5
    000000E6 1F59                   MOV.L       R5,@(36,R15)
    000000E8 D694                   MOV.L       L48+40,R6  ; __divls
    000000EA D392                   MOV.L       L48+32,R3  ; _dad_poll_time
    000000EC 6332                   MOV.L       @R3,R3
    000000EE 1F2B                   MOV.L       R2,@(44,R15)
    000000F0 D293                   MOV.L       L48+44,R2  ; _dad_tmout
    000000F2 6122                   MOV.L       @R2,R1
    000000F4 52FB                   MOV.L       @(44,R15),R2
    000000F6 6033                   MOV         R3,R0
    000000F8 460B                   JSR         @R6
    000000FA 0009                   NOP
    000000FC 6603                   MOV         R0,R6
    000000FE 55F9                   MOV.L       @(36,R15),R5
    00000100 3567                   CMP/GT      R6,R5
    00000102 0629                   MOVT        R6
    00000104 62F2                   MOV.L       @R15,R2
    00000106 6422                   MOV.L       @R2,R4
    00000108 5622                   MOV.L       @(8,R2),R6
    0000010A 346C                   ADD         R6,R4
    0000010C D388                   MOV.L       L48+28,R3  ; _verify_5561geti
    0000010E 430B                   JSR         @R3
    00000110 0009                   NOP
    00000112 6603                   MOV         R0,R6
    00000114 2668                   TST         R6,R6
    00000116 8BD4                   BF          L19
    00000118              L18:
    00000118 64C3                   MOV         R12,R4
    0000011A 7404                   ADD         #4,R4
    0000011C 6343                   MOV         R4,R3
    0000011E 6033                   MOV         R3,R0
    00000120 81F4                   MOV.W       R0,@(8,R15)
    00000122 633F                   EXTS.W      R3,R3
    00000124 6033                   MOV         R3,R0
    00000126 81FE                   MOV.W       R0,@(28,R15)
    00000128 633F                   EXTS.W      R3,R3
    0000012A 633D                   EXTU.W      R3,R3
    0000012C 6533                   MOV         R3,R5
    0000012E 6453                   MOV         R5,R4
    00000130 93E2                   MOV.W       L47,R3     ; H'00FF
    00000132 2439                   AND         R3,R4
    00000134 4418                   SHLL8       R4
    00000136 85FE                   MOV.W       @(28,R15),R0
    00000138 6303                   MOV         R0,R3
    0000013A 633D                   EXTU.W      R3,R3
    0000013C 6633                   MOV         R3,R6
    0000013E 6543                   MOV         R4,R5
    00000140 D380                   MOV.L       L48+48,R3  ; H'0000FF00
    00000142 2639                   AND         R3,R6
    00000144 E3F8                   MOV         #-8,R3     ; H'FFFFFFF8
    00000146 463C                   SHAD        R3,R6
    00000148 256B                   OR          R6,R5
    0000014A 6453                   MOV         R5,R4
    0000014C 6343                   MOV         R4,R3
    0000014E 6033                   MOV         R3,R0
    00000150 81FE                   MOV.W       R0,@(28,R15)
    00000152 633F                   EXTS.W      R3,R3
    00000154 6337                   NOT         R3,R3
    00000156 6033                   MOV         R3,R0
    00000158 81FE                   MOV.W       R0,@(28,R15)
    0000015A 65F3                   MOV         R15,R5
    0000015C 751C                   ADD         #28,R5
    0000015E E602                   MOV         #2,R6      ; H'00000002
    00000160 64E3                   MOV         R14,R4
    00000162 D379                   MOV.L       L48+52,R3  ; _memcpy
    00000164 430B                   JSR         @R3
    00000166 0009                   NOP
    00000168 62F2                   MOV.L       @R15,R2
    0000016A 5624                   MOV.L       @(16,R2),R6
    0000016C 85F4                   MOV.W       @(8,R15),R0
    0000016E 6303                   MOV         R0,R3
    00000170 633D                   EXTU.W      R3,R3
    00000172 363C                   ADD         R3,R6
    00000174 6363                   MOV         R6,R3
    00000176 6033                   MOV         R3,R0
    00000178 81FE                   MOV.W       R0,@(28,R15)
    0000017A 633F                   EXTS.W      R3,R3
    0000017C 633D                   EXTU.W      R3,R3
    0000017E 6533                   MOV         R3,R5
    00000180 6453                   MOV         R5,R4
    00000182 93B9                   MOV.W       L47,R3     ; H'00FF
    00000184 2439                   AND         R3,R4
    00000186 4418                   SHLL8       R4
    00000188 85FE                   MOV.W       @(28,R15),R0
    0000018A 6303                   MOV         R0,R3
    0000018C 633D                   EXTU.W      R3,R3
    0000018E 6633                   MOV         R3,R6
    00000190 6543                   MOV         R4,R5
    00000192 D36C                   MOV.L       L48+48,R3  ; H'0000FF00
    00000194 2639                   AND         R3,R6
    00000196 E3F8                   MOV         #-8,R3     ; H'FFFFFFF8
    00000198 463C                   SHAD        R3,R6
    0000019A 256B                   OR          R6,R5
    0000019C 6453                   MOV         R5,R4
    0000019E 6343                   MOV         R4,R3
    000001A0 6033                   MOV         R3,R0
    000001A2 81FE                   MOV.W       R0,@(28,R15)
    000001A4 633F                   EXTS.W      R3,R3
    000001A6 6337                   NOT         R3,R3
    000001A8 6033                   MOV         R3,R0
    000001AA 81FE                   MOV.W       R0,@(28,R15)
    000001AC 64E3                   MOV         R14,R4
    000001AE 7402                   ADD         #2,R4
    000001B0 65F3                   MOV         R15,R5
    000001B2 751C                   ADD         #28,R5
    000001B4 E602                   MOV         #2,R6      ; H'00000002
    000001B6 D364                   MOV.L       L48+52,R3  ; _memcpy
    000001B8 430B                   JSR         @R3
    000001BA 0009                   NOP
    000001BC 6CCF                   EXTS.W      R12,R12
    000001BE 65C3                   MOV         R12,R5
    000001C0 6493                   MOV         R9,R4
    000001C2 D362                   MOV.L       L48+56,R3  ; _inverse_dadc
    000001C4 430B                   JSR         @R3
    000001C6 0009                   NOP
    000001C8 6CCF                   EXTS.W      R12,R12
    000001CA 6BC3                   MOV         R12,R11
    000001CC 64E3                   MOV         R14,R4
    000001CE 7404                   ADD         #4,R4
    000001D0 6593                   MOV         R9,R5
    000001D2 66B3                   MOV         R11,R6
    000001D4 D35C                   MOV.L       L48+52,R3  ; _memcpy
    000001D6 430B                   JSR         @R3
    000001D8 0009                   NOP
    000001DA E300                   MOV         #0,R3      ; H'00000000
    000001DC 6033                   MOV         R3,R0
    000001DE 81FE                   MOV.W       R0,@(28,R15)
    000001E0 633F                   EXTS.W      R3,R3
    000001E2 633D                   EXTU.W      R3,R3
    000001E4 6433                   MOV         R3,R4
    000001E6 6643                   MOV         R4,R6
    000001E8 9386                   MOV.W       L47,R3     ; H'00FF
    000001EA 2639                   AND         R3,R6
    000001EC 4618                   SHLL8       R6
    000001EE 85FE                   MOV.W       @(28,R15),R0
    000001F0 6303                   MOV         R0,R3
    000001F2 633D                   EXTU.W      R3,R3
    000001F4 6533                   MOV         R3,R5
    000001F6 6463                   MOV         R6,R4
    000001F8 D352                   MOV.L       L48+48,R3  ; H'0000FF00
    000001FA 2539                   AND         R3,R5
    000001FC E3F8                   MOV         #-8,R3     ; H'FFFFFFF8
    000001FE 453C                   SHAD        R3,R5
    00000200 245B                   OR          R5,R4
    00000202 6343                   MOV         R4,R3
    00000204 6033                   MOV         R3,R0
    00000206 81FE                   MOV.W       R0,@(28,R15)
    00000208 633F                   EXTS.W      R3,R3
    0000020A 6337                   NOT         R3,R3
    0000020C 6033                   MOV         R3,R0
    0000020E 81FE                   MOV.W       R0,@(28,R15)
    00000210 64E3                   MOV         R14,R4
    00000212 85F4                   MOV.W       @(8,R15),R0
    00000214 6303                   MOV         R0,R3
    00000216 633D                   EXTU.W      R3,R3
    00000218 343C                   ADD         R3,R4
    0000021A 65F3                   MOV         R15,R5
    0000021C 751C                   ADD         #28,R5
    0000021E E602                   MOV         #2,R6      ; H'00000002
    00000220 D349                   MOV.L       L48+52,R3  ; _memcpy
    00000222 430B                   JSR         @R3
    00000224 0009                   NOP
    00000226 E301                   MOV         #1,R3      ; H'00000001
    00000228 6033                   MOV         R3,R0
    0000022A 81FE                   MOV.W       R0,@(28,R15)
    0000022C 633F                   EXTS.W      R3,R3
    0000022E 633D                   EXTU.W      R3,R3
    00000230 6433                   MOV         R3,R4
    00000232 6643                   MOV         R4,R6
    00000234 9360                   MOV.W       L47,R3     ; H'00FF
    00000236 2639                   AND         R3,R6
    00000238 4618                   SHLL8       R6
    0000023A 85FE                   MOV.W       @(28,R15),R0
    0000023C 6303                   MOV         R0,R3
    0000023E 633D                   EXTU.W      R3,R3
    00000240 6533                   MOV         R3,R5
    00000242 6463                   MOV         R6,R4
    00000244 D33F                   MOV.L       L48+48,R3  ; H'0000FF00
    00000246 2539                   AND         R3,R5
    00000248 E3F8                   MOV         #-8,R3     ; H'FFFFFFF8
    0000024A 453C                   SHAD        R3,R5
    0000024C 245B                   OR          R5,R4
    0000024E 6343                   MOV         R4,R3
    00000250 6033                   MOV         R3,R0
    00000252 81FE                   MOV.W       R0,@(28,R15)
    00000254 633F                   EXTS.W      R3,R3
    00000256 6337                   NOT         R3,R3
    00000258 6033                   MOV         R3,R0
    0000025A 81FE                   MOV.W       R0,@(28,R15)
    0000025C              L22:
    0000025C 62F2                   MOV.L       @R15,R2
    0000025E 6522                   MOV.L       @R2,R5
    00000260 5622                   MOV.L       @(8,R2),R6
    00000262 356C                   ADD         R6,R5
    00000264 85FE                   MOV.W       @(28,R15),R0
    00000266 6303                   MOV         R0,R3
    00000268 643D                   EXTU.W      R3,R4
    0000026A D339                   MOV.L       L48+60,R3  ; _verify_5561puti
    0000026C 430B                   JSR         @R3
    0000026E 0009                   NOP
    00000270 6603                   MOV         R0,R6
    00000272 2668                   TST         R6,R6
    00000274 8BF2                   BF          L22
    00000276 2AA8                   TST         R10,R10
    00000278 8B02                   BF          L25
    0000027A E200                   MOV         #0,R2      ; H'00000000
    0000027C A081                   BRA         L26
    0000027E 0009                   NOP
    00000280              L25:
    00000280 E301                   MOV         #1,R3      ; H'00000001
    00000282 1F34                   MOV.L       R3,@(16,R15)
    00000284              L27:
    00000284 64E3                   MOV         R14,R4
    00000286 85F4                   MOV.W       @(8,R15),R0
    00000288 6303                   MOV         R0,R3
    0000028A 633D                   EXTU.W      R3,R3
    0000028C 343C                   ADD         R3,R4
    0000028E D328                   MOV.L       L48+28,R3  ; _verify_5561geti
    00000290 430B                   JSR         @R3
    00000292 0009                   NOP
    00000294 6203                   MOV         R0,R2
    00000296 6423                   MOV         R2,R4
    00000298 6043                   MOV         R4,R0
    0000029A 88FF                   CMP/EQ      #-1,R0
    0000029C 8B0C                   BF          L28
    0000029E              L29:
    0000029E 64E3                   MOV         R14,R4
    000002A0 85F4                   MOV.W       @(8,R15),R0
    000002A2 6303                   MOV         R0,R3
    000002A4 633D                   EXTU.W      R3,R3
    000002A6 343C                   ADD         R3,R4
    000002A8 D321                   MOV.L       L48+28,R3  ; _verify_5561geti
    000002AA 430B                   JSR         @R3
    000002AC 0009                   NOP
    000002AE 6203                   MOV         R0,R2
    000002B0 6623                   MOV         R2,R6
    000002B2 6063                   MOV         R6,R0
    000002B4 88FF                   CMP/EQ      #-1,R0
    000002B6 89F2                   BT          L29
    000002B8              L28:
    000002B8 53F4                   MOV.L       @(16,R15),R3
    000002BA 7301                   ADD         #1,R3
    000002BC 1F34                   MOV.L       R3,@(16,R15)
    000002BE 6633                   MOV         R3,R6
    000002C0 2668                   TST         R6,R6
    000002C2 0629                   MOVT        R6
    000002C4 2228                   TST         R2,R2
    000002C6 89DD                   BT          L27
    000002C8 6623                   MOV         R2,R6
    000002CA 9315                   MOV.W       L47,R3     ; H'00FF
    000002CC 666F                   EXTS.W      R6,R6
    000002CE 6563                   MOV         R6,R5
    000002D0 2539                   AND         R3,R5
    000002D2 4518                   SHLL8       R5
    000002D4 D31B                   MOV.L       L48+48,R3  ; H'0000FF00
    000002D6 622F                   EXTS.W      R2,R2
    000002D8 6423                   MOV         R2,R4
    000002DA 2439                   AND         R3,R4
    000002DC 644D                   EXTU.W      R4,R4
    000002DE 6253                   MOV         R5,R2
    000002E0 E3F8                   MOV         #-8,R3     ; H'FFFFFFF8
    000002E2 443C                   SHAD        R3,R4
    000002E4 224B                   OR          R4,R2
    000002E6 622F                   EXTS.W      R2,R2
    000002E8 4215                   CMP/PL      R2
    000002EA 8B06                   BF          L32
    000002EC E303                   MOV         #3,R3      ; H'00000003
    000002EE 3237                   CMP/GT      R3,R2
    000002F0 8903                   BT          L32
    000002F2 2A21                   MOV.W       R2,@R10
    000002F4 A045                   BRA         L26
    000002F6 0009                   NOP
    000002F8              L47:
    000002F8 00FF                   .DATA.W     H'00FF
    000002FA              L32:
    000002FA 6623                   MOV         R2,R6
    000002FC 76FE                   ADD         #-2,R6
    000002FE 6263                   MOV         R6,R2
    00000300 6023                   MOV         R2,R0
    00000302 81FC                   MOV.W       R0,@(24,R15)
    00000304 6623                   MOV         R2,R6
    00000306 666F                   EXTS.W      R6,R6
    00000308 E302                   MOV         #2,R3      ; H'00000002
    0000030A 3633                   CMP/GE      R3,R6
    0000030C 8922                   BT          L35
    0000030E ECFF                   MOV         #-1,R12    ; H'FFFFFFFF
    00000310 A030                   BRA         L36
    00000312 0009                   NOP
    00000314              L48:
    00000314 <00000000>             .DATA.L     _dadc_ctxt_tbl
    00000318 <00000000>             .DATA.L     _local_disable
    0000031C <00000000>             .DATA.L     __$dad_tx_nest
    00000320 <00000000>             .DATA.L     __$dad_tx_sem
    00000324 <00000000>             .DATA.L     _WAI_SEM
    00000328 <00000000>             .DATA.L     _local_enable
    0000032C 80000000               .DATA.L     H'80000000
    00000330 <00000000>             .DATA.L     _verify_5561geti
    00000334 <00000000>             .DATA.L     _dad_poll_time
    00000338 <00000000>             .DATA.L     _HLT_TSK
    0000033C <00000000>             .DATA.L     __divls
    00000340 <00000000>             .DATA.L     _dad_tmout
    00000344 0000FF00               .DATA.L     H'0000FF00
    00000348 <00000000>             .DATA.L     _memcpy
    0000034C <00000000>             .DATA.L     _inverse_dadc
    00000350 <00000000>             .DATA.L     _verify_5561puti
    00000354              L35:
    00000354 622F                   EXTS.W      R2,R2
    00000356 6323                   MOV         R2,R3
    00000358 1F3A                   MOV.L       R3,@(40,R15)
    0000035A 65E3                   MOV         R14,R5
    0000035C 85F4                   MOV.W       @(8,R15),R0
    0000035E 6303                   MOV         R0,R3
    00000360 6633                   MOV         R3,R6
    00000362 666D                   EXTU.W      R6,R6
    00000364 6463                   MOV         R6,R4
    00000366 7402                   ADD         #2,R4
    00000368 354C                   ADD         R4,R5
    0000036A 64A3                   MOV         R10,R4
    0000036C 56FA                   MOV.L       @(40,R15),R6
    0000036E D342                   MOV.L       L49,R3     ; _memcpy
    00000370 430B                   JSR         @R3
    00000372 0009                   NOP
    00000374              L36:
    00000374 64A3                   MOV         R10,R4
    00000376 85FC                   MOV.W       @(24,R15),R0
    00000378 6203                   MOV         R0,R2
    0000037A 6523                   MOV         R2,R5
    0000037C D33F                   MOV.L       L49+4,R3   ; _inverse_dadc
    0000037E 430B                   JSR         @R3
    00000380 0009                   NOP
    00000382              L26:
    00000382 D33F                   MOV.L       L49+8,R3   ; _local_disable
    00000384 430B                   JSR         @R3
    00000386 0009                   NOP
    00000388 D63E                   MOV.L       L49+12,R6  ; __$dad_tx_nest
    0000038A 60D3                   MOV         R13,R0
    0000038C 026C                   MOV.B       @(R0,R6),R2
    0000038E 662C                   EXTU.B      R2,R6
    00000390 666C                   EXTU.B      R6,R6
    00000392 6263                   MOV         R6,R2
    00000394 72FF                   ADD         #-1,R2
    00000396 D63B                   MOV.L       L49+12,R6  ; __$dad_tx_nest
    00000398 60D3                   MOV         R13,R0
    0000039A 0624                   MOV.B       R2,@(R0,R6)
    0000039C D639                   MOV.L       L49+12,R6  ; __$dad_tx_nest
    0000039E 60D3                   MOV         R13,R0
    000003A0 026C                   MOV.B       @(R0,R6),R2
    000003A2 662C                   EXTU.B      R2,R6
    000003A4 666C                   EXTU.B      R6,R6
    000003A6 E301                   MOV         #1,R3      ; H'00000001
    000003A8 3633                   CMP/GE      R3,R6
    000003AA 8B0E                   BF          L38
    000003AC EB01                   MOV         #1,R11     ; H'00000001
    000003AE D536                   MOV.L       L49+16,R5  ; __$dad_tx_sem
    000003B0 62D3                   MOV         R13,R2
    000003B2 4208                   SHLL2       R2
    000003B4 4200                   SHLL        R2
    000003B6 7204                   ADD         #4,R2
    000003B8 6023                   MOV         R2,R0
    000003BA 065E                   MOV.L       @(R0,R5),R6
    000003BC 65B3                   MOV         R11,R5
    000003BE 6463                   MOV         R6,R4
    000003C0 D332                   MOV.L       L49+20,R3  ; _SIG_SEM
    000003C2 430B                   JSR         @R3
    000003C4 0009                   NOP
    000003C6 6703                   MOV         R0,R7
    000003C8 1F73                   MOV.L       R7,@(12,R15)
    000003CA              L38:
    000003CA D331                   MOV.L       L49+24,R3  ; _local_enable
    000003CC 430B                   JSR         @R3
    000003CE 0009                   NOP
    000003D0 57F3                   MOV.L       @(12,R15),R7
    000003D2 2778                   TST         R7,R7
    000003D4 8904                   BT          L40
    000003D6 6273                   MOV         R7,R2
    000003D8 D32E                   MOV.L       L49+28,R3  ; H'80000000
    000003DA 223B                   OR          R3,R2
    000003DC A002                   BRA         L13
    000003DE 0009                   NOP
    000003E0              L40:
    000003E0 6CCF                   EXTS.W      R12,R12
    000003E2 62C3                   MOV         R12,R2
    000003E4              L13:
    000003E4 6023                   MOV         R2,R0
    000003E6 7F30                   ADD         #48,R15
    000003E8 4F26                   LDS.L       @R15+,PR
    000003EA 6EF6                   MOV.L       @R15+,R14
    000003EC 6DF6                   MOV.L       @R15+,R13
    000003EE 6CF6                   MOV.L       @R15+,R12
    000003F0 6BF6                   MOV.L       @R15+,R11
    000003F2 6AF6                   MOV.L       @R15+,R10
    000003F4 69F6                   MOV.L       @R15+,R9
    000003F6 000B                   RTS
    000003F8 0009                   NOP
    000003FA              _init_dad_dpm_write:             ; function: init_dad_dpm_write
                                                           ; frame size=24
    000003FA 2FD6                   MOV.L       R13,@-R15
    000003FC 2FE6                   MOV.L       R14,@-R15
    000003FE 4F22                   STS.L       PR,@-R15
    00000400 7FF4                   ADD         #-12,R15
    00000402 6E43                   MOV         R4,R14
    00000404 E431                   MOV         #49,R4     ; H'00000031
    00000406 2F42                   MOV.L       R4,@R15
    00000408 E433                   MOV         #51,R4     ; H'00000033
    0000040A 62F3                   MOV         R15,R2
    0000040C 1241                   MOV.L       R4,@(4,R2)
    0000040E E401                   MOV         #1,R4      ; H'00000001
    00000410 ED01                   MOV         #1,R13     ; H'00000001
    00000412 D51D                   MOV.L       L49+16,R5  ; __$dad_tx_sem
    00000414 62E3                   MOV         R14,R2
    00000416 4208                   SHLL2       R2
    00000418 4200                   SHLL        R2
    0000041A 7204                   ADD         #4,R2
    0000041C 352C                   ADD         R2,R5
    0000041E 67F3                   MOV         R15,R7
    00000420 66E3                   MOV         R14,R6
    00000422 6263                   MOV         R6,R2
    00000424 4208                   SHLL2       R2
    00000426 6023                   MOV         R2,R0
    00000428 067E                   MOV.L       @(R0,R7),R6
    0000042A 67D3                   MOV         R13,R7
    0000042C D31A                   MOV.L       L49+32,R3  ; _CRE_SEM
    0000042E 430B                   JSR         @R3
    00000430 0009                   NOP
    00000432 6203                   MOV         R0,R2
    00000434 2228                   TST         R2,R2
    00000436 8902                   BT          L43
    00000438 E2FF                   MOV         #-1,R2     ; H'FFFFFFFF
    0000043A A016                   BRA         L44
    0000043C 0009                   NOP
    0000043E              L43:
    0000043E E400                   MOV         #0,R4      ; H'00000000
    00000440 ED01                   MOV         #1,R13     ; H'00000001
    00000442 D711                   MOV.L       L49+16,R7  ; __$dad_tx_sem
    00000444 66E3                   MOV         R14,R6
    00000446 6263                   MOV         R6,R2
    00000448 4208                   SHLL2       R2
    0000044A 4200                   SHLL        R2
    0000044C 7204                   ADD         #4,R2
    0000044E 6023                   MOV         R2,R0
    00000450 057E                   MOV.L       @(R0,R7),R5
    00000452 E700                   MOV         #0,R7      ; H'00000000
    00000454 66D3                   MOV         R13,R6
    00000456 D311                   MOV.L       L49+36,R3  ; _WAI_SEM
    00000458 430B                   JSR         @R3
    0000045A 0009                   NOP
    0000045C 6203                   MOV         R0,R2
    0000045E 2228                   TST         R2,R2
    00000460 8902                   BT          L46
    00000462 E2FF                   MOV         #-1,R2     ; H'FFFFFFFF
    00000464 A001                   BRA         L44
    00000466 0009                   NOP
    00000468              L46:
    00000468 E200                   MOV         #0,R2      ; H'00000000
    0000046A              L44:
    0000046A 6023                   MOV         R2,R0
    0000046C 7F0C                   ADD         #12,R15
    0000046E 4F26                   LDS.L       @R15+,PR
    00000470 6EF6                   MOV.L       @R15+,R14
    00000472 6DF6                   MOV.L       @R15+,R13
    00000474 000B                   RTS
    00000476 0009                   NOP
    00000478              L49:
    00000478 <00000000>             .DATA.L     _memcpy
    0000047C <00000000>             .DATA.L     _inverse_dadc
    00000480 <00000000>             .DATA.L     _local_disable
    00000484 <00000000>             .DATA.L     __$dad_tx_nest
    00000488 <00000000>             .DATA.L     __$dad_tx_sem
    0000048C <00000000>             .DATA.L     _SIG_SEM
    00000490 <00000000>             .DATA.L     _local_enable
    00000494 80000000               .DATA.L     H'80000000
    00000498 <00000000>             .DATA.L     _CRE_SEM
    0000049C <00000000>             .DATA.L     _WAI_SEM
D   00000000              __$dad_tx_sem:                   ; static: __$dad_tx_sem
    00000000 00000000               .DATA.L     H'00000000
    00000004 00                     .DATAB.B    12,0
    00000010              __$dad_tx_nest:                  ; static: __$dad_tx_nest
    00000010 00                     .DATA.B     H'00
    00000011 00                     .DATAB.B    1,0
SH SERIES C/C++ Compiler (Ver. checker(2003.03.17))                                              11-May-2005 16:20:02  PAGE    1


******** STATISTICS INFORMATION ********


********** ERROR INFORMATION ***********

NUMBER OF ERRORS:           0
NUMBER OF WARNINGS:         0
NUMBER OF INFORMATIONS:     4



******* SOURCE LINE INFORMATION ********

COMPILED SOURCE LINE:      236



******* SECTION SIZE INFORMATION *******

PROGRAM  SECTION (P):                               000004A0 Byte(s)
CONSTANT SECTION (C):                               00000000 Byte(s)
DATA     SECTION (D):                               00000012 Byte(s)
BSS      SECTION (B):                               00000000 Byte(s)

TOTAL PROGRAM  SECTION: 000004A0 Byte(s)
TOTAL CONSTANT SECTION: 00000000 Byte(s)
TOTAL DATA     SECTION: 00000012 Byte(s)
TOTAL BSS      SECTION: 00000000 Byte(s)

    TOTAL PROGRAM SIZE: 000004B2 Byte(s)



********** LABEL INFORMATION ***********

NUMBER OF EXTERNAL REFERENCE SYMBOLS:           14
NUMBER OF EXTERNAL DEFINITION SYMBOLS:           2
NUMBER OF INTERNAL/EXTERNAL SYMBOLS:            40
*** COMMAND PARAMETER ***


  -cpu=sh3 -op=0 -en=big -me -debug -comment=nest -l -def=DEBUG,MAS_P5561,MAS_BIG_ENDIAN -i=P:\PRESTO2\SHINC,C:\usr\local\SH\7_1_1\include,P:\PRESTO2\NORTI_12\inc dadcwr.c 

