SH SERIES C/C++ Compiler (Ver. checker(2003.03.17))                                              11-May-2005 16:19:36  PAGE    1

************ OBJECT LISTING ************

FILE NAME: daddfd.c

SCT OFFSET   CODE       C LABEL     INSTRUCTION OPERAND    COMMENT

P   00000000              _dad_df_read:                    ; function: dad_df_read
                                                           ; frame size=40
    00000000 2FC6                   MOV.L       R12,@-R15
    00000002 2FD6                   MOV.L       R13,@-R15
    00000004 2FE6                   MOV.L       R14,@-R15
    00000006 4F22                   STS.L       PR,@-R15
    00000008 7FE8                   ADD         #-24,R15
    0000000A 6D73                   MOV         R7,R13
    0000000C 6C63                   MOV         R6,R12
    0000000E 6253                   MOV         R5,R2
    00000010 1F25                   MOV.L       R2,@(20,R15)
    00000012 6E43                   MOV         R4,R14
    00000014 4211                   CMP/PZ      R2
    00000016 8B02                   BF          L12
    00000018 E304                   MOV         #4,R3      ; H'00000004
    0000001A 3233                   CMP/GE      R3,R2
    0000001C 8B02                   BF          L13
    0000001E              L12:
    0000001E E2FF                   MOV         #-1,R2     ; H'FFFFFFFF
    00000020 A029                   BRA         L14
    00000022 0009                   NOP
    00000024              L13:
    00000024 E308                   MOV         #8,R3      ; H'00000008
    00000026 2F31                   MOV.W       R3,@R15
    00000028 64F3                   MOV         R15,R4
    0000002A B02C                   BSR         __$chg_ul_bef_write
    0000002C 0009                   NOP
    0000002E E702                   MOV         #2,R7      ; H'00000002
    00000030 65F3                   MOV         R15,R5
    00000032 7504                   ADD         #4,R5
    00000034 66F3                   MOV         R15,R6
    00000036 64E3                   MOV         R14,R4
    00000038 677F                   EXTS.W      R7,R7
    0000003A D344                   MOV.L       L22+4,R3   ; _dad_dpm_write
    0000003C 430B                   JSR         @R3
    0000003E 0009                   NOP
    00000040 6603                   MOV         R0,R6
    00000042 4611                   CMP/PZ      R6
    00000044 8902                   BT          L16
    00000046 E2FF                   MOV         #-1,R2     ; H'FFFFFFFF
    00000048 A015                   BRA         L14
    0000004A 0009                   NOP
    0000004C              L16:
    0000004C 64F3                   MOV         R15,R4
    0000004E 7404                   ADD         #4,R4
    00000050 B02C                   BSR         __$chg_ul_aft_read
    00000052 0009                   NOP
    00000054 66F3                   MOV         R15,R6
    00000056 760C                   ADD         #12,R6
    00000058 52F5                   MOV.L       @(20,R15),R2
    0000005A 6523                   MOV         R2,R5
    0000005C 4500                   SHLL        R5
    0000005E 6053                   MOV         R5,R0
    00000060 046D                   MOV.W       @(R0,R6),R4
    00000062 2C41                   MOV.W       R4,@R12
    00000064 66F3                   MOV         R15,R6
    00000066 7604                   ADD         #4,R6
    00000068 6523                   MOV         R2,R5
    0000006A 6253                   MOV         R5,R2
    0000006C 4200                   SHLL        R2
    0000006E 6023                   MOV         R2,R0
    00000070 056D                   MOV.W       @(R0,R6),R5
    00000072 2D51                   MOV.W       R5,@R13
    00000074 E200                   MOV         #0,R2      ; H'00000000
    00000076              L14:
    00000076 6023                   MOV         R2,R0
    00000078 7F18                   ADD         #24,R15
    0000007A 4F26                   LDS.L       @R15+,PR
    0000007C 6EF6                   MOV.L       @R15+,R14
    0000007E 6DF6                   MOV.L       @R15+,R13
    00000080 6CF6                   MOV.L       @R15+,R12
    00000082 000B                   RTS
    00000084 0009                   NOP
    00000086              __$chg_ul_bef_write:             ; function: __$chg_ul_bef_write
                                                           ; frame size=0
    00000086 6641                   MOV.W       @R4,R6
    00000088 666F                   EXTS.W      R6,R6
    0000008A 935D                   MOV.W       L22,R3     ; H'00FF
    0000008C 6263                   MOV         R6,R2
    0000008E 2239                   AND         R3,R2
    00000090 4218                   SHLL8       R2
    00000092 6641                   MOV.W       @R4,R6
    00000094 666F                   EXTS.W      R6,R6
    00000096 D32E                   MOV.L       L22+8,R3   ; H'0000FF00
    00000098 6563                   MOV         R6,R5
    0000009A 2539                   AND         R3,R5
    0000009C 655D                   EXTU.W      R5,R5
    0000009E 6653                   MOV         R5,R6
    000000A0 E3F8                   MOV         #-8,R3     ; H'FFFFFFF8
    000000A2 463C                   SHAD        R3,R6
    000000A4 226B                   OR          R6,R2
    000000A6 2421                   MOV.W       R2,@R4
    000000A8 000B                   RTS
    000000AA 0009                   NOP
    000000AC              __$chg_ul_aft_read:              ; function: __$chg_ul_aft_read
                                                           ; frame size=24
    000000AC 2FB6                   MOV.L       R11,@-R15
    000000AE 2FC6                   MOV.L       R12,@-R15
    000000B0 2FD6                   MOV.L       R13,@-R15
    000000B2 2FE6                   MOV.L       R14,@-R15
    000000B4 7FF8                   ADD         #-8,R15
    000000B6 E200                   MOV         #0,R2      ; H'00000000
    000000B8 E304                   MOV         #4,R3      ; H'00000004
    000000BA 3233                   CMP/GE      R3,R2
    000000BC 893D                   BT          L20
    000000BE              L21:
    000000BE 6523                   MOV         R2,R5
    000000C0 6653                   MOV         R5,R6
    000000C2 4600                   SHLL        R6
    000000C4 6063                   MOV         R6,R0
    000000C6 074D                   MOV.W       @(R0,R4),R7
    000000C8 677F                   EXTS.W      R7,R7
    000000CA 9D3D                   MOV.W       L22,R13    ; H'00FF
    000000CC 6573                   MOV         R7,R5
    000000CE 25D9                   AND         R13,R5
    000000D0 4518                   SHLL8       R5
    000000D2 6723                   MOV         R2,R7
    000000D4 6673                   MOV         R7,R6
    000000D6 4600                   SHLL        R6
    000000D8 6063                   MOV         R6,R0
    000000DA 0E4D                   MOV.W       @(R0,R4),R14
    000000DC 6EEF                   EXTS.W      R14,R14
    000000DE DC1C                   MOV.L       L22+8,R12  ; H'0000FF00
    000000E0 67E3                   MOV         R14,R7
    000000E2 27C9                   AND         R12,R7
    000000E4 677D                   EXTU.W      R7,R7
    000000E6 6673                   MOV         R7,R6
    000000E8 EBF8                   MOV         #-8,R11    ; H'FFFFFFF8
    000000EA 46BC                   SHAD        R11,R6
    000000EC 256B                   OR          R6,R5
    000000EE 6623                   MOV         R2,R6
    000000F0 4600                   SHLL        R6
    000000F2 6063                   MOV         R6,R0
    000000F4 0455                   MOV.W       R5,@(R0,R4)
    000000F6 6623                   MOV         R2,R6
    000000F8 4600                   SHLL        R6
    000000FA 6543                   MOV         R4,R5
    000000FC 7508                   ADD         #8,R5
    000000FE 6063                   MOV         R6,R0
    00000100 075D                   MOV.W       @(R0,R5),R7
    00000102 6573                   MOV         R7,R5
    00000104 655D                   EXTU.W      R5,R5
    00000106 6653                   MOV         R5,R6
    00000108 26D9                   AND         R13,R6
    0000010A 4618                   SHLL8       R6
    0000010C 6723                   MOV         R2,R7
    0000010E 6573                   MOV         R7,R5
    00000110 4500                   SHLL        R5
    00000112 6743                   MOV         R4,R7
    00000114 7708                   ADD         #8,R7
    00000116 6053                   MOV         R5,R0
    00000118 0E7D                   MOV.W       @(R0,R7),R14
    0000011A 65E3                   MOV         R14,R5
    0000011C 655D                   EXTU.W      R5,R5
    0000011E 6763                   MOV         R6,R7
    00000120 25C9                   AND         R12,R5
    00000122 45BC                   SHAD        R11,R5
    00000124 275B                   OR          R5,R7
    00000126 6623                   MOV         R2,R6
    00000128 4600                   SHLL        R6
    0000012A 6543                   MOV         R4,R5
    0000012C 7508                   ADD         #8,R5
    0000012E 6063                   MOV         R6,R0
    00000130 0575                   MOV.W       R7,@(R0,R5)
    00000132 7201                   ADD         #1,R2
    00000134 E304                   MOV         #4,R3      ; H'00000004
    00000136 3233                   CMP/GE      R3,R2
    00000138 8BC1                   BF          L21
    0000013A              L20:
    0000013A 7F08                   ADD         #8,R15
    0000013C 6EF6                   MOV.L       @R15+,R14
    0000013E 6DF6                   MOV.L       @R15+,R13
    00000140 6CF6                   MOV.L       @R15+,R12
    00000142 6BF6                   MOV.L       @R15+,R11
    00000144 000B                   RTS
    00000146 0009                   NOP
    00000148              L22:
    00000148 00FF                   .DATA.W     H'00FF
    0000014A 00000002               .RES.W      1
    0000014C <00000000>             .DATA.L     _dad_dpm_write
    00000150 0000FF00               .DATA.L     H'0000FF00
SH SERIES C/C++ Compiler (Ver. checker(2003.03.17))                                              11-May-2005 16:19:36  PAGE    1


******** STATISTICS INFORMATION ********


********** ERROR INFORMATION ***********

NUMBER OF ERRORS:           0
NUMBER OF WARNINGS:         0
NUMBER OF INFORMATIONS:     1



******* SOURCE LINE INFORMATION ********

COMPILED SOURCE LINE:      107



******* SECTION SIZE INFORMATION *******

PROGRAM  SECTION (P):                               00000154 Byte(s)
CONSTANT SECTION (C):                               00000000 Byte(s)
DATA     SECTION (D):                               00000000 Byte(s)
BSS      SECTION (B):                               00000000 Byte(s)

TOTAL PROGRAM  SECTION: 00000154 Byte(s)
TOTAL CONSTANT SECTION: 00000000 Byte(s)
TOTAL DATA     SECTION: 00000000 Byte(s)
TOTAL BSS      SECTION: 00000000 Byte(s)

    TOTAL PROGRAM SIZE: 00000154 Byte(s)



********** LABEL INFORMATION ***********

NUMBER OF EXTERNAL REFERENCE SYMBOLS:            1
NUMBER OF EXTERNAL DEFINITION SYMBOLS:           1
NUMBER OF INTERNAL/EXTERNAL SYMBOLS:             9
*** COMMAND PARAMETER ***


  -cpu=sh3 -op=0 -en=big -me -debug -comment=nest -l -def=DEBUG,MAS_P5561,MAS_BIG_ENDIAN -i=P:\PRESTO2\SHINC,C:\usr\local\SH\7_1_1\include,P:\PRESTO2\NORTI_12\inc daddfd.c 

