SH SERIES C/C++ Compiler (Ver. checker(2003.03.17))                                              11-May-2005 16:19:54  PAGE    1

************ OBJECT LISTING ************

FILE NAME: daddiag.c

SCT OFFSET   CODE       C LABEL     INSTRUCTION OPERAND    COMMENT

P   00000000              _dad_diag_read:                  ; function: dad_diag_read
                                                           ; frame size=68
    00000000 2FC6                   MOV.L       R12,@-R15
    00000002 2FD6                   MOV.L       R13,@-R15
    00000004 2FE6                   MOV.L       R14,@-R15
    00000006 4F22                   STS.L       PR,@-R15
    00000008 7FCC                   ADD         #-52,R15
    0000000A 6D73                   MOV         R7,R13
    0000000C 6C63                   MOV         R6,R12
    0000000E 6253                   MOV         R5,R2
    00000010 6E43                   MOV         R4,R14
    00000012 E30D                   MOV         #13,R3     ; H'0000000D
    00000014 2F31                   MOV.W       R3,@R15
    00000016 6323                   MOV         R2,R3
    00000018 6033                   MOV         R3,R0
    0000001A 81F1                   MOV.W       R0,@(2,R15)
    0000001C 64F3                   MOV         R15,R4
    0000001E B02E                   BSR         __$chg_ul_bef_write
    00000020 0009                   NOP
    00000022 E704                   MOV         #4,R7      ; H'00000004
    00000024 65F3                   MOV         R15,R5
    00000026 7504                   ADD         #4,R5
    00000028 66F3                   MOV         R15,R6
    0000002A 64E3                   MOV         R14,R4
    0000002C 677F                   EXTS.W      R7,R7
    0000002E D365                   MOV.L       L27+4,R3   ; _dad_dpm_write
    00000030 430B                   JSR         @R3
    00000032 0009                   NOP
    00000034 6203                   MOV         R0,R2
    00000036 4211                   CMP/PZ      R2
    00000038 8902                   BT          L12
    0000003A E2FF                   MOV         #-1,R2     ; H'FFFFFFFF
    0000003C A017                   BRA         L13
    0000003E 0009                   NOP
    00000040              L12:
    00000040 64F3                   MOV         R15,R4
    00000042 7404                   ADD         #4,R4
    00000044 B041                   BSR         __$chg_ul_aft_read
    00000046 0009                   NOP
    00000048 2CC8                   TST         R12,R12
    0000004A 8906                   BT          L15
    0000004C 65F3                   MOV         R15,R5
    0000004E 7504                   ADD         #4,R5
    00000050 E620                   MOV         #32,R6     ; H'00000020
    00000052 64C3                   MOV         R12,R4
    00000054 D35C                   MOV.L       L27+8,R3   ; _memcpy
    00000056 430B                   JSR         @R3
    00000058 0009                   NOP
    0000005A              L15:
    0000005A 2DD8                   TST         R13,R13
    0000005C 8906                   BT          L17
    0000005E 65F3                   MOV         R15,R5
    00000060 752C                   ADD         #44,R5
    00000062 E608                   MOV         #8,R6      ; H'00000008
    00000064 64D3                   MOV         R13,R4
    00000066 D358                   MOV.L       L27+8,R3   ; _memcpy
    00000068 430B                   JSR         @R3
    0000006A 0009                   NOP
    0000006C              L17:
    0000006C E200                   MOV         #0,R2      ; H'00000000
    0000006E              L13:
    0000006E 6023                   MOV         R2,R0
    00000070 7F34                   ADD         #52,R15
    00000072 4F26                   LDS.L       @R15+,PR
    00000074 6EF6                   MOV.L       @R15+,R14
    00000076 6DF6                   MOV.L       @R15+,R13
    00000078 6CF6                   MOV.L       @R15+,R12
    0000007A 000B                   RTS
    0000007C 0009                   NOP
    0000007E              __$chg_ul_bef_write:             ; function: __$chg_ul_bef_write
                                                           ; frame size=0
    0000007E 6641                   MOV.W       @R4,R6
    00000080 666F                   EXTS.W      R6,R6
    00000082 979D                   MOV.W       L27,R7     ; H'00FF
    00000084 6263                   MOV         R6,R2
    00000086 2279                   AND         R7,R2
    00000088 4218                   SHLL8       R2
    0000008A 6641                   MOV.W       @R4,R6
    0000008C 666F                   EXTS.W      R6,R6
    0000008E D34F                   MOV.L       L27+12,R3  ; H'0000FF00
    00000090 6563                   MOV         R6,R5
    00000092 2539                   AND         R3,R5
    00000094 655D                   EXTU.W      R5,R5
    00000096 6653                   MOV         R5,R6
    00000098 E3F8                   MOV         #-8,R3     ; H'FFFFFFF8
    0000009A 463C                   SHAD        R3,R6
    0000009C 226B                   OR          R6,R2
    0000009E 2421                   MOV.W       R2,@R4
    000000A0 8541                   MOV.W       @(2,R4),R0
    000000A2 6603                   MOV         R0,R6
    000000A4 666F                   EXTS.W      R6,R6
    000000A6 6263                   MOV         R6,R2
    000000A8 2279                   AND         R7,R2
    000000AA 4218                   SHLL8       R2
    000000AC 8541                   MOV.W       @(2,R4),R0
    000000AE 6603                   MOV         R0,R6
    000000B0 D346                   MOV.L       L27+12,R3  ; H'0000FF00
    000000B2 666F                   EXTS.W      R6,R6
    000000B4 6563                   MOV         R6,R5
    000000B6 2539                   AND         R3,R5
    000000B8 655D                   EXTU.W      R5,R5
    000000BA 6653                   MOV         R5,R6
    000000BC E3F8                   MOV         #-8,R3     ; H'FFFFFFF8
    000000BE 463C                   SHAD        R3,R6
    000000C0 226B                   OR          R6,R2
    000000C2 6023                   MOV         R2,R0
    000000C4 8141                   MOV.W       R0,@(2,R4)
    000000C6 000B                   RTS
    000000C8 0009                   NOP
    000000CA              __$chg_ul_aft_read:              ; function: __$chg_ul_aft_read
                                                           ; frame size=12
    000000CA 2FE6                   MOV.L       R14,@-R15
    000000CC 7FF8                   ADD         #-8,R15
    000000CE E200                   MOV         #0,R2      ; H'00000000
    000000D0 E310                   MOV         #16,R3     ; H'00000010
    000000D2 3233                   CMP/GE      R3,R2
    000000D4 891F                   BT          L21
    000000D6              L22:
    000000D6 6623                   MOV         R2,R6
    000000D8 4600                   SHLL        R6
    000000DA 6063                   MOV         R6,R0
    000000DC 054D                   MOV.W       @(R0,R4),R5
    000000DE 655F                   EXTS.W      R5,R5
    000000E0 936E                   MOV.W       L27,R3     ; H'00FF
    000000E2 6753                   MOV         R5,R7
    000000E4 2739                   AND         R3,R7
    000000E6 4718                   SHLL8       R7
    000000E8 6523                   MOV         R2,R5
    000000EA 6653                   MOV         R5,R6
    000000EC 4600                   SHLL        R6
    000000EE 6063                   MOV         R6,R0
    000000F0 054D                   MOV.W       @(R0,R4),R5
    000000F2 655F                   EXTS.W      R5,R5
    000000F4 D335                   MOV.L       L27+12,R3  ; H'0000FF00
    000000F6 6653                   MOV         R5,R6
    000000F8 2639                   AND         R3,R6
    000000FA 666D                   EXTU.W      R6,R6
    000000FC 6563                   MOV         R6,R5
    000000FE E3F8                   MOV         #-8,R3     ; H'FFFFFFF8
    00000100 453C                   SHAD        R3,R5
    00000102 275B                   OR          R5,R7
    00000104 6523                   MOV         R2,R5
    00000106 6653                   MOV         R5,R6
    00000108 4600                   SHLL        R6
    0000010A 6063                   MOV         R6,R0
    0000010C 0475                   MOV.W       R7,@(R0,R4)
    0000010E 7201                   ADD         #1,R2
    00000110 E310                   MOV         #16,R3     ; H'00000010
    00000112 3233                   CMP/GE      R3,R2
    00000114 8BDF                   BF          L22
    00000116              L21:
    00000116 E200                   MOV         #0,R2      ; H'00000000
    00000118 E304                   MOV         #4,R3      ; H'00000004
    0000011A 3233                   CMP/GE      R3,R2
    0000011C 8924                   BT          L23
    0000011E              L24:
    0000011E 6623                   MOV         R2,R6
    00000120 4600                   SHLL        R6
    00000122 6543                   MOV         R4,R5
    00000124 7520                   ADD         #32,R5
    00000126 6063                   MOV         R6,R0
    00000128 0E5D                   MOV.W       @(R0,R5),R14
    0000012A 6EEF                   EXTS.W      R14,R14
    0000012C 9348                   MOV.W       L27,R3     ; H'00FF
    0000012E 67E3                   MOV         R14,R7
    00000130 2739                   AND         R3,R7
    00000132 4718                   SHLL8       R7
    00000134 6623                   MOV         R2,R6
    00000136 4600                   SHLL        R6
    00000138 6E43                   MOV         R4,R14
    0000013A 7E20                   ADD         #32,R14
    0000013C 6063                   MOV         R6,R0
    0000013E 05ED                   MOV.W       @(R0,R14),R5
    00000140 655F                   EXTS.W      R5,R5
    00000142 D322                   MOV.L       L27+12,R3  ; H'0000FF00
    00000144 6653                   MOV         R5,R6
    00000146 2639                   AND         R3,R6
    00000148 666D                   EXTU.W      R6,R6
    0000014A 6563                   MOV         R6,R5
    0000014C E3F8                   MOV         #-8,R3     ; H'FFFFFFF8
    0000014E 453C                   SHAD        R3,R5
    00000150 275B                   OR          R5,R7
    00000152 6523                   MOV         R2,R5
    00000154 6653                   MOV         R5,R6
    00000156 4600                   SHLL        R6
    00000158 6543                   MOV         R4,R5
    0000015A 7520                   ADD         #32,R5
    0000015C 6063                   MOV         R6,R0
    0000015E 0575                   MOV.W       R7,@(R0,R5)
    00000160 7201                   ADD         #1,R2
    00000162 E304                   MOV         #4,R3      ; H'00000004
    00000164 3233                   CMP/GE      R3,R2
    00000166 8BDA                   BF          L24
    00000168              L23:
    00000168 E200                   MOV         #0,R2      ; H'00000000
    0000016A E304                   MOV         #4,R3      ; H'00000004
    0000016C 3233                   CMP/GE      R3,R2
    0000016E 8923                   BT          L25
    00000170              L26:
    00000170 6623                   MOV         R2,R6
    00000172 4600                   SHLL        R6
    00000174 6743                   MOV         R4,R7
    00000176 7728                   ADD         #40,R7
    00000178 6063                   MOV         R6,R0
    0000017A 057D                   MOV.W       @(R0,R7),R5
    0000017C 655F                   EXTS.W      R5,R5
    0000017E 931F                   MOV.W       L27,R3     ; H'00FF
    00000180 6753                   MOV         R5,R7
    00000182 2739                   AND         R3,R7
    00000184 4718                   SHLL8       R7
    00000186 6623                   MOV         R2,R6
    00000188 4600                   SHLL        R6
    0000018A 6E43                   MOV         R4,R14
    0000018C 7E28                   ADD         #40,R14
    0000018E 6063                   MOV         R6,R0
    00000190 05ED                   MOV.W       @(R0,R14),R5
    00000192 655F                   EXTS.W      R5,R5
    00000194 D30D                   MOV.L       L27+12,R3  ; H'0000FF00
    00000196 6653                   MOV         R5,R6
    00000198 2639                   AND         R3,R6
    0000019A 666D                   EXTU.W      R6,R6
    0000019C 6563                   MOV         R6,R5
    0000019E E3F8                   MOV         #-8,R3     ; H'FFFFFFF8
    000001A0 453C                   SHAD        R3,R5
    000001A2 275B                   OR          R5,R7
    000001A4 6623                   MOV         R2,R6
    000001A6 4600                   SHLL        R6
    000001A8 6543                   MOV         R4,R5
    000001AA 7528                   ADD         #40,R5
    000001AC 6063                   MOV         R6,R0
    000001AE 0575                   MOV.W       R7,@(R0,R5)
    000001B0 7201                   ADD         #1,R2
    000001B2 E304                   MOV         #4,R3      ; H'00000004
    000001B4 3233                   CMP/GE      R3,R2
    000001B6 8BDB                   BF          L26
    000001B8              L25:
    000001B8 7F08                   ADD         #8,R15
    000001BA 6EF6                   MOV.L       @R15+,R14
    000001BC 000B                   RTS
    000001BE 0009                   NOP
    000001C0              L27:
    000001C0 00FF                   .DATA.W     H'00FF
    000001C2 00000002               .RES.W      1
    000001C4 <00000000>             .DATA.L     _dad_dpm_write
    000001C8 <00000000>             .DATA.L     _memcpy
    000001CC 0000FF00               .DATA.L     H'0000FF00
SH SERIES C/C++ Compiler (Ver. checker(2003.03.17))                                              11-May-2005 16:19:54  PAGE    1


******** STATISTICS INFORMATION ********


********** ERROR INFORMATION ***********

NUMBER OF ERRORS:           0
NUMBER OF WARNINGS:         0
NUMBER OF INFORMATIONS:     1



******* SOURCE LINE INFORMATION ********

COMPILED SOURCE LINE:      112



******* SECTION SIZE INFORMATION *******

PROGRAM  SECTION (P):                               000001D0 Byte(s)
CONSTANT SECTION (C):                               00000000 Byte(s)
DATA     SECTION (D):                               00000000 Byte(s)
BSS      SECTION (B):                               00000000 Byte(s)

TOTAL PROGRAM  SECTION: 000001D0 Byte(s)
TOTAL CONSTANT SECTION: 00000000 Byte(s)
TOTAL DATA     SECTION: 00000000 Byte(s)
TOTAL BSS      SECTION: 00000000 Byte(s)

    TOTAL PROGRAM SIZE: 000001D0 Byte(s)



********** LABEL INFORMATION ***********

NUMBER OF EXTERNAL REFERENCE SYMBOLS:            2
NUMBER OF EXTERNAL DEFINITION SYMBOLS:           1
NUMBER OF INTERNAL/EXTERNAL SYMBOLS:            14
*** COMMAND PARAMETER ***


  -cpu=sh3 -op=0 -en=big -me -debug -comment=nest -l -def=DEBUG,MAS_P5561,MAS_BIG_ENDIAN -i=P:\PRESTO2\SHINC,C:\usr\local\SH\7_1_1\include,P:\PRESTO2\NORTI_12\inc daddiag.c 

