SH SERIES C/C++ Compiler (Ver. checker(2003.03.17))                                              11-May-2005 16:19:30  PAGE    1

************ OBJECT LISTING ************

FILE NAME: dadfzt.c

SCT OFFSET   CODE       C LABEL     INSTRUCTION OPERAND    COMMENT

P   00000000              _dad_azero:                      ; function: dad_azero
                                                           ; frame size=60
    00000000 2FD6                   MOV.L       R13,@-R15
    00000002 2FE6                   MOV.L       R14,@-R15
    00000004 4F22                   STS.L       PR,@-R15
    00000006 7FD0                   ADD         #-48,R15
    00000008 6D63                   MOV         R6,R13
    0000000A 6253                   MOV         R5,R2
    0000000C 6E43                   MOV         R4,R14
    0000000E E300                   MOV         #0,R3      ; H'00000000
    00000010 2F31                   MOV.W       R3,@R15
    00000012 72FF                   ADD         #-1,R2
    00000014 1F2B                   MOV.L       R2,@(44,R15)
    00000016 4211                   CMP/PZ      R2
    00000018 8902                   BT          L12
    0000001A E2FF                   MOV         #-1,R2     ; H'FFFFFFFF
    0000001C A02D                   BRA         L13
    0000001E 0009                   NOP
    00000020              L12:
    00000020 E306                   MOV         #6,R3      ; H'00000006
    00000022 6033                   MOV         R3,R0
    00000024 81F1                   MOV.W       R0,@(2,R15)
    00000026 E601                   MOV         #1,R6      ; H'00000001
    00000028 462C                   SHAD        R2,R6
    0000002A 6363                   MOV         R6,R3
    0000002C 1F31                   MOV.L       R3,@(4,R15)
    0000002E 64F3                   MOV         R15,R4
    00000030 B02A                   BSR         __$chg_ul_bef_write
    00000032 0009                   NOP
    00000034 E706                   MOV         #6,R7      ; H'00000006
    00000036 65F3                   MOV         R15,R5
    00000038 7508                   ADD         #8,R5
    0000003A 66F3                   MOV         R15,R6
    0000003C 7602                   ADD         #2,R6
    0000003E 64E3                   MOV         R14,R4
    00000040 677F                   EXTS.W      R7,R7
    00000042 D34C                   MOV.L       L21+4,R3   ; _dad_dpm_write
    00000044 430B                   JSR         @R3
    00000046 0009                   NOP
    00000048 6603                   MOV         R0,R6
    0000004A 4611                   CMP/PZ      R6
    0000004C 8902                   BT          L15
    0000004E E2FF                   MOV         #-1,R2     ; H'FFFFFFFF
    00000050 A013                   BRA         L13
    00000052 0009                   NOP
    00000054              L15:
    00000054 64F3                   MOV         R15,R4
    00000056 7408                   ADD         #8,R4
    00000058 B044                   BSR         __$chg_ul_aft_read
    0000005A 0009                   NOP
    0000005C 66F3                   MOV         R15,R6
    0000005E 760C                   ADD         #12,R6
    00000060 52FB                   MOV.L       @(44,R15),R2
    00000062 6523                   MOV         R2,R5
    00000064 6253                   MOV         R5,R2
    00000066 4200                   SHLL        R2
    00000068 6023                   MOV         R2,R0
    0000006A 056D                   MOV.W       @(R0,R6),R5
    0000006C 2D51                   MOV.W       R5,@R13
    0000006E 53F2                   MOV.L       @(8,R15),R3
    00000070 51F2                   MOV.L       @(8,R15),R1
    00000072 2138                   TST         R3,R1
    00000074 0229                   MOVT        R2
    00000076 E301                   MOV         #1,R3      ; H'00000001
    00000078 223A                   XOR         R3,R2
    0000007A              L13:
    0000007A 6023                   MOV         R2,R0
    0000007C 7F30                   ADD         #48,R15
    0000007E 4F26                   LDS.L       @R15+,PR
    00000080 6EF6                   MOV.L       @R15+,R14
    00000082 6DF6                   MOV.L       @R15+,R13
    00000084 000B                   RTS
    00000086 0009                   NOP
    00000088              __$chg_ul_bef_write:             ; function: __$chg_ul_bef_write
                                                           ; frame size=0
    00000088 8541                   MOV.W       @(2,R4),R0
    0000008A 6203                   MOV         R0,R2
    0000008C 622F                   EXTS.W      R2,R2
    0000008E 936F                   MOV.W       L21,R3     ; H'00FF
    00000090 6623                   MOV         R2,R6
    00000092 2639                   AND         R3,R6
    00000094 4618                   SHLL8       R6
    00000096 8541                   MOV.W       @(2,R4),R0
    00000098 6203                   MOV         R0,R2
    0000009A 622F                   EXTS.W      R2,R2
    0000009C D336                   MOV.L       L21+8,R3   ; H'0000FF00
    0000009E 6523                   MOV         R2,R5
    000000A0 2539                   AND         R3,R5
    000000A2 6253                   MOV         R5,R2
    000000A4 622D                   EXTU.W      R2,R2
    000000A6 E3F8                   MOV         #-8,R3     ; H'FFFFFFF8
    000000A8 423C                   SHAD        R3,R2
    000000AA 262B                   OR          R2,R6
    000000AC 6063                   MOV         R6,R0
    000000AE 8141                   MOV.W       R0,@(2,R4)
    000000B0 5641                   MOV.L       @(4,R4),R6
    000000B2 955D                   MOV.W       L21,R5     ; H'00FF
    000000B4 6263                   MOV         R6,R2
    000000B6 2259                   AND         R5,R2
    000000B8 4228                   SHLL16      R2
    000000BA 4218                   SHLL8       R2
    000000BC 5641                   MOV.L       @(4,R4),R6
    000000BE D52E                   MOV.L       L21+8,R5   ; H'0000FF00
    000000C0 2659                   AND         R5,R6
    000000C2 4618                   SHLL8       R6
    000000C4 226B                   OR          R6,R2
    000000C6 6623                   MOV         R2,R6
    000000C8 5241                   MOV.L       @(4,R4),R2
    000000CA D52C                   MOV.L       L21+12,R5  ; H'00FF0000
    000000CC 2259                   AND         R5,R2
    000000CE 4219                   SHLR8       R2
    000000D0 262B                   OR          R2,R6
    000000D2 5241                   MOV.L       @(4,R4),R2
    000000D4 D32A                   MOV.L       L21+16,R3  ; H'FF000000
    000000D6 2239                   AND         R3,R2
    000000D8 4229                   SHLR16      R2
    000000DA 4219                   SHLR8       R2
    000000DC 262B                   OR          R2,R6
    000000DE 1461                   MOV.L       R6,@(4,R4)
    000000E0 000B                   RTS
    000000E2 0009                   NOP
    000000E4              __$chg_ul_aft_read:              ; function: __$chg_ul_aft_read
                                                           ; frame size=12
    000000E4 2FE6                   MOV.L       R14,@-R15
    000000E6 7FF8                   ADD         #-8,R15
    000000E8 6542                   MOV.L       @R4,R5
    000000EA 9641                   MOV.W       L21,R6     ; H'00FF
    000000EC 6253                   MOV         R5,R2
    000000EE 2269                   AND         R6,R2
    000000F0 4228                   SHLL16      R2
    000000F2 4218                   SHLL8       R2
    000000F4 6642                   MOV.L       @R4,R6
    000000F6 D520                   MOV.L       L21+8,R5   ; H'0000FF00
    000000F8 2659                   AND         R5,R6
    000000FA 4618                   SHLL8       R6
    000000FC 226B                   OR          R6,R2
    000000FE 6623                   MOV         R2,R6
    00000100 6242                   MOV.L       @R4,R2
    00000102 D51E                   MOV.L       L21+12,R5  ; H'00FF0000
    00000104 2259                   AND         R5,R2
    00000106 4219                   SHLR8       R2
    00000108 262B                   OR          R2,R6
    0000010A 6242                   MOV.L       @R4,R2
    0000010C D31C                   MOV.L       L21+16,R3  ; H'FF000000
    0000010E 2239                   AND         R3,R2
    00000110 4229                   SHLR16      R2
    00000112 4219                   SHLR8       R2
    00000114 262B                   OR          R2,R6
    00000116 2462                   MOV.L       R6,@R4
    00000118 E200                   MOV         #0,R2      ; H'00000000
    0000011A E310                   MOV         #16,R3     ; H'00000010
    0000011C 3233                   CMP/GE      R3,R2
    0000011E 8923                   BT          L19
    00000120              L20:
    00000120 6523                   MOV         R2,R5
    00000122 6653                   MOV         R5,R6
    00000124 4600                   SHLL        R6
    00000126 6743                   MOV         R4,R7
    00000128 7704                   ADD         #4,R7
    0000012A 6063                   MOV         R6,R0
    0000012C 057D                   MOV.W       @(R0,R7),R5
    0000012E 655F                   EXTS.W      R5,R5
    00000130 931E                   MOV.W       L21,R3     ; H'00FF
    00000132 6653                   MOV         R5,R6
    00000134 2639                   AND         R3,R6
    00000136 4618                   SHLL8       R6
    00000138 6523                   MOV         R2,R5
    0000013A 4500                   SHLL        R5
    0000013C 6E43                   MOV         R4,R14
    0000013E 7E04                   ADD         #4,R14
    00000140 6053                   MOV         R5,R0
    00000142 07ED                   MOV.W       @(R0,R14),R7
    00000144 677F                   EXTS.W      R7,R7
    00000146 D30C                   MOV.L       L21+8,R3   ; H'0000FF00
    00000148 6573                   MOV         R7,R5
    0000014A 2539                   AND         R3,R5
    0000014C 655D                   EXTU.W      R5,R5
    0000014E E3F8                   MOV         #-8,R3     ; H'FFFFFFF8
    00000150 453C                   SHAD        R3,R5
    00000152 265B                   OR          R5,R6
    00000154 6523                   MOV         R2,R5
    00000156 4500                   SHLL        R5
    00000158 6743                   MOV         R4,R7
    0000015A 7704                   ADD         #4,R7
    0000015C 6053                   MOV         R5,R0
    0000015E 0765                   MOV.W       R6,@(R0,R7)
    00000160 7201                   ADD         #1,R2
    00000162 E310                   MOV         #16,R3     ; H'00000010
    00000164 3233                   CMP/GE      R3,R2
    00000166 8BDB                   BF          L20
    00000168              L19:
    00000168 7F08                   ADD         #8,R15
    0000016A 6EF6                   MOV.L       @R15+,R14
    0000016C 000B                   RTS
    0000016E 0009                   NOP
    00000170              L21:
    00000170 00FF                   .DATA.W     H'00FF
    00000172 00000002               .RES.W      1
    00000174 <00000000>             .DATA.L     _dad_dpm_write
    00000178 0000FF00               .DATA.L     H'0000FF00
    0000017C 00FF0000               .DATA.L     H'00FF0000
    00000180 FF000000               .DATA.L     H'FF000000
SH SERIES C/C++ Compiler (Ver. checker(2003.03.17))                                              11-May-2005 16:19:30  PAGE    1


******** STATISTICS INFORMATION ********


********** ERROR INFORMATION ***********

NUMBER OF ERRORS:           0
NUMBER OF WARNINGS:         0
NUMBER OF INFORMATIONS:     1



******* SOURCE LINE INFORMATION ********

COMPILED SOURCE LINE:      115



******* SECTION SIZE INFORMATION *******

PROGRAM  SECTION (P):                               00000184 Byte(s)
CONSTANT SECTION (C):                               00000000 Byte(s)
DATA     SECTION (D):                               00000000 Byte(s)
BSS      SECTION (B):                               00000000 Byte(s)

TOTAL PROGRAM  SECTION: 00000184 Byte(s)
TOTAL CONSTANT SECTION: 00000000 Byte(s)
TOTAL DATA     SECTION: 00000000 Byte(s)
TOTAL BSS      SECTION: 00000000 Byte(s)

    TOTAL PROGRAM SIZE: 00000184 Byte(s)



********** LABEL INFORMATION ***********

NUMBER OF EXTERNAL REFERENCE SYMBOLS:            1
NUMBER OF EXTERNAL DEFINITION SYMBOLS:           1
NUMBER OF INTERNAL/EXTERNAL SYMBOLS:             8
*** COMMAND PARAMETER ***


  -cpu=sh3 -op=0 -en=big -me -debug -comment=nest -l -def=DEBUG,MAS_P5561,MAS_BIG_ENDIAN -i=P:\PRESTO2\SHINC,C:\usr\local\SH\7_1_1\include,P:\PRESTO2\NORTI_12\inc dadfzt.c 

