SH SERIES C/C++ Compiler (Ver. checker(2003.03.17))                                              11-May-2005 16:19:26  PAGE    1

************ OBJECT LISTING ************

FILE NAME: dadsini.c

SCT OFFSET   CODE       C LABEL     INSTRUCTION OPERAND    COMMENT

P   00000000              _dad_sys_init:                   ; function: dad_sys_init
                                                           ; frame size=36
    00000000 4F22                   STS.L       PR,@-R15
    00000002 4F12                   STS.L       MACL,@-R15
    00000004 7FE4                   ADD         #-28,R15
    00000006 6643                   MOV         R4,R6
    00000008 1F65                   MOV.L       R6,@(20,R15)
    0000000A D28E                   MOV.L       L28+10,R2  ; _dad_ds
    0000000C 7204                   ADD         #4,R2
    0000000E D58D                   MOV.L       L28+10,R5  ; _dad_ds
    00000010 1521                   MOV.L       R2,@(4,R5)
    00000012 6463                   MOV         R6,R4
    00000014 D38C                   MOV.L       L28+14,R3  ; _init_dad_dpm_read
    00000016 430B                   JSR         @R3
    00000018 0009                   NOP
    0000001A 6203                   MOV         R0,R2
    0000001C 2228                   TST         R2,R2
    0000001E 8902                   BT          L12
    00000020 E2FF                   MOV         #-1,R2     ; H'FFFFFFFF
    00000022 A104                   BRA         L13
    00000024 0009                   NOP
    00000026              L12:
    00000026 56F5                   MOV.L       @(20,R15),R6
    00000028 6463                   MOV         R6,R4
    0000002A D388                   MOV.L       L28+18,R3  ; _init_dad_dpm_write
    0000002C 430B                   JSR         @R3
    0000002E 0009                   NOP
    00000030 6203                   MOV         R0,R2
    00000032 2228                   TST         R2,R2
    00000034 8902                   BT          L15
    00000036 E2FF                   MOV         #-1,R2     ; H'FFFFFFFF
    00000038 A0F9                   BRA         L13
    0000003A 0009                   NOP
    0000003C              L15:
    0000003C D784                   MOV.L       L28+22,R7  ; _dad_int_hdr
    0000003E 56F5                   MOV.L       @(20,R15),R6
    00000040 6563                   MOV         R6,R5
    00000042 6253                   MOV         R5,R2
    00000044 4208                   SHLL2       R2
    00000046 6023                   MOV         R2,R0
    00000048 047E                   MOV.L       @(R0,R7),R4
    0000004A D382                   MOV.L       L28+26,R3  ; __icu_dev_hunt
    0000004C 430B                   JSR         @R3
    0000004E 0009                   NOP
    00000050 6503                   MOV         R0,R5
    00000052 D481                   MOV.L       L28+30,R4  ; _dad_icu_inf
    00000054 56F5                   MOV.L       @(20,R15),R6
    00000056 6263                   MOV         R6,R2
    00000058 4208                   SHLL2       R2
    0000005A 6023                   MOV         R2,R0
    0000005C 0455                   MOV.W       R5,@(R0,R4)
    0000005E D47E                   MOV.L       L28+30,R4  ; _dad_icu_inf
    00000060 6263                   MOV         R6,R2
    00000062 4208                   SHLL2       R2
    00000064 6023                   MOV         R2,R0
    00000066 054D                   MOV.W       @(R0,R4),R5
    00000068 605F                   EXTS.W      R5,R0
    0000006A 88FF                   CMP/EQ      #-1,R0
    0000006C 8B02                   BF          L17
    0000006E E2FF                   MOV         #-1,R2     ; H'FFFFFFFF
    00000070 A0DD                   BRA         L13
    00000072 0009                   NOP
    00000074              L17:
    00000074 D478                   MOV.L       L28+30,R4  ; _dad_icu_inf
    00000076 6563                   MOV         R6,R5
    00000078 6253                   MOV         R5,R2
    0000007A 4208                   SHLL2       R2
    0000007C 6023                   MOV         R2,R0
    0000007E 054D                   MOV.W       @(R0,R4),R5
    00000080 93DB                   MOV.W       L28,R3     ; H'00FF
    00000082 2539                   AND         R3,R5
    00000084 D474                   MOV.L       L28+30,R4  ; _dad_icu_inf
    00000086 7402                   ADD         #2,R4
    00000088 6263                   MOV         R6,R2
    0000008A 4208                   SHLL2       R2
    0000008C 6023                   MOV         R2,R0
    0000008E 0454                   MOV.B       R5,@(R0,R4)
    00000090 D471                   MOV.L       L28+30,R4  ; _dad_icu_inf
    00000092 6263                   MOV         R6,R2
    00000094 4208                   SHLL2       R2
    00000096 6023                   MOV         R2,R0
    00000098 054D                   MOV.W       @(R0,R4),R5
    0000009A 6253                   MOV         R5,R2
    0000009C D56F                   MOV.L       L28+34,R5  ; H'0000FF00
    0000009E 2259                   AND         R5,R2
    000000A0 D46D                   MOV.L       L28+30,R4  ; _dad_icu_inf
    000000A2 7402                   ADD         #2,R4
    000000A4 6763                   MOV         R6,R7
    000000A6 6573                   MOV         R7,R5
    000000A8 4508                   SHLL2       R5
    000000AA 7501                   ADD         #1,R5
    000000AC 6053                   MOV         R5,R0
    000000AE 0424                   MOV.B       R2,@(R0,R4)
    000000B0 D269                   MOV.L       L28+30,R2  ; _dad_icu_inf
    000000B2 7202                   ADD         #2,R2
    000000B4 6463                   MOV         R6,R4
    000000B6 6543                   MOV         R4,R5
    000000B8 4508                   SHLL2       R5
    000000BA 7501                   ADD         #1,R5
    000000BC 6053                   MOV         R5,R0
    000000BE 042C                   MOV.B       @(R0,R2),R4
    000000C0 624C                   EXTU.B      R4,R2
    000000C2 622C                   EXTU.B      R2,R2
    000000C4 6423                   MOV         R2,R4
    000000C6 D366                   MOV.L       L28+38,R3  ; __get_ipfw
    000000C8 430B                   JSR         @R3
    000000CA 0009                   NOP
    000000CC 6203                   MOV         R0,R2
    000000CE 6023                   MOV         R2,R0
    000000D0 6203                   MOV         R0,R2
    000000D2 6323                   MOV         R2,R3
    000000D4 D163                   MOV.L       L28+42,R1  ; _dadc_id_io
    000000D6 2132                   MOV.L       R3,@R1
    000000D8 D763                   MOV.L       L28+46,R7  ; __$idno
    000000DA 56F5                   MOV.L       @(20,R15),R6
    000000DC 6563                   MOV         R6,R5
    000000DE 6253                   MOV         R5,R2
    000000E0 4208                   SHLL2       R2
    000000E2 6023                   MOV         R2,R0
    000000E4 047E                   MOV.L       @(R0,R7),R4
    000000E6 D361                   MOV.L       L28+50,R3  ; __dpm_init
    000000E8 430B                   JSR         @R3
    000000EA 0009                   NOP
    000000EC 6503                   MOV         R0,R5
    000000EE 1F52                   MOV.L       R5,@(8,R15)
    000000F0 2558                   TST         R5,R5
    000000F2 8B02                   BF          L19
    000000F4 E2FF                   MOV         #-1,R2     ; H'FFFFFFFF
    000000F6 A09A                   BRA         L13
    000000F8 0009                   NOP
    000000FA              L19:
    000000FA D75D                   MOV.L       L28+54,R7  ; _dadc_ctxt_tbl
    000000FC 56F5                   MOV.L       @(20,R15),R6
    000000FE 6263                   MOV         R6,R2
    00000100 E305                   MOV         #5,R3      ; H'00000005
    00000102 423D                   SHLD        R3,R2
    00000104 372C                   ADD         R2,R7
    00000106 2F72                   MOV.L       R7,@R15
    00000108 6252                   MOV.L       @R5,R2
    0000010A 2722                   MOV.L       R2,@R7
    0000010C 5252                   MOV.L       @(8,R5),R2
    0000010E 1721                   MOV.L       R2,@(4,R7)
    00000110 5253                   MOV.L       @(12,R5),R2
    00000112 1722                   MOV.L       R2,@(8,R7)
    00000114 5254                   MOV.L       @(16,R5),R2
    00000116 1723                   MOV.L       R2,@(12,R7)
    00000118 E200                   MOV         #0,R2      ; H'00000000
    0000011A 1724                   MOV.L       R2,@(16,R7)
    0000011C 5451                   MOV.L       @(4,R5),R4
    0000011E E202                   MOV         #2,R2      ; H'00000002
    00000120 D354                   MOV.L       L28+58,R3  ; __divlu
    00000122 6143                   MOV         R4,R1
    00000124 6023                   MOV         R2,R0
    00000126 430B                   JSR         @R3
    00000128 0009                   NOP
    0000012A 6203                   MOV         R0,R2
    0000012C 9486                   MOV.W       L28+2,R4   ; H'03FF
    0000012E 324C                   ADD         R4,R2
    00000130 9485                   MOV.W       L28+4,R4   ; H'0400
    00000132 D350                   MOV.L       L28+58,R3  ; __divlu
    00000134 6123                   MOV         R2,R1
    00000136 6043                   MOV         R4,R0
    00000138 430B                   JSR         @R3
    0000013A 0009                   NOP
    0000013C 6203                   MOV         R0,R2
    0000013E 947E                   MOV.W       L28+4,R4   ; H'0400
    00000140 0427                   MUL.L       R2,R4
    00000142 031A                   STS         MACL,R3
    00000144 1F36                   MOV.L       R3,@(24,R15)
    00000146 431A                   LDS         R3,MACL
    00000148 021A                   STS         MACL,R2
    0000014A 67F2                   MOV.L       @R15,R7
    0000014C 1725                   MOV.L       R2,@(20,R7)
    0000014E 5275                   MOV.L       @(20,R7),R2
    00000150 1726                   MOV.L       R2,@(24,R7)
    00000152 55F2                   MOV.L       @(8,R15),R5
    00000154 5251                   MOV.L       @(4,R5),R2
    00000156 5575                   MOV.L       @(20,R7),R5
    00000158 3258                   SUB         R5,R2
    0000015A 1727                   MOV.L       R2,@(28,R7)
    0000015C 5575                   MOV.L       @(20,R7),R5
    0000015E 5277                   MOV.L       @(28,R7),R2
    00000160 3522                   CMP/HS      R2,R5
    00000162 8902                   BT          L21
    00000164 E2FF                   MOV         #-1,R2     ; H'FFFFFFFF
    00000166 A062                   BRA         L13
    00000168 0009                   NOP
    0000016A              L21:
    0000016A 9369                   MOV.W       L28+6,R3   ; H'55AA
    0000016C 6033                   MOV         R3,R0
    0000016E 81F6                   MOV.W       R0,@(12,R15)
    00000170 633F                   EXTS.W      R3,R3
    00000172 6533                   MOV         R3,R5
    00000174 655F                   EXTS.W      R5,R5
    00000176 9360                   MOV.W       L28,R3     ; H'00FF
    00000178 6253                   MOV         R5,R2
    0000017A 2239                   AND         R3,R2
    0000017C 4218                   SHLL8       R2
    0000017E 85F6                   MOV.W       @(12,R15),R0
    00000180 6303                   MOV         R0,R3
    00000182 6533                   MOV         R3,R5
    00000184 655F                   EXTS.W      R5,R5
    00000186 D335                   MOV.L       L28+34,R3  ; H'0000FF00
    00000188 6453                   MOV         R5,R4
    0000018A 2439                   AND         R3,R4
    0000018C 644D                   EXTU.W      R4,R4
    0000018E 6543                   MOV         R4,R5
    00000190 E3F8                   MOV         #-8,R3     ; H'FFFFFFF8
    00000192 453C                   SHAD        R3,R5
    00000194 225B                   OR          R5,R2
    00000196 6323                   MOV         R2,R3
    00000198 6033                   MOV         R3,R0
    0000019A 81F6                   MOV.W       R0,@(12,R15)
    0000019C 633F                   EXTS.W      R3,R3
    0000019E 6337                   NOT         R3,R3
    000001A0 6033                   MOV         R3,R0
    000001A2 81F6                   MOV.W       R0,@(12,R15)
    000001A4              L22:
    000001A4 85F6                   MOV.W       @(12,R15),R0
    000001A6 6303                   MOV         R0,R3
    000001A8 6433                   MOV         R3,R4
    000001AA 67F2                   MOV.L       @R15,R7
    000001AC 6572                   MOV.L       @R7,R5
    000001AE 5273                   MOV.L       @(12,R7),R2
    000001B0 352C                   ADD         R2,R5
    000001B2 644D                   EXTU.W      R4,R4
    000001B4 D330                   MOV.L       L28+62,R3  ; _verify_5561puti
    000001B6 430B                   JSR         @R3
    000001B8 0009                   NOP
    000001BA 6203                   MOV         R0,R2
    000001BC 2228                   TST         R2,R2
    000001BE 8BF1                   BF          L22
    000001C0 56F5                   MOV.L       @(20,R15),R6
    000001C2 6463                   MOV         R6,R4
    000001C4 D32D                   MOV.L       L28+66,R3  ; _init_dadi_tsk
    000001C6 430B                   JSR         @R3
    000001C8 0009                   NOP
    000001CA 6203                   MOV         R0,R2
    000001CC 2228                   TST         R2,R2
    000001CE 8902                   BT          L25
    000001D0 E2FF                   MOV         #-1,R2     ; H'FFFFFFFF
    000001D2 A02C                   BRA         L13
    000001D4 0009                   NOP
    000001D6              L25:
    000001D6 E300                   MOV         #0,R3      ; H'00000000
    000001D8 6033                   MOV         R3,R0
    000001DA 81F6                   MOV.W       R0,@(12,R15)
    000001DC 633F                   EXTS.W      R3,R3
    000001DE 6633                   MOV         R3,R6
    000001E0 932B                   MOV.W       L28,R3     ; H'00FF
    000001E2 666F                   EXTS.W      R6,R6
    000001E4 6263                   MOV         R6,R2
    000001E6 2239                   AND         R3,R2
    000001E8 4218                   SHLL8       R2
    000001EA 85F6                   MOV.W       @(12,R15),R0
    000001EC 6303                   MOV         R0,R3
    000001EE 6633                   MOV         R3,R6
    000001F0 D31A                   MOV.L       L28+34,R3  ; H'0000FF00
    000001F2 666F                   EXTS.W      R6,R6
    000001F4 6463                   MOV         R6,R4
    000001F6 2439                   AND         R3,R4
    000001F8 644D                   EXTU.W      R4,R4
    000001FA 6543                   MOV         R4,R5
    000001FC E3F8                   MOV         #-8,R3     ; H'FFFFFFF8
    000001FE 453C                   SHAD        R3,R5
    00000200 225B                   OR          R5,R2
    00000202 6323                   MOV         R2,R3
    00000204 6033                   MOV         R3,R0
    00000206 81F6                   MOV.W       R0,@(12,R15)
    00000208 633F                   EXTS.W      R3,R3
    0000020A 6337                   NOT         R3,R3
    0000020C 6033                   MOV         R3,R0
    0000020E 81F6                   MOV.W       R0,@(12,R15)
    00000210              L26:
    00000210 85F6                   MOV.W       @(12,R15),R0
    00000212 6303                   MOV         R0,R3
    00000214 6433                   MOV         R3,R4
    00000216 67F2                   MOV.L       @R15,R7
    00000218 6572                   MOV.L       @R7,R5
    0000021A 5273                   MOV.L       @(12,R7),R2
    0000021C 352C                   ADD         R2,R5
    0000021E 644D                   EXTU.W      R4,R4
    00000220 D315                   MOV.L       L28+62,R3  ; _verify_5561puti
    00000222 430B                   JSR         @R3
    00000224 0009                   NOP
    00000226 6203                   MOV         R0,R2
    00000228 2228                   TST         R2,R2
    0000022A 8BF1                   BF          L26
    0000022C E200                   MOV         #0,R2      ; H'00000000
    0000022E              L13:
    0000022E 6023                   MOV         R2,R0
    00000230 7F1C                   ADD         #28,R15
    00000232 4F16                   LDS.L       @R15+,MACL
    00000234 4F26                   LDS.L       @R15+,PR
    00000236 000B                   RTS
    00000238 0009                   NOP
    0000023A              L28:
    0000023A 00FF                   .DATA.W     H'00FF
    0000023C 03FF                   .DATA.W     H'03FF
    0000023E 0400                   .DATA.W     H'0400
    00000240 55AA                   .DATA.W     H'55AA
    00000242 00000002               .RES.W      1
    00000244 <00000000>             .DATA.L     _dad_ds
    00000248 <00000000>             .DATA.L     _init_dad_dpm_read
    0000024C <00000000>             .DATA.L     _init_dad_dpm_write
    00000250 <00000000>             .DATA.L     _dad_int_hdr
    00000254 <00000000>             .DATA.L     __icu_dev_hunt
    00000258 <00000000>             .DATA.L     _dad_icu_inf
    0000025C 0000FF00               .DATA.L     H'0000FF00
    00000260 <00000000>             .DATA.L     __get_ipfw
    00000264 <00000000>             .DATA.L     _dadc_id_io
    00000268 <00000000>             .DATA.L     __$idno
    0000026C <00000000>             .DATA.L     __dpm_init
    00000270 <00000000>             .DATA.L     _dadc_ctxt_tbl
    00000274 <00000000>             .DATA.L     __divlu
    00000278 <00000000>             .DATA.L     _verify_5561puti
    0000027C <00000000>             .DATA.L     _init_dadi_tsk
C   00000000              _dad_int_hdr:                    ; static: dad_int_hdr
    00000000 <00000000>             .DATA.L     _dadc0_int_hdr
    00000004 <00000000>             .DATA.L     _dadc1_int_hdr
    00000008              __$idno:                         ; static: __$idno
    00000008 0000000200             .DATA.L     H'00000002,H'00000003
             000003       
D   00000000              _dadc_ctxt_tbl:                  ; static: dadc_ctxt_tbl
    00000000 00000000               .DATA.L     H'00000000
    00000004 00000000               .DATA.L     H'00000000
    00000008 0000000000             .DATA.L     H'00000000,H'00000000,H'00000000,H'00000800,H'00000800,H'00000800,H'00000000
             0000000000   
             0000000008   
             0000000800   
             0000080000   
             000000       
    00000024 00000000               .DATA.L     H'00000000
    00000028 0000000000             .DATA.L     H'00000000,H'00000000,H'00000000,H'00000800,H'00000800,H'00000800
             0000000000   
             0000000008   
             0000000800   
             00000800     
    00000040              _dad_slf_chk:                    ; static: dad_slf_chk
    00000040 00000000               .DATA.W     H'0000,H'0000
    00000044 00                     .DATAB.B    4,0
    00000048              _dad_afv_err:                    ; static: dad_afv_err
    00000048 00000000               .DATA.L     H'00000000
    0000004C 0000                   .DATA.W     H'0000
    0000004E 00                     .DATAB.B    10,0
    00000058              _dad_icu_inf:                    ; static: dad_icu_inf
    00000058 FFFF                   .DATA.W     H'FFFFFFFF
    0000005A FFFF                   .DATA.B     H'FF,H'FF
    0000005C FFFF                   .DATA.W     H'FFFFFFFF
    0000005E FFFF                   .DATA.B     H'FF,H'FF
    00000060              _dad_base:                       ; static: dad_base
    00000060 0010000400             .DATA.W     H'0010,H'0004,H'0004,H'0010,H'0004,H'0004
             0400100004   
             0004         
    0000006C              _dadi_tsk_id:                    ; static: dadi_tsk_id
    0000006C 0000001A00             .DATA.L     H'0000001A,H'0000001B
             00001B       
    00000074              _dadi_tsk_pri:                   ; static: dadi_tsk_pri
    00000074 0000000200             .DATA.L     H'00000002,H'00000002
             000002       
    0000007C              _dad_poll_time:                  ; static: dad_poll_time
    0000007C 00000005               .DATA.L     H'00000005
    00000080              _dad_tmout:                      ; static: dad_tmout
    00000080 0000AFC8               .DATA.L     H'0000AFC8
    00000084              _dad_ds:                         ; static: dad_ds
    00000084 00000000               .DATA.L     H'00000000
    00000088 00                     .DATAB.B    4,0
B   00000000              _dadc_id_io:                     ; static: dadc_id_io
    00000000 00000004               .RES.L      4
    00000010              _dadi_tsk:                       ; static: dadi_tsk
    00000010 00000004               .RES.L      4
SH SERIES C/C++ Compiler (Ver. checker(2003.03.17))                                              11-May-2005 16:19:26  PAGE    1


******** STATISTICS INFORMATION ********


********** ERROR INFORMATION ***********

NUMBER OF ERRORS:           0
NUMBER OF WARNINGS:         0
NUMBER OF INFORMATIONS:     3



******* SOURCE LINE INFORMATION ********

COMPILED SOURCE LINE:      123



******* SECTION SIZE INFORMATION *******

PROGRAM  SECTION (P):                               00000280 Byte(s)
CONSTANT SECTION (C):                               00000010 Byte(s)
DATA     SECTION (D):                               0000008C Byte(s)
BSS      SECTION (B):                               00000020 Byte(s)

TOTAL PROGRAM  SECTION: 00000280 Byte(s)
TOTAL CONSTANT SECTION: 00000010 Byte(s)
TOTAL DATA     SECTION: 0000008C Byte(s)
TOTAL BSS      SECTION: 00000020 Byte(s)

    TOTAL PROGRAM SIZE: 0000033C Byte(s)



********** LABEL INFORMATION ***********

NUMBER OF EXTERNAL REFERENCE SYMBOLS:           10
NUMBER OF EXTERNAL DEFINITION SYMBOLS:          14
NUMBER OF INTERNAL/EXTERNAL SYMBOLS:            34
*** COMMAND PARAMETER ***


  -cpu=sh3 -op=0 -en=big -me -debug -comment=nest -l -def=DEBUG,MAS_P5561,MAS_BIG_ENDIAN -i=P:\PRESTO2\SHINC,C:\usr\local\SH\7_1_1\include,P:\PRESTO2\NORTI_12\inc dadsini.c 

