SH SERIES C/C++ Compiler (Ver. checker(2003.03.17))                                              11-May-2005 16:19:46  PAGE    1

************ OBJECT LISTING ************

FILE NAME: dadsck.c

SCT OFFSET   CODE       C LABEL     INSTRUCTION OPERAND    COMMENT

P   00000000              _dad_self_chk:                   ; function: dad_self_chk
                                                           ; frame size=0
    00000000 D20E                   MOV.L       L14+2,R2   ; _dad_slf_chk
    00000002 7202                   ADD         #2,R2
    00000004 6543                   MOV         R4,R5
    00000006 6653                   MOV         R5,R6
    00000008 4608                   SHLL2       R6
    0000000A 6063                   MOV         R6,R0
    0000000C 052D                   MOV.W       @(R0,R2),R5
    0000000E D70B                   MOV.L       L14+2,R7   ; _dad_slf_chk
    00000010 6643                   MOV         R4,R6
    00000012 6263                   MOV         R6,R2
    00000014 4208                   SHLL2       R2
    00000016 6023                   MOV         R2,R0
    00000018 067D                   MOV.W       @(R0,R7),R6
    0000001A 655F                   EXTS.W      R5,R5
    0000001C 666F                   EXTS.W      R6,R6
    0000001E 6253                   MOV         R5,R2
    00000020 226B                   OR          R6,R2
    00000022 2228                   TST         R2,R2
    00000024 8905                   BT          L12
    00000026 D205                   MOV.L       L14+2,R2   ; _dad_slf_chk
    00000028 6643                   MOV         R4,R6
    0000002A 4608                   SHLL2       R6
    0000002C 326C                   ADD         R6,R2
    0000002E A001                   BRA         L13
    00000030 0009                   NOP
    00000032              L12:
    00000032 E200                   MOV         #0,R2      ; H'00000000
    00000034              L13:
    00000034 6023                   MOV         R2,R0
    00000036 000B                   RTS
    00000038 0009                   NOP
    0000003A              L14:
    0000003A 00000002               .RES.W      1
    0000003C <00000000>             .DATA.L     _dad_slf_chk
SH SERIES C/C++ Compiler (Ver. checker(2003.03.17))                                              11-May-2005 16:19:46  PAGE    1


******** STATISTICS INFORMATION ********


********** ERROR INFORMATION ***********

NUMBER OF ERRORS:           0
NUMBER OF WARNINGS:         0
NUMBER OF INFORMATIONS:     0



******* SOURCE LINE INFORMATION ********

COMPILED SOURCE LINE:       43



******* SECTION SIZE INFORMATION *******

PROGRAM  SECTION (P):                               00000040 Byte(s)
CONSTANT SECTION (C):                               00000000 Byte(s)
DATA     SECTION (D):                               00000000 Byte(s)
BSS      SECTION (B):                               00000000 Byte(s)

TOTAL PROGRAM  SECTION: 00000040 Byte(s)
TOTAL CONSTANT SECTION: 00000000 Byte(s)
TOTAL DATA     SECTION: 00000000 Byte(s)
TOTAL BSS      SECTION: 00000000 Byte(s)

    TOTAL PROGRAM SIZE: 00000040 Byte(s)



********** LABEL INFORMATION ***********

NUMBER OF EXTERNAL REFERENCE SYMBOLS:            1
NUMBER OF EXTERNAL DEFINITION SYMBOLS:           1
NUMBER OF INTERNAL/EXTERNAL SYMBOLS:             5
*** COMMAND PARAMETER ***


  -cpu=sh3 -op=0 -en=big -me -debug -comment=nest -l -def=DEBUG,MAS_P5561,MAS_BIG_ENDIAN -i=P:\PRESTO2\SHINC,C:\usr\local\SH\7_1_1\include,P:\PRESTO2\NORTI_12\inc dadsck.c 

