SH SERIES C/C++ Compiler (Ver. checker(2003.03.17))                                              11-May-2005 16:19:31  PAGE    1

************ OBJECT LISTING ************

FILE NAME: dadspn.c

SCT OFFSET   CODE       C LABEL     INSTRUCTION OPERAND    COMMENT

P   00000000              _dad_span:                       ; function: dad_span
                                                           ; frame size=96
    00000000 2FE6                   MOV.L       R14,@-R15
    00000002 4F22                   STS.L       PR,@-R15
    00000004 7FA8                   ADD         #-88,R15
    00000006 E054                   MOV         #84,R0     ; H'00000054
    00000008 0F66                   MOV.L       R6,@(R0,R15)
    0000000A 6253                   MOV         R5,R2
    0000000C 6E43                   MOV         R4,R14
    0000000E E300                   MOV         #0,R3      ; H'00000000
    00000010 6033                   MOV         R3,R0
    00000012 81F6                   MOV.W       R0,@(12,R15)
    00000014 E300                   MOV         #0,R3      ; H'00000000
    00000016 6033                   MOV         R3,R0
    00000018 81FA                   MOV.W       R0,@(20,R15)
    0000001A 72FF                   ADD         #-1,R2
    0000001C E050                   MOV         #80,R0     ; H'00000050
    0000001E 0F26                   MOV.L       R2,@(R0,R15)
    00000020 6623                   MOV         R2,R6
    00000022 4611                   CMP/PZ      R6
    00000024 8902                   BT          L12
    00000026 E2FF                   MOV         #-1,R2     ; H'FFFFFFFF
    00000028 A061                   BRA         L13
    0000002A 0009                   NOP
    0000002C              L12:
    0000002C E304                   MOV         #4,R3      ; H'00000004
    0000002E 6033                   MOV         R3,R0
    00000030 81F7                   MOV.W       R0,@(14,R15)
    00000032 E601                   MOV         #1,R6      ; H'00000001
    00000034 462C                   SHAD        R2,R6
    00000036 6363                   MOV         R6,R3
    00000038 1F34                   MOV.L       R3,@(16,R15)
    0000003A 64F3                   MOV         R15,R4
    0000003C 740C                   ADD         #12,R4
    0000003E B05C                   BSR         __$chg_ul_bef_write
    00000040 0009                   NOP
    00000042 E706                   MOV         #6,R7      ; H'00000006
    00000044 65F3                   MOV         R15,R5
    00000046 754C                   ADD         #76,R5
    00000048 66F3                   MOV         R15,R6
    0000004A 760E                   ADD         #14,R6
    0000004C 64E3                   MOV         R14,R4
    0000004E 677F                   EXTS.W      R7,R7
    00000050 D36E                   MOV.L       L27+2,R3   ; _dad_dpm_write
    00000052 430B                   JSR         @R3
    00000054 0009                   NOP
    00000056 6603                   MOV         R0,R6
    00000058 4611                   CMP/PZ      R6
    0000005A 8902                   BT          L15
    0000005C E2FF                   MOV         #-1,R2     ; H'FFFFFFFF
    0000005E A046                   BRA         L13
    00000060 0009                   NOP
    00000062              L15:
    00000062 64E3                   MOV         R14,R4
    00000064 D36A                   MOV.L       L27+6,R3   ; _wai_span_flg
    00000066 430B                   JSR         @R3
    00000068 0009                   NOP
    0000006A 6303                   MOV         R0,R3
    0000006C E04C                   MOV         #76,R0     ; H'0000004C
    0000006E 0F36                   MOV.L       R3,@(R0,R15)
    00000070 6633                   MOV         R3,R6
    00000072 2668                   TST         R6,R6
    00000074 8916                   BT          L17
    00000076 E04C                   MOV         #76,R0     ; H'0000004C
    00000078 03FE                   MOV.L       @(R0,R15),R3
    0000007A E04C                   MOV         #76,R0     ; H'0000004C
    0000007C 01FE                   MOV.L       @(R0,R15),R1
    0000007E 2138                   TST         R3,R1
    00000080 890D                   BT          L19
    00000082 D464                   MOV.L       L27+10,R4  ; __iob
    00000084 7428                   ADD         #40,R4
    00000086 D264                   MOV.L       L27+14,R2  ; L28
    00000088 2F22                   MOV.L       R2,@R15
    0000008A D264                   MOV.L       L27+18,R2  ; L29
    0000008C 1F21                   MOV.L       R2,@(4,R15)
    0000008E E366                   MOV         #102,R3    ; H'00000066
    00000090 1F32                   MOV.L       R3,@(8,R15)
    00000092 D363                   MOV.L       L27+22,R3  ; _fprintf
    00000094 430B                   JSR         @R3
    00000096 0009                   NOP
    00000098 D362                   MOV.L       L27+26,R3  ; _abort
    0000009A 430B                   JSR         @R3
    0000009C 0009                   NOP
    0000009E              L19:
    0000009E E2FF                   MOV         #-1,R2     ; H'FFFFFFFF
    000000A0 A025                   BRA         L13
    000000A2 0009                   NOP
    000000A4              L17:
    000000A4 E702                   MOV         #2,R7      ; H'00000002
    000000A6 65F3                   MOV         R15,R5
    000000A8 7518                   ADD         #24,R5
    000000AA E636                   MOV         #54,R6     ; H'00000036
    000000AC 64E3                   MOV         R14,R4
    000000AE 677D                   EXTU.W      R7,R7
    000000B0 D35D                   MOV.L       L27+30,R3  ; _dad_dpm_read
    000000B2 430B                   JSR         @R3
    000000B4 0009                   NOP
    000000B6 6603                   MOV         R0,R6
    000000B8 4611                   CMP/PZ      R6
    000000BA 8902                   BT          L21
    000000BC E2FF                   MOV         #-1,R2     ; H'FFFFFFFF
    000000BE A016                   BRA         L13
    000000C0 0009                   NOP
    000000C2              L21:
    000000C2 64F3                   MOV         R15,R4
    000000C4 7414                   ADD         #20,R4
    000000C6 B046                   BSR         __$chg_ul_aft_read
    000000C8 0009                   NOP
    000000CA 66F3                   MOV         R15,R6
    000000CC 761C                   ADD         #28,R6
    000000CE E050                   MOV         #80,R0     ; H'00000050
    000000D0 02FE                   MOV.L       @(R0,R15),R2
    000000D2 6523                   MOV         R2,R5
    000000D4 6253                   MOV         R5,R2
    000000D6 4200                   SHLL        R2
    000000D8 6023                   MOV         R2,R0
    000000DA 056D                   MOV.W       @(R0,R6),R5
    000000DC E054                   MOV         #84,R0     ; H'00000054
    000000DE 03FE                   MOV.L       @(R0,R15),R3
    000000E0 2351                   MOV.W       R5,@R3
    000000E2 53F4                   MOV.L       @(16,R15),R3
    000000E4 51F6                   MOV.L       @(24,R15),R1
    000000E6 2138                   TST         R3,R1
    000000E8 0229                   MOVT        R2
    000000EA E301                   MOV         #1,R3      ; H'00000001
    000000EC 223A                   XOR         R3,R2
    000000EE              L13:
    000000EE 6023                   MOV         R2,R0
    000000F0 7F58                   ADD         #88,R15
    000000F2 4F26                   LDS.L       @R15+,PR
    000000F4 6EF6                   MOV.L       @R15+,R14
    000000F6 000B                   RTS
    000000F8 0009                   NOP
    000000FA              __$chg_ul_bef_write:             ; function: __$chg_ul_bef_write
                                                           ; frame size=0
    000000FA 8541                   MOV.W       @(2,R4),R0
    000000FC 6203                   MOV         R0,R2
    000000FE 622F                   EXTS.W      R2,R2
    00000100 9383                   MOV.W       L27,R3     ; H'00FF
    00000102 6623                   MOV         R2,R6
    00000104 2639                   AND         R3,R6
    00000106 4618                   SHLL8       R6
    00000108 8541                   MOV.W       @(2,R4),R0
    0000010A 6203                   MOV         R0,R2
    0000010C 622F                   EXTS.W      R2,R2
    0000010E D347                   MOV.L       L27+34,R3  ; H'0000FF00
    00000110 6523                   MOV         R2,R5
    00000112 2539                   AND         R3,R5
    00000114 6253                   MOV         R5,R2
    00000116 622D                   EXTU.W      R2,R2
    00000118 E3F8                   MOV         #-8,R3     ; H'FFFFFFF8
    0000011A 423C                   SHAD        R3,R2
    0000011C 262B                   OR          R2,R6
    0000011E 6063                   MOV         R6,R0
    00000120 8141                   MOV.W       R0,@(2,R4)
    00000122 5641                   MOV.L       @(4,R4),R6
    00000124 9571                   MOV.W       L27,R5     ; H'00FF
    00000126 6263                   MOV         R6,R2
    00000128 2259                   AND         R5,R2
    0000012A 4228                   SHLL16      R2
    0000012C 4218                   SHLL8       R2
    0000012E 5641                   MOV.L       @(4,R4),R6
    00000130 D53E                   MOV.L       L27+34,R5  ; H'0000FF00
    00000132 2659                   AND         R5,R6
    00000134 4618                   SHLL8       R6
    00000136 226B                   OR          R6,R2
    00000138 6623                   MOV         R2,R6
    0000013A 5241                   MOV.L       @(4,R4),R2
    0000013C D53C                   MOV.L       L27+38,R5  ; H'00FF0000
    0000013E 2259                   AND         R5,R2
    00000140 4219                   SHLR8       R2
    00000142 262B                   OR          R2,R6
    00000144 5241                   MOV.L       @(4,R4),R2
    00000146 D33B                   MOV.L       L27+42,R3  ; H'FF000000
    00000148 2239                   AND         R3,R2
    0000014A 4229                   SHLR16      R2
    0000014C 4219                   SHLR8       R2
    0000014E 262B                   OR          R2,R6
    00000150 1461                   MOV.L       R6,@(4,R4)
    00000152 000B                   RTS
    00000154 0009                   NOP
    00000156              __$chg_ul_aft_read:              ; function: __$chg_ul_aft_read
                                                           ; frame size=12
    00000156 2FE6                   MOV.L       R14,@-R15
    00000158 7FF8                   ADD         #-8,R15
    0000015A 8541                   MOV.W       @(2,R4),R0
    0000015C 6203                   MOV         R0,R2
    0000015E 622F                   EXTS.W      R2,R2
    00000160 9353                   MOV.W       L27,R3     ; H'00FF
    00000162 6623                   MOV         R2,R6
    00000164 2639                   AND         R3,R6
    00000166 4618                   SHLL8       R6
    00000168 8541                   MOV.W       @(2,R4),R0
    0000016A 6203                   MOV         R0,R2
    0000016C 622F                   EXTS.W      R2,R2
    0000016E D32F                   MOV.L       L27+34,R3  ; H'0000FF00
    00000170 6723                   MOV         R2,R7
    00000172 2739                   AND         R3,R7
    00000174 677D                   EXTU.W      R7,R7
    00000176 6573                   MOV         R7,R5
    00000178 E3F8                   MOV         #-8,R3     ; H'FFFFFFF8
    0000017A 453C                   SHAD        R3,R5
    0000017C 265B                   OR          R5,R6
    0000017E 6063                   MOV         R6,R0
    00000180 8141                   MOV.W       R0,@(2,R4)
    00000182 5241                   MOV.L       @(4,R4),R2
    00000184 9641                   MOV.W       L27,R6     ; H'00FF
    00000186 2269                   AND         R6,R2
    00000188 4228                   SHLL16      R2
    0000018A 4218                   SHLL8       R2
    0000018C 5641                   MOV.L       @(4,R4),R6
    0000018E D527                   MOV.L       L27+34,R5  ; H'0000FF00
    00000190 2659                   AND         R5,R6
    00000192 4618                   SHLL8       R6
    00000194 226B                   OR          R6,R2
    00000196 6623                   MOV         R2,R6
    00000198 5241                   MOV.L       @(4,R4),R2
    0000019A D525                   MOV.L       L27+38,R5  ; H'00FF0000
    0000019C 2259                   AND         R5,R2
    0000019E 4219                   SHLR8       R2
    000001A0 262B                   OR          R2,R6
    000001A2 5241                   MOV.L       @(4,R4),R2
    000001A4 D323                   MOV.L       L27+42,R3  ; H'FF000000
    000001A6 2239                   AND         R3,R2
    000001A8 4229                   SHLR16      R2
    000001AA 4219                   SHLR8       R2
    000001AC 262B                   OR          R2,R6
    000001AE 1461                   MOV.L       R6,@(4,R4)
    000001B0 E200                   MOV         #0,R2      ; H'00000000
    000001B2 E318                   MOV         #24,R3     ; H'00000018
    000001B4 3233                   CMP/GE      R3,R2
    000001B6 8924                   BT          L25
    000001B8              L26:
    000001B8 6623                   MOV         R2,R6
    000001BA 4600                   SHLL        R6
    000001BC 6743                   MOV         R4,R7
    000001BE 7708                   ADD         #8,R7
    000001C0 6063                   MOV         R6,R0
    000001C2 057D                   MOV.W       @(R0,R7),R5
    000001C4 655F                   EXTS.W      R5,R5
    000001C6 9320                   MOV.W       L27,R3     ; H'00FF
    000001C8 6653                   MOV         R5,R6
    000001CA 2639                   AND         R3,R6
    000001CC 4618                   SHLL8       R6
    000001CE 6723                   MOV         R2,R7
    000001D0 6573                   MOV         R7,R5
    000001D2 4500                   SHLL        R5
    000001D4 6743                   MOV         R4,R7
    000001D6 7708                   ADD         #8,R7
    000001D8 6053                   MOV         R5,R0
    000001DA 0E7D                   MOV.W       @(R0,R7),R14
    000001DC 6EEF                   EXTS.W      R14,R14
    000001DE D313                   MOV.L       L27+34,R3  ; H'0000FF00
    000001E0 67E3                   MOV         R14,R7
    000001E2 2739                   AND         R3,R7
    000001E4 677D                   EXTU.W      R7,R7
    000001E6 6573                   MOV         R7,R5
    000001E8 E3F8                   MOV         #-8,R3     ; H'FFFFFFF8
    000001EA 453C                   SHAD        R3,R5
    000001EC 265B                   OR          R5,R6
    000001EE 6523                   MOV         R2,R5
    000001F0 4500                   SHLL        R5
    000001F2 6743                   MOV         R4,R7
    000001F4 7708                   ADD         #8,R7
    000001F6 6053                   MOV         R5,R0
    000001F8 0765                   MOV.W       R6,@(R0,R7)
    000001FA 7201                   ADD         #1,R2
    000001FC E318                   MOV         #24,R3     ; H'00000018
    000001FE 3233                   CMP/GE      R3,R2
    00000200 8BDA                   BF          L26
    00000202              L25:
    00000202 7F08                   ADD         #8,R15
    00000204 6EF6                   MOV.L       @R15+,R14
    00000206 000B                   RTS
    00000208 0009                   NOP
    0000020A              L27:
    0000020A 00FF                   .DATA.W     H'00FF
    0000020C <00000000>             .DATA.L     _dad_dpm_write
    00000210 <00000000>             .DATA.L     _wai_span_flg
    00000214 <00000000>             .DATA.L     __iob
    00000218 <00000000>             .DATA.L     L28
    0000021C <00000000>             .DATA.L     L29
    00000220 <00000000>             .DATA.L     _fprintf
    00000224 <00000000>             .DATA.L     _abort
    00000228 <00000000>             .DATA.L     _dad_dpm_read
    0000022C 0000FF00               .DATA.L     H'0000FF00
    00000230 00FF0000               .DATA.L     H'00FF0000
    00000234 FF000000               .DATA.L     H'FF000000
C   00000000              L28:
    00000000 4153534552             .SDATA      "ASSERTION FAILED: !err FILE %s,LINE %d "
             54494F4E20   
             4641494C45   
             443A202165   
             7272204649   
             4C45202573   
             2C4C494E45   
             20256420     
    00000027 0A00                   .DATA.B     H'0A,H'00
    00000029 00                     .DATAB.B    3,0
    0000002C              L29:
    0000002C 6461647370             .SDATA      "dadspn.c"
             6E2E63       
    00000034 00                     .DATA.B     H'00
SH SERIES C/C++ Compiler (Ver. checker(2003.03.17))                                              11-May-2005 16:19:31  PAGE    1


******** STATISTICS INFORMATION ********


********** ERROR INFORMATION ***********

NUMBER OF ERRORS:           0
NUMBER OF WARNINGS:         0
NUMBER OF INFORMATIONS:     1



******* SOURCE LINE INFORMATION ********

COMPILED SOURCE LINE:      130



******* SECTION SIZE INFORMATION *******

PROGRAM  SECTION (P):                               00000238 Byte(s)
CONSTANT SECTION (C):                               00000035 Byte(s)
DATA     SECTION (D):                               00000000 Byte(s)
BSS      SECTION (B):                               00000000 Byte(s)

TOTAL PROGRAM  SECTION: 00000238 Byte(s)
TOTAL CONSTANT SECTION: 00000035 Byte(s)
TOTAL DATA     SECTION: 00000000 Byte(s)
TOTAL BSS      SECTION: 00000000 Byte(s)

    TOTAL PROGRAM SIZE: 0000026D Byte(s)



********** LABEL INFORMATION ***********

NUMBER OF EXTERNAL REFERENCE SYMBOLS:            6
NUMBER OF EXTERNAL DEFINITION SYMBOLS:           1
NUMBER OF INTERNAL/EXTERNAL SYMBOLS:            18
*** COMMAND PARAMETER ***


  -cpu=sh3 -op=0 -en=big -me -debug -comment=nest -l -def=DEBUG,MAS_P5561,MAS_BIG_ENDIAN -i=P:\PRESTO2\SHINC,C:\usr\local\SH\7_1_1\include,P:\PRESTO2\NORTI_12\inc dadspn.c 

