SH SERIES C/C++ Compiler (Ver. checker(2003.03.17))                                              10-Feb-2005 16:51:16  PAGE    1

************ OBJECT LISTING ************

FILE NAME: rzi045.c

SCT OFFSET   CODE       C LABEL     INSTRUCTION OPERAND    COMMENT

P   00000000              _rz_scan_mlt_cond:               ; function: rz_scan_mlt_cond
                                                           ; frame size=20
    00000000 2FD6                   MOV.L       R13,@-R15
    00000002 2FE6                   MOV.L       R14,@-R15
    00000004 4F22                   STS.L       PR,@-R15
    00000006 7FF8                   ADD         #-8,R15
    00000008 6E43                   MOV         R4,R14
    0000000A 84E5                   MOV.B       @(5,R14),R0
    0000000C 6603                   MOV         R0,R6
    0000000E 626C                   EXTU.B      R6,R2
    00000010 622C                   EXTU.B      R2,R2
    00000012 E339                   MOV         #57,R3     ; H'00000039
    00000014 3237                   CMP/GT      R3,R2
    00000016 8B07                   BF          L12
    00000018 84E5                   MOV.B       @(5,R14),R0
    0000001A 6203                   MOV         R0,R2
    0000001C 662C                   EXTU.B      R2,R6
    0000001E 666C                   EXTU.B      R6,R6
    00000020 6263                   MOV         R6,R2
    00000022 72C9                   ADD         #-55,R2
    00000024 A006                   BRA         L13
    00000026 0009                   NOP
    00000028              L12:
    00000028 84E5                   MOV.B       @(5,R14),R0
    0000002A 6203                   MOV         R0,R2
    0000002C 662C                   EXTU.B      R2,R6
    0000002E 666C                   EXTU.B      R6,R6
    00000030 6263                   MOV         R6,R2
    00000032 72D0                   ADD         #-48,R2
    00000034              L13:
    00000034 6323                   MOV         R2,R3
    00000036 D13A                   MOV.L       L17+2,R1   ; _rzi045s
    00000038 2130                   MOV.B       R3,@R1
    0000003A 64E3                   MOV         R14,R4
    0000003C 7406                   ADD         #6,R4
    0000003E D339                   MOV.L       L17+6,R3   ; _htoc
    00000040 430B                   JSR         @R3
    00000042 0009                   NOP
    00000044 6203                   MOV         R0,R2
    00000046 662C                   EXTU.B      R2,R6
    00000048 666C                   EXTU.B      R6,R6
    0000004A 6263                   MOV         R6,R2
    0000004C 6323                   MOV         R2,R3
    0000004E D136                   MOV.L       L17+10,R1  ; H'00000004+_rzi045s
    00000050 2132                   MOV.L       R3,@R1
    00000052 64E3                   MOV         R14,R4
    00000054 7408                   ADD         #8,R4
    00000056 D333                   MOV.L       L17+6,R3   ; _htoc
    00000058 430B                   JSR         @R3
    0000005A 0009                   NOP
    0000005C 6603                   MOV         R0,R6
    0000005E 626C                   EXTU.B      R6,R2
    00000060 622C                   EXTU.B      R2,R2
    00000062 6323                   MOV         R2,R3
    00000064 D131                   MOV.L       L17+14,R1  ; H'00000008+_rzi045s
    00000066 2132                   MOV.L       R3,@R1
    00000068 64E3                   MOV         R14,R4
    0000006A 740A                   ADD         #10,R4
    0000006C D330                   MOV.L       L17+18,R3  ; _htol
    0000006E 430B                   JSR         @R3
    00000070 0009                   NOP
    00000072 6303                   MOV         R0,R3
    00000074 D12F                   MOV.L       L17+22,R1  ; H'0000000C+_rzi045s
    00000076 2132                   MOV.L       R3,@R1
    00000078 64E3                   MOV         R14,R4
    0000007A 7412                   ADD         #18,R4
    0000007C D32E                   MOV.L       L17+26,R3  ; _htoi
    0000007E 430B                   JSR         @R3
    00000080 0009                   NOP
    00000082 6603                   MOV         R0,R6
    00000084 626D                   EXTU.W      R6,R2
    00000086 6323                   MOV         R2,R3
    00000088 D12C                   MOV.L       L17+30,R1  ; H'00000010+_rzi045s
    0000008A 2131                   MOV.W       R3,@R1
    0000008C 64E3                   MOV         R14,R4
    0000008E 7416                   ADD         #22,R4
    00000090 D324                   MOV.L       L17+6,R3   ; _htoc
    00000092 430B                   JSR         @R3
    00000094 0009                   NOP
    00000096 6203                   MOV         R0,R2
    00000098 632C                   EXTU.B      R2,R3
    0000009A D129                   MOV.L       L17+34,R1  ; H'00000014+_rzi045s
    0000009C 2130                   MOV.B       R3,@R1
    0000009E 7E18                   ADD         #24,R14
    000000A0 ED00                   MOV         #0,R13     ; H'00000000
    000000A2 62D3                   MOV         R13,R2
    000000A4 E310                   MOV         #16,R3     ; H'00000010
    000000A6 3232                   CMP/HS      R3,R2
    000000A8 890E                   BT          L14
    000000AA              L15:
    000000AA 64E3                   MOV         R14,R4
    000000AC D31D                   MOV.L       L17+6,R3   ; _htoc
    000000AE 430B                   JSR         @R3
    000000B0 0009                   NOP
    000000B2 6203                   MOV         R0,R2
    000000B4 662C                   EXTU.B      R2,R6
    000000B6 D223                   MOV.L       L17+38,R2  ; H'00000018+_rzi045s
    000000B8 60D3                   MOV         R13,R0
    000000BA 0264                   MOV.B       R6,@(R0,R2)
    000000BC E202                   MOV         #2,R2      ; H'00000002
    000000BE 3E2C                   ADD         R2,R14
    000000C0 7D01                   ADD         #1,R13
    000000C2 E310                   MOV         #16,R3     ; H'00000010
    000000C4 3D32                   CMP/HS      R3,R13
    000000C6 8BF0                   BF          L15
    000000C8              L14:
    000000C8 64E3                   MOV         R14,R4
    000000CA D316                   MOV.L       L17+6,R3   ; _htoc
    000000CC 430B                   JSR         @R3
    000000CE 0009                   NOP
    000000D0 6203                   MOV         R0,R2
    000000D2 632C                   EXTU.B      R2,R3
    000000D4 D11C                   MOV.L       L17+42,R1  ; H'00000028+_rzi045s
    000000D6 2130                   MOV.B       R3,@R1
    000000D8 E202                   MOV         #2,R2      ; H'00000002
    000000DA 3E2C                   ADD         R2,R14
    000000DC D41B                   MOV.L       L17+46,R4  ; H'00000029+_rzi045s
    000000DE 931E                   MOV.W       L17,R3     ; H'0080
    000000E0 6633                   MOV         R3,R6
    000000E2 65E3                   MOV         R14,R5
    000000E4 D31A                   MOV.L       L17+50,R3  ; _strncpy
    000000E6 430B                   JSR         @R3
    000000E8 0009                   NOP
    000000EA 9318                   MOV.W       L17,R3     ; H'0080
    000000EC 3E3C                   ADD         R3,R14
    000000EE 64E3                   MOV         R14,R4
    000000F0 D30C                   MOV.L       L17+6,R3   ; _htoc
    000000F2 430B                   JSR         @R3
    000000F4 0009                   NOP
    000000F6 6203                   MOV         R0,R2
    000000F8 632C                   EXTU.B      R2,R3
    000000FA D116                   MOV.L       L17+54,R1  ; H'000000A9+_rzi045s
    000000FC 2130                   MOV.B       R3,@R1
    000000FE E202                   MOV         #2,R2      ; H'00000002
    00000100 3E2C                   ADD         R2,R14
    00000102 D415                   MOV.L       L17+58,R4  ; H'000000AA+_rzi045s
    00000104 E620                   MOV         #32,R6     ; H'00000020
    00000106 65E3                   MOV         R14,R5
    00000108 D311                   MOV.L       L17+50,R3  ; _strncpy
    0000010A 430B                   JSR         @R3
    0000010C 0009                   NOP
    0000010E E200                   MOV         #0,R2      ; H'00000000
    00000110 6023                   MOV         R2,R0
    00000112 7F08                   ADD         #8,R15
    00000114 4F26                   LDS.L       @R15+,PR
    00000116 6EF6                   MOV.L       @R15+,R14
    00000118 6DF6                   MOV.L       @R15+,R13
    0000011A 000B                   RTS
    0000011C 0009                   NOP
    0000011E              L17:
    0000011E 0080                   .DATA.W     H'0080
    00000120 <00000000>             .DATA.L     _rzi045s
    00000124 <00000000>             .DATA.L     _htoc
    00000128 <00000004>             .DATA.L     H'00000004+_rzi045s
    0000012C <00000008>             .DATA.L     H'00000008+_rzi045s
    00000130 <00000000>             .DATA.L     _htol
    00000134 <0000000C>             .DATA.L     H'0000000C+_rzi045s
    00000138 <00000000>             .DATA.L     _htoi
    0000013C <00000010>             .DATA.L     H'00000010+_rzi045s
    00000140 <00000014>             .DATA.L     H'00000014+_rzi045s
    00000144 <00000018>             .DATA.L     H'00000018+_rzi045s
    00000148 <00000028>             .DATA.L     H'00000028+_rzi045s
    0000014C <00000029>             .DATA.L     H'00000029+_rzi045s
    00000150 <00000000>             .DATA.L     _strncpy
    00000154 <000000A9>             .DATA.L     H'000000A9+_rzi045s
    00000158 <000000AA>             .DATA.L     H'000000AA+_rzi045s
B   00000000              _rzi045s:                        ; static: rzi045s
    00000000 00000004               .RES.L      51
SH SERIES C/C++ Compiler (Ver. checker(2003.03.17))                                              10-Feb-2005 16:51:16  PAGE    1


******** STATISTICS INFORMATION ********


********** ERROR INFORMATION ***********

NUMBER OF ERRORS:           0
NUMBER OF WARNINGS:         0
NUMBER OF INFORMATIONS:     0



******* SOURCE LINE INFORMATION ********

COMPILED SOURCE LINE:       77



******* SECTION SIZE INFORMATION *******

PROGRAM  SECTION (P):                               0000015C Byte(s)
CONSTANT SECTION (C):                               00000000 Byte(s)
DATA     SECTION (D):                               00000000 Byte(s)
BSS      SECTION (B):                               000000CC Byte(s)

TOTAL PROGRAM  SECTION: 0000015C Byte(s)
TOTAL CONSTANT SECTION: 00000000 Byte(s)
TOTAL DATA     SECTION: 00000000 Byte(s)
TOTAL BSS      SECTION: 000000CC Byte(s)

    TOTAL PROGRAM SIZE: 00000228 Byte(s)



********** LABEL INFORMATION ***********

NUMBER OF EXTERNAL REFERENCE SYMBOLS:            4
NUMBER OF EXTERNAL DEFINITION SYMBOLS:           2
NUMBER OF INTERNAL/EXTERNAL SYMBOLS:            11
*** COMMAND PARAMETER ***


  -cpu=sh3 -op=0 -en=big -me -debug -comment=nest -l -def=DEBUG -i=P:\PRESTO2\SHINC,C:\usr\local\SH\7_1_1\include,P:\PRESTO2\NORTI_12\inc rzi045.c 

