SH SERIES C/C++ Compiler (Ver. checker(2003.03.17))                                              10-Feb-2005 16:51:17  PAGE    1

************ OBJECT LISTING ************

FILE NAME: rzi044.c

SCT OFFSET   CODE       C LABEL     INSTRUCTION OPERAND    COMMENT

P   00000000              _rz_print_span_coeffi:           ; function: rz_print_span_coeffi
                                                           ; frame size=24
    00000000 2FC6                   MOV.L       R12,@-R15
    00000002 2FD6                   MOV.L       R13,@-R15
    00000004 2FE6                   MOV.L       R14,@-R15
    00000006 4F22                   STS.L       PR,@-R15
    00000008 7FF8                   ADD         #-8,R15
    0000000A 6C53                   MOV         R5,R12
    0000000C 6E43                   MOV         R4,R14
    0000000E 62C0                   MOV.B       @R12,R2
    00000010 662C                   EXTU.B      R2,R6
    00000012 666C                   EXTU.B      R6,R6
    00000014 E309                   MOV         #9,R3      ; H'00000009
    00000016 3637                   CMP/GT      R3,R6
    00000018 8B06                   BF          L12
    0000001A 62C0                   MOV.B       @R12,R2
    0000001C 662C                   EXTU.B      R2,R6
    0000001E 666C                   EXTU.B      R6,R6
    00000020 6263                   MOV         R6,R2
    00000022 7237                   ADD         #55,R2
    00000024 A005                   BRA         L13
    00000026 0009                   NOP
    00000028              L12:
    00000028 62C0                   MOV.B       @R12,R2
    0000002A 662C                   EXTU.B      R2,R6
    0000002C 666C                   EXTU.B      R6,R6
    0000002E 6263                   MOV         R6,R2
    00000030 7230                   ADD         #48,R2
    00000032              L13:
    00000032 6023                   MOV         R2,R0
    00000034 80E5                   MOV.B       R0,@(5,R14)
    00000036 52C1                   MOV.L       @(4,R12),R2
    00000038 65E3                   MOV         R14,R5
    0000003A 7506                   ADD         #6,R5
    0000003C 6423                   MOV         R2,R4
    0000003E D315                   MOV.L       L17,R3     ; _ltoh
    00000040 430B                   JSR         @R3
    00000042 0009                   NOP
    00000044 54C2                   MOV.L       @(8,R12),R4
    00000046 65E3                   MOV         R14,R5
    00000048 750E                   ADD         #14,R5
    0000004A D312                   MOV.L       L17,R3     ; _ltoh
    0000004C 430B                   JSR         @R3
    0000004E 0009                   NOP
    00000050 7E16                   ADD         #22,R14
    00000052 6DE3                   MOV         R14,R13
    00000054 EE00                   MOV         #0,R14     ; H'00000000
    00000056 66E3                   MOV         R14,R6
    00000058 E220                   MOV         #32,R2     ; H'00000020
    0000005A 4201                   SHLR        R2
    0000005C 3622                   CMP/HS      R2,R6
    0000005E 8911                   BT          L14
    00000060              L15:
    00000060 66E3                   MOV         R14,R6
    00000062 6263                   MOV         R6,R2
    00000064 4200                   SHLL        R2
    00000066 65C3                   MOV         R12,R5
    00000068 750C                   ADD         #12,R5
    0000006A 6023                   MOV         R2,R0
    0000006C 065D                   MOV.W       @(R0,R5),R6
    0000006E 65D3                   MOV         R13,R5
    00000070 646D                   EXTU.W      R6,R4
    00000072 D309                   MOV.L       L17+4,R3   ; _itoh
    00000074 430B                   JSR         @R3
    00000076 0009                   NOP
    00000078 7D04                   ADD         #4,R13
    0000007A 7E01                   ADD         #1,R14
    0000007C E220                   MOV         #32,R2     ; H'00000020
    0000007E 4201                   SHLR        R2
    00000080 3E22                   CMP/HS      R2,R14
    00000082 8BED                   BF          L15
    00000084              L14:
    00000084 60D3                   MOV         R13,R0
    00000086 7F08                   ADD         #8,R15
    00000088 4F26                   LDS.L       @R15+,PR
    0000008A 6EF6                   MOV.L       @R15+,R14
    0000008C 6DF6                   MOV.L       @R15+,R13
    0000008E 6CF6                   MOV.L       @R15+,R12
    00000090 000B                   RTS
    00000092 0009                   NOP
    00000094              L17:
    00000094 <00000000>             .DATA.L     _ltoh
    00000098 <00000000>             .DATA.L     _itoh
SH SERIES C/C++ Compiler (Ver. checker(2003.03.17))                                              10-Feb-2005 16:51:17  PAGE    1


******** STATISTICS INFORMATION ********


********** ERROR INFORMATION ***********

NUMBER OF ERRORS:           0
NUMBER OF WARNINGS:         0
NUMBER OF INFORMATIONS:     0



******* SOURCE LINE INFORMATION ********

COMPILED SOURCE LINE:       66



******* SECTION SIZE INFORMATION *******

PROGRAM  SECTION (P):                               0000009C Byte(s)
CONSTANT SECTION (C):                               00000000 Byte(s)
DATA     SECTION (D):                               00000000 Byte(s)
BSS      SECTION (B):                               00000000 Byte(s)

TOTAL PROGRAM  SECTION: 0000009C Byte(s)
TOTAL CONSTANT SECTION: 00000000 Byte(s)
TOTAL DATA     SECTION: 00000000 Byte(s)
TOTAL BSS      SECTION: 00000000 Byte(s)

    TOTAL PROGRAM SIZE: 0000009C Byte(s)



********** LABEL INFORMATION ***********

NUMBER OF EXTERNAL REFERENCE SYMBOLS:            2
NUMBER OF EXTERNAL DEFINITION SYMBOLS:           1
NUMBER OF INTERNAL/EXTERNAL SYMBOLS:             8
*** COMMAND PARAMETER ***


  -cpu=sh3 -op=0 -en=big -me -debug -comment=nest -l -def=DEBUG -i=P:\PRESTO2\SHINC,C:\usr\local\SH\7_1_1\include,P:\PRESTO2\NORTI_12\inc rzi044.c 

