SH SERIES C/C++ Compiler (Ver. checker(2003.03.17))                                              10-Feb-2005 16:51:27  PAGE    1

************ OBJECT LISTING ************

FILE NAME: rzi037.c

SCT OFFSET   CODE       C LABEL     INSTRUCTION OPERAND    COMMENT

P   00000000              _rz_scan_dca_monitor:            ; function: rz_scan_dca_monitor
                                                           ; frame size=8
    00000000 2FE6                   MOV.L       R14,@-R15
    00000002 4F22                   STS.L       PR,@-R15
    00000004 6E43                   MOV         R4,R14
    00000006 64E3                   MOV         R14,R4
    00000008 7405                   ADD         #5,R4
    0000000A D30F                   MOV.L       L12,R3     ; _htoi
    0000000C 430B                   JSR         @R3
    0000000E 0009                   NOP
    00000010 6603                   MOV         R0,R6
    00000012 626D                   EXTU.W      R6,R2
    00000014 622D                   EXTU.W      R2,R2
    00000016 6323                   MOV         R2,R3
    00000018 D10C                   MOV.L       L12+4,R1   ; _rzi037s
    0000001A 2132                   MOV.L       R3,@R1
    0000001C 64E3                   MOV         R14,R4
    0000001E 7409                   ADD         #9,R4
    00000020 D30B                   MOV.L       L12+8,R3   ; _htol
    00000022 430B                   JSR         @R3
    00000024 0009                   NOP
    00000026 6303                   MOV         R0,R3
    00000028 D10A                   MOV.L       L12+12,R1  ; H'00000004+_rzi037s
    0000002A 2132                   MOV.L       R3,@R1
    0000002C 7E11                   ADD         #17,R14
    0000002E 64E3                   MOV         R14,R4
    00000030 D307                   MOV.L       L12+8,R3   ; _htol
    00000032 430B                   JSR         @R3
    00000034 0009                   NOP
    00000036 6303                   MOV         R0,R3
    00000038 D107                   MOV.L       L12+16,R1  ; H'00000008+_rzi037s
    0000003A 2132                   MOV.L       R3,@R1
    0000003C E200                   MOV         #0,R2      ; H'00000000
    0000003E 6023                   MOV         R2,R0
    00000040 4F26                   LDS.L       @R15+,PR
    00000042 6EF6                   MOV.L       @R15+,R14
    00000044 000B                   RTS
    00000046 0009                   NOP
    00000048              L12:
    00000048 <00000000>             .DATA.L     _htoi
    0000004C <00000000>             .DATA.L     _rzi037s
    00000050 <00000000>             .DATA.L     _htol
    00000054 <00000004>             .DATA.L     H'00000004+_rzi037s
    00000058 <00000008>             .DATA.L     H'00000008+_rzi037s
B   00000000              _rzi037s:                        ; static: rzi037s
    00000000 00000004               .RES.L      3
SH SERIES C/C++ Compiler (Ver. checker(2003.03.17))                                              10-Feb-2005 16:51:27  PAGE    1


******** STATISTICS INFORMATION ********


********** ERROR INFORMATION ***********

NUMBER OF ERRORS:           0
NUMBER OF WARNINGS:         0
NUMBER OF INFORMATIONS:     0



******* SOURCE LINE INFORMATION ********

COMPILED SOURCE LINE:       57



******* SECTION SIZE INFORMATION *******

PROGRAM  SECTION (P):                               0000005C Byte(s)
CONSTANT SECTION (C):                               00000000 Byte(s)
DATA     SECTION (D):                               00000000 Byte(s)
BSS      SECTION (B):                               0000000C Byte(s)

TOTAL PROGRAM  SECTION: 0000005C Byte(s)
TOTAL CONSTANT SECTION: 00000000 Byte(s)
TOTAL DATA     SECTION: 00000000 Byte(s)
TOTAL BSS      SECTION: 0000000C Byte(s)

    TOTAL PROGRAM SIZE: 00000068 Byte(s)



********** LABEL INFORMATION ***********

NUMBER OF EXTERNAL REFERENCE SYMBOLS:            2
NUMBER OF EXTERNAL DEFINITION SYMBOLS:           2
NUMBER OF INTERNAL/EXTERNAL SYMBOLS:             5
*** COMMAND PARAMETER ***


  -cpu=sh3 -op=0 -en=big -me -debug -comment=nest -l -def=DEBUG -i=P:\PRESTO2\SHINC,C:\usr\local\SH\7_1_1\include,P:\PRESTO2\NORTI_12\inc rzi037.c 

