SH SERIES C/C++ Compiler (Ver. checker(2003.03.17))                                              10-Feb-2005 16:51:23  PAGE    1

************ OBJECT LISTING ************

FILE NAME: rzi040.c

SCT OFFSET   CODE       C LABEL     INSTRUCTION OPERAND    COMMENT

P   00000000              _rz_print_ata_monitor:           ; function: rz_print_ata_monitor
                                                           ; frame size=12
    00000000 2FD6                   MOV.L       R13,@-R15
    00000002 2FE6                   MOV.L       R14,@-R15
    00000004 4F22                   STS.L       PR,@-R15
    00000006 6E53                   MOV         R5,R14
    00000008 6D43                   MOV         R4,R13
    0000000A 66E0                   MOV.B       @R14,R6
    0000000C 626C                   EXTU.B      R6,R2
    0000000E 622C                   EXTU.B      R2,R2
    00000010 E309                   MOV         #9,R3      ; H'00000009
    00000012 3237                   CMP/GT      R3,R2
    00000014 8B05                   BF          L12
    00000016 66E0                   MOV.B       @R14,R6
    00000018 626C                   EXTU.B      R6,R2
    0000001A 622C                   EXTU.B      R2,R2
    0000001C 7237                   ADD         #55,R2
    0000001E A005                   BRA         L13
    00000020 0009                   NOP
    00000022              L12:
    00000022 62E0                   MOV.B       @R14,R2
    00000024 662C                   EXTU.B      R2,R6
    00000026 666C                   EXTU.B      R6,R6
    00000028 6263                   MOV         R6,R2
    0000002A 7230                   ADD         #48,R2
    0000002C              L13:
    0000002C 6023                   MOV         R2,R0
    0000002E 80D5                   MOV.B       R0,@(5,R13)
    00000030 52E1                   MOV.L       @(4,R14),R2
    00000032 E309                   MOV         #9,R3      ; H'00000009
    00000034 3237                   CMP/GT      R3,R2
    00000036 8B03                   BF          L15
    00000038 52E1                   MOV.L       @(4,R14),R2
    0000003A 7237                   ADD         #55,R2
    0000003C A002                   BRA         L16
    0000003E 0009                   NOP
    00000040              L15:
    00000040 52E1                   MOV.L       @(4,R14),R2
    00000042 7230                   ADD         #48,R2
    00000044              L16:
    00000044 6023                   MOV         R2,R0
    00000046 80D6                   MOV.B       R0,@(6,R13)
    00000048 54E2                   MOV.L       @(8,R14),R4
    0000004A 65D3                   MOV         R13,R5
    0000004C 7507                   ADD         #7,R5
    0000004E 644D                   EXTU.W      R4,R4
    00000050 D315                   MOV.L       L21+2,R3   ; _itoh
    00000052 430B                   JSR         @R3
    00000054 0009                   NOP
    00000056 52E3                   MOV.L       @(12,R14),R2
    00000058 E309                   MOV         #9,R3      ; H'00000009
    0000005A 3237                   CMP/GT      R3,R2
    0000005C 8B03                   BF          L18
    0000005E 52E3                   MOV.L       @(12,R14),R2
    00000060 7237                   ADD         #55,R2
    00000062 A002                   BRA         L19
    00000064 0009                   NOP
    00000066              L18:
    00000066 52E3                   MOV.L       @(12,R14),R2
    00000068 7230                   ADD         #48,R2
    0000006A              L19:
    0000006A 6023                   MOV         R2,R0
    0000006C 80DB                   MOV.B       R0,@(11,R13)
    0000006E 54E4                   MOV.L       @(16,R14),R4
    00000070 65D3                   MOV         R13,R5
    00000072 750C                   ADD         #12,R5
    00000074 D30D                   MOV.L       L21+6,R3   ; _ltoh
    00000076 430B                   JSR         @R3
    00000078 0009                   NOP
    0000007A 54E5                   MOV.L       @(20,R14),R4
    0000007C 65D3                   MOV         R13,R5
    0000007E 7514                   ADD         #20,R5
    00000080 644D                   EXTU.W      R4,R4
    00000082 D309                   MOV.L       L21+2,R3   ; _itoh
    00000084 430B                   JSR         @R3
    00000086 0009                   NOP
    00000088 54E6                   MOV.L       @(24,R14),R4
    0000008A 65D3                   MOV         R13,R5
    0000008C 7518                   ADD         #24,R5
    0000008E 644D                   EXTU.W      R4,R4
    00000090 D305                   MOV.L       L21+2,R3   ; _itoh
    00000092 430B                   JSR         @R3
    00000094 0009                   NOP
    00000096 7D1C                   ADD         #28,R13
    00000098 62D3                   MOV         R13,R2
    0000009A 6023                   MOV         R2,R0
    0000009C 4F26                   LDS.L       @R15+,PR
    0000009E 6EF6                   MOV.L       @R15+,R14
    000000A0 6DF6                   MOV.L       @R15+,R13
    000000A2 000B                   RTS
    000000A4 0009                   NOP
    000000A6              L21:
    000000A6 00000002               .RES.W      1
    000000A8 <00000000>             .DATA.L     _itoh
    000000AC <00000000>             .DATA.L     _ltoh
SH SERIES C/C++ Compiler (Ver. checker(2003.03.17))                                              10-Feb-2005 16:51:23  PAGE    1


******** STATISTICS INFORMATION ********


********** ERROR INFORMATION ***********

NUMBER OF ERRORS:           0
NUMBER OF WARNINGS:         0
NUMBER OF INFORMATIONS:     0



******* SOURCE LINE INFORMATION ********

COMPILED SOURCE LINE:       61



******* SECTION SIZE INFORMATION *******

PROGRAM  SECTION (P):                               000000B0 Byte(s)
CONSTANT SECTION (C):                               00000000 Byte(s)
DATA     SECTION (D):                               00000000 Byte(s)
BSS      SECTION (B):                               00000000 Byte(s)

TOTAL PROGRAM  SECTION: 000000B0 Byte(s)
TOTAL CONSTANT SECTION: 00000000 Byte(s)
TOTAL DATA     SECTION: 00000000 Byte(s)
TOTAL BSS      SECTION: 00000000 Byte(s)

    TOTAL PROGRAM SIZE: 000000B0 Byte(s)



********** LABEL INFORMATION ***********

NUMBER OF EXTERNAL REFERENCE SYMBOLS:            2
NUMBER OF EXTERNAL DEFINITION SYMBOLS:           1
NUMBER OF INTERNAL/EXTERNAL SYMBOLS:            10
*** COMMAND PARAMETER ***


  -cpu=sh3 -op=0 -en=big -me -debug -comment=nest -l -def=DEBUG -i=P:\PRESTO2\SHINC,C:\usr\local\SH\7_1_1\include,P:\PRESTO2\NORTI_12\inc rzi040.c 

