SH SERIES C/C++ Compiler (Ver. checker(2003.03.17))                                              10-Feb-2005 16:51:21  PAGE    1

************ OBJECT LISTING ************

FILE NAME: rzi041.c

SCT OFFSET   CODE       C LABEL     INSTRUCTION OPERAND    COMMENT

P   00000000              _rz_scan_shift_data:             ; function: rz_scan_shift_data
                                                           ; frame size=20
    00000000 2FD6                   MOV.L       R13,@-R15
    00000002 2FE6                   MOV.L       R14,@-R15
    00000004 4F22                   STS.L       PR,@-R15
    00000006 7FF8                   ADD         #-8,R15
    00000008 6D43                   MOV         R4,R13
    0000000A 84D5                   MOV.B       @(5,R13),R0
    0000000C 6203                   MOV         R0,R2
    0000000E 662C                   EXTU.B      R2,R6
    00000010 666C                   EXTU.B      R6,R6
    00000012 E339                   MOV         #57,R3     ; H'00000039
    00000014 3637                   CMP/GT      R3,R6
    00000016 8B07                   BF          L12
    00000018 84D5                   MOV.B       @(5,R13),R0
    0000001A 6203                   MOV         R0,R2
    0000001C 662C                   EXTU.B      R2,R6
    0000001E 666C                   EXTU.B      R6,R6
    00000020 6263                   MOV         R6,R2
    00000022 72C9                   ADD         #-55,R2
    00000024 A005                   BRA         L13
    00000026 0009                   NOP
    00000028              L12:
    00000028 84D5                   MOV.B       @(5,R13),R0
    0000002A 6603                   MOV         R0,R6
    0000002C 626C                   EXTU.B      R6,R2
    0000002E 622C                   EXTU.B      R2,R2
    00000030 72D0                   ADD         #-48,R2
    00000032              L13:
    00000032 6623                   MOV         R2,R6
    00000034 6363                   MOV         R6,R3
    00000036 D146                   MOV.L       L23+2,R1   ; _rzi041s
    00000038 2130                   MOV.B       R3,@R1
    0000003A 64D3                   MOV         R13,R4
    0000003C 7406                   ADD         #6,R4
    0000003E D345                   MOV.L       L23+6,R3   ; _htoc
    00000040 430B                   JSR         @R3
    00000042 0009                   NOP
    00000044 6203                   MOV         R0,R2
    00000046 632C                   EXTU.B      R2,R3
    00000048 D143                   MOV.L       L23+10,R1  ; H'00000001+_rzi041s
    0000004A 2130                   MOV.B       R3,@R1
    0000004C 64D3                   MOV         R13,R4
    0000004E 7408                   ADD         #8,R4
    00000050 D340                   MOV.L       L23+6,R3   ; _htoc
    00000052 430B                   JSR         @R3
    00000054 0009                   NOP
    00000056 6203                   MOV         R0,R2
    00000058 632C                   EXTU.B      R2,R3
    0000005A D140                   MOV.L       L23+14,R1  ; H'00000002+_rzi041s
    0000005C 2130                   MOV.B       R3,@R1
    0000005E 84DA                   MOV.B       @(10,R13),R0
    00000060 6603                   MOV         R0,R6
    00000062 626C                   EXTU.B      R6,R2
    00000064 622C                   EXTU.B      R2,R2
    00000066 E339                   MOV         #57,R3     ; H'00000039
    00000068 3237                   CMP/GT      R3,R2
    0000006A 8B06                   BF          L15
    0000006C 84DA                   MOV.B       @(10,R13),R0
    0000006E 6603                   MOV         R0,R6
    00000070 626C                   EXTU.B      R6,R2
    00000072 622C                   EXTU.B      R2,R2
    00000074 72C9                   ADD         #-55,R2
    00000076 A006                   BRA         L16
    00000078 0009                   NOP
    0000007A              L15:
    0000007A 84DA                   MOV.B       @(10,R13),R0
    0000007C 6203                   MOV         R0,R2
    0000007E 662C                   EXTU.B      R2,R6
    00000080 666C                   EXTU.B      R6,R6
    00000082 6263                   MOV         R6,R2
    00000084 72D0                   ADD         #-48,R2
    00000086              L16:
    00000086 6623                   MOV         R2,R6
    00000088 6363                   MOV         R6,R3
    0000008A D135                   MOV.L       L23+18,R1  ; H'00000003+_rzi041s
    0000008C 2130                   MOV.B       R3,@R1
    0000008E EE00                   MOV         #0,R14     ; H'00000000
    00000090 7D0B                   ADD         #11,R13
    00000092 D333                   MOV.L       L23+18,R3  ; H'00000003+_rzi041s
    00000094 6330                   MOV.B       @R3,R3
    00000096 633C                   EXTU.B      R3,R3
    00000098 6233                   MOV         R3,R2
    0000009A 3E23                   CMP/GE      R2,R14
    0000009C 894F                   BT          L17
    0000009E              L18:
    0000009E 62D0                   MOV.B       @R13,R2
    000000A0 662C                   EXTU.B      R2,R6
    000000A2 666C                   EXTU.B      R6,R6
    000000A4 E339                   MOV         #57,R3     ; H'00000039
    000000A6 3637                   CMP/GT      R3,R6
    000000A8 8B06                   BF          L20
    000000AA 62D0                   MOV.B       @R13,R2
    000000AC 662C                   EXTU.B      R2,R6
    000000AE 666C                   EXTU.B      R6,R6
    000000B0 6263                   MOV         R6,R2
    000000B2 72C9                   ADD         #-55,R2
    000000B4 A005                   BRA         L21
    000000B6 0009                   NOP
    000000B8              L20:
    000000B8 62D0                   MOV.B       @R13,R2
    000000BA 662C                   EXTU.B      R2,R6
    000000BC 666C                   EXTU.B      R6,R6
    000000BE 6263                   MOV         R6,R2
    000000C0 72D0                   ADD         #-48,R2
    000000C2              L21:
    000000C2 6623                   MOV         R2,R6
    000000C4 D427                   MOV.L       L23+22,R4  ; H'00000004+_rzi041s
    000000C6 65E3                   MOV         R14,R5
    000000C8 6253                   MOV         R5,R2
    000000CA 4208                   SHLL2       R2
    000000CC 4208                   SHLL2       R2
    000000CE 6023                   MOV         R2,R0
    000000D0 0464                   MOV.B       R6,@(R0,R4)
    000000D2 64D3                   MOV         R13,R4
    000000D4 7401                   ADD         #1,R4
    000000D6 D324                   MOV.L       L23+26,R3  ; _htol
    000000D8 430B                   JSR         @R3
    000000DA 0009                   NOP
    000000DC 6203                   MOV         R0,R2
    000000DE 6023                   MOV         R2,R0
    000000E0 6203                   MOV         R0,R2
    000000E2 D520                   MOV.L       L23+22,R5  ; H'00000004+_rzi041s
    000000E4 7504                   ADD         #4,R5
    000000E6 64E3                   MOV         R14,R4
    000000E8 6643                   MOV         R4,R6
    000000EA 4608                   SHLL2       R6
    000000EC 4608                   SHLL2       R6
    000000EE 6063                   MOV         R6,R0
    000000F0 0526                   MOV.L       R2,@(R0,R5)
    000000F2 64D3                   MOV         R13,R4
    000000F4 7409                   ADD         #9,R4
    000000F6 D31C                   MOV.L       L23+26,R3  ; _htol
    000000F8 430B                   JSR         @R3
    000000FA 0009                   NOP
    000000FC 6203                   MOV         R0,R2
    000000FE 6023                   MOV         R2,R0
    00000100 6203                   MOV         R0,R2
    00000102 D518                   MOV.L       L23+22,R5  ; H'00000004+_rzi041s
    00000104 7508                   ADD         #8,R5
    00000106 64E3                   MOV         R14,R4
    00000108 6643                   MOV         R4,R6
    0000010A 4608                   SHLL2       R6
    0000010C 4608                   SHLL2       R6
    0000010E 6063                   MOV         R6,R0
    00000110 0526                   MOV.L       R2,@(R0,R5)
    00000112 64D3                   MOV         R13,R4
    00000114 7411                   ADD         #17,R4
    00000116 D30F                   MOV.L       L23+6,R3   ; _htoc
    00000118 430B                   JSR         @R3
    0000011A 0009                   NOP
    0000011C 6203                   MOV         R0,R2
    0000011E 652C                   EXTU.B      R2,R5
    00000120 D610                   MOV.L       L23+22,R6  ; H'00000004+_rzi041s
    00000122 760C                   ADD         #12,R6
    00000124 62E3                   MOV         R14,R2
    00000126 4208                   SHLL2       R2
    00000128 4208                   SHLL2       R2
    0000012A 6023                   MOV         R2,R0
    0000012C 0654                   MOV.B       R5,@(R0,R6)
    0000012E 7E01                   ADD         #1,R14
    00000130 7D13                   ADD         #19,R13
    00000132 D30B                   MOV.L       L23+18,R3  ; H'00000003+_rzi041s
    00000134 6330                   MOV.B       @R3,R3
    00000136 633C                   EXTU.B      R3,R3
    00000138 6233                   MOV         R3,R2
    0000013A 3E23                   CMP/GE      R2,R14
    0000013C 8BAF                   BF          L18
    0000013E              L17:
    0000013E E200                   MOV         #0,R2      ; H'00000000
    00000140 6023                   MOV         R2,R0
    00000142 7F08                   ADD         #8,R15
    00000144 4F26                   LDS.L       @R15+,PR
    00000146 6EF6                   MOV.L       @R15+,R14
    00000148 6DF6                   MOV.L       @R15+,R13
    0000014A 000B                   RTS
    0000014C 0009                   NOP
    0000014E              L23:
    0000014E 00000002               .RES.W      1
    00000150 <00000000>             .DATA.L     _rzi041s
    00000154 <00000000>             .DATA.L     _htoc
    00000158 <00000001>             .DATA.L     H'00000001+_rzi041s
    0000015C <00000002>             .DATA.L     H'00000002+_rzi041s
    00000160 <00000003>             .DATA.L     H'00000003+_rzi041s
    00000164 <00000004>             .DATA.L     H'00000004+_rzi041s
    00000168 <00000000>             .DATA.L     _htol
B   00000000              _rzi041s:                        ; static: rzi041s
    00000000 00000004               .RES.L      65
SH SERIES C/C++ Compiler (Ver. checker(2003.03.17))                                              10-Feb-2005 16:51:21  PAGE    1


******** STATISTICS INFORMATION ********


********** ERROR INFORMATION ***********

NUMBER OF ERRORS:           0
NUMBER OF WARNINGS:         0
NUMBER OF INFORMATIONS:     0



******* SOURCE LINE INFORMATION ********

COMPILED SOURCE LINE:       67



******* SECTION SIZE INFORMATION *******

PROGRAM  SECTION (P):                               0000016C Byte(s)
CONSTANT SECTION (C):                               00000000 Byte(s)
DATA     SECTION (D):                               00000000 Byte(s)
BSS      SECTION (B):                               00000104 Byte(s)

TOTAL PROGRAM  SECTION: 0000016C Byte(s)
TOTAL CONSTANT SECTION: 00000000 Byte(s)
TOTAL DATA     SECTION: 00000000 Byte(s)
TOTAL BSS      SECTION: 00000104 Byte(s)

    TOTAL PROGRAM SIZE: 00000270 Byte(s)



********** LABEL INFORMATION ***********

NUMBER OF EXTERNAL REFERENCE SYMBOLS:            2
NUMBER OF EXTERNAL DEFINITION SYMBOLS:           2
NUMBER OF INTERNAL/EXTERNAL SYMBOLS:            13
*** COMMAND PARAMETER ***


  -cpu=sh3 -op=0 -en=big -me -debug -comment=nest -l -def=DEBUG -i=P:\PRESTO2\SHINC,C:\usr\local\SH\7_1_1\include,P:\PRESTO2\NORTI_12\inc rzi041.c 

