SH SERIES C/C++ Compiler (Ver. checker(2003.03.17))                                              10-Feb-2005 16:51:18  PAGE    1

************ OBJECT LISTING ************

FILE NAME: rzi043.c

SCT OFFSET   CODE       C LABEL     INSTRUCTION OPERAND    COMMENT

P   00000000              _rz_scan_span_coeffi:            ; function: rz_scan_span_coeffi
                                                           ; frame size=28
    00000000 2FC6                   MOV.L       R12,@-R15
    00000002 2FD6                   MOV.L       R13,@-R15
    00000004 2FE6                   MOV.L       R14,@-R15
    00000006 4F22                   STS.L       PR,@-R15
    00000008 7FF4                   ADD         #-12,R15
    0000000A 6D43                   MOV         R4,R13
    0000000C 84D5                   MOV.B       @(5,R13),R0
    0000000E 6603                   MOV         R0,R6
    00000010 626C                   EXTU.B      R6,R2
    00000012 622C                   EXTU.B      R2,R2
    00000014 E339                   MOV         #57,R3     ; H'00000039
    00000016 3237                   CMP/GT      R3,R2
    00000018 8B07                   BF          L12
    0000001A 84D5                   MOV.B       @(5,R13),R0
    0000001C 6603                   MOV         R0,R6
    0000001E 626C                   EXTU.B      R6,R2
    00000020 622C                   EXTU.B      R2,R2
    00000022 72C9                   ADD         #-55,R2
    00000024 6E23                   MOV         R2,R14
    00000026 A006                   BRA         L13
    00000028 0009                   NOP
    0000002A              L12:
    0000002A 84D5                   MOV.B       @(5,R13),R0
    0000002C 6603                   MOV         R0,R6
    0000002E 626C                   EXTU.B      R6,R2
    00000030 622C                   EXTU.B      R2,R2
    00000032 72D0                   ADD         #-48,R2
    00000034 6E23                   MOV         R2,R14
    00000036              L13:
    00000036 62E3                   MOV         R14,R2
    00000038 6323                   MOV         R2,R3
    0000003A D116                   MOV.L       L17+2,R1   ; _rzi043s
    0000003C 2130                   MOV.B       R3,@R1
    0000003E 64D3                   MOV         R13,R4
    00000040 7406                   ADD         #6,R4
    00000042 D315                   MOV.L       L17+6,R3   ; _htol
    00000044 430B                   JSR         @R3
    00000046 0009                   NOP
    00000048 6303                   MOV         R0,R3
    0000004A D114                   MOV.L       L17+10,R1  ; H'00000004+_rzi043s
    0000004C 2132                   MOV.L       R3,@R1
    0000004E 64D3                   MOV         R13,R4
    00000050 740E                   ADD         #14,R4
    00000052 D311                   MOV.L       L17+6,R3   ; _htol
    00000054 430B                   JSR         @R3
    00000056 0009                   NOP
    00000058 6303                   MOV         R0,R3
    0000005A D111                   MOV.L       L17+14,R1  ; H'00000008+_rzi043s
    0000005C 2132                   MOV.L       R3,@R1
    0000005E 7D16                   ADD         #22,R13
    00000060 DC10                   MOV.L       L17+18,R12 ; H'0000000C+_rzi043s
    00000062 EE10                   MOV         #16,R14    ; H'00000010
    00000064 2EE8                   TST         R14,R14
    00000066 890B                   BT          L14
    00000068              L15:
    00000068 64D3                   MOV         R13,R4
    0000006A D30F                   MOV.L       L17+22,R3  ; _htoi
    0000006C 430B                   JSR         @R3
    0000006E 0009                   NOP
    00000070 6203                   MOV         R0,R2
    00000072 662D                   EXTU.W      R2,R6
    00000074 62C3                   MOV         R12,R2
    00000076 7C02                   ADD         #2,R12
    00000078 2261                   MOV.W       R6,@R2
    0000007A 7D04                   ADD         #4,R13
    0000007C 4E10                   DT          R14
    0000007E 8BF3                   BF          L15
    00000080              L14:
    00000080 E200                   MOV         #0,R2      ; H'00000000
    00000082 6023                   MOV         R2,R0
    00000084 7F0C                   ADD         #12,R15
    00000086 4F26                   LDS.L       @R15+,PR
    00000088 6EF6                   MOV.L       @R15+,R14
    0000008A 6DF6                   MOV.L       @R15+,R13
    0000008C 6CF6                   MOV.L       @R15+,R12
    0000008E 000B                   RTS
    00000090 0009                   NOP
    00000092              L17:
    00000092 00000002               .RES.W      1
    00000094 <00000000>             .DATA.L     _rzi043s
    00000098 <00000000>             .DATA.L     _htol
    0000009C <00000004>             .DATA.L     H'00000004+_rzi043s
    000000A0 <00000008>             .DATA.L     H'00000008+_rzi043s
    000000A4 <0000000C>             .DATA.L     H'0000000C+_rzi043s
    000000A8 <00000000>             .DATA.L     _htoi
B   00000000              _rzi043s:                        ; static: rzi043s
    00000000 00000004               .RES.L      11
SH SERIES C/C++ Compiler (Ver. checker(2003.03.17))                                              10-Feb-2005 16:51:18  PAGE    1


******** STATISTICS INFORMATION ********


********** ERROR INFORMATION ***********

NUMBER OF ERRORS:           0
NUMBER OF WARNINGS:         0
NUMBER OF INFORMATIONS:     0



******* SOURCE LINE INFORMATION ********

COMPILED SOURCE LINE:       67



******* SECTION SIZE INFORMATION *******

PROGRAM  SECTION (P):                               000000AC Byte(s)
CONSTANT SECTION (C):                               00000000 Byte(s)
DATA     SECTION (D):                               00000000 Byte(s)
BSS      SECTION (B):                               0000002C Byte(s)

TOTAL PROGRAM  SECTION: 000000AC Byte(s)
TOTAL CONSTANT SECTION: 00000000 Byte(s)
TOTAL DATA     SECTION: 00000000 Byte(s)
TOTAL BSS      SECTION: 0000002C Byte(s)

    TOTAL PROGRAM SIZE: 000000D8 Byte(s)



********** LABEL INFORMATION ***********

NUMBER OF EXTERNAL REFERENCE SYMBOLS:            2
NUMBER OF EXTERNAL DEFINITION SYMBOLS:           2
NUMBER OF INTERNAL/EXTERNAL SYMBOLS:             9
*** COMMAND PARAMETER ***


  -cpu=sh3 -op=0 -en=big -me -debug -comment=nest -l -def=DEBUG -i=P:\PRESTO2\SHINC,C:\usr\local\SH\7_1_1\include,P:\PRESTO2\NORTI_12\inc rzi043.c 

