SH SERIES C/C++ Compiler (Ver. checker(2003.03.17))                                              10-Feb-2005 16:51:20  PAGE    1

************ OBJECT LISTING ************

FILE NAME: rzi042.c

SCT OFFSET   CODE       C LABEL     INSTRUCTION OPERAND    COMMENT

P   00000000              _rz_print_shift_data:            ; function: rz_print_shift_data
                                                           ; frame size=32
    00000000 2FB6                   MOV.L       R11,@-R15
    00000002 2FC6                   MOV.L       R12,@-R15
    00000004 2FD6                   MOV.L       R13,@-R15
    00000006 2FE6                   MOV.L       R14,@-R15
    00000008 4F22                   STS.L       PR,@-R15
    0000000A 7FF4                   ADD         #-12,R15
    0000000C 6C53                   MOV         R5,R12
    0000000E 6D43                   MOV         R4,R13
    00000010 66C0                   MOV.B       @R12,R6
    00000012 626C                   EXTU.B      R6,R2
    00000014 622C                   EXTU.B      R2,R2
    00000016 E309                   MOV         #9,R3      ; H'00000009
    00000018 3237                   CMP/GT      R3,R2
    0000001A 8B06                   BF          L12
    0000001C 62C0                   MOV.B       @R12,R2
    0000001E 662C                   EXTU.B      R2,R6
    00000020 666C                   EXTU.B      R6,R6
    00000022 6263                   MOV         R6,R2
    00000024 7237                   ADD         #55,R2
    00000026 A005                   BRA         L13
    00000028 0009                   NOP
    0000002A              L12:
    0000002A 62C0                   MOV.B       @R12,R2
    0000002C 662C                   EXTU.B      R2,R6
    0000002E 666C                   EXTU.B      R6,R6
    00000030 6263                   MOV         R6,R2
    00000032 7230                   ADD         #48,R2
    00000034              L13:
    00000034 6023                   MOV         R2,R0
    00000036 80D5                   MOV.B       R0,@(5,R13)
    00000038 84C1                   MOV.B       @(1,R12),R0
    0000003A 6203                   MOV         R0,R2
    0000003C 642C                   EXTU.B      R2,R4
    0000003E 65D3                   MOV         R13,R5
    00000040 7506                   ADD         #6,R5
    00000042 644C                   EXTU.B      R4,R4
    00000044 D334                   MOV.L       L23+2,R3   ; _ctoh
    00000046 430B                   JSR         @R3
    00000048 0009                   NOP
    0000004A 84C2                   MOV.B       @(2,R12),R0
    0000004C 6203                   MOV         R0,R2
    0000004E 642C                   EXTU.B      R2,R4
    00000050 65D3                   MOV         R13,R5
    00000052 7508                   ADD         #8,R5
    00000054 644C                   EXTU.B      R4,R4
    00000056 D330                   MOV.L       L23+2,R3   ; _ctoh
    00000058 430B                   JSR         @R3
    0000005A 0009                   NOP
    0000005C 84C3                   MOV.B       @(3,R12),R0
    0000005E 6203                   MOV         R0,R2
    00000060 662C                   EXTU.B      R2,R6
    00000062 666C                   EXTU.B      R6,R6
    00000064 E309                   MOV         #9,R3      ; H'00000009
    00000066 3637                   CMP/GT      R3,R6
    00000068 8B07                   BF          L15
    0000006A 84C3                   MOV.B       @(3,R12),R0
    0000006C 6203                   MOV         R0,R2
    0000006E 662C                   EXTU.B      R2,R6
    00000070 666C                   EXTU.B      R6,R6
    00000072 6263                   MOV         R6,R2
    00000074 7237                   ADD         #55,R2
    00000076 A006                   BRA         L16
    00000078 0009                   NOP
    0000007A              L15:
    0000007A 84C3                   MOV.B       @(3,R12),R0
    0000007C 6203                   MOV         R0,R2
    0000007E 662C                   EXTU.B      R2,R6
    00000080 666C                   EXTU.B      R6,R6
    00000082 6263                   MOV         R6,R2
    00000084 7230                   ADD         #48,R2
    00000086              L16:
    00000086 6023                   MOV         R2,R0
    00000088 80DA                   MOV.B       R0,@(10,R13)
    0000008A 7D0B                   ADD         #11,R13
    0000008C 6ED3                   MOV         R13,R14
    0000008E EB00                   MOV         #0,R11     ; H'00000000
    00000090 6DC3                   MOV         R12,R13
    00000092 7D04                   ADD         #4,R13
    00000094 84C3                   MOV.B       @(3,R12),R0
    00000096 6203                   MOV         R0,R2
    00000098 662C                   EXTU.B      R2,R6
    0000009A 666C                   EXTU.B      R6,R6
    0000009C 6263                   MOV         R6,R2
    0000009E 3B23                   CMP/GE      R2,R11
    000000A0 8930                   BT          L17
    000000A2              L18:
    000000A2 62D0                   MOV.B       @R13,R2
    000000A4 662C                   EXTU.B      R2,R6
    000000A6 666C                   EXTU.B      R6,R6
    000000A8 E309                   MOV         #9,R3      ; H'00000009
    000000AA 3637                   CMP/GT      R3,R6
    000000AC 8B06                   BF          L20
    000000AE 62D0                   MOV.B       @R13,R2
    000000B0 662C                   EXTU.B      R2,R6
    000000B2 666C                   EXTU.B      R6,R6
    000000B4 6263                   MOV         R6,R2
    000000B6 7237                   ADD         #55,R2
    000000B8 A005                   BRA         L21
    000000BA 0009                   NOP
    000000BC              L20:
    000000BC 62D0                   MOV.B       @R13,R2
    000000BE 662C                   EXTU.B      R2,R6
    000000C0 666C                   EXTU.B      R6,R6
    000000C2 6263                   MOV         R6,R2
    000000C4 7230                   ADD         #48,R2
    000000C6              L21:
    000000C6 2E20                   MOV.B       R2,@R14
    000000C8 7E01                   ADD         #1,R14
    000000CA 54D1                   MOV.L       @(4,R13),R4
    000000CC 65E3                   MOV         R14,R5
    000000CE D313                   MOV.L       L23+6,R3   ; _ltoh
    000000D0 430B                   JSR         @R3
    000000D2 0009                   NOP
    000000D4 7E08                   ADD         #8,R14
    000000D6 54D2                   MOV.L       @(8,R13),R4
    000000D8 65E3                   MOV         R14,R5
    000000DA D310                   MOV.L       L23+6,R3   ; _ltoh
    000000DC 430B                   JSR         @R3
    000000DE 0009                   NOP
    000000E0 7E08                   ADD         #8,R14
    000000E2 84DC                   MOV.B       @(12,R13),R0
    000000E4 6203                   MOV         R0,R2
    000000E6 642C                   EXTU.B      R2,R4
    000000E8 65E3                   MOV         R14,R5
    000000EA 644C                   EXTU.B      R4,R4
    000000EC D30A                   MOV.L       L23+2,R3   ; _ctoh
    000000EE 430B                   JSR         @R3
    000000F0 0009                   NOP
    000000F2 7E02                   ADD         #2,R14
    000000F4 7B01                   ADD         #1,R11
    000000F6 7D10                   ADD         #16,R13
    000000F8 84C3                   MOV.B       @(3,R12),R0
    000000FA 6603                   MOV         R0,R6
    000000FC 626C                   EXTU.B      R6,R2
    000000FE 622C                   EXTU.B      R2,R2
    00000100 3B23                   CMP/GE      R2,R11
    00000102 8BCE                   BF          L18
    00000104              L17:
    00000104 60E3                   MOV         R14,R0
    00000106 7F0C                   ADD         #12,R15
    00000108 4F26                   LDS.L       @R15+,PR
    0000010A 6EF6                   MOV.L       @R15+,R14
    0000010C 6DF6                   MOV.L       @R15+,R13
    0000010E 6CF6                   MOV.L       @R15+,R12
    00000110 6BF6                   MOV.L       @R15+,R11
    00000112 000B                   RTS
    00000114 0009                   NOP
    00000116              L23:
    00000116 00000002               .RES.W      1
    00000118 <00000000>             .DATA.L     _ctoh
    0000011C <00000000>             .DATA.L     _ltoh
SH SERIES C/C++ Compiler (Ver. checker(2003.03.17))                                              10-Feb-2005 16:51:20  PAGE    1


******** STATISTICS INFORMATION ********


********** ERROR INFORMATION ***********

NUMBER OF ERRORS:           0
NUMBER OF WARNINGS:         0
NUMBER OF INFORMATIONS:     0



******* SOURCE LINE INFORMATION ********

COMPILED SOURCE LINE:       75



******* SECTION SIZE INFORMATION *******

PROGRAM  SECTION (P):                               00000120 Byte(s)
CONSTANT SECTION (C):                               00000000 Byte(s)
DATA     SECTION (D):                               00000000 Byte(s)
BSS      SECTION (B):                               00000000 Byte(s)

TOTAL PROGRAM  SECTION: 00000120 Byte(s)
TOTAL CONSTANT SECTION: 00000000 Byte(s)
TOTAL DATA     SECTION: 00000000 Byte(s)
TOTAL BSS      SECTION: 00000000 Byte(s)

    TOTAL PROGRAM SIZE: 00000120 Byte(s)



********** LABEL INFORMATION ***********

NUMBER OF EXTERNAL REFERENCE SYMBOLS:            2
NUMBER OF EXTERNAL DEFINITION SYMBOLS:           1
NUMBER OF INTERNAL/EXTERNAL SYMBOLS:            12
*** COMMAND PARAMETER ***


  -cpu=sh3 -op=0 -en=big -me -debug -comment=nest -l -def=DEBUG -i=P:\PRESTO2\SHINC,C:\usr\local\SH\7_1_1\include,P:\PRESTO2\NORTI_12\inc rzi042.c 

