SH SERIES C/C++ Compiler (Ver. checker(2003.03.17))                                              10-Feb-2005 16:51:24  PAGE    1

************ OBJECT LISTING ************

FILE NAME: rzi039.c

SCT OFFSET   CODE       C LABEL     INSTRUCTION OPERAND    COMMENT

P   00000000              _rz_scan_ata_monitor:            ; function: rz_scan_ata_monitor
                                                           ; frame size=8
    00000000 2FE6                   MOV.L       R14,@-R15
    00000002 4F22                   STS.L       PR,@-R15
    00000004 6E43                   MOV         R4,R14
    00000006 84E5                   MOV.B       @(5,R14),R0
    00000008 6203                   MOV         R0,R2
    0000000A 662C                   EXTU.B      R2,R6
    0000000C 666C                   EXTU.B      R6,R6
    0000000E E339                   MOV         #57,R3     ; H'00000039
    00000010 3637                   CMP/GT      R3,R6
    00000012 8B06                   BF          L12
    00000014 84E5                   MOV.B       @(5,R14),R0
    00000016 6603                   MOV         R0,R6
    00000018 626C                   EXTU.B      R6,R2
    0000001A 622C                   EXTU.B      R2,R2
    0000001C 72C9                   ADD         #-55,R2
    0000001E A005                   BRA         L13
    00000020 0009                   NOP
    00000022              L12:
    00000022 84E5                   MOV.B       @(5,R14),R0
    00000024 6603                   MOV         R0,R6
    00000026 626C                   EXTU.B      R6,R2
    00000028 622C                   EXTU.B      R2,R2
    0000002A 72D0                   ADD         #-48,R2
    0000002C              L13:
    0000002C 6623                   MOV         R2,R6
    0000002E 6363                   MOV         R6,R3
    00000030 D131                   MOV.L       L21,R1     ; _rzi039s
    00000032 2130                   MOV.B       R3,@R1
    00000034 84E6                   MOV.B       @(6,R14),R0
    00000036 6203                   MOV         R0,R2
    00000038 662C                   EXTU.B      R2,R6
    0000003A 666C                   EXTU.B      R6,R6
    0000003C E339                   MOV         #57,R3     ; H'00000039
    0000003E 3637                   CMP/GT      R3,R6
    00000040 8B06                   BF          L15
    00000042 84E6                   MOV.B       @(6,R14),R0
    00000044 6603                   MOV         R0,R6
    00000046 626C                   EXTU.B      R6,R2
    00000048 622C                   EXTU.B      R2,R2
    0000004A 72C9                   ADD         #-55,R2
    0000004C A006                   BRA         L16
    0000004E 0009                   NOP
    00000050              L15:
    00000050 84E6                   MOV.B       @(6,R14),R0
    00000052 6203                   MOV         R0,R2
    00000054 662C                   EXTU.B      R2,R6
    00000056 666C                   EXTU.B      R6,R6
    00000058 6263                   MOV         R6,R2
    0000005A 72D0                   ADD         #-48,R2
    0000005C              L16:
    0000005C 6623                   MOV         R2,R6
    0000005E 666C                   EXTU.B      R6,R6
    00000060 6363                   MOV         R6,R3
    00000062 D126                   MOV.L       L21+4,R1   ; H'00000004+_rzi039s
    00000064 2132                   MOV.L       R3,@R1
    00000066 64E3                   MOV         R14,R4
    00000068 7407                   ADD         #7,R4
    0000006A D325                   MOV.L       L21+8,R3   ; _htoi
    0000006C 430B                   JSR         @R3
    0000006E 0009                   NOP
    00000070 6203                   MOV         R0,R2
    00000072 662D                   EXTU.W      R2,R6
    00000074 666D                   EXTU.W      R6,R6
    00000076 6363                   MOV         R6,R3
    00000078 D122                   MOV.L       L21+12,R1  ; H'00000008+_rzi039s
    0000007A 2132                   MOV.L       R3,@R1
    0000007C 84EB                   MOV.B       @(11,R14),R0
    0000007E 6603                   MOV         R0,R6
    00000080 626C                   EXTU.B      R6,R2
    00000082 622C                   EXTU.B      R2,R2
    00000084 E339                   MOV         #57,R3     ; H'00000039
    00000086 3237                   CMP/GT      R3,R2
    00000088 8B07                   BF          L18
    0000008A 84EB                   MOV.B       @(11,R14),R0
    0000008C 6203                   MOV         R0,R2
    0000008E 662C                   EXTU.B      R2,R6
    00000090 666C                   EXTU.B      R6,R6
    00000092 6263                   MOV         R6,R2
    00000094 72C9                   ADD         #-55,R2
    00000096 A006                   BRA         L19
    00000098 0009                   NOP
    0000009A              L18:
    0000009A 84EB                   MOV.B       @(11,R14),R0
    0000009C 6203                   MOV         R0,R2
    0000009E 662C                   EXTU.B      R2,R6
    000000A0 666C                   EXTU.B      R6,R6
    000000A2 6263                   MOV         R6,R2
    000000A4 72D0                   ADD         #-48,R2
    000000A6              L19:
    000000A6 6623                   MOV         R2,R6
    000000A8 666C                   EXTU.B      R6,R6
    000000AA 6363                   MOV         R6,R3
    000000AC D116                   MOV.L       L21+16,R1  ; H'0000000C+_rzi039s
    000000AE 2132                   MOV.L       R3,@R1
    000000B0 64E3                   MOV         R14,R4
    000000B2 740C                   ADD         #12,R4
    000000B4 D315                   MOV.L       L21+20,R3  ; _htol
    000000B6 430B                   JSR         @R3
    000000B8 0009                   NOP
    000000BA 6303                   MOV         R0,R3
    000000BC D114                   MOV.L       L21+24,R1  ; H'00000010+_rzi039s
    000000BE 2132                   MOV.L       R3,@R1
    000000C0 64E3                   MOV         R14,R4
    000000C2 7414                   ADD         #20,R4
    000000C4 D30E                   MOV.L       L21+8,R3   ; _htoi
    000000C6 430B                   JSR         @R3
    000000C8 0009                   NOP
    000000CA 6603                   MOV         R0,R6
    000000CC 626D                   EXTU.W      R6,R2
    000000CE 622D                   EXTU.W      R2,R2
    000000D0 6323                   MOV         R2,R3
    000000D2 D110                   MOV.L       L21+28,R1  ; H'00000014+_rzi039s
    000000D4 2132                   MOV.L       R3,@R1
    000000D6 7E18                   ADD         #24,R14
    000000D8 64E3                   MOV         R14,R4
    000000DA D309                   MOV.L       L21+8,R3   ; _htoi
    000000DC 430B                   JSR         @R3
    000000DE 0009                   NOP
    000000E0 6203                   MOV         R0,R2
    000000E2 662D                   EXTU.W      R2,R6
    000000E4 666D                   EXTU.W      R6,R6
    000000E6 6363                   MOV         R6,R3
    000000E8 D10B                   MOV.L       L21+32,R1  ; H'00000018+_rzi039s
    000000EA 2132                   MOV.L       R3,@R1
    000000EC E200                   MOV         #0,R2      ; H'00000000
    000000EE 6023                   MOV         R2,R0
    000000F0 4F26                   LDS.L       @R15+,PR
    000000F2 6EF6                   MOV.L       @R15+,R14
    000000F4 000B                   RTS
    000000F6 0009                   NOP
    000000F8              L21:
    000000F8 <00000000>             .DATA.L     _rzi039s
    000000FC <00000004>             .DATA.L     H'00000004+_rzi039s
    00000100 <00000000>             .DATA.L     _htoi
    00000104 <00000008>             .DATA.L     H'00000008+_rzi039s
    00000108 <0000000C>             .DATA.L     H'0000000C+_rzi039s
    0000010C <00000000>             .DATA.L     _htol
    00000110 <00000010>             .DATA.L     H'00000010+_rzi039s
    00000114 <00000014>             .DATA.L     H'00000014+_rzi039s
    00000118 <00000018>             .DATA.L     H'00000018+_rzi039s
B   00000000              _rzi039s:                        ; static: rzi039s
    00000000 00000004               .RES.L      7
SH SERIES C/C++ Compiler (Ver. checker(2003.03.17))                                              10-Feb-2005 16:51:24  PAGE    1


******** STATISTICS INFORMATION ********


********** ERROR INFORMATION ***********

NUMBER OF ERRORS:           0
NUMBER OF WARNINGS:         0
NUMBER OF INFORMATIONS:     0



******* SOURCE LINE INFORMATION ********

COMPILED SOURCE LINE:       60



******* SECTION SIZE INFORMATION *******

PROGRAM  SECTION (P):                               0000011C Byte(s)
CONSTANT SECTION (C):                               00000000 Byte(s)
DATA     SECTION (D):                               00000000 Byte(s)
BSS      SECTION (B):                               0000001C Byte(s)

TOTAL PROGRAM  SECTION: 0000011C Byte(s)
TOTAL CONSTANT SECTION: 00000000 Byte(s)
TOTAL DATA     SECTION: 00000000 Byte(s)
TOTAL BSS      SECTION: 0000001C Byte(s)

    TOTAL PROGRAM SIZE: 00000138 Byte(s)



********** LABEL INFORMATION ***********

NUMBER OF EXTERNAL REFERENCE SYMBOLS:            2
NUMBER OF EXTERNAL DEFINITION SYMBOLS:           2
NUMBER OF INTERNAL/EXTERNAL SYMBOLS:            11
*** COMMAND PARAMETER ***


  -cpu=sh3 -op=0 -en=big -me -debug -comment=nest -l -def=DEBUG -i=P:\PRESTO2\SHINC,C:\usr\local\SH\7_1_1\include,P:\PRESTO2\NORTI_12\inc rzi039.c 

