SH SERIES C/C++ Compiler (Ver. checker(2003.03.17))                                              10-Feb-2005 16:51:10  PAGE    1

************ OBJECT LISTING ************

FILE NAME: rzi113a.c

SCT OFFSET   CODE       C LABEL     INSTRUCTION OPERAND    COMMENT

P   00000000              _rz_scan_ata_target:             ; function: rz_scan_ata_target
                                                           ; frame size=20
    00000000 2FD6                   MOV.L       R13,@-R15
    00000002 2FE6                   MOV.L       R14,@-R15
    00000004 4F22                   STS.L       PR,@-R15
    00000006 7FF8                   ADD         #-8,R15
    00000008 8444                   MOV.B       @(4,R4),R0
    0000000A 6603                   MOV         R0,R6
    0000000C 626C                   EXTU.B      R6,R2
    0000000E 622C                   EXTU.B      R2,R2
    00000010 E339                   MOV         #57,R3     ; H'00000039
    00000012 3237                   CMP/GT      R3,R2
    00000014 8B07                   BF          L12
    00000016 8444                   MOV.B       @(4,R4),R0
    00000018 6203                   MOV         R0,R2
    0000001A 662C                   EXTU.B      R2,R6
    0000001C 666C                   EXTU.B      R6,R6
    0000001E 6263                   MOV         R6,R2
    00000020 72C9                   ADD         #-55,R2
    00000022 A005                   BRA         L13
    00000024 0009                   NOP
    00000026              L12:
    00000026 8444                   MOV.B       @(4,R4),R0
    00000028 6603                   MOV         R0,R6
    0000002A 626C                   EXTU.B      R6,R2
    0000002C 622C                   EXTU.B      R2,R2
    0000002E 72D0                   ADD         #-48,R2
    00000030              L13:
    00000030 6323                   MOV         R2,R3
    00000032 D112                   MOV.L       L17,R1     ; _rzi113s
    00000034 2130                   MOV.B       R3,@R1
    00000036 6D43                   MOV         R4,R13
    00000038 7D05                   ADD         #5,R13
    0000003A EE00                   MOV         #0,R14     ; H'00000000
    0000003C D30F                   MOV.L       L17,R3     ; _rzi113s
    0000003E 6330                   MOV.B       @R3,R3
    00000040 633C                   EXTU.B      R3,R3
    00000042 6233                   MOV         R3,R2
    00000044 3E23                   CMP/GE      R2,R14
    00000046 8911                   BT          L14
    00000048              L15:
    00000048 64D3                   MOV         R13,R4
    0000004A D30D                   MOV.L       L17+4,R3   ; _htol
    0000004C 430B                   JSR         @R3
    0000004E 0009                   NOP
    00000050 6603                   MOV         R0,R6
    00000052 D50C                   MOV.L       L17+8,R5   ; H'00000004+_rzi113s
    00000054 62E3                   MOV         R14,R2
    00000056 4208                   SHLL2       R2
    00000058 6023                   MOV         R2,R0
    0000005A 0566                   MOV.L       R6,@(R0,R5)
    0000005C 7D08                   ADD         #8,R13
    0000005E 7E01                   ADD         #1,R14
    00000060 D306                   MOV.L       L17,R3     ; _rzi113s
    00000062 6330                   MOV.B       @R3,R3
    00000064 633C                   EXTU.B      R3,R3
    00000066 6233                   MOV         R3,R2
    00000068 3E23                   CMP/GE      R2,R14
    0000006A 8BED                   BF          L15
    0000006C              L14:
    0000006C E200                   MOV         #0,R2      ; H'00000000
    0000006E 6023                   MOV         R2,R0
    00000070 7F08                   ADD         #8,R15
    00000072 4F26                   LDS.L       @R15+,PR
    00000074 6EF6                   MOV.L       @R15+,R14
    00000076 6DF6                   MOV.L       @R15+,R13
    00000078 000B                   RTS
    0000007A 0009                   NOP
    0000007C              L17:
    0000007C <00000000>             .DATA.L     _rzi113s
    00000080 <00000000>             .DATA.L     _htol
    00000084 <00000004>             .DATA.L     H'00000004+_rzi113s
B   00000000              _rzi113s:                        ; static: rzi113s
    00000000 00000004               .RES.L      3
SH SERIES C/C++ Compiler (Ver. checker(2003.03.17))                                              10-Feb-2005 16:51:10  PAGE    1


******** STATISTICS INFORMATION ********


********** ERROR INFORMATION ***********

NUMBER OF ERRORS:           0
NUMBER OF WARNINGS:         0
NUMBER OF INFORMATIONS:     0



******* SOURCE LINE INFORMATION ********

COMPILED SOURCE LINE:       63



******* SECTION SIZE INFORMATION *******

PROGRAM  SECTION (P):                               00000088 Byte(s)
CONSTANT SECTION (C):                               00000000 Byte(s)
DATA     SECTION (D):                               00000000 Byte(s)
BSS      SECTION (B):                               0000000C Byte(s)

TOTAL PROGRAM  SECTION: 00000088 Byte(s)
TOTAL CONSTANT SECTION: 00000000 Byte(s)
TOTAL DATA     SECTION: 00000000 Byte(s)
TOTAL BSS      SECTION: 0000000C Byte(s)

    TOTAL PROGRAM SIZE: 00000094 Byte(s)



********** LABEL INFORMATION ***********

NUMBER OF EXTERNAL REFERENCE SYMBOLS:            1
NUMBER OF EXTERNAL DEFINITION SYMBOLS:           2
NUMBER OF INTERNAL/EXTERNAL SYMBOLS:             8
*** COMMAND PARAMETER ***


  -cpu=sh3 -op=0 -en=big -me -debug -comment=nest -l -def=DEBUG -i=P:\PRESTO2\SHINC,C:\usr\local\SH\7_1_1\include,P:\PRESTO2\NORTI_12\inc rzi113a.c 

