SH SERIES C/C++ Compiler (Ver. checker(2003.03.17))                                              10-Feb-2005 16:51:03  PAGE    1

************ OBJECT LISTING ************

FILE NAME: rzi140.c

SCT OFFSET   CODE       C LABEL     INSTRUCTION OPERAND    COMMENT

P   00000000              _rz_print_stale_time:            ; function: rz_print_stale_time
                                                           ; frame size=12
    00000000 2FD6                   MOV.L       R13,@-R15
    00000002 2FE6                   MOV.L       R14,@-R15
    00000004 4F22                   STS.L       PR,@-R15
    00000006 6D53                   MOV         R5,R13
    00000008 6E43                   MOV         R4,R14
    0000000A 62D2                   MOV.L       @R13,R2
    0000000C 6423                   MOV         R2,R4
    0000000E 65E3                   MOV         R14,R5
    00000010 7504                   ADD         #4,R5
    00000012 644D                   EXTU.W      R4,R4
    00000014 D313                   MOV.L       L15+2,R3   ; _itoh
    00000016 430B                   JSR         @R3
    00000018 0009                   NOP
    0000001A 52D1                   MOV.L       @(4,R13),R2
    0000001C E309                   MOV         #9,R3      ; H'00000009
    0000001E 3237                   CMP/GT      R3,R2
    00000020 8B03                   BF          L12
    00000022 52D1                   MOV.L       @(4,R13),R2
    00000024 7237                   ADD         #55,R2
    00000026 A002                   BRA         L13
    00000028 0009                   NOP
    0000002A              L12:
    0000002A 52D1                   MOV.L       @(4,R13),R2
    0000002C 7230                   ADD         #48,R2
    0000002E              L13:
    0000002E 6023                   MOV         R2,R0
    00000030 80E8                   MOV.B       R0,@(8,R14)
    00000032 54D2                   MOV.L       @(8,R13),R4
    00000034 65E3                   MOV         R14,R5
    00000036 7509                   ADD         #9,R5
    00000038 644D                   EXTU.W      R4,R4
    0000003A D30A                   MOV.L       L15+2,R3   ; _itoh
    0000003C 430B                   JSR         @R3
    0000003E 0009                   NOP
    00000040 84DC                   MOV.B       @(12,R13),R0
    00000042 6203                   MOV         R0,R2
    00000044 642C                   EXTU.B      R2,R4
    00000046 65E3                   MOV         R14,R5
    00000048 750D                   ADD         #13,R5
    0000004A 644C                   EXTU.B      R4,R4
    0000004C D306                   MOV.L       L15+6,R3   ; _ctoh
    0000004E 430B                   JSR         @R3
    00000050 0009                   NOP
    00000052 7E0F                   ADD         #15,R14
    00000054 62E3                   MOV         R14,R2
    00000056 6023                   MOV         R2,R0
    00000058 4F26                   LDS.L       @R15+,PR
    0000005A 6EF6                   MOV.L       @R15+,R14
    0000005C 6DF6                   MOV.L       @R15+,R13
    0000005E 000B                   RTS
    00000060 0009                   NOP
    00000062              L15:
    00000062 00000002               .RES.W      1
    00000064 <00000000>             .DATA.L     _itoh
    00000068 <00000000>             .DATA.L     _ctoh
SH SERIES C/C++ Compiler (Ver. checker(2003.03.17))                                              10-Feb-2005 16:51:03  PAGE    1


******** STATISTICS INFORMATION ********


********** ERROR INFORMATION ***********

NUMBER OF ERRORS:           0
NUMBER OF WARNINGS:         0
NUMBER OF INFORMATIONS:     0



******* SOURCE LINE INFORMATION ********

COMPILED SOURCE LINE:       59



******* SECTION SIZE INFORMATION *******

PROGRAM  SECTION (P):                               0000006C Byte(s)
CONSTANT SECTION (C):                               00000000 Byte(s)
DATA     SECTION (D):                               00000000 Byte(s)
BSS      SECTION (B):                               00000000 Byte(s)

TOTAL PROGRAM  SECTION: 0000006C Byte(s)
TOTAL CONSTANT SECTION: 00000000 Byte(s)
TOTAL DATA     SECTION: 00000000 Byte(s)
TOTAL BSS      SECTION: 00000000 Byte(s)

    TOTAL PROGRAM SIZE: 0000006C Byte(s)



********** LABEL INFORMATION ***********

NUMBER OF EXTERNAL REFERENCE SYMBOLS:            2
NUMBER OF EXTERNAL DEFINITION SYMBOLS:           1
NUMBER OF INTERNAL/EXTERNAL SYMBOLS:             6
*** COMMAND PARAMETER ***


  -cpu=sh3 -op=0 -en=big -me -debug -comment=nest -l -def=DEBUG -i=P:\PRESTO2\SHINC,C:\usr\local\SH\7_1_1\include,P:\PRESTO2\NORTI_12\inc rzi140.c 

