SH SERIES C/C++ Compiler (Ver. checker(2003.03.17))                                              10-Feb-2005 16:50:58  PAGE    1

************ OBJECT LISTING ************

FILE NAME: rzi111.c

SCT OFFSET   CODE       C LABEL     INSTRUCTION OPERAND    COMMENT

P   00000000              _rz_scan_ph_weight:              ; function: rz_scan_ph_weight
                                                           ; frame size=28
    00000000 2FC6                   MOV.L       R12,@-R15
    00000002 2FD6                   MOV.L       R13,@-R15
    00000004 2FE6                   MOV.L       R14,@-R15
    00000006 4F22                   STS.L       PR,@-R15
    00000008 7FF4                   ADD         #-12,R15
    0000000A 6E43                   MOV         R4,R14
    0000000C 84E4                   MOV.B       @(4,R14),R0
    0000000E 6603                   MOV         R0,R6
    00000010 626C                   EXTU.B      R6,R2
    00000012 622C                   EXTU.B      R2,R2
    00000014 E339                   MOV         #57,R3     ; H'00000039
    00000016 3237                   CMP/GT      R3,R2
    00000018 8B07                   BF          L12
    0000001A 84E4                   MOV.B       @(4,R14),R0
    0000001C 6203                   MOV         R0,R2
    0000001E 662C                   EXTU.B      R2,R6
    00000020 666C                   EXTU.B      R6,R6
    00000022 6263                   MOV         R6,R2
    00000024 72C9                   ADD         #-55,R2
    00000026 A006                   BRA         L13
    00000028 0009                   NOP
    0000002A              L12:
    0000002A 84E4                   MOV.B       @(4,R14),R0
    0000002C 6203                   MOV         R0,R2
    0000002E 662C                   EXTU.B      R2,R6
    00000030 666C                   EXTU.B      R6,R6
    00000032 6263                   MOV         R6,R2
    00000034 72D0                   ADD         #-48,R2
    00000036              L13:
    00000036 6323                   MOV         R2,R3
    00000038 D124                   MOV.L       L17+2,R1   ; _rzi111s
    0000003A 2130                   MOV.B       R3,@R1
    0000003C 64E3                   MOV         R14,R4
    0000003E 7405                   ADD         #5,R4
    00000040 D323                   MOV.L       L17+6,R3   ; _htoc
    00000042 430B                   JSR         @R3
    00000044 0009                   NOP
    00000046 6203                   MOV         R0,R2
    00000048 632C                   EXTU.B      R2,R3
    0000004A D122                   MOV.L       L17+10,R1  ; H'00000001+_rzi111s
    0000004C 2130                   MOV.B       R3,@R1
    0000004E 64E3                   MOV         R14,R4
    00000050 7407                   ADD         #7,R4
    00000052 D31F                   MOV.L       L17+6,R3   ; _htoc
    00000054 430B                   JSR         @R3
    00000056 0009                   NOP
    00000058 6203                   MOV         R0,R2
    0000005A 632C                   EXTU.B      R2,R3
    0000005C D11E                   MOV.L       L17+14,R1  ; H'00000002+_rzi111s
    0000005E 2130                   MOV.B       R3,@R1
    00000060 7E09                   ADD         #9,R14
    00000062 6CE3                   MOV         R14,R12
    00000064 D31C                   MOV.L       L17+14,R3  ; H'00000002+_rzi111s
    00000066 6330                   MOV.B       @R3,R3
    00000068 633C                   EXTU.B      R3,R3
    0000006A 6E33                   MOV         R3,R14
    0000006C D319                   MOV.L       L17+10,R3  ; H'00000001+_rzi111s
    0000006E 6330                   MOV.B       @R3,R3
    00000070 633C                   EXTU.B      R3,R3
    00000072 6233                   MOV         R3,R2
    00000074 72FF                   ADD         #-1,R2
    00000076 6D23                   MOV         R2,R13
    00000078 2EE8                   TST         R14,R14
    0000007A 891D                   BT          L14
    0000007C              L15:
    0000007C 64C3                   MOV         R12,R4
    0000007E D317                   MOV.L       L17+18,R3  ; _htoi
    00000080 430B                   JSR         @R3
    00000082 0009                   NOP
    00000084 6203                   MOV         R0,R2
    00000086 662D                   EXTU.W      R2,R6
    00000088 D415                   MOV.L       L17+22,R4  ; H'00000004+_rzi111s
    0000008A 65D3                   MOV         R13,R5
    0000008C 6253                   MOV         R5,R2
    0000008E 4208                   SHLL2       R2
    00000090 6023                   MOV         R2,R0
    00000092 0465                   MOV.W       R6,@(R0,R4)
    00000094 64C3                   MOV         R12,R4
    00000096 7404                   ADD         #4,R4
    00000098 D30D                   MOV.L       L17+6,R3   ; _htoc
    0000009A 430B                   JSR         @R3
    0000009C 0009                   NOP
    0000009E 6203                   MOV         R0,R2
    000000A0 662C                   EXTU.B      R2,R6
    000000A2 666C                   EXTU.B      R6,R6
    000000A4 D20E                   MOV.L       L17+22,R2  ; H'00000004+_rzi111s
    000000A6 7202                   ADD         #2,R2
    000000A8 65D3                   MOV         R13,R5
    000000AA 4508                   SHLL2       R5
    000000AC 6053                   MOV         R5,R0
    000000AE 0265                   MOV.W       R6,@(R0,R2)
    000000B0 7C06                   ADD         #6,R12
    000000B2 4E10                   DT          R14
    000000B4 7D01                   ADD         #1,R13
    000000B6 8BE1                   BF          L15
    000000B8              L14:
    000000B8 E200                   MOV         #0,R2      ; H'00000000
    000000BA 6023                   MOV         R2,R0
    000000BC 7F0C                   ADD         #12,R15
    000000BE 4F26                   LDS.L       @R15+,PR
    000000C0 6EF6                   MOV.L       @R15+,R14
    000000C2 6DF6                   MOV.L       @R15+,R13
    000000C4 6CF6                   MOV.L       @R15+,R12
    000000C6 000B                   RTS
    000000C8 0009                   NOP
    000000CA              L17:
    000000CA 00000002               .RES.W      1
    000000CC <00000000>             .DATA.L     _rzi111s
    000000D0 <00000000>             .DATA.L     _htoc
    000000D4 <00000001>             .DATA.L     H'00000001+_rzi111s
    000000D8 <00000002>             .DATA.L     H'00000002+_rzi111s
    000000DC <00000000>             .DATA.L     _htoi
    000000E0 <00000004>             .DATA.L     H'00000004+_rzi111s
B   00000000              _rzi111s:                        ; static: rzi111s
    00000000 00000002               .RES.W      66
SH SERIES C/C++ Compiler (Ver. checker(2003.03.17))                                              10-Feb-2005 16:50:58  PAGE    1


******** STATISTICS INFORMATION ********


********** ERROR INFORMATION ***********

NUMBER OF ERRORS:           0
NUMBER OF WARNINGS:         0
NUMBER OF INFORMATIONS:     0



******* SOURCE LINE INFORMATION ********

COMPILED SOURCE LINE:       65



******* SECTION SIZE INFORMATION *******

PROGRAM  SECTION (P):                               000000E4 Byte(s)
CONSTANT SECTION (C):                               00000000 Byte(s)
DATA     SECTION (D):                               00000000 Byte(s)
BSS      SECTION (B):                               00000084 Byte(s)

TOTAL PROGRAM  SECTION: 000000E4 Byte(s)
TOTAL CONSTANT SECTION: 00000000 Byte(s)
TOTAL DATA     SECTION: 00000000 Byte(s)
TOTAL BSS      SECTION: 00000084 Byte(s)

    TOTAL PROGRAM SIZE: 00000168 Byte(s)



********** LABEL INFORMATION ***********

NUMBER OF EXTERNAL REFERENCE SYMBOLS:            2
NUMBER OF EXTERNAL DEFINITION SYMBOLS:           2
NUMBER OF INTERNAL/EXTERNAL SYMBOLS:             9
*** COMMAND PARAMETER ***


  -cpu=sh3 -op=0 -en=big -me -debug -comment=nest -l -def=DEBUG -i=P:\PRESTO2\SHINC,C:\usr\local\SH\7_1_1\include,P:\PRESTO2\NORTI_12\inc rzi111.c 

