SH SERIES C/C++ Compiler (Ver. checker(2003.03.17))                                              10-Feb-2005 16:51:04  PAGE    1

************ OBJECT LISTING ************

FILE NAME: rzi139.c

SCT OFFSET   CODE       C LABEL     INSTRUCTION OPERAND    COMMENT

P   00000000              _rz_scan_stale_time:             ; function: rz_scan_stale_time
                                                           ; frame size=8
    00000000 2FE6                   MOV.L       R14,@-R15
    00000002 4F22                   STS.L       PR,@-R15
    00000004 6E43                   MOV         R4,R14
    00000006 64E3                   MOV         R14,R4
    00000008 7404                   ADD         #4,R4
    0000000A D31E                   MOV.L       L15+2,R3   ; _htoi
    0000000C 430B                   JSR         @R3
    0000000E 0009                   NOP
    00000010 6203                   MOV         R0,R2
    00000012 662D                   EXTU.W      R2,R6
    00000014 666D                   EXTU.W      R6,R6
    00000016 6363                   MOV         R6,R3
    00000018 D11B                   MOV.L       L15+6,R1   ; _rzi139s
    0000001A 2132                   MOV.L       R3,@R1
    0000001C 84E8                   MOV.B       @(8,R14),R0
    0000001E 6603                   MOV         R0,R6
    00000020 626C                   EXTU.B      R6,R2
    00000022 622C                   EXTU.B      R2,R2
    00000024 E339                   MOV         #57,R3     ; H'00000039
    00000026 3237                   CMP/GT      R3,R2
    00000028 8B07                   BF          L12
    0000002A 84E8                   MOV.B       @(8,R14),R0
    0000002C 6203                   MOV         R0,R2
    0000002E 652C                   EXTU.B      R2,R5
    00000030 655C                   EXTU.B      R5,R5
    00000032 6653                   MOV         R5,R6
    00000034 76C9                   ADD         #-55,R6
    00000036 A005                   BRA         L13
    00000038 0009                   NOP
    0000003A              L12:
    0000003A 84E8                   MOV.B       @(8,R14),R0
    0000003C 6203                   MOV         R0,R2
    0000003E 662C                   EXTU.B      R2,R6
    00000040 666C                   EXTU.B      R6,R6
    00000042 76D0                   ADD         #-48,R6
    00000044              L13:
    00000044 6263                   MOV         R6,R2
    00000046 622C                   EXTU.B      R2,R2
    00000048 6323                   MOV         R2,R3
    0000004A D110                   MOV.L       L15+10,R1  ; H'00000004+_rzi139s
    0000004C 2132                   MOV.L       R3,@R1
    0000004E 64E3                   MOV         R14,R4
    00000050 7409                   ADD         #9,R4
    00000052 D30C                   MOV.L       L15+2,R3   ; _htoi
    00000054 430B                   JSR         @R3
    00000056 0009                   NOP
    00000058 6203                   MOV         R0,R2
    0000005A 662D                   EXTU.W      R2,R6
    0000005C 666D                   EXTU.W      R6,R6
    0000005E 6363                   MOV         R6,R3
    00000060 D10B                   MOV.L       L15+14,R1  ; H'00000008+_rzi139s
    00000062 2132                   MOV.L       R3,@R1
    00000064 7E0D                   ADD         #13,R14
    00000066 64E3                   MOV         R14,R4
    00000068 D30A                   MOV.L       L15+18,R3  ; _htoc
    0000006A 430B                   JSR         @R3
    0000006C 0009                   NOP
    0000006E 6203                   MOV         R0,R2
    00000070 632C                   EXTU.B      R2,R3
    00000072 D109                   MOV.L       L15+22,R1  ; H'0000000C+_rzi139s
    00000074 2130                   MOV.B       R3,@R1
    00000076 E200                   MOV         #0,R2      ; H'00000000
    00000078 6023                   MOV         R2,R0
    0000007A 4F26                   LDS.L       @R15+,PR
    0000007C 6EF6                   MOV.L       @R15+,R14
    0000007E 000B                   RTS
    00000080 0009                   NOP
    00000082              L15:
    00000082 00000002               .RES.W      1
    00000084 <00000000>             .DATA.L     _htoi
    00000088 <00000000>             .DATA.L     _rzi139s
    0000008C <00000004>             .DATA.L     H'00000004+_rzi139s
    00000090 <00000008>             .DATA.L     H'00000008+_rzi139s
    00000094 <00000000>             .DATA.L     _htoc
    00000098 <0000000C>             .DATA.L     H'0000000C+_rzi139s
B   00000000              _rzi139s:                        ; static: rzi139s
    00000000 00000004               .RES.L      4
SH SERIES C/C++ Compiler (Ver. checker(2003.03.17))                                              10-Feb-2005 16:51:04  PAGE    1


******** STATISTICS INFORMATION ********


********** ERROR INFORMATION ***********

NUMBER OF ERRORS:           0
NUMBER OF WARNINGS:         0
NUMBER OF INFORMATIONS:     0



******* SOURCE LINE INFORMATION ********

COMPILED SOURCE LINE:       57



******* SECTION SIZE INFORMATION *******

PROGRAM  SECTION (P):                               0000009C Byte(s)
CONSTANT SECTION (C):                               00000000 Byte(s)
DATA     SECTION (D):                               00000000 Byte(s)
BSS      SECTION (B):                               00000010 Byte(s)

TOTAL PROGRAM  SECTION: 0000009C Byte(s)
TOTAL CONSTANT SECTION: 00000000 Byte(s)
TOTAL DATA     SECTION: 00000000 Byte(s)
TOTAL BSS      SECTION: 00000010 Byte(s)

    TOTAL PROGRAM SIZE: 000000AC Byte(s)



********** LABEL INFORMATION ***********

NUMBER OF EXTERNAL REFERENCE SYMBOLS:            2
NUMBER OF EXTERNAL DEFINITION SYMBOLS:           2
NUMBER OF INTERNAL/EXTERNAL SYMBOLS:             7
*** COMMAND PARAMETER ***


  -cpu=sh3 -op=0 -en=big -me -debug -comment=nest -l -def=DEBUG -i=P:\PRESTO2\SHINC,C:\usr\local\SH\7_1_1\include,P:\PRESTO2\NORTI_12\inc rzi139.c 

