SH SERIES C/C++ Compiler (Ver. checker(2003.03.17))                                              10-Feb-2005 16:51:06  PAGE    1

************ OBJECT LISTING ************

FILE NAME: rzi118.c

SCT OFFSET   CODE       C LABEL     INSTRUCTION OPERAND    COMMENT

P   00000000              _rz_print_error_sub:             ; function: rz_print_error_sub
                                                           ; frame size=12
    00000000 2FD6                   MOV.L       R13,@-R15
    00000002 2FE6                   MOV.L       R14,@-R15
    00000004 4F22                   STS.L       PR,@-R15
    00000006 6D53                   MOV         R5,R13
    00000008 6E43                   MOV         R4,R14
    0000000A 66D0                   MOV.B       @R13,R6
    0000000C 626C                   EXTU.B      R6,R2
    0000000E 622C                   EXTU.B      R2,R2
    00000010 E309                   MOV         #9,R3      ; H'00000009
    00000012 3237                   CMP/GT      R3,R2
    00000014 8B06                   BF          L12
    00000016 62D0                   MOV.B       @R13,R2
    00000018 662C                   EXTU.B      R2,R6
    0000001A 666C                   EXTU.B      R6,R6
    0000001C 6263                   MOV         R6,R2
    0000001E 7237                   ADD         #55,R2
    00000020 A005                   BRA         L13
    00000022 0009                   NOP
    00000024              L12:
    00000024 62D0                   MOV.B       @R13,R2
    00000026 662C                   EXTU.B      R2,R6
    00000028 666C                   EXTU.B      R6,R6
    0000002A 6263                   MOV         R6,R2
    0000002C 7230                   ADD         #48,R2
    0000002E              L13:
    0000002E 6423                   MOV         R2,R4
    00000030 6043                   MOV         R4,R0
    00000032 80E4                   MOV.B       R0,@(4,R14)
    00000034 84D1                   MOV.B       @(1,R13),R0
    00000036 6203                   MOV         R0,R2
    00000038 642C                   EXTU.B      R2,R4
    0000003A 65E3                   MOV         R14,R5
    0000003C 7505                   ADD         #5,R5
    0000003E 644C                   EXTU.B      R4,R4
    00000040 D30B                   MOV.L       L15,R3     ; _ctoh
    00000042 430B                   JSR         @R3
    00000044 0009                   NOP
    00000046 54D1                   MOV.L       @(4,R13),R4
    00000048 65E3                   MOV         R14,R5
    0000004A 7507                   ADD         #7,R5
    0000004C 644C                   EXTU.B      R4,R4
    0000004E D308                   MOV.L       L15,R3     ; _ctoh
    00000050 430B                   JSR         @R3
    00000052 0009                   NOP
    00000054 54D2                   MOV.L       @(8,R13),R4
    00000056 65E3                   MOV         R14,R5
    00000058 7509                   ADD         #9,R5
    0000005A D306                   MOV.L       L15+4,R3   ; _ltoh
    0000005C 430B                   JSR         @R3
    0000005E 0009                   NOP
    00000060 7E11                   ADD         #17,R14
    00000062 62E3                   MOV         R14,R2
    00000064 6023                   MOV         R2,R0
    00000066 4F26                   LDS.L       @R15+,PR
    00000068 6EF6                   MOV.L       @R15+,R14
    0000006A 6DF6                   MOV.L       @R15+,R13
    0000006C 000B                   RTS
    0000006E 0009                   NOP
    00000070              L15:
    00000070 <00000000>             .DATA.L     _ctoh
    00000074 <00000000>             .DATA.L     _ltoh
SH SERIES C/C++ Compiler (Ver. checker(2003.03.17))                                              10-Feb-2005 16:51:06  PAGE    1


******** STATISTICS INFORMATION ********


********** ERROR INFORMATION ***********

NUMBER OF ERRORS:           0
NUMBER OF WARNINGS:         0
NUMBER OF INFORMATIONS:     0



******* SOURCE LINE INFORMATION ********

COMPILED SOURCE LINE:       58



******* SECTION SIZE INFORMATION *******

PROGRAM  SECTION (P):                               00000078 Byte(s)
CONSTANT SECTION (C):                               00000000 Byte(s)
DATA     SECTION (D):                               00000000 Byte(s)
BSS      SECTION (B):                               00000000 Byte(s)

TOTAL PROGRAM  SECTION: 00000078 Byte(s)
TOTAL CONSTANT SECTION: 00000000 Byte(s)
TOTAL DATA     SECTION: 00000000 Byte(s)
TOTAL BSS      SECTION: 00000000 Byte(s)

    TOTAL PROGRAM SIZE: 00000078 Byte(s)



********** LABEL INFORMATION ***********

NUMBER OF EXTERNAL REFERENCE SYMBOLS:            2
NUMBER OF EXTERNAL DEFINITION SYMBOLS:           1
NUMBER OF INTERNAL/EXTERNAL SYMBOLS:             6
*** COMMAND PARAMETER ***


  -cpu=sh3 -op=0 -en=big -me -debug -comment=nest -l -def=DEBUG -i=P:\PRESTO2\SHINC,C:\usr\local\SH\7_1_1\include,P:\PRESTO2\NORTI_12\inc rzi118.c 

