SH SERIES C/C++ Compiler (Ver. checker(2003.03.17))                                              10-Feb-2005 16:50:57  PAGE    1

************ OBJECT LISTING ************

FILE NAME: rzi112.c

SCT OFFSET   CODE       C LABEL     INSTRUCTION OPERAND    COMMENT

P   00000000              _rz_print_ph_weight:             ; function: rz_print_ph_weight
                                                           ; frame size=32
    00000000 2FB6                   MOV.L       R11,@-R15
    00000002 2FC6                   MOV.L       R12,@-R15
    00000004 2FD6                   MOV.L       R13,@-R15
    00000006 2FE6                   MOV.L       R14,@-R15
    00000008 4F22                   STS.L       PR,@-R15
    0000000A 7FF4                   ADD         #-12,R15
    0000000C 6E53                   MOV         R5,R14
    0000000E 6D43                   MOV         R4,R13
    00000010 66E0                   MOV.B       @R14,R6
    00000012 626C                   EXTU.B      R6,R2
    00000014 622C                   EXTU.B      R2,R2
    00000016 E309                   MOV         #9,R3      ; H'00000009
    00000018 3237                   CMP/GT      R3,R2
    0000001A 8B05                   BF          L12
    0000001C 66E0                   MOV.B       @R14,R6
    0000001E 626C                   EXTU.B      R6,R2
    00000020 622C                   EXTU.B      R2,R2
    00000022 7237                   ADD         #55,R2
    00000024 A004                   BRA         L13
    00000026 0009                   NOP
    00000028              L12:
    00000028 66E0                   MOV.B       @R14,R6
    0000002A 626C                   EXTU.B      R6,R2
    0000002C 622C                   EXTU.B      R2,R2
    0000002E 7230                   ADD         #48,R2
    00000030              L13:
    00000030 6423                   MOV         R2,R4
    00000032 6043                   MOV         R4,R0
    00000034 80D4                   MOV.B       R0,@(4,R13)
    00000036 84E1                   MOV.B       @(1,R14),R0
    00000038 6203                   MOV         R0,R2
    0000003A 642C                   EXTU.B      R2,R4
    0000003C 65D3                   MOV         R13,R5
    0000003E 7505                   ADD         #5,R5
    00000040 644C                   EXTU.B      R4,R4
    00000042 D320                   MOV.L       L17+2,R3   ; _ctoh
    00000044 430B                   JSR         @R3
    00000046 0009                   NOP
    00000048 84E2                   MOV.B       @(2,R14),R0
    0000004A 6203                   MOV         R0,R2
    0000004C 642C                   EXTU.B      R2,R4
    0000004E 65D3                   MOV         R13,R5
    00000050 7507                   ADD         #7,R5
    00000052 644C                   EXTU.B      R4,R4
    00000054 D31B                   MOV.L       L17+2,R3   ; _ctoh
    00000056 430B                   JSR         @R3
    00000058 0009                   NOP
    0000005A 7D09                   ADD         #9,R13
    0000005C 6CD3                   MOV         R13,R12
    0000005E 84E2                   MOV.B       @(2,R14),R0
    00000060 6203                   MOV         R0,R2
    00000062 662C                   EXTU.B      R2,R6
    00000064 666C                   EXTU.B      R6,R6
    00000066 6D63                   MOV         R6,R13
    00000068 84E1                   MOV.B       @(1,R14),R0
    0000006A 6203                   MOV         R0,R2
    0000006C 662C                   EXTU.B      R2,R6
    0000006E 666C                   EXTU.B      R6,R6
    00000070 6263                   MOV         R6,R2
    00000072 72FF                   ADD         #-1,R2
    00000074 6B23                   MOV         R2,R11
    00000076 2DD8                   TST         R13,R13
    00000078 891A                   BT          L14
    0000007A              L15:
    0000007A 62B3                   MOV         R11,R2
    0000007C 4208                   SHLL2       R2
    0000007E 66E3                   MOV         R14,R6
    00000080 7604                   ADD         #4,R6
    00000082 6023                   MOV         R2,R0
    00000084 046D                   MOV.W       @(R0,R6),R4
    00000086 65C3                   MOV         R12,R5
    00000088 644D                   EXTU.W      R4,R4
    0000008A D30F                   MOV.L       L17+6,R3   ; _itoh
    0000008C 430B                   JSR         @R3
    0000008E 0009                   NOP
    00000090 62B3                   MOV         R11,R2
    00000092 4208                   SHLL2       R2
    00000094 66E3                   MOV         R14,R6
    00000096 7606                   ADD         #6,R6
    00000098 6023                   MOV         R2,R0
    0000009A 046D                   MOV.W       @(R0,R6),R4
    0000009C 65C3                   MOV         R12,R5
    0000009E 7504                   ADD         #4,R5
    000000A0 644C                   EXTU.B      R4,R4
    000000A2 D308                   MOV.L       L17+2,R3   ; _ctoh
    000000A4 430B                   JSR         @R3
    000000A6 0009                   NOP
    000000A8 7C06                   ADD         #6,R12
    000000AA 4D10                   DT          R13
    000000AC 7B01                   ADD         #1,R11
    000000AE 8BE4                   BF          L15
    000000B0              L14:
    000000B0 60C3                   MOV         R12,R0
    000000B2 7F0C                   ADD         #12,R15
    000000B4 4F26                   LDS.L       @R15+,PR
    000000B6 6EF6                   MOV.L       @R15+,R14
    000000B8 6DF6                   MOV.L       @R15+,R13
    000000BA 6CF6                   MOV.L       @R15+,R12
    000000BC 6BF6                   MOV.L       @R15+,R11
    000000BE 000B                   RTS
    000000C0 0009                   NOP
    000000C2              L17:
    000000C2 00000002               .RES.W      1
    000000C4 <00000000>             .DATA.L     _ctoh
    000000C8 <00000000>             .DATA.L     _itoh
SH SERIES C/C++ Compiler (Ver. checker(2003.03.17))                                              10-Feb-2005 16:50:57  PAGE    1


******** STATISTICS INFORMATION ********


********** ERROR INFORMATION ***********

NUMBER OF ERRORS:           0
NUMBER OF WARNINGS:         0
NUMBER OF INFORMATIONS:     0



******* SOURCE LINE INFORMATION ********

COMPILED SOURCE LINE:       65



******* SECTION SIZE INFORMATION *******

PROGRAM  SECTION (P):                               000000CC Byte(s)
CONSTANT SECTION (C):                               00000000 Byte(s)
DATA     SECTION (D):                               00000000 Byte(s)
BSS      SECTION (B):                               00000000 Byte(s)

TOTAL PROGRAM  SECTION: 000000CC Byte(s)
TOTAL CONSTANT SECTION: 00000000 Byte(s)
TOTAL DATA     SECTION: 00000000 Byte(s)
TOTAL BSS      SECTION: 00000000 Byte(s)

    TOTAL PROGRAM SIZE: 000000CC Byte(s)



********** LABEL INFORMATION ***********

NUMBER OF EXTERNAL REFERENCE SYMBOLS:            2
NUMBER OF EXTERNAL DEFINITION SYMBOLS:           1
NUMBER OF INTERNAL/EXTERNAL SYMBOLS:             8
*** COMMAND PARAMETER ***


  -cpu=sh3 -op=0 -en=big -me -debug -comment=nest -l -def=DEBUG -i=P:\PRESTO2\SHINC,C:\usr\local\SH\7_1_1\include,P:\PRESTO2\NORTI_12\inc rzi112.c 

