SH SERIES C/C++ Compiler (Ver. checker(2003.03.17))                                              10-Feb-2005 16:51:00  PAGE    1

************ OBJECT LISTING ************

FILE NAME: rzi240.c

SCT OFFSET   CODE       C LABEL     INSTRUCTION OPERAND    COMMENT

P   00000000              _rz_print_stale98_time:          ; function: rz_print_stale98_time
                                                           ; frame size=12
    00000000 2FD6                   MOV.L       R13,@-R15
    00000002 2FE6                   MOV.L       R14,@-R15
    00000004 4F22                   STS.L       PR,@-R15
    00000006 6E53                   MOV         R5,R14
    00000008 6D43                   MOV         R4,R13
    0000000A 64E2                   MOV.L       @R14,R4
    0000000C 65D3                   MOV         R13,R5
    0000000E 7504                   ADD         #4,R5
    00000010 644D                   EXTU.W      R4,R4
    00000012 D328                   MOV.L       L21,R3     ; _itoh
    00000014 430B                   JSR         @R3
    00000016 0009                   NOP
    00000018 52E1                   MOV.L       @(4,R14),R2
    0000001A E309                   MOV         #9,R3      ; H'00000009
    0000001C 3237                   CMP/GT      R3,R2
    0000001E 8B03                   BF          L12
    00000020 52E1                   MOV.L       @(4,R14),R2
    00000022 7237                   ADD         #55,R2
    00000024 A002                   BRA         L13
    00000026 0009                   NOP
    00000028              L12:
    00000028 52E1                   MOV.L       @(4,R14),R2
    0000002A 7230                   ADD         #48,R2
    0000002C              L13:
    0000002C 6023                   MOV         R2,R0
    0000002E 80D8                   MOV.B       R0,@(8,R13)
    00000030 54E2                   MOV.L       @(8,R14),R4
    00000032 65D3                   MOV         R13,R5
    00000034 7509                   ADD         #9,R5
    00000036 644D                   EXTU.W      R4,R4
    00000038 D31E                   MOV.L       L21,R3     ; _itoh
    0000003A 430B                   JSR         @R3
    0000003C 0009                   NOP
    0000003E 84EC                   MOV.B       @(12,R14),R0
    00000040 6203                   MOV         R0,R2
    00000042 642C                   EXTU.B      R2,R4
    00000044 65D3                   MOV         R13,R5
    00000046 750D                   ADD         #13,R5
    00000048 644C                   EXTU.B      R4,R4
    0000004A D31B                   MOV.L       L21+4,R3   ; _ctoh
    0000004C 430B                   JSR         @R3
    0000004E 0009                   NOP
    00000050 84ED                   MOV.B       @(13,R14),R0
    00000052 6603                   MOV         R0,R6
    00000054 626C                   EXTU.B      R6,R2
    00000056 622C                   EXTU.B      R2,R2
    00000058 E309                   MOV         #9,R3      ; H'00000009
    0000005A 3237                   CMP/GT      R3,R2
    0000005C 8B07                   BF          L15
    0000005E 84ED                   MOV.B       @(13,R14),R0
    00000060 6203                   MOV         R0,R2
    00000062 662C                   EXTU.B      R2,R6
    00000064 666C                   EXTU.B      R6,R6
    00000066 6263                   MOV         R6,R2
    00000068 7237                   ADD         #55,R2
    0000006A A006                   BRA         L16
    0000006C 0009                   NOP
    0000006E              L15:
    0000006E 84ED                   MOV.B       @(13,R14),R0
    00000070 6203                   MOV         R0,R2
    00000072 662C                   EXTU.B      R2,R6
    00000074 666C                   EXTU.B      R6,R6
    00000076 6263                   MOV         R6,R2
    00000078 7230                   ADD         #48,R2
    0000007A              L16:
    0000007A 6023                   MOV         R2,R0
    0000007C 80DF                   MOV.B       R0,@(15,R13)
    0000007E 52E4                   MOV.L       @(16,R14),R2
    00000080 E309                   MOV         #9,R3      ; H'00000009
    00000082 3237                   CMP/GT      R3,R2
    00000084 8B03                   BF          L18
    00000086 52E4                   MOV.L       @(16,R14),R2
    00000088 7237                   ADD         #55,R2
    0000008A A002                   BRA         L19
    0000008C 0009                   NOP
    0000008E              L18:
    0000008E 52E4                   MOV.L       @(16,R14),R2
    00000090 7230                   ADD         #48,R2
    00000092              L19:
    00000092 E010                   MOV         #16,R0     ; H'00000010
    00000094 0D24                   MOV.B       R2,@(R0,R13)
    00000096 54E5                   MOV.L       @(20,R14),R4
    00000098 65D3                   MOV         R13,R5
    0000009A 7511                   ADD         #17,R5
    0000009C 644D                   EXTU.W      R4,R4
    0000009E D305                   MOV.L       L21,R3     ; _itoh
    000000A0 430B                   JSR         @R3
    000000A2 0009                   NOP
    000000A4 7D15                   ADD         #21,R13
    000000A6 62D3                   MOV         R13,R2
    000000A8 6023                   MOV         R2,R0
    000000AA 4F26                   LDS.L       @R15+,PR
    000000AC 6EF6                   MOV.L       @R15+,R14
    000000AE 6DF6                   MOV.L       @R15+,R13
    000000B0 000B                   RTS
    000000B2 0009                   NOP
    000000B4              L21:
    000000B4 <00000000>             .DATA.L     _itoh
    000000B8 <00000000>             .DATA.L     _ctoh
SH SERIES C/C++ Compiler (Ver. checker(2003.03.17))                                              10-Feb-2005 16:51:00  PAGE    1


******** STATISTICS INFORMATION ********


********** ERROR INFORMATION ***********

NUMBER OF ERRORS:           0
NUMBER OF WARNINGS:         0
NUMBER OF INFORMATIONS:     0



******* SOURCE LINE INFORMATION ********

COMPILED SOURCE LINE:       64



******* SECTION SIZE INFORMATION *******

PROGRAM  SECTION (P):                               000000BC Byte(s)
CONSTANT SECTION (C):                               00000000 Byte(s)
DATA     SECTION (D):                               00000000 Byte(s)
BSS      SECTION (B):                               00000000 Byte(s)

TOTAL PROGRAM  SECTION: 000000BC Byte(s)
TOTAL CONSTANT SECTION: 00000000 Byte(s)
TOTAL DATA     SECTION: 00000000 Byte(s)
TOTAL BSS      SECTION: 00000000 Byte(s)

    TOTAL PROGRAM SIZE: 000000BC Byte(s)



********** LABEL INFORMATION ***********

NUMBER OF EXTERNAL REFERENCE SYMBOLS:            2
NUMBER OF EXTERNAL DEFINITION SYMBOLS:           1
NUMBER OF INTERNAL/EXTERNAL SYMBOLS:            10
*** COMMAND PARAMETER ***


  -cpu=sh3 -op=0 -en=big -me -debug -comment=nest -l -def=DEBUG -i=P:\PRESTO2\SHINC,C:\usr\local\SH\7_1_1\include,P:\PRESTO2\NORTI_12\inc rzi240.c 

