SH SERIES C/C++ Compiler (Ver. checker(2003.03.17))                                              10-Feb-2005 16:51:01  PAGE    1

************ OBJECT LISTING ************

FILE NAME: rzi239.c

SCT OFFSET   CODE       C LABEL     INSTRUCTION OPERAND    COMMENT

P   00000000              _rz_scan_stale98_time:           ; function: rz_scan_stale98_time
                                                           ; frame size=8
    00000000 2FE6                   MOV.L       R14,@-R15
    00000002 4F22                   STS.L       PR,@-R15
    00000004 6E43                   MOV         R4,R14
    00000006 64E3                   MOV         R14,R4
    00000008 7404                   ADD         #4,R4
    0000000A D33D                   MOV.L       L21,R3     ; _htoi
    0000000C 430B                   JSR         @R3
    0000000E 0009                   NOP
    00000010 6203                   MOV         R0,R2
    00000012 662D                   EXTU.W      R2,R6
    00000014 666D                   EXTU.W      R6,R6
    00000016 6363                   MOV         R6,R3
    00000018 D13A                   MOV.L       L21+4,R1   ; _rzi239s
    0000001A 2132                   MOV.L       R3,@R1
    0000001C 84E8                   MOV.B       @(8,R14),R0
    0000001E 6603                   MOV         R0,R6
    00000020 626C                   EXTU.B      R6,R2
    00000022 622C                   EXTU.B      R2,R2
    00000024 E339                   MOV         #57,R3     ; H'00000039
    00000026 3237                   CMP/GT      R3,R2
    00000028 8B07                   BF          L12
    0000002A 84E8                   MOV.B       @(8,R14),R0
    0000002C 6203                   MOV         R0,R2
    0000002E 662C                   EXTU.B      R2,R6
    00000030 666C                   EXTU.B      R6,R6
    00000032 6263                   MOV         R6,R2
    00000034 72C9                   ADD         #-55,R2
    00000036 A006                   BRA         L13
    00000038 0009                   NOP
    0000003A              L12:
    0000003A 84E8                   MOV.B       @(8,R14),R0
    0000003C 6203                   MOV         R0,R2
    0000003E 662C                   EXTU.B      R2,R6
    00000040 666C                   EXTU.B      R6,R6
    00000042 6263                   MOV         R6,R2
    00000044 72D0                   ADD         #-48,R2
    00000046              L13:
    00000046 6623                   MOV         R2,R6
    00000048 666C                   EXTU.B      R6,R6
    0000004A 6363                   MOV         R6,R3
    0000004C D12E                   MOV.L       L21+8,R1   ; H'00000004+_rzi239s
    0000004E 2132                   MOV.L       R3,@R1
    00000050 64E3                   MOV         R14,R4
    00000052 7409                   ADD         #9,R4
    00000054 D32A                   MOV.L       L21,R3     ; _htoi
    00000056 430B                   JSR         @R3
    00000058 0009                   NOP
    0000005A 6203                   MOV         R0,R2
    0000005C 662D                   EXTU.W      R2,R6
    0000005E 666D                   EXTU.W      R6,R6
    00000060 6363                   MOV         R6,R3
    00000062 D12A                   MOV.L       L21+12,R1  ; H'00000008+_rzi239s
    00000064 2132                   MOV.L       R3,@R1
    00000066 64E3                   MOV         R14,R4
    00000068 740D                   ADD         #13,R4
    0000006A D329                   MOV.L       L21+16,R3  ; _htoc
    0000006C 430B                   JSR         @R3
    0000006E 0009                   NOP
    00000070 6203                   MOV         R0,R2
    00000072 632C                   EXTU.B      R2,R3
    00000074 D127                   MOV.L       L21+20,R1  ; H'0000000C+_rzi239s
    00000076 2130                   MOV.B       R3,@R1
    00000078 84EF                   MOV.B       @(15,R14),R0
    0000007A 6603                   MOV         R0,R6
    0000007C 626C                   EXTU.B      R6,R2
    0000007E 622C                   EXTU.B      R2,R2
    00000080 E339                   MOV         #57,R3     ; H'00000039
    00000082 3237                   CMP/GT      R3,R2
    00000084 8B07                   BF          L15
    00000086 84EF                   MOV.B       @(15,R14),R0
    00000088 6203                   MOV         R0,R2
    0000008A 662C                   EXTU.B      R2,R6
    0000008C 666C                   EXTU.B      R6,R6
    0000008E 6263                   MOV         R6,R2
    00000090 72C9                   ADD         #-55,R2
    00000092 A006                   BRA         L16
    00000094 0009                   NOP
    00000096              L15:
    00000096 84EF                   MOV.B       @(15,R14),R0
    00000098 6203                   MOV         R0,R2
    0000009A 662C                   EXTU.B      R2,R6
    0000009C 666C                   EXTU.B      R6,R6
    0000009E 6263                   MOV         R6,R2
    000000A0 72D0                   ADD         #-48,R2
    000000A2              L16:
    000000A2 6623                   MOV         R2,R6
    000000A4 6363                   MOV         R6,R3
    000000A6 D11C                   MOV.L       L21+24,R1  ; H'0000000D+_rzi239s
    000000A8 2130                   MOV.B       R3,@R1
    000000AA E010                   MOV         #16,R0     ; H'00000010
    000000AC 06EC                   MOV.B       @(R0,R14),R6
    000000AE 626C                   EXTU.B      R6,R2
    000000B0 622C                   EXTU.B      R2,R2
    000000B2 E339                   MOV         #57,R3     ; H'00000039
    000000B4 3237                   CMP/GT      R3,R2
    000000B6 8B07                   BF          L18
    000000B8 E010                   MOV         #16,R0     ; H'00000010
    000000BA 02EC                   MOV.B       @(R0,R14),R2
    000000BC 652C                   EXTU.B      R2,R5
    000000BE 655C                   EXTU.B      R5,R5
    000000C0 6653                   MOV         R5,R6
    000000C2 76C9                   ADD         #-55,R6
    000000C4 A006                   BRA         L19
    000000C6 0009                   NOP
    000000C8              L18:
    000000C8 E010                   MOV         #16,R0     ; H'00000010
    000000CA 02EC                   MOV.B       @(R0,R14),R2
    000000CC 652C                   EXTU.B      R2,R5
    000000CE 655C                   EXTU.B      R5,R5
    000000D0 6653                   MOV         R5,R6
    000000D2 76D0                   ADD         #-48,R6
    000000D4              L19:
    000000D4 666C                   EXTU.B      R6,R6
    000000D6 6263                   MOV         R6,R2
    000000D8 6323                   MOV         R2,R3
    000000DA D110                   MOV.L       L21+28,R1  ; H'00000010+_rzi239s
    000000DC 2132                   MOV.L       R3,@R1
    000000DE 7E11                   ADD         #17,R14
    000000E0 64E3                   MOV         R14,R4
    000000E2 D307                   MOV.L       L21,R3     ; _htoi
    000000E4 430B                   JSR         @R3
    000000E6 0009                   NOP
    000000E8 6603                   MOV         R0,R6
    000000EA 626D                   EXTU.W      R6,R2
    000000EC 622D                   EXTU.W      R2,R2
    000000EE 6323                   MOV         R2,R3
    000000F0 D10B                   MOV.L       L21+32,R1  ; H'00000014+_rzi239s
    000000F2 2132                   MOV.L       R3,@R1
    000000F4 E200                   MOV         #0,R2      ; H'00000000
    000000F6 6023                   MOV         R2,R0
    000000F8 4F26                   LDS.L       @R15+,PR
    000000FA 6EF6                   MOV.L       @R15+,R14
    000000FC 000B                   RTS
    000000FE 0009                   NOP
    00000100              L21:
    00000100 <00000000>             .DATA.L     _htoi
    00000104 <00000000>             .DATA.L     _rzi239s
    00000108 <00000004>             .DATA.L     H'00000004+_rzi239s
    0000010C <00000008>             .DATA.L     H'00000008+_rzi239s
    00000110 <00000000>             .DATA.L     _htoc
    00000114 <0000000C>             .DATA.L     H'0000000C+_rzi239s
    00000118 <0000000D>             .DATA.L     H'0000000D+_rzi239s
    0000011C <00000010>             .DATA.L     H'00000010+_rzi239s
    00000120 <00000014>             .DATA.L     H'00000014+_rzi239s
B   00000000              _rzi239s:                        ; static: rzi239s
    00000000 00000004               .RES.L      6
SH SERIES C/C++ Compiler (Ver. checker(2003.03.17))                                              10-Feb-2005 16:51:01  PAGE    1


******** STATISTICS INFORMATION ********


********** ERROR INFORMATION ***********

NUMBER OF ERRORS:           0
NUMBER OF WARNINGS:         0
NUMBER OF INFORMATIONS:     0



******* SOURCE LINE INFORMATION ********

COMPILED SOURCE LINE:       61



******* SECTION SIZE INFORMATION *******

PROGRAM  SECTION (P):                               00000124 Byte(s)
CONSTANT SECTION (C):                               00000000 Byte(s)
DATA     SECTION (D):                               00000000 Byte(s)
BSS      SECTION (B):                               00000018 Byte(s)

TOTAL PROGRAM  SECTION: 00000124 Byte(s)
TOTAL CONSTANT SECTION: 00000000 Byte(s)
TOTAL DATA     SECTION: 00000000 Byte(s)
TOTAL BSS      SECTION: 00000018 Byte(s)

    TOTAL PROGRAM SIZE: 0000013C Byte(s)



********** LABEL INFORMATION ***********

NUMBER OF EXTERNAL REFERENCE SYMBOLS:            2
NUMBER OF EXTERNAL DEFINITION SYMBOLS:           2
NUMBER OF INTERNAL/EXTERNAL SYMBOLS:            11
*** COMMAND PARAMETER ***


  -cpu=sh3 -op=0 -en=big -me -debug -comment=nest -l -def=DEBUG -i=P:\PRESTO2\SHINC,C:\usr\local\SH\7_1_1\include,P:\PRESTO2\NORTI_12\inc rzi239.c 

