SH SERIES C/C++ Compiler (Ver. checker(2003.03.17))                                              10-Feb-2005 16:50:25  PAGE    1

************ OBJECT LISTING ************

FILE NAME: rzr087.c

SCT OFFSET   CODE       C LABEL     INSTRUCTION OPERAND    COMMENT

P   00000000              _rz_scan_plc_data:               ; function: rz_scan_plc_data
                                                           ; frame size=16
    00000000 2FD6                   MOV.L       R13,@-R15
    00000002 2FE6                   MOV.L       R14,@-R15
    00000004 4F22                   STS.L       PR,@-R15
    00000006 7FFC                   ADD         #-4,R15
    00000008 6D43                   MOV         R4,R13
    0000000A EE00                   MOV         #0,R14     ; H'00000000
    0000000C E319                   MOV         #25,R3     ; H'00000019
    0000000E 3E33                   CMP/GE      R3,R14
    00000010 8913                   BT          L11
    00000012              L12:
    00000012 62E3                   MOV         R14,R2
    00000014 4208                   SHLL2       R2
    00000016 64D3                   MOV         R13,R4
    00000018 7405                   ADD         #5,R4
    0000001A 342C                   ADD         R2,R4
    0000001C D310                   MOV.L       L14,R3     ; _htoi
    0000001E 430B                   JSR         @R3
    00000020 0009                   NOP
    00000022 6203                   MOV         R0,R2
    00000024 662D                   EXTU.W      R2,R6
    00000026 D50F                   MOV.L       L14+4,R5   ; _rzr087s
    00000028 62E3                   MOV         R14,R2
    0000002A 4208                   SHLL2       R2
    0000002C 666D                   EXTU.W      R6,R6
    0000002E 6023                   MOV         R2,R0
    00000030 0566                   MOV.L       R6,@(R0,R5)
    00000032 7E01                   ADD         #1,R14
    00000034 E319                   MOV         #25,R3     ; H'00000019
    00000036 3E33                   CMP/GE      R3,R14
    00000038 8BEB                   BF          L12
    0000003A              L11:
    0000003A 7D69                   ADD         #105,R13
    0000003C 64D3                   MOV         R13,R4
    0000003E D308                   MOV.L       L14,R3     ; _htoi
    00000040 430B                   JSR         @R3
    00000042 0009                   NOP
    00000044 6603                   MOV         R0,R6
    00000046 626D                   EXTU.W      R6,R2
    00000048 622D                   EXTU.W      R2,R2
    0000004A 6323                   MOV         R2,R3
    0000004C D106                   MOV.L       L14+8,R1   ; H'00000064+_rzr087s
    0000004E 2132                   MOV.L       R3,@R1
    00000050 E200                   MOV         #0,R2      ; H'00000000
    00000052 6023                   MOV         R2,R0
    00000054 7F04                   ADD         #4,R15
    00000056 4F26                   LDS.L       @R15+,PR
    00000058 6EF6                   MOV.L       @R15+,R14
    0000005A 6DF6                   MOV.L       @R15+,R13
    0000005C 000B                   RTS
    0000005E 0009                   NOP
    00000060              L14:
    00000060 <00000000>             .DATA.L     _htoi
    00000064 <00000000>             .DATA.L     _rzr087s
    00000068 <00000064>             .DATA.L     H'00000064+_rzr087s
B   00000000              _rzr087s:                        ; static: rzr087s
    00000000 00000004               .RES.L      26
SH SERIES C/C++ Compiler (Ver. checker(2003.03.17))                                              10-Feb-2005 16:50:25  PAGE    1


******** STATISTICS INFORMATION ********


********** ERROR INFORMATION ***********

NUMBER OF ERRORS:           0
NUMBER OF WARNINGS:         0
NUMBER OF INFORMATIONS:     0



******* SOURCE LINE INFORMATION ********

COMPILED SOURCE LINE:       59



******* SECTION SIZE INFORMATION *******

PROGRAM  SECTION (P):                               0000006C Byte(s)
CONSTANT SECTION (C):                               00000000 Byte(s)
DATA     SECTION (D):                               00000000 Byte(s)
BSS      SECTION (B):                               00000068 Byte(s)

TOTAL PROGRAM  SECTION: 0000006C Byte(s)
TOTAL CONSTANT SECTION: 00000000 Byte(s)
TOTAL DATA     SECTION: 00000000 Byte(s)
TOTAL BSS      SECTION: 00000068 Byte(s)

    TOTAL PROGRAM SIZE: 000000D4 Byte(s)



********** LABEL INFORMATION ***********

NUMBER OF EXTERNAL REFERENCE SYMBOLS:            1
NUMBER OF EXTERNAL DEFINITION SYMBOLS:           2
NUMBER OF INTERNAL/EXTERNAL SYMBOLS:             6
*** COMMAND PARAMETER ***


  -cpu=sh3 -op=0 -en=big -me -debug -comment=nest -l -def=DEBUG -i=P:\PRESTO2\SHINC,C:\usr\local\SH\7_1_1\include,P:\PRESTO2\NORTI_12\inc rzr087.c 

