SH SERIES C/C++ Compiler (Ver. checker(2003.03.17))                                              10-Feb-2005 16:50:56  PAGE    1

************ OBJECT LISTING ************

FILE NAME: rzr063.c

SCT OFFSET   CODE       C LABEL     INSTRUCTION OPERAND    COMMENT

P   00000000              _rz_scan_updown_shoot:           ; function: rz_scan_updown_shoot
                                                           ; frame size=12
    00000000 2FE6                   MOV.L       R14,@-R15
    00000002 4F22                   STS.L       PR,@-R15
    00000004 7FFC                   ADD         #-4,R15
    00000006 6E43                   MOV         R4,R14
    00000008 7E04                   ADD         #4,R14
    0000000A 64E3                   MOV         R14,R4
    0000000C D314                   MOV.L       L12+2,R3   ; _htoc
    0000000E 430B                   JSR         @R3
    00000010 0009                   NOP
    00000012 6203                   MOV         R0,R2
    00000014 632C                   EXTU.B      R2,R3
    00000016 D113                   MOV.L       L12+6,R1   ; _rzr063s
    00000018 2130                   MOV.B       R3,@R1
    0000001A 7E02                   ADD         #2,R14
    0000001C 64E3                   MOV         R14,R4
    0000001E D310                   MOV.L       L12+2,R3   ; _htoc
    00000020 430B                   JSR         @R3
    00000022 0009                   NOP
    00000024 6203                   MOV         R0,R2
    00000026 632C                   EXTU.B      R2,R3
    00000028 D10F                   MOV.L       L12+10,R1  ; H'00000001+_rzr063s
    0000002A 2130                   MOV.B       R3,@R1
    0000002C 7E02                   ADD         #2,R14
    0000002E 64E3                   MOV         R14,R4
    00000030 D30B                   MOV.L       L12+2,R3   ; _htoc
    00000032 430B                   JSR         @R3
    00000034 0009                   NOP
    00000036 6203                   MOV         R0,R2
    00000038 632C                   EXTU.B      R2,R3
    0000003A D10C                   MOV.L       L12+14,R1  ; H'00000002+_rzr063s
    0000003C 2130                   MOV.B       R3,@R1
    0000003E 7E02                   ADD         #2,R14
    00000040 64E3                   MOV         R14,R4
    00000042 D307                   MOV.L       L12+2,R3   ; _htoc
    00000044 430B                   JSR         @R3
    00000046 0009                   NOP
    00000048 6203                   MOV         R0,R2
    0000004A 632C                   EXTU.B      R2,R3
    0000004C D108                   MOV.L       L12+18,R1  ; H'00000003+_rzr063s
    0000004E 2130                   MOV.B       R3,@R1
    00000050 E200                   MOV         #0,R2      ; H'00000000
    00000052 6023                   MOV         R2,R0
    00000054 7F04                   ADD         #4,R15
    00000056 4F26                   LDS.L       @R15+,PR
    00000058 6EF6                   MOV.L       @R15+,R14
    0000005A 000B                   RTS
    0000005C 0009                   NOP
    0000005E              L12:
    0000005E 00000002               .RES.W      1
    00000060 <00000000>             .DATA.L     _htoc
    00000064 <00000000>             .DATA.L     _rzr063s
    00000068 <00000001>             .DATA.L     H'00000001+_rzr063s
    0000006C <00000002>             .DATA.L     H'00000002+_rzr063s
    00000070 <00000003>             .DATA.L     H'00000003+_rzr063s
B   00000000              _rzr063s:                        ; static: rzr063s
    00000000 00000001               .RES.B      4
SH SERIES C/C++ Compiler (Ver. checker(2003.03.17))                                              10-Feb-2005 16:50:56  PAGE    1


******** STATISTICS INFORMATION ********


********** ERROR INFORMATION ***********

NUMBER OF ERRORS:           0
NUMBER OF WARNINGS:         0
NUMBER OF INFORMATIONS:     0



******* SOURCE LINE INFORMATION ********

COMPILED SOURCE LINE:       63



******* SECTION SIZE INFORMATION *******

PROGRAM  SECTION (P):                               00000074 Byte(s)
CONSTANT SECTION (C):                               00000000 Byte(s)
DATA     SECTION (D):                               00000000 Byte(s)
BSS      SECTION (B):                               00000004 Byte(s)

TOTAL PROGRAM  SECTION: 00000074 Byte(s)
TOTAL CONSTANT SECTION: 00000000 Byte(s)
TOTAL DATA     SECTION: 00000000 Byte(s)
TOTAL BSS      SECTION: 00000004 Byte(s)

    TOTAL PROGRAM SIZE: 00000078 Byte(s)



********** LABEL INFORMATION ***********

NUMBER OF EXTERNAL REFERENCE SYMBOLS:            1
NUMBER OF EXTERNAL DEFINITION SYMBOLS:           2
NUMBER OF INTERNAL/EXTERNAL SYMBOLS:             4
*** COMMAND PARAMETER ***


  -cpu=sh3 -op=0 -en=big -me -debug -comment=nest -l -def=DEBUG -i=P:\PRESTO2\SHINC,C:\usr\local\SH\7_1_1\include,P:\PRESTO2\NORTI_12\inc rzr063.c 

