SH SERIES C/C++ Compiler (Ver. checker(2003.03.17))                                              10-Feb-2005 16:50:54  PAGE    1

************ OBJECT LISTING ************

FILE NAME: rzr064.c

SCT OFFSET   CODE       C LABEL     INSTRUCTION OPERAND    COMMENT

P   00000000              _rz_print_updown_shoot:          ; function: rz_print_updown_shoot
                                                           ; frame size=16
    00000000 2FD6                   MOV.L       R13,@-R15
    00000002 2FE6                   MOV.L       R14,@-R15
    00000004 4F22                   STS.L       PR,@-R15
    00000006 7FFC                   ADD         #-4,R15
    00000008 6D53                   MOV         R5,R13
    0000000A 6243                   MOV         R4,R2
    0000000C 7204                   ADD         #4,R2
    0000000E 6E23                   MOV         R2,R14
    00000010 62D0                   MOV.B       @R13,R2
    00000012 642C                   EXTU.B      R2,R4
    00000014 65E3                   MOV         R14,R5
    00000016 644C                   EXTU.B      R4,R4
    00000018 D312                   MOV.L       L12,R3     ; _ctoh
    0000001A 430B                   JSR         @R3
    0000001C 0009                   NOP
    0000001E 7E02                   ADD         #2,R14
    00000020 84D1                   MOV.B       @(1,R13),R0
    00000022 6203                   MOV         R0,R2
    00000024 642C                   EXTU.B      R2,R4
    00000026 65E3                   MOV         R14,R5
    00000028 644C                   EXTU.B      R4,R4
    0000002A D30E                   MOV.L       L12,R3     ; _ctoh
    0000002C 430B                   JSR         @R3
    0000002E 0009                   NOP
    00000030 7E02                   ADD         #2,R14
    00000032 84D2                   MOV.B       @(2,R13),R0
    00000034 6203                   MOV         R0,R2
    00000036 642C                   EXTU.B      R2,R4
    00000038 65E3                   MOV         R14,R5
    0000003A 644C                   EXTU.B      R4,R4
    0000003C D309                   MOV.L       L12,R3     ; _ctoh
    0000003E 430B                   JSR         @R3
    00000040 0009                   NOP
    00000042 7E02                   ADD         #2,R14
    00000044 84D3                   MOV.B       @(3,R13),R0
    00000046 6203                   MOV         R0,R2
    00000048 642C                   EXTU.B      R2,R4
    0000004A 65E3                   MOV         R14,R5
    0000004C 644C                   EXTU.B      R4,R4
    0000004E D305                   MOV.L       L12,R3     ; _ctoh
    00000050 430B                   JSR         @R3
    00000052 0009                   NOP
    00000054 7E02                   ADD         #2,R14
    00000056 60E3                   MOV         R14,R0
    00000058 7F04                   ADD         #4,R15
    0000005A 4F26                   LDS.L       @R15+,PR
    0000005C 6EF6                   MOV.L       @R15+,R14
    0000005E 6DF6                   MOV.L       @R15+,R13
    00000060 000B                   RTS
    00000062 0009                   NOP
    00000064              L12:
    00000064 <00000000>             .DATA.L     _ctoh
SH SERIES C/C++ Compiler (Ver. checker(2003.03.17))                                              10-Feb-2005 16:50:54  PAGE    1


******** STATISTICS INFORMATION ********


********** ERROR INFORMATION ***********

NUMBER OF ERRORS:           0
NUMBER OF WARNINGS:         0
NUMBER OF INFORMATIONS:     0



******* SOURCE LINE INFORMATION ********

COMPILED SOURCE LINE:       63



******* SECTION SIZE INFORMATION *******

PROGRAM  SECTION (P):                               00000068 Byte(s)
CONSTANT SECTION (C):                               00000000 Byte(s)
DATA     SECTION (D):                               00000000 Byte(s)
BSS      SECTION (B):                               00000000 Byte(s)

TOTAL PROGRAM  SECTION: 00000068 Byte(s)
TOTAL CONSTANT SECTION: 00000000 Byte(s)
TOTAL DATA     SECTION: 00000000 Byte(s)
TOTAL BSS      SECTION: 00000000 Byte(s)

    TOTAL PROGRAM SIZE: 00000068 Byte(s)



********** LABEL INFORMATION ***********

NUMBER OF EXTERNAL REFERENCE SYMBOLS:            1
NUMBER OF EXTERNAL DEFINITION SYMBOLS:           1
NUMBER OF INTERNAL/EXTERNAL SYMBOLS:             3
*** COMMAND PARAMETER ***


  -cpu=sh3 -op=0 -en=big -me -debug -comment=nest -l -def=DEBUG -i=P:\PRESTO2\SHINC,C:\usr\local\SH\7_1_1\include,P:\PRESTO2\NORTI_12\inc rzr064.c 

