SH SERIES C/C++ Compiler (Ver. checker(2003.03.17))                                              10-Feb-2005 16:50:19  PAGE    1

************ OBJECT LISTING ************

FILE NAME: rzr091.c

SCT OFFSET   CODE       C LABEL     INSTRUCTION OPERAND    COMMENT

P   00000000              _rz_scan_mlt_parm1:              ; function: rz_scan_mlt_parm1
                                                           ; frame size=12
    00000000 2FE6                   MOV.L       R14,@-R15
    00000002 4F22                   STS.L       PR,@-R15
    00000004 7FFC                   ADD         #-4,R15
    00000006 6E43                   MOV         R4,R14
    00000008 84E5                   MOV.B       @(5,R14),R0
    0000000A 6603                   MOV         R0,R6
    0000000C 626C                   EXTU.B      R6,R2
    0000000E 622C                   EXTU.B      R2,R2
    00000010 E339                   MOV         #57,R3     ; H'00000039
    00000012 3237                   CMP/GT      R3,R2
    00000014 8B07                   BF          L12
    00000016 84E5                   MOV.B       @(5,R14),R0
    00000018 6203                   MOV         R0,R2
    0000001A 662C                   EXTU.B      R2,R6
    0000001C 666C                   EXTU.B      R6,R6
    0000001E 6263                   MOV         R6,R2
    00000020 72C9                   ADD         #-55,R2
    00000022 A006                   BRA         L13
    00000024 0009                   NOP
    00000026              L12:
    00000026 84E5                   MOV.B       @(5,R14),R0
    00000028 6203                   MOV         R0,R2
    0000002A 662C                   EXTU.B      R2,R6
    0000002C 666C                   EXTU.B      R6,R6
    0000002E 6263                   MOV         R6,R2
    00000030 72D0                   ADD         #-48,R2
    00000032              L13:
    00000032 6323                   MOV         R2,R3
    00000034 D14C                   MOV.L       L18+6,R1   ; _rzr091s
    00000036 2130                   MOV.B       R3,@R1
    00000038 64E3                   MOV         R14,R4
    0000003A 7406                   ADD         #6,R4
    0000003C D34B                   MOV.L       L18+10,R3  ; _htoc
    0000003E 430B                   JSR         @R3
    00000040 0009                   NOP
    00000042 6203                   MOV         R0,R2
    00000044 632C                   EXTU.B      R2,R3
    00000046 D14A                   MOV.L       L18+14,R1  ; H'00000001+_rzr091s
    00000048 2130                   MOV.B       R3,@R1
    0000004A 64E3                   MOV         R14,R4
    0000004C 7408                   ADD         #8,R4
    0000004E D347                   MOV.L       L18+10,R3  ; _htoc
    00000050 430B                   JSR         @R3
    00000052 0009                   NOP
    00000054 6203                   MOV         R0,R2
    00000056 632C                   EXTU.B      R2,R3
    00000058 D146                   MOV.L       L18+18,R1  ; H'00000002+_rzr091s
    0000005A 2130                   MOV.B       R3,@R1
    0000005C 64E3                   MOV         R14,R4
    0000005E 740A                   ADD         #10,R4
    00000060 D342                   MOV.L       L18+10,R3  ; _htoc
    00000062 430B                   JSR         @R3
    00000064 0009                   NOP
    00000066 6203                   MOV         R0,R2
    00000068 632C                   EXTU.B      R2,R3
    0000006A D143                   MOV.L       L18+22,R1  ; H'00000003+_rzr091s
    0000006C 2130                   MOV.B       R3,@R1
    0000006E 64E3                   MOV         R14,R4
    00000070 740C                   ADD         #12,R4
    00000072 D33E                   MOV.L       L18+10,R3  ; _htoc
    00000074 430B                   JSR         @R3
    00000076 0009                   NOP
    00000078 6203                   MOV         R0,R2
    0000007A 632C                   EXTU.B      R2,R3
    0000007C D13F                   MOV.L       L18+26,R1  ; H'00000004+_rzr091s
    0000007E 2130                   MOV.B       R3,@R1
    00000080 64E3                   MOV         R14,R4
    00000082 740E                   ADD         #14,R4
    00000084 D339                   MOV.L       L18+10,R3  ; _htoc
    00000086 430B                   JSR         @R3
    00000088 0009                   NOP
    0000008A 6203                   MOV         R0,R2
    0000008C 632C                   EXTU.B      R2,R3
    0000008E D13C                   MOV.L       L18+30,R1  ; H'00000005+_rzr091s
    00000090 2130                   MOV.B       R3,@R1
    00000092 64E3                   MOV         R14,R4
    00000094 7410                   ADD         #16,R4
    00000096 D335                   MOV.L       L18+10,R3  ; _htoc
    00000098 430B                   JSR         @R3
    0000009A 0009                   NOP
    0000009C 6203                   MOV         R0,R2
    0000009E 632C                   EXTU.B      R2,R3
    000000A0 D138                   MOV.L       L18+34,R1  ; H'00000006+_rzr091s
    000000A2 2130                   MOV.B       R3,@R1
    000000A4 64E3                   MOV         R14,R4
    000000A6 7412                   ADD         #18,R4
    000000A8 D330                   MOV.L       L18+10,R3  ; _htoc
    000000AA 430B                   JSR         @R3
    000000AC 0009                   NOP
    000000AE 6203                   MOV         R0,R2
    000000B0 632C                   EXTU.B      R2,R3
    000000B2 D135                   MOV.L       L18+38,R1  ; H'00000007+_rzr091s
    000000B4 2130                   MOV.B       R3,@R1
    000000B6 7E14                   ADD         #20,R14
    000000B8 64E3                   MOV         R14,R4
    000000BA D334                   MOV.L       L18+42,R3  ; _htoi
    000000BC 430B                   JSR         @R3
    000000BE 0009                   NOP
    000000C0 6203                   MOV         R0,R2
    000000C2 652D                   EXTU.W      R2,R5
    000000C4 655D                   EXTU.W      R5,R5
    000000C6 6253                   MOV         R5,R2
    000000C8 6623                   MOV         R2,R6
    000000CA E71F                   MOV         #31,R7     ; H'0000001F
    000000CC 2679                   AND         R7,R6
    000000CE 6263                   MOV         R6,R2
    000000D0 D625                   MOV.L       L18+6,R6   ; _rzr091s
    000000D2 8468                   MOV.B       @(8,R6),R0
    000000D4 6403                   MOV         R0,R4
    000000D6 664C                   EXTU.B      R4,R6
    000000D8 6423                   MOV         R2,R4
    000000DA 2479                   AND         R7,R4
    000000DC 644C                   EXTU.B      R4,R4
    000000DE 6243                   MOV         R4,R2
    000000E0 4208                   SHLL2       R2
    000000E2 4200                   SHLL        R2
    000000E4 E307                   MOV         #7,R3      ; H'00000007
    000000E6 2639                   AND         R3,R6
    000000E8 262B                   OR          R2,R6
    000000EA D21F                   MOV.L       L18+6,R2   ; _rzr091s
    000000EC 6063                   MOV         R6,R0
    000000EE 8028                   MOV.B       R0,@(8,R2)
    000000F0 6253                   MOV         R5,R2
    000000F2 6623                   MOV         R2,R6
    000000F4 E320                   MOV         #32,R3     ; H'00000020
    000000F6 2639                   AND         R3,R6
    000000F8 E3FB                   MOV         #-5,R3     ; H'FFFFFFFB
    000000FA 463C                   SHAD        R3,R6
    000000FC 6263                   MOV         R6,R2
    000000FE D61A                   MOV.L       L18+6,R6   ; _rzr091s
    00000100 8468                   MOV.B       @(8,R6),R0
    00000102 6403                   MOV         R0,R4
    00000104 664C                   EXTU.B      R4,R6
    00000106 6023                   MOV         R2,R0
    00000108 C801                   TST         #1,R0
    0000010A 8903                   BT          L14
    0000010C E304                   MOV         #4,R3      ; H'00000004
    0000010E 263B                   OR          R3,R6
    00000110 A002                   BRA         L16
    00000112 0009                   NOP
    00000114              L14:
    00000114 9325                   MOV.W       L18,R3     ; H'00FB
    00000116 2639                   AND         R3,R6
    00000118              L16:
    00000118 D213                   MOV.L       L18+6,R2   ; _rzr091s
    0000011A 6063                   MOV         R6,R0
    0000011C 8028                   MOV.B       R0,@(8,R2)
    0000011E 6253                   MOV         R5,R2
    00000120 6623                   MOV         R2,R6
    00000122 931F                   MOV.W       L18+2,R3   ; H'00C0
    00000124 2639                   AND         R3,R6
    00000126 E3FA                   MOV         #-6,R3     ; H'FFFFFFFA
    00000128 463C                   SHAD        R3,R6
    0000012A 6263                   MOV         R6,R2
    0000012C D60E                   MOV.L       L18+6,R6   ; _rzr091s
    0000012E 8468                   MOV.B       @(8,R6),R0
    00000130 6403                   MOV         R0,R4
    00000132 664C                   EXTU.B      R4,R6
    00000134 E303                   MOV         #3,R3      ; H'00000003
    00000136 2239                   AND         R3,R2
    00000138 9315                   MOV.W       L18+4,R3   ; H'00FC
    0000013A 2639                   AND         R3,R6
    0000013C 262B                   OR          R2,R6
    0000013E D20A                   MOV.L       L18+6,R2   ; _rzr091s
    00000140 6063                   MOV         R6,R0
    00000142 8028                   MOV.B       R0,@(8,R2)
    00000144 6253                   MOV         R5,R2
    00000146 D312                   MOV.L       L18+46,R3  ; H'0000FF00
    00000148 2239                   AND         R3,R2
    0000014A E3F8                   MOV         #-8,R3     ; H'FFFFFFF8
    0000014C 423C                   SHAD        R3,R2
    0000014E D606                   MOV.L       L18+6,R6   ; _rzr091s
    00000150 6023                   MOV         R2,R0
    00000152 8069                   MOV.B       R0,@(9,R6)
    00000154 E200                   MOV         #0,R2      ; H'00000000
    00000156 6023                   MOV         R2,R0
    00000158 7F04                   ADD         #4,R15
    0000015A 4F26                   LDS.L       @R15+,PR
    0000015C 6EF6                   MOV.L       @R15+,R14
    0000015E 000B                   RTS
    00000160 0009                   NOP
    00000162              L18:
    00000162 00FB                   .DATA.W     H'00FB
    00000164 00C0                   .DATA.W     H'00C0
    00000166 00FC                   .DATA.W     H'00FC
    00000168 <00000000>             .DATA.L     _rzr091s
    0000016C <00000000>             .DATA.L     _htoc
    00000170 <00000001>             .DATA.L     H'00000001+_rzr091s
    00000174 <00000002>             .DATA.L     H'00000002+_rzr091s
    00000178 <00000003>             .DATA.L     H'00000003+_rzr091s
    0000017C <00000004>             .DATA.L     H'00000004+_rzr091s
    00000180 <00000005>             .DATA.L     H'00000005+_rzr091s
    00000184 <00000006>             .DATA.L     H'00000006+_rzr091s
    00000188 <00000007>             .DATA.L     H'00000007+_rzr091s
    0000018C <00000000>             .DATA.L     _htoi
    00000190 0000FF00               .DATA.L     H'0000FF00
B   00000000              _rzr091s:                        ; static: rzr091s
    00000000 00000004               .RES.L      3
SH SERIES C/C++ Compiler (Ver. checker(2003.03.17))                                              10-Feb-2005 16:50:19  PAGE    1


******** STATISTICS INFORMATION ********


********** ERROR INFORMATION ***********

NUMBER OF ERRORS:           0
NUMBER OF WARNINGS:         0
NUMBER OF INFORMATIONS:     0



******* SOURCE LINE INFORMATION ********

COMPILED SOURCE LINE:       70



******* SECTION SIZE INFORMATION *******

PROGRAM  SECTION (P):                               00000194 Byte(s)
CONSTANT SECTION (C):                               00000000 Byte(s)
DATA     SECTION (D):                               00000000 Byte(s)
BSS      SECTION (B):                               0000000C Byte(s)

TOTAL PROGRAM  SECTION: 00000194 Byte(s)
TOTAL CONSTANT SECTION: 00000000 Byte(s)
TOTAL DATA     SECTION: 00000000 Byte(s)
TOTAL BSS      SECTION: 0000000C Byte(s)

    TOTAL PROGRAM SIZE: 000001A0 Byte(s)



********** LABEL INFORMATION ***********

NUMBER OF EXTERNAL REFERENCE SYMBOLS:            2
NUMBER OF EXTERNAL DEFINITION SYMBOLS:           2
NUMBER OF INTERNAL/EXTERNAL SYMBOLS:             9
*** COMMAND PARAMETER ***


  -cpu=sh3 -op=0 -en=big -me -debug -comment=nest -l -def=DEBUG -i=P:\PRESTO2\SHINC,C:\usr\local\SH\7_1_1\include,P:\PRESTO2\NORTI_12\inc rzr091.c 

