SH SERIES C/C++ Compiler (Ver. checker(2003.03.17))                                              10-Feb-2005 16:50:40  PAGE    1

************ OBJECT LISTING ************

FILE NAME: rzr076.c

SCT OFFSET   CODE       C LABEL     INSTRUCTION OPERAND    COMMENT

P   00000000              _rz_print_dca_parm:              ; function: rz_print_dca_parm
                                                           ; frame size=12
    00000000 2FD6                   MOV.L       R13,@-R15
    00000002 2FE6                   MOV.L       R14,@-R15
    00000004 4F22                   STS.L       PR,@-R15
    00000006 6D53                   MOV         R5,R13
    00000008 6E43                   MOV         R4,R14
    0000000A 62D2                   MOV.L       @R13,R2
    0000000C E309                   MOV         #9,R3      ; H'00000009
    0000000E 3237                   CMP/GT      R3,R2
    00000010 8B03                   BF          L12
    00000012 62D2                   MOV.L       @R13,R2
    00000014 7237                   ADD         #55,R2
    00000016 A002                   BRA         L13
    00000018 0009                   NOP
    0000001A              L12:
    0000001A 62D2                   MOV.L       @R13,R2
    0000001C 7230                   ADD         #48,R2
    0000001E              L13:
    0000001E 6023                   MOV         R2,R0
    00000020 80E5                   MOV.B       R0,@(5,R14)
    00000022 52D1                   MOV.L       @(4,R13),R2
    00000024 65E3                   MOV         R14,R5
    00000026 7506                   ADD         #6,R5
    00000028 642D                   EXTU.W      R2,R4
    0000002A D30E                   MOV.L       L15,R3     ; _itoh
    0000002C 430B                   JSR         @R3
    0000002E 0009                   NOP
    00000030 84D8                   MOV.B       @(8,R13),R0
    00000032 6203                   MOV         R0,R2
    00000034 642C                   EXTU.B      R2,R4
    00000036 65E3                   MOV         R14,R5
    00000038 750A                   ADD         #10,R5
    0000003A 644C                   EXTU.B      R4,R4
    0000003C D30A                   MOV.L       L15+4,R3   ; _ctoh
    0000003E 430B                   JSR         @R3
    00000040 0009                   NOP
    00000042 84D9                   MOV.B       @(9,R13),R0
    00000044 6203                   MOV         R0,R2
    00000046 642C                   EXTU.B      R2,R4
    00000048 65E3                   MOV         R14,R5
    0000004A 750C                   ADD         #12,R5
    0000004C 644C                   EXTU.B      R4,R4
    0000004E D306                   MOV.L       L15+4,R3   ; _ctoh
    00000050 430B                   JSR         @R3
    00000052 0009                   NOP
    00000054 7E0E                   ADD         #14,R14
    00000056 62E3                   MOV         R14,R2
    00000058 6023                   MOV         R2,R0
    0000005A 4F26                   LDS.L       @R15+,PR
    0000005C 6EF6                   MOV.L       @R15+,R14
    0000005E 6DF6                   MOV.L       @R15+,R13
    00000060 000B                   RTS
    00000062 0009                   NOP
    00000064              L15:
    00000064 <00000000>             .DATA.L     _itoh
    00000068 <00000000>             .DATA.L     _ctoh
SH SERIES C/C++ Compiler (Ver. checker(2003.03.17))                                              10-Feb-2005 16:50:40  PAGE    1


******** STATISTICS INFORMATION ********


********** ERROR INFORMATION ***********

NUMBER OF ERRORS:           0
NUMBER OF WARNINGS:         0
NUMBER OF INFORMATIONS:     0



******* SOURCE LINE INFORMATION ********

COMPILED SOURCE LINE:       58



******* SECTION SIZE INFORMATION *******

PROGRAM  SECTION (P):                               0000006C Byte(s)
CONSTANT SECTION (C):                               00000000 Byte(s)
DATA     SECTION (D):                               00000000 Byte(s)
BSS      SECTION (B):                               00000000 Byte(s)

TOTAL PROGRAM  SECTION: 0000006C Byte(s)
TOTAL CONSTANT SECTION: 00000000 Byte(s)
TOTAL DATA     SECTION: 00000000 Byte(s)
TOTAL BSS      SECTION: 00000000 Byte(s)

    TOTAL PROGRAM SIZE: 0000006C Byte(s)



********** LABEL INFORMATION ***********

NUMBER OF EXTERNAL REFERENCE SYMBOLS:            2
NUMBER OF EXTERNAL DEFINITION SYMBOLS:           1
NUMBER OF INTERNAL/EXTERNAL SYMBOLS:             6
*** COMMAND PARAMETER ***


  -cpu=sh3 -op=0 -en=big -me -debug -comment=nest -l -def=DEBUG -i=P:\PRESTO2\SHINC,C:\usr\local\SH\7_1_1\include,P:\PRESTO2\NORTI_12\inc rzr076.c 

