SH SERIES C/C++ Compiler (Ver. checker(2003.03.17))                                              10-Feb-2005 16:50:18  PAGE    1

************ OBJECT LISTING ************

FILE NAME: rzr092.c

SCT OFFSET   CODE       C LABEL     INSTRUCTION OPERAND    COMMENT

P   00000000              _rz_print_mlt_parm1:             ; function: rz_print_mlt_parm1
                                                           ; frame size=20
    00000000 2FD6                   MOV.L       R13,@-R15
    00000002 2FE6                   MOV.L       R14,@-R15
    00000004 4F22                   STS.L       PR,@-R15
    00000006 7FF8                   ADD         #-8,R15
    00000008 6E53                   MOV         R5,R14
    0000000A 6D43                   MOV         R4,R13
    0000000C 66E0                   MOV.B       @R14,R6
    0000000E 626C                   EXTU.B      R6,R2
    00000010 622C                   EXTU.B      R2,R2
    00000012 E309                   MOV         #9,R3      ; H'00000009
    00000014 3237                   CMP/GT      R3,R2
    00000016 8B06                   BF          L12
    00000018 62E0                   MOV.B       @R14,R2
    0000001A 662C                   EXTU.B      R2,R6
    0000001C 666C                   EXTU.B      R6,R6
    0000001E 6263                   MOV         R6,R2
    00000020 7237                   ADD         #55,R2
    00000022 A005                   BRA         L13
    00000024 0009                   NOP
    00000026              L12:
    00000026 62E0                   MOV.B       @R14,R2
    00000028 662C                   EXTU.B      R2,R6
    0000002A 666C                   EXTU.B      R6,R6
    0000002C 6263                   MOV         R6,R2
    0000002E 7230                   ADD         #48,R2
    00000030              L13:
    00000030 6023                   MOV         R2,R0
    00000032 80D5                   MOV.B       R0,@(5,R13)
    00000034 84E1                   MOV.B       @(1,R14),R0
    00000036 6203                   MOV         R0,R2
    00000038 642C                   EXTU.B      R2,R4
    0000003A 65D3                   MOV         R13,R5
    0000003C 7506                   ADD         #6,R5
    0000003E 644C                   EXTU.B      R4,R4
    00000040 D33B                   MOV.L       L15,R3     ; _ctoh
    00000042 430B                   JSR         @R3
    00000044 0009                   NOP
    00000046 84E2                   MOV.B       @(2,R14),R0
    00000048 6203                   MOV         R0,R2
    0000004A 642C                   EXTU.B      R2,R4
    0000004C 65D3                   MOV         R13,R5
    0000004E 7508                   ADD         #8,R5
    00000050 644C                   EXTU.B      R4,R4
    00000052 D337                   MOV.L       L15,R3     ; _ctoh
    00000054 430B                   JSR         @R3
    00000056 0009                   NOP
    00000058 84E3                   MOV.B       @(3,R14),R0
    0000005A 6203                   MOV         R0,R2
    0000005C 642C                   EXTU.B      R2,R4
    0000005E 65D3                   MOV         R13,R5
    00000060 750A                   ADD         #10,R5
    00000062 644C                   EXTU.B      R4,R4
    00000064 D332                   MOV.L       L15,R3     ; _ctoh
    00000066 430B                   JSR         @R3
    00000068 0009                   NOP
    0000006A 84E4                   MOV.B       @(4,R14),R0
    0000006C 6203                   MOV         R0,R2
    0000006E 642C                   EXTU.B      R2,R4
    00000070 65D3                   MOV         R13,R5
    00000072 750C                   ADD         #12,R5
    00000074 644C                   EXTU.B      R4,R4
    00000076 D32E                   MOV.L       L15,R3     ; _ctoh
    00000078 430B                   JSR         @R3
    0000007A 0009                   NOP
    0000007C 84E5                   MOV.B       @(5,R14),R0
    0000007E 6203                   MOV         R0,R2
    00000080 642C                   EXTU.B      R2,R4
    00000082 65D3                   MOV         R13,R5
    00000084 750E                   ADD         #14,R5
    00000086 644C                   EXTU.B      R4,R4
    00000088 D329                   MOV.L       L15,R3     ; _ctoh
    0000008A 430B                   JSR         @R3
    0000008C 0009                   NOP
    0000008E 84E6                   MOV.B       @(6,R14),R0
    00000090 6203                   MOV         R0,R2
    00000092 642C                   EXTU.B      R2,R4
    00000094 65D3                   MOV         R13,R5
    00000096 7510                   ADD         #16,R5
    00000098 644C                   EXTU.B      R4,R4
    0000009A D325                   MOV.L       L15,R3     ; _ctoh
    0000009C 430B                   JSR         @R3
    0000009E 0009                   NOP
    000000A0 84E7                   MOV.B       @(7,R14),R0
    000000A2 6203                   MOV         R0,R2
    000000A4 642C                   EXTU.B      R2,R4
    000000A6 65D3                   MOV         R13,R5
    000000A8 7512                   ADD         #18,R5
    000000AA 644C                   EXTU.B      R4,R4
    000000AC D320                   MOV.L       L15,R3     ; _ctoh
    000000AE 430B                   JSR         @R3
    000000B0 0009                   NOP
    000000B2 84E8                   MOV.B       @(8,R14),R0
    000000B4 6203                   MOV         R0,R2
    000000B6 662C                   EXTU.B      R2,R6
    000000B8 666C                   EXTU.B      R6,R6
    000000BA 626C                   EXTU.B      R6,R2
    000000BC E6FD                   MOV         #-3,R6     ; H'FFFFFFFD
    000000BE 6423                   MOV         R2,R4
    000000C0 446D                   SHLD        R6,R4
    000000C2 84E8                   MOV.B       @(8,R14),R0
    000000C4 6603                   MOV         R0,R6
    000000C6 626C                   EXTU.B      R6,R2
    000000C8 622C                   EXTU.B      R2,R2
    000000CA 6023                   MOV         R2,R0
    000000CC C804                   TST         #4,R0
    000000CE 0229                   MOVT        R2
    000000D0 6623                   MOV         R2,R6
    000000D2 76FF                   ADD         #-1,R6
    000000D4 626B                   NEG         R6,R2
    000000D6 622D                   EXTU.W      R2,R2
    000000D8 6623                   MOV         R2,R6
    000000DA E305                   MOV         #5,R3      ; H'00000005
    000000DC 463D                   SHLD        R3,R6
    000000DE 6263                   MOV         R6,R2
    000000E0 242B                   OR          R2,R4
    000000E2 84E8                   MOV.B       @(8,R14),R0
    000000E4 6203                   MOV         R0,R2
    000000E6 662C                   EXTU.B      R2,R6
    000000E8 666C                   EXTU.B      R6,R6
    000000EA E303                   MOV         #3,R3      ; H'00000003
    000000EC 6263                   MOV         R6,R2
    000000EE 2239                   AND         R3,R2
    000000F0 622D                   EXTU.W      R2,R2
    000000F2 6623                   MOV         R2,R6
    000000F4 E306                   MOV         #6,R3      ; H'00000006
    000000F6 463D                   SHLD        R3,R6
    000000F8 6263                   MOV         R6,R2
    000000FA 242B                   OR          R2,R4
    000000FC 84E9                   MOV.B       @(9,R14),R0
    000000FE 6603                   MOV         R0,R6
    00000100 626C                   EXTU.B      R6,R2
    00000102 622C                   EXTU.B      R2,R2
    00000104 662C                   EXTU.B      R2,R6
    00000106 6263                   MOV         R6,R2
    00000108 622D                   EXTU.W      R2,R2
    0000010A 6623                   MOV         R2,R6
    0000010C 4618                   SHLL8       R6
    0000010E 6263                   MOV         R6,R2
    00000110 242B                   OR          R2,R4
    00000112 65D3                   MOV         R13,R5
    00000114 7514                   ADD         #20,R5
    00000116 644D                   EXTU.W      R4,R4
    00000118 D306                   MOV.L       L15+4,R3   ; _itoh
    0000011A 430B                   JSR         @R3
    0000011C 0009                   NOP
    0000011E 7D18                   ADD         #24,R13
    00000120 62D3                   MOV         R13,R2
    00000122 6023                   MOV         R2,R0
    00000124 7F08                   ADD         #8,R15
    00000126 4F26                   LDS.L       @R15+,PR
    00000128 6EF6                   MOV.L       @R15+,R14
    0000012A 6DF6                   MOV.L       @R15+,R13
    0000012C 000B                   RTS
    0000012E 0009                   NOP
    00000130              L15:
    00000130 <00000000>             .DATA.L     _ctoh
    00000134 <00000000>             .DATA.L     _itoh
SH SERIES C/C++ Compiler (Ver. checker(2003.03.17))                                              10-Feb-2005 16:50:18  PAGE    1


******** STATISTICS INFORMATION ********


********** ERROR INFORMATION ***********

NUMBER OF ERRORS:           0
NUMBER OF WARNINGS:         0
NUMBER OF INFORMATIONS:     0



******* SOURCE LINE INFORMATION ********

COMPILED SOURCE LINE:       75



******* SECTION SIZE INFORMATION *******

PROGRAM  SECTION (P):                               00000138 Byte(s)
CONSTANT SECTION (C):                               00000000 Byte(s)
DATA     SECTION (D):                               00000000 Byte(s)
BSS      SECTION (B):                               00000000 Byte(s)

TOTAL PROGRAM  SECTION: 00000138 Byte(s)
TOTAL CONSTANT SECTION: 00000000 Byte(s)
TOTAL DATA     SECTION: 00000000 Byte(s)
TOTAL BSS      SECTION: 00000000 Byte(s)

    TOTAL PROGRAM SIZE: 00000138 Byte(s)



********** LABEL INFORMATION ***********

NUMBER OF EXTERNAL REFERENCE SYMBOLS:            2
NUMBER OF EXTERNAL DEFINITION SYMBOLS:           1
NUMBER OF INTERNAL/EXTERNAL SYMBOLS:             6
*** COMMAND PARAMETER ***


  -cpu=sh3 -op=0 -en=big -me -debug -comment=nest -l -def=DEBUG -i=P:\PRESTO2\SHINC,C:\usr\local\SH\7_1_1\include,P:\PRESTO2\NORTI_12\inc rzr092.c 

