SH SERIES C/C++ Compiler (Ver. checker(2003.03.17))                                              10-Feb-2005 16:50:32  PAGE    1

************ OBJECT LISTING ************

FILE NAME: rzr082.c

SCT OFFSET   CODE       C LABEL     INSTRUCTION OPERAND    COMMENT

P   00000000              _rz_print_timer_parm:            ; function: rz_print_timer_parm
                                                           ; frame size=32
    00000000 2FB6                   MOV.L       R11,@-R15
    00000002 2FC6                   MOV.L       R12,@-R15
    00000004 2FD6                   MOV.L       R13,@-R15
    00000006 2FE6                   MOV.L       R14,@-R15
    00000008 4F22                   STS.L       PR,@-R15
    0000000A 7FF4                   ADD         #-12,R15
    0000000C 6C53                   MOV         R5,R12
    0000000E 66C0                   MOV.B       @R12,R6
    00000010 626C                   EXTU.B      R6,R2
    00000012 622C                   EXTU.B      R2,R2
    00000014 E309                   MOV         #9,R3      ; H'00000009
    00000016 3237                   CMP/GT      R3,R2
    00000018 8B06                   BF          L12
    0000001A 62C0                   MOV.B       @R12,R2
    0000001C 662C                   EXTU.B      R2,R6
    0000001E 666C                   EXTU.B      R6,R6
    00000020 6263                   MOV         R6,R2
    00000022 7237                   ADD         #55,R2
    00000024 A005                   BRA         L13
    00000026 0009                   NOP
    00000028              L12:
    00000028 62C0                   MOV.B       @R12,R2
    0000002A 662C                   EXTU.B      R2,R6
    0000002C 666C                   EXTU.B      R6,R6
    0000002E 6263                   MOV         R6,R2
    00000030 7230                   ADD         #48,R2
    00000032              L13:
    00000032 6023                   MOV         R2,R0
    00000034 8045                   MOV.B       R0,@(5,R4)
    00000036 84C1                   MOV.B       @(1,R12),R0
    00000038 6203                   MOV         R0,R2
    0000003A 662C                   EXTU.B      R2,R6
    0000003C 666C                   EXTU.B      R6,R6
    0000003E E309                   MOV         #9,R3      ; H'00000009
    00000040 3637                   CMP/GT      R3,R6
    00000042 8B07                   BF          L15
    00000044 84C1                   MOV.B       @(1,R12),R0
    00000046 6203                   MOV         R0,R2
    00000048 662C                   EXTU.B      R2,R6
    0000004A 666C                   EXTU.B      R6,R6
    0000004C 6263                   MOV         R6,R2
    0000004E 7237                   ADD         #55,R2
    00000050 A006                   BRA         L16
    00000052 0009                   NOP
    00000054              L15:
    00000054 84C1                   MOV.B       @(1,R12),R0
    00000056 6203                   MOV         R0,R2
    00000058 662C                   EXTU.B      R2,R6
    0000005A 666C                   EXTU.B      R6,R6
    0000005C 6263                   MOV         R6,R2
    0000005E 7230                   ADD         #48,R2
    00000060              L16:
    00000060 6023                   MOV         R2,R0
    00000062 8046                   MOV.B       R0,@(6,R4)
    00000064 7407                   ADD         #7,R4
    00000066 6E43                   MOV         R4,R14
    00000068 EB00                   MOV         #0,R11     ; H'00000000
    0000006A 6DC3                   MOV         R12,R13
    0000006C 7D02                   ADD         #2,R13
    0000006E 84C1                   MOV.B       @(1,R12),R0
    00000070 6203                   MOV         R0,R2
    00000072 662C                   EXTU.B      R2,R6
    00000074 666C                   EXTU.B      R6,R6
    00000076 6263                   MOV         R6,R2
    00000078 3B23                   CMP/GE      R2,R11
    0000007A 8935                   BT          L17
    0000007C              L18:
    0000007C 62D0                   MOV.B       @R13,R2
    0000007E 662C                   EXTU.B      R2,R6
    00000080 666C                   EXTU.B      R6,R6
    00000082 E309                   MOV         #9,R3      ; H'00000009
    00000084 3637                   CMP/GT      R3,R6
    00000086 8B06                   BF          L20
    00000088 62D0                   MOV.B       @R13,R2
    0000008A 662C                   EXTU.B      R2,R6
    0000008C 666C                   EXTU.B      R6,R6
    0000008E 6263                   MOV         R6,R2
    00000090 7237                   ADD         #55,R2
    00000092 A004                   BRA         L21
    00000094 0009                   NOP
    00000096              L20:
    00000096 66D0                   MOV.B       @R13,R6
    00000098 626C                   EXTU.B      R6,R2
    0000009A 622C                   EXTU.B      R2,R2
    0000009C 7230                   ADD         #48,R2
    0000009E              L21:
    0000009E 2E20                   MOV.B       R2,@R14
    000000A0 7E01                   ADD         #1,R14
    000000A2 84D1                   MOV.B       @(1,R13),R0
    000000A4 6203                   MOV         R0,R2
    000000A6 642C                   EXTU.B      R2,R4
    000000A8 65E3                   MOV         R14,R5
    000000AA 644C                   EXTU.B      R4,R4
    000000AC D313                   MOV.L       L23+2,R3   ; _ctoh
    000000AE 430B                   JSR         @R3
    000000B0 0009                   NOP
    000000B2 7E02                   ADD         #2,R14
    000000B4 84D2                   MOV.B       @(2,R13),R0
    000000B6 6203                   MOV         R0,R2
    000000B8 642C                   EXTU.B      R2,R4
    000000BA 65E3                   MOV         R14,R5
    000000BC 644C                   EXTU.B      R4,R4
    000000BE D30F                   MOV.L       L23+2,R3   ; _ctoh
    000000C0 430B                   JSR         @R3
    000000C2 0009                   NOP
    000000C4 7E02                   ADD         #2,R14
    000000C6 84D3                   MOV.B       @(3,R13),R0
    000000C8 6203                   MOV         R0,R2
    000000CA 642C                   EXTU.B      R2,R4
    000000CC 65E3                   MOV         R14,R5
    000000CE 644C                   EXTU.B      R4,R4
    000000D0 D30A                   MOV.L       L23+2,R3   ; _ctoh
    000000D2 430B                   JSR         @R3
    000000D4 0009                   NOP
    000000D6 7E02                   ADD         #2,R14
    000000D8 7B01                   ADD         #1,R11
    000000DA 7D04                   ADD         #4,R13
    000000DC 84C1                   MOV.B       @(1,R12),R0
    000000DE 6203                   MOV         R0,R2
    000000E0 662C                   EXTU.B      R2,R6
    000000E2 666C                   EXTU.B      R6,R6
    000000E4 3B63                   CMP/GE      R6,R11
    000000E6 8BC9                   BF          L18
    000000E8              L17:
    000000E8 60E3                   MOV         R14,R0
    000000EA 7F0C                   ADD         #12,R15
    000000EC 4F26                   LDS.L       @R15+,PR
    000000EE 6EF6                   MOV.L       @R15+,R14
    000000F0 6DF6                   MOV.L       @R15+,R13
    000000F2 6CF6                   MOV.L       @R15+,R12
    000000F4 6BF6                   MOV.L       @R15+,R11
    000000F6 000B                   RTS
    000000F8 0009                   NOP
    000000FA              L23:
    000000FA 00000002               .RES.W      1
    000000FC <00000000>             .DATA.L     _ctoh
SH SERIES C/C++ Compiler (Ver. checker(2003.03.17))                                              10-Feb-2005 16:50:32  PAGE    1


******** STATISTICS INFORMATION ********


********** ERROR INFORMATION ***********

NUMBER OF ERRORS:           0
NUMBER OF WARNINGS:         0
NUMBER OF INFORMATIONS:     0



******* SOURCE LINE INFORMATION ********

COMPILED SOURCE LINE:       72



******* SECTION SIZE INFORMATION *******

PROGRAM  SECTION (P):                               00000100 Byte(s)
CONSTANT SECTION (C):                               00000000 Byte(s)
DATA     SECTION (D):                               00000000 Byte(s)
BSS      SECTION (B):                               00000000 Byte(s)

TOTAL PROGRAM  SECTION: 00000100 Byte(s)
TOTAL CONSTANT SECTION: 00000000 Byte(s)
TOTAL DATA     SECTION: 00000000 Byte(s)
TOTAL BSS      SECTION: 00000000 Byte(s)

    TOTAL PROGRAM SIZE: 00000100 Byte(s)



********** LABEL INFORMATION ***********

NUMBER OF EXTERNAL REFERENCE SYMBOLS:            1
NUMBER OF EXTERNAL DEFINITION SYMBOLS:           1
NUMBER OF INTERNAL/EXTERNAL SYMBOLS:            11
*** COMMAND PARAMETER ***


  -cpu=sh3 -op=0 -en=big -me -debug -comment=nest -l -def=DEBUG -i=P:\PRESTO2\SHINC,C:\usr\local\SH\7_1_1\include,P:\PRESTO2\NORTI_12\inc rzr082.c 

