SH SERIES C/C++ Compiler (Ver. checker(2003.03.17))                                              10-Feb-2005 16:50:47  PAGE    1

************ OBJECT LISTING ************

FILE NAME: rzr069.c

SCT OFFSET   CODE       C LABEL     INSTRUCTION OPERAND    COMMENT

P   00000000              _rz_scan_sample_dump:            ; function: rz_scan_sample_dump
                                                           ; frame size=4
    00000000 4F22                   STS.L       PR,@-R15
    00000002 8445                   MOV.B       @(5,R4),R0
    00000004 6603                   MOV         R0,R6
    00000006 626C                   EXTU.B      R6,R2
    00000008 622C                   EXTU.B      R2,R2
    0000000A E339                   MOV         #57,R3     ; H'00000039
    0000000C 3237                   CMP/GT      R3,R2
    0000000E 8B07                   BF          L12
    00000010 8445                   MOV.B       @(5,R4),R0
    00000012 6203                   MOV         R0,R2
    00000014 662C                   EXTU.B      R2,R6
    00000016 666C                   EXTU.B      R6,R6
    00000018 6263                   MOV         R6,R2
    0000001A 72C9                   ADD         #-55,R2
    0000001C A006                   BRA         L13
    0000001E 0009                   NOP
    00000020              L12:
    00000020 8445                   MOV.B       @(5,R4),R0
    00000022 6203                   MOV         R0,R2
    00000024 662C                   EXTU.B      R2,R6
    00000026 666C                   EXTU.B      R6,R6
    00000028 6263                   MOV         R6,R2
    0000002A 72D0                   ADD         #-48,R2
    0000002C              L13:
    0000002C 6323                   MOV         R2,R3
    0000002E D107                   MOV.L       L15+2,R1   ; _rzr069s
    00000030 2130                   MOV.B       R3,@R1
    00000032 7406                   ADD         #6,R4
    00000034 D306                   MOV.L       L15+6,R3   ; _htol
    00000036 430B                   JSR         @R3
    00000038 0009                   NOP
    0000003A 6303                   MOV         R0,R3
    0000003C D105                   MOV.L       L15+10,R1  ; H'00000004+_rzr069s
    0000003E 2132                   MOV.L       R3,@R1
    00000040 E200                   MOV         #0,R2      ; H'00000000
    00000042 6023                   MOV         R2,R0
    00000044 4F26                   LDS.L       @R15+,PR
    00000046 000B                   RTS
    00000048 0009                   NOP
    0000004A              L15:
    0000004A 00000002               .RES.W      1
    0000004C <00000000>             .DATA.L     _rzr069s
    00000050 <00000000>             .DATA.L     _htol
    00000054 <00000004>             .DATA.L     H'00000004+_rzr069s
B   00000000              _rzr069s:                        ; static: rzr069s
    00000000 00000004               .RES.L      2
SH SERIES C/C++ Compiler (Ver. checker(2003.03.17))                                              10-Feb-2005 16:50:47  PAGE    1


******** STATISTICS INFORMATION ********


********** ERROR INFORMATION ***********

NUMBER OF ERRORS:           0
NUMBER OF WARNINGS:         0
NUMBER OF INFORMATIONS:     0



******* SOURCE LINE INFORMATION ********

COMPILED SOURCE LINE:       53



******* SECTION SIZE INFORMATION *******

PROGRAM  SECTION (P):                               00000058 Byte(s)
CONSTANT SECTION (C):                               00000000 Byte(s)
DATA     SECTION (D):                               00000000 Byte(s)
BSS      SECTION (B):                               00000008 Byte(s)

TOTAL PROGRAM  SECTION: 00000058 Byte(s)
TOTAL CONSTANT SECTION: 00000000 Byte(s)
TOTAL DATA     SECTION: 00000000 Byte(s)
TOTAL BSS      SECTION: 00000008 Byte(s)

    TOTAL PROGRAM SIZE: 00000060 Byte(s)



********** LABEL INFORMATION ***********

NUMBER OF EXTERNAL REFERENCE SYMBOLS:            1
NUMBER OF EXTERNAL DEFINITION SYMBOLS:           2
NUMBER OF INTERNAL/EXTERNAL SYMBOLS:             6
*** COMMAND PARAMETER ***


  -cpu=sh3 -op=0 -en=big -me -debug -comment=nest -l -def=DEBUG -i=P:\PRESTO2\SHINC,C:\usr\local\SH\7_1_1\include,P:\PRESTO2\NORTI_12\inc rzr069.c 

