SH SERIES C/C++ Compiler (Ver. checker(2003.03.17))                                              10-Feb-2005 16:50:39  PAGE    1

************ OBJECT LISTING ************

FILE NAME: rzr077.c

SCT OFFSET   CODE       C LABEL     INSTRUCTION OPERAND    COMMENT

P   00000000              _rz_scan_ata_dev:                ; function: rz_scan_ata_dev
                                                           ; frame size=4
    00000000 4F22                   STS.L       PR,@-R15
    00000002 8445                   MOV.B       @(5,R4),R0
    00000004 6603                   MOV         R0,R6
    00000006 626C                   EXTU.B      R6,R2
    00000008 622C                   EXTU.B      R2,R2
    0000000A E339                   MOV         #57,R3     ; H'00000039
    0000000C 3237                   CMP/GT      R3,R2
    0000000E 8B06                   BF          L12
    00000010 8445                   MOV.B       @(5,R4),R0
    00000012 6603                   MOV         R0,R6
    00000014 626C                   EXTU.B      R6,R2
    00000016 622C                   EXTU.B      R2,R2
    00000018 72C9                   ADD         #-55,R2
    0000001A A006                   BRA         L13
    0000001C 0009                   NOP
    0000001E              L12:
    0000001E 8445                   MOV.B       @(5,R4),R0
    00000020 6203                   MOV         R0,R2
    00000022 662C                   EXTU.B      R2,R6
    00000024 666C                   EXTU.B      R6,R6
    00000026 6263                   MOV         R6,R2
    00000028 72D0                   ADD         #-48,R2
    0000002A              L13:
    0000002A 6323                   MOV         R2,R3
    0000002C D108                   MOV.L       L15+2,R1   ; _rzr077s
    0000002E 2130                   MOV.B       R3,@R1
    00000030 7406                   ADD         #6,R4
    00000032 D308                   MOV.L       L15+6,R3   ; _htol
    00000034 430B                   JSR         @R3
    00000036 0009                   NOP
    00000038 6203                   MOV         R0,R2
    0000003A 6023                   MOV         R2,R0
    0000003C 6203                   MOV         R0,R2
    0000003E 6323                   MOV         R2,R3
    00000040 D105                   MOV.L       L15+10,R1  ; H'00000004+_rzr077s
    00000042 2132                   MOV.L       R3,@R1
    00000044 E200                   MOV         #0,R2      ; H'00000000
    00000046 6023                   MOV         R2,R0
    00000048 4F26                   LDS.L       @R15+,PR
    0000004A 000B                   RTS
    0000004C 0009                   NOP
    0000004E              L15:
    0000004E 00000002               .RES.W      1
    00000050 <00000000>             .DATA.L     _rzr077s
    00000054 <00000000>             .DATA.L     _htol
    00000058 <00000004>             .DATA.L     H'00000004+_rzr077s
B   00000000              _rzr077s:                        ; static: rzr077s
    00000000 00000004               .RES.L      2
SH SERIES C/C++ Compiler (Ver. checker(2003.03.17))                                              10-Feb-2005 16:50:39  PAGE    1


******** STATISTICS INFORMATION ********


********** ERROR INFORMATION ***********

NUMBER OF ERRORS:           0
NUMBER OF WARNINGS:         0
NUMBER OF INFORMATIONS:     0



******* SOURCE LINE INFORMATION ********

COMPILED SOURCE LINE:       57



******* SECTION SIZE INFORMATION *******

PROGRAM  SECTION (P):                               0000005C Byte(s)
CONSTANT SECTION (C):                               00000000 Byte(s)
DATA     SECTION (D):                               00000000 Byte(s)
BSS      SECTION (B):                               00000008 Byte(s)

TOTAL PROGRAM  SECTION: 0000005C Byte(s)
TOTAL CONSTANT SECTION: 00000000 Byte(s)
TOTAL DATA     SECTION: 00000000 Byte(s)
TOTAL BSS      SECTION: 00000008 Byte(s)

    TOTAL PROGRAM SIZE: 00000064 Byte(s)



********** LABEL INFORMATION ***********

NUMBER OF EXTERNAL REFERENCE SYMBOLS:            1
NUMBER OF EXTERNAL DEFINITION SYMBOLS:           2
NUMBER OF INTERNAL/EXTERNAL SYMBOLS:             6
*** COMMAND PARAMETER ***


  -cpu=sh3 -op=0 -en=big -me -debug -comment=nest -l -def=DEBUG -i=P:\PRESTO2\SHINC,C:\usr\local\SH\7_1_1\include,P:\PRESTO2\NORTI_12\inc rzr077.c 

