SH SERIES C/C++ Compiler (Ver. checker(2003.03.17))                                              10-Feb-2005 16:50:08  PAGE    1

************ OBJECT LISTING ************

FILE NAME: rzr099.c

SCT OFFSET   CODE       C LABEL     INSTRUCTION OPERAND    COMMENT

P   00000000              _rz_scan_sh_parm:                ; function: rz_scan_sh_parm
                                                           ; frame size=56
    00000000 2F86                   MOV.L       R8,@-R15
    00000002 2F96                   MOV.L       R9,@-R15
    00000004 2FA6                   MOV.L       R10,@-R15
    00000006 2FB6                   MOV.L       R11,@-R15
    00000008 2FC6                   MOV.L       R12,@-R15
    0000000A 2FD6                   MOV.L       R13,@-R15
    0000000C 2FE6                   MOV.L       R14,@-R15
    0000000E 4F22                   STS.L       PR,@-R15
    00000010 4F12                   STS.L       MACL,@-R15
    00000012 7FEC                   ADD         #-20,R15
    00000014 8445                   MOV.B       @(5,R4),R0
    00000016 6203                   MOV         R0,R2
    00000018 662C                   EXTU.B      R2,R6
    0000001A 666C                   EXTU.B      R6,R6
    0000001C E339                   MOV         #57,R3     ; H'00000039
    0000001E 3637                   CMP/GT      R3,R6
    00000020 8B07                   BF          L12
    00000022 8445                   MOV.B       @(5,R4),R0
    00000024 6203                   MOV         R0,R2
    00000026 652C                   EXTU.B      R2,R5
    00000028 655C                   EXTU.B      R5,R5
    0000002A 6653                   MOV         R5,R6
    0000002C 76C9                   ADD         #-55,R6
    0000002E A006                   BRA         L13
    00000030 0009                   NOP
    00000032              L12:
    00000032 8445                   MOV.B       @(5,R4),R0
    00000034 6203                   MOV         R0,R2
    00000036 652C                   EXTU.B      R2,R5
    00000038 655C                   EXTU.B      R5,R5
    0000003A 6653                   MOV         R5,R6
    0000003C 76D0                   ADD         #-48,R6
    0000003E              L13:
    0000003E 6363                   MOV         R6,R3
    00000040 D186                   MOV.L       L31+2,R1   ; _rzr099s
    00000042 2130                   MOV.B       R3,@R1
    00000044 8446                   MOV.B       @(6,R4),R0
    00000046 6603                   MOV         R0,R6
    00000048 626C                   EXTU.B      R6,R2
    0000004A 622C                   EXTU.B      R2,R2
    0000004C E339                   MOV         #57,R3     ; H'00000039
    0000004E 3237                   CMP/GT      R3,R2
    00000050 8B07                   BF          L15
    00000052 8446                   MOV.B       @(6,R4),R0
    00000054 6603                   MOV         R0,R6
    00000056 626C                   EXTU.B      R6,R2
    00000058 622C                   EXTU.B      R2,R2
    0000005A 6623                   MOV         R2,R6
    0000005C 76C9                   ADD         #-55,R6
    0000005E A006                   BRA         L16
    00000060 0009                   NOP
    00000062              L15:
    00000062 8446                   MOV.B       @(6,R4),R0
    00000064 6203                   MOV         R0,R2
    00000066 652C                   EXTU.B      R2,R5
    00000068 655C                   EXTU.B      R5,R5
    0000006A 6653                   MOV         R5,R6
    0000006C 76D0                   ADD         #-48,R6
    0000006E              L16:
    0000006E 6363                   MOV         R6,R3
    00000070 D17B                   MOV.L       L31+6,R1   ; H'00000001+_rzr099s
    00000072 2130                   MOV.B       R3,@R1
    00000074 8447                   MOV.B       @(7,R4),R0
    00000076 6603                   MOV         R0,R6
    00000078 626C                   EXTU.B      R6,R2
    0000007A 622C                   EXTU.B      R2,R2
    0000007C E339                   MOV         #57,R3     ; H'00000039
    0000007E 3237                   CMP/GT      R3,R2
    00000080 8B07                   BF          L18
    00000082 8447                   MOV.B       @(7,R4),R0
    00000084 6603                   MOV         R0,R6
    00000086 626C                   EXTU.B      R6,R2
    00000088 622C                   EXTU.B      R2,R2
    0000008A 6623                   MOV         R2,R6
    0000008C 76C9                   ADD         #-55,R6
    0000008E A006                   BRA         L19
    00000090 0009                   NOP
    00000092              L18:
    00000092 8447                   MOV.B       @(7,R4),R0
    00000094 6603                   MOV         R0,R6
    00000096 626C                   EXTU.B      R6,R2
    00000098 622C                   EXTU.B      R2,R2
    0000009A 6623                   MOV         R2,R6
    0000009C 76D0                   ADD         #-48,R6
    0000009E              L19:
    0000009E 6363                   MOV         R6,R3
    000000A0 D170                   MOV.L       L31+10,R1  ; H'00000002+_rzr099s
    000000A2 2130                   MOV.B       R3,@R1
    000000A4 6E43                   MOV         R4,R14
    000000A6 7E08                   ADD         #8,R14
    000000A8 D36D                   MOV.L       L31+6,R3   ; H'00000001+_rzr099s
    000000AA 6330                   MOV.B       @R3,R3
    000000AC 633C                   EXTU.B      R3,R3
    000000AE 6A33                   MOV         R3,R10
    000000B0 D36C                   MOV.L       L31+10,R3  ; H'00000002+_rzr099s
    000000B2 6330                   MOV.B       @R3,R3
    000000B4 633C                   EXTU.B      R3,R3
    000000B6 6633                   MOV         R3,R6
    000000B8 76FF                   ADD         #-1,R6
    000000BA 6B63                   MOV         R6,R11
    000000BC 2AA8                   TST         R10,R10
    000000BE 8B01                   BF          L32
    000000C0 A0BD                   BRA         L20
    000000C2 0009                   NOP
    000000C4              L32:
    000000C4              L21:
    000000C4 62E0                   MOV.B       @R14,R2
    000000C6 662C                   EXTU.B      R2,R6
    000000C8 666C                   EXTU.B      R6,R6
    000000CA E339                   MOV         #57,R3     ; H'00000039
    000000CC 3637                   CMP/GT      R3,R6
    000000CE 8B06                   BF          L23
    000000D0 62E0                   MOV.B       @R14,R2
    000000D2 652C                   EXTU.B      R2,R5
    000000D4 655C                   EXTU.B      R5,R5
    000000D6 6653                   MOV         R5,R6
    000000D8 76C9                   ADD         #-55,R6
    000000DA A005                   BRA         L24
    000000DC 0009                   NOP
    000000DE              L23:
    000000DE 66E0                   MOV.B       @R14,R6
    000000E0 626C                   EXTU.B      R6,R2
    000000E2 622C                   EXTU.B      R2,R2
    000000E4 6623                   MOV         R2,R6
    000000E6 76D0                   ADD         #-48,R6
    000000E8              L24:
    000000E8 D45F                   MOV.L       L31+14,R4  ; H'00000003+_rzr099s
    000000EA 65B3                   MOV         R11,R5
    000000EC E827                   MOV         #39,R8     ; H'00000027
    000000EE 0857                   MUL.L       R5,R8
    000000F0 021A                   STS         MACL,R2
    000000F2 421A                   LDS         R2,MACL
    000000F4 051A                   STS         MACL,R5
    000000F6 6053                   MOV         R5,R0
    000000F8 0464                   MOV.B       R6,@(R0,R4)
    000000FA 7E01                   ADD         #1,R14
    000000FC 64E3                   MOV         R14,R4
    000000FE D35B                   MOV.L       L31+18,R3  ; _htoc
    00000100 430B                   JSR         @R3
    00000102 0009                   NOP
    00000104 6203                   MOV         R0,R2
    00000106 652C                   EXTU.B      R2,R5
    00000108 D657                   MOV.L       L31+14,R6  ; H'00000003+_rzr099s
    0000010A 7601                   ADD         #1,R6
    0000010C 64B3                   MOV         R11,R4
    0000010E 0847                   MUL.L       R4,R8
    00000110 021A                   STS         MACL,R2
    00000112 421A                   LDS         R2,MACL
    00000114 041A                   STS         MACL,R4
    00000116 6043                   MOV         R4,R0
    00000118 0654                   MOV.B       R5,@(R0,R6)
    0000011A 7E02                   ADD         #2,R14
    0000011C 64E3                   MOV         R14,R4
    0000011E D353                   MOV.L       L31+18,R3  ; _htoc
    00000120 430B                   JSR         @R3
    00000122 0009                   NOP
    00000124 6203                   MOV         R0,R2
    00000126 652C                   EXTU.B      R2,R5
    00000128 D64F                   MOV.L       L31+14,R6  ; H'00000003+_rzr099s
    0000012A 7602                   ADD         #2,R6
    0000012C 64B3                   MOV         R11,R4
    0000012E 0847                   MUL.L       R4,R8
    00000130 021A                   STS         MACL,R2
    00000132 421A                   LDS         R2,MACL
    00000134 041A                   STS         MACL,R4
    00000136 6043                   MOV         R4,R0
    00000138 0654                   MOV.B       R5,@(R0,R6)
    0000013A 7E02                   ADD         #2,R14
    0000013C 64E3                   MOV         R14,R4
    0000013E D34B                   MOV.L       L31+18,R3  ; _htoc
    00000140 430B                   JSR         @R3
    00000142 0009                   NOP
    00000144 6203                   MOV         R0,R2
    00000146 652C                   EXTU.B      R2,R5
    00000148 D647                   MOV.L       L31+14,R6  ; H'00000003+_rzr099s
    0000014A 7603                   ADD         #3,R6
    0000014C 64B3                   MOV         R11,R4
    0000014E 0847                   MUL.L       R4,R8
    00000150 021A                   STS         MACL,R2
    00000152 421A                   LDS         R2,MACL
    00000154 041A                   STS         MACL,R4
    00000156 6043                   MOV         R4,R0
    00000158 0654                   MOV.B       R5,@(R0,R6)
    0000015A 7E02                   ADD         #2,R14
    0000015C 62E0                   MOV.B       @R14,R2
    0000015E 662C                   EXTU.B      R2,R6
    00000160 666C                   EXTU.B      R6,R6
    00000162 E339                   MOV         #57,R3     ; H'00000039
    00000164 3637                   CMP/GT      R3,R6
    00000166 8B06                   BF          L26
    00000168 62E0                   MOV.B       @R14,R2
    0000016A 652C                   EXTU.B      R2,R5
    0000016C 655C                   EXTU.B      R5,R5
    0000016E 6653                   MOV         R5,R6
    00000170 76C9                   ADD         #-55,R6
    00000172 A005                   BRA         L27
    00000174 0009                   NOP
    00000176              L26:
    00000176 66E0                   MOV.B       @R14,R6
    00000178 626C                   EXTU.B      R6,R2
    0000017A 622C                   EXTU.B      R2,R2
    0000017C 6623                   MOV         R2,R6
    0000017E 76D0                   ADD         #-48,R6
    00000180              L27:
    00000180 D539                   MOV.L       L31+14,R5  ; H'00000003+_rzr099s
    00000182 7504                   ADD         #4,R5
    00000184 64B3                   MOV         R11,R4
    00000186 E927                   MOV         #39,R9     ; H'00000027
    00000188 0947                   MUL.L       R4,R9
    0000018A 021A                   STS         MACL,R2
    0000018C 421A                   LDS         R2,MACL
    0000018E 041A                   STS         MACL,R4
    00000190 6043                   MOV         R4,R0
    00000192 0564                   MOV.B       R6,@(R0,R5)
    00000194 7E01                   ADD         #1,R14
    00000196 64E3                   MOV         R14,R4
    00000198 D334                   MOV.L       L31+18,R3  ; _htoc
    0000019A 430B                   JSR         @R3
    0000019C 0009                   NOP
    0000019E 6203                   MOV         R0,R2
    000001A0 652C                   EXTU.B      R2,R5
    000001A2 D631                   MOV.L       L31+14,R6  ; H'00000003+_rzr099s
    000001A4 7605                   ADD         #5,R6
    000001A6 64B3                   MOV         R11,R4
    000001A8 0947                   MUL.L       R4,R9
    000001AA 021A                   STS         MACL,R2
    000001AC 421A                   LDS         R2,MACL
    000001AE 041A                   STS         MACL,R4
    000001B0 6043                   MOV         R4,R0
    000001B2 0654                   MOV.B       R5,@(R0,R6)
    000001B4 7E02                   ADD         #2,R14
    000001B6 64E3                   MOV         R14,R4
    000001B8 D32C                   MOV.L       L31+18,R3  ; _htoc
    000001BA 430B                   JSR         @R3
    000001BC 0009                   NOP
    000001BE 6203                   MOV         R0,R2
    000001C0 652C                   EXTU.B      R2,R5
    000001C2 D629                   MOV.L       L31+14,R6  ; H'00000003+_rzr099s
    000001C4 7606                   ADD         #6,R6
    000001C6 64B3                   MOV         R11,R4
    000001C8 0947                   MUL.L       R4,R9
    000001CA 021A                   STS         MACL,R2
    000001CC 421A                   LDS         R2,MACL
    000001CE 041A                   STS         MACL,R4
    000001D0 6043                   MOV         R4,R0
    000001D2 0654                   MOV.B       R5,@(R0,R6)
    000001D4 7E02                   ADD         #2,R14
    000001D6 D624                   MOV.L       L31+14,R6  ; H'00000003+_rzr099s
    000001D8 7605                   ADD         #5,R6
    000001DA 65B3                   MOV         R11,R5
    000001DC 0957                   MUL.L       R5,R9
    000001DE 021A                   STS         MACL,R2
    000001E0 421A                   LDS         R2,MACL
    000001E2 041A                   STS         MACL,R4
    000001E4 6043                   MOV         R4,R0
    000001E6 056C                   MOV.B       @(R0,R6),R5
    000001E8 625C                   EXTU.B      R5,R2
    000001EA 622C                   EXTU.B      R2,R2
    000001EC 6D23                   MOV         R2,R13
    000001EE D61E                   MOV.L       L31+14,R6  ; H'00000003+_rzr099s
    000001F0 7606                   ADD         #6,R6
    000001F2 65B3                   MOV         R11,R5
    000001F4 0957                   MUL.L       R5,R9
    000001F6 021A                   STS         MACL,R2
    000001F8 421A                   LDS         R2,MACL
    000001FA 051A                   STS         MACL,R5
    000001FC 6053                   MOV         R5,R0
    000001FE 026C                   MOV.B       @(R0,R6),R2
    00000200 662C                   EXTU.B      R2,R6
    00000202 666C                   EXTU.B      R6,R6
    00000204 6C63                   MOV         R6,R12
    00000206 7CFF                   ADD         #-1,R12
    00000208 2DD8                   TST         R13,R13
    0000020A 8913                   BT          L28
    0000020C              L29:
    0000020C 64E3                   MOV         R14,R4
    0000020E D317                   MOV.L       L31+18,R3  ; _htoc
    00000210 430B                   JSR         @R3
    00000212 0009                   NOP
    00000214 6203                   MOV         R0,R2
    00000216 642C                   EXTU.B      R2,R4
    00000218 D613                   MOV.L       L31+14,R6  ; H'00000003+_rzr099s
    0000021A 7607                   ADD         #7,R6
    0000021C E327                   MOV         #39,R3     ; H'00000027
    0000021E 03B7                   MUL.L       R11,R3
    00000220 021A                   STS         MACL,R2
    00000222 421A                   LDS         R2,MACL
    00000224 051A                   STS         MACL,R5
    00000226 35CC                   ADD         R12,R5
    00000228 6053                   MOV         R5,R0
    0000022A 0644                   MOV.B       R4,@(R0,R6)
    0000022C 7E02                   ADD         #2,R14
    0000022E 4D10                   DT          R13
    00000230 7C01                   ADD         #1,R12
    00000232 8BEB                   BF          L29
    00000234              L28:
    00000234 4A10                   DT          R10
    00000236 7B01                   ADD         #1,R11
    00000238 8901                   BT          L33
    0000023A AF43                   BRA         L21
    0000023C 0009                   NOP
    0000023E              L33:
    0000023E              L20:
    0000023E E200                   MOV         #0,R2      ; H'00000000
    00000240 6023                   MOV         R2,R0
    00000242 7F14                   ADD         #20,R15
    00000244 4F16                   LDS.L       @R15+,MACL
    00000246 4F26                   LDS.L       @R15+,PR
    00000248 6EF6                   MOV.L       @R15+,R14
    0000024A 6DF6                   MOV.L       @R15+,R13
    0000024C 6CF6                   MOV.L       @R15+,R12
    0000024E 6BF6                   MOV.L       @R15+,R11
    00000250 6AF6                   MOV.L       @R15+,R10
    00000252 69F6                   MOV.L       @R15+,R9
    00000254 68F6                   MOV.L       @R15+,R8
    00000256 000B                   RTS
    00000258 0009                   NOP
    0000025A              L31:
    0000025A 00000002               .RES.W      1
    0000025C <00000000>             .DATA.L     _rzr099s
    00000260 <00000001>             .DATA.L     H'00000001+_rzr099s
    00000264 <00000002>             .DATA.L     H'00000002+_rzr099s
    00000268 <00000003>             .DATA.L     H'00000003+_rzr099s
    0000026C <00000000>             .DATA.L     _htoc
B   00000000              _rzr099s:                        ; static: rzr099s
    00000000 00000001               .RES.B      315
SH SERIES C/C++ Compiler (Ver. checker(2003.03.17))                                              10-Feb-2005 16:50:08  PAGE    1


******** STATISTICS INFORMATION ********


********** ERROR INFORMATION ***********

NUMBER OF ERRORS:           0
NUMBER OF WARNINGS:         0
NUMBER OF INFORMATIONS:     0



******* SOURCE LINE INFORMATION ********

COMPILED SOURCE LINE:       83



******* SECTION SIZE INFORMATION *******

PROGRAM  SECTION (P):                               00000270 Byte(s)
CONSTANT SECTION (C):                               00000000 Byte(s)
DATA     SECTION (D):                               00000000 Byte(s)
BSS      SECTION (B):                               0000013B Byte(s)

TOTAL PROGRAM  SECTION: 00000270 Byte(s)
TOTAL CONSTANT SECTION: 00000000 Byte(s)
TOTAL DATA     SECTION: 00000000 Byte(s)
TOTAL BSS      SECTION: 0000013B Byte(s)

    TOTAL PROGRAM SIZE: 000003AB Byte(s)



********** LABEL INFORMATION ***********

NUMBER OF EXTERNAL REFERENCE SYMBOLS:            1
NUMBER OF EXTERNAL DEFINITION SYMBOLS:           2
NUMBER OF INTERNAL/EXTERNAL SYMBOLS:            20
*** COMMAND PARAMETER ***


  -cpu=sh3 -op=0 -en=big -me -debug -comment=nest -l -def=DEBUG -i=P:\PRESTO2\SHINC,C:\usr\local\SH\7_1_1\include,P:\PRESTO2\NORTI_12\inc rzr099.c 

