SH SERIES C/C++ Compiler (Ver. checker(2003.03.17))                                              10-Feb-2005 16:50:16  PAGE    1

************ OBJECT LISTING ************

FILE NAME: rzr093.c

SCT OFFSET   CODE       C LABEL     INSTRUCTION OPERAND    COMMENT

P   00000000              _rz_scan_mlt_parm2:              ; function: rz_scan_mlt_parm2
                                                           ; frame size=8
    00000000 2FE6                   MOV.L       R14,@-R15
    00000002 4F22                   STS.L       PR,@-R15
    00000004 6E43                   MOV         R4,R14
    00000006 84E5                   MOV.B       @(5,R14),R0
    00000008 6603                   MOV         R0,R6
    0000000A 626C                   EXTU.B      R6,R2
    0000000C 622C                   EXTU.B      R2,R2
    0000000E E339                   MOV         #57,R3     ; H'00000039
    00000010 3237                   CMP/GT      R3,R2
    00000012 8B06                   BF          L12
    00000014 84E5                   MOV.B       @(5,R14),R0
    00000016 6603                   MOV         R0,R6
    00000018 626C                   EXTU.B      R6,R2
    0000001A 622C                   EXTU.B      R2,R2
    0000001C 72C9                   ADD         #-55,R2
    0000001E A005                   BRA         L13
    00000020 0009                   NOP
    00000022              L12:
    00000022 84E5                   MOV.B       @(5,R14),R0
    00000024 6603                   MOV         R0,R6
    00000026 626C                   EXTU.B      R6,R2
    00000028 622C                   EXTU.B      R2,R2
    0000002A 72D0                   ADD         #-48,R2
    0000002C              L13:
    0000002C 6323                   MOV         R2,R3
    0000002E D14C                   MOV.L       L15+2,R1   ; _rzr093s
    00000030 2130                   MOV.B       R3,@R1
    00000032 64E3                   MOV         R14,R4
    00000034 7406                   ADD         #6,R4
    00000036 D34B                   MOV.L       L15+6,R3   ; _htoc
    00000038 430B                   JSR         @R3
    0000003A 0009                   NOP
    0000003C 6203                   MOV         R0,R2
    0000003E 632C                   EXTU.B      R2,R3
    00000040 D149                   MOV.L       L15+10,R1  ; H'00000001+_rzr093s
    00000042 2130                   MOV.B       R3,@R1
    00000044 64E3                   MOV         R14,R4
    00000046 7408                   ADD         #8,R4
    00000048 D346                   MOV.L       L15+6,R3   ; _htoc
    0000004A 430B                   JSR         @R3
    0000004C 0009                   NOP
    0000004E 6203                   MOV         R0,R2
    00000050 632C                   EXTU.B      R2,R3
    00000052 D146                   MOV.L       L15+14,R1  ; H'00000002+_rzr093s
    00000054 2130                   MOV.B       R3,@R1
    00000056 64E3                   MOV         R14,R4
    00000058 740A                   ADD         #10,R4
    0000005A D342                   MOV.L       L15+6,R3   ; _htoc
    0000005C 430B                   JSR         @R3
    0000005E 0009                   NOP
    00000060 6203                   MOV         R0,R2
    00000062 632C                   EXTU.B      R2,R3
    00000064 D142                   MOV.L       L15+18,R1  ; H'00000003+_rzr093s
    00000066 2130                   MOV.B       R3,@R1
    00000068 64E3                   MOV         R14,R4
    0000006A 740C                   ADD         #12,R4
    0000006C D33D                   MOV.L       L15+6,R3   ; _htoc
    0000006E 430B                   JSR         @R3
    00000070 0009                   NOP
    00000072 6203                   MOV         R0,R2
    00000074 632C                   EXTU.B      R2,R3
    00000076 D13F                   MOV.L       L15+22,R1  ; H'00000004+_rzr093s
    00000078 2130                   MOV.B       R3,@R1
    0000007A 64E3                   MOV         R14,R4
    0000007C 740E                   ADD         #14,R4
    0000007E D339                   MOV.L       L15+6,R3   ; _htoc
    00000080 430B                   JSR         @R3
    00000082 0009                   NOP
    00000084 6203                   MOV         R0,R2
    00000086 632C                   EXTU.B      R2,R3
    00000088 D13B                   MOV.L       L15+26,R1  ; H'00000005+_rzr093s
    0000008A 2130                   MOV.B       R3,@R1
    0000008C 64E3                   MOV         R14,R4
    0000008E 7410                   ADD         #16,R4
    00000090 D334                   MOV.L       L15+6,R3   ; _htoc
    00000092 430B                   JSR         @R3
    00000094 0009                   NOP
    00000096 6203                   MOV         R0,R2
    00000098 632C                   EXTU.B      R2,R3
    0000009A D138                   MOV.L       L15+30,R1  ; H'00000006+_rzr093s
    0000009C 2130                   MOV.B       R3,@R1
    0000009E 64E3                   MOV         R14,R4
    000000A0 7412                   ADD         #18,R4
    000000A2 D330                   MOV.L       L15+6,R3   ; _htoc
    000000A4 430B                   JSR         @R3
    000000A6 0009                   NOP
    000000A8 6203                   MOV         R0,R2
    000000AA 632C                   EXTU.B      R2,R3
    000000AC D134                   MOV.L       L15+34,R1  ; H'00000007+_rzr093s
    000000AE 2130                   MOV.B       R3,@R1
    000000B0 64E3                   MOV         R14,R4
    000000B2 7414                   ADD         #20,R4
    000000B4 D32B                   MOV.L       L15+6,R3   ; _htoc
    000000B6 430B                   JSR         @R3
    000000B8 0009                   NOP
    000000BA 6203                   MOV         R0,R2
    000000BC 632C                   EXTU.B      R2,R3
    000000BE D131                   MOV.L       L15+38,R1  ; H'00000008+_rzr093s
    000000C0 2130                   MOV.B       R3,@R1
    000000C2 64E3                   MOV         R14,R4
    000000C4 7416                   ADD         #22,R4
    000000C6 D327                   MOV.L       L15+6,R3   ; _htoc
    000000C8 430B                   JSR         @R3
    000000CA 0009                   NOP
    000000CC 6203                   MOV         R0,R2
    000000CE 632C                   EXTU.B      R2,R3
    000000D0 D12D                   MOV.L       L15+42,R1  ; H'00000009+_rzr093s
    000000D2 2130                   MOV.B       R3,@R1
    000000D4 64E3                   MOV         R14,R4
    000000D6 7418                   ADD         #24,R4
    000000D8 D322                   MOV.L       L15+6,R3   ; _htoc
    000000DA 430B                   JSR         @R3
    000000DC 0009                   NOP
    000000DE 6203                   MOV         R0,R2
    000000E0 632C                   EXTU.B      R2,R3
    000000E2 D12A                   MOV.L       L15+46,R1  ; H'0000000A+_rzr093s
    000000E4 2130                   MOV.B       R3,@R1
    000000E6 64E3                   MOV         R14,R4
    000000E8 741A                   ADD         #26,R4
    000000EA D31E                   MOV.L       L15+6,R3   ; _htoc
    000000EC 430B                   JSR         @R3
    000000EE 0009                   NOP
    000000F0 6203                   MOV         R0,R2
    000000F2 632C                   EXTU.B      R2,R3
    000000F4 D126                   MOV.L       L15+50,R1  ; H'0000000B+_rzr093s
    000000F6 2130                   MOV.B       R3,@R1
    000000F8 64E3                   MOV         R14,R4
    000000FA 741C                   ADD         #28,R4
    000000FC D319                   MOV.L       L15+6,R3   ; _htoc
    000000FE 430B                   JSR         @R3
    00000100 0009                   NOP
    00000102 6203                   MOV         R0,R2
    00000104 632C                   EXTU.B      R2,R3
    00000106 D123                   MOV.L       L15+54,R1  ; H'0000000C+_rzr093s
    00000108 2130                   MOV.B       R3,@R1
    0000010A 64E3                   MOV         R14,R4
    0000010C 741E                   ADD         #30,R4
    0000010E D315                   MOV.L       L15+6,R3   ; _htoc
    00000110 430B                   JSR         @R3
    00000112 0009                   NOP
    00000114 6203                   MOV         R0,R2
    00000116 632C                   EXTU.B      R2,R3
    00000118 D11F                   MOV.L       L15+58,R1  ; H'0000000D+_rzr093s
    0000011A 2130                   MOV.B       R3,@R1
    0000011C 64E3                   MOV         R14,R4
    0000011E 7420                   ADD         #32,R4
    00000120 D310                   MOV.L       L15+6,R3   ; _htoc
    00000122 430B                   JSR         @R3
    00000124 0009                   NOP
    00000126 6203                   MOV         R0,R2
    00000128 632C                   EXTU.B      R2,R3
    0000012A D11C                   MOV.L       L15+62,R1  ; H'0000000E+_rzr093s
    0000012C 2130                   MOV.B       R3,@R1
    0000012E 64E3                   MOV         R14,R4
    00000130 7422                   ADD         #34,R4
    00000132 D30C                   MOV.L       L15+6,R3   ; _htoc
    00000134 430B                   JSR         @R3
    00000136 0009                   NOP
    00000138 6203                   MOV         R0,R2
    0000013A 632C                   EXTU.B      R2,R3
    0000013C D118                   MOV.L       L15+66,R1  ; H'0000000F+_rzr093s
    0000013E 2130                   MOV.B       R3,@R1
    00000140 7E24                   ADD         #36,R14
    00000142 64E3                   MOV         R14,R4
    00000144 D307                   MOV.L       L15+6,R3   ; _htoc
    00000146 430B                   JSR         @R3
    00000148 0009                   NOP
    0000014A 6203                   MOV         R0,R2
    0000014C 632C                   EXTU.B      R2,R3
    0000014E D115                   MOV.L       L15+70,R1  ; H'00000010+_rzr093s
    00000150 2130                   MOV.B       R3,@R1
    00000152 E200                   MOV         #0,R2      ; H'00000000
    00000154 6023                   MOV         R2,R0
    00000156 4F26                   LDS.L       @R15+,PR
    00000158 6EF6                   MOV.L       @R15+,R14
    0000015A 000B                   RTS
    0000015C 0009                   NOP
    0000015E              L15:
    0000015E 00000002               .RES.W      1
    00000160 <00000000>             .DATA.L     _rzr093s
    00000164 <00000000>             .DATA.L     _htoc
    00000168 <00000001>             .DATA.L     H'00000001+_rzr093s
    0000016C <00000002>             .DATA.L     H'00000002+_rzr093s
    00000170 <00000003>             .DATA.L     H'00000003+_rzr093s
    00000174 <00000004>             .DATA.L     H'00000004+_rzr093s
    00000178 <00000005>             .DATA.L     H'00000005+_rzr093s
    0000017C <00000006>             .DATA.L     H'00000006+_rzr093s
    00000180 <00000007>             .DATA.L     H'00000007+_rzr093s
    00000184 <00000008>             .DATA.L     H'00000008+_rzr093s
    00000188 <00000009>             .DATA.L     H'00000009+_rzr093s
    0000018C <0000000A>             .DATA.L     H'0000000A+_rzr093s
    00000190 <0000000B>             .DATA.L     H'0000000B+_rzr093s
    00000194 <0000000C>             .DATA.L     H'0000000C+_rzr093s
    00000198 <0000000D>             .DATA.L     H'0000000D+_rzr093s
    0000019C <0000000E>             .DATA.L     H'0000000E+_rzr093s
    000001A0 <0000000F>             .DATA.L     H'0000000F+_rzr093s
    000001A4 <00000010>             .DATA.L     H'00000010+_rzr093s
B   00000000              _rzr093s:                        ; static: rzr093s
    00000000 00000001               .RES.B      17
SH SERIES C/C++ Compiler (Ver. checker(2003.03.17))                                              10-Feb-2005 16:50:16  PAGE    1


******** STATISTICS INFORMATION ********


********** ERROR INFORMATION ***********

NUMBER OF ERRORS:           0
NUMBER OF WARNINGS:         0
NUMBER OF INFORMATIONS:     0



******* SOURCE LINE INFORMATION ********

COMPILED SOURCE LINE:       71



******* SECTION SIZE INFORMATION *******

PROGRAM  SECTION (P):                               000001A8 Byte(s)
CONSTANT SECTION (C):                               00000000 Byte(s)
DATA     SECTION (D):                               00000000 Byte(s)
BSS      SECTION (B):                               00000011 Byte(s)

TOTAL PROGRAM  SECTION: 000001A8 Byte(s)
TOTAL CONSTANT SECTION: 00000000 Byte(s)
TOTAL DATA     SECTION: 00000000 Byte(s)
TOTAL BSS      SECTION: 00000011 Byte(s)

    TOTAL PROGRAM SIZE: 000001B9 Byte(s)



********** LABEL INFORMATION ***********

NUMBER OF EXTERNAL REFERENCE SYMBOLS:            1
NUMBER OF EXTERNAL DEFINITION SYMBOLS:           2
NUMBER OF INTERNAL/EXTERNAL SYMBOLS:             6
*** COMMAND PARAMETER ***


  -cpu=sh3 -op=0 -en=big -me -debug -comment=nest -l -def=DEBUG -i=P:\PRESTO2\SHINC,C:\usr\local\SH\7_1_1\include,P:\PRESTO2\NORTI_12\inc rzr093.c 

