SH SERIES C/C++ Compiler (Ver. checker(2003.03.17))                                              10-Feb-2005 16:50:30  PAGE    1

************ OBJECT LISTING ************

FILE NAME: rzr083.c

SCT OFFSET   CODE       C LABEL     INSTRUCTION OPERAND    COMMENT

P   00000000              _rz_scan_shift_mon:              ; function: rz_scan_shift_mon
                                                           ; frame size=4
    00000000 4F22                   STS.L       PR,@-R15
    00000002 8445                   MOV.B       @(5,R4),R0
    00000004 6203                   MOV         R0,R2
    00000006 662C                   EXTU.B      R2,R6
    00000008 666C                   EXTU.B      R6,R6
    0000000A E339                   MOV         #57,R3     ; H'00000039
    0000000C 3637                   CMP/GT      R3,R6
    0000000E 8B07                   BF          L12
    00000010 8445                   MOV.B       @(5,R4),R0
    00000012 6203                   MOV         R0,R2
    00000014 662C                   EXTU.B      R2,R6
    00000016 666C                   EXTU.B      R6,R6
    00000018 6263                   MOV         R6,R2
    0000001A 72C9                   ADD         #-55,R2
    0000001C A006                   BRA         L13
    0000001E 0009                   NOP
    00000020              L12:
    00000020 8445                   MOV.B       @(5,R4),R0
    00000022 6203                   MOV         R0,R2
    00000024 662C                   EXTU.B      R2,R6
    00000026 666C                   EXTU.B      R6,R6
    00000028 6263                   MOV         R6,R2
    0000002A 72D0                   ADD         #-48,R2
    0000002C              L13:
    0000002C 6323                   MOV         R2,R3
    0000002E D113                   MOV.L       L18+2,R1   ; _rzr083s
    00000030 2130                   MOV.B       R3,@R1
    00000032 8446                   MOV.B       @(6,R4),R0
    00000034 6203                   MOV         R0,R2
    00000036 662C                   EXTU.B      R2,R6
    00000038 666C                   EXTU.B      R6,R6
    0000003A E339                   MOV         #57,R3     ; H'00000039
    0000003C 3637                   CMP/GT      R3,R6
    0000003E 8B07                   BF          L15
    00000040 8446                   MOV.B       @(6,R4),R0
    00000042 6203                   MOV         R0,R2
    00000044 662C                   EXTU.B      R2,R6
    00000046 666C                   EXTU.B      R6,R6
    00000048 6263                   MOV         R6,R2
    0000004A 72C9                   ADD         #-55,R2
    0000004C A005                   BRA         L16
    0000004E 0009                   NOP
    00000050              L15:
    00000050 8446                   MOV.B       @(6,R4),R0
    00000052 6603                   MOV         R0,R6
    00000054 626C                   EXTU.B      R6,R2
    00000056 622C                   EXTU.B      R2,R2
    00000058 72D0                   ADD         #-48,R2
    0000005A              L16:
    0000005A 6323                   MOV         R2,R3
    0000005C D108                   MOV.L       L18+6,R1   ; H'00000001+_rzr083s
    0000005E 2130                   MOV.B       R3,@R1
    00000060 7407                   ADD         #7,R4
    00000062 D308                   MOV.L       L18+10,R3  ; _htoc
    00000064 430B                   JSR         @R3
    00000066 0009                   NOP
    00000068 6203                   MOV         R0,R2
    0000006A 632C                   EXTU.B      R2,R3
    0000006C D106                   MOV.L       L18+14,R1  ; H'00000002+_rzr083s
    0000006E 2130                   MOV.B       R3,@R1
    00000070 E200                   MOV         #0,R2      ; H'00000000
    00000072 6023                   MOV         R2,R0
    00000074 4F26                   LDS.L       @R15+,PR
    00000076 000B                   RTS
    00000078 0009                   NOP
    0000007A              L18:
    0000007A 00000002               .RES.W      1
    0000007C <00000000>             .DATA.L     _rzr083s
    00000080 <00000001>             .DATA.L     H'00000001+_rzr083s
    00000084 <00000000>             .DATA.L     _htoc
    00000088 <00000002>             .DATA.L     H'00000002+_rzr083s
B   00000000              _rzr083s:                        ; static: rzr083s
    00000000 00000001               .RES.B      3
SH SERIES C/C++ Compiler (Ver. checker(2003.03.17))                                              10-Feb-2005 16:50:30  PAGE    1


******** STATISTICS INFORMATION ********


********** ERROR INFORMATION ***********

NUMBER OF ERRORS:           0
NUMBER OF WARNINGS:         0
NUMBER OF INFORMATIONS:     0



******* SOURCE LINE INFORMATION ********

COMPILED SOURCE LINE:       54



******* SECTION SIZE INFORMATION *******

PROGRAM  SECTION (P):                               0000008C Byte(s)
CONSTANT SECTION (C):                               00000000 Byte(s)
DATA     SECTION (D):                               00000000 Byte(s)
BSS      SECTION (B):                               00000003 Byte(s)

TOTAL PROGRAM  SECTION: 0000008C Byte(s)
TOTAL CONSTANT SECTION: 00000000 Byte(s)
TOTAL DATA     SECTION: 00000000 Byte(s)
TOTAL BSS      SECTION: 00000003 Byte(s)

    TOTAL PROGRAM SIZE: 0000008F Byte(s)



********** LABEL INFORMATION ***********

NUMBER OF EXTERNAL REFERENCE SYMBOLS:            1
NUMBER OF EXTERNAL DEFINITION SYMBOLS:           2
NUMBER OF INTERNAL/EXTERNAL SYMBOLS:             8
*** COMMAND PARAMETER ***


  -cpu=sh3 -op=0 -en=big -me -debug -comment=nest -l -def=DEBUG -i=P:\PRESTO2\SHINC,C:\usr\local\SH\7_1_1\include,P:\PRESTO2\NORTI_12\inc rzr083.c 

