SH SERIES C/C++ Compiler (Ver. checker(2003.03.17))                                              10-Feb-2005 16:50:42  PAGE    1

************ OBJECT LISTING ************

FILE NAME: rzr075.c

SCT OFFSET   CODE       C LABEL     INSTRUCTION OPERAND    COMMENT

P   00000000              _rz_scan_dca_parm:               ; function: rz_scan_dca_parm
                                                           ; frame size=8
    00000000 2FE6                   MOV.L       R14,@-R15
    00000002 4F22                   STS.L       PR,@-R15
    00000004 6E43                   MOV         R4,R14
    00000006 84E5                   MOV.B       @(5,R14),R0
    00000008 6603                   MOV         R0,R6
    0000000A 626C                   EXTU.B      R6,R2
    0000000C 622C                   EXTU.B      R2,R2
    0000000E E339                   MOV         #57,R3     ; H'00000039
    00000010 3237                   CMP/GT      R3,R2
    00000012 8B06                   BF          L12
    00000014 84E5                   MOV.B       @(5,R14),R0
    00000016 6203                   MOV         R0,R2
    00000018 662C                   EXTU.B      R2,R6
    0000001A 666C                   EXTU.B      R6,R6
    0000001C 76C9                   ADD         #-55,R6
    0000001E A006                   BRA         L13
    00000020 0009                   NOP
    00000022              L12:
    00000022 84E5                   MOV.B       @(5,R14),R0
    00000024 6603                   MOV         R0,R6
    00000026 626C                   EXTU.B      R6,R2
    00000028 622C                   EXTU.B      R2,R2
    0000002A 6623                   MOV         R2,R6
    0000002C 76D0                   ADD         #-48,R6
    0000002E              L13:
    0000002E 6263                   MOV         R6,R2
    00000030 622C                   EXTU.B      R2,R2
    00000032 6323                   MOV         R2,R3
    00000034 D112                   MOV.L       L15+2,R1   ; _rzr075s
    00000036 2132                   MOV.L       R3,@R1
    00000038 64E3                   MOV         R14,R4
    0000003A 7406                   ADD         #6,R4
    0000003C D311                   MOV.L       L15+6,R3   ; _htoi
    0000003E 430B                   JSR         @R3
    00000040 0009                   NOP
    00000042 6203                   MOV         R0,R2
    00000044 662D                   EXTU.W      R2,R6
    00000046 666D                   EXTU.W      R6,R6
    00000048 6363                   MOV         R6,R3
    0000004A D10F                   MOV.L       L15+10,R1  ; H'00000004+_rzr075s
    0000004C 2132                   MOV.L       R3,@R1
    0000004E 64E3                   MOV         R14,R4
    00000050 740A                   ADD         #10,R4
    00000052 D30E                   MOV.L       L15+14,R3  ; _htoc
    00000054 430B                   JSR         @R3
    00000056 0009                   NOP
    00000058 6203                   MOV         R0,R2
    0000005A 632C                   EXTU.B      R2,R3
    0000005C D10C                   MOV.L       L15+18,R1  ; H'00000008+_rzr075s
    0000005E 2130                   MOV.B       R3,@R1
    00000060 7E0C                   ADD         #12,R14
    00000062 64E3                   MOV         R14,R4
    00000064 D309                   MOV.L       L15+14,R3  ; _htoc
    00000066 430B                   JSR         @R3
    00000068 0009                   NOP
    0000006A 6203                   MOV         R0,R2
    0000006C 632C                   EXTU.B      R2,R3
    0000006E D109                   MOV.L       L15+22,R1  ; H'00000009+_rzr075s
    00000070 2130                   MOV.B       R3,@R1
    00000072 E200                   MOV         #0,R2      ; H'00000000
    00000074 6023                   MOV         R2,R0
    00000076 4F26                   LDS.L       @R15+,PR
    00000078 6EF6                   MOV.L       @R15+,R14
    0000007A 000B                   RTS
    0000007C 0009                   NOP
    0000007E              L15:
    0000007E 00000002               .RES.W      1
    00000080 <00000000>             .DATA.L     _rzr075s
    00000084 <00000000>             .DATA.L     _htoi
    00000088 <00000004>             .DATA.L     H'00000004+_rzr075s
    0000008C <00000000>             .DATA.L     _htoc
    00000090 <00000008>             .DATA.L     H'00000008+_rzr075s
    00000094 <00000009>             .DATA.L     H'00000009+_rzr075s
B   00000000              _rzr075s:                        ; static: rzr075s
    00000000 00000004               .RES.L      3
SH SERIES C/C++ Compiler (Ver. checker(2003.03.17))                                              10-Feb-2005 16:50:42  PAGE    1


******** STATISTICS INFORMATION ********


********** ERROR INFORMATION ***********

NUMBER OF ERRORS:           0
NUMBER OF WARNINGS:         0
NUMBER OF INFORMATIONS:     0



******* SOURCE LINE INFORMATION ********

COMPILED SOURCE LINE:       60



******* SECTION SIZE INFORMATION *******

PROGRAM  SECTION (P):                               00000098 Byte(s)
CONSTANT SECTION (C):                               00000000 Byte(s)
DATA     SECTION (D):                               00000000 Byte(s)
BSS      SECTION (B):                               0000000C Byte(s)

TOTAL PROGRAM  SECTION: 00000098 Byte(s)
TOTAL CONSTANT SECTION: 00000000 Byte(s)
TOTAL DATA     SECTION: 00000000 Byte(s)
TOTAL BSS      SECTION: 0000000C Byte(s)

    TOTAL PROGRAM SIZE: 000000A4 Byte(s)



********** LABEL INFORMATION ***********

NUMBER OF EXTERNAL REFERENCE SYMBOLS:            2
NUMBER OF EXTERNAL DEFINITION SYMBOLS:           2
NUMBER OF INTERNAL/EXTERNAL SYMBOLS:             7
*** COMMAND PARAMETER ***


  -cpu=sh3 -op=0 -en=big -me -debug -comment=nest -l -def=DEBUG -i=P:\PRESTO2\SHINC,C:\usr\local\SH\7_1_1\include,P:\PRESTO2\NORTI_12\inc rzr075.c 

