SH SERIES C/C++ Compiler (Ver. checker(2003.03.17))                                              10-Feb-2005 16:49:03  PAGE    1

************ OBJECT LISTING ************

FILE NAME: rzr193.c

SCT OFFSET   CODE       C LABEL     INSTRUCTION OPERAND    COMMENT

P   00000000              _rz_scan_mlt_parm2_ext:          ; function: rz_scan_mlt_parm2_ext
                                                           ; frame size=28
    00000000 2FC6                   MOV.L       R12,@-R15
    00000002 2FD6                   MOV.L       R13,@-R15
    00000004 2FE6                   MOV.L       R14,@-R15
    00000006 4F22                   STS.L       PR,@-R15
    00000008 7FF4                   ADD         #-12,R15
    0000000A 6D43                   MOV         R4,R13
    0000000C 64D3                   MOV         R13,R4
    0000000E 7404                   ADD         #4,R4
    00000010 D312                   MOV.L       L14,R3     ; _htoc
    00000012 430B                   JSR         @R3
    00000014 0009                   NOP
    00000016 6203                   MOV         R0,R2
    00000018 632C                   EXTU.B      R2,R3
    0000001A D111                   MOV.L       L14+4,R1   ; _rzr193s
    0000001C 2130                   MOV.B       R3,@R1
    0000001E D310                   MOV.L       L14+4,R3   ; _rzr193s
    00000020 6330                   MOV.B       @R3,R3
    00000022 6233                   MOV         R3,R2
    00000024 622C                   EXTU.B      R2,R2
    00000026 6C23                   MOV         R2,R12
    00000028 EE00                   MOV         #0,R14     ; H'00000000
    0000002A 7D06                   ADD         #6,R13
    0000002C 3EC3                   CMP/GE      R12,R14
    0000002E 890C                   BT          L11
    00000030              L12:
    00000030 64D3                   MOV         R13,R4
    00000032 D30A                   MOV.L       L14,R3     ; _htoc
    00000034 430B                   JSR         @R3
    00000036 0009                   NOP
    00000038 6603                   MOV         R0,R6
    0000003A 626C                   EXTU.B      R6,R2
    0000003C D609                   MOV.L       L14+8,R6   ; H'00000001+_rzr193s
    0000003E 60E3                   MOV         R14,R0
    00000040 0624                   MOV.B       R2,@(R0,R6)
    00000042 7D02                   ADD         #2,R13
    00000044 7E01                   ADD         #1,R14
    00000046 3EC3                   CMP/GE      R12,R14
    00000048 8BF2                   BF          L12
    0000004A              L11:
    0000004A E200                   MOV         #0,R2      ; H'00000000
    0000004C 6023                   MOV         R2,R0
    0000004E 7F0C                   ADD         #12,R15
    00000050 4F26                   LDS.L       @R15+,PR
    00000052 6EF6                   MOV.L       @R15+,R14
    00000054 6DF6                   MOV.L       @R15+,R13
    00000056 6CF6                   MOV.L       @R15+,R12
    00000058 000B                   RTS
    0000005A 0009                   NOP
    0000005C              L14:
    0000005C <00000000>             .DATA.L     _htoc
    00000060 <00000000>             .DATA.L     _rzr193s
    00000064 <00000001>             .DATA.L     H'00000001+_rzr193s
B   00000000              _rzr193s:                        ; static: rzr193s
    00000000 00000001               .RES.B      33
SH SERIES C/C++ Compiler (Ver. checker(2003.03.17))                                              10-Feb-2005 16:49:03  PAGE    1


******** STATISTICS INFORMATION ********


********** ERROR INFORMATION ***********

NUMBER OF ERRORS:           0
NUMBER OF WARNINGS:         0
NUMBER OF INFORMATIONS:     0



******* SOURCE LINE INFORMATION ********

COMPILED SOURCE LINE:       62



******* SECTION SIZE INFORMATION *******

PROGRAM  SECTION (P):                               00000068 Byte(s)
CONSTANT SECTION (C):                               00000000 Byte(s)
DATA     SECTION (D):                               00000000 Byte(s)
BSS      SECTION (B):                               00000021 Byte(s)

TOTAL PROGRAM  SECTION: 00000068 Byte(s)
TOTAL CONSTANT SECTION: 00000000 Byte(s)
TOTAL DATA     SECTION: 00000000 Byte(s)
TOTAL BSS      SECTION: 00000021 Byte(s)

    TOTAL PROGRAM SIZE: 00000089 Byte(s)



********** LABEL INFORMATION ***********

NUMBER OF EXTERNAL REFERENCE SYMBOLS:            1
NUMBER OF EXTERNAL DEFINITION SYMBOLS:           2
NUMBER OF INTERNAL/EXTERNAL SYMBOLS:             6
*** COMMAND PARAMETER ***


  -cpu=sh3 -op=0 -en=big -me -debug -comment=nest -l -def=DEBUG -i=P:\PRESTO2\SHINC,C:\usr\local\SH\7_1_1\include,P:\PRESTO2\NORTI_12\inc rzr193.c 

