SH SERIES C/C++ Compiler (Ver. checker(2003.03.17))                                              10-Feb-2005 16:49:57  PAGE    1

************ OBJECT LISTING ************

FILE NAME: rzr119.c

SCT OFFSET   CODE       C LABEL     INSTRUCTION OPERAND    COMMENT

P   00000000              _rz_scan_dfspan:                 ; function: rz_scan_dfspan
                                                           ; frame size=28
    00000000 2FC6                   MOV.L       R12,@-R15
    00000002 2FD6                   MOV.L       R13,@-R15
    00000004 2FE6                   MOV.L       R14,@-R15
    00000006 4F22                   STS.L       PR,@-R15
    00000008 7FF4                   ADD         #-12,R15
    0000000A 8444                   MOV.B       @(4,R4),R0
    0000000C 6203                   MOV         R0,R2
    0000000E 662C                   EXTU.B      R2,R6
    00000010 666C                   EXTU.B      R6,R6
    00000012 E339                   MOV         #57,R3     ; H'00000039
    00000014 3637                   CMP/GT      R3,R6
    00000016 8B06                   BF          L12
    00000018 8444                   MOV.B       @(4,R4),R0
    0000001A 6603                   MOV         R0,R6
    0000001C 626C                   EXTU.B      R6,R2
    0000001E 622C                   EXTU.B      R2,R2
    00000020 72C9                   ADD         #-55,R2
    00000022 A006                   BRA         L13
    00000024 0009                   NOP
    00000026              L12:
    00000026 8444                   MOV.B       @(4,R4),R0
    00000028 6203                   MOV         R0,R2
    0000002A 662C                   EXTU.B      R2,R6
    0000002C 666C                   EXTU.B      R6,R6
    0000002E 6263                   MOV         R6,R2
    00000030 72D0                   ADD         #-48,R2
    00000032              L13:
    00000032 6323                   MOV         R2,R3
    00000034 D131                   MOV.L       L20+2,R1   ; _rzr119s
    00000036 2130                   MOV.B       R3,@R1
    00000038 8445                   MOV.B       @(5,R4),R0
    0000003A 6603                   MOV         R0,R6
    0000003C 626C                   EXTU.B      R6,R2
    0000003E 622C                   EXTU.B      R2,R2
    00000040 E339                   MOV         #57,R3     ; H'00000039
    00000042 3237                   CMP/GT      R3,R2
    00000044 8B07                   BF          L15
    00000046 8445                   MOV.B       @(5,R4),R0
    00000048 6203                   MOV         R0,R2
    0000004A 662C                   EXTU.B      R2,R6
    0000004C 666C                   EXTU.B      R6,R6
    0000004E 6263                   MOV         R6,R2
    00000050 72C9                   ADD         #-55,R2
    00000052 A006                   BRA         L16
    00000054 0009                   NOP
    00000056              L15:
    00000056 8445                   MOV.B       @(5,R4),R0
    00000058 6203                   MOV         R0,R2
    0000005A 662C                   EXTU.B      R2,R6
    0000005C 666C                   EXTU.B      R6,R6
    0000005E 6263                   MOV         R6,R2
    00000060 72D0                   ADD         #-48,R2
    00000062              L16:
    00000062 6323                   MOV         R2,R3
    00000064 D126                   MOV.L       L20+6,R1   ; H'00000001+_rzr119s
    00000066 2130                   MOV.B       R3,@R1
    00000068 6E43                   MOV         R4,R14
    0000006A 7E06                   ADD         #6,R14
    0000006C D324                   MOV.L       L20+6,R3   ; H'00000001+_rzr119s
    0000006E 6330                   MOV.B       @R3,R3
    00000070 633C                   EXTU.B      R3,R3
    00000072 6C33                   MOV         R3,R12
    00000074 D321                   MOV.L       L20+2,R3   ; _rzr119s
    00000076 6330                   MOV.B       @R3,R3
    00000078 633C                   EXTU.B      R3,R3
    0000007A 6233                   MOV         R3,R2
    0000007C 72FF                   ADD         #-1,R2
    0000007E 6D23                   MOV         R2,R13
    00000080 2CC8                   TST         R12,R12
    00000082 8931                   BT          L17
    00000084              L18:
    00000084 64E3                   MOV         R14,R4
    00000086 D31F                   MOV.L       L20+10,R3  ; _htoi
    00000088 430B                   JSR         @R3
    0000008A 0009                   NOP
    0000008C 6203                   MOV         R0,R2
    0000008E 652D                   EXTU.W      R2,R5
    00000090 D41D                   MOV.L       L20+14,R4  ; H'00000002+_rzr119s
    00000092 62D3                   MOV         R13,R2
    00000094 6623                   MOV         R2,R6
    00000096 4208                   SHLL2       R2
    00000098 4600                   SHLL        R6
    0000009A 326C                   ADD         R6,R2
    0000009C 6023                   MOV         R2,R0
    0000009E 0455                   MOV.W       R5,@(R0,R4)
    000000A0 7E04                   ADD         #4,R14
    000000A2 64E3                   MOV         R14,R4
    000000A4 D317                   MOV.L       L20+10,R3  ; _htoi
    000000A6 430B                   JSR         @R3
    000000A8 0009                   NOP
    000000AA 6203                   MOV         R0,R2
    000000AC 642D                   EXTU.W      R2,R4
    000000AE D516                   MOV.L       L20+14,R5  ; H'00000002+_rzr119s
    000000B0 7502                   ADD         #2,R5
    000000B2 62D3                   MOV         R13,R2
    000000B4 6623                   MOV         R2,R6
    000000B6 4208                   SHLL2       R2
    000000B8 4600                   SHLL        R6
    000000BA 326C                   ADD         R6,R2
    000000BC 6023                   MOV         R2,R0
    000000BE 0545                   MOV.W       R4,@(R0,R5)
    000000C0 7E04                   ADD         #4,R14
    000000C2 64E3                   MOV         R14,R4
    000000C4 D30F                   MOV.L       L20+10,R3  ; _htoi
    000000C6 430B                   JSR         @R3
    000000C8 0009                   NOP
    000000CA 6203                   MOV         R0,R2
    000000CC 642D                   EXTU.W      R2,R4
    000000CE D20E                   MOV.L       L20+14,R2  ; H'00000002+_rzr119s
    000000D0 7204                   ADD         #4,R2
    000000D2 65D3                   MOV         R13,R5
    000000D4 6653                   MOV         R5,R6
    000000D6 4508                   SHLL2       R5
    000000D8 4600                   SHLL        R6
    000000DA 356C                   ADD         R6,R5
    000000DC 6053                   MOV         R5,R0
    000000DE 0245                   MOV.W       R4,@(R0,R2)
    000000E0 7E04                   ADD         #4,R14
    000000E2 4C10                   DT          R12
    000000E4 7D01                   ADD         #1,R13
    000000E6 8BCD                   BF          L18
    000000E8              L17:
    000000E8 E200                   MOV         #0,R2      ; H'00000000
    000000EA 6023                   MOV         R2,R0
    000000EC 7F0C                   ADD         #12,R15
    000000EE 4F26                   LDS.L       @R15+,PR
    000000F0 6EF6                   MOV.L       @R15+,R14
    000000F2 6DF6                   MOV.L       @R15+,R13
    000000F4 6CF6                   MOV.L       @R15+,R12
    000000F6 000B                   RTS
    000000F8 0009                   NOP
    000000FA              L20:
    000000FA 00000002               .RES.W      1
    000000FC <00000000>             .DATA.L     _rzr119s
    00000100 <00000001>             .DATA.L     H'00000001+_rzr119s
    00000104 <00000000>             .DATA.L     _htoi
    00000108 <00000002>             .DATA.L     H'00000002+_rzr119s
B   00000000              _rzr119s:                        ; static: rzr119s
    00000000 00000002               .RES.W      25
SH SERIES C/C++ Compiler (Ver. checker(2003.03.17))                                              10-Feb-2005 16:49:57  PAGE    1


******** STATISTICS INFORMATION ********


********** ERROR INFORMATION ***********

NUMBER OF ERRORS:           0
NUMBER OF WARNINGS:         0
NUMBER OF INFORMATIONS:     0



******* SOURCE LINE INFORMATION ********

COMPILED SOURCE LINE:       70



******* SECTION SIZE INFORMATION *******

PROGRAM  SECTION (P):                               0000010C Byte(s)
CONSTANT SECTION (C):                               00000000 Byte(s)
DATA     SECTION (D):                               00000000 Byte(s)
BSS      SECTION (B):                               00000032 Byte(s)

TOTAL PROGRAM  SECTION: 0000010C Byte(s)
TOTAL CONSTANT SECTION: 00000000 Byte(s)
TOTAL DATA     SECTION: 00000000 Byte(s)
TOTAL BSS      SECTION: 00000032 Byte(s)

    TOTAL PROGRAM SIZE: 0000013E Byte(s)



********** LABEL INFORMATION ***********

NUMBER OF EXTERNAL REFERENCE SYMBOLS:            1
NUMBER OF EXTERNAL DEFINITION SYMBOLS:           2
NUMBER OF INTERNAL/EXTERNAL SYMBOLS:            10
*** COMMAND PARAMETER ***


  -cpu=sh3 -op=0 -en=big -me -debug -comment=nest -l -def=DEBUG -i=P:\PRESTO2\SHINC,C:\usr\local\SH\7_1_1\include,P:\PRESTO2\NORTI_12\inc rzr119.c 

