SH SERIES C/C++ Compiler (Ver. checker(2003.03.17))                                              10-Feb-2005 16:50:07  PAGE    1

************ OBJECT LISTING ************

FILE NAME: rzr100.c

SCT OFFSET   CODE       C LABEL     INSTRUCTION OPERAND    COMMENT

P   00000000              _rz_print_sh_parm:               ; function: rz_print_sh_parm
                                                           ; frame size=56
    00000000 2F86                   MOV.L       R8,@-R15
    00000002 2F96                   MOV.L       R9,@-R15
    00000004 2FA6                   MOV.L       R10,@-R15
    00000006 2FB6                   MOV.L       R11,@-R15
    00000008 2FC6                   MOV.L       R12,@-R15
    0000000A 2FD6                   MOV.L       R13,@-R15
    0000000C 2FE6                   MOV.L       R14,@-R15
    0000000E 4F22                   STS.L       PR,@-R15
    00000010 4F12                   STS.L       MACL,@-R15
    00000012 7FEC                   ADD         #-20,R15
    00000014 6D53                   MOV         R5,R13
    00000016 62D0                   MOV.B       @R13,R2
    00000018 662C                   EXTU.B      R2,R6
    0000001A 666C                   EXTU.B      R6,R6
    0000001C E309                   MOV         #9,R3      ; H'00000009
    0000001E 3637                   CMP/GT      R3,R6
    00000020 8B06                   BF          L12
    00000022 62D0                   MOV.B       @R13,R2
    00000024 662C                   EXTU.B      R2,R6
    00000026 666C                   EXTU.B      R6,R6
    00000028 6263                   MOV         R6,R2
    0000002A 7237                   ADD         #55,R2
    0000002C A005                   BRA         L13
    0000002E 0009                   NOP
    00000030              L12:
    00000030 62D0                   MOV.B       @R13,R2
    00000032 662C                   EXTU.B      R2,R6
    00000034 666C                   EXTU.B      R6,R6
    00000036 6263                   MOV         R6,R2
    00000038 7230                   ADD         #48,R2
    0000003A              L13:
    0000003A 6023                   MOV         R2,R0
    0000003C 8045                   MOV.B       R0,@(5,R4)
    0000003E 84D1                   MOV.B       @(1,R13),R0
    00000040 6603                   MOV         R0,R6
    00000042 626C                   EXTU.B      R6,R2
    00000044 622C                   EXTU.B      R2,R2
    00000046 E309                   MOV         #9,R3      ; H'00000009
    00000048 3237                   CMP/GT      R3,R2
    0000004A 8B07                   BF          L15
    0000004C 84D1                   MOV.B       @(1,R13),R0
    0000004E 6203                   MOV         R0,R2
    00000050 662C                   EXTU.B      R2,R6
    00000052 666C                   EXTU.B      R6,R6
    00000054 6263                   MOV         R6,R2
    00000056 7237                   ADD         #55,R2
    00000058 A006                   BRA         L16
    0000005A 0009                   NOP
    0000005C              L15:
    0000005C 84D1                   MOV.B       @(1,R13),R0
    0000005E 6203                   MOV         R0,R2
    00000060 662C                   EXTU.B      R2,R6
    00000062 666C                   EXTU.B      R6,R6
    00000064 6263                   MOV         R6,R2
    00000066 7230                   ADD         #48,R2
    00000068              L16:
    00000068 6023                   MOV         R2,R0
    0000006A 8046                   MOV.B       R0,@(6,R4)
    0000006C 84D2                   MOV.B       @(2,R13),R0
    0000006E 6203                   MOV         R0,R2
    00000070 662C                   EXTU.B      R2,R6
    00000072 666C                   EXTU.B      R6,R6
    00000074 E309                   MOV         #9,R3      ; H'00000009
    00000076 3637                   CMP/GT      R3,R6
    00000078 8B07                   BF          L18
    0000007A 84D2                   MOV.B       @(2,R13),R0
    0000007C 6203                   MOV         R0,R2
    0000007E 662C                   EXTU.B      R2,R6
    00000080 666C                   EXTU.B      R6,R6
    00000082 6263                   MOV         R6,R2
    00000084 7237                   ADD         #55,R2
    00000086 A006                   BRA         L19
    00000088 0009                   NOP
    0000008A              L18:
    0000008A 84D2                   MOV.B       @(2,R13),R0
    0000008C 6203                   MOV         R0,R2
    0000008E 662C                   EXTU.B      R2,R6
    00000090 666C                   EXTU.B      R6,R6
    00000092 6263                   MOV         R6,R2
    00000094 7230                   ADD         #48,R2
    00000096              L19:
    00000096 6023                   MOV         R2,R0
    00000098 8047                   MOV.B       R0,@(7,R4)
    0000009A 7408                   ADD         #8,R4
    0000009C 6E43                   MOV         R4,R14
    0000009E 84D1                   MOV.B       @(1,R13),R0
    000000A0 6203                   MOV         R0,R2
    000000A2 662C                   EXTU.B      R2,R6
    000000A4 666C                   EXTU.B      R6,R6
    000000A6 6963                   MOV         R6,R9
    000000A8 84D2                   MOV.B       @(2,R13),R0
    000000AA 6603                   MOV         R0,R6
    000000AC 626C                   EXTU.B      R6,R2
    000000AE 622C                   EXTU.B      R2,R2
    000000B0 72FF                   ADD         #-1,R2
    000000B2 6A23                   MOV         R2,R10
    000000B4 2998                   TST         R9,R9
    000000B6 8B01                   BF          L32
    000000B8 A0E6                   BRA         L20
    000000BA 0009                   NOP
    000000BC              L32:
    000000BC              L21:
    000000BC 66A3                   MOV         R10,R6
    000000BE E327                   MOV         #39,R3     ; H'00000027
    000000C0 0367                   MUL.L       R6,R3
    000000C2 021A                   STS         MACL,R2
    000000C4 421A                   LDS         R2,MACL
    000000C6 051A                   STS         MACL,R5
    000000C8 66D3                   MOV         R13,R6
    000000CA 7603                   ADD         #3,R6
    000000CC 6053                   MOV         R5,R0
    000000CE 026C                   MOV.B       @(R0,R6),R2
    000000D0 662C                   EXTU.B      R2,R6
    000000D2 666C                   EXTU.B      R6,R6
    000000D4 E309                   MOV         #9,R3      ; H'00000009
    000000D6 3637                   CMP/GT      R3,R6
    000000D8 8B0F                   BF          L23
    000000DA 66A3                   MOV         R10,R6
    000000DC E327                   MOV         #39,R3     ; H'00000027
    000000DE 0367                   MUL.L       R6,R3
    000000E0 021A                   STS         MACL,R2
    000000E2 421A                   LDS         R2,MACL
    000000E4 051A                   STS         MACL,R5
    000000E6 66D3                   MOV         R13,R6
    000000E8 7603                   ADD         #3,R6
    000000EA 6053                   MOV         R5,R0
    000000EC 026C                   MOV.B       @(R0,R6),R2
    000000EE 662C                   EXTU.B      R2,R6
    000000F0 666C                   EXTU.B      R6,R6
    000000F2 6263                   MOV         R6,R2
    000000F4 7237                   ADD         #55,R2
    000000F6 A00E                   BRA         L24
    000000F8 0009                   NOP
    000000FA              L23:
    000000FA 66A3                   MOV         R10,R6
    000000FC E327                   MOV         #39,R3     ; H'00000027
    000000FE 0367                   MUL.L       R6,R3
    00000100 021A                   STS         MACL,R2
    00000102 421A                   LDS         R2,MACL
    00000104 061A                   STS         MACL,R6
    00000106 65D3                   MOV         R13,R5
    00000108 7503                   ADD         #3,R5
    0000010A 6063                   MOV         R6,R0
    0000010C 025C                   MOV.B       @(R0,R5),R2
    0000010E 662C                   EXTU.B      R2,R6
    00000110 666C                   EXTU.B      R6,R6
    00000112 6263                   MOV         R6,R2
    00000114 7230                   ADD         #48,R2
    00000116              L24:
    00000116 2E20                   MOV.B       R2,@R14
    00000118 7E01                   ADD         #1,R14
    0000011A 66A3                   MOV         R10,R6
    0000011C E327                   MOV         #39,R3     ; H'00000027
    0000011E 0367                   MUL.L       R6,R3
    00000120 021A                   STS         MACL,R2
    00000122 421A                   LDS         R2,MACL
    00000124 051A                   STS         MACL,R5
    00000126 66D3                   MOV         R13,R6
    00000128 7604                   ADD         #4,R6
    0000012A 6053                   MOV         R5,R0
    0000012C 026C                   MOV.B       @(R0,R6),R2
    0000012E 642C                   EXTU.B      R2,R4
    00000130 65E3                   MOV         R14,R5
    00000132 644C                   EXTU.B      R4,R4
    00000134 D35B                   MOV.L       L31+2,R3   ; _ctoh
    00000136 430B                   JSR         @R3
    00000138 0009                   NOP
    0000013A 7E02                   ADD         #2,R14
    0000013C 66A3                   MOV         R10,R6
    0000013E E327                   MOV         #39,R3     ; H'00000027
    00000140 0367                   MUL.L       R6,R3
    00000142 021A                   STS         MACL,R2
    00000144 421A                   LDS         R2,MACL
    00000146 061A                   STS         MACL,R6
    00000148 65D3                   MOV         R13,R5
    0000014A 7505                   ADD         #5,R5
    0000014C 6063                   MOV         R6,R0
    0000014E 025C                   MOV.B       @(R0,R5),R2
    00000150 642C                   EXTU.B      R2,R4
    00000152 65E3                   MOV         R14,R5
    00000154 644C                   EXTU.B      R4,R4
    00000156 D353                   MOV.L       L31+2,R3   ; _ctoh
    00000158 430B                   JSR         @R3
    0000015A 0009                   NOP
    0000015C 7E02                   ADD         #2,R14
    0000015E 66A3                   MOV         R10,R6
    00000160 E327                   MOV         #39,R3     ; H'00000027
    00000162 0367                   MUL.L       R6,R3
    00000164 021A                   STS         MACL,R2
    00000166 421A                   LDS         R2,MACL
    00000168 051A                   STS         MACL,R5
    0000016A 66D3                   MOV         R13,R6
    0000016C 7606                   ADD         #6,R6
    0000016E 6053                   MOV         R5,R0
    00000170 026C                   MOV.B       @(R0,R6),R2
    00000172 642C                   EXTU.B      R2,R4
    00000174 65E3                   MOV         R14,R5
    00000176 644C                   EXTU.B      R4,R4
    00000178 D34A                   MOV.L       L31+2,R3   ; _ctoh
    0000017A 430B                   JSR         @R3
    0000017C 0009                   NOP
    0000017E 7E02                   ADD         #2,R14
    00000180 66A3                   MOV         R10,R6
    00000182 E327                   MOV         #39,R3     ; H'00000027
    00000184 0367                   MUL.L       R6,R3
    00000186 021A                   STS         MACL,R2
    00000188 421A                   LDS         R2,MACL
    0000018A 061A                   STS         MACL,R6
    0000018C 65D3                   MOV         R13,R5
    0000018E 7507                   ADD         #7,R5
    00000190 6063                   MOV         R6,R0
    00000192 025C                   MOV.B       @(R0,R5),R2
    00000194 662C                   EXTU.B      R2,R6
    00000196 666C                   EXTU.B      R6,R6
    00000198 E309                   MOV         #9,R3      ; H'00000009
    0000019A 3637                   CMP/GT      R3,R6
    0000019C 8B0F                   BF          L26
    0000019E 66A3                   MOV         R10,R6
    000001A0 E327                   MOV         #39,R3     ; H'00000027
    000001A2 0367                   MUL.L       R6,R3
    000001A4 021A                   STS         MACL,R2
    000001A6 421A                   LDS         R2,MACL
    000001A8 051A                   STS         MACL,R5
    000001AA 66D3                   MOV         R13,R6
    000001AC 7607                   ADD         #7,R6
    000001AE 6053                   MOV         R5,R0
    000001B0 026C                   MOV.B       @(R0,R6),R2
    000001B2 662C                   EXTU.B      R2,R6
    000001B4 666C                   EXTU.B      R6,R6
    000001B6 6263                   MOV         R6,R2
    000001B8 7237                   ADD         #55,R2
    000001BA A00E                   BRA         L27
    000001BC 0009                   NOP
    000001BE              L26:
    000001BE 66A3                   MOV         R10,R6
    000001C0 E327                   MOV         #39,R3     ; H'00000027
    000001C2 0367                   MUL.L       R6,R3
    000001C4 021A                   STS         MACL,R2
    000001C6 421A                   LDS         R2,MACL
    000001C8 061A                   STS         MACL,R6
    000001CA 65D3                   MOV         R13,R5
    000001CC 7507                   ADD         #7,R5
    000001CE 6063                   MOV         R6,R0
    000001D0 025C                   MOV.B       @(R0,R5),R2
    000001D2 662C                   EXTU.B      R2,R6
    000001D4 666C                   EXTU.B      R6,R6
    000001D6 6263                   MOV         R6,R2
    000001D8 7230                   ADD         #48,R2
    000001DA              L27:
    000001DA 2E20                   MOV.B       R2,@R14
    000001DC 7E01                   ADD         #1,R14
    000001DE 66A3                   MOV         R10,R6
    000001E0 E827                   MOV         #39,R8     ; H'00000027
    000001E2 0867                   MUL.L       R6,R8
    000001E4 021A                   STS         MACL,R2
    000001E6 421A                   LDS         R2,MACL
    000001E8 061A                   STS         MACL,R6
    000001EA 65D3                   MOV         R13,R5
    000001EC 7508                   ADD         #8,R5
    000001EE 6063                   MOV         R6,R0
    000001F0 025C                   MOV.B       @(R0,R5),R2
    000001F2 642C                   EXTU.B      R2,R4
    000001F4 65E3                   MOV         R14,R5
    000001F6 644C                   EXTU.B      R4,R4
    000001F8 D32A                   MOV.L       L31+2,R3   ; _ctoh
    000001FA 430B                   JSR         @R3
    000001FC 0009                   NOP
    000001FE 7E02                   ADD         #2,R14
    00000200 66A3                   MOV         R10,R6
    00000202 0867                   MUL.L       R6,R8
    00000204 021A                   STS         MACL,R2
    00000206 421A                   LDS         R2,MACL
    00000208 051A                   STS         MACL,R5
    0000020A 66D3                   MOV         R13,R6
    0000020C 7609                   ADD         #9,R6
    0000020E 6053                   MOV         R5,R0
    00000210 026C                   MOV.B       @(R0,R6),R2
    00000212 642C                   EXTU.B      R2,R4
    00000214 65E3                   MOV         R14,R5
    00000216 644C                   EXTU.B      R4,R4
    00000218 D322                   MOV.L       L31+2,R3   ; _ctoh
    0000021A 430B                   JSR         @R3
    0000021C 0009                   NOP
    0000021E 7E02                   ADD         #2,R14
    00000220 66A3                   MOV         R10,R6
    00000222 0867                   MUL.L       R6,R8
    00000224 021A                   STS         MACL,R2
    00000226 421A                   LDS         R2,MACL
    00000228 051A                   STS         MACL,R5
    0000022A 66D3                   MOV         R13,R6
    0000022C 7608                   ADD         #8,R6
    0000022E 6053                   MOV         R5,R0
    00000230 026C                   MOV.B       @(R0,R6),R2
    00000232 662C                   EXTU.B      R2,R6
    00000234 666C                   EXTU.B      R6,R6
    00000236 6C63                   MOV         R6,R12
    00000238 66A3                   MOV         R10,R6
    0000023A 0867                   MUL.L       R6,R8
    0000023C 021A                   STS         MACL,R2
    0000023E 421A                   LDS         R2,MACL
    00000240 051A                   STS         MACL,R5
    00000242 62D3                   MOV         R13,R2
    00000244 7209                   ADD         #9,R2
    00000246 6053                   MOV         R5,R0
    00000248 062C                   MOV.B       @(R0,R2),R6
    0000024A 626C                   EXTU.B      R6,R2
    0000024C 622C                   EXTU.B      R2,R2
    0000024E 6B23                   MOV         R2,R11
    00000250 7BFF                   ADD         #-1,R11
    00000252 2CC8                   TST         R12,R12
    00000254 8913                   BT          L28
    00000256              L29:
    00000256 E327                   MOV         #39,R3     ; H'00000027
    00000258 03A7                   MUL.L       R10,R3
    0000025A 021A                   STS         MACL,R2
    0000025C 421A                   LDS         R2,MACL
    0000025E 061A                   STS         MACL,R6
    00000260 36BC                   ADD         R11,R6
    00000262 65D3                   MOV         R13,R5
    00000264 750A                   ADD         #10,R5
    00000266 6063                   MOV         R6,R0
    00000268 025C                   MOV.B       @(R0,R5),R2
    0000026A 642C                   EXTU.B      R2,R4
    0000026C 65E3                   MOV         R14,R5
    0000026E 644C                   EXTU.B      R4,R4
    00000270 D30C                   MOV.L       L31+2,R3   ; _ctoh
    00000272 430B                   JSR         @R3
    00000274 0009                   NOP
    00000276 7E02                   ADD         #2,R14
    00000278 4C10                   DT          R12
    0000027A 7B01                   ADD         #1,R11
    0000027C 8BEB                   BF          L29
    0000027E              L28:
    0000027E 4910                   DT          R9
    00000280 7A01                   ADD         #1,R10
    00000282 8901                   BT          L33
    00000284 AF1A                   BRA         L21
    00000286 0009                   NOP
    00000288              L33:
    00000288              L20:
    00000288 60E3                   MOV         R14,R0
    0000028A 7F14                   ADD         #20,R15
    0000028C 4F16                   LDS.L       @R15+,MACL
    0000028E 4F26                   LDS.L       @R15+,PR
    00000290 6EF6                   MOV.L       @R15+,R14
    00000292 6DF6                   MOV.L       @R15+,R13
    00000294 6CF6                   MOV.L       @R15+,R12
    00000296 6BF6                   MOV.L       @R15+,R11
    00000298 6AF6                   MOV.L       @R15+,R10
    0000029A 69F6                   MOV.L       @R15+,R9
    0000029C 68F6                   MOV.L       @R15+,R8
    0000029E 000B                   RTS
    000002A0 0009                   NOP
    000002A2              L31:
    000002A2 00000002               .RES.W      1
    000002A4 <00000000>             .DATA.L     _ctoh
SH SERIES C/C++ Compiler (Ver. checker(2003.03.17))                                              10-Feb-2005 16:50:07  PAGE    1


******** STATISTICS INFORMATION ********


********** ERROR INFORMATION ***********

NUMBER OF ERRORS:           0
NUMBER OF WARNINGS:         0
NUMBER OF INFORMATIONS:     0



******* SOURCE LINE INFORMATION ********

COMPILED SOURCE LINE:       82



******* SECTION SIZE INFORMATION *******

PROGRAM  SECTION (P):                               000002A8 Byte(s)
CONSTANT SECTION (C):                               00000000 Byte(s)
DATA     SECTION (D):                               00000000 Byte(s)
BSS      SECTION (B):                               00000000 Byte(s)

TOTAL PROGRAM  SECTION: 000002A8 Byte(s)
TOTAL CONSTANT SECTION: 00000000 Byte(s)
TOTAL DATA     SECTION: 00000000 Byte(s)
TOTAL BSS      SECTION: 00000000 Byte(s)

    TOTAL PROGRAM SIZE: 000002A8 Byte(s)



********** LABEL INFORMATION ***********

NUMBER OF EXTERNAL REFERENCE SYMBOLS:            1
NUMBER OF EXTERNAL DEFINITION SYMBOLS:           1
NUMBER OF INTERNAL/EXTERNAL SYMBOLS:            19
*** COMMAND PARAMETER ***


  -cpu=sh3 -op=0 -en=big -me -debug -comment=nest -l -def=DEBUG -i=P:\PRESTO2\SHINC,C:\usr\local\SH\7_1_1\include,P:\PRESTO2\NORTI_12\inc rzr100.c 

