SH SERIES C/C++ Compiler (Ver. checker(2003.03.17))                                              10-Feb-2005 16:49:01  PAGE    1

************ OBJECT LISTING ************

FILE NAME: rzr194.c

SCT OFFSET   CODE       C LABEL     INSTRUCTION OPERAND    COMMENT

P   00000000              _rz_print_mlt_parm2_ext:         ; function: rz_print_mlt_parm2_ext
                                                           ; frame size=36
    00000000 2FB6                   MOV.L       R11,@-R15
    00000002 2FC6                   MOV.L       R12,@-R15
    00000004 2FD6                   MOV.L       R13,@-R15
    00000006 2FE6                   MOV.L       R14,@-R15
    00000008 4F22                   STS.L       PR,@-R15
    0000000A 7FF0                   ADD         #-16,R15
    0000000C 6B53                   MOV         R5,R11
    0000000E 6243                   MOV         R4,R2
    00000010 1F23                   MOV.L       R2,@(12,R15)
    00000012 66B0                   MOV.B       @R11,R6
    00000014 646C                   EXTU.B      R6,R4
    00000016 6523                   MOV         R2,R5
    00000018 7504                   ADD         #4,R5
    0000001A 644C                   EXTU.B      R4,R4
    0000001C D311                   MOV.L       L14,R3     ; _ctoh
    0000001E 430B                   JSR         @R3
    00000020 0009                   NOP
    00000022 52F3                   MOV.L       @(12,R15),R2
    00000024 7206                   ADD         #6,R2
    00000026 6D23                   MOV         R2,R13
    00000028 62B0                   MOV.B       @R11,R2
    0000002A 662C                   EXTU.B      R2,R6
    0000002C 666C                   EXTU.B      R6,R6
    0000002E 6E63                   MOV         R6,R14
    00000030 EC00                   MOV         #0,R12     ; H'00000000
    00000032 2EE8                   TST         R14,R14
    00000034 890D                   BT          L11
    00000036              L12:
    00000036 62B3                   MOV         R11,R2
    00000038 7201                   ADD         #1,R2
    0000003A 60C3                   MOV         R12,R0
    0000003C 062C                   MOV.B       @(R0,R2),R6
    0000003E 646C                   EXTU.B      R6,R4
    00000040 65D3                   MOV         R13,R5
    00000042 644C                   EXTU.B      R4,R4
    00000044 D307                   MOV.L       L14,R3     ; _ctoh
    00000046 430B                   JSR         @R3
    00000048 0009                   NOP
    0000004A 7D02                   ADD         #2,R13
    0000004C 4E10                   DT          R14
    0000004E 7C01                   ADD         #1,R12
    00000050 8BF1                   BF          L12
    00000052              L11:
    00000052 60D3                   MOV         R13,R0
    00000054 7F10                   ADD         #16,R15
    00000056 4F26                   LDS.L       @R15+,PR
    00000058 6EF6                   MOV.L       @R15+,R14
    0000005A 6DF6                   MOV.L       @R15+,R13
    0000005C 6CF6                   MOV.L       @R15+,R12
    0000005E 6BF6                   MOV.L       @R15+,R11
    00000060 000B                   RTS
    00000062 0009                   NOP
    00000064              L14:
    00000064 <00000000>             .DATA.L     _ctoh
SH SERIES C/C++ Compiler (Ver. checker(2003.03.17))                                              10-Feb-2005 16:49:01  PAGE    1


******** STATISTICS INFORMATION ********


********** ERROR INFORMATION ***********

NUMBER OF ERRORS:           0
NUMBER OF WARNINGS:         0
NUMBER OF INFORMATIONS:     0



******* SOURCE LINE INFORMATION ********

COMPILED SOURCE LINE:       63



******* SECTION SIZE INFORMATION *******

PROGRAM  SECTION (P):                               00000068 Byte(s)
CONSTANT SECTION (C):                               00000000 Byte(s)
DATA     SECTION (D):                               00000000 Byte(s)
BSS      SECTION (B):                               00000000 Byte(s)

TOTAL PROGRAM  SECTION: 00000068 Byte(s)
TOTAL CONSTANT SECTION: 00000000 Byte(s)
TOTAL DATA     SECTION: 00000000 Byte(s)
TOTAL BSS      SECTION: 00000000 Byte(s)

    TOTAL PROGRAM SIZE: 00000068 Byte(s)



********** LABEL INFORMATION ***********

NUMBER OF EXTERNAL REFERENCE SYMBOLS:            1
NUMBER OF EXTERNAL DEFINITION SYMBOLS:           1
NUMBER OF INTERNAL/EXTERNAL SYMBOLS:             5
*** COMMAND PARAMETER ***


  -cpu=sh3 -op=0 -en=big -me -debug -comment=nest -l -def=DEBUG -i=P:\PRESTO2\SHINC,C:\usr\local\SH\7_1_1\include,P:\PRESTO2\NORTI_12\inc rzr194.c 

