SH SERIES C/C++ Compiler (Ver. checker(2003.03.17))                                              10-Feb-2005 16:50:03  PAGE    1

************ OBJECT LISTING ************

FILE NAME: rzr111.c

SCT OFFSET   CODE       C LABEL     INSTRUCTION OPERAND    COMMENT

P   00000000              _rz_scan_approval:               ; function: rz_scan_approval
                                                           ; frame size=8
    00000000 4F22                   STS.L       PR,@-R15
    00000002 7FFC                   ADD         #-4,R15
    00000004 6243                   MOV         R4,R2
    00000006 2F22                   MOV.L       R2,@R15
    00000008 8424                   MOV.B       @(4,R2),R0
    0000000A 6503                   MOV         R0,R5
    0000000C 665C                   EXTU.B      R5,R6
    0000000E 666C                   EXTU.B      R6,R6
    00000010 E339                   MOV         #57,R3     ; H'00000039
    00000012 3637                   CMP/GT      R3,R6
    00000014 8B07                   BF          L12
    00000016 8424                   MOV.B       @(4,R2),R0
    00000018 6503                   MOV         R0,R5
    0000001A 665C                   EXTU.B      R5,R6
    0000001C 666C                   EXTU.B      R6,R6
    0000001E 6563                   MOV         R6,R5
    00000020 75C9                   ADD         #-55,R5
    00000022 A006                   BRA         L13
    00000024 0009                   NOP
    00000026              L12:
    00000026 8424                   MOV.B       @(4,R2),R0
    00000028 6603                   MOV         R0,R6
    0000002A 646C                   EXTU.B      R6,R4
    0000002C 644C                   EXTU.B      R4,R4
    0000002E 6543                   MOV         R4,R5
    00000030 75D0                   ADD         #-48,R5
    00000032              L13:
    00000032 6653                   MOV         R5,R6
    00000034 666C                   EXTU.B      R6,R6
    00000036 6363                   MOV         R6,R3
    00000038 D119                   MOV.L       L18,R1     ; _rzr111s
    0000003A 2132                   MOV.L       R3,@R1
    0000003C 8425                   MOV.B       @(5,R2),R0
    0000003E 6503                   MOV         R0,R5
    00000040 665C                   EXTU.B      R5,R6
    00000042 666C                   EXTU.B      R6,R6
    00000044 E339                   MOV         #57,R3     ; H'00000039
    00000046 3637                   CMP/GT      R3,R6
    00000048 8B06                   BF          L15
    0000004A 8425                   MOV.B       @(5,R2),R0
    0000004C 6603                   MOV         R0,R6
    0000004E 656C                   EXTU.B      R6,R5
    00000050 655C                   EXTU.B      R5,R5
    00000052 75C9                   ADD         #-55,R5
    00000054 A006                   BRA         L16
    00000056 0009                   NOP
    00000058              L15:
    00000058 8425                   MOV.B       @(5,R2),R0
    0000005A 6603                   MOV         R0,R6
    0000005C 646C                   EXTU.B      R6,R4
    0000005E 644C                   EXTU.B      R4,R4
    00000060 6543                   MOV         R4,R5
    00000062 75D0                   ADD         #-48,R5
    00000064              L16:
    00000064 6653                   MOV         R5,R6
    00000066 666C                   EXTU.B      R6,R6
    00000068 6363                   MOV         R6,R3
    0000006A D10E                   MOV.L       L18+4,R1   ; H'00000004+_rzr111s
    0000006C 2132                   MOV.L       R3,@R1
    0000006E 6423                   MOV         R2,R4
    00000070 7406                   ADD         #6,R4
    00000072 D30D                   MOV.L       L18+8,R3   ; _htoi
    00000074 430B                   JSR         @R3
    00000076 0009                   NOP
    00000078 6603                   MOV         R0,R6
    0000007A 636D                   EXTU.W      R6,R3
    0000007C D10B                   MOV.L       L18+12,R1  ; H'00000008+_rzr111s
    0000007E 2131                   MOV.W       R3,@R1
    00000080 62F2                   MOV.L       @R15,R2
    00000082 720A                   ADD         #10,R2
    00000084 6423                   MOV         R2,R4
    00000086 D308                   MOV.L       L18+8,R3   ; _htoi
    00000088 430B                   JSR         @R3
    0000008A 0009                   NOP
    0000008C 6203                   MOV         R0,R2
    0000008E 632D                   EXTU.W      R2,R3
    00000090 D107                   MOV.L       L18+16,R1  ; H'0000000A+_rzr111s
    00000092 2131                   MOV.W       R3,@R1
    00000094 E200                   MOV         #0,R2      ; H'00000000
    00000096 6023                   MOV         R2,R0
    00000098 7F04                   ADD         #4,R15
    0000009A 4F26                   LDS.L       @R15+,PR
    0000009C 000B                   RTS
    0000009E 0009                   NOP
    000000A0              L18:
    000000A0 <00000000>             .DATA.L     _rzr111s
    000000A4 <00000004>             .DATA.L     H'00000004+_rzr111s
    000000A8 <00000000>             .DATA.L     _htoi
    000000AC <00000008>             .DATA.L     H'00000008+_rzr111s
    000000B0 <0000000A>             .DATA.L     H'0000000A+_rzr111s
B   00000000              _rzr111s:                        ; static: rzr111s
    00000000 00000004               .RES.L      3
SH SERIES C/C++ Compiler (Ver. checker(2003.03.17))                                              10-Feb-2005 16:50:03  PAGE    1


******** STATISTICS INFORMATION ********


********** ERROR INFORMATION ***********

NUMBER OF ERRORS:           0
NUMBER OF WARNINGS:         0
NUMBER OF INFORMATIONS:     0



******* SOURCE LINE INFORMATION ********

COMPILED SOURCE LINE:       57



******* SECTION SIZE INFORMATION *******

PROGRAM  SECTION (P):                               000000B4 Byte(s)
CONSTANT SECTION (C):                               00000000 Byte(s)
DATA     SECTION (D):                               00000000 Byte(s)
BSS      SECTION (B):                               0000000C Byte(s)

TOTAL PROGRAM  SECTION: 000000B4 Byte(s)
TOTAL CONSTANT SECTION: 00000000 Byte(s)
TOTAL DATA     SECTION: 00000000 Byte(s)
TOTAL BSS      SECTION: 0000000C Byte(s)

    TOTAL PROGRAM SIZE: 000000C0 Byte(s)



********** LABEL INFORMATION ***********

NUMBER OF EXTERNAL REFERENCE SYMBOLS:            1
NUMBER OF EXTERNAL DEFINITION SYMBOLS:           2
NUMBER OF INTERNAL/EXTERNAL SYMBOLS:             8
*** COMMAND PARAMETER ***


  -cpu=sh3 -op=0 -en=big -me -debug -comment=nest -l -def=DEBUG -i=P:\PRESTO2\SHINC,C:\usr\local\SH\7_1_1\include,P:\PRESTO2\NORTI_12\inc rzr111.c 

