SH SERIES C/C++ Compiler (Ver. checker(2003.03.17))                                              10-Feb-2005 16:49:04  PAGE    1

************ OBJECT LISTING ************

FILE NAME: rzr104.c

SCT OFFSET   CODE       C LABEL     INSTRUCTION OPERAND    COMMENT

P   00000000              _rz_print_bucket_inf:            ; function: rz_print_bucket_inf
                                                           ; frame size=12
    00000000 2FD6                   MOV.L       R13,@-R15
    00000002 2FE6                   MOV.L       R14,@-R15
    00000004 4F22                   STS.L       PR,@-R15
    00000006 6D53                   MOV         R5,R13
    00000008 6E43                   MOV         R4,R14
    0000000A 62D0                   MOV.B       @R13,R2
    0000000C 642C                   EXTU.B      R2,R4
    0000000E 65E3                   MOV         R14,R5
    00000010 7504                   ADD         #4,R5
    00000012 644C                   EXTU.B      R4,R4
    00000014 D320                   MOV.L       L12+2,R3   ; _ctoh
    00000016 430B                   JSR         @R3
    00000018 0009                   NOP
    0000001A 84D1                   MOV.B       @(1,R13),R0
    0000001C 6203                   MOV         R0,R2
    0000001E 642C                   EXTU.B      R2,R4
    00000020 65E3                   MOV         R14,R5
    00000022 7506                   ADD         #6,R5
    00000024 644C                   EXTU.B      R4,R4
    00000026 D31C                   MOV.L       L12+2,R3   ; _ctoh
    00000028 430B                   JSR         @R3
    0000002A 0009                   NOP
    0000002C 84D2                   MOV.B       @(2,R13),R0
    0000002E 6203                   MOV         R0,R2
    00000030 642C                   EXTU.B      R2,R4
    00000032 65E3                   MOV         R14,R5
    00000034 7508                   ADD         #8,R5
    00000036 644C                   EXTU.B      R4,R4
    00000038 D317                   MOV.L       L12+2,R3   ; _ctoh
    0000003A 430B                   JSR         @R3
    0000003C 0009                   NOP
    0000003E 84D3                   MOV.B       @(3,R13),R0
    00000040 6203                   MOV         R0,R2
    00000042 642C                   EXTU.B      R2,R4
    00000044 65E3                   MOV         R14,R5
    00000046 750A                   ADD         #10,R5
    00000048 644C                   EXTU.B      R4,R4
    0000004A D313                   MOV.L       L12+2,R3   ; _ctoh
    0000004C 430B                   JSR         @R3
    0000004E 0009                   NOP
    00000050 84D4                   MOV.B       @(4,R13),R0
    00000052 6203                   MOV         R0,R2
    00000054 642C                   EXTU.B      R2,R4
    00000056 65E3                   MOV         R14,R5
    00000058 750C                   ADD         #12,R5
    0000005A 644C                   EXTU.B      R4,R4
    0000005C D30E                   MOV.L       L12+2,R3   ; _ctoh
    0000005E 430B                   JSR         @R3
    00000060 0009                   NOP
    00000062 84D5                   MOV.B       @(5,R13),R0
    00000064 6203                   MOV         R0,R2
    00000066 642C                   EXTU.B      R2,R4
    00000068 65E3                   MOV         R14,R5
    0000006A 750E                   ADD         #14,R5
    0000006C 644C                   EXTU.B      R4,R4
    0000006E D30A                   MOV.L       L12+2,R3   ; _ctoh
    00000070 430B                   JSR         @R3
    00000072 0009                   NOP
    00000074 84D6                   MOV.B       @(6,R13),R0
    00000076 6203                   MOV         R0,R2
    00000078 642C                   EXTU.B      R2,R4
    0000007A 65E3                   MOV         R14,R5
    0000007C 7510                   ADD         #16,R5
    0000007E 644C                   EXTU.B      R4,R4
    00000080 D305                   MOV.L       L12+2,R3   ; _ctoh
    00000082 430B                   JSR         @R3
    00000084 0009                   NOP
    00000086 7E12                   ADD         #18,R14
    00000088 62E3                   MOV         R14,R2
    0000008A 6023                   MOV         R2,R0
    0000008C 4F26                   LDS.L       @R15+,PR
    0000008E 6EF6                   MOV.L       @R15+,R14
    00000090 6DF6                   MOV.L       @R15+,R13
    00000092 000B                   RTS
    00000094 0009                   NOP
    00000096              L12:
    00000096 00000002               .RES.W      1
    00000098 <00000000>             .DATA.L     _ctoh
SH SERIES C/C++ Compiler (Ver. checker(2003.03.17))                                              10-Feb-2005 16:49:04  PAGE    1


******** STATISTICS INFORMATION ********


********** ERROR INFORMATION ***********

NUMBER OF ERRORS:           0
NUMBER OF WARNINGS:         0
NUMBER OF INFORMATIONS:     0



******* SOURCE LINE INFORMATION ********

COMPILED SOURCE LINE:       59



******* SECTION SIZE INFORMATION *******

PROGRAM  SECTION (P):                               0000009C Byte(s)
CONSTANT SECTION (C):                               00000000 Byte(s)
DATA     SECTION (D):                               00000000 Byte(s)
BSS      SECTION (B):                               00000000 Byte(s)

TOTAL PROGRAM  SECTION: 0000009C Byte(s)
TOTAL CONSTANT SECTION: 00000000 Byte(s)
TOTAL DATA     SECTION: 00000000 Byte(s)
TOTAL BSS      SECTION: 00000000 Byte(s)

    TOTAL PROGRAM SIZE: 0000009C Byte(s)



********** LABEL INFORMATION ***********

NUMBER OF EXTERNAL REFERENCE SYMBOLS:            1
NUMBER OF EXTERNAL DEFINITION SYMBOLS:           1
NUMBER OF INTERNAL/EXTERNAL SYMBOLS:             3
*** COMMAND PARAMETER ***


  -cpu=sh3 -op=0 -en=big -me -debug -comment=nest -l -def=DEBUG -i=P:\PRESTO2\SHINC,C:\usr\local\SH\7_1_1\include,P:\PRESTO2\NORTI_12\inc rzr104.c 

