SH SERIES C/C++ Compiler (Ver. checker(2003.03.17))                                              10-Feb-2005 16:50:05  PAGE    1

************ OBJECT LISTING ************

FILE NAME: rzr109.c

SCT OFFSET   CODE       C LABEL     INSTRUCTION OPERAND    COMMENT

P   00000000              _rz_scan_left_weight:            ; function: rz_scan_left_weight
                                                           ; frame size=4
    00000000 4F22                   STS.L       PR,@-R15
    00000002 7404                   ADD         #4,R4
    00000004 D305                   MOV.L       L12,R3     ; _htoi
    00000006 430B                   JSR         @R3
    00000008 0009                   NOP
    0000000A 6203                   MOV         R0,R2
    0000000C 632D                   EXTU.W      R2,R3
    0000000E D104                   MOV.L       L12+4,R1   ; _rzr109s
    00000010 2131                   MOV.W       R3,@R1
    00000012 E200                   MOV         #0,R2      ; H'00000000
    00000014 6023                   MOV         R2,R0
    00000016 4F26                   LDS.L       @R15+,PR
    00000018 000B                   RTS
    0000001A 0009                   NOP
    0000001C              L12:
    0000001C <00000000>             .DATA.L     _htoi
    00000020 <00000000>             .DATA.L     _rzr109s
B   00000000              _rzr109s:                        ; static: rzr109s
    00000000 00000002               .RES.W      1
SH SERIES C/C++ Compiler (Ver. checker(2003.03.17))                                              10-Feb-2005 16:50:05  PAGE    1


******** STATISTICS INFORMATION ********


********** ERROR INFORMATION ***********

NUMBER OF ERRORS:           0
NUMBER OF WARNINGS:         0
NUMBER OF INFORMATIONS:     0



******* SOURCE LINE INFORMATION ********

COMPILED SOURCE LINE:       55



******* SECTION SIZE INFORMATION *******

PROGRAM  SECTION (P):                               00000024 Byte(s)
CONSTANT SECTION (C):                               00000000 Byte(s)
DATA     SECTION (D):                               00000000 Byte(s)
BSS      SECTION (B):                               00000002 Byte(s)

TOTAL PROGRAM  SECTION: 00000024 Byte(s)
TOTAL CONSTANT SECTION: 00000000 Byte(s)
TOTAL DATA     SECTION: 00000000 Byte(s)
TOTAL BSS      SECTION: 00000002 Byte(s)

    TOTAL PROGRAM SIZE: 00000026 Byte(s)



********** LABEL INFORMATION ***********

NUMBER OF EXTERNAL REFERENCE SYMBOLS:            1
NUMBER OF EXTERNAL DEFINITION SYMBOLS:           2
NUMBER OF INTERNAL/EXTERNAL SYMBOLS:             4
*** COMMAND PARAMETER ***


  -cpu=sh3 -op=0 -en=big -me -debug -comment=nest -l -def=DEBUG -i=P:\PRESTO2\SHINC,C:\usr\local\SH\7_1_1\include,P:\PRESTO2\NORTI_12\inc rzr109.c 

