SH SERIES C/C++ Compiler (Ver. checker(2003.03.17))                                              10-Feb-2005 16:49:58  PAGE    1

************ OBJECT LISTING ************

FILE NAME: rzr118.c

SCT OFFSET   CODE       C LABEL     INSTRUCTION OPERAND    COMMENT

P   00000000              _rz_print_rz600_tmg:             ; function: rz_print_rz600_tmg
                                                           ; frame size=12
    00000000 2FD6                   MOV.L       R13,@-R15
    00000002 2FE6                   MOV.L       R14,@-R15
    00000004 4F22                   STS.L       PR,@-R15
    00000006 6D53                   MOV         R5,R13
    00000008 6E43                   MOV         R4,R14
    0000000A 62D0                   MOV.B       @R13,R2
    0000000C 642C                   EXTU.B      R2,R4
    0000000E 65E3                   MOV         R14,R5
    00000010 7504                   ADD         #4,R5
    00000012 644C                   EXTU.B      R4,R4
    00000014 D33F                   MOV.L       L12,R3     ; _ctoh
    00000016 430B                   JSR         @R3
    00000018 0009                   NOP
    0000001A 84D1                   MOV.B       @(1,R13),R0
    0000001C 6203                   MOV         R0,R2
    0000001E 642C                   EXTU.B      R2,R4
    00000020 65E3                   MOV         R14,R5
    00000022 7506                   ADD         #6,R5
    00000024 644C                   EXTU.B      R4,R4
    00000026 D33B                   MOV.L       L12,R3     ; _ctoh
    00000028 430B                   JSR         @R3
    0000002A 0009                   NOP
    0000002C 84D2                   MOV.B       @(2,R13),R0
    0000002E 6203                   MOV         R0,R2
    00000030 642C                   EXTU.B      R2,R4
    00000032 65E3                   MOV         R14,R5
    00000034 7508                   ADD         #8,R5
    00000036 644C                   EXTU.B      R4,R4
    00000038 D336                   MOV.L       L12,R3     ; _ctoh
    0000003A 430B                   JSR         @R3
    0000003C 0009                   NOP
    0000003E 84D3                   MOV.B       @(3,R13),R0
    00000040 6203                   MOV         R0,R2
    00000042 642C                   EXTU.B      R2,R4
    00000044 65E3                   MOV         R14,R5
    00000046 750A                   ADD         #10,R5
    00000048 644C                   EXTU.B      R4,R4
    0000004A D332                   MOV.L       L12,R3     ; _ctoh
    0000004C 430B                   JSR         @R3
    0000004E 0009                   NOP
    00000050 84D4                   MOV.B       @(4,R13),R0
    00000052 6203                   MOV         R0,R2
    00000054 642C                   EXTU.B      R2,R4
    00000056 65E3                   MOV         R14,R5
    00000058 750C                   ADD         #12,R5
    0000005A 644C                   EXTU.B      R4,R4
    0000005C D32D                   MOV.L       L12,R3     ; _ctoh
    0000005E 430B                   JSR         @R3
    00000060 0009                   NOP
    00000062 84D5                   MOV.B       @(5,R13),R0
    00000064 6203                   MOV         R0,R2
    00000066 642C                   EXTU.B      R2,R4
    00000068 65E3                   MOV         R14,R5
    0000006A 750E                   ADD         #14,R5
    0000006C 644C                   EXTU.B      R4,R4
    0000006E D329                   MOV.L       L12,R3     ; _ctoh
    00000070 430B                   JSR         @R3
    00000072 0009                   NOP
    00000074 84D6                   MOV.B       @(6,R13),R0
    00000076 6203                   MOV         R0,R2
    00000078 642C                   EXTU.B      R2,R4
    0000007A 65E3                   MOV         R14,R5
    0000007C 7510                   ADD         #16,R5
    0000007E 644C                   EXTU.B      R4,R4
    00000080 D324                   MOV.L       L12,R3     ; _ctoh
    00000082 430B                   JSR         @R3
    00000084 0009                   NOP
    00000086 84D7                   MOV.B       @(7,R13),R0
    00000088 6203                   MOV         R0,R2
    0000008A 642C                   EXTU.B      R2,R4
    0000008C 65E3                   MOV         R14,R5
    0000008E 7512                   ADD         #18,R5
    00000090 644C                   EXTU.B      R4,R4
    00000092 D320                   MOV.L       L12,R3     ; _ctoh
    00000094 430B                   JSR         @R3
    00000096 0009                   NOP
    00000098 84D8                   MOV.B       @(8,R13),R0
    0000009A 6203                   MOV         R0,R2
    0000009C 642C                   EXTU.B      R2,R4
    0000009E 65E3                   MOV         R14,R5
    000000A0 7514                   ADD         #20,R5
    000000A2 644C                   EXTU.B      R4,R4
    000000A4 D31B                   MOV.L       L12,R3     ; _ctoh
    000000A6 430B                   JSR         @R3
    000000A8 0009                   NOP
    000000AA 84D9                   MOV.B       @(9,R13),R0
    000000AC 6203                   MOV         R0,R2
    000000AE 642C                   EXTU.B      R2,R4
    000000B0 65E3                   MOV         R14,R5
    000000B2 7516                   ADD         #22,R5
    000000B4 644C                   EXTU.B      R4,R4
    000000B6 D317                   MOV.L       L12,R3     ; _ctoh
    000000B8 430B                   JSR         @R3
    000000BA 0009                   NOP
    000000BC 84DA                   MOV.B       @(10,R13),R0
    000000BE 6203                   MOV         R0,R2
    000000C0 642C                   EXTU.B      R2,R4
    000000C2 65E3                   MOV         R14,R5
    000000C4 7518                   ADD         #24,R5
    000000C6 644C                   EXTU.B      R4,R4
    000000C8 D312                   MOV.L       L12,R3     ; _ctoh
    000000CA 430B                   JSR         @R3
    000000CC 0009                   NOP
    000000CE 84DB                   MOV.B       @(11,R13),R0
    000000D0 6203                   MOV         R0,R2
    000000D2 642C                   EXTU.B      R2,R4
    000000D4 65E3                   MOV         R14,R5
    000000D6 751A                   ADD         #26,R5
    000000D8 644C                   EXTU.B      R4,R4
    000000DA D30E                   MOV.L       L12,R3     ; _ctoh
    000000DC 430B                   JSR         @R3
    000000DE 0009                   NOP
    000000E0 84DC                   MOV.B       @(12,R13),R0
    000000E2 6203                   MOV         R0,R2
    000000E4 642C                   EXTU.B      R2,R4
    000000E6 65E3                   MOV         R14,R5
    000000E8 751C                   ADD         #28,R5
    000000EA 644C                   EXTU.B      R4,R4
    000000EC D309                   MOV.L       L12,R3     ; _ctoh
    000000EE 430B                   JSR         @R3
    000000F0 0009                   NOP
    000000F2 84DD                   MOV.B       @(13,R13),R0
    000000F4 6203                   MOV         R0,R2
    000000F6 642C                   EXTU.B      R2,R4
    000000F8 65E3                   MOV         R14,R5
    000000FA 751E                   ADD         #30,R5
    000000FC 644C                   EXTU.B      R4,R4
    000000FE D305                   MOV.L       L12,R3     ; _ctoh
    00000100 430B                   JSR         @R3
    00000102 0009                   NOP
    00000104 7E20                   ADD         #32,R14
    00000106 62E3                   MOV         R14,R2
    00000108 6023                   MOV         R2,R0
    0000010A 4F26                   LDS.L       @R15+,PR
    0000010C 6EF6                   MOV.L       @R15+,R14
    0000010E 6DF6                   MOV.L       @R15+,R13
    00000110 000B                   RTS
    00000112 0009                   NOP
    00000114              L12:
    00000114 <00000000>             .DATA.L     _ctoh
SH SERIES C/C++ Compiler (Ver. checker(2003.03.17))                                              10-Feb-2005 16:49:58  PAGE    1


******** STATISTICS INFORMATION ********


********** ERROR INFORMATION ***********

NUMBER OF ERRORS:           0
NUMBER OF WARNINGS:         0
NUMBER OF INFORMATIONS:     0



******* SOURCE LINE INFORMATION ********

COMPILED SOURCE LINE:       69



******* SECTION SIZE INFORMATION *******

PROGRAM  SECTION (P):                               00000118 Byte(s)
CONSTANT SECTION (C):                               00000000 Byte(s)
DATA     SECTION (D):                               00000000 Byte(s)
BSS      SECTION (B):                               00000000 Byte(s)

TOTAL PROGRAM  SECTION: 00000118 Byte(s)
TOTAL CONSTANT SECTION: 00000000 Byte(s)
TOTAL DATA     SECTION: 00000000 Byte(s)
TOTAL BSS      SECTION: 00000000 Byte(s)

    TOTAL PROGRAM SIZE: 00000118 Byte(s)



********** LABEL INFORMATION ***********

NUMBER OF EXTERNAL REFERENCE SYMBOLS:            1
NUMBER OF EXTERNAL DEFINITION SYMBOLS:           1
NUMBER OF INTERNAL/EXTERNAL SYMBOLS:             3
*** COMMAND PARAMETER ***


  -cpu=sh3 -op=0 -en=big -me -debug -comment=nest -l -def=DEBUG -i=P:\PRESTO2\SHINC,C:\usr\local\SH\7_1_1\include,P:\PRESTO2\NORTI_12\inc rzr118.c 

