SH SERIES C/C++ Compiler (Ver. checker(2003.03.17))                                              10-Feb-2005 16:49:05  PAGE    1

************ OBJECT LISTING ************

FILE NAME: rzr103.c

SCT OFFSET   CODE       C LABEL     INSTRUCTION OPERAND    COMMENT

P   00000000              _rz_scan_bucket_inf:             ; function: rz_scan_bucket_inf
                                                           ; frame size=8
    00000000 2FE6                   MOV.L       R14,@-R15
    00000002 4F22                   STS.L       PR,@-R15
    00000004 6E43                   MOV         R4,R14
    00000006 64E3                   MOV         R14,R4
    00000008 7404                   ADD         #4,R4
    0000000A D321                   MOV.L       L12,R3     ; _htoc
    0000000C 430B                   JSR         @R3
    0000000E 0009                   NOP
    00000010 6203                   MOV         R0,R2
    00000012 632C                   EXTU.B      R2,R3
    00000014 D11F                   MOV.L       L12+4,R1   ; _rzr103s
    00000016 2130                   MOV.B       R3,@R1
    00000018 64E3                   MOV         R14,R4
    0000001A 7406                   ADD         #6,R4
    0000001C D31C                   MOV.L       L12,R3     ; _htoc
    0000001E 430B                   JSR         @R3
    00000020 0009                   NOP
    00000022 6203                   MOV         R0,R2
    00000024 632C                   EXTU.B      R2,R3
    00000026 D11C                   MOV.L       L12+8,R1   ; H'00000001+_rzr103s
    00000028 2130                   MOV.B       R3,@R1
    0000002A 64E3                   MOV         R14,R4
    0000002C 7408                   ADD         #8,R4
    0000002E D318                   MOV.L       L12,R3     ; _htoc
    00000030 430B                   JSR         @R3
    00000032 0009                   NOP
    00000034 6203                   MOV         R0,R2
    00000036 632C                   EXTU.B      R2,R3
    00000038 D118                   MOV.L       L12+12,R1  ; H'00000002+_rzr103s
    0000003A 2130                   MOV.B       R3,@R1
    0000003C 64E3                   MOV         R14,R4
    0000003E 740A                   ADD         #10,R4
    00000040 D313                   MOV.L       L12,R3     ; _htoc
    00000042 430B                   JSR         @R3
    00000044 0009                   NOP
    00000046 6203                   MOV         R0,R2
    00000048 632C                   EXTU.B      R2,R3
    0000004A D115                   MOV.L       L12+16,R1  ; H'00000003+_rzr103s
    0000004C 2130                   MOV.B       R3,@R1
    0000004E 64E3                   MOV         R14,R4
    00000050 740C                   ADD         #12,R4
    00000052 D30F                   MOV.L       L12,R3     ; _htoc
    00000054 430B                   JSR         @R3
    00000056 0009                   NOP
    00000058 6203                   MOV         R0,R2
    0000005A 632C                   EXTU.B      R2,R3
    0000005C D111                   MOV.L       L12+20,R1  ; H'00000004+_rzr103s
    0000005E 2130                   MOV.B       R3,@R1
    00000060 64E3                   MOV         R14,R4
    00000062 740E                   ADD         #14,R4
    00000064 D30A                   MOV.L       L12,R3     ; _htoc
    00000066 430B                   JSR         @R3
    00000068 0009                   NOP
    0000006A 6203                   MOV         R0,R2
    0000006C 632C                   EXTU.B      R2,R3
    0000006E D10E                   MOV.L       L12+24,R1  ; H'00000005+_rzr103s
    00000070 2130                   MOV.B       R3,@R1
    00000072 7E10                   ADD         #16,R14
    00000074 64E3                   MOV         R14,R4
    00000076 D306                   MOV.L       L12,R3     ; _htoc
    00000078 430B                   JSR         @R3
    0000007A 0009                   NOP
    0000007C 6203                   MOV         R0,R2
    0000007E 632C                   EXTU.B      R2,R3
    00000080 D10A                   MOV.L       L12+28,R1  ; H'00000006+_rzr103s
    00000082 2130                   MOV.B       R3,@R1
    00000084 E200                   MOV         #0,R2      ; H'00000000
    00000086 6023                   MOV         R2,R0
    00000088 4F26                   LDS.L       @R15+,PR
    0000008A 6EF6                   MOV.L       @R15+,R14
    0000008C 000B                   RTS
    0000008E 0009                   NOP
    00000090              L12:
    00000090 <00000000>             .DATA.L     _htoc
    00000094 <00000000>             .DATA.L     _rzr103s
    00000098 <00000001>             .DATA.L     H'00000001+_rzr103s
    0000009C <00000002>             .DATA.L     H'00000002+_rzr103s
    000000A0 <00000003>             .DATA.L     H'00000003+_rzr103s
    000000A4 <00000004>             .DATA.L     H'00000004+_rzr103s
    000000A8 <00000005>             .DATA.L     H'00000005+_rzr103s
    000000AC <00000006>             .DATA.L     H'00000006+_rzr103s
B   00000000              _rzr103s:                        ; static: rzr103s
    00000000 00000001               .RES.B      7
SH SERIES C/C++ Compiler (Ver. checker(2003.03.17))                                              10-Feb-2005 16:49:05  PAGE    1


******** STATISTICS INFORMATION ********


********** ERROR INFORMATION ***********

NUMBER OF ERRORS:           0
NUMBER OF WARNINGS:         0
NUMBER OF INFORMATIONS:     0



******* SOURCE LINE INFORMATION ********

COMPILED SOURCE LINE:       61



******* SECTION SIZE INFORMATION *******

PROGRAM  SECTION (P):                               000000B0 Byte(s)
CONSTANT SECTION (C):                               00000000 Byte(s)
DATA     SECTION (D):                               00000000 Byte(s)
BSS      SECTION (B):                               00000007 Byte(s)

TOTAL PROGRAM  SECTION: 000000B0 Byte(s)
TOTAL CONSTANT SECTION: 00000000 Byte(s)
TOTAL DATA     SECTION: 00000000 Byte(s)
TOTAL BSS      SECTION: 00000007 Byte(s)

    TOTAL PROGRAM SIZE: 000000B7 Byte(s)



********** LABEL INFORMATION ***********

NUMBER OF EXTERNAL REFERENCE SYMBOLS:            1
NUMBER OF EXTERNAL DEFINITION SYMBOLS:           2
NUMBER OF INTERNAL/EXTERNAL SYMBOLS:             4
*** COMMAND PARAMETER ***


  -cpu=sh3 -op=0 -en=big -me -debug -comment=nest -l -def=DEBUG -i=P:\PRESTO2\SHINC,C:\usr\local\SH\7_1_1\include,P:\PRESTO2\NORTI_12\inc rzr103.c 

