SH SERIES C/C++ Compiler (Ver. checker(2003.03.17))                                              10-Feb-2005 16:49:45  PAGE    1

************ OBJECT LISTING ************

FILE NAME: rzr160.c

SCT OFFSET   CODE       C LABEL     INSTRUCTION OPERAND    COMMENT

P   00000000              _rz_print_p_reject_parm:         ; function: rz_print_p_reject_parm
                                                           ; frame size=48
    00000000 2F96                   MOV.L       R9,@-R15
    00000002 2FA6                   MOV.L       R10,@-R15
    00000004 2FB6                   MOV.L       R11,@-R15
    00000006 2FC6                   MOV.L       R12,@-R15
    00000008 2FD6                   MOV.L       R13,@-R15
    0000000A 2FE6                   MOV.L       R14,@-R15
    0000000C 4F22                   STS.L       PR,@-R15
    0000000E 7FEC                   ADD         #-20,R15
    00000010 6A53                   MOV         R5,R10
    00000012 66A0                   MOV.B       @R10,R6
    00000014 626C                   EXTU.B      R6,R2
    00000016 622C                   EXTU.B      R2,R2
    00000018 E309                   MOV         #9,R3      ; H'00000009
    0000001A 3237                   CMP/GT      R3,R2
    0000001C 8B06                   BF          L12
    0000001E 62A0                   MOV.B       @R10,R2
    00000020 662C                   EXTU.B      R2,R6
    00000022 666C                   EXTU.B      R6,R6
    00000024 6263                   MOV         R6,R2
    00000026 7237                   ADD         #55,R2
    00000028 A005                   BRA         L13
    0000002A 0009                   NOP
    0000002C              L12:
    0000002C 62A0                   MOV.B       @R10,R2
    0000002E 662C                   EXTU.B      R2,R6
    00000030 666C                   EXTU.B      R6,R6
    00000032 6263                   MOV         R6,R2
    00000034 7230                   ADD         #48,R2
    00000036              L13:
    00000036 6023                   MOV         R2,R0
    00000038 8044                   MOV.B       R0,@(4,R4)
    0000003A 84A1                   MOV.B       @(1,R10),R0
    0000003C 6203                   MOV         R0,R2
    0000003E 662C                   EXTU.B      R2,R6
    00000040 666C                   EXTU.B      R6,R6
    00000042 E309                   MOV         #9,R3      ; H'00000009
    00000044 3637                   CMP/GT      R3,R6
    00000046 8B07                   BF          L15
    00000048 84A1                   MOV.B       @(1,R10),R0
    0000004A 6203                   MOV         R0,R2
    0000004C 662C                   EXTU.B      R2,R6
    0000004E 666C                   EXTU.B      R6,R6
    00000050 6263                   MOV         R6,R2
    00000052 7237                   ADD         #55,R2
    00000054 A006                   BRA         L16
    00000056 0009                   NOP
    00000058              L15:
    00000058 84A1                   MOV.B       @(1,R10),R0
    0000005A 6203                   MOV         R0,R2
    0000005C 662C                   EXTU.B      R2,R6
    0000005E 666C                   EXTU.B      R6,R6
    00000060 6263                   MOV         R6,R2
    00000062 7230                   ADD         #48,R2
    00000064              L16:
    00000064 6023                   MOV         R2,R0
    00000066 8045                   MOV.B       R0,@(5,R4)
    00000068 7406                   ADD         #6,R4
    0000006A 6E43                   MOV         R4,R14
    0000006C E900                   MOV         #0,R9      ; H'00000000
    0000006E 6BA3                   MOV         R10,R11
    00000070 7B04                   ADD         #4,R11
    00000072 84A1                   MOV.B       @(1,R10),R0
    00000074 6203                   MOV         R0,R2
    00000076 662C                   EXTU.B      R2,R6
    00000078 666C                   EXTU.B      R6,R6
    0000007A 6263                   MOV         R6,R2
    0000007C 3923                   CMP/GE      R2,R9
    0000007E 8931                   BT          L17
    00000080              L18:
    00000080 66B0                   MOV.B       @R11,R6
    00000082 626C                   EXTU.B      R6,R2
    00000084 622C                   EXTU.B      R2,R2
    00000086 E309                   MOV         #9,R3      ; H'00000009
    00000088 3237                   CMP/GT      R3,R2
    0000008A 8B06                   BF          L20
    0000008C 62B0                   MOV.B       @R11,R2
    0000008E 662C                   EXTU.B      R2,R6
    00000090 666C                   EXTU.B      R6,R6
    00000092 6263                   MOV         R6,R2
    00000094 7237                   ADD         #55,R2
    00000096 A005                   BRA         L21
    00000098 0009                   NOP
    0000009A              L20:
    0000009A 62B0                   MOV.B       @R11,R2
    0000009C 662C                   EXTU.B      R2,R6
    0000009E 666C                   EXTU.B      R6,R6
    000000A0 6263                   MOV         R6,R2
    000000A2 7230                   ADD         #48,R2
    000000A4              L21:
    000000A4 2E20                   MOV.B       R2,@R14
    000000A6 7E01                   ADD         #1,R14
    000000A8 ED00                   MOV         #0,R13     ; H'00000000
    000000AA 6CB3                   MOV         R11,R12
    000000AC 7C04                   ADD         #4,R12
    000000AE 62B0                   MOV.B       @R11,R2
    000000B0 662C                   EXTU.B      R2,R6
    000000B2 666C                   EXTU.B      R6,R6
    000000B4 6263                   MOV         R6,R2
    000000B6 3D23                   CMP/GE      R2,R13
    000000B8 890C                   BT          L22
    000000BA              L23:
    000000BA 62C6                   MOV.L       @R12+,R2
    000000BC 65E3                   MOV         R14,R5
    000000BE 6423                   MOV         R2,R4
    000000C0 D30E                   MOV.L       L25+2,R3   ; _ltoh
    000000C2 430B                   JSR         @R3
    000000C4 0009                   NOP
    000000C6 7E08                   ADD         #8,R14
    000000C8 7D01                   ADD         #1,R13
    000000CA 66B0                   MOV.B       @R11,R6
    000000CC 626C                   EXTU.B      R6,R2
    000000CE 622C                   EXTU.B      R2,R2
    000000D0 3D23                   CMP/GE      R2,R13
    000000D2 8BF2                   BF          L23
    000000D4              L22:
    000000D4 7901                   ADD         #1,R9
    000000D6 7B0C                   ADD         #12,R11
    000000D8 84A1                   MOV.B       @(1,R10),R0
    000000DA 6203                   MOV         R0,R2
    000000DC 662C                   EXTU.B      R2,R6
    000000DE 666C                   EXTU.B      R6,R6
    000000E0 3963                   CMP/GE      R6,R9
    000000E2 8BCD                   BF          L18
    000000E4              L17:
    000000E4 60E3                   MOV         R14,R0
    000000E6 7F14                   ADD         #20,R15
    000000E8 4F26                   LDS.L       @R15+,PR
    000000EA 6EF6                   MOV.L       @R15+,R14
    000000EC 6DF6                   MOV.L       @R15+,R13
    000000EE 6CF6                   MOV.L       @R15+,R12
    000000F0 6BF6                   MOV.L       @R15+,R11
    000000F2 6AF6                   MOV.L       @R15+,R10
    000000F4 69F6                   MOV.L       @R15+,R9
    000000F6 000B                   RTS
    000000F8 0009                   NOP
    000000FA              L25:
    000000FA 00000002               .RES.W      1
    000000FC <00000000>             .DATA.L     _ltoh
SH SERIES C/C++ Compiler (Ver. checker(2003.03.17))                                              10-Feb-2005 16:49:45  PAGE    1


******** STATISTICS INFORMATION ********


********** ERROR INFORMATION ***********

NUMBER OF ERRORS:           0
NUMBER OF WARNINGS:         0
NUMBER OF INFORMATIONS:     0



******* SOURCE LINE INFORMATION ********

COMPILED SOURCE LINE:       70



******* SECTION SIZE INFORMATION *******

PROGRAM  SECTION (P):                               00000100 Byte(s)
CONSTANT SECTION (C):                               00000000 Byte(s)
DATA     SECTION (D):                               00000000 Byte(s)
BSS      SECTION (B):                               00000000 Byte(s)

TOTAL PROGRAM  SECTION: 00000100 Byte(s)
TOTAL CONSTANT SECTION: 00000000 Byte(s)
TOTAL DATA     SECTION: 00000000 Byte(s)
TOTAL BSS      SECTION: 00000000 Byte(s)

    TOTAL PROGRAM SIZE: 00000100 Byte(s)



********** LABEL INFORMATION ***********

NUMBER OF EXTERNAL REFERENCE SYMBOLS:            1
NUMBER OF EXTERNAL DEFINITION SYMBOLS:           1
NUMBER OF INTERNAL/EXTERNAL SYMBOLS:            13
*** COMMAND PARAMETER ***


  -cpu=sh3 -op=0 -en=big -me -debug -comment=nest -l -def=DEBUG -i=P:\PRESTO2\SHINC,C:\usr\local\SH\7_1_1\include,P:\PRESTO2\NORTI_12\inc rzr160.c 

