SH SERIES C/C++ Compiler (Ver. checker(2003.03.17))                                              10-Feb-2005 16:49:46  PAGE    1

************ OBJECT LISTING ************

FILE NAME: rzr159.c

SCT OFFSET   CODE       C LABEL     INSTRUCTION OPERAND    COMMENT

P   00000000              _rz_scan_p_reject_parm:          ; function: rz_scan_p_reject_parm
                                                           ; frame size=32
    00000000 2FC6                   MOV.L       R12,@-R15
    00000002 2FD6                   MOV.L       R13,@-R15
    00000004 2FE6                   MOV.L       R14,@-R15
    00000006 4F22                   STS.L       PR,@-R15
    00000008 7FF0                   ADD         #-16,R15
    0000000A 6243                   MOV         R4,R2
    0000000C 8424                   MOV.B       @(4,R2),R0
    0000000E 6603                   MOV         R0,R6
    00000010 656C                   EXTU.B      R6,R5
    00000012 655C                   EXTU.B      R5,R5
    00000014 E339                   MOV         #57,R3     ; H'00000039
    00000016 3537                   CMP/GT      R3,R5
    00000018 8B07                   BF          L12
    0000001A 8424                   MOV.B       @(4,R2),R0
    0000001C 6603                   MOV         R0,R6
    0000001E 656C                   EXTU.B      R6,R5
    00000020 655C                   EXTU.B      R5,R5
    00000022 6453                   MOV         R5,R4
    00000024 74C9                   ADD         #-55,R4
    00000026 A006                   BRA         L13
    00000028 0009                   NOP
    0000002A              L12:
    0000002A 8424                   MOV.B       @(4,R2),R0
    0000002C 6503                   MOV         R0,R5
    0000002E 665C                   EXTU.B      R5,R6
    00000030 666C                   EXTU.B      R6,R6
    00000032 6463                   MOV         R6,R4
    00000034 74D0                   ADD         #-48,R4
    00000036              L13:
    00000036 6343                   MOV         R4,R3
    00000038 D140                   MOV.L       L25,R1     ; _rzr159s
    0000003A 2130                   MOV.B       R3,@R1
    0000003C 8425                   MOV.B       @(5,R2),R0
    0000003E 6503                   MOV         R0,R5
    00000040 665C                   EXTU.B      R5,R6
    00000042 666C                   EXTU.B      R6,R6
    00000044 E339                   MOV         #57,R3     ; H'00000039
    00000046 3637                   CMP/GT      R3,R6
    00000048 8B07                   BF          L15
    0000004A 8425                   MOV.B       @(5,R2),R0
    0000004C 6503                   MOV         R0,R5
    0000004E 665C                   EXTU.B      R5,R6
    00000050 666C                   EXTU.B      R6,R6
    00000052 6463                   MOV         R6,R4
    00000054 74C9                   ADD         #-55,R4
    00000056 A006                   BRA         L16
    00000058 0009                   NOP
    0000005A              L15:
    0000005A 8425                   MOV.B       @(5,R2),R0
    0000005C 6603                   MOV         R0,R6
    0000005E 656C                   EXTU.B      R6,R5
    00000060 655C                   EXTU.B      R5,R5
    00000062 6453                   MOV         R5,R4
    00000064 74D0                   ADD         #-48,R4
    00000066              L16:
    00000066 6343                   MOV         R4,R3
    00000068 D135                   MOV.L       L25+4,R1   ; H'00000001+_rzr159s
    0000006A 2130                   MOV.B       R3,@R1
    0000006C EC00                   MOV         #0,R12     ; H'00000000
    0000006E 7206                   ADD         #6,R2
    00000070 6D23                   MOV         R2,R13
    00000072 D333                   MOV.L       L25+4,R3   ; H'00000001+_rzr159s
    00000074 6330                   MOV.B       @R3,R3
    00000076 633C                   EXTU.B      R3,R3
    00000078 6433                   MOV         R3,R4
    0000007A 3C43                   CMP/GE      R4,R12
    0000007C 8955                   BT          L17
    0000007E              L18:
    0000007E 62D0                   MOV.B       @R13,R2
    00000080 662C                   EXTU.B      R2,R6
    00000082 666C                   EXTU.B      R6,R6
    00000084 E339                   MOV         #57,R3     ; H'00000039
    00000086 3637                   CMP/GT      R3,R6
    00000088 8B06                   BF          L20
    0000008A 66D0                   MOV.B       @R13,R6
    0000008C 626C                   EXTU.B      R6,R2
    0000008E 622C                   EXTU.B      R2,R2
    00000090 6423                   MOV         R2,R4
    00000092 74C9                   ADD         #-55,R4
    00000094 A005                   BRA         L21
    00000096 0009                   NOP
    00000098              L20:
    00000098 62D0                   MOV.B       @R13,R2
    0000009A 662C                   EXTU.B      R2,R6
    0000009C 666C                   EXTU.B      R6,R6
    0000009E 6463                   MOV         R6,R4
    000000A0 74D0                   ADD         #-48,R4
    000000A2              L21:
    000000A2 D528                   MOV.L       L25+8,R5   ; H'00000004+_rzr159s
    000000A4 62C3                   MOV         R12,R2
    000000A6 6623                   MOV         R2,R6
    000000A8 4208                   SHLL2       R2
    000000AA 4200                   SHLL        R2
    000000AC 4608                   SHLL2       R6
    000000AE 326C                   ADD         R6,R2
    000000B0 6023                   MOV         R2,R0
    000000B2 0544                   MOV.B       R4,@(R0,R5)
    000000B4 EE00                   MOV         #0,R14     ; H'00000000
    000000B6 62D3                   MOV         R13,R2
    000000B8 7201                   ADD         #1,R2
    000000BA 6D23                   MOV         R2,R13
    000000BC D521                   MOV.L       L25+8,R5   ; H'00000004+_rzr159s
    000000BE 62C3                   MOV         R12,R2
    000000C0 6623                   MOV         R2,R6
    000000C2 4208                   SHLL2       R2
    000000C4 4200                   SHLL        R2
    000000C6 4608                   SHLL2       R6
    000000C8 326C                   ADD         R6,R2
    000000CA 6023                   MOV         R2,R0
    000000CC 065C                   MOV.B       @(R0,R5),R6
    000000CE 646C                   EXTU.B      R6,R4
    000000D0 644C                   EXTU.B      R4,R4
    000000D2 3E43                   CMP/GE      R4,R14
    000000D4 8922                   BT          L22
    000000D6              L23:
    000000D6 64D3                   MOV         R13,R4
    000000D8 D31B                   MOV.L       L25+12,R3  ; _htol
    000000DA 430B                   JSR         @R3
    000000DC 0009                   NOP
    000000DE 6403                   MOV         R0,R4
    000000E0 6043                   MOV         R4,R0
    000000E2 6403                   MOV         R0,R4
    000000E4 D617                   MOV.L       L25+8,R6   ; H'00000004+_rzr159s
    000000E6 7604                   ADD         #4,R6
    000000E8 62C3                   MOV         R12,R2
    000000EA 6523                   MOV         R2,R5
    000000EC 4208                   SHLL2       R2
    000000EE 4200                   SHLL        R2
    000000F0 4508                   SHLL2       R5
    000000F2 325C                   ADD         R5,R2
    000000F4 65E3                   MOV         R14,R5
    000000F6 4508                   SHLL2       R5
    000000F8 325C                   ADD         R5,R2
    000000FA 6023                   MOV         R2,R0
    000000FC 0646                   MOV.L       R4,@(R0,R6)
    000000FE 7E01                   ADD         #1,R14
    00000100 7D08                   ADD         #8,R13
    00000102 D510                   MOV.L       L25+8,R5   ; H'00000004+_rzr159s
    00000104 62C3                   MOV         R12,R2
    00000106 6623                   MOV         R2,R6
    00000108 4208                   SHLL2       R2
    0000010A 4200                   SHLL        R2
    0000010C 4608                   SHLL2       R6
    0000010E 326C                   ADD         R6,R2
    00000110 6023                   MOV         R2,R0
    00000112 065C                   MOV.B       @(R0,R5),R6
    00000114 626C                   EXTU.B      R6,R2
    00000116 622C                   EXTU.B      R2,R2
    00000118 3E23                   CMP/GE      R2,R14
    0000011A 8BDC                   BF          L23
    0000011C              L22:
    0000011C 7C01                   ADD         #1,R12
    0000011E D308                   MOV.L       L25+4,R3   ; H'00000001+_rzr159s
    00000120 6330                   MOV.B       @R3,R3
    00000122 633C                   EXTU.B      R3,R3
    00000124 6233                   MOV         R3,R2
    00000126 3C23                   CMP/GE      R2,R12
    00000128 8BA9                   BF          L18
    0000012A              L17:
    0000012A E200                   MOV         #0,R2      ; H'00000000
    0000012C 6023                   MOV         R2,R0
    0000012E 7F10                   ADD         #16,R15
    00000130 4F26                   LDS.L       @R15+,PR
    00000132 6EF6                   MOV.L       @R15+,R14
    00000134 6DF6                   MOV.L       @R15+,R13
    00000136 6CF6                   MOV.L       @R15+,R12
    00000138 000B                   RTS
    0000013A 0009                   NOP
    0000013C              L25:
    0000013C <00000000>             .DATA.L     _rzr159s
    00000140 <00000001>             .DATA.L     H'00000001+_rzr159s
    00000144 <00000004>             .DATA.L     H'00000004+_rzr159s
    00000148 <00000000>             .DATA.L     _htol
B   00000000              _rzr159s:                        ; static: rzr159s
    00000000 00000004               .RES.L      25
SH SERIES C/C++ Compiler (Ver. checker(2003.03.17))                                              10-Feb-2005 16:49:46  PAGE    1


******** STATISTICS INFORMATION ********


********** ERROR INFORMATION ***********

NUMBER OF ERRORS:           0
NUMBER OF WARNINGS:         0
NUMBER OF INFORMATIONS:     0



******* SOURCE LINE INFORMATION ********

COMPILED SOURCE LINE:       67



******* SECTION SIZE INFORMATION *******

PROGRAM  SECTION (P):                               0000014C Byte(s)
CONSTANT SECTION (C):                               00000000 Byte(s)
DATA     SECTION (D):                               00000000 Byte(s)
BSS      SECTION (B):                               00000064 Byte(s)

TOTAL PROGRAM  SECTION: 0000014C Byte(s)
TOTAL CONSTANT SECTION: 00000000 Byte(s)
TOTAL DATA     SECTION: 00000000 Byte(s)
TOTAL BSS      SECTION: 00000064 Byte(s)

    TOTAL PROGRAM SIZE: 000001B0 Byte(s)



********** LABEL INFORMATION ***********

NUMBER OF EXTERNAL REFERENCE SYMBOLS:            1
NUMBER OF EXTERNAL DEFINITION SYMBOLS:           2
NUMBER OF INTERNAL/EXTERNAL SYMBOLS:            14
*** COMMAND PARAMETER ***


  -cpu=sh3 -op=0 -en=big -me -debug -comment=nest -l -def=DEBUG -i=P:\PRESTO2\SHINC,C:\usr\local\SH\7_1_1\include,P:\PRESTO2\NORTI_12\inc rzr159.c 

