SH SERIES C/C++ Compiler (Ver. checker(2003.03.17))                                              10-Feb-2005 16:49:54  PAGE    1

************ OBJECT LISTING ************

FILE NAME: rzr123.c

SCT OFFSET   CODE       C LABEL     INSTRUCTION OPERAND    COMMENT

P   00000000              _rz_scan_prec_dump:              ; function: rz_scan_prec_dump
                                                           ; frame size=28
    00000000 2FC6                   MOV.L       R12,@-R15
    00000002 2FD6                   MOV.L       R13,@-R15
    00000004 2FE6                   MOV.L       R14,@-R15
    00000006 4F22                   STS.L       PR,@-R15
    00000008 7FF4                   ADD         #-12,R15
    0000000A 8444                   MOV.B       @(4,R4),R0
    0000000C 6603                   MOV         R0,R6
    0000000E 626C                   EXTU.B      R6,R2
    00000010 622C                   EXTU.B      R2,R2
    00000012 E339                   MOV         #57,R3     ; H'00000039
    00000014 3237                   CMP/GT      R3,R2
    00000016 8B07                   BF          L12
    00000018 8444                   MOV.B       @(4,R4),R0
    0000001A 6203                   MOV         R0,R2
    0000001C 662C                   EXTU.B      R2,R6
    0000001E 666C                   EXTU.B      R6,R6
    00000020 6263                   MOV         R6,R2
    00000022 72C9                   ADD         #-55,R2
    00000024 A006                   BRA         L13
    00000026 0009                   NOP
    00000028              L12:
    00000028 8444                   MOV.B       @(4,R4),R0
    0000002A 6203                   MOV         R0,R2
    0000002C 662C                   EXTU.B      R2,R6
    0000002E 666C                   EXTU.B      R6,R6
    00000030 6263                   MOV         R6,R2
    00000032 72D0                   ADD         #-48,R2
    00000034              L13:
    00000034 6323                   MOV         R2,R3
    00000036 D11D                   MOV.L       L20+2,R1   ; _rzr123s
    00000038 2130                   MOV.B       R3,@R1
    0000003A 8445                   MOV.B       @(5,R4),R0
    0000003C 6603                   MOV         R0,R6
    0000003E 626C                   EXTU.B      R6,R2
    00000040 622C                   EXTU.B      R2,R2
    00000042 E339                   MOV         #57,R3     ; H'00000039
    00000044 3237                   CMP/GT      R3,R2
    00000046 8B07                   BF          L15
    00000048 8445                   MOV.B       @(5,R4),R0
    0000004A 6203                   MOV         R0,R2
    0000004C 662C                   EXTU.B      R2,R6
    0000004E 666C                   EXTU.B      R6,R6
    00000050 6263                   MOV         R6,R2
    00000052 72C9                   ADD         #-55,R2
    00000054 A006                   BRA         L16
    00000056 0009                   NOP
    00000058              L15:
    00000058 8445                   MOV.B       @(5,R4),R0
    0000005A 6203                   MOV         R0,R2
    0000005C 662C                   EXTU.B      R2,R6
    0000005E 666C                   EXTU.B      R6,R6
    00000060 6263                   MOV         R6,R2
    00000062 72D0                   ADD         #-48,R2
    00000064              L16:
    00000064 6323                   MOV         R2,R3
    00000066 D112                   MOV.L       L20+6,R1   ; H'00000001+_rzr123s
    00000068 2130                   MOV.B       R3,@R1
    0000006A D311                   MOV.L       L20+6,R3   ; H'00000001+_rzr123s
    0000006C 6330                   MOV.B       @R3,R3
    0000006E 6233                   MOV         R3,R2
    00000070 622C                   EXTU.B      R2,R2
    00000072 6C23                   MOV         R2,R12
    00000074 EE00                   MOV         #0,R14     ; H'00000000
    00000076 6D43                   MOV         R4,R13
    00000078 7D06                   ADD         #6,R13
    0000007A 3EC3                   CMP/GE      R12,R14
    0000007C 890C                   BT          L17
    0000007E              L18:
    0000007E 64D3                   MOV         R13,R4
    00000080 D30C                   MOV.L       L20+10,R3  ; _htoc
    00000082 430B                   JSR         @R3
    00000084 0009                   NOP
    00000086 6603                   MOV         R0,R6
    00000088 626C                   EXTU.B      R6,R2
    0000008A D60B                   MOV.L       L20+14,R6  ; H'00000002+_rzr123s
    0000008C 60E3                   MOV         R14,R0
    0000008E 0624                   MOV.B       R2,@(R0,R6)
    00000090 7D02                   ADD         #2,R13
    00000092 7E01                   ADD         #1,R14
    00000094 3EC3                   CMP/GE      R12,R14
    00000096 8BF2                   BF          L18
    00000098              L17:
    00000098 E200                   MOV         #0,R2      ; H'00000000
    0000009A 6023                   MOV         R2,R0
    0000009C 7F0C                   ADD         #12,R15
    0000009E 4F26                   LDS.L       @R15+,PR
    000000A0 6EF6                   MOV.L       @R15+,R14
    000000A2 6DF6                   MOV.L       @R15+,R13
    000000A4 6CF6                   MOV.L       @R15+,R12
    000000A6 000B                   RTS
    000000A8 0009                   NOP
    000000AA              L20:
    000000AA 00000002               .RES.W      1
    000000AC <00000000>             .DATA.L     _rzr123s
    000000B0 <00000001>             .DATA.L     H'00000001+_rzr123s
    000000B4 <00000000>             .DATA.L     _htoc
    000000B8 <00000002>             .DATA.L     H'00000002+_rzr123s
B   00000000              _rzr123s:                        ; static: rzr123s
    00000000 00000001               .RES.B      10
SH SERIES C/C++ Compiler (Ver. checker(2003.03.17))                                              10-Feb-2005 16:49:54  PAGE    1


******** STATISTICS INFORMATION ********


********** ERROR INFORMATION ***********

NUMBER OF ERRORS:           0
NUMBER OF WARNINGS:         0
NUMBER OF INFORMATIONS:     0



******* SOURCE LINE INFORMATION ********

COMPILED SOURCE LINE:       63



******* SECTION SIZE INFORMATION *******

PROGRAM  SECTION (P):                               000000BC Byte(s)
CONSTANT SECTION (C):                               00000000 Byte(s)
DATA     SECTION (D):                               00000000 Byte(s)
BSS      SECTION (B):                               0000000A Byte(s)

TOTAL PROGRAM  SECTION: 000000BC Byte(s)
TOTAL CONSTANT SECTION: 00000000 Byte(s)
TOTAL DATA     SECTION: 00000000 Byte(s)
TOTAL BSS      SECTION: 0000000A Byte(s)

    TOTAL PROGRAM SIZE: 000000C6 Byte(s)



********** LABEL INFORMATION ***********

NUMBER OF EXTERNAL REFERENCE SYMBOLS:            1
NUMBER OF EXTERNAL DEFINITION SYMBOLS:           2
NUMBER OF INTERNAL/EXTERNAL SYMBOLS:            10
*** COMMAND PARAMETER ***


  -cpu=sh3 -op=0 -en=big -me -debug -comment=nest -l -def=DEBUG -i=P:\PRESTO2\SHINC,C:\usr\local\SH\7_1_1\include,P:\PRESTO2\NORTI_12\inc rzr123.c 

