SH SERIES C/C++ Compiler (Ver. checker(2003.03.17))                                              10-Feb-2005 16:49:38  PAGE    1

************ OBJECT LISTING ************

FILE NAME: rzr219.c

SCT OFFSET   CODE       C LABEL     INSTRUCTION OPERAND    COMMENT

P   00000000              _rz_scan_df_time:                ; function: rz_scan_df_time
                                                           ; frame size=28
    00000000 2FC6                   MOV.L       R12,@-R15
    00000002 2FD6                   MOV.L       R13,@-R15
    00000004 2FE6                   MOV.L       R14,@-R15
    00000006 4F22                   STS.L       PR,@-R15
    00000008 7FF4                   ADD         #-12,R15
    0000000A 8444                   MOV.B       @(4,R4),R0
    0000000C 6203                   MOV         R0,R2
    0000000E 662C                   EXTU.B      R2,R6
    00000010 666C                   EXTU.B      R6,R6
    00000012 E339                   MOV         #57,R3     ; H'00000039
    00000014 3637                   CMP/GT      R3,R6
    00000016 8B07                   BF          L12
    00000018 8444                   MOV.B       @(4,R4),R0
    0000001A 6203                   MOV         R0,R2
    0000001C 662C                   EXTU.B      R2,R6
    0000001E 666C                   EXTU.B      R6,R6
    00000020 6263                   MOV         R6,R2
    00000022 72C9                   ADD         #-55,R2
    00000024 A006                   BRA         L13
    00000026 0009                   NOP
    00000028              L12:
    00000028 8444                   MOV.B       @(4,R4),R0
    0000002A 6203                   MOV         R0,R2
    0000002C 662C                   EXTU.B      R2,R6
    0000002E 666C                   EXTU.B      R6,R6
    00000030 6263                   MOV         R6,R2
    00000032 72D0                   ADD         #-48,R2
    00000034              L13:
    00000034 6323                   MOV         R2,R3
    00000036 D126                   MOV.L       L20+2,R1   ; _rzr219s
    00000038 2130                   MOV.B       R3,@R1
    0000003A 8445                   MOV.B       @(5,R4),R0
    0000003C 6603                   MOV         R0,R6
    0000003E 626C                   EXTU.B      R6,R2
    00000040 622C                   EXTU.B      R2,R2
    00000042 E339                   MOV         #57,R3     ; H'00000039
    00000044 3237                   CMP/GT      R3,R2
    00000046 8B07                   BF          L15
    00000048 8445                   MOV.B       @(5,R4),R0
    0000004A 6203                   MOV         R0,R2
    0000004C 662C                   EXTU.B      R2,R6
    0000004E 666C                   EXTU.B      R6,R6
    00000050 6263                   MOV         R6,R2
    00000052 72C9                   ADD         #-55,R2
    00000054 A005                   BRA         L16
    00000056 0009                   NOP
    00000058              L15:
    00000058 8445                   MOV.B       @(5,R4),R0
    0000005A 6603                   MOV         R0,R6
    0000005C 626C                   EXTU.B      R6,R2
    0000005E 622C                   EXTU.B      R2,R2
    00000060 72D0                   ADD         #-48,R2
    00000062              L16:
    00000062 6323                   MOV         R2,R3
    00000064 D11B                   MOV.L       L20+6,R1   ; H'00000001+_rzr219s
    00000066 2130                   MOV.B       R3,@R1
    00000068 6E43                   MOV         R4,R14
    0000006A 7E06                   ADD         #6,R14
    0000006C D319                   MOV.L       L20+6,R3   ; H'00000001+_rzr219s
    0000006E 6330                   MOV.B       @R3,R3
    00000070 633C                   EXTU.B      R3,R3
    00000072 6D33                   MOV         R3,R13
    00000074 D316                   MOV.L       L20+2,R3   ; _rzr219s
    00000076 6330                   MOV.B       @R3,R3
    00000078 633C                   EXTU.B      R3,R3
    0000007A 6233                   MOV         R3,R2
    0000007C 72FF                   ADD         #-1,R2
    0000007E 6C23                   MOV         R2,R12
    00000080 2DD8                   TST         R13,R13
    00000082 891B                   BT          L17
    00000084              L18:
    00000084 64E3                   MOV         R14,R4
    00000086 D314                   MOV.L       L20+10,R3  ; _htoc
    00000088 430B                   JSR         @R3
    0000008A 0009                   NOP
    0000008C 6203                   MOV         R0,R2
    0000008E 662C                   EXTU.B      R2,R6
    00000090 D512                   MOV.L       L20+14,R5  ; H'00000002+_rzr219s
    00000092 62C3                   MOV         R12,R2
    00000094 4200                   SHLL        R2
    00000096 6023                   MOV         R2,R0
    00000098 0564                   MOV.B       R6,@(R0,R5)
    0000009A 7E02                   ADD         #2,R14
    0000009C 64E3                   MOV         R14,R4
    0000009E D30E                   MOV.L       L20+10,R3  ; _htoc
    000000A0 430B                   JSR         @R3
    000000A2 0009                   NOP
    000000A4 6203                   MOV         R0,R2
    000000A6 652C                   EXTU.B      R2,R5
    000000A8 D20C                   MOV.L       L20+14,R2  ; H'00000002+_rzr219s
    000000AA 7201                   ADD         #1,R2
    000000AC 66C3                   MOV         R12,R6
    000000AE 4600                   SHLL        R6
    000000B0 6063                   MOV         R6,R0
    000000B2 0254                   MOV.B       R5,@(R0,R2)
    000000B4 7E02                   ADD         #2,R14
    000000B6 4D10                   DT          R13
    000000B8 7C01                   ADD         #1,R12
    000000BA 8BE3                   BF          L18
    000000BC              L17:
    000000BC E200                   MOV         #0,R2      ; H'00000000
    000000BE 6023                   MOV         R2,R0
    000000C0 7F0C                   ADD         #12,R15
    000000C2 4F26                   LDS.L       @R15+,PR
    000000C4 6EF6                   MOV.L       @R15+,R14
    000000C6 6DF6                   MOV.L       @R15+,R13
    000000C8 6CF6                   MOV.L       @R15+,R12
    000000CA 000B                   RTS
    000000CC 0009                   NOP
    000000CE              L20:
    000000CE 00000002               .RES.W      1
    000000D0 <00000000>             .DATA.L     _rzr219s
    000000D4 <00000001>             .DATA.L     H'00000001+_rzr219s
    000000D8 <00000000>             .DATA.L     _htoc
    000000DC <00000002>             .DATA.L     H'00000002+_rzr219s
B   00000000              _rzr219s:                        ; static: rzr219s
    00000000 00000001               .RES.B      18
SH SERIES C/C++ Compiler (Ver. checker(2003.03.17))                                              10-Feb-2005 16:49:38  PAGE    1


******** STATISTICS INFORMATION ********


********** ERROR INFORMATION ***********

NUMBER OF ERRORS:           0
NUMBER OF WARNINGS:         0
NUMBER OF INFORMATIONS:     0



******* SOURCE LINE INFORMATION ********

COMPILED SOURCE LINE:       68



******* SECTION SIZE INFORMATION *******

PROGRAM  SECTION (P):                               000000E0 Byte(s)
CONSTANT SECTION (C):                               00000000 Byte(s)
DATA     SECTION (D):                               00000000 Byte(s)
BSS      SECTION (B):                               00000012 Byte(s)

TOTAL PROGRAM  SECTION: 000000E0 Byte(s)
TOTAL CONSTANT SECTION: 00000000 Byte(s)
TOTAL DATA     SECTION: 00000000 Byte(s)
TOTAL BSS      SECTION: 00000012 Byte(s)

    TOTAL PROGRAM SIZE: 000000F2 Byte(s)



********** LABEL INFORMATION ***********

NUMBER OF EXTERNAL REFERENCE SYMBOLS:            1
NUMBER OF EXTERNAL DEFINITION SYMBOLS:           2
NUMBER OF INTERNAL/EXTERNAL SYMBOLS:            10
*** COMMAND PARAMETER ***


  -cpu=sh3 -op=0 -en=big -me -debug -comment=nest -l -def=DEBUG -i=P:\PRESTO2\SHINC,C:\usr\local\SH\7_1_1\include,P:\PRESTO2\NORTI_12\inc rzr219.c 

