SH SERIES C/C++ Compiler (Ver. checker(2003.03.17))                                              10-Feb-2005 16:49:34  PAGE    1

************ OBJECT LISTING ************

FILE NAME: rzr224.c

SCT OFFSET   CODE       C LABEL     INSTRUCTION OPERAND    COMMENT

P   00000000              _rz_print_avg_parm:              ; function: rz_print_avg_parm
                                                           ; frame size=12
    00000000 2FD6                   MOV.L       R13,@-R15
    00000002 2FE6                   MOV.L       R14,@-R15
    00000004 4F22                   STS.L       PR,@-R15
    00000006 6D53                   MOV         R5,R13
    00000008 6E43                   MOV         R4,R14
    0000000A 62D0                   MOV.B       @R13,R2
    0000000C 642C                   EXTU.B      R2,R4
    0000000E 65E3                   MOV         R14,R5
    00000010 7504                   ADD         #4,R5
    00000012 644C                   EXTU.B      R4,R4
    00000014 D309                   MOV.L       L12,R3     ; _ctoh
    00000016 430B                   JSR         @R3
    00000018 0009                   NOP
    0000001A 84D1                   MOV.B       @(1,R13),R0
    0000001C 6203                   MOV         R0,R2
    0000001E 642C                   EXTU.B      R2,R4
    00000020 65E3                   MOV         R14,R5
    00000022 7506                   ADD         #6,R5
    00000024 644C                   EXTU.B      R4,R4
    00000026 D305                   MOV.L       L12,R3     ; _ctoh
    00000028 430B                   JSR         @R3
    0000002A 0009                   NOP
    0000002C 7E08                   ADD         #8,R14
    0000002E 62E3                   MOV         R14,R2
    00000030 6023                   MOV         R2,R0
    00000032 4F26                   LDS.L       @R15+,PR
    00000034 6EF6                   MOV.L       @R15+,R14
    00000036 6DF6                   MOV.L       @R15+,R13
    00000038 000B                   RTS
    0000003A 0009                   NOP
    0000003C              L12:
    0000003C <00000000>             .DATA.L     _ctoh
SH SERIES C/C++ Compiler (Ver. checker(2003.03.17))                                              10-Feb-2005 16:49:34  PAGE    1


******** STATISTICS INFORMATION ********


********** ERROR INFORMATION ***********

NUMBER OF ERRORS:           0
NUMBER OF WARNINGS:         0
NUMBER OF INFORMATIONS:     0



******* SOURCE LINE INFORMATION ********

COMPILED SOURCE LINE:       56



******* SECTION SIZE INFORMATION *******

PROGRAM  SECTION (P):                               00000040 Byte(s)
CONSTANT SECTION (C):                               00000000 Byte(s)
DATA     SECTION (D):                               00000000 Byte(s)
BSS      SECTION (B):                               00000000 Byte(s)

TOTAL PROGRAM  SECTION: 00000040 Byte(s)
TOTAL CONSTANT SECTION: 00000000 Byte(s)
TOTAL DATA     SECTION: 00000000 Byte(s)
TOTAL BSS      SECTION: 00000000 Byte(s)

    TOTAL PROGRAM SIZE: 00000040 Byte(s)



********** LABEL INFORMATION ***********

NUMBER OF EXTERNAL REFERENCE SYMBOLS:            1
NUMBER OF EXTERNAL DEFINITION SYMBOLS:           1
NUMBER OF INTERNAL/EXTERNAL SYMBOLS:             3
*** COMMAND PARAMETER ***


  -cpu=sh3 -op=0 -en=big -me -debug -comment=nest -l -def=DEBUG -i=P:\PRESTO2\SHINC,C:\usr\local\SH\7_1_1\include,P:\PRESTO2\NORTI_12\inc rzr224.c 

