SH SERIES C/C++ Compiler (Ver. checker(2003.03.17))                                              10-Feb-2005 16:49:39  PAGE    1

************ OBJECT LISTING ************

FILE NAME: rzr218.c

SCT OFFSET   CODE       C LABEL     INSTRUCTION OPERAND    COMMENT

P   00000000              _rz_print_parent_tmg:            ; function: rz_print_parent_tmg
                                                           ; frame size=48
    00000000 2F96                   MOV.L       R9,@-R15
    00000002 2FA6                   MOV.L       R10,@-R15
    00000004 2FB6                   MOV.L       R11,@-R15
    00000006 2FC6                   MOV.L       R12,@-R15
    00000008 2FD6                   MOV.L       R13,@-R15
    0000000A 2FE6                   MOV.L       R14,@-R15
    0000000C 4F22                   STS.L       PR,@-R15
    0000000E 7FEC                   ADD         #-20,R15
    00000010 6953                   MOV         R5,R9
    00000012 6243                   MOV         R4,R2
    00000014 7204                   ADD         #4,R2
    00000016 6E23                   MOV         R2,R14
    00000018 6690                   MOV.B       @R9,R6
    0000001A 626C                   EXTU.B      R6,R2
    0000001C 622C                   EXTU.B      R2,R2
    0000001E E309                   MOV         #9,R3      ; H'00000009
    00000020 3237                   CMP/GT      R3,R2
    00000022 8B06                   BF          L12
    00000024 6290                   MOV.B       @R9,R2
    00000026 662C                   EXTU.B      R2,R6
    00000028 666C                   EXTU.B      R6,R6
    0000002A 6263                   MOV         R6,R2
    0000002C 7237                   ADD         #55,R2
    0000002E A005                   BRA         L13
    00000030 0009                   NOP
    00000032              L12:
    00000032 6290                   MOV.B       @R9,R2
    00000034 662C                   EXTU.B      R2,R6
    00000036 666C                   EXTU.B      R6,R6
    00000038 6263                   MOV         R6,R2
    0000003A 7230                   ADD         #48,R2
    0000003C              L13:
    0000003C 2E20                   MOV.B       R2,@R14
    0000003E 7E01                   ADD         #1,R14
    00000040 EA00                   MOV         #0,R10     ; H'00000000
    00000042 6B93                   MOV         R9,R11
    00000044 7B01                   ADD         #1,R11
    00000046 6690                   MOV.B       @R9,R6
    00000048 626C                   EXTU.B      R6,R2
    0000004A 622C                   EXTU.B      R2,R2
    0000004C 3A23                   CMP/GE      R2,R10
    0000004E 8930                   BT          L14
    00000050              L15:
    00000050 66B0                   MOV.B       @R11,R6
    00000052 626C                   EXTU.B      R6,R2
    00000054 622C                   EXTU.B      R2,R2
    00000056 E309                   MOV         #9,R3      ; H'00000009
    00000058 3237                   CMP/GT      R3,R2
    0000005A 8B06                   BF          L17
    0000005C 62B0                   MOV.B       @R11,R2
    0000005E 662C                   EXTU.B      R2,R6
    00000060 666C                   EXTU.B      R6,R6
    00000062 6263                   MOV         R6,R2
    00000064 7237                   ADD         #55,R2
    00000066 A005                   BRA         L18
    00000068 0009                   NOP
    0000006A              L17:
    0000006A 62B0                   MOV.B       @R11,R2
    0000006C 662C                   EXTU.B      R2,R6
    0000006E 666C                   EXTU.B      R6,R6
    00000070 6263                   MOV         R6,R2
    00000072 7230                   ADD         #48,R2
    00000074              L18:
    00000074 2E20                   MOV.B       R2,@R14
    00000076 7E01                   ADD         #1,R14
    00000078 ED00                   MOV         #0,R13     ; H'00000000
    0000007A 6CB3                   MOV         R11,R12
    0000007C 7C01                   ADD         #1,R12
    0000007E 66B0                   MOV.B       @R11,R6
    00000080 626C                   EXTU.B      R6,R2
    00000082 622C                   EXTU.B      R2,R2
    00000084 3D23                   CMP/GE      R2,R13
    00000086 890D                   BT          L19
    00000088              L20:
    00000088 62C4                   MOV.B       @R12+,R2
    0000008A 642C                   EXTU.B      R2,R4
    0000008C 65E3                   MOV         R14,R5
    0000008E 644C                   EXTU.B      R4,R4
    00000090 D30D                   MOV.L       L22,R3     ; _ctoh
    00000092 430B                   JSR         @R3
    00000094 0009                   NOP
    00000096 7E02                   ADD         #2,R14
    00000098 7D01                   ADD         #1,R13
    0000009A 62B0                   MOV.B       @R11,R2
    0000009C 662C                   EXTU.B      R2,R6
    0000009E 666C                   EXTU.B      R6,R6
    000000A0 3D63                   CMP/GE      R6,R13
    000000A2 8BF1                   BF          L20
    000000A4              L19:
    000000A4 7A01                   ADD         #1,R10
    000000A6 7B03                   ADD         #3,R11
    000000A8 6290                   MOV.B       @R9,R2
    000000AA 662C                   EXTU.B      R2,R6
    000000AC 666C                   EXTU.B      R6,R6
    000000AE 3A63                   CMP/GE      R6,R10
    000000B0 8BCE                   BF          L15
    000000B2              L14:
    000000B2 60E3                   MOV         R14,R0
    000000B4 7F14                   ADD         #20,R15
    000000B6 4F26                   LDS.L       @R15+,PR
    000000B8 6EF6                   MOV.L       @R15+,R14
    000000BA 6DF6                   MOV.L       @R15+,R13
    000000BC 6CF6                   MOV.L       @R15+,R12
    000000BE 6BF6                   MOV.L       @R15+,R11
    000000C0 6AF6                   MOV.L       @R15+,R10
    000000C2 69F6                   MOV.L       @R15+,R9
    000000C4 000B                   RTS
    000000C6 0009                   NOP
    000000C8              L22:
    000000C8 <00000000>             .DATA.L     _ctoh
SH SERIES C/C++ Compiler (Ver. checker(2003.03.17))                                              10-Feb-2005 16:49:39  PAGE    1


******** STATISTICS INFORMATION ********


********** ERROR INFORMATION ***********

NUMBER OF ERRORS:           0
NUMBER OF WARNINGS:         0
NUMBER OF INFORMATIONS:     0



******* SOURCE LINE INFORMATION ********

COMPILED SOURCE LINE:       70



******* SECTION SIZE INFORMATION *******

PROGRAM  SECTION (P):                               000000CC Byte(s)
CONSTANT SECTION (C):                               00000000 Byte(s)
DATA     SECTION (D):                               00000000 Byte(s)
BSS      SECTION (B):                               00000000 Byte(s)

TOTAL PROGRAM  SECTION: 000000CC Byte(s)
TOTAL CONSTANT SECTION: 00000000 Byte(s)
TOTAL DATA     SECTION: 00000000 Byte(s)
TOTAL BSS      SECTION: 00000000 Byte(s)

    TOTAL PROGRAM SIZE: 000000CC Byte(s)



********** LABEL INFORMATION ***********

NUMBER OF EXTERNAL REFERENCE SYMBOLS:            1
NUMBER OF EXTERNAL DEFINITION SYMBOLS:           1
NUMBER OF INTERNAL/EXTERNAL SYMBOLS:            11
*** COMMAND PARAMETER ***


  -cpu=sh3 -op=0 -en=big -me -debug -comment=nest -l -def=DEBUG -i=P:\PRESTO2\SHINC,C:\usr\local\SH\7_1_1\include,P:\PRESTO2\NORTI_12\inc rzr218.c 

