SH SERIES C/C++ Compiler (Ver. checker(2003.03.17))                                              10-Feb-2005 16:49:31  PAGE    1

************ OBJECT LISTING ************

FILE NAME: rzr260.c

SCT OFFSET   CODE       C LABEL     INSTRUCTION OPERAND    COMMENT

P   00000000              _rz_print_pandc_ext_parm:        ; function: rz_print_pandc_ext_parm
                                                           ; frame size=48
    00000000 2F96                   MOV.L       R9,@-R15
    00000002 2FA6                   MOV.L       R10,@-R15
    00000004 2FB6                   MOV.L       R11,@-R15
    00000006 2FC6                   MOV.L       R12,@-R15
    00000008 2FD6                   MOV.L       R13,@-R15
    0000000A 2FE6                   MOV.L       R14,@-R15
    0000000C 4F22                   STS.L       PR,@-R15
    0000000E 7FEC                   ADD         #-20,R15
    00000010 6A53                   MOV         R5,R10
    00000012 62A0                   MOV.B       @R10,R2
    00000014 662C                   EXTU.B      R2,R6
    00000016 666C                   EXTU.B      R6,R6
    00000018 E309                   MOV         #9,R3      ; H'00000009
    0000001A 3637                   CMP/GT      R3,R6
    0000001C 8B06                   BF          L12
    0000001E 62A0                   MOV.B       @R10,R2
    00000020 662C                   EXTU.B      R2,R6
    00000022 666C                   EXTU.B      R6,R6
    00000024 6263                   MOV         R6,R2
    00000026 7237                   ADD         #55,R2
    00000028 A005                   BRA         L13
    0000002A 0009                   NOP
    0000002C              L12:
    0000002C 62A0                   MOV.B       @R10,R2
    0000002E 662C                   EXTU.B      R2,R6
    00000030 666C                   EXTU.B      R6,R6
    00000032 6263                   MOV         R6,R2
    00000034 7230                   ADD         #48,R2
    00000036              L13:
    00000036 6023                   MOV         R2,R0
    00000038 8044                   MOV.B       R0,@(4,R4)
    0000003A 84A1                   MOV.B       @(1,R10),R0
    0000003C 6203                   MOV         R0,R2
    0000003E 662C                   EXTU.B      R2,R6
    00000040 666C                   EXTU.B      R6,R6
    00000042 E309                   MOV         #9,R3      ; H'00000009
    00000044 3637                   CMP/GT      R3,R6
    00000046 8B07                   BF          L15
    00000048 84A1                   MOV.B       @(1,R10),R0
    0000004A 6203                   MOV         R0,R2
    0000004C 662C                   EXTU.B      R2,R6
    0000004E 666C                   EXTU.B      R6,R6
    00000050 6263                   MOV         R6,R2
    00000052 7237                   ADD         #55,R2
    00000054 A006                   BRA         L16
    00000056 0009                   NOP
    00000058              L15:
    00000058 84A1                   MOV.B       @(1,R10),R0
    0000005A 6203                   MOV         R0,R2
    0000005C 662C                   EXTU.B      R2,R6
    0000005E 666C                   EXTU.B      R6,R6
    00000060 6263                   MOV         R6,R2
    00000062 7230                   ADD         #48,R2
    00000064              L16:
    00000064 6023                   MOV         R2,R0
    00000066 8045                   MOV.B       R0,@(5,R4)
    00000068 7406                   ADD         #6,R4
    0000006A 6E43                   MOV         R4,R14
    0000006C E900                   MOV         #0,R9      ; H'00000000
    0000006E 6BA3                   MOV         R10,R11
    00000070 7B04                   ADD         #4,R11
    00000072 84A1                   MOV.B       @(1,R10),R0
    00000074 6203                   MOV         R0,R2
    00000076 662C                   EXTU.B      R2,R6
    00000078 666C                   EXTU.B      R6,R6
    0000007A 6263                   MOV         R6,R2
    0000007C 3923                   CMP/GE      R2,R9
    0000007E 8968                   BT          L17
    00000080              L18:
    00000080 62B0                   MOV.B       @R11,R2
    00000082 662C                   EXTU.B      R2,R6
    00000084 666C                   EXTU.B      R6,R6
    00000086 E309                   MOV         #9,R3      ; H'00000009
    00000088 3637                   CMP/GT      R3,R6
    0000008A 8B06                   BF          L20
    0000008C 62B0                   MOV.B       @R11,R2
    0000008E 662C                   EXTU.B      R2,R6
    00000090 666C                   EXTU.B      R6,R6
    00000092 6263                   MOV         R6,R2
    00000094 7237                   ADD         #55,R2
    00000096 A005                   BRA         L21
    00000098 0009                   NOP
    0000009A              L20:
    0000009A 62B0                   MOV.B       @R11,R2
    0000009C 662C                   EXTU.B      R2,R6
    0000009E 666C                   EXTU.B      R6,R6
    000000A0 6263                   MOV         R6,R2
    000000A2 7230                   ADD         #48,R2
    000000A4              L21:
    000000A4 2E20                   MOV.B       R2,@R14
    000000A6 7E01                   ADD         #1,R14
    000000A8 84B1                   MOV.B       @(1,R11),R0
    000000AA 6203                   MOV         R0,R2
    000000AC 662C                   EXTU.B      R2,R6
    000000AE 666C                   EXTU.B      R6,R6
    000000B0 E309                   MOV         #9,R3      ; H'00000009
    000000B2 3637                   CMP/GT      R3,R6
    000000B4 8B07                   BF          L23
    000000B6 84B1                   MOV.B       @(1,R11),R0
    000000B8 6203                   MOV         R0,R2
    000000BA 662C                   EXTU.B      R2,R6
    000000BC 666C                   EXTU.B      R6,R6
    000000BE 6263                   MOV         R6,R2
    000000C0 7237                   ADD         #55,R2
    000000C2 A006                   BRA         L24
    000000C4 0009                   NOP
    000000C6              L23:
    000000C6 84B1                   MOV.B       @(1,R11),R0
    000000C8 6203                   MOV         R0,R2
    000000CA 662C                   EXTU.B      R2,R6
    000000CC 666C                   EXTU.B      R6,R6
    000000CE 6263                   MOV         R6,R2
    000000D0 7230                   ADD         #48,R2
    000000D2              L24:
    000000D2 2E20                   MOV.B       R2,@R14
    000000D4 7E01                   ADD         #1,R14
    000000D6 EC00                   MOV         #0,R12     ; H'00000000
    000000D8 6DB3                   MOV         R11,R13
    000000DA 7D04                   ADD         #4,R13
    000000DC 66B0                   MOV.B       @R11,R6
    000000DE 626C                   EXTU.B      R6,R2
    000000E0 622C                   EXTU.B      R2,R2
    000000E2 3C23                   CMP/GE      R2,R12
    000000E4 892D                   BT          L25
    000000E6              L26:
    000000E6 62D2                   MOV.L       @R13,R2
    000000E8 E309                   MOV         #9,R3      ; H'00000009
    000000EA 3237                   CMP/GT      R3,R2
    000000EC 8B03                   BF          L28
    000000EE 62D2                   MOV.L       @R13,R2
    000000F0 7237                   ADD         #55,R2
    000000F2 A002                   BRA         L29
    000000F4 0009                   NOP
    000000F6              L28:
    000000F6 62D2                   MOV.L       @R13,R2
    000000F8 7230                   ADD         #48,R2
    000000FA              L29:
    000000FA 2E20                   MOV.B       R2,@R14
    000000FC 7E01                   ADD         #1,R14
    000000FE 84D4                   MOV.B       @(4,R13),R0
    00000100 6203                   MOV         R0,R2
    00000102 642C                   EXTU.B      R2,R4
    00000104 65E3                   MOV         R14,R5
    00000106 644C                   EXTU.B      R4,R4
    00000108 D317                   MOV.L       L31,R3     ; _ctoh
    0000010A 430B                   JSR         @R3
    0000010C 0009                   NOP
    0000010E 7E02                   ADD         #2,R14
    00000110 84D5                   MOV.B       @(5,R13),R0
    00000112 6203                   MOV         R0,R2
    00000114 642C                   EXTU.B      R2,R4
    00000116 65E3                   MOV         R14,R5
    00000118 644C                   EXTU.B      R4,R4
    0000011A D313                   MOV.L       L31,R3     ; _ctoh
    0000011C 430B                   JSR         @R3
    0000011E 0009                   NOP
    00000120 7E02                   ADD         #2,R14
    00000122 84D6                   MOV.B       @(6,R13),R0
    00000124 6203                   MOV         R0,R2
    00000126 642C                   EXTU.B      R2,R4
    00000128 65E3                   MOV         R14,R5
    0000012A 644C                   EXTU.B      R4,R4
    0000012C D30E                   MOV.L       L31,R3     ; _ctoh
    0000012E 430B                   JSR         @R3
    00000130 0009                   NOP
    00000132 7E02                   ADD         #2,R14
    00000134 7C01                   ADD         #1,R12
    00000136 7D08                   ADD         #8,R13
    00000138 62B0                   MOV.B       @R11,R2
    0000013A 662C                   EXTU.B      R2,R6
    0000013C 666C                   EXTU.B      R6,R6
    0000013E 3C63                   CMP/GE      R6,R12
    00000140 8BD1                   BF          L26
    00000142              L25:
    00000142 7901                   ADD         #1,R9
    00000144 7B14                   ADD         #20,R11
    00000146 84A1                   MOV.B       @(1,R10),R0
    00000148 6603                   MOV         R0,R6
    0000014A 626C                   EXTU.B      R6,R2
    0000014C 622C                   EXTU.B      R2,R2
    0000014E 3923                   CMP/GE      R2,R9
    00000150 8B96                   BF          L18
    00000152              L17:
    00000152 60E3                   MOV         R14,R0
    00000154 7F14                   ADD         #20,R15
    00000156 4F26                   LDS.L       @R15+,PR
    00000158 6EF6                   MOV.L       @R15+,R14
    0000015A 6DF6                   MOV.L       @R15+,R13
    0000015C 6CF6                   MOV.L       @R15+,R12
    0000015E 6BF6                   MOV.L       @R15+,R11
    00000160 6AF6                   MOV.L       @R15+,R10
    00000162 69F6                   MOV.L       @R15+,R9
    00000164 000B                   RTS
    00000166 0009                   NOP
    00000168              L31:
    00000168 <00000000>             .DATA.L     _ctoh
SH SERIES C/C++ Compiler (Ver. checker(2003.03.17))                                              10-Feb-2005 16:49:31  PAGE    1


******** STATISTICS INFORMATION ********


********** ERROR INFORMATION ***********

NUMBER OF ERRORS:           0
NUMBER OF WARNINGS:         0
NUMBER OF INFORMATIONS:     0



******* SOURCE LINE INFORMATION ********

COMPILED SOURCE LINE:       78



******* SECTION SIZE INFORMATION *******

PROGRAM  SECTION (P):                               0000016C Byte(s)
CONSTANT SECTION (C):                               00000000 Byte(s)
DATA     SECTION (D):                               00000000 Byte(s)
BSS      SECTION (B):                               00000000 Byte(s)

TOTAL PROGRAM  SECTION: 0000016C Byte(s)
TOTAL CONSTANT SECTION: 00000000 Byte(s)
TOTAL DATA     SECTION: 00000000 Byte(s)
TOTAL BSS      SECTION: 00000000 Byte(s)

    TOTAL PROGRAM SIZE: 0000016C Byte(s)



********** LABEL INFORMATION ***********

NUMBER OF EXTERNAL REFERENCE SYMBOLS:            1
NUMBER OF EXTERNAL DEFINITION SYMBOLS:           1
NUMBER OF INTERNAL/EXTERNAL SYMBOLS:            17
*** COMMAND PARAMETER ***


  -cpu=sh3 -op=0 -en=big -me -debug -comment=nest -l -def=DEBUG -i=P:\PRESTO2\SHINC,C:\usr\local\SH\7_1_1\include,P:\PRESTO2\NORTI_12\inc rzr260.c 

