SH SERIES C/C++ Compiler (Ver. checker(2003.03.17))                                              10-Feb-2005 16:49:32  PAGE    1

************ OBJECT LISTING ************

FILE NAME: rzr259.c

SCT OFFSET   CODE       C LABEL     INSTRUCTION OPERAND    COMMENT

P   00000000              _rz_scan_pandc_ext_parm:         ; function: rz_scan_pandc_ext_parm
                                                           ; frame size=32
    00000000 2FC6                   MOV.L       R12,@-R15
    00000002 2FD6                   MOV.L       R13,@-R15
    00000004 2FE6                   MOV.L       R14,@-R15
    00000006 4F22                   STS.L       PR,@-R15
    00000008 7FF0                   ADD         #-16,R15
    0000000A 8444                   MOV.B       @(4,R4),R0
    0000000C 6603                   MOV         R0,R6
    0000000E 626C                   EXTU.B      R6,R2
    00000010 622C                   EXTU.B      R2,R2
    00000012 E339                   MOV         #57,R3     ; H'00000039
    00000014 3237                   CMP/GT      R3,R2
    00000016 8B07                   BF          L12
    00000018 8444                   MOV.B       @(4,R4),R0
    0000001A 6203                   MOV         R0,R2
    0000001C 662C                   EXTU.B      R2,R6
    0000001E 666C                   EXTU.B      R6,R6
    00000020 6263                   MOV         R6,R2
    00000022 72C9                   ADD         #-55,R2
    00000024 A006                   BRA         L13
    00000026 0009                   NOP
    00000028              L12:
    00000028 8444                   MOV.B       @(4,R4),R0
    0000002A 6203                   MOV         R0,R2
    0000002C 662C                   EXTU.B      R2,R6
    0000002E 666C                   EXTU.B      R6,R6
    00000030 6263                   MOV         R6,R2
    00000032 72D0                   ADD         #-48,R2
    00000034              L13:
    00000034 6523                   MOV         R2,R5
    00000036 6353                   MOV         R5,R3
    00000038 D17B                   MOV.L       L31+2,R1   ; _rzr259s
    0000003A 2130                   MOV.B       R3,@R1
    0000003C 8445                   MOV.B       @(5,R4),R0
    0000003E 6603                   MOV         R0,R6
    00000040 626C                   EXTU.B      R6,R2
    00000042 622C                   EXTU.B      R2,R2
    00000044 E339                   MOV         #57,R3     ; H'00000039
    00000046 3237                   CMP/GT      R3,R2
    00000048 8B07                   BF          L15
    0000004A 8445                   MOV.B       @(5,R4),R0
    0000004C 6203                   MOV         R0,R2
    0000004E 662C                   EXTU.B      R2,R6
    00000050 666C                   EXTU.B      R6,R6
    00000052 6263                   MOV         R6,R2
    00000054 72C9                   ADD         #-55,R2
    00000056 A006                   BRA         L16
    00000058 0009                   NOP
    0000005A              L15:
    0000005A 8445                   MOV.B       @(5,R4),R0
    0000005C 6203                   MOV         R0,R2
    0000005E 662C                   EXTU.B      R2,R6
    00000060 666C                   EXTU.B      R6,R6
    00000062 6263                   MOV         R6,R2
    00000064 72D0                   ADD         #-48,R2
    00000066              L16:
    00000066 6523                   MOV         R2,R5
    00000068 6353                   MOV         R5,R3
    0000006A D170                   MOV.L       L31+6,R1   ; H'00000001+_rzr259s
    0000006C 2130                   MOV.B       R3,@R1
    0000006E EC00                   MOV         #0,R12     ; H'00000000
    00000070 7406                   ADD         #6,R4
    00000072 6D43                   MOV         R4,R13
    00000074 D36D                   MOV.L       L31+6,R3   ; H'00000001+_rzr259s
    00000076 6330                   MOV.B       @R3,R3
    00000078 633C                   EXTU.B      R3,R3
    0000007A 6233                   MOV         R3,R2
    0000007C 3C23                   CMP/GE      R2,R12
    0000007E 8B01                   BF          L32
    00000080 A0C8                   BRA         L17
    00000082 0009                   NOP
    00000084              L32:
    00000084              L18:
    00000084 62D0                   MOV.B       @R13,R2
    00000086 662C                   EXTU.B      R2,R6
    00000088 666C                   EXTU.B      R6,R6
    0000008A E339                   MOV         #57,R3     ; H'00000039
    0000008C 3637                   CMP/GT      R3,R6
    0000008E 8B06                   BF          L20
    00000090 62D0                   MOV.B       @R13,R2
    00000092 662C                   EXTU.B      R2,R6
    00000094 666C                   EXTU.B      R6,R6
    00000096 6263                   MOV         R6,R2
    00000098 72C9                   ADD         #-55,R2
    0000009A A005                   BRA         L21
    0000009C 0009                   NOP
    0000009E              L20:
    0000009E 62D0                   MOV.B       @R13,R2
    000000A0 662C                   EXTU.B      R2,R6
    000000A2 666C                   EXTU.B      R6,R6
    000000A4 6263                   MOV         R6,R2
    000000A6 72D0                   ADD         #-48,R2
    000000A8              L21:
    000000A8 6523                   MOV         R2,R5
    000000AA D461                   MOV.L       L31+10,R4  ; H'00000004+_rzr259s
    000000AC 62C3                   MOV         R12,R2
    000000AE 6623                   MOV         R2,R6
    000000B0 4208                   SHLL2       R2
    000000B2 4208                   SHLL2       R2
    000000B4 4608                   SHLL2       R6
    000000B6 326C                   ADD         R6,R2
    000000B8 6023                   MOV         R2,R0
    000000BA 0454                   MOV.B       R5,@(R0,R4)
    000000BC 84D1                   MOV.B       @(1,R13),R0
    000000BE 6203                   MOV         R0,R2
    000000C0 662C                   EXTU.B      R2,R6
    000000C2 666C                   EXTU.B      R6,R6
    000000C4 E339                   MOV         #57,R3     ; H'00000039
    000000C6 3637                   CMP/GT      R3,R6
    000000C8 8B07                   BF          L23
    000000CA 84D1                   MOV.B       @(1,R13),R0
    000000CC 6203                   MOV         R0,R2
    000000CE 662C                   EXTU.B      R2,R6
    000000D0 666C                   EXTU.B      R6,R6
    000000D2 6263                   MOV         R6,R2
    000000D4 72C9                   ADD         #-55,R2
    000000D6 A006                   BRA         L24
    000000D8 0009                   NOP
    000000DA              L23:
    000000DA 84D1                   MOV.B       @(1,R13),R0
    000000DC 6203                   MOV         R0,R2
    000000DE 662C                   EXTU.B      R2,R6
    000000E0 666C                   EXTU.B      R6,R6
    000000E2 6263                   MOV         R6,R2
    000000E4 72D0                   ADD         #-48,R2
    000000E6              L24:
    000000E6 6523                   MOV         R2,R5
    000000E8 D651                   MOV.L       L31+10,R6  ; H'00000004+_rzr259s
    000000EA 7601                   ADD         #1,R6
    000000EC 62C3                   MOV         R12,R2
    000000EE 6423                   MOV         R2,R4
    000000F0 4208                   SHLL2       R2
    000000F2 4208                   SHLL2       R2
    000000F4 4408                   SHLL2       R4
    000000F6 324C                   ADD         R4,R2
    000000F8 6023                   MOV         R2,R0
    000000FA 0654                   MOV.B       R5,@(R0,R6)
    000000FC EE00                   MOV         #0,R14     ; H'00000000
    000000FE 62D3                   MOV         R13,R2
    00000100 7202                   ADD         #2,R2
    00000102 6D23                   MOV         R2,R13
    00000104 D54A                   MOV.L       L31+10,R5  ; H'00000004+_rzr259s
    00000106 62C3                   MOV         R12,R2
    00000108 6623                   MOV         R2,R6
    0000010A 4208                   SHLL2       R2
    0000010C 4208                   SHLL2       R2
    0000010E 4608                   SHLL2       R6
    00000110 326C                   ADD         R6,R2
    00000112 6023                   MOV         R2,R0
    00000114 065C                   MOV.B       @(R0,R5),R6
    00000116 626C                   EXTU.B      R6,R2
    00000118 622C                   EXTU.B      R2,R2
    0000011A 3E23                   CMP/GE      R2,R14
    0000011C 8971                   BT          L25
    0000011E              L26:
    0000011E 62D0                   MOV.B       @R13,R2
    00000120 662C                   EXTU.B      R2,R6
    00000122 666C                   EXTU.B      R6,R6
    00000124 E339                   MOV         #57,R3     ; H'00000039
    00000126 3637                   CMP/GT      R3,R6
    00000128 8B06                   BF          L28
    0000012A 62D0                   MOV.B       @R13,R2
    0000012C 662C                   EXTU.B      R2,R6
    0000012E 666C                   EXTU.B      R6,R6
    00000130 6263                   MOV         R6,R2
    00000132 72C9                   ADD         #-55,R2
    00000134 A005                   BRA         L29
    00000136 0009                   NOP
    00000138              L28:
    00000138 62D0                   MOV.B       @R13,R2
    0000013A 662C                   EXTU.B      R2,R6
    0000013C 666C                   EXTU.B      R6,R6
    0000013E 6263                   MOV         R6,R2
    00000140 72D0                   ADD         #-48,R2
    00000142              L29:
    00000142 6523                   MOV         R2,R5
    00000144 655C                   EXTU.B      R5,R5
    00000146 D43A                   MOV.L       L31+10,R4  ; H'00000004+_rzr259s
    00000148 7404                   ADD         #4,R4
    0000014A 66C3                   MOV         R12,R6
    0000014C 6263                   MOV         R6,R2
    0000014E 4608                   SHLL2       R6
    00000150 4608                   SHLL2       R6
    00000152 4208                   SHLL2       R2
    00000154 362C                   ADD         R2,R6
    00000156 67E3                   MOV         R14,R7
    00000158 6273                   MOV         R7,R2
    0000015A 4208                   SHLL2       R2
    0000015C 4200                   SHLL        R2
    0000015E 362C                   ADD         R2,R6
    00000160 6063                   MOV         R6,R0
    00000162 0456                   MOV.L       R5,@(R0,R4)
    00000164 64D3                   MOV         R13,R4
    00000166 7401                   ADD         #1,R4
    00000168 D332                   MOV.L       L31+14,R3  ; _htoc
    0000016A 430B                   JSR         @R3
    0000016C 0009                   NOP
    0000016E 6203                   MOV         R0,R2
    00000170 642C                   EXTU.B      R2,R4
    00000172 D52F                   MOV.L       L31+10,R5  ; H'00000004+_rzr259s
    00000174 7508                   ADD         #8,R5
    00000176 62C3                   MOV         R12,R2
    00000178 6623                   MOV         R2,R6
    0000017A 4208                   SHLL2       R2
    0000017C 4208                   SHLL2       R2
    0000017E 4608                   SHLL2       R6
    00000180 326C                   ADD         R6,R2
    00000182 66E3                   MOV         R14,R6
    00000184 4608                   SHLL2       R6
    00000186 4600                   SHLL        R6
    00000188 326C                   ADD         R6,R2
    0000018A 6023                   MOV         R2,R0
    0000018C 0544                   MOV.B       R4,@(R0,R5)
    0000018E 64D3                   MOV         R13,R4
    00000190 7403                   ADD         #3,R4
    00000192 D328                   MOV.L       L31+14,R3  ; _htoc
    00000194 430B                   JSR         @R3
    00000196 0009                   NOP
    00000198 6203                   MOV         R0,R2
    0000019A 642C                   EXTU.B      R2,R4
    0000019C D524                   MOV.L       L31+10,R5  ; H'00000004+_rzr259s
    0000019E 7509                   ADD         #9,R5
    000001A0 62C3                   MOV         R12,R2
    000001A2 6623                   MOV         R2,R6
    000001A4 4208                   SHLL2       R2
    000001A6 4208                   SHLL2       R2
    000001A8 4608                   SHLL2       R6
    000001AA 326C                   ADD         R6,R2
    000001AC 67E3                   MOV         R14,R7
    000001AE 6673                   MOV         R7,R6
    000001B0 4608                   SHLL2       R6
    000001B2 4600                   SHLL        R6
    000001B4 326C                   ADD         R6,R2
    000001B6 6023                   MOV         R2,R0
    000001B8 0544                   MOV.B       R4,@(R0,R5)
    000001BA 64D3                   MOV         R13,R4
    000001BC 7405                   ADD         #5,R4
    000001BE D31D                   MOV.L       L31+14,R3  ; _htoc
    000001C0 430B                   JSR         @R3
    000001C2 0009                   NOP
    000001C4 6203                   MOV         R0,R2
    000001C6 642C                   EXTU.B      R2,R4
    000001C8 D519                   MOV.L       L31+10,R5  ; H'00000004+_rzr259s
    000001CA 750A                   ADD         #10,R5
    000001CC 62C3                   MOV         R12,R2
    000001CE 6623                   MOV         R2,R6
    000001D0 4208                   SHLL2       R2
    000001D2 4208                   SHLL2       R2
    000001D4 4608                   SHLL2       R6
    000001D6 326C                   ADD         R6,R2
    000001D8 66E3                   MOV         R14,R6
    000001DA 4608                   SHLL2       R6
    000001DC 4600                   SHLL        R6
    000001DE 326C                   ADD         R6,R2
    000001E0 6023                   MOV         R2,R0
    000001E2 0544                   MOV.B       R4,@(R0,R5)
    000001E4 7E01                   ADD         #1,R14
    000001E6 7D07                   ADD         #7,R13
    000001E8 D511                   MOV.L       L31+10,R5  ; H'00000004+_rzr259s
    000001EA 62C3                   MOV         R12,R2
    000001EC 6623                   MOV         R2,R6
    000001EE 4208                   SHLL2       R2
    000001F0 4208                   SHLL2       R2
    000001F2 4608                   SHLL2       R6
    000001F4 326C                   ADD         R6,R2
    000001F6 6023                   MOV         R2,R0
    000001F8 065C                   MOV.B       @(R0,R5),R6
    000001FA 626C                   EXTU.B      R6,R2
    000001FC 622C                   EXTU.B      R2,R2
    000001FE 3E23                   CMP/GE      R2,R14
    00000200 8B8D                   BF          L26
    00000202              L25:
    00000202 7C01                   ADD         #1,R12
    00000204 D309                   MOV.L       L31+6,R3   ; H'00000001+_rzr259s
    00000206 6330                   MOV.B       @R3,R3
    00000208 633C                   EXTU.B      R3,R3
    0000020A 6233                   MOV         R3,R2
    0000020C 3C23                   CMP/GE      R2,R12
    0000020E 8901                   BT          L33
    00000210 AF38                   BRA         L18
    00000212 0009                   NOP
    00000214              L33:
    00000214              L17:
    00000214 E200                   MOV         #0,R2      ; H'00000000
    00000216 6023                   MOV         R2,R0
    00000218 7F10                   ADD         #16,R15
    0000021A 4F26                   LDS.L       @R15+,PR
    0000021C 6EF6                   MOV.L       @R15+,R14
    0000021E 6DF6                   MOV.L       @R15+,R13
    00000220 6CF6                   MOV.L       @R15+,R12
    00000222 000B                   RTS
    00000224 0009                   NOP
    00000226              L31:
    00000226 00000002               .RES.W      1
    00000228 <00000000>             .DATA.L     _rzr259s
    0000022C <00000001>             .DATA.L     H'00000001+_rzr259s
    00000230 <00000004>             .DATA.L     H'00000004+_rzr259s
    00000234 <00000000>             .DATA.L     _htoc
B   00000000              _rzr259s:                        ; static: rzr259s
    00000000 00000004               .RES.L      41
SH SERIES C/C++ Compiler (Ver. checker(2003.03.17))                                              10-Feb-2005 16:49:32  PAGE    1


******** STATISTICS INFORMATION ********


********** ERROR INFORMATION ***********

NUMBER OF ERRORS:           0
NUMBER OF WARNINGS:         0
NUMBER OF INFORMATIONS:     0



******* SOURCE LINE INFORMATION ********

COMPILED SOURCE LINE:       69



******* SECTION SIZE INFORMATION *******

PROGRAM  SECTION (P):                               00000238 Byte(s)
CONSTANT SECTION (C):                               00000000 Byte(s)
DATA     SECTION (D):                               00000000 Byte(s)
BSS      SECTION (B):                               000000A4 Byte(s)

TOTAL PROGRAM  SECTION: 00000238 Byte(s)
TOTAL CONSTANT SECTION: 00000000 Byte(s)
TOTAL DATA     SECTION: 00000000 Byte(s)
TOTAL BSS      SECTION: 000000A4 Byte(s)

    TOTAL PROGRAM SIZE: 000002DC Byte(s)



********** LABEL INFORMATION ***********

NUMBER OF EXTERNAL REFERENCE SYMBOLS:            1
NUMBER OF EXTERNAL DEFINITION SYMBOLS:           2
NUMBER OF INTERNAL/EXTERNAL SYMBOLS:            20
*** COMMAND PARAMETER ***


  -cpu=sh3 -op=0 -en=big -me -debug -comment=nest -l -def=DEBUG -i=P:\PRESTO2\SHINC,C:\usr\local\SH\7_1_1\include,P:\PRESTO2\NORTI_12\inc rzr259.c 

