SH SERIES C/C++ Compiler (Ver. checker(2003.03.17))                                              10-Feb-2005 16:49:36  PAGE    1

************ OBJECT LISTING ************

FILE NAME: rzr220.c

SCT OFFSET   CODE       C LABEL     INSTRUCTION OPERAND    COMMENT

P   00000000              _rz_print_df_time:               ; function: rz_print_df_time
                                                           ; frame size=32
    00000000 2FB6                   MOV.L       R11,@-R15
    00000002 2FC6                   MOV.L       R12,@-R15
    00000004 2FD6                   MOV.L       R13,@-R15
    00000006 2FE6                   MOV.L       R14,@-R15
    00000008 4F22                   STS.L       PR,@-R15
    0000000A 7FF4                   ADD         #-12,R15
    0000000C 6D53                   MOV         R5,R13
    0000000E 66D0                   MOV.B       @R13,R6
    00000010 626C                   EXTU.B      R6,R2
    00000012 622C                   EXTU.B      R2,R2
    00000014 E309                   MOV         #9,R3      ; H'00000009
    00000016 3237                   CMP/GT      R3,R2
    00000018 8B06                   BF          L12
    0000001A 62D0                   MOV.B       @R13,R2
    0000001C 662C                   EXTU.B      R2,R6
    0000001E 666C                   EXTU.B      R6,R6
    00000020 6263                   MOV         R6,R2
    00000022 7237                   ADD         #55,R2
    00000024 A005                   BRA         L13
    00000026 0009                   NOP
    00000028              L12:
    00000028 62D0                   MOV.B       @R13,R2
    0000002A 662C                   EXTU.B      R2,R6
    0000002C 666C                   EXTU.B      R6,R6
    0000002E 6263                   MOV         R6,R2
    00000030 7230                   ADD         #48,R2
    00000032              L13:
    00000032 6023                   MOV         R2,R0
    00000034 8044                   MOV.B       R0,@(4,R4)
    00000036 84D1                   MOV.B       @(1,R13),R0
    00000038 6603                   MOV         R0,R6
    0000003A 626C                   EXTU.B      R6,R2
    0000003C 622C                   EXTU.B      R2,R2
    0000003E E309                   MOV         #9,R3      ; H'00000009
    00000040 3237                   CMP/GT      R3,R2
    00000042 8B07                   BF          L15
    00000044 84D1                   MOV.B       @(1,R13),R0
    00000046 6203                   MOV         R0,R2
    00000048 662C                   EXTU.B      R2,R6
    0000004A 666C                   EXTU.B      R6,R6
    0000004C 6263                   MOV         R6,R2
    0000004E 7237                   ADD         #55,R2
    00000050 A006                   BRA         L16
    00000052 0009                   NOP
    00000054              L15:
    00000054 84D1                   MOV.B       @(1,R13),R0
    00000056 6203                   MOV         R0,R2
    00000058 662C                   EXTU.B      R2,R6
    0000005A 666C                   EXTU.B      R6,R6
    0000005C 6263                   MOV         R6,R2
    0000005E 7230                   ADD         #48,R2
    00000060              L16:
    00000060 6023                   MOV         R2,R0
    00000062 8045                   MOV.B       R0,@(5,R4)
    00000064 7406                   ADD         #6,R4
    00000066 6E43                   MOV         R4,R14
    00000068 84D1                   MOV.B       @(1,R13),R0
    0000006A 6603                   MOV         R0,R6
    0000006C 626C                   EXTU.B      R6,R2
    0000006E 622C                   EXTU.B      R2,R2
    00000070 6C23                   MOV         R2,R12
    00000072 66D0                   MOV.B       @R13,R6
    00000074 626C                   EXTU.B      R6,R2
    00000076 622C                   EXTU.B      R2,R2
    00000078 72FF                   ADD         #-1,R2
    0000007A 6B23                   MOV         R2,R11
    0000007C 2CC8                   TST         R12,R12
    0000007E 891D                   BT          L17
    00000080              L18:
    00000080 66B3                   MOV         R11,R6
    00000082 6263                   MOV         R6,R2
    00000084 4200                   SHLL        R2
    00000086 66D3                   MOV         R13,R6
    00000088 7602                   ADD         #2,R6
    0000008A 6023                   MOV         R2,R0
    0000008C 056C                   MOV.B       @(R0,R6),R5
    0000008E 645C                   EXTU.B      R5,R4
    00000090 65E3                   MOV         R14,R5
    00000092 644C                   EXTU.B      R4,R4
    00000094 D30E                   MOV.L       L20+2,R3   ; _ctoh
    00000096 430B                   JSR         @R3
    00000098 0009                   NOP
    0000009A 7E02                   ADD         #2,R14
    0000009C 62B3                   MOV         R11,R2
    0000009E 4200                   SHLL        R2
    000000A0 65D3                   MOV         R13,R5
    000000A2 7503                   ADD         #3,R5
    000000A4 6023                   MOV         R2,R0
    000000A6 065C                   MOV.B       @(R0,R5),R6
    000000A8 646C                   EXTU.B      R6,R4
    000000AA 65E3                   MOV         R14,R5
    000000AC 644C                   EXTU.B      R4,R4
    000000AE D308                   MOV.L       L20+2,R3   ; _ctoh
    000000B0 430B                   JSR         @R3
    000000B2 0009                   NOP
    000000B4 7E02                   ADD         #2,R14
    000000B6 4C10                   DT          R12
    000000B8 7B01                   ADD         #1,R11
    000000BA 8BE1                   BF          L18
    000000BC              L17:
    000000BC 60E3                   MOV         R14,R0
    000000BE 7F0C                   ADD         #12,R15
    000000C0 4F26                   LDS.L       @R15+,PR
    000000C2 6EF6                   MOV.L       @R15+,R14
    000000C4 6DF6                   MOV.L       @R15+,R13
    000000C6 6CF6                   MOV.L       @R15+,R12
    000000C8 6BF6                   MOV.L       @R15+,R11
    000000CA 000B                   RTS
    000000CC 0009                   NOP
    000000CE              L20:
    000000CE 00000002               .RES.W      1
    000000D0 <00000000>             .DATA.L     _ctoh
SH SERIES C/C++ Compiler (Ver. checker(2003.03.17))                                              10-Feb-2005 16:49:36  PAGE    1


******** STATISTICS INFORMATION ********


********** ERROR INFORMATION ***********

NUMBER OF ERRORS:           0
NUMBER OF WARNINGS:         0
NUMBER OF INFORMATIONS:     0



******* SOURCE LINE INFORMATION ********

COMPILED SOURCE LINE:       68



******* SECTION SIZE INFORMATION *******

PROGRAM  SECTION (P):                               000000D4 Byte(s)
CONSTANT SECTION (C):                               00000000 Byte(s)
DATA     SECTION (D):                               00000000 Byte(s)
BSS      SECTION (B):                               00000000 Byte(s)

TOTAL PROGRAM  SECTION: 000000D4 Byte(s)
TOTAL CONSTANT SECTION: 00000000 Byte(s)
TOTAL DATA     SECTION: 00000000 Byte(s)
TOTAL BSS      SECTION: 00000000 Byte(s)

    TOTAL PROGRAM SIZE: 000000D4 Byte(s)



********** LABEL INFORMATION ***********

NUMBER OF EXTERNAL REFERENCE SYMBOLS:            1
NUMBER OF EXTERNAL DEFINITION SYMBOLS:           1
NUMBER OF INTERNAL/EXTERNAL SYMBOLS:             9
*** COMMAND PARAMETER ***


  -cpu=sh3 -op=0 -en=big -me -debug -comment=nest -l -def=DEBUG -i=P:\PRESTO2\SHINC,C:\usr\local\SH\7_1_1\include,P:\PRESTO2\NORTI_12\inc rzr220.c 

