SH SERIES C/C++ Compiler (Ver. checker(2003.03.17))                                              10-Feb-2005 16:48:57  PAGE    1

************ OBJECT LISTING ************

FILE NAME: rzr204.c

SCT OFFSET   CODE       C LABEL     INSTRUCTION OPERAND    COMMENT

P   00000000              _rz_print_af_construct:          ; function: rz_print_af_construct
                                                           ; frame size=28
    00000000 2FC6                   MOV.L       R12,@-R15
    00000002 2FD6                   MOV.L       R13,@-R15
    00000004 2FE6                   MOV.L       R14,@-R15
    00000006 4F22                   STS.L       PR,@-R15
    00000008 7FF4                   ADD         #-12,R15
    0000000A 6E53                   MOV         R5,R14
    0000000C 6243                   MOV         R4,R2
    0000000E 1F22                   MOV.L       R2,@(8,R15)
    00000010 6C23                   MOV         R2,R12
    00000012 66E0                   MOV.B       @R14,R6
    00000014 646C                   EXTU.B      R6,R4
    00000016 6523                   MOV         R2,R5
    00000018 7504                   ADD         #4,R5
    0000001A 644C                   EXTU.B      R4,R4
    0000001C D312                   MOV.L       L14,R3     ; _ctoh
    0000001E 430B                   JSR         @R3
    00000020 0009                   NOP
    00000022 52F2                   MOV.L       @(8,R15),R2
    00000024 7206                   ADD         #6,R2
    00000026 6C23                   MOV         R2,R12
    00000028 ED00                   MOV         #0,R13     ; H'00000000
    0000002A 62E0                   MOV.B       @R14,R2
    0000002C 662C                   EXTU.B      R2,R6
    0000002E 666C                   EXTU.B      R6,R6
    00000030 3D63                   CMP/GE      R6,R13
    00000032 8911                   BT          L11
    00000034              L12:
    00000034 62D3                   MOV         R13,R2
    00000036 4208                   SHLL2       R2
    00000038 65E3                   MOV         R14,R5
    0000003A 7504                   ADD         #4,R5
    0000003C 6023                   MOV         R2,R0
    0000003E 065E                   MOV.L       @(R0,R5),R6
    00000040 65C3                   MOV         R12,R5
    00000042 6463                   MOV         R6,R4
    00000044 D309                   MOV.L       L14+4,R3   ; _ltoh
    00000046 430B                   JSR         @R3
    00000048 0009                   NOP
    0000004A 7C08                   ADD         #8,R12
    0000004C 7D01                   ADD         #1,R13
    0000004E 62E0                   MOV.B       @R14,R2
    00000050 662C                   EXTU.B      R2,R6
    00000052 666C                   EXTU.B      R6,R6
    00000054 3D63                   CMP/GE      R6,R13
    00000056 8BED                   BF          L12
    00000058              L11:
    00000058 60C3                   MOV         R12,R0
    0000005A 7F0C                   ADD         #12,R15
    0000005C 4F26                   LDS.L       @R15+,PR
    0000005E 6EF6                   MOV.L       @R15+,R14
    00000060 6DF6                   MOV.L       @R15+,R13
    00000062 6CF6                   MOV.L       @R15+,R12
    00000064 000B                   RTS
    00000066 0009                   NOP
    00000068              L14:
    00000068 <00000000>             .DATA.L     _ctoh
    0000006C <00000000>             .DATA.L     _ltoh
SH SERIES C/C++ Compiler (Ver. checker(2003.03.17))                                              10-Feb-2005 16:48:57  PAGE    1


******** STATISTICS INFORMATION ********


********** ERROR INFORMATION ***********

NUMBER OF ERRORS:           0
NUMBER OF WARNINGS:         0
NUMBER OF INFORMATIONS:     0



******* SOURCE LINE INFORMATION ********

COMPILED SOURCE LINE:       59



******* SECTION SIZE INFORMATION *******

PROGRAM  SECTION (P):                               00000070 Byte(s)
CONSTANT SECTION (C):                               00000000 Byte(s)
DATA     SECTION (D):                               00000000 Byte(s)
BSS      SECTION (B):                               00000000 Byte(s)

TOTAL PROGRAM  SECTION: 00000070 Byte(s)
TOTAL CONSTANT SECTION: 00000000 Byte(s)
TOTAL DATA     SECTION: 00000000 Byte(s)
TOTAL BSS      SECTION: 00000000 Byte(s)

    TOTAL PROGRAM SIZE: 00000070 Byte(s)



********** LABEL INFORMATION ***********

NUMBER OF EXTERNAL REFERENCE SYMBOLS:            2
NUMBER OF EXTERNAL DEFINITION SYMBOLS:           1
NUMBER OF INTERNAL/EXTERNAL SYMBOLS:             6
*** COMMAND PARAMETER ***


  -cpu=sh3 -op=0 -en=big -me -debug -comment=nest -l -def=DEBUG -i=P:\PRESTO2\SHINC,C:\usr\local\SH\7_1_1\include,P:\PRESTO2\NORTI_12\inc rzr204.c 

