SH SERIES C/C++ Compiler (Ver. checker(2003.03.17))                                              10-Feb-2005 16:49:08  PAGE    1

************ OBJECT LISTING ************

FILE NAME: rzr209.c

SCT OFFSET   CODE       C LABEL     INSTRUCTION OPERAND    COMMENT

P   00000000              _rz_scan_ph_wei_spec:            ; function: rz_scan_ph_wei_spec
                                                           ; frame size=8
    00000000 2FE6                   MOV.L       R14,@-R15
    00000002 4F22                   STS.L       PR,@-R15
    00000004 6E43                   MOV         R4,R14
    00000006 64E3                   MOV         R14,R4
    00000008 7404                   ADD         #4,R4
    0000000A D30F                   MOV.L       L12,R3     ; _htoi
    0000000C 430B                   JSR         @R3
    0000000E 0009                   NOP
    00000010 6203                   MOV         R0,R2
    00000012 632D                   EXTU.W      R2,R3
    00000014 D10D                   MOV.L       L12+4,R1   ; _rzr209s
    00000016 2131                   MOV.W       R3,@R1
    00000018 64E3                   MOV         R14,R4
    0000001A 7408                   ADD         #8,R4
    0000001C D30A                   MOV.L       L12,R3     ; _htoi
    0000001E 430B                   JSR         @R3
    00000020 0009                   NOP
    00000022 6203                   MOV         R0,R2
    00000024 632D                   EXTU.W      R2,R3
    00000026 D10A                   MOV.L       L12+8,R1   ; H'00000002+_rzr209s
    00000028 2131                   MOV.W       R3,@R1
    0000002A 7E0C                   ADD         #12,R14
    0000002C 64E3                   MOV         R14,R4
    0000002E D309                   MOV.L       L12+12,R3  ; _htoc
    00000030 430B                   JSR         @R3
    00000032 0009                   NOP
    00000034 6203                   MOV         R0,R2
    00000036 632C                   EXTU.B      R2,R3
    00000038 D107                   MOV.L       L12+16,R1  ; H'00000004+_rzr209s
    0000003A 2130                   MOV.B       R3,@R1
    0000003C E200                   MOV         #0,R2      ; H'00000000
    0000003E 6023                   MOV         R2,R0
    00000040 4F26                   LDS.L       @R15+,PR
    00000042 6EF6                   MOV.L       @R15+,R14
    00000044 000B                   RTS
    00000046 0009                   NOP
    00000048              L12:
    00000048 <00000000>             .DATA.L     _htoi
    0000004C <00000000>             .DATA.L     _rzr209s
    00000050 <00000002>             .DATA.L     H'00000002+_rzr209s
    00000054 <00000000>             .DATA.L     _htoc
    00000058 <00000004>             .DATA.L     H'00000004+_rzr209s
B   00000000              _rzr209s:                        ; static: rzr209s
    00000000 00000002               .RES.W      3
SH SERIES C/C++ Compiler (Ver. checker(2003.03.17))                                              10-Feb-2005 16:49:08  PAGE    1


******** STATISTICS INFORMATION ********


********** ERROR INFORMATION ***********

NUMBER OF ERRORS:           0
NUMBER OF WARNINGS:         0
NUMBER OF INFORMATIONS:     0



******* SOURCE LINE INFORMATION ********

COMPILED SOURCE LINE:       57



******* SECTION SIZE INFORMATION *******

PROGRAM  SECTION (P):                               0000005C Byte(s)
CONSTANT SECTION (C):                               00000000 Byte(s)
DATA     SECTION (D):                               00000000 Byte(s)
BSS      SECTION (B):                               00000006 Byte(s)

TOTAL PROGRAM  SECTION: 0000005C Byte(s)
TOTAL CONSTANT SECTION: 00000000 Byte(s)
TOTAL DATA     SECTION: 00000000 Byte(s)
TOTAL BSS      SECTION: 00000006 Byte(s)

    TOTAL PROGRAM SIZE: 00000062 Byte(s)



********** LABEL INFORMATION ***********

NUMBER OF EXTERNAL REFERENCE SYMBOLS:            2
NUMBER OF EXTERNAL DEFINITION SYMBOLS:           2
NUMBER OF INTERNAL/EXTERNAL SYMBOLS:             5
*** COMMAND PARAMETER ***


  -cpu=sh3 -op=0 -en=big -me -debug -comment=nest -l -def=DEBUG -i=P:\PRESTO2\SHINC,C:\usr\local\SH\7_1_1\include,P:\PRESTO2\NORTI_12\inc rzr209.c 

