SH SERIES C/C++ Compiler (Ver. checker(2003.03.17))                                              10-Feb-2005 16:49:41  PAGE    1

************ OBJECT LISTING ************

FILE NAME: rzr217.c

SCT OFFSET   CODE       C LABEL     INSTRUCTION OPERAND    COMMENT

P   00000000              _rz_scan_parent_tmg:             ; function: rz_scan_parent_tmg
                                                           ; frame size=32
    00000000 2FC6                   MOV.L       R12,@-R15
    00000002 2FD6                   MOV.L       R13,@-R15
    00000004 2FE6                   MOV.L       R14,@-R15
    00000006 4F22                   STS.L       PR,@-R15
    00000008 7FF0                   ADD         #-16,R15
    0000000A 8444                   MOV.B       @(4,R4),R0
    0000000C 6603                   MOV         R0,R6
    0000000E 626C                   EXTU.B      R6,R2
    00000010 622C                   EXTU.B      R2,R2
    00000012 E339                   MOV         #57,R3     ; H'00000039
    00000014 3237                   CMP/GT      R3,R2
    00000016 8B07                   BF          L12
    00000018 8444                   MOV.B       @(4,R4),R0
    0000001A 6203                   MOV         R0,R2
    0000001C 662C                   EXTU.B      R2,R6
    0000001E 666C                   EXTU.B      R6,R6
    00000020 6263                   MOV         R6,R2
    00000022 72C9                   ADD         #-55,R2
    00000024 A006                   BRA         L13
    00000026 0009                   NOP
    00000028              L12:
    00000028 8444                   MOV.B       @(4,R4),R0
    0000002A 6203                   MOV         R0,R2
    0000002C 662C                   EXTU.B      R2,R6
    0000002E 666C                   EXTU.B      R6,R6
    00000030 6263                   MOV         R6,R2
    00000032 72D0                   ADD         #-48,R2
    00000034              L13:
    00000034 6323                   MOV         R2,R3
    00000036 D12F                   MOV.L       L22,R1     ; _rzr217s
    00000038 2130                   MOV.B       R3,@R1
    0000003A EC00                   MOV         #0,R12     ; H'00000000
    0000003C 7405                   ADD         #5,R4
    0000003E 6D43                   MOV         R4,R13
    00000040 D32C                   MOV.L       L22,R3     ; _rzr217s
    00000042 6330                   MOV.B       @R3,R3
    00000044 633C                   EXTU.B      R3,R3
    00000046 6233                   MOV         R3,R2
    00000048 3C23                   CMP/GE      R2,R12
    0000004A 894A                   BT          L14
    0000004C              L15:
    0000004C 62D0                   MOV.B       @R13,R2
    0000004E 662C                   EXTU.B      R2,R6
    00000050 666C                   EXTU.B      R6,R6
    00000052 E339                   MOV         #57,R3     ; H'00000039
    00000054 3637                   CMP/GT      R3,R6
    00000056 8B06                   BF          L17
    00000058 62D0                   MOV.B       @R13,R2
    0000005A 662C                   EXTU.B      R2,R6
    0000005C 666C                   EXTU.B      R6,R6
    0000005E 6263                   MOV         R6,R2
    00000060 72C9                   ADD         #-55,R2
    00000062 A005                   BRA         L18
    00000064 0009                   NOP
    00000066              L17:
    00000066 62D0                   MOV.B       @R13,R2
    00000068 662C                   EXTU.B      R2,R6
    0000006A 666C                   EXTU.B      R6,R6
    0000006C 6263                   MOV         R6,R2
    0000006E 72D0                   ADD         #-48,R2
    00000070              L18:
    00000070 D421                   MOV.L       L22+4,R4   ; H'00000001+_rzr217s
    00000072 66C3                   MOV         R12,R6
    00000074 6563                   MOV         R6,R5
    00000076 4608                   SHLL2       R6
    00000078 3658                   SUB         R5,R6
    0000007A 6063                   MOV         R6,R0
    0000007C 0424                   MOV.B       R2,@(R0,R4)
    0000007E EE00                   MOV         #0,R14     ; H'00000000
    00000080 62D3                   MOV         R13,R2
    00000082 7201                   ADD         #1,R2
    00000084 6D23                   MOV         R2,R13
    00000086 D51C                   MOV.L       L22+4,R5   ; H'00000001+_rzr217s
    00000088 62C3                   MOV         R12,R2
    0000008A 6623                   MOV         R2,R6
    0000008C 4208                   SHLL2       R2
    0000008E 3268                   SUB         R6,R2
    00000090 6023                   MOV         R2,R0
    00000092 065C                   MOV.B       @(R0,R5),R6
    00000094 626C                   EXTU.B      R6,R2
    00000096 622C                   EXTU.B      R2,R2
    00000098 3E23                   CMP/GE      R2,R14
    0000009A 891B                   BT          L19
    0000009C              L20:
    0000009C 64D3                   MOV         R13,R4
    0000009E D317                   MOV.L       L22+8,R3   ; _htoc
    000000A0 430B                   JSR         @R3
    000000A2 0009                   NOP
    000000A4 6203                   MOV         R0,R2
    000000A6 652C                   EXTU.B      R2,R5
    000000A8 D613                   MOV.L       L22+4,R6   ; H'00000001+_rzr217s
    000000AA 7601                   ADD         #1,R6
    000000AC 62C3                   MOV         R12,R2
    000000AE 6423                   MOV         R2,R4
    000000B0 4208                   SHLL2       R2
    000000B2 3248                   SUB         R4,R2
    000000B4 32EC                   ADD         R14,R2
    000000B6 6023                   MOV         R2,R0
    000000B8 0654                   MOV.B       R5,@(R0,R6)
    000000BA 7E01                   ADD         #1,R14
    000000BC 7D02                   ADD         #2,R13
    000000BE D50E                   MOV.L       L22+4,R5   ; H'00000001+_rzr217s
    000000C0 62C3                   MOV         R12,R2
    000000C2 6623                   MOV         R2,R6
    000000C4 4208                   SHLL2       R2
    000000C6 3268                   SUB         R6,R2
    000000C8 6023                   MOV         R2,R0
    000000CA 065C                   MOV.B       @(R0,R5),R6
    000000CC 626C                   EXTU.B      R6,R2
    000000CE 622C                   EXTU.B      R2,R2
    000000D0 3E23                   CMP/GE      R2,R14
    000000D2 8BE3                   BF          L20
    000000D4              L19:
    000000D4 7C01                   ADD         #1,R12
    000000D6 D307                   MOV.L       L22,R3     ; _rzr217s
    000000D8 6330                   MOV.B       @R3,R3
    000000DA 633C                   EXTU.B      R3,R3
    000000DC 6233                   MOV         R3,R2
    000000DE 3C23                   CMP/GE      R2,R12
    000000E0 8BB4                   BF          L15
    000000E2              L14:
    000000E2 E200                   MOV         #0,R2      ; H'00000000
    000000E4 6023                   MOV         R2,R0
    000000E6 7F10                   ADD         #16,R15
    000000E8 4F26                   LDS.L       @R15+,PR
    000000EA 6EF6                   MOV.L       @R15+,R14
    000000EC 6DF6                   MOV.L       @R15+,R13
    000000EE 6CF6                   MOV.L       @R15+,R12
    000000F0 000B                   RTS
    000000F2 0009                   NOP
    000000F4              L22:
    000000F4 <00000000>             .DATA.L     _rzr217s
    000000F8 <00000001>             .DATA.L     H'00000001+_rzr217s
    000000FC <00000000>             .DATA.L     _htoc
B   00000000              _rzr217s:                        ; static: rzr217s
    00000000 00000001               .RES.B      25
SH SERIES C/C++ Compiler (Ver. checker(2003.03.17))                                              10-Feb-2005 16:49:41  PAGE    1


******** STATISTICS INFORMATION ********


********** ERROR INFORMATION ***********

NUMBER OF ERRORS:           0
NUMBER OF WARNINGS:         0
NUMBER OF INFORMATIONS:     0



******* SOURCE LINE INFORMATION ********

COMPILED SOURCE LINE:       66



******* SECTION SIZE INFORMATION *******

PROGRAM  SECTION (P):                               00000100 Byte(s)
CONSTANT SECTION (C):                               00000000 Byte(s)
DATA     SECTION (D):                               00000000 Byte(s)
BSS      SECTION (B):                               00000019 Byte(s)

TOTAL PROGRAM  SECTION: 00000100 Byte(s)
TOTAL CONSTANT SECTION: 00000000 Byte(s)
TOTAL DATA     SECTION: 00000000 Byte(s)
TOTAL BSS      SECTION: 00000019 Byte(s)

    TOTAL PROGRAM SIZE: 00000119 Byte(s)



********** LABEL INFORMATION ***********

NUMBER OF EXTERNAL REFERENCE SYMBOLS:            1
NUMBER OF EXTERNAL DEFINITION SYMBOLS:           2
NUMBER OF INTERNAL/EXTERNAL SYMBOLS:            12
*** COMMAND PARAMETER ***


  -cpu=sh3 -op=0 -en=big -me -debug -comment=nest -l -def=DEBUG -i=P:\PRESTO2\SHINC,C:\usr\local\SH\7_1_1\include,P:\PRESTO2\NORTI_12\inc rzr217.c 

