SH SERIES C/C++ Compiler (Ver. checker(2003.03.17))                                              10-Feb-2005 16:49:24  PAGE    1

************ OBJECT LISTING ************

FILE NAME: rzr319.c

SCT OFFSET   CODE       C LABEL     INSTRUCTION OPERAND    COMMENT

P   00000000              _rz_scan_sect_afd_parm:          ; function: rz_scan_sect_afd_parm
                                                           ; frame size=4
    00000000 7FFC                   ADD         #-4,R15
    00000002 8444                   MOV.B       @(4,R4),R0
    00000004 6203                   MOV         R0,R2
    00000006 662C                   EXTU.B      R2,R6
    00000008 666C                   EXTU.B      R6,R6
    0000000A E339                   MOV         #57,R3     ; H'00000039
    0000000C 3637                   CMP/GT      R3,R6
    0000000E 8B07                   BF          L12
    00000010 8444                   MOV.B       @(4,R4),R0
    00000012 6203                   MOV         R0,R2
    00000014 652C                   EXTU.B      R2,R5
    00000016 655C                   EXTU.B      R5,R5
    00000018 6653                   MOV         R5,R6
    0000001A 76C9                   ADD         #-55,R6
    0000001C A006                   BRA         L13
    0000001E 0009                   NOP
    00000020              L12:
    00000020 8444                   MOV.B       @(4,R4),R0
    00000022 6603                   MOV         R0,R6
    00000024 626C                   EXTU.B      R6,R2
    00000026 622C                   EXTU.B      R2,R2
    00000028 6623                   MOV         R2,R6
    0000002A 76D0                   ADD         #-48,R6
    0000002C              L13:
    0000002C 6563                   MOV         R6,R5
    0000002E 6353                   MOV         R5,R3
    00000030 D126                   MOV.L       L23+2,R1   ; _rzr319s
    00000032 2130                   MOV.B       R3,@R1
    00000034 8445                   MOV.B       @(5,R4),R0
    00000036 6603                   MOV         R0,R6
    00000038 626C                   EXTU.B      R6,R2
    0000003A 622C                   EXTU.B      R2,R2
    0000003C E339                   MOV         #57,R3     ; H'00000039
    0000003E 3237                   CMP/GT      R3,R2
    00000040 8B06                   BF          L15
    00000042 8445                   MOV.B       @(5,R4),R0
    00000044 6203                   MOV         R0,R2
    00000046 662C                   EXTU.B      R2,R6
    00000048 666C                   EXTU.B      R6,R6
    0000004A 76C9                   ADD         #-55,R6
    0000004C A005                   BRA         L16
    0000004E 0009                   NOP
    00000050              L15:
    00000050 8445                   MOV.B       @(5,R4),R0
    00000052 6203                   MOV         R0,R2
    00000054 662C                   EXTU.B      R2,R6
    00000056 666C                   EXTU.B      R6,R6
    00000058 76D0                   ADD         #-48,R6
    0000005A              L16:
    0000005A 6563                   MOV         R6,R5
    0000005C 6353                   MOV         R5,R3
    0000005E D11C                   MOV.L       L23+6,R1   ; H'00000001+_rzr319s
    00000060 2130                   MOV.B       R3,@R1
    00000062 E200                   MOV         #0,R2      ; H'00000000
    00000064 D31A                   MOV.L       L23+6,R3   ; H'00000001+_rzr319s
    00000066 6330                   MOV.B       @R3,R3
    00000068 633C                   EXTU.B      R3,R3
    0000006A 6633                   MOV         R3,R6
    0000006C 3263                   CMP/GE      R6,R2
    0000006E 8927                   BT          L17
    00000070              L18:
    00000070 6543                   MOV         R4,R5
    00000072 7506                   ADD         #6,R5
    00000074 6023                   MOV         R2,R0
    00000076 065C                   MOV.B       @(R0,R5),R6
    00000078 656C                   EXTU.B      R6,R5
    0000007A 655C                   EXTU.B      R5,R5
    0000007C E339                   MOV         #57,R3     ; H'00000039
    0000007E 3537                   CMP/GT      R3,R5
    00000080 8B08                   BF          L20
    00000082 6643                   MOV         R4,R6
    00000084 7606                   ADD         #6,R6
    00000086 6023                   MOV         R2,R0
    00000088 056C                   MOV.B       @(R0,R6),R5
    0000008A 665C                   EXTU.B      R5,R6
    0000008C 666C                   EXTU.B      R6,R6
    0000008E 76C9                   ADD         #-55,R6
    00000090 A008                   BRA         L21
    00000092 0009                   NOP
    00000094              L20:
    00000094 6643                   MOV         R4,R6
    00000096 7606                   ADD         #6,R6
    00000098 6023                   MOV         R2,R0
    0000009A 076C                   MOV.B       @(R0,R6),R7
    0000009C 657C                   EXTU.B      R7,R5
    0000009E 655C                   EXTU.B      R5,R5
    000000A0 6653                   MOV         R5,R6
    000000A2 76D0                   ADD         #-48,R6
    000000A4              L21:
    000000A4 6563                   MOV         R6,R5
    000000A6 655C                   EXTU.B      R5,R5
    000000A8 D70A                   MOV.L       L23+10,R7  ; H'00000004+_rzr319s
    000000AA 6623                   MOV         R2,R6
    000000AC 4608                   SHLL2       R6
    000000AE 6063                   MOV         R6,R0
    000000B0 0756                   MOV.L       R5,@(R0,R7)
    000000B2 7201                   ADD         #1,R2
    000000B4 D306                   MOV.L       L23+6,R3   ; H'00000001+_rzr319s
    000000B6 6330                   MOV.B       @R3,R3
    000000B8 633C                   EXTU.B      R3,R3
    000000BA 6633                   MOV         R3,R6
    000000BC 3263                   CMP/GE      R6,R2
    000000BE 8BD7                   BF          L18
    000000C0              L17:
    000000C0 E200                   MOV         #0,R2      ; H'00000000
    000000C2 6023                   MOV         R2,R0
    000000C4 7F04                   ADD         #4,R15
    000000C6 000B                   RTS
    000000C8 0009                   NOP
    000000CA              L23:
    000000CA 00000002               .RES.W      1
    000000CC <00000000>             .DATA.L     _rzr319s
    000000D0 <00000001>             .DATA.L     H'00000001+_rzr319s
    000000D4 <00000004>             .DATA.L     H'00000004+_rzr319s
B   00000000              _rzr319s:                        ; static: rzr319s
    00000000 00000004               .RES.L      9
SH SERIES C/C++ Compiler (Ver. checker(2003.03.17))                                              10-Feb-2005 16:49:24  PAGE    1


******** STATISTICS INFORMATION ********


********** ERROR INFORMATION ***********

NUMBER OF ERRORS:           0
NUMBER OF WARNINGS:         0
NUMBER OF INFORMATIONS:     0



******* SOURCE LINE INFORMATION ********

COMPILED SOURCE LINE:       61



******* SECTION SIZE INFORMATION *******

PROGRAM  SECTION (P):                               000000D8 Byte(s)
CONSTANT SECTION (C):                               00000000 Byte(s)
DATA     SECTION (D):                               00000000 Byte(s)
BSS      SECTION (B):                               00000024 Byte(s)

TOTAL PROGRAM  SECTION: 000000D8 Byte(s)
TOTAL CONSTANT SECTION: 00000000 Byte(s)
TOTAL DATA     SECTION: 00000000 Byte(s)
TOTAL BSS      SECTION: 00000024 Byte(s)

    TOTAL PROGRAM SIZE: 000000FC Byte(s)



********** LABEL INFORMATION ***********

NUMBER OF EXTERNAL REFERENCE SYMBOLS:            0
NUMBER OF EXTERNAL DEFINITION SYMBOLS:           2
NUMBER OF INTERNAL/EXTERNAL SYMBOLS:            11
*** COMMAND PARAMETER ***


  -cpu=sh3 -op=0 -en=big -me -debug -comment=nest -l -def=DEBUG -i=P:\PRESTO2\SHINC,C:\usr\local\SH\7_1_1\include,P:\PRESTO2\NORTI_12\inc rzr319.c 

