SH SERIES C/C++ Compiler (Ver. checker(2003.03.17))                                              10-Feb-2005 16:49:20  PAGE    1

************ OBJECT LISTING ************

FILE NAME: rzr324.c

SCT OFFSET   CODE       C LABEL     INSTRUCTION OPERAND    COMMENT

P   00000000              _rz_print_err_div_wh:            ; function: rz_print_err_div_wh
                                                           ; frame size=16
    00000000 2FE6                   MOV.L       R14,@-R15
    00000002 7FF4                   ADD         #-12,R15
    00000004 6650                   MOV.B       @R5,R6
    00000006 626C                   EXTU.B      R6,R2
    00000008 622C                   EXTU.B      R2,R2
    0000000A E309                   MOV         #9,R3      ; H'00000009
    0000000C 3237                   CMP/GT      R3,R2
    0000000E 8B05                   BF          L12
    00000010 6250                   MOV.B       @R5,R2
    00000012 672C                   EXTU.B      R2,R7
    00000014 677C                   EXTU.B      R7,R7
    00000016 7737                   ADD         #55,R7
    00000018 A005                   BRA         L13
    0000001A 0009                   NOP
    0000001C              L12:
    0000001C 6650                   MOV.B       @R5,R6
    0000001E 626C                   EXTU.B      R6,R2
    00000020 622C                   EXTU.B      R2,R2
    00000022 6723                   MOV         R2,R7
    00000024 7730                   ADD         #48,R7
    00000026              L13:
    00000026 6073                   MOV         R7,R0
    00000028 8044                   MOV.B       R0,@(4,R4)
    0000002A 6243                   MOV         R4,R2
    0000002C 7205                   ADD         #5,R2
    0000002E 6423                   MOV         R2,R4
    00000030 6650                   MOV.B       @R5,R6
    00000032 626C                   EXTU.B      R6,R2
    00000034 622C                   EXTU.B      R2,R2
    00000036 E600                   MOV         #0,R6      ; H'00000000
    00000038 2228                   TST         R2,R2
    0000003A 891F                   BT          L14
    0000003C              L15:
    0000003C 6753                   MOV         R5,R7
    0000003E 7701                   ADD         #1,R7
    00000040 6063                   MOV         R6,R0
    00000042 0E7C                   MOV.B       @(R0,R7),R14
    00000044 67EC                   EXTU.B      R14,R7
    00000046 677C                   EXTU.B      R7,R7
    00000048 E309                   MOV         #9,R3      ; H'00000009
    0000004A 3737                   CMP/GT      R3,R7
    0000004C 8B09                   BF          L17
    0000004E 6E53                   MOV         R5,R14
    00000050 7E01                   ADD         #1,R14
    00000052 6063                   MOV         R6,R0
    00000054 07EC                   MOV.B       @(R0,R14),R7
    00000056 6E7C                   EXTU.B      R7,R14
    00000058 6EEC                   EXTU.B      R14,R14
    0000005A 67E3                   MOV         R14,R7
    0000005C 7737                   ADD         #55,R7
    0000005E A008                   BRA         L18
    00000060 0009                   NOP
    00000062              L17:
    00000062 6E53                   MOV         R5,R14
    00000064 7E01                   ADD         #1,R14
    00000066 6063                   MOV         R6,R0
    00000068 07EC                   MOV.B       @(R0,R14),R7
    0000006A 6E7C                   EXTU.B      R7,R14
    0000006C 6EEC                   EXTU.B      R14,R14
    0000006E 67E3                   MOV         R14,R7
    00000070 7730                   ADD         #48,R7
    00000072              L18:
    00000072 2470                   MOV.B       R7,@R4
    00000074 7401                   ADD         #1,R4
    00000076 4210                   DT          R2
    00000078 7601                   ADD         #1,R6
    0000007A 8BDF                   BF          L15
    0000007C              L14:
    0000007C 6043                   MOV         R4,R0
    0000007E 7F0C                   ADD         #12,R15
    00000080 6EF6                   MOV.L       @R15+,R14
    00000082 000B                   RTS
    00000084 0009                   NOP
SH SERIES C/C++ Compiler (Ver. checker(2003.03.17))                                              10-Feb-2005 16:49:20  PAGE    1


******** STATISTICS INFORMATION ********


********** ERROR INFORMATION ***********

NUMBER OF ERRORS:           0
NUMBER OF WARNINGS:         0
NUMBER OF INFORMATIONS:     0



******* SOURCE LINE INFORMATION ********

COMPILED SOURCE LINE:       63



******* SECTION SIZE INFORMATION *******

PROGRAM  SECTION (P):                               00000086 Byte(s)
CONSTANT SECTION (C):                               00000000 Byte(s)
DATA     SECTION (D):                               00000000 Byte(s)
BSS      SECTION (B):                               00000000 Byte(s)

TOTAL PROGRAM  SECTION: 00000086 Byte(s)
TOTAL CONSTANT SECTION: 00000000 Byte(s)
TOTAL DATA     SECTION: 00000000 Byte(s)
TOTAL BSS      SECTION: 00000000 Byte(s)

    TOTAL PROGRAM SIZE: 00000086 Byte(s)



********** LABEL INFORMATION ***********

NUMBER OF EXTERNAL REFERENCE SYMBOLS:            0
NUMBER OF EXTERNAL DEFINITION SYMBOLS:           1
NUMBER OF INTERNAL/EXTERNAL SYMBOLS:             7
*** COMMAND PARAMETER ***


  -cpu=sh3 -op=0 -en=big -me -debug -comment=nest -l -def=DEBUG -i=P:\PRESTO2\SHINC,C:\usr\local\SH\7_1_1\include,P:\PRESTO2\NORTI_12\inc rzr324.c 

