SH SERIES C/C++ Compiler (Ver. checker(2003.03.17))                                              10-Feb-2005 16:49:22  PAGE    1

************ OBJECT LISTING ************

FILE NAME: rzr323.c

SCT OFFSET   CODE       C LABEL     INSTRUCTION OPERAND    COMMENT

P   00000000              _rz_scan_err_div_wh:             ; function: rz_scan_err_div_wh
                                                           ; frame size=12
    00000000 2FE6                   MOV.L       R14,@-R15
    00000002 7FF8                   ADD         #-8,R15
    00000004 8444                   MOV.B       @(4,R4),R0
    00000006 6603                   MOV         R0,R6
    00000008 626C                   EXTU.B      R6,R2
    0000000A 622C                   EXTU.B      R2,R2
    0000000C E339                   MOV         #57,R3     ; H'00000039
    0000000E 3237                   CMP/GT      R3,R2
    00000010 8B06                   BF          L12
    00000012 8444                   MOV.B       @(4,R4),R0
    00000014 6203                   MOV         R0,R2
    00000016 662C                   EXTU.B      R2,R6
    00000018 666C                   EXTU.B      R6,R6
    0000001A 76C9                   ADD         #-55,R6
    0000001C A005                   BRA         L13
    0000001E 0009                   NOP
    00000020              L12:
    00000020 8444                   MOV.B       @(4,R4),R0
    00000022 6203                   MOV         R0,R2
    00000024 662C                   EXTU.B      R2,R6
    00000026 666C                   EXTU.B      R6,R6
    00000028 76D0                   ADD         #-48,R6
    0000002A              L13:
    0000002A 6363                   MOV         R6,R3
    0000002C D117                   MOV.L       L20+2,R1   ; _rzr323s
    0000002E 2130                   MOV.B       R3,@R1
    00000030 D316                   MOV.L       L20+2,R3   ; _rzr323s
    00000032 6330                   MOV.B       @R3,R3
    00000034 6733                   MOV         R3,R7
    00000036 677C                   EXTU.B      R7,R7
    00000038 E200                   MOV         #0,R2      ; H'00000000
    0000003A 3273                   CMP/GE      R7,R2
    0000003C 891F                   BT          L14
    0000003E              L15:
    0000003E 6643                   MOV         R4,R6
    00000040 7605                   ADD         #5,R6
    00000042 6023                   MOV         R2,R0
    00000044 056C                   MOV.B       @(R0,R6),R5
    00000046 665C                   EXTU.B      R5,R6
    00000048 666C                   EXTU.B      R6,R6
    0000004A E339                   MOV         #57,R3     ; H'00000039
    0000004C 3637                   CMP/GT      R3,R6
    0000004E 8B08                   BF          L17
    00000050 6643                   MOV         R4,R6
    00000052 7605                   ADD         #5,R6
    00000054 6023                   MOV         R2,R0
    00000056 056C                   MOV.B       @(R0,R6),R5
    00000058 665C                   EXTU.B      R5,R6
    0000005A 666C                   EXTU.B      R6,R6
    0000005C 76C9                   ADD         #-55,R6
    0000005E A008                   BRA         L18
    00000060 0009                   NOP
    00000062              L17:
    00000062 6643                   MOV         R4,R6
    00000064 7605                   ADD         #5,R6
    00000066 6023                   MOV         R2,R0
    00000068 0E6C                   MOV.B       @(R0,R6),R14
    0000006A 65EC                   EXTU.B      R14,R5
    0000006C 655C                   EXTU.B      R5,R5
    0000006E 6653                   MOV         R5,R6
    00000070 76D0                   ADD         #-48,R6
    00000072              L18:
    00000072 D507                   MOV.L       L20+6,R5   ; H'00000001+_rzr323s
    00000074 6023                   MOV         R2,R0
    00000076 0564                   MOV.B       R6,@(R0,R5)
    00000078 7201                   ADD         #1,R2
    0000007A 3273                   CMP/GE      R7,R2
    0000007C 8BDF                   BF          L15
    0000007E              L14:
    0000007E E200                   MOV         #0,R2      ; H'00000000
    00000080 6023                   MOV         R2,R0
    00000082 7F08                   ADD         #8,R15
    00000084 6EF6                   MOV.L       @R15+,R14
    00000086 000B                   RTS
    00000088 0009                   NOP
    0000008A              L20:
    0000008A 00000002               .RES.W      1
    0000008C <00000000>             .DATA.L     _rzr323s
    00000090 <00000001>             .DATA.L     H'00000001+_rzr323s
B   00000000              _rzr323s:                        ; static: rzr323s
    00000000 00000001               .RES.B      9
SH SERIES C/C++ Compiler (Ver. checker(2003.03.17))                                              10-Feb-2005 16:49:22  PAGE    1


******** STATISTICS INFORMATION ********


********** ERROR INFORMATION ***********

NUMBER OF ERRORS:           0
NUMBER OF WARNINGS:         0
NUMBER OF INFORMATIONS:     0



******* SOURCE LINE INFORMATION ********

COMPILED SOURCE LINE:       61



******* SECTION SIZE INFORMATION *******

PROGRAM  SECTION (P):                               00000094 Byte(s)
CONSTANT SECTION (C):                               00000000 Byte(s)
DATA     SECTION (D):                               00000000 Byte(s)
BSS      SECTION (B):                               00000009 Byte(s)

TOTAL PROGRAM  SECTION: 00000094 Byte(s)
TOTAL CONSTANT SECTION: 00000000 Byte(s)
TOTAL DATA     SECTION: 00000000 Byte(s)
TOTAL BSS      SECTION: 00000009 Byte(s)

    TOTAL PROGRAM SIZE: 0000009D Byte(s)



********** LABEL INFORMATION ***********

NUMBER OF EXTERNAL REFERENCE SYMBOLS:            0
NUMBER OF EXTERNAL DEFINITION SYMBOLS:           2
NUMBER OF INTERNAL/EXTERNAL SYMBOLS:             9
*** COMMAND PARAMETER ***


  -cpu=sh3 -op=0 -en=big -me -debug -comment=nest -l -def=DEBUG -i=P:\PRESTO2\SHINC,C:\usr\local\SH\7_1_1\include,P:\PRESTO2\NORTI_12\inc rzr323.c 

