SH SERIES C/C++ Compiler (Ver. checker(2003.03.17))                                              10-Feb-2005 16:49:23  PAGE    1

************ OBJECT LISTING ************

FILE NAME: rzr320.c

SCT OFFSET   CODE       C LABEL     INSTRUCTION OPERAND    COMMENT

P   00000000              _rz_print_sect_afd_parm:         ; function: rz_print_sect_afd_parm
                                                           ; frame size=12
    00000000 2FE6                   MOV.L       R14,@-R15
    00000002 7FF8                   ADD         #-8,R15
    00000004 6250                   MOV.B       @R5,R2
    00000006 662C                   EXTU.B      R2,R6
    00000008 666C                   EXTU.B      R6,R6
    0000000A E309                   MOV         #9,R3      ; H'00000009
    0000000C 3637                   CMP/GT      R3,R6
    0000000E 8B06                   BF          L12
    00000010 6650                   MOV.B       @R5,R6
    00000012 626C                   EXTU.B      R6,R2
    00000014 622C                   EXTU.B      R2,R2
    00000016 6623                   MOV         R2,R6
    00000018 7637                   ADD         #55,R6
    0000001A A005                   BRA         L13
    0000001C 0009                   NOP
    0000001E              L12:
    0000001E 6650                   MOV.B       @R5,R6
    00000020 626C                   EXTU.B      R6,R2
    00000022 622C                   EXTU.B      R2,R2
    00000024 6623                   MOV         R2,R6
    00000026 7630                   ADD         #48,R6
    00000028              L13:
    00000028 6063                   MOV         R6,R0
    0000002A 8044                   MOV.B       R0,@(4,R4)
    0000002C 8451                   MOV.B       @(1,R5),R0
    0000002E 6203                   MOV         R0,R2
    00000030 662C                   EXTU.B      R2,R6
    00000032 666C                   EXTU.B      R6,R6
    00000034 E309                   MOV         #9,R3      ; H'00000009
    00000036 3637                   CMP/GT      R3,R6
    00000038 8B06                   BF          L15
    0000003A 8451                   MOV.B       @(1,R5),R0
    0000003C 6203                   MOV         R0,R2
    0000003E 662C                   EXTU.B      R2,R6
    00000040 666C                   EXTU.B      R6,R6
    00000042 7637                   ADD         #55,R6
    00000044 A005                   BRA         L16
    00000046 0009                   NOP
    00000048              L15:
    00000048 8451                   MOV.B       @(1,R5),R0
    0000004A 6203                   MOV         R0,R2
    0000004C 662C                   EXTU.B      R2,R6
    0000004E 666C                   EXTU.B      R6,R6
    00000050 7630                   ADD         #48,R6
    00000052              L16:
    00000052 6063                   MOV         R6,R0
    00000054 8045                   MOV.B       R0,@(5,R4)
    00000056 6243                   MOV         R4,R2
    00000058 7206                   ADD         #6,R2
    0000005A 6423                   MOV         R2,R4
    0000005C E200                   MOV         #0,R2      ; H'00000000
    0000005E 8451                   MOV.B       @(1,R5),R0
    00000060 6703                   MOV         R0,R7
    00000062 667C                   EXTU.B      R7,R6
    00000064 666C                   EXTU.B      R6,R6
    00000066 3263                   CMP/GE      R6,R2
    00000068 8922                   BT          L17
    0000006A              L18:
    0000006A 6623                   MOV         R2,R6
    0000006C 4608                   SHLL2       R6
    0000006E 6E53                   MOV         R5,R14
    00000070 7E04                   ADD         #4,R14
    00000072 6063                   MOV         R6,R0
    00000074 07EE                   MOV.L       @(R0,R14),R7
    00000076 E309                   MOV         #9,R3      ; H'00000009
    00000078 3737                   CMP/GT      R3,R7
    0000007A 8B09                   BF          L20
    0000007C 6623                   MOV         R2,R6
    0000007E 4608                   SHLL2       R6
    00000080 6E53                   MOV         R5,R14
    00000082 7E04                   ADD         #4,R14
    00000084 6063                   MOV         R6,R0
    00000086 07EE                   MOV.L       @(R0,R14),R7
    00000088 7737                   ADD         #55,R7
    0000008A 6673                   MOV         R7,R6
    0000008C A007                   BRA         L21
    0000008E 0009                   NOP
    00000090              L20:
    00000090 6723                   MOV         R2,R7
    00000092 4708                   SHLL2       R7
    00000094 6E53                   MOV         R5,R14
    00000096 7E04                   ADD         #4,R14
    00000098 6073                   MOV         R7,R0
    0000009A 06EE                   MOV.L       @(R0,R14),R6
    0000009C 7630                   ADD         #48,R6
    0000009E              L21:
    0000009E 2460                   MOV.B       R6,@R4
    000000A0 7401                   ADD         #1,R4
    000000A2 7201                   ADD         #1,R2
    000000A4 8451                   MOV.B       @(1,R5),R0
    000000A6 6603                   MOV         R0,R6
    000000A8 676C                   EXTU.B      R6,R7
    000000AA 677C                   EXTU.B      R7,R7
    000000AC 3273                   CMP/GE      R7,R2
    000000AE 8BDC                   BF          L18
    000000B0              L17:
    000000B0 6043                   MOV         R4,R0
    000000B2 7F08                   ADD         #8,R15
    000000B4 6EF6                   MOV.L       @R15+,R14
    000000B6 000B                   RTS
    000000B8 0009                   NOP
SH SERIES C/C++ Compiler (Ver. checker(2003.03.17))                                              10-Feb-2005 16:49:23  PAGE    1


******** STATISTICS INFORMATION ********


********** ERROR INFORMATION ***********

NUMBER OF ERRORS:           0
NUMBER OF WARNINGS:         0
NUMBER OF INFORMATIONS:     0



******* SOURCE LINE INFORMATION ********

COMPILED SOURCE LINE:       64



******* SECTION SIZE INFORMATION *******

PROGRAM  SECTION (P):                               000000BA Byte(s)
CONSTANT SECTION (C):                               00000000 Byte(s)
DATA     SECTION (D):                               00000000 Byte(s)
BSS      SECTION (B):                               00000000 Byte(s)

TOTAL PROGRAM  SECTION: 000000BA Byte(s)
TOTAL CONSTANT SECTION: 00000000 Byte(s)
TOTAL DATA     SECTION: 00000000 Byte(s)
TOTAL BSS      SECTION: 00000000 Byte(s)

    TOTAL PROGRAM SIZE: 000000BA Byte(s)



********** LABEL INFORMATION ***********

NUMBER OF EXTERNAL REFERENCE SYMBOLS:            0
NUMBER OF EXTERNAL DEFINITION SYMBOLS:           1
NUMBER OF INTERNAL/EXTERNAL SYMBOLS:             9
*** COMMAND PARAMETER ***


  -cpu=sh3 -op=0 -en=big -me -debug -comment=nest -l -def=DEBUG -i=P:\PRESTO2\SHINC,C:\usr\local\SH\7_1_1\include,P:\PRESTO2\NORTI_12\inc rzr320.c 

