SH SERIES C/C++ Compiler (Ver. checker(2003.03.17))                                              10-Feb-2005 16:49:26  PAGE    1

************ OBJECT LISTING ************

FILE NAME: rzr318.c

SCT OFFSET   CODE       C LABEL     INSTRUCTION OPERAND    COMMENT

P   00000000              _rz_print_round_tmg:             ; function: rz_print_round_tmg
                                                           ; frame size=32
    00000000 2FB6                   MOV.L       R11,@-R15
    00000002 2FC6                   MOV.L       R12,@-R15
    00000004 2FD6                   MOV.L       R13,@-R15
    00000006 2FE6                   MOV.L       R14,@-R15
    00000008 4F22                   STS.L       PR,@-R15
    0000000A 7FF4                   ADD         #-12,R15
    0000000C 6B53                   MOV         R5,R11
    0000000E 66B0                   MOV.B       @R11,R6
    00000010 626C                   EXTU.B      R6,R2
    00000012 622C                   EXTU.B      R2,R2
    00000014 E309                   MOV         #9,R3      ; H'00000009
    00000016 3237                   CMP/GT      R3,R2
    00000018 8B05                   BF          L12
    0000001A 66B0                   MOV.B       @R11,R6
    0000001C 626C                   EXTU.B      R6,R2
    0000001E 622C                   EXTU.B      R2,R2
    00000020 7237                   ADD         #55,R2
    00000022 A004                   BRA         L13
    00000024 0009                   NOP
    00000026              L12:
    00000026 66B0                   MOV.B       @R11,R6
    00000028 626C                   EXTU.B      R6,R2
    0000002A 622C                   EXTU.B      R2,R2
    0000002C 7230                   ADD         #48,R2
    0000002E              L13:
    0000002E 6023                   MOV         R2,R0
    00000030 8044                   MOV.B       R0,@(4,R4)
    00000032 7405                   ADD         #5,R4
    00000034 6D43                   MOV         R4,R13
    00000036 66B0                   MOV.B       @R11,R6
    00000038 626C                   EXTU.B      R6,R2
    0000003A 622C                   EXTU.B      R2,R2
    0000003C 6E23                   MOV         R2,R14
    0000003E EC00                   MOV         #0,R12     ; H'00000000
    00000040 2EE8                   TST         R14,R14
    00000042 890D                   BT          L14
    00000044              L15:
    00000044 66B3                   MOV         R11,R6
    00000046 7601                   ADD         #1,R6
    00000048 60C3                   MOV         R12,R0
    0000004A 026C                   MOV.B       @(R0,R6),R2
    0000004C 642C                   EXTU.B      R2,R4
    0000004E 65D3                   MOV         R13,R5
    00000050 644C                   EXTU.B      R4,R4
    00000052 D308                   MOV.L       L17+2,R3   ; _ctoh
    00000054 430B                   JSR         @R3
    00000056 0009                   NOP
    00000058 7D02                   ADD         #2,R13
    0000005A 4E10                   DT          R14
    0000005C 7C01                   ADD         #1,R12
    0000005E 8BF1                   BF          L15
    00000060              L14:
    00000060 60D3                   MOV         R13,R0
    00000062 7F0C                   ADD         #12,R15
    00000064 4F26                   LDS.L       @R15+,PR
    00000066 6EF6                   MOV.L       @R15+,R14
    00000068 6DF6                   MOV.L       @R15+,R13
    0000006A 6CF6                   MOV.L       @R15+,R12
    0000006C 6BF6                   MOV.L       @R15+,R11
    0000006E 000B                   RTS
    00000070 0009                   NOP
    00000072              L17:
    00000072 00000002               .RES.W      1
    00000074 <00000000>             .DATA.L     _ctoh
SH SERIES C/C++ Compiler (Ver. checker(2003.03.17))                                              10-Feb-2005 16:49:26  PAGE    1


******** STATISTICS INFORMATION ********


********** ERROR INFORMATION ***********

NUMBER OF ERRORS:           0
NUMBER OF WARNINGS:         0
NUMBER OF INFORMATIONS:     0



******* SOURCE LINE INFORMATION ********

COMPILED SOURCE LINE:       62



******* SECTION SIZE INFORMATION *******

PROGRAM  SECTION (P):                               00000078 Byte(s)
CONSTANT SECTION (C):                               00000000 Byte(s)
DATA     SECTION (D):                               00000000 Byte(s)
BSS      SECTION (B):                               00000000 Byte(s)

TOTAL PROGRAM  SECTION: 00000078 Byte(s)
TOTAL CONSTANT SECTION: 00000000 Byte(s)
TOTAL DATA     SECTION: 00000000 Byte(s)
TOTAL BSS      SECTION: 00000000 Byte(s)

    TOTAL PROGRAM SIZE: 00000078 Byte(s)



********** LABEL INFORMATION ***********

NUMBER OF EXTERNAL REFERENCE SYMBOLS:            1
NUMBER OF EXTERNAL DEFINITION SYMBOLS:           1
NUMBER OF INTERNAL/EXTERNAL SYMBOLS:             7
*** COMMAND PARAMETER ***


  -cpu=sh3 -op=0 -en=big -me -debug -comment=nest -l -def=DEBUG -i=P:\PRESTO2\SHINC,C:\usr\local\SH\7_1_1\include,P:\PRESTO2\NORTI_12\inc rzr318.c 

