SH SERIES C/C++ Compiler (Ver. checker(2003.03.17))                                              10-Feb-2005 16:49:00  PAGE    1

************ OBJECT LISTING ************

FILE NAME: rzr419.c

SCT OFFSET   CODE       C LABEL     INSTRUCTION OPERAND    COMMENT

P   00000000              _rz_scan_af_parm:                ; function: rz_scan_af_parm
                                                           ; frame size=28
    00000000 2FC6                   MOV.L       R12,@-R15
    00000002 2FD6                   MOV.L       R13,@-R15
    00000004 2FE6                   MOV.L       R14,@-R15
    00000006 4F22                   STS.L       PR,@-R15
    00000008 7FF4                   ADD         #-12,R15
    0000000A 6E43                   MOV         R4,R14
    0000000C 64E3                   MOV         R14,R4
    0000000E 7404                   ADD         #4,R4
    00000010 D321                   MOV.L       L14+2,R3   ; _htoc
    00000012 430B                   JSR         @R3
    00000014 0009                   NOP
    00000016 6203                   MOV         R0,R2
    00000018 632C                   EXTU.B      R2,R3
    0000001A D120                   MOV.L       L14+6,R1   ; _rzr419s
    0000001C 2130                   MOV.B       R3,@R1
    0000001E 64E3                   MOV         R14,R4
    00000020 7406                   ADD         #6,R4
    00000022 D31D                   MOV.L       L14+2,R3   ; _htoc
    00000024 430B                   JSR         @R3
    00000026 0009                   NOP
    00000028 6203                   MOV         R0,R2
    0000002A 632C                   EXTU.B      R2,R3
    0000002C D11C                   MOV.L       L14+10,R1  ; H'00000001+_rzr419s
    0000002E 2130                   MOV.B       R3,@R1
    00000030 7E08                   ADD         #8,R14
    00000032 D31B                   MOV.L       L14+10,R3  ; H'00000001+_rzr419s
    00000034 6330                   MOV.B       @R3,R3
    00000036 633C                   EXTU.B      R3,R3
    00000038 6D33                   MOV         R3,R13
    0000003A D318                   MOV.L       L14+6,R3   ; _rzr419s
    0000003C 6330                   MOV.B       @R3,R3
    0000003E 633C                   EXTU.B      R3,R3
    00000040 6233                   MOV         R3,R2
    00000042 72FF                   ADD         #-1,R2
    00000044 6C23                   MOV         R2,R12
    00000046 2DD8                   TST         R13,R13
    00000048 891C                   BT          L11
    0000004A              L12:
    0000004A 64E3                   MOV         R14,R4
    0000004C D312                   MOV.L       L14+2,R3   ; _htoc
    0000004E 430B                   JSR         @R3
    00000050 0009                   NOP
    00000052 6203                   MOV         R0,R2
    00000054 652C                   EXTU.B      R2,R5
    00000056 D413                   MOV.L       L14+14,R4  ; H'00000002+_rzr419s
    00000058 66C3                   MOV         R12,R6
    0000005A 6263                   MOV         R6,R2
    0000005C 4200                   SHLL        R2
    0000005E 6023                   MOV         R2,R0
    00000060 0454                   MOV.B       R5,@(R0,R4)
    00000062 7E02                   ADD         #2,R14
    00000064 64E3                   MOV         R14,R4
    00000066 D30C                   MOV.L       L14+2,R3   ; _htoc
    00000068 430B                   JSR         @R3
    0000006A 0009                   NOP
    0000006C 6203                   MOV         R0,R2
    0000006E 652C                   EXTU.B      R2,R5
    00000070 D20C                   MOV.L       L14+14,R2  ; H'00000002+_rzr419s
    00000072 7201                   ADD         #1,R2
    00000074 66C3                   MOV         R12,R6
    00000076 4600                   SHLL        R6
    00000078 6063                   MOV         R6,R0
    0000007A 0254                   MOV.B       R5,@(R0,R2)
    0000007C 7E02                   ADD         #2,R14
    0000007E 4D10                   DT          R13
    00000080 7C01                   ADD         #1,R12
    00000082 8BE2                   BF          L12
    00000084              L11:
    00000084 E200                   MOV         #0,R2      ; H'00000000
    00000086 6023                   MOV         R2,R0
    00000088 7F0C                   ADD         #12,R15
    0000008A 4F26                   LDS.L       @R15+,PR
    0000008C 6EF6                   MOV.L       @R15+,R14
    0000008E 6DF6                   MOV.L       @R15+,R13
    00000090 6CF6                   MOV.L       @R15+,R12
    00000092 000B                   RTS
    00000094 0009                   NOP
    00000096              L14:
    00000096 00000002               .RES.W      1
    00000098 <00000000>             .DATA.L     _htoc
    0000009C <00000000>             .DATA.L     _rzr419s
    000000A0 <00000001>             .DATA.L     H'00000001+_rzr419s
    000000A4 <00000002>             .DATA.L     H'00000002+_rzr419s
B   00000000              _rzr419s:                        ; static: rzr419s
    00000000 00000001               .RES.B      66
SH SERIES C/C++ Compiler (Ver. checker(2003.03.17))                                              10-Feb-2005 16:49:00  PAGE    1


******** STATISTICS INFORMATION ********


********** ERROR INFORMATION ***********

NUMBER OF ERRORS:           0
NUMBER OF WARNINGS:         0
NUMBER OF INFORMATIONS:     0



******* SOURCE LINE INFORMATION ********

COMPILED SOURCE LINE:       65



******* SECTION SIZE INFORMATION *******

PROGRAM  SECTION (P):                               000000A8 Byte(s)
CONSTANT SECTION (C):                               00000000 Byte(s)
DATA     SECTION (D):                               00000000 Byte(s)
BSS      SECTION (B):                               00000042 Byte(s)

TOTAL PROGRAM  SECTION: 000000A8 Byte(s)
TOTAL CONSTANT SECTION: 00000000 Byte(s)
TOTAL DATA     SECTION: 00000000 Byte(s)
TOTAL BSS      SECTION: 00000042 Byte(s)

    TOTAL PROGRAM SIZE: 000000EA Byte(s)



********** LABEL INFORMATION ***********

NUMBER OF EXTERNAL REFERENCE SYMBOLS:            1
NUMBER OF EXTERNAL DEFINITION SYMBOLS:           2
NUMBER OF INTERNAL/EXTERNAL SYMBOLS:             6
*** COMMAND PARAMETER ***


  -cpu=sh3 -op=0 -en=big -me -debug -comment=nest -l -def=DEBUG -i=P:\PRESTO2\SHINC,C:\usr\local\SH\7_1_1\include,P:\PRESTO2\NORTI_12\inc rzr419.c 

