SH SERIES C/C++ Compiler (Ver. checker(2003.03.17))                                              10-Feb-2005 16:48:58  PAGE    1

************ OBJECT LISTING ************

FILE NAME: rzr420.c

SCT OFFSET   CODE       C LABEL     INSTRUCTION OPERAND    COMMENT

P   00000000              _rz_print_af_parm:               ; function: rz_print_af_parm
                                                           ; frame size=32
    00000000 2FB6                   MOV.L       R11,@-R15
    00000002 2FC6                   MOV.L       R12,@-R15
    00000004 2FD6                   MOV.L       R13,@-R15
    00000006 2FE6                   MOV.L       R14,@-R15
    00000008 4F22                   STS.L       PR,@-R15
    0000000A 7FF4                   ADD         #-12,R15
    0000000C 6D53                   MOV         R5,R13
    0000000E 6C43                   MOV         R4,R12
    00000010 62D0                   MOV.B       @R13,R2
    00000012 642C                   EXTU.B      R2,R4
    00000014 65C3                   MOV         R12,R5
    00000016 7504                   ADD         #4,R5
    00000018 644C                   EXTU.B      R4,R4
    0000001A D321                   MOV.L       L14+2,R3   ; _ctoh
    0000001C 430B                   JSR         @R3
    0000001E 0009                   NOP
    00000020 84D1                   MOV.B       @(1,R13),R0
    00000022 6203                   MOV         R0,R2
    00000024 642C                   EXTU.B      R2,R4
    00000026 65C3                   MOV         R12,R5
    00000028 7506                   ADD         #6,R5
    0000002A 644C                   EXTU.B      R4,R4
    0000002C D31C                   MOV.L       L14+2,R3   ; _ctoh
    0000002E 430B                   JSR         @R3
    00000030 0009                   NOP
    00000032 7C08                   ADD         #8,R12
    00000034 6EC3                   MOV         R12,R14
    00000036 84D1                   MOV.B       @(1,R13),R0
    00000038 6203                   MOV         R0,R2
    0000003A 662C                   EXTU.B      R2,R6
    0000003C 666C                   EXTU.B      R6,R6
    0000003E 6C63                   MOV         R6,R12
    00000040 62D0                   MOV.B       @R13,R2
    00000042 662C                   EXTU.B      R2,R6
    00000044 666C                   EXTU.B      R6,R6
    00000046 6263                   MOV         R6,R2
    00000048 72FF                   ADD         #-1,R2
    0000004A 6B23                   MOV         R2,R11
    0000004C 2CC8                   TST         R12,R12
    0000004E 891D                   BT          L11
    00000050              L12:
    00000050 66B3                   MOV         R11,R6
    00000052 6263                   MOV         R6,R2
    00000054 4200                   SHLL        R2
    00000056 65D3                   MOV         R13,R5
    00000058 7502                   ADD         #2,R5
    0000005A 6023                   MOV         R2,R0
    0000005C 065C                   MOV.B       @(R0,R5),R6
    0000005E 646C                   EXTU.B      R6,R4
    00000060 65E3                   MOV         R14,R5
    00000062 644C                   EXTU.B      R4,R4
    00000064 D30E                   MOV.L       L14+2,R3   ; _ctoh
    00000066 430B                   JSR         @R3
    00000068 0009                   NOP
    0000006A 7E02                   ADD         #2,R14
    0000006C 62B3                   MOV         R11,R2
    0000006E 4200                   SHLL        R2
    00000070 65D3                   MOV         R13,R5
    00000072 7503                   ADD         #3,R5
    00000074 6023                   MOV         R2,R0
    00000076 065C                   MOV.B       @(R0,R5),R6
    00000078 646C                   EXTU.B      R6,R4
    0000007A 65E3                   MOV         R14,R5
    0000007C 644C                   EXTU.B      R4,R4
    0000007E D308                   MOV.L       L14+2,R3   ; _ctoh
    00000080 430B                   JSR         @R3
    00000082 0009                   NOP
    00000084 7E02                   ADD         #2,R14
    00000086 4C10                   DT          R12
    00000088 7B01                   ADD         #1,R11
    0000008A 8BE1                   BF          L12
    0000008C              L11:
    0000008C 60E3                   MOV         R14,R0
    0000008E 7F0C                   ADD         #12,R15
    00000090 4F26                   LDS.L       @R15+,PR
    00000092 6EF6                   MOV.L       @R15+,R14
    00000094 6DF6                   MOV.L       @R15+,R13
    00000096 6CF6                   MOV.L       @R15+,R12
    00000098 6BF6                   MOV.L       @R15+,R11
    0000009A 000B                   RTS
    0000009C 0009                   NOP
    0000009E              L14:
    0000009E 00000002               .RES.W      1
    000000A0 <00000000>             .DATA.L     _ctoh
SH SERIES C/C++ Compiler (Ver. checker(2003.03.17))                                              10-Feb-2005 16:48:58  PAGE    1


******** STATISTICS INFORMATION ********


********** ERROR INFORMATION ***********

NUMBER OF ERRORS:           0
NUMBER OF WARNINGS:         0
NUMBER OF INFORMATIONS:     0



******* SOURCE LINE INFORMATION ********

COMPILED SOURCE LINE:       65



******* SECTION SIZE INFORMATION *******

PROGRAM  SECTION (P):                               000000A4 Byte(s)
CONSTANT SECTION (C):                               00000000 Byte(s)
DATA     SECTION (D):                               00000000 Byte(s)
BSS      SECTION (B):                               00000000 Byte(s)

TOTAL PROGRAM  SECTION: 000000A4 Byte(s)
TOTAL CONSTANT SECTION: 00000000 Byte(s)
TOTAL DATA     SECTION: 00000000 Byte(s)
TOTAL BSS      SECTION: 00000000 Byte(s)

    TOTAL PROGRAM SIZE: 000000A4 Byte(s)



********** LABEL INFORMATION ***********

NUMBER OF EXTERNAL REFERENCE SYMBOLS:            1
NUMBER OF EXTERNAL DEFINITION SYMBOLS:           1
NUMBER OF INTERNAL/EXTERNAL SYMBOLS:             5
*** COMMAND PARAMETER ***


  -cpu=sh3 -op=0 -en=big -me -debug -comment=nest -l -def=DEBUG -i=P:\PRESTO2\SHINC,C:\usr\local\SH\7_1_1\include,P:\PRESTO2\NORTI_12\inc rzr420.c 

