SH SERIES C/C++ Compiler (Ver. checker(2003.03.17))                                              10-Feb-2005 16:49:13  PAGE    1

************ OBJECT LISTING ************

FILE NAME: rzr523.c

SCT OFFSET   CODE       C LABEL     INSTRUCTION OPERAND    COMMENT

P   00000000              _rz_scan_ext_tgt:                ; function: rz_scan_ext_tgt
                                                           ; frame size=20
    00000000 2FD6                   MOV.L       R13,@-R15
    00000002 2FE6                   MOV.L       R14,@-R15
    00000004 4F22                   STS.L       PR,@-R15
    00000006 7FF8                   ADD         #-8,R15
    00000008 8444                   MOV.B       @(4,R4),R0
    0000000A 6603                   MOV         R0,R6
    0000000C 626C                   EXTU.B      R6,R2
    0000000E 622C                   EXTU.B      R2,R2
    00000010 E339                   MOV         #57,R3     ; H'00000039
    00000012 3237                   CMP/GT      R3,R2
    00000014 8B06                   BF          L12
    00000016 8444                   MOV.B       @(4,R4),R0
    00000018 6203                   MOV         R0,R2
    0000001A 662C                   EXTU.B      R2,R6
    0000001C 666C                   EXTU.B      R6,R6
    0000001E 76C9                   ADD         #-55,R6
    00000020 A005                   BRA         L13
    00000022 0009                   NOP
    00000024              L12:
    00000024 8444                   MOV.B       @(4,R4),R0
    00000026 6203                   MOV         R0,R2
    00000028 662C                   EXTU.B      R2,R6
    0000002A 666C                   EXTU.B      R6,R6
    0000002C 76D0                   ADD         #-48,R6
    0000002E              L13:
    0000002E 6363                   MOV         R6,R3
    00000030 D12F                   MOV.L       L17+2,R1   ; _rzr523s
    00000032 2130                   MOV.B       R3,@R1
    00000034 EE00                   MOV         #0,R14     ; H'00000000
    00000036 7405                   ADD         #5,R4
    00000038 6D43                   MOV         R4,R13
    0000003A D32D                   MOV.L       L17+2,R3   ; _rzr523s
    0000003C 6330                   MOV.B       @R3,R3
    0000003E 633C                   EXTU.B      R3,R3
    00000040 6633                   MOV         R3,R6
    00000042 3E63                   CMP/GE      R6,R14
    00000044 894B                   BT          L14
    00000046              L15:
    00000046 64D3                   MOV         R13,R4
    00000048 D32A                   MOV.L       L17+6,R3   ; _htol
    0000004A 430B                   JSR         @R3
    0000004C 0009                   NOP
    0000004E 6603                   MOV         R0,R6
    00000050 6063                   MOV         R6,R0
    00000052 6603                   MOV         R0,R6
    00000054 D428                   MOV.L       L17+10,R4  ; H'00000004+_rzr523s
    00000056 62E3                   MOV         R14,R2
    00000058 6523                   MOV         R2,R5
    0000005A 4208                   SHLL2       R2
    0000005C 4200                   SHLL        R2
    0000005E 4508                   SHLL2       R5
    00000060 325C                   ADD         R5,R2
    00000062 6023                   MOV         R2,R0
    00000064 0466                   MOV.L       R6,@(R0,R4)
    00000066 64D3                   MOV         R13,R4
    00000068 7408                   ADD         #8,R4
    0000006A D322                   MOV.L       L17+6,R3   ; _htol
    0000006C 430B                   JSR         @R3
    0000006E 0009                   NOP
    00000070 6603                   MOV         R0,R6
    00000072 6063                   MOV         R6,R0
    00000074 6603                   MOV         R0,R6
    00000076 D520                   MOV.L       L17+10,R5  ; H'00000004+_rzr523s
    00000078 7504                   ADD         #4,R5
    0000007A 62E3                   MOV         R14,R2
    0000007C 6423                   MOV         R2,R4
    0000007E 4208                   SHLL2       R2
    00000080 4200                   SHLL        R2
    00000082 4408                   SHLL2       R4
    00000084 324C                   ADD         R4,R2
    00000086 6023                   MOV         R2,R0
    00000088 0566                   MOV.L       R6,@(R0,R5)
    0000008A 64D3                   MOV         R13,R4
    0000008C 7410                   ADD         #16,R4
    0000008E D31B                   MOV.L       L17+14,R3  ; _htoi
    00000090 430B                   JSR         @R3
    00000092 0009                   NOP
    00000094 6203                   MOV         R0,R2
    00000096 642D                   EXTU.W      R2,R4
    00000098 D617                   MOV.L       L17+10,R6  ; H'00000004+_rzr523s
    0000009A 7608                   ADD         #8,R6
    0000009C 62E3                   MOV         R14,R2
    0000009E 6523                   MOV         R2,R5
    000000A0 4208                   SHLL2       R2
    000000A2 4200                   SHLL        R2
    000000A4 4508                   SHLL2       R5
    000000A6 325C                   ADD         R5,R2
    000000A8 6023                   MOV         R2,R0
    000000AA 0645                   MOV.W       R4,@(R0,R6)
    000000AC 64D3                   MOV         R13,R4
    000000AE 7414                   ADD         #20,R4
    000000B0 D312                   MOV.L       L17+14,R3  ; _htoi
    000000B2 430B                   JSR         @R3
    000000B4 0009                   NOP
    000000B6 6203                   MOV         R0,R2
    000000B8 642D                   EXTU.W      R2,R4
    000000BA D50F                   MOV.L       L17+10,R5  ; H'00000004+_rzr523s
    000000BC 750A                   ADD         #10,R5
    000000BE 62E3                   MOV         R14,R2
    000000C0 6623                   MOV         R2,R6
    000000C2 4208                   SHLL2       R2
    000000C4 4200                   SHLL        R2
    000000C6 4608                   SHLL2       R6
    000000C8 326C                   ADD         R6,R2
    000000CA 6023                   MOV         R2,R0
    000000CC 0545                   MOV.W       R4,@(R0,R5)
    000000CE 7E01                   ADD         #1,R14
    000000D0 7D18                   ADD         #24,R13
    000000D2 D307                   MOV.L       L17+2,R3   ; _rzr523s
    000000D4 6330                   MOV.B       @R3,R3
    000000D6 633C                   EXTU.B      R3,R3
    000000D8 6233                   MOV         R3,R2
    000000DA 3E23                   CMP/GE      R2,R14
    000000DC 8BB3                   BF          L15
    000000DE              L14:
    000000DE E200                   MOV         #0,R2      ; H'00000000
    000000E0 6023                   MOV         R2,R0
    000000E2 7F08                   ADD         #8,R15
    000000E4 4F26                   LDS.L       @R15+,PR
    000000E6 6EF6                   MOV.L       @R15+,R14
    000000E8 6DF6                   MOV.L       @R15+,R13
    000000EA 000B                   RTS
    000000EC 0009                   NOP
    000000EE              L17:
    000000EE 00000002               .RES.W      1
    000000F0 <00000000>             .DATA.L     _rzr523s
    000000F4 <00000000>             .DATA.L     _htol
    000000F8 <00000004>             .DATA.L     H'00000004+_rzr523s
    000000FC <00000000>             .DATA.L     _htoi
B   00000000              _rzr523s:                        ; static: rzr523s
    00000000 00000004               .RES.L      25
SH SERIES C/C++ Compiler (Ver. checker(2003.03.17))                                              10-Feb-2005 16:49:13  PAGE    1


******** STATISTICS INFORMATION ********


********** ERROR INFORMATION ***********

NUMBER OF ERRORS:           0
NUMBER OF WARNINGS:         0
NUMBER OF INFORMATIONS:     0



******* SOURCE LINE INFORMATION ********

COMPILED SOURCE LINE:       66



******* SECTION SIZE INFORMATION *******

PROGRAM  SECTION (P):                               00000100 Byte(s)
CONSTANT SECTION (C):                               00000000 Byte(s)
DATA     SECTION (D):                               00000000 Byte(s)
BSS      SECTION (B):                               00000064 Byte(s)

TOTAL PROGRAM  SECTION: 00000100 Byte(s)
TOTAL CONSTANT SECTION: 00000000 Byte(s)
TOTAL DATA     SECTION: 00000000 Byte(s)
TOTAL BSS      SECTION: 00000064 Byte(s)

    TOTAL PROGRAM SIZE: 00000164 Byte(s)



********** LABEL INFORMATION ***********

NUMBER OF EXTERNAL REFERENCE SYMBOLS:            2
NUMBER OF EXTERNAL DEFINITION SYMBOLS:           2
NUMBER OF INTERNAL/EXTERNAL SYMBOLS:             9
*** COMMAND PARAMETER ***


  -cpu=sh3 -op=0 -en=big -me -debug -comment=nest -l -def=DEBUG -i=P:\PRESTO2\SHINC,C:\usr\local\SH\7_1_1\include,P:\PRESTO2\NORTI_12\inc rzr523.c 

