SH SERIES C/C++ Compiler (Ver. checker(2003.03.17))                                              10-Feb-2005 16:49:12  PAGE    1

************ OBJECT LISTING ************

FILE NAME: rzr524.c

SCT OFFSET   CODE       C LABEL     INSTRUCTION OPERAND    COMMENT

P   00000000              _rz_print_ext_tgt:               ; function: rz_print_ext_tgt
                                                           ; frame size=32
    00000000 2FB6                   MOV.L       R11,@-R15
    00000002 2FC6                   MOV.L       R12,@-R15
    00000004 2FD6                   MOV.L       R13,@-R15
    00000006 2FE6                   MOV.L       R14,@-R15
    00000008 4F22                   STS.L       PR,@-R15
    0000000A 7FF4                   ADD         #-12,R15
    0000000C 6B53                   MOV         R5,R11
    0000000E 66B0                   MOV.B       @R11,R6
    00000010 626C                   EXTU.B      R6,R2
    00000012 622C                   EXTU.B      R2,R2
    00000014 E309                   MOV         #9,R3      ; H'00000009
    00000016 3237                   CMP/GT      R3,R2
    00000018 8B06                   BF          L12
    0000001A 62B0                   MOV.B       @R11,R2
    0000001C 662C                   EXTU.B      R2,R6
    0000001E 666C                   EXTU.B      R6,R6
    00000020 6263                   MOV         R6,R2
    00000022 7237                   ADD         #55,R2
    00000024 A005                   BRA         L13
    00000026 0009                   NOP
    00000028              L12:
    00000028 62B0                   MOV.B       @R11,R2
    0000002A 662C                   EXTU.B      R2,R6
    0000002C 666C                   EXTU.B      R6,R6
    0000002E 6263                   MOV         R6,R2
    00000030 7230                   ADD         #48,R2
    00000032              L13:
    00000032 6023                   MOV         R2,R0
    00000034 8044                   MOV.B       R0,@(4,R4)
    00000036 7405                   ADD         #5,R4
    00000038 6E43                   MOV         R4,R14
    0000003A EC00                   MOV         #0,R12     ; H'00000000
    0000003C 6DB3                   MOV         R11,R13
    0000003E 7D04                   ADD         #4,R13
    00000040 66B0                   MOV.B       @R11,R6
    00000042 626C                   EXTU.B      R6,R2
    00000044 622C                   EXTU.B      R2,R2
    00000046 3C23                   CMP/GE      R2,R12
    00000048 8922                   BT          L14
    0000004A              L15:
    0000004A 64D2                   MOV.L       @R13,R4
    0000004C 65E3                   MOV         R14,R5
    0000004E D315                   MOV.L       L17+2,R3   ; _ltoh
    00000050 430B                   JSR         @R3
    00000052 0009                   NOP
    00000054 7E08                   ADD         #8,R14
    00000056 54D1                   MOV.L       @(4,R13),R4
    00000058 65E3                   MOV         R14,R5
    0000005A D312                   MOV.L       L17+2,R3   ; _ltoh
    0000005C 430B                   JSR         @R3
    0000005E 0009                   NOP
    00000060 7E08                   ADD         #8,R14
    00000062 85D4                   MOV.W       @(8,R13),R0
    00000064 6403                   MOV         R0,R4
    00000066 65E3                   MOV         R14,R5
    00000068 644D                   EXTU.W      R4,R4
    0000006A D30F                   MOV.L       L17+6,R3   ; _itoh
    0000006C 430B                   JSR         @R3
    0000006E 0009                   NOP
    00000070 7E04                   ADD         #4,R14
    00000072 85D5                   MOV.W       @(10,R13),R0
    00000074 6403                   MOV         R0,R4
    00000076 65E3                   MOV         R14,R5
    00000078 644D                   EXTU.W      R4,R4
    0000007A D30B                   MOV.L       L17+6,R3   ; _itoh
    0000007C 430B                   JSR         @R3
    0000007E 0009                   NOP
    00000080 7E04                   ADD         #4,R14
    00000082 7C01                   ADD         #1,R12
    00000084 7D0C                   ADD         #12,R13
    00000086 62B0                   MOV.B       @R11,R2
    00000088 662C                   EXTU.B      R2,R6
    0000008A 666C                   EXTU.B      R6,R6
    0000008C 3C63                   CMP/GE      R6,R12
    0000008E 8BDC                   BF          L15
    00000090              L14:
    00000090 60E3                   MOV         R14,R0
    00000092 7F0C                   ADD         #12,R15
    00000094 4F26                   LDS.L       @R15+,PR
    00000096 6EF6                   MOV.L       @R15+,R14
    00000098 6DF6                   MOV.L       @R15+,R13
    0000009A 6CF6                   MOV.L       @R15+,R12
    0000009C 6BF6                   MOV.L       @R15+,R11
    0000009E 000B                   RTS
    000000A0 0009                   NOP
    000000A2              L17:
    000000A2 00000002               .RES.W      1
    000000A4 <00000000>             .DATA.L     _ltoh
    000000A8 <00000000>             .DATA.L     _itoh
SH SERIES C/C++ Compiler (Ver. checker(2003.03.17))                                              10-Feb-2005 16:49:12  PAGE    1


******** STATISTICS INFORMATION ********


********** ERROR INFORMATION ***********

NUMBER OF ERRORS:           0
NUMBER OF WARNINGS:         0
NUMBER OF INFORMATIONS:     0



******* SOURCE LINE INFORMATION ********

COMPILED SOURCE LINE:       69



******* SECTION SIZE INFORMATION *******

PROGRAM  SECTION (P):                               000000AC Byte(s)
CONSTANT SECTION (C):                               00000000 Byte(s)
DATA     SECTION (D):                               00000000 Byte(s)
BSS      SECTION (B):                               00000000 Byte(s)

TOTAL PROGRAM  SECTION: 000000AC Byte(s)
TOTAL CONSTANT SECTION: 00000000 Byte(s)
TOTAL DATA     SECTION: 00000000 Byte(s)
TOTAL BSS      SECTION: 00000000 Byte(s)

    TOTAL PROGRAM SIZE: 000000AC Byte(s)



********** LABEL INFORMATION ***********

NUMBER OF EXTERNAL REFERENCE SYMBOLS:            2
NUMBER OF EXTERNAL DEFINITION SYMBOLS:           1
NUMBER OF INTERNAL/EXTERNAL SYMBOLS:             8
*** COMMAND PARAMETER ***


  -cpu=sh3 -op=0 -en=big -me -debug -comment=nest -l -def=DEBUG -i=P:\PRESTO2\SHINC,C:\usr\local\SH\7_1_1\include,P:\PRESTO2\NORTI_12\inc rzr524.c 

