SH SERIES C/C++ Compiler (Ver. checker(2003.03.17))                                              10-Feb-2005 14:56:58  PAGE    1

************ OBJECT LISTING ************

FILE NAME: arcnet.c

SCT OFFSET   CODE       C LABEL     INSTRUCTION OPERAND    COMMENT

P   00000000              __arc_node:                      ; function: _arc_node
                                                           ; frame size=8
    00000000 4F22                   STS.L       PR,@-R15
    00000002 7FFC                   ADD         #-4,R15
    00000004 D245                   MOV.L       L25+4,R2   ; _com_ctxt_tbl
    00000006 6643                   MOV         R4,R6
    00000008 6463                   MOV         R6,R4
    0000000A 4408                   SHLL2       R4
    0000000C 6643                   MOV         R4,R6
    0000000E 4608                   SHLL2       R6
    00000010 326C                   ADD         R6,R2
    00000012 6423                   MOV         R2,R4
    00000014 655C                   EXTU.B      R5,R5
    00000016 D342                   MOV.L       L25+8,R3   ; _node_hunt
    00000018 430B                   JSR         @R3
    0000001A 0009                   NOP
    0000001C 6203                   MOV         R0,R2
    0000001E 6023                   MOV         R2,R0
    00000020 7F04                   ADD         #4,R15
    00000022 4F26                   LDS.L       @R15+,PR
    00000024 000B                   RTS
    00000026 0009                   NOP
    00000028              __arc_nextid:                    ; function: _arc_nextid
                                                           ; frame size=8
    00000028 4F22                   STS.L       PR,@-R15
    0000002A 7FFC                   ADD         #-4,R15
    0000002C D23B                   MOV.L       L25+4,R2   ; _com_ctxt_tbl
    0000002E 6643                   MOV         R4,R6
    00000030 6563                   MOV         R6,R5
    00000032 4508                   SHLL2       R5
    00000034 6653                   MOV         R5,R6
    00000036 4608                   SHLL2       R6
    00000038 326C                   ADD         R6,R2
    0000003A 6423                   MOV         R2,R4
    0000003C D339                   MOV.L       L25+12,R3  ; _arc_nextid
    0000003E 430B                   JSR         @R3
    00000040 0009                   NOP
    00000042 6203                   MOV         R0,R2
    00000044 6023                   MOV         R2,R0
    00000046 7F04                   ADD         #4,R15
    00000048 4F26                   LDS.L       @R15+,PR
    0000004A 000B                   RTS
    0000004C 0009                   NOP
    0000004E              __chk_arcnet_tbl:                ; function: _chk_arcnet_tbl
                                                           ; frame size=8
    0000004E 7FF8                   ADD         #-8,R15
    00000050 D232                   MOV.L       L25+4,R2   ; _com_ctxt_tbl
    00000052 6643                   MOV         R4,R6
    00000054 6763                   MOV         R6,R7
    00000056 6673                   MOV         R7,R6
    00000058 4608                   SHLL2       R6
    0000005A 6763                   MOV         R6,R7
    0000005C 4708                   SHLL2       R7
    0000005E 327C                   ADD         R7,R2
    00000060 D231                   MOV.L       L25+16,R2  ; _com_hd_tbl
    00000062 6643                   MOV         R4,R6
    00000064 6463                   MOV         R6,R4
    00000066 6643                   MOV         R4,R6
    00000068 4608                   SHLL2       R6
    0000006A 4600                   SHLL        R6
    0000006C 326C                   ADD         R6,R2
    0000006E 6622                   MOV.L       @R2,R6
    00000070 6053                   MOV         R5,R0
    00000072 046C                   MOV.B       @(R0,R6),R4
    00000074 624C                   EXTU.B      R4,R2
    00000076 622C                   EXTU.B      R2,R2
    00000078 2228                   TST         R2,R2
    0000007A 0229                   MOVT        R2
    0000007C E301                   MOV         #1,R3      ; H'00000001
    0000007E 223A                   XOR         R3,R2
    00000080 6023                   MOV         R2,R0
    00000082 7F08                   ADD         #8,R15
    00000084 000B                   RTS
    00000086 0009                   NOP
    00000088              __arc_map:                       ; function: _arc_map
                                                           ; frame size=4
    00000088 4F22                   STS.L       PR,@-R15
    0000008A D328                   MOV.L       L25+20,R3  ; _arc_map
    0000008C 430B                   JSR         @R3
    0000008E 0009                   NOP
    00000090 6203                   MOV         R0,R2
    00000092 6023                   MOV         R2,R0
    00000094 4F26                   LDS.L       @R15+,PR
    00000096 000B                   RTS
    00000098 0009                   NOP
    0000009A              __map_chk:                       ; function: _map_chk
                                                           ; frame size=16
    0000009A 2FE6                   MOV.L       R14,@-R15
    0000009C 4F22                   STS.L       PR,@-R15
    0000009E 7FF8                   ADD         #-8,R15
    000000A0 D21E                   MOV.L       L25+4,R2   ; _com_ctxt_tbl
    000000A2 6543                   MOV         R4,R5
    000000A4 6653                   MOV         R5,R6
    000000A6 4608                   SHLL2       R6
    000000A8 6563                   MOV         R6,R5
    000000AA 4508                   SHLL2       R5
    000000AC 325C                   ADD         R5,R2
    000000AE 6E23                   MOV         R2,R14
    000000B0 D71D                   MOV.L       L25+16,R7  ; _com_hd_tbl
    000000B2 6643                   MOV         R4,R6
    000000B4 6263                   MOV         R6,R2
    000000B6 4208                   SHLL2       R2
    000000B8 4200                   SHLL        R2
    000000BA 372C                   ADD         R2,R7
    000000BC 2F72                   MOV.L       R7,@R15
    000000BE 932B                   MOV.W       L25,R3     ; H'00FF
    000000C0 6533                   MOV         R3,R5
    000000C2 E600                   MOV         #0,R6      ; H'00000000
    000000C4 64E3                   MOV         R14,R4
    000000C6 655C                   EXTU.B      R5,R5
    000000C8 666C                   EXTU.B      R6,R6
    000000CA D319                   MOV.L       L25+24,R3  ; _read_diagr
    000000CC 430B                   JSR         @R3
    000000CE 0009                   NOP
    000000D0 84EF                   MOV.B       @(15,R14),R0
    000000D2 6203                   MOV         R0,R2
    000000D4 642C                   EXTU.B      R2,R4
    000000D6 644C                   EXTU.B      R4,R4
    000000D8 E502                   MOV         #2,R5      ; H'00000002
    000000DA 655C                   EXTU.B      R5,R5
    000000DC 6253                   MOV         R5,R2
    000000DE 931C                   MOV.W       L25+2,R3   ; H'0080
    000000E0 6633                   MOV         R3,R6
    000000E2 666C                   EXTU.B      R6,R6
    000000E4 226B                   OR          R6,R2
    000000E6 2428                   TST         R2,R4
    000000E8 8B06                   BF          L20
    000000EA 67F2                   MOV.L       @R15,R7
    000000EC 5271                   MOV.L       @(4,R7),R2
    000000EE 2228                   TST         R2,R2
    000000F0 8B02                   BF          L20
    000000F2 E201                   MOV         #1,R2      ; H'00000001
    000000F4 A001                   BRA         L22
    000000F6 0009                   NOP
    000000F8              L20:
    000000F8 E200                   MOV         #0,R2      ; H'00000000
    000000FA              L22:
    000000FA 6023                   MOV         R2,R0
    000000FC 7F08                   ADD         #8,R15
    000000FE 4F26                   LDS.L       @R15+,PR
    00000100 6EF6                   MOV.L       @R15+,R14
    00000102 000B                   RTS
    00000104 0009                   NOP
    00000106              __arc_stat:                      ; function: _arc_stat
                                                           ; frame size=4
    00000106 4F22                   STS.L       PR,@-R15
    00000108 D30A                   MOV.L       L25+28,R3  ; _arc_stat
    0000010A 430B                   JSR         @R3
    0000010C 0009                   NOP
    0000010E 6203                   MOV         R0,R2
    00000110 6023                   MOV         R2,R0
    00000112 4F26                   LDS.L       @R15+,PR
    00000114 000B                   RTS
    00000116 0009                   NOP
    00000118              L25:
    00000118 00FF                   .DATA.W     H'00FF
    0000011A 0080                   .DATA.W     H'0080
    0000011C <00000000>             .DATA.L     _com_ctxt_tbl
    00000120 <00000000>             .DATA.L     _node_hunt
    00000124 <00000000>             .DATA.L     _arc_nextid
    00000128 <00000000>             .DATA.L     _com_hd_tbl
    0000012C <00000000>             .DATA.L     _arc_map
    00000130 <00000000>             .DATA.L     _read_diagr
    00000134 <00000000>             .DATA.L     _arc_stat
SH SERIES C/C++ Compiler (Ver. checker(2003.03.17))                                              10-Feb-2005 14:56:58  PAGE    1


******** STATISTICS INFORMATION ********


********** ERROR INFORMATION ***********

NUMBER OF ERRORS:           0
NUMBER OF WARNINGS:         0
NUMBER OF INFORMATIONS:     0



******* SOURCE LINE INFORMATION ********

COMPILED SOURCE LINE:      123



******* SECTION SIZE INFORMATION *******

PROGRAM  SECTION (P):                               00000138 Byte(s)
CONSTANT SECTION (C):                               00000000 Byte(s)
DATA     SECTION (D):                               00000000 Byte(s)
BSS      SECTION (B):                               00000000 Byte(s)

TOTAL PROGRAM  SECTION: 00000138 Byte(s)
TOTAL CONSTANT SECTION: 00000000 Byte(s)
TOTAL DATA     SECTION: 00000000 Byte(s)
TOTAL BSS      SECTION: 00000000 Byte(s)

    TOTAL PROGRAM SIZE: 00000138 Byte(s)



********** LABEL INFORMATION ***********

NUMBER OF EXTERNAL REFERENCE SYMBOLS:            7
NUMBER OF EXTERNAL DEFINITION SYMBOLS:           6
NUMBER OF INTERNAL/EXTERNAL SYMBOLS:            16
*** COMMAND PARAMETER ***


  -cpu=sh2 -op=0 -en=big -me -debug -comment=nest -l -def=DEBUG -i=P:\PRESTO2\SHINC,C:\usr\local\SH\7_1_1\include,P:\PRESTO2\NORTI_12\inc arcnet.c 

