SH SERIES C/C++ Compiler (Ver. checker(2003.03.17))                                              10-Feb-2005 14:57:00  PAGE    1

************ OBJECT LISTING ************

FILE NAME: arcsub.c

SCT OFFSET   CODE       C LABEL     INSTRUCTION OPERAND    COMMENT

P   00000000              _cw_chk_arcnet_tbl:              ; function: cw_chk_arcnet_tbl
                                                           ; frame size=4
    00000000 4F22                   STS.L       PR,@-R15
    00000002 6543                   MOV         R4,R5
    00000004 E400                   MOV         #0,R4      ; H'00000000
    00000006 D31E                   MOV.L       L22+2,R3   ; __chk_arcnet_tbl
    00000008 430B                   JSR         @R3
    0000000A 0009                   NOP
    0000000C 6203                   MOV         R0,R2
    0000000E 6023                   MOV         R2,R0
    00000010 4F26                   LDS.L       @R15+,PR
    00000012 000B                   RTS
    00000014 0009                   NOP
    00000016              _cw_arc_map:                     ; function: cw_arc_map
                                                           ; frame size=4
    00000016 4F22                   STS.L       PR,@-R15
    00000018 E400                   MOV         #0,R4      ; H'00000000
    0000001A D31A                   MOV.L       L22+6,R3   ; __arc_map
    0000001C 430B                   JSR         @R3
    0000001E 0009                   NOP
    00000020 6203                   MOV         R0,R2
    00000022 6023                   MOV         R2,R0
    00000024 4F26                   LDS.L       @R15+,PR
    00000026 000B                   RTS
    00000028 0009                   NOP
    0000002A              _cw_map_chk:                     ; function: cw_map_chk
                                                           ; frame size=4
    0000002A 4F22                   STS.L       PR,@-R15
    0000002C E400                   MOV         #0,R4      ; H'00000000
    0000002E D316                   MOV.L       L22+10,R3  ; __map_chk
    00000030 430B                   JSR         @R3
    00000032 0009                   NOP
    00000034 6203                   MOV         R0,R2
    00000036 6023                   MOV         R2,R0
    00000038 4F26                   LDS.L       @R15+,PR
    0000003A 000B                   RTS
    0000003C 0009                   NOP
    0000003E              _cw_arc_stat:                    ; function: cw_arc_stat
                                                           ; frame size=4
    0000003E 4F22                   STS.L       PR,@-R15
    00000040 6543                   MOV         R4,R5
    00000042 E400                   MOV         #0,R4      ; H'00000000
    00000044 D311                   MOV.L       L22+14,R3  ; __arc_stat
    00000046 430B                   JSR         @R3
    00000048 0009                   NOP
    0000004A 6203                   MOV         R0,R2
    0000004C 6023                   MOV         R2,R0
    0000004E 4F26                   LDS.L       @R15+,PR
    00000050 000B                   RTS
    00000052 0009                   NOP
    00000054              _cw_arc_node:                    ; function: cw_arc_node
                                                           ; frame size=4
    00000054 4F22                   STS.L       PR,@-R15
    00000056 6543                   MOV         R4,R5
    00000058 E400                   MOV         #0,R4      ; H'00000000
    0000005A D30D                   MOV.L       L22+18,R3  ; __arc_node
    0000005C 430B                   JSR         @R3
    0000005E 0009                   NOP
    00000060 6203                   MOV         R0,R2
    00000062 6023                   MOV         R2,R0
    00000064 4F26                   LDS.L       @R15+,PR
    00000066 000B                   RTS
    00000068 0009                   NOP
    0000006A              _cw_arc_nextid:                  ; function: cw_arc_nextid
                                                           ; frame size=4
    0000006A 4F22                   STS.L       PR,@-R15
    0000006C E400                   MOV         #0,R4      ; H'00000000
    0000006E D309                   MOV.L       L22+22,R3  ; __arc_nextid
    00000070 430B                   JSR         @R3
    00000072 0009                   NOP
    00000074 6203                   MOV         R0,R2
    00000076 6023                   MOV         R2,R0
    00000078 4F26                   LDS.L       @R15+,PR
    0000007A 000B                   RTS
    0000007C 0009                   NOP
    0000007E              L22:
    0000007E 00000002               .RES.W      1
    00000080 <00000000>             .DATA.L     __chk_arcnet_tbl
    00000084 <00000000>             .DATA.L     __arc_map
    00000088 <00000000>             .DATA.L     __map_chk
    0000008C <00000000>             .DATA.L     __arc_stat
    00000090 <00000000>             .DATA.L     __arc_node
    00000094 <00000000>             .DATA.L     __arc_nextid
SH SERIES C/C++ Compiler (Ver. checker(2003.03.17))                                              10-Feb-2005 14:57:00  PAGE    1


******** STATISTICS INFORMATION ********


********** ERROR INFORMATION ***********

NUMBER OF ERRORS:           0
NUMBER OF WARNINGS:         0
NUMBER OF INFORMATIONS:     0



******* SOURCE LINE INFORMATION ********

COMPILED SOURCE LINE:       42



******* SECTION SIZE INFORMATION *******

PROGRAM  SECTION (P):                               00000098 Byte(s)
CONSTANT SECTION (C):                               00000000 Byte(s)
DATA     SECTION (D):                               00000000 Byte(s)
BSS      SECTION (B):                               00000000 Byte(s)

TOTAL PROGRAM  SECTION: 00000098 Byte(s)
TOTAL CONSTANT SECTION: 00000000 Byte(s)
TOTAL DATA     SECTION: 00000000 Byte(s)
TOTAL BSS      SECTION: 00000000 Byte(s)

    TOTAL PROGRAM SIZE: 00000098 Byte(s)



********** LABEL INFORMATION ***********

NUMBER OF EXTERNAL REFERENCE SYMBOLS:            6
NUMBER OF EXTERNAL DEFINITION SYMBOLS:           6
NUMBER OF INTERNAL/EXTERNAL SYMBOLS:            13
*** COMMAND PARAMETER ***


  -cpu=sh2 -op=0 -en=big -me -debug -comment=nest -l -def=DEBUG -i=P:\PRESTO2\SHINC,C:\usr\local\SH\7_1_1\include,P:\PRESTO2\NORTI_12\inc arcsub.c 

