*** SuperH RISC engine ASSEMBLER Ver. 5.1 ***    06/01/05 11:58:08                                                       PAGE     1
PROGRAM NAME =

    1                               1               .FILE       "P:\PRESTO2\DMU_v7\bios\t0018\cfio.c"
    2                               2               .IMPORT     _rsstr
    3                               3               .EXPORT     _cf_io
    4                               4               .EXPORT     _cf_io_err
    5                               5               .EXPORT     _cf_io_init
    6                               6               .EXPORT     _cd_chk
    7 00000000                      7               .SECTION    P,CODE,ALIGN=4
    8                               8               .LINE       "P:\PRESTO2\DMU_v7\bios\t0018\cfio.c",30
    9 00000000                     30     _cf_io:                          ; function: cf_io
   10                              30                                      ; frame size=0
   11                              30               .LINE       "P:\PRESTO2\DMU_v7\bios\t0018\cfio.c",30
   12 00000000 4F22                30               STS.L       PR,@-R15
   13 00000002 D107                30               MOV.L       #H'000000F0,R1
   14 00000004 410E                30               LDC         R1,SR
   15 00000006 C90F                30               AND         #H'0000000F,R0
   16 00000008 4008                30               SHLL2       R0
   17 0000000A D206                30               MOV.L       #jt_cf,R2  ;arrangement Top Address
   18 0000000C 302C                30               ADD         R2,R0       ;Add offset_Value
   19 0000000E 6302                30               MOV.L       @R0,R3
   20 00000010 6033                30               MOV.L       R3,R0
   21 00000012 8800                30               CMP/EQ      #0,R0
   22 00000014 8908                30               BT          cf_exit
   23 00000016 400B                30               JSR         @R0
   24 00000018 0009                30               NOP
   25 0000001A 4F26                30               LDS.L       @R15+,PR
   26 0000001C 002B                30               RTE
   27 0000001E 0009                30               NOP
   28                                     ***** BEGIN-POOL *****
   29 00000020 000000F0                   DATA FOR SOURCE-LINE 30
   30 00000024 00000000                   DATA FOR SOURCE-LINE 30
   31                                     ***** END-POOL *****
   32 00000028                     30     cf_exit:
   33 00000028 D004                30               MOV.L       Lrsxxx,R0   ;cf_io_err
   34 0000002A 400B                30               JSR         @R0
   35 0000002C 0009                30               NOP
   36 0000002E D002                30               MOV.L       #-1,R0      ;システムコールの返り値は -1
   37 00000030 4F26                30               LDS.L       @R15+,PR
   38 00000032 002B                30               RTE                     ;異常終了
   39 00000034 0009                30               NOP
   40                                     ***** BEGIN-POOL *****
   41 00000036 0000                       ALIGNMENT CODE
   42 00000038 FFFFFFFF                   DATA FOR SOURCE-LINE 30
   43                                     ***** END-POOL *****
   44 0000003C                     30     Lrsxxx:
   45 0000003C 00000000            30               .DATA.L     _cf_io_err
   46                              30     
   47 00000040                     30               .ALIGN 4
   48 00000040                     30     jt_cf:
   49 00000040 00000000            30               .DATA.L     _cf_io_init               ; r0 = 0
   50 00000044 00000000            30               .DATA.L     _cd_chk                   ; r0 = 1
   51 00000048 00000000            30               .DATA.L     0             ; none
   52 0000004C 00000000            30               .DATA.L     0             ; none
   53 00000050 00000000            30               .DATA.L     0             ; none
   54 00000054 00000000            30               .DATA.L     0             ; none
   55 00000058 00000000            30               .DATA.L     0             ; none
   56 0000005C 00000000            30               .DATA.L     0             ; none
   57 00000060 00000000            30               .DATA.L     0             ; none
*** SuperH RISC engine ASSEMBLER Ver. 5.1 ***    06/01/05 11:58:08                                                       PAGE     2
PROGRAM NAME =

   58 00000064 00000000            30               .DATA.L     0             ; none
   59 00000068 00000000            30               .DATA.L     0             ; none
   60 0000006C 00000000            30               .DATA.L     0             ; none
   61 00000070 00000000            30               .DATA.L     0             ; none
   62 00000074 00000000            30               .DATA.L     0             ; none
   63 00000078 00000000            30               .DATA.L     0             ; none
   64 0000007C 00000000            30               .DATA.L     0             ; none
   65 00000080                     30               .ALIGN      4
   66 00000080 000B                30               RTS
   67 00000082 0009                30               NOP
   68                              30               .LINE       "P:\PRESTO2\DMU_v7\bios\t0018\cfio.c",79
   69 00000084                     79     _cf_io_err:                      ; function: cf_io_err
   70                              79                                      ; frame size=4
   71 00000084 4F22                79               STS.L       PR,@-R15
   72                              79               .LINE       "P:\PRESTO2\DMU_v7\bios\t0018\cfio.c",80
   73 00000086 D410                80               MOV.L       L20+2,R4   ; L21
   74 00000088 D210                80               MOV.L       L20+6,R2   ; _rsstr
   75 0000008A 420B                80               JSR         @R2
   76 0000008C 0009                80               NOP
   77                              80               .LINE       "P:\PRESTO2\DMU_v7\bios\t0018\cfio.c",81
   78 0000008E 4F26                81               LDS.L       @R15+,PR
   79 00000090 000B                81               RTS
   80 00000092 E000                81               MOV         #0,R0      ; H'00000000
   81                              81               .LINE       "P:\PRESTO2\DMU_v7\bios\t0018\cfio.c",85
   82 00000094                     85     _cf_io_init:                     ; function: cf_io_init
   83                              85                                      ; frame size=0
   84                              85               .LINE       "P:\PRESTO2\DMU_v7\bios\t0018\cfio.c",86
   85 00000094 D20E                86               MOV.L       L20+10,R2  ; H'28000800
   86 00000096 D00F                86               MOV.L       L20+14,R0  ; __$phyxinf
   87 00000098 2022                86               MOV.L       R2,@R0
   88                              86               .LINE       "P:\PRESTO2\DMU_v7\bios\t0018\cfio.c",87
   89 0000009A E228                87               MOV         #40,R2     ; H'00000028
   90 0000009C 4218                87               SHLL8       R2
   91 0000009E 4228                87               SHLL16      R2
   92 000000A0 1021                87               MOV.L       R2,@(4,R0)
   93                              87               .LINE       "P:\PRESTO2\DMU_v7\bios\t0018\cfio.c",88
   94 000000A2 E228                88               MOV         #40,R2     ; H'00000028
   95 000000A4 4218                88               SHLL8       R2
   96 000000A6 7220                88               ADD         #32,R2
   97 000000A8 4228                88               SHLL16      R2
   98 000000AA 000B                88               RTS
   99 000000AC 1022                88               MOV.L       R2,@(8,R0)
  100                              88               .LINE       "P:\PRESTO2\DMU_v7\bios\t0018\cfio.c",95
  101 000000AE                     95     _cd_chk:                         ; function: cd_chk
  102                              95                                      ; frame size=0
  103                              95               .LINE       "P:\PRESTO2\DMU_v7\bios\t0018\cfio.c",97
  104 000000AE 2448                97               TST         R4,R4
  105 000000B0 8901                97               BT          L17
  106                              97               .LINE       "P:\PRESTO2\DMU_v7\bios\t0018\cfio.c",99
  107 000000B2 000B                99               RTS
  108 000000B4 E000                99               MOV         #0,R0      ; H'00000000
  109 000000B6                     99     L17:
  110                              99               .LINE       "P:\PRESTO2\DMU_v7\bios\t0018\cfio.c",98
  111 000000B6 E6FD                98               MOV         #-3,R6     ; H'FFFFFFFD
  112 000000B8 4618                98               SHLL8       R6
  113 000000BA 768C                98               ADD         #-116,R6
  114 000000BC 6060                98               MOV.B       @R6,R0
*** SuperH RISC engine ASSEMBLER Ver. 5.1 ***    06/01/05 11:58:08                                                       PAGE     3
PROGRAM NAME =

  115 000000BE C801                98               TST         #1,R0
  116 000000C0 0029                98               MOVT        R0
  117 000000C2 000B                98               RTS
  118 000000C4 CA01                98               XOR         #1,R0
  119 000000C6                     98     L20:
  120 000000C6 00000002            98               .RES.W      1
  121 000000C8 00000000            98               .DATA.L     L21
  122 000000CC 00000000            98               .DATA.L     _rsstr
  123 000000D0 28000800            98               .DATA.L     H'28000800
  124 000000D4 00000000            98               .DATA.L     __$phyxinf
  125 00000000                     98               .SECTION    C,DATA,ALIGN=4
  126 00000000                     98     L21:
  127 00000000 2A2A2A2063665F69    98               .SDATA      "*** cf_io err ***"
      00000008 6F20657272202A2A
      00000010 2A              
  128 00000011 00                  98               .DATA.B     H'00
  129 00000000                     98               .SECTION    B,DATA,ALIGN=4
  130 00000000                     98     __$phyxinf:                      ; static: __$phyxinf
  131 00000000 0000000C            98               .RES.L      3
  132                              98               .END
  *****TOTAL ERRORS       0
  *****TOTAL WARNINGS     0
*** SuperH RISC engine ASSEMBLER Ver. 5.1 ***    06/01/05 11:58:08                                                       PAGE     4

*** CROSS REFERENCE LIST

NAME                             SECTION  ATTR VALUE             SEQUENCE

B                                B        SCT  00000000    129*
C                                C        SCT  00000000    125*
L17                              P             000000B6    105   109*
L20                              P             000000C6     73    74    85    86   119*
L21                              C             00000000    121   126*
Lrsxxx                           P             0000003C     33    44*
P                                P        SCT  00000000      7*
__$phyxinf                       B             00000000    124   130*
_cd_chk                          P        EXPT 000000AE      6    50   101*
_cf_io                           P        EXPT 00000000      3     9*
_cf_io_err                       P        EXPT 00000084      4    45    69*
_cf_io_init                      P        EXPT 00000094      5    49    82*
_rsstr                                    IMPT 00000000      2   122 
cf_exit                          P             00000028     22    32*
jt_cf                            P             00000040     17    48*
*** SuperH RISC engine ASSEMBLER Ver. 5.1 ***    06/01/05 11:58:08                                                       PAGE     5

*** SECTION DATA LIST

SECTION                          ATTRIBUTE    SIZE             START

P                                REL-CODE    0000000D8        
C                                REL-DATA    000000012        
B                                REL-DATA    00000000C        
