*** SuperH RISC engine ASSEMBLER Ver. 5.1 ***    06/01/05 11:58:24                                                       PAGE     1
PROGRAM NAME =

    1                               1               .FILE       "P:\PRESTO2\DMU_v7\bios\t0018\e2sromio.c"
    2                               2               .EXPORT     _e2srom_io
    3                               3               .EXPORT     _e2srom_io_err
    4                               4               .EXPORT     _e2s_handle_ce
    5                               5               .EXPORT     _e2s_handle_di
    6                               6               .EXPORT     _e2s_handle_sk
    7                               7               .EXPORT     _e2s_handle_do
    8 00000000                      8               .SECTION    P,CODE,ALIGN=4
    9                               9               .LINE       "P:\PRESTO2\DMU_v7\bios\t0018\e2sromio.c",24
   10 00000000                     24     _e2srom_io:                      ; function: e2srom_io
   11                              24                                      ; frame size=0
   12                              24               .LINE       "P:\PRESTO2\DMU_v7\bios\t0018\e2sromio.c",24
   13 00000000 4F22                24               STS.L       PR,@-R15
   14 00000002 D107                24               MOV.L       #H'000000F0,R1
   15 00000004 410E                24               LDC         R1,SR
   16 00000006 C90F                24               AND         #H'0000000F,R0
   17 00000008 4008                24               SHLL2       R0
   18 0000000A D206                24               MOV.L       #jt_e2srom,R2  ;arrangement Top Address
   19 0000000C 302C                24               ADD         R2,R0          ;Add offset_Value
   20 0000000E 6302                24               MOV.L       @R0,R3
   21 00000010 6033                24               MOV.L       R3,R0
   22 00000012 8800                24               CMP/EQ      #0,R0
   23 00000014 8908                24               BT          e2srom_exit
   24 00000016 400B                24               JSR         @R0
   25 00000018 0009                24               NOP
   26 0000001A 4F26                24               LDS.L       @R15+,PR
   27 0000001C 002B                24               RTE
   28 0000001E 0009                24               NOP
   29                                     ***** BEGIN-POOL *****
   30 00000020 000000F0                   DATA FOR SOURCE-LINE 24
   31 00000024 00000000                   DATA FOR SOURCE-LINE 24
   32                                     ***** END-POOL *****
   33 00000028                     24     e2srom_exit:
   34 00000028 D004                24               MOV.L       Lrsxxx,R0     ;e2srom_io_err
   35 0000002A 400B                24               JSR         @R0
   36 0000002C 0009                24               NOP
   37 0000002E D002                24               MOV.L       #-1,R0        ;システムコールの返り値は -1
   38 00000030 4F26                24               LDS.L       @R15+,PR
   39 00000032 002B                24               RTE                       ;異常終了
   40 00000034 0009                24               NOP
   41                                     ***** BEGIN-POOL *****
   42 00000036 0000                       ALIGNMENT CODE
   43 00000038 FFFFFFFF                   DATA FOR SOURCE-LINE 24
   44                                     ***** END-POOL *****
   45 0000003C                     24     Lrsxxx:
   46 0000003C 00000000            24               .DATA.L     _e2srom_io_err
   47                              24     
   48 00000040                     24               .ALIGN 4
   49 00000040                     24     jt_e2srom:
   50 00000040 00000000            24               .DATA.L     _e2s_handle_ce ; r0 = 0
   51 00000044 00000000            24               .DATA.L     _e2s_handle_di ; r0 = 1
   52 00000048 00000000            24               .DATA.L     _e2s_handle_sk ; r0 = 2
   53 0000004C 00000000            24               .DATA.L     _e2s_handle_do ; r0 = 3
   54 00000050 00000000            24               .DATA.L     0              ; none
   55 00000054 00000000            24               .DATA.L     0              ; none
   56 00000058 00000000            24               .DATA.L     0              ; none
   57 0000005C 00000000            24               .DATA.L     0              ; none
*** SuperH RISC engine ASSEMBLER Ver. 5.1 ***    06/01/05 11:58:24                                                       PAGE     2
PROGRAM NAME =

   58 00000060 00000000            24               .DATA.L     0              ; none
   59 00000064 00000000            24               .DATA.L     0              ; none
   60 00000068 00000000            24               .DATA.L     0              ; none
   61 0000006C 00000000            24               .DATA.L     0              ; none
   62 00000070 00000000            24               .DATA.L     0              ; none
   63 00000074 00000000            24               .DATA.L     0              ; none
   64 00000078 00000000            24               .DATA.L     0              ; none
   65 0000007C 00000000            24               .DATA.L     0              ; none
   66 00000080                     24               .ALIGN      4
   67 00000080 000B                24               RTS
   68 00000082 0009                24               NOP
   69                              24               .LINE       "P:\PRESTO2\DMU_v7\bios\t0018\e2sromio.c",74
   70 00000084                     74     _e2srom_io_err:                  ; function: e2srom_io_err
   71                              74                                      ; frame size=0
   72                              74               .LINE       "P:\PRESTO2\DMU_v7\bios\t0018\e2sromio.c",76
   73 00000084 000B                76               RTS
   74 00000086 E000                76               MOV         #0,R0      ; H'00000000
   75                              76               .LINE       "P:\PRESTO2\DMU_v7\bios\t0018\e2sromio.c",80
   76 00000088                     80     _e2s_handle_ce:                  ; function: e2s_handle_ce
   77                              80                                      ; frame size=0
   78                              80               .LINE       "P:\PRESTO2\DMU_v7\bios\t0018\e2sromio.c",82
   79 00000088 E5FD                82               MOV         #-3,R5     ; H'FFFFFFFD
   80 0000008A 4518                82               SHLL8       R5
   81 0000008C E201                82               MOV         #1,R2      ; H'00000001
   82 0000008E 758C                82               ADD         #-116,R5
   83 00000090 2628                82               TST         R2,R6
   84 00000092 8F02                82               BF/S        L14
   85 00000094 8451                82               MOV.B       @(1,R5),R0
   86 00000096 A001                82               BRA         L15
   87 00000098 C9FE                82               AND         #254,R0
   88 0000009A                     82     L14:
   89 0000009A CB01                82               OR          #1,R0
   90 0000009C                     82     L15:
   91 0000009C 000B                82               RTS
   92 0000009E 8051                82               MOV.B       R0,@(1,R5)
   93                              82               .LINE       "P:\PRESTO2\DMU_v7\bios\t0018\e2sromio.c",89
   94 000000A0                     89     _e2s_handle_di:                  ; function: e2s_handle_di
   95                              89                                      ; frame size=0
   96                              89               .LINE       "P:\PRESTO2\DMU_v7\bios\t0018\e2sromio.c",91
   97 000000A0 E5FD                91               MOV         #-3,R5     ; H'FFFFFFFD
   98 000000A2 6063                91               MOV         R6,R0
   99 000000A4 4518                91               SHLL8       R5
  100 000000A6 C801                91               TST         #1,R0
  101 000000A8 7584                91               ADD         #-124,R5
  102 000000AA 8F02                91               BF/S        L18
  103 000000AC 6050                91               MOV.B       @R5,R0
  104 000000AE A001                91               BRA         L19
  105 000000B0 C9FB                91               AND         #251,R0
  106 000000B2                     91     L18:
  107 000000B2 CB04                91               OR          #4,R0
  108 000000B4                     91     L19:
  109 000000B4 000B                91               RTS
  110 000000B6 2500                91               MOV.B       R0,@R5
  111                              91               .LINE       "P:\PRESTO2\DMU_v7\bios\t0018\e2sromio.c",98
  112 000000B8                     98     _e2s_handle_sk:                  ; function: e2s_handle_sk
  113                              98                                      ; frame size=0
  114                              98               .LINE       "P:\PRESTO2\DMU_v7\bios\t0018\e2sromio.c",101
*** SuperH RISC engine ASSEMBLER Ver. 5.1 ***    06/01/05 11:58:24                                                       PAGE     3
PROGRAM NAME =

  115 000000B8 E5FD               101               MOV         #-3,R5     ; H'FFFFFFFD
  116 000000BA 6063               101               MOV         R6,R0
  117 000000BC 4518               101               SHLL8       R5
  118 000000BE C801               101               TST         #1,R0
  119 000000C0 7584               101               ADD         #-124,R5
  120 000000C2 8F02               101               BF/S        L22
  121 000000C4 6050               101               MOV.B       @R5,R0
  122 000000C6 A001               101               BRA         L23
  123 000000C8 C9DF               101               AND         #223,R0
  124 000000CA                    101     L22:
  125 000000CA CB20               101               OR          #32,R0
  126 000000CC                    101     L23:
  127 000000CC 000B               101               RTS
  128 000000CE 2500               101               MOV.B       R0,@R5
  129                             101               .LINE       "P:\PRESTO2\DMU_v7\bios\t0018\e2sromio.c",108
  130 000000D0                    108     _e2s_handle_do:                  ; function: e2s_handle_do
  131                             108                                      ; frame size=0
  132 000000D0 E4FD               108               MOV         #-3,R4     ; H'FFFFFFFD
  133 000000D2 4418               108               SHLL8       R4
  134 000000D4 7484               108               ADD         #-124,R4
  135 000000D6                    108     L25:
  136                             108               .LINE       "P:\PRESTO2\DMU_v7\bios\t0018\e2sromio.c",116
  137 000000D6 6040               116               MOV.B       @R4,R0
  138 000000D8 C810               116               TST         #16,R0
  139 000000DA 0029               116               MOVT        R0
  140 000000DC CA01               116               XOR         #1,R0
  141 000000DE 6503               116               MOV         R0,R5
  142                             116               .LINE       "P:\PRESTO2\DMU_v7\bios\t0018\e2sromio.c",115
  143 000000E0 6040               115               MOV.B       @R4,R0
  144 000000E2 C810               115               TST         #16,R0
  145 000000E4 0029               115               MOVT        R0
  146 000000E6 CA01               115               XOR         #1,R0
  147 000000E8 660C               115               EXTU.B      R0,R6
  148 000000EA 605C               115               EXTU.B      R5,R0
  149 000000EC 3060               115               CMP/EQ      R6,R0
  150 000000EE 8BF2               115               BF          L25
  151 000000F0 000B               115               RTS
  152 000000F2 0009               115               NOP
  153                             115               .END
  *****TOTAL ERRORS       0
  *****TOTAL WARNINGS     0
*** SuperH RISC engine ASSEMBLER Ver. 5.1 ***    06/01/05 11:58:24                                                       PAGE     4

*** CROSS REFERENCE LIST

NAME                             SECTION  ATTR VALUE             SEQUENCE

L14                              P             0000009A     84    88*
L15                              P             0000009C     86    90*
L18                              P             000000B2    102   106*
L19                              P             000000B4    104   108*
L22                              P             000000CA    120   124*
L23                              P             000000CC    122   126*
L25                              P             000000D6    135*  150 
Lrsxxx                           P             0000003C     34    45*
P                                P        SCT  00000000      8*
_e2s_handle_ce                   P        EXPT 00000088      4    50    76*
_e2s_handle_di                   P        EXPT 000000A0      5    51    94*
_e2s_handle_do                   P        EXPT 000000D0      7    53   130*
_e2s_handle_sk                   P        EXPT 000000B8      6    52   112*
_e2srom_io                       P        EXPT 00000000      2    10*
_e2srom_io_err                   P        EXPT 00000084      3    46    70*
e2srom_exit                      P             00000028     23    33*
jt_e2srom                        P             00000040     18    49*
*** SuperH RISC engine ASSEMBLER Ver. 5.1 ***    06/01/05 11:58:24                                                       PAGE     5

*** SECTION DATA LIST

SECTION                          ATTRIBUTE    SIZE             START

P                                REL-CODE    0000000F4        
