*** SuperH RISC engine ASSEMBLER Ver. 5.1 ***    06/01/05 11:58:05                                                       PAGE     1
PROGRAM NAME =

    1                               1               .FILE       "P:\PRESTO2\DMU_v7\bios\t0018\icuio.c"
    2                               2               .IMPORT     _rsstr
    3                               3               .EXPORT     _icu_io
    4                               4               .EXPORT     _icu_io_err
    5                               5               .EXPORT     _ena_icu
    6                               6               .EXPORT     _dis_icu
    7                               7               .EXPORT     _icu_dev_hnt
    8                               8               .EXPORT     _get_ipfw
    9                               9               .EXPORT     _getipradr
   10                              10               .EXPORT     _getiprpat
   11 00000000                     11               .SECTION    P,CODE,ALIGN=4
   12                              12               .LINE       "P:\PRESTO2\DMU_v7\bios\t0018\icuio.c",36
   13 00000000                     36     _icu_io:                         ; function: icu_io
   14                              36                                      ; frame size=0
   15                              36               .LINE       "P:\PRESTO2\DMU_v7\bios\t0018\icuio.c",36
   16 00000000 4F22                36               STS.L       PR,@-R15
   17 00000002 D107                36               MOV.L       #H'000000F0,R1
   18 00000004 410E                36               LDC         R1,SR
   19 00000006 C90F                36               AND         #H'0000000F,R0
   20 00000008 4008                36               SHLL2       R0
   21 0000000A D206                36               MOV.L       #jt_icu,R2  ;arrangement Top Address
   22 0000000C 302C                36               ADD         R2,R0       ;Add offset_Value
   23 0000000E 6302                36               MOV.L       @R0,R3
   24 00000010 6033                36               MOV.L       R3,R0
   25 00000012 8800                36               CMP/EQ      #0,R0
   26 00000014 8908                36               BT          icu_exit
   27 00000016 400B                36               JSR         @R0
   28 00000018 0009                36               NOP
   29 0000001A 4F26                36               LDS.L       @R15+,PR
   30 0000001C 002B                36               RTE
   31 0000001E 0009                36               NOP
   32                                     ***** BEGIN-POOL *****
   33 00000020 000000F0                   DATA FOR SOURCE-LINE 36
   34 00000024 00000000                   DATA FOR SOURCE-LINE 36
   35                                     ***** END-POOL *****
   36 00000028                     36     icu_exit:
   37 00000028 D004                36               MOV.L       Lrsxxx,R0   ;icu_io_err
   38 0000002A 400B                36               JSR         @R0
   39 0000002C 0009                36               NOP
   40 0000002E D002                36               MOV.L       #-1,R0      ;システムコールの返り値は -1
   41 00000030 4F26                36               LDS.L       @R15+,PR
   42 00000032 002B                36               RTE                     ;異常終了
   43 00000034 0009                36               NOP
   44                                     ***** BEGIN-POOL *****
   45 00000036 0000                       ALIGNMENT CODE
   46 00000038 FFFFFFFF                   DATA FOR SOURCE-LINE 36
   47                                     ***** END-POOL *****
   48 0000003C                     36     Lrsxxx:
   49 0000003C 00000000            36               .DATA.L     _icu_io_err
   50                              36     
   51 00000040                     36               .ALIGN 4
   52 00000040                     36     jt_icu:
   53 00000040 00000000            36               .DATA.L     _dis_icu          ; r0 = 0
   54 00000044 00000000            36               .DATA.L     _ena_icu          ;    = 1
   55 00000048 00000000            36               .DATA.L     _get_ipfw         ;    = 2
   56 0000004C 00000000            36               .DATA.L     _icu_dev_hnt      ;    = 3
   57 00000050 00000000            36               .DATA.L     0             ; none
*** SuperH RISC engine ASSEMBLER Ver. 5.1 ***    06/01/05 11:58:05                                                       PAGE     2
PROGRAM NAME =

   58 00000054 00000000            36               .DATA.L     0             ; none
   59 00000058 00000000            36               .DATA.L     0             ; none
   60 0000005C 00000000            36               .DATA.L     0             ; none
   61 00000060 00000000            36               .DATA.L     0             ; none
   62 00000064 00000000            36               .DATA.L     0             ; none
   63 00000068 00000000            36               .DATA.L     0             ; none
   64 0000006C 00000000            36               .DATA.L     0             ; none
   65 00000070 00000000            36               .DATA.L     0             ; none
   66 00000074 00000000            36               .DATA.L     0             ; none
   67 00000078 00000000            36               .DATA.L     0             ; none
   68 0000007C 00000000            36               .DATA.L     0             ; none
   69 00000080                     36               .ALIGN      4
   70 00000080 000B                36               RTS
   71 00000082 0009                36               NOP
   72                              36               .LINE       "P:\PRESTO2\DMU_v7\bios\t0018\icuio.c",85
   73 00000084                     85     _icu_io_err:                     ; function: icu_io_err
   74                              85                                      ; frame size=4
   75 00000084 4F22                85               STS.L       PR,@-R15
   76                              85               .LINE       "P:\PRESTO2\DMU_v7\bios\t0018\icuio.c",86
   77 00000086 D428                86               MOV.L       L102+2,R4  ; L308
   78 00000088 D228                86               MOV.L       L102+6,R2  ; _rsstr
   79 0000008A 420B                86               JSR         @R2
   80 0000008C 0009                86               NOP
   81                              86               .LINE       "P:\PRESTO2\DMU_v7\bios\t0018\icuio.c",87
   82 0000008E 4F26                87               LDS.L       @R15+,PR
   83 00000090 000B                87               RTS
   84 00000092 E0FF                87               MOV         #-1,R0     ; H'FFFFFFFF
   85                              87               .LINE       "P:\PRESTO2\DMU_v7\bios\t0018\icuio.c",90
   86 00000094                     90     _ena_icu:                        ; function: ena_icu
   87                              90                                      ; frame size=8
   88 00000094 2FE6                90               MOV.L       R14,@-R15
   89 00000096 4F22                90               STS.L       PR,@-R15
   90 00000098 2448                90               TST         R4,R4
   91                              90               .LINE       "P:\PRESTO2\DMU_v7\bios\t0018\icuio.c",92
   92 0000009A 8F08                92               BF/S        L17
   93 0000009C 6E53                92               MOV         R5,R14
   94                              92               .LINE       "P:\PRESTO2\DMU_v7\bios\t0018\icuio.c",93
   95 0000009E B036                93               BSR         _getipradr
   96 000000A0 0009                93               NOP
   97 000000A2 E3F0                93               MOV         #-16,R3    ; H'FFFFFFF0
   98 000000A4 4318                93               SHLL8       R3
   99 000000A6 303C                93               ADD         R3,R0
  100 000000A8 6201                93               MOV.W       @R0,R2
  101 000000AA 22EB                93               OR          R14,R2
  102 000000AC 2021                93               MOV.W       R2,@R0
  103 000000AE                     93     L17:
  104                              93               .LINE       "P:\PRESTO2\DMU_v7\bios\t0018\icuio.c",99
  105 000000AE E000                99               MOV         #0,R0      ; H'00000000
  106 000000B0 4F26                99               LDS.L       @R15+,PR
  107 000000B2 000B                99               RTS
  108 000000B4 6EF6                99               MOV.L       @R15+,R14
  109                              99               .LINE       "P:\PRESTO2\DMU_v7\bios\t0018\icuio.c",102
  110 000000B6                    102     _dis_icu:                        ; function: dis_icu
  111                             102                                      ; frame size=8
  112 000000B6 2FE6               102               MOV.L       R14,@-R15
  113 000000B8 4F22               102               STS.L       PR,@-R15
  114 000000BA 2448               102               TST         R4,R4
*** SuperH RISC engine ASSEMBLER Ver. 5.1 ***    06/01/05 11:58:05                                                       PAGE     3
PROGRAM NAME =

  115                             102               .LINE       "P:\PRESTO2\DMU_v7\bios\t0018\icuio.c",104
  116 000000BC 8F09               104               BF/S        L24
  117 000000BE 6E53               104               MOV         R5,R14
  118                             104               .LINE       "P:\PRESTO2\DMU_v7\bios\t0018\icuio.c",105
  119 000000C0 B025               105               BSR         _getipradr
  120 000000C2 0009               105               NOP
  121 000000C4 E3F0               105               MOV         #-16,R3    ; H'FFFFFFF0
  122 000000C6 4318               105               SHLL8       R3
  123 000000C8 303C               105               ADD         R3,R0
  124 000000CA 6201               105               MOV.W       @R0,R2
  125 000000CC 66E7               105               NOT         R14,R6
  126 000000CE 2269               105               AND         R6,R2
  127 000000D0 2021               105               MOV.W       R2,@R0
  128 000000D2                    105     L24:
  129                             105               .LINE       "P:\PRESTO2\DMU_v7\bios\t0018\icuio.c",111
  130 000000D2 E000               111               MOV         #0,R0      ; H'00000000
  131 000000D4 4F26               111               LDS.L       @R15+,PR
  132 000000D6 000B               111               RTS
  133 000000D8 6EF6               111               MOV.L       @R15+,R14
  134                             111               .LINE       "P:\PRESTO2\DMU_v7\bios\t0018\icuio.c",114
  135 000000DA                    114     _icu_dev_hnt:                    ; function: icu_dev_hnt
  136                             114                                      ; frame size=8
  137 000000DA 2FE6               114               MOV.L       R14,@-R15
  138 000000DC 4F22               114               STS.L       PR,@-R15
  139                             114               .LINE       "P:\PRESTO2\DMU_v7\bios\t0018\icuio.c",117
  140 000000DE 6652               117               MOV.L       @R5,R6
  141 000000E0 6263               117               MOV         R6,R2
  142 000000E2 4208               117               SHLL2       R2
  143 000000E4 325C               117               ADD         R5,R2
  144 000000E6 7204               117               ADD         #4,R2
  145 000000E8 A005               117               BRA         L27
  146 000000EA 6523               117               MOV         R2,R5
  147 000000EC                    117     L28:
  148                             117               .LINE       "P:\PRESTO2\DMU_v7\bios\t0018\icuio.c",118
  149 000000EC 6252               118               MOV.L       @R5,R2
  150 000000EE 3420               118               CMP/EQ      R2,R4
  151 000000F0 8903               118               BT          L30
  152 000000F2 76FF               118               ADD         #-1,R6
  153 000000F4 75FC               118               ADD         #-4,R5
  154                             118               .LINE       "P:\PRESTO2\DMU_v7\bios\t0018\icuio.c",117
  155 000000F6                    117     L27:
  156 000000F6 2668               117               TST         R6,R6
  157 000000F8 8BF8               117               BF          L28
  158 000000FA                    117     L30:
  159                             117               .LINE       "P:\PRESTO2\DMU_v7\bios\t0018\icuio.c",120
  160 000000FA 763F               120               ADD         #63,R6
  161 000000FC 6E63               120               MOV         R6,R14
  162 000000FE B13C               120               BSR         _getiprpat
  163 00000100 6463               120               MOV         R6,R4
  164                             120               .LINE       "P:\PRESTO2\DMU_v7\bios\t0018\icuio.c",121
  165 00000102 4028               121               SHLL16      R0
  166 00000104 20EB               121               OR          R14,R0
  167 00000106 4F26               121               LDS.L       @R15+,PR
  168 00000108 000B               121               RTS
  169 0000010A 6EF6               121               MOV.L       @R15+,R14
  170                             121               .LINE       "P:\PRESTO2\DMU_v7\bios\t0018\icuio.c",124
  171 0000010C                    124     _get_ipfw:                       ; function: get_ipfw
*** SuperH RISC engine ASSEMBLER Ver. 5.1 ***    06/01/05 11:58:05                                                       PAGE     4
PROGRAM NAME =

  172                             124                                      ; frame size=0
  173                             124               .LINE       "P:\PRESTO2\DMU_v7\bios\t0018\icuio.c",127
  174 0000010C 644F               127               EXTS.W      R4,R4
  175                             127               .LINE       "P:\PRESTO2\DMU_v7\bios\t0018\icuio.c",132
  176 0000010E                    132     _getipradr:                      ; function: getipradr
  177                             132                                      ; frame size=0
  178                             132               .LINE       "P:\PRESTO2\DMU_v7\bios\t0018\icuio.c",136
  179 0000010E 644C               136               EXTU.B      R4,R4
  180 00000110 74C0               136               ADD         #-64,R4
  181 00000112 E33F               136               MOV         #63,R3     ; H'0000003F
  182 00000114 3436               136               CMP/HI      R3,R4
  183 00000116 8B01               136               BF          L306
  184 00000118 A12C               136               BRA         L101
  185 0000011A 0009               136               NOP
  186 0000011C                    136     L306:
  187 0000011C 4400               136               SHLL        R4
  188 0000011E C704               136               MOVA        L103,R0
  189 00000120 004D               136               MOV.W       @(R0,R4),R0
  190 00000122 0023               136               BRAF        R0
  191 00000124 0009               136               NOP
  192 00000126                    136     L102:
  193 00000126 00000002           136               .RES.W      1
  194 00000128 00000000           136               .DATA.L     L308
  195 0000012C 00000000           136               .DATA.L     _rsstr
  196 00000130                    136     L103:
  197 00000130 008A               136               .DATA.W     L35-L102
  198 00000132 0092               136               .DATA.W     L36-L102
  199 00000134 009A               136               .DATA.W     L37-L102
  200 00000136 00A2               136               .DATA.W     L38-L102
  201 00000138 00AA               136               .DATA.W     L39-L102
  202 0000013A 00B2               136               .DATA.W     L40-L102
  203 0000013C 00BA               136               .DATA.W     L41-L102
  204 0000013E 00C2               136               .DATA.W     L42-L102
  205 00000140 00CA               136               .DATA.W     L43-L102
  206 00000142 00D2               136               .DATA.W     L44-L102
  207 00000144 00DA               136               .DATA.W     L45-L102
  208 00000146 00E2               136               .DATA.W     L46-L102
  209 00000148 00EA               136               .DATA.W     L47-L102
  210 0000014A 00F2               136               .DATA.W     L48-L102
  211 0000014C 00F6               136               .DATA.W     L49-L102
  212 0000014E 00FE               136               .DATA.W     L50-L102
  213 00000150 0106               136               .DATA.W     L51-L102
  214 00000152 010E               136               .DATA.W     L52-L102
  215 00000154 0116               136               .DATA.W     L53-L102
  216 00000156 011E               136               .DATA.W     L54-L102
  217 00000158 0126               136               .DATA.W     L55-L102
  218 0000015A 012E               136               .DATA.W     L56-L102
  219 0000015C 0136               136               .DATA.W     L57-L102
  220 0000015E 013E               136               .DATA.W     L58-L102
  221 00000160 0146               136               .DATA.W     L59-L102
  222 00000162 014E               136               .DATA.W     L60-L102
  223 00000164 0156               136               .DATA.W     L61-L102
  224 00000166 015E               136               .DATA.W     L62-L102
  225 00000168 0166               136               .DATA.W     L63-L102
  226 0000016A 016E               136               .DATA.W     L64-L102
  227 0000016C 0176               136               .DATA.W     L65-L102
  228 0000016E 017E               136               .DATA.W     L66-L102
*** SuperH RISC engine ASSEMBLER Ver. 5.1 ***    06/01/05 11:58:05                                                       PAGE     5
PROGRAM NAME =

  229 00000170 0186               136               .DATA.W     L67-L102
  230 00000172 018E               136               .DATA.W     L68-L102
  231 00000174 0196               136               .DATA.W     L69-L102
  232 00000176 019E               136               .DATA.W     L70-L102
  233 00000178 01A6               136               .DATA.W     L71-L102
  234 0000017A 01AE               136               .DATA.W     L72-L102
  235 0000017C 01B6               136               .DATA.W     L73-L102
  236 0000017E 01BE               136               .DATA.W     L74-L102
  237 00000180 01C6               136               .DATA.W     L75-L102
  238 00000182 01CE               136               .DATA.W     L76-L102
  239 00000184 01D6               136               .DATA.W     L77-L102
  240 00000186 01DE               136               .DATA.W     L78-L102
  241 00000188 01E6               136               .DATA.W     L79-L102
  242 0000018A 01EE               136               .DATA.W     L80-L102
  243 0000018C 01F6               136               .DATA.W     L81-L102
  244 0000018E 01FE               136               .DATA.W     L82-L102
  245 00000190 0206               136               .DATA.W     L83-L102
  246 00000192 020E               136               .DATA.W     L84-L102
  247 00000194 0216               136               .DATA.W     L85-L102
  248 00000196 021A               136               .DATA.W     L86-L102
  249 00000198 021E               136               .DATA.W     L87-L102
  250 0000019A 0222               136               .DATA.W     L88-L102
  251 0000019C 0226               136               .DATA.W     L89-L102
  252 0000019E 022A               136               .DATA.W     L90-L102
  253 000001A0 022E               136               .DATA.W     L91-L102
  254 000001A2 0232               136               .DATA.W     L92-L102
  255 000001A4 0236               136               .DATA.W     L93-L102
  256 000001A6 023A               136               .DATA.W     L94-L102
  257 000001A8 023E               136               .DATA.W     L95-L102
  258 000001AA 0242               136               .DATA.W     L96-L102
  259 000001AC 0246               136               .DATA.W     L97-L102
  260 000001AE 024A               136               .DATA.W     L98-L102
  261 000001B0                    136     L35:
  262                             136               .LINE       "P:\PRESTO2\DMU_v7\bios\t0018\icuio.c",137
  263 000001B0 E2FF               137               MOV         #-1,R2     ; H'FFFFFFFF
  264 000001B2 4218               137               SHLL8       R2
  265 000001B4 A0DF               137               BRA         L105
  266 000001B6 72E6               137               ADD         #-26,R2
  267 000001B8                    137     L36:
  268                             137               .LINE       "P:\PRESTO2\DMU_v7\bios\t0018\icuio.c",138
  269 000001B8 E2FF               138               MOV         #-1,R2     ; H'FFFFFFFF
  270 000001BA 4218               138               SHLL8       R2
  271 000001BC A0DB               138               BRA         L105
  272 000001BE 72E6               138               ADD         #-26,R2
  273 000001C0                    138     L37:
  274                             138               .LINE       "P:\PRESTO2\DMU_v7\bios\t0018\icuio.c",139
  275 000001C0 E2FF               139               MOV         #-1,R2     ; H'FFFFFFFF
  276 000001C2 4218               139               SHLL8       R2
  277 000001C4 A0D7               139               BRA         L105
  278 000001C6 72E6               139               ADD         #-26,R2
  279 000001C8                    139     L38:
  280                             139               .LINE       "P:\PRESTO2\DMU_v7\bios\t0018\icuio.c",140
  281 000001C8 E2FF               140               MOV         #-1,R2     ; H'FFFFFFFF
  282 000001CA 4218               140               SHLL8       R2
  283 000001CC A0D3               140               BRA         L105
  284 000001CE 72E6               140               ADD         #-26,R2
  285 000001D0                    140     L39:
*** SuperH RISC engine ASSEMBLER Ver. 5.1 ***    06/01/05 11:58:05                                                       PAGE     6
PROGRAM NAME =

  286                             140               .LINE       "P:\PRESTO2\DMU_v7\bios\t0018\icuio.c",141
  287 000001D0 E2FF               141               MOV         #-1,R2     ; H'FFFFFFFF
  288 000001D2 4218               141               SHLL8       R2
  289 000001D4 A0CF               141               BRA         L105
  290 000001D6 72E6               141               ADD         #-26,R2
  291 000001D8                    141     L40:
  292                             141               .LINE       "P:\PRESTO2\DMU_v7\bios\t0018\icuio.c",142
  293 000001D8 E2FF               142               MOV         #-1,R2     ; H'FFFFFFFF
  294 000001DA 4218               142               SHLL8       R2
  295 000001DC A0CB               142               BRA         L105
  296 000001DE 72E6               142               ADD         #-26,R2
  297 000001E0                    142     L41:
  298                             142               .LINE       "P:\PRESTO2\DMU_v7\bios\t0018\icuio.c",143
  299 000001E0 E2FF               143               MOV         #-1,R2     ; H'FFFFFFFF
  300 000001E2 4218               143               SHLL8       R2
  301 000001E4 A0C7               143               BRA         L105
  302 000001E6 72E6               143               ADD         #-26,R2
  303 000001E8                    143     L42:
  304                             143               .LINE       "P:\PRESTO2\DMU_v7\bios\t0018\icuio.c",144
  305 000001E8 E2FF               144               MOV         #-1,R2     ; H'FFFFFFFF
  306 000001EA 4218               144               SHLL8       R2
  307 000001EC A0C3               144               BRA         L105
  308 000001EE 72E6               144               ADD         #-26,R2
  309 000001F0                    144     L43:
  310                             144               .LINE       "P:\PRESTO2\DMU_v7\bios\t0018\icuio.c",145
  311 000001F0 E2FF               145               MOV         #-1,R2     ; H'FFFFFFFF
  312 000001F2 4218               145               SHLL8       R2
  313 000001F4 A0BF               145               BRA         L105
  314 000001F6 72E2               145               ADD         #-30,R2
  315 000001F8                    145     L44:
  316                             145               .LINE       "P:\PRESTO2\DMU_v7\bios\t0018\icuio.c",146
  317 000001F8 E2FF               146               MOV         #-1,R2     ; H'FFFFFFFF
  318 000001FA 4218               146               SHLL8       R2
  319 000001FC A0BB               146               BRA         L105
  320 000001FE 72E2               146               ADD         #-30,R2
  321 00000200                    146     L45:
  322                             146               .LINE       "P:\PRESTO2\DMU_v7\bios\t0018\icuio.c",147
  323 00000200 E2FF               147               MOV         #-1,R2     ; H'FFFFFFFF
  324 00000202 4218               147               SHLL8       R2
  325 00000204 A0B7               147               BRA         L105
  326 00000206 72E2               147               ADD         #-30,R2
  327 00000208                    147     L46:
  328                             147               .LINE       "P:\PRESTO2\DMU_v7\bios\t0018\icuio.c",148
  329 00000208 E2FF               148               MOV         #-1,R2     ; H'FFFFFFFF
  330 0000020A 4218               148               SHLL8       R2
  331 0000020C A0B3               148               BRA         L105
  332 0000020E 72E2               148               ADD         #-30,R2
  333 00000210                    148     L47:
  334                             148               .LINE       "P:\PRESTO2\DMU_v7\bios\t0018\icuio.c",149
  335 00000210 E2FE               149               MOV         #-2,R2     ; H'FFFFFFFE
  336 00000212 4218               149               SHLL8       R2
  337 00000214 A0AF               149               BRA         L105
  338 00000216 7260               149               ADD         #96,R2
  339 00000218                    149     L48:
  340                             149               .LINE       "P:\PRESTO2\DMU_v7\bios\t0018\icuio.c",150
  341 00000218 A0AD               150               BRA         L105
  342 0000021A E2FF               150               MOV         #-1,R2     ; H'FFFFFFFF
*** SuperH RISC engine ASSEMBLER Ver. 5.1 ***    06/01/05 11:58:05                                                       PAGE     7
PROGRAM NAME =

  343 0000021C                    150     L49:
  344                             150               .LINE       "P:\PRESTO2\DMU_v7\bios\t0018\icuio.c",151
  345 0000021C E2FE               151               MOV         #-2,R2     ; H'FFFFFFFE
  346 0000021E 4218               151               SHLL8       R2
  347 00000220 A0A9               151               BRA         L105
  348 00000222 7260               151               ADD         #96,R2
  349 00000224                    151     L50:
  350                             151               .LINE       "P:\PRESTO2\DMU_v7\bios\t0018\icuio.c",152
  351 00000224 E2FE               152               MOV         #-2,R2     ; H'FFFFFFFE
  352 00000226 4218               152               SHLL8       R2
  353 00000228 A0A5               152               BRA         L105
  354 0000022A 7260               152               ADD         #96,R2
  355 0000022C                    152     L51:
  356                             152               .LINE       "P:\PRESTO2\DMU_v7\bios\t0018\icuio.c",153
  357 0000022C E2FE               153               MOV         #-2,R2     ; H'FFFFFFFE
  358 0000022E 4218               153               SHLL8       R2
  359 00000230 A0A1               153               BRA         L105
  360 00000232 7260               153               ADD         #96,R2
  361 00000234                    153     L52:
  362                             153               .LINE       "P:\PRESTO2\DMU_v7\bios\t0018\icuio.c",154
  363 00000234 E2FE               154               MOV         #-2,R2     ; H'FFFFFFFE
  364 00000236 4218               154               SHLL8       R2
  365 00000238 A09D               154               BRA         L105
  366 0000023A 7240               154               ADD         #64,R2
  367 0000023C                    154     L53:
  368                             154               .LINE       "P:\PRESTO2\DMU_v7\bios\t0018\icuio.c",155
  369 0000023C E2FE               155               MOV         #-2,R2     ; H'FFFFFFFE
  370 0000023E 4218               155               SHLL8       R2
  371 00000240 A099               155               BRA         L105
  372 00000242 7240               155               ADD         #64,R2
  373 00000244                    155     L54:
  374                             155               .LINE       "P:\PRESTO2\DMU_v7\bios\t0018\icuio.c",156
  375 00000244 E2FE               156               MOV         #-2,R2     ; H'FFFFFFFE
  376 00000246 4218               156               SHLL8       R2
  377 00000248 A095               156               BRA         L105
  378 0000024A 7240               156               ADD         #64,R2
  379 0000024C                    156     L55:
  380                             156               .LINE       "P:\PRESTO2\DMU_v7\bios\t0018\icuio.c",157
  381 0000024C E2FE               157               MOV         #-2,R2     ; H'FFFFFFFE
  382 0000024E 4218               157               SHLL8       R2
  383 00000250 A091               157               BRA         L105
  384 00000252 7240               157               ADD         #64,R2
  385 00000254                    157     L56:
  386                             157               .LINE       "P:\PRESTO2\DMU_v7\bios\t0018\icuio.c",158
  387 00000254 E2FE               158               MOV         #-2,R2     ; H'FFFFFFFE
  388 00000256 4218               158               SHLL8       R2
  389 00000258 A08D               158               BRA         L105
  390 0000025A 7240               158               ADD         #64,R2
  391 0000025C                    158     L57:
  392                             158               .LINE       "P:\PRESTO2\DMU_v7\bios\t0018\icuio.c",159
  393 0000025C E2FE               159               MOV         #-2,R2     ; H'FFFFFFFE
  394 0000025E 4218               159               SHLL8       R2
  395 00000260 A089               159               BRA         L105
  396 00000262 7240               159               ADD         #64,R2
  397 00000264                    159     L58:
  398                             159               .LINE       "P:\PRESTO2\DMU_v7\bios\t0018\icuio.c",160
  399 00000264 E2FE               160               MOV         #-2,R2     ; H'FFFFFFFE
*** SuperH RISC engine ASSEMBLER Ver. 5.1 ***    06/01/05 11:58:05                                                       PAGE     8
PROGRAM NAME =

  400 00000266 4218               160               SHLL8       R2
  401 00000268 A085               160               BRA         L105
  402 0000026A 7240               160               ADD         #64,R2
  403 0000026C                    160     L59:
  404                             160               .LINE       "P:\PRESTO2\DMU_v7\bios\t0018\icuio.c",161
  405 0000026C E2FE               161               MOV         #-2,R2     ; H'FFFFFFFE
  406 0000026E 4218               161               SHLL8       R2
  407 00000270 A081               161               BRA         L105
  408 00000272 7240               161               ADD         #64,R2
  409 00000274                    161     L60:
  410                             161               .LINE       "P:\PRESTO2\DMU_v7\bios\t0018\icuio.c",162
  411 00000274 E2FE               162               MOV         #-2,R2     ; H'FFFFFFFE
  412 00000276 4218               162               SHLL8       R2
  413 00000278 A07D               162               BRA         L105
  414 0000027A 7240               162               ADD         #64,R2
  415 0000027C                    162     L61:
  416                             162               .LINE       "P:\PRESTO2\DMU_v7\bios\t0018\icuio.c",163
  417 0000027C E2FE               163               MOV         #-2,R2     ; H'FFFFFFFE
  418 0000027E 4218               163               SHLL8       R2
  419 00000280 A079               163               BRA         L105
  420 00000282 7240               163               ADD         #64,R2
  421 00000284                    163     L62:
  422                             163               .LINE       "P:\PRESTO2\DMU_v7\bios\t0018\icuio.c",164
  423 00000284 E2FE               164               MOV         #-2,R2     ; H'FFFFFFFE
  424 00000286 4218               164               SHLL8       R2
  425 00000288 A075               164               BRA         L105
  426 0000028A 7240               164               ADD         #64,R2
  427 0000028C                    164     L63:
  428                             164               .LINE       "P:\PRESTO2\DMU_v7\bios\t0018\icuio.c",165
  429 0000028C E2FE               165               MOV         #-2,R2     ; H'FFFFFFFE
  430 0000028E 4218               165               SHLL8       R2
  431 00000290 A071               165               BRA         L105
  432 00000292 7240               165               ADD         #64,R2
  433 00000294                    165     L64:
  434                             165               .LINE       "P:\PRESTO2\DMU_v7\bios\t0018\icuio.c",166
  435 00000294 E2FE               166               MOV         #-2,R2     ; H'FFFFFFFE
  436 00000296 4218               166               SHLL8       R2
  437 00000298 A06D               166               BRA         L105
  438 0000029A 7240               166               ADD         #64,R2
  439 0000029C                    166     L65:
  440                             166               .LINE       "P:\PRESTO2\DMU_v7\bios\t0018\icuio.c",167
  441 0000029C E2FE               167               MOV         #-2,R2     ; H'FFFFFFFE
  442 0000029E 4218               167               SHLL8       R2
  443 000002A0 A069               167               BRA         L105
  444 000002A2 7240               167               ADD         #64,R2
  445 000002A4                    167     L66:
  446                             167               .LINE       "P:\PRESTO2\DMU_v7\bios\t0018\icuio.c",168
  447 000002A4 E2FE               168               MOV         #-2,R2     ; H'FFFFFFFE
  448 000002A6 4218               168               SHLL8       R2
  449 000002A8 A065               168               BRA         L105
  450 000002AA 7240               168               ADD         #64,R2
  451 000002AC                    168     L67:
  452                             168               .LINE       "P:\PRESTO2\DMU_v7\bios\t0018\icuio.c",169
  453 000002AC E2FE               169               MOV         #-2,R2     ; H'FFFFFFFE
  454 000002AE 4218               169               SHLL8       R2
  455 000002B0 A061               169               BRA         L105
  456 000002B2 7240               169               ADD         #64,R2
*** SuperH RISC engine ASSEMBLER Ver. 5.1 ***    06/01/05 11:58:05                                                       PAGE     9
PROGRAM NAME =

  457 000002B4                    169     L68:
  458                             169               .LINE       "P:\PRESTO2\DMU_v7\bios\t0018\icuio.c",170
  459 000002B4 E2FE               170               MOV         #-2,R2     ; H'FFFFFFFE
  460 000002B6 4218               170               SHLL8       R2
  461 000002B8 A05D               170               BRA         L105
  462 000002BA 7240               170               ADD         #64,R2
  463 000002BC                    170     L69:
  464                             170               .LINE       "P:\PRESTO2\DMU_v7\bios\t0018\icuio.c",171
  465 000002BC E2FF               171               MOV         #-1,R2     ; H'FFFFFFFF
  466 000002BE 4218               171               SHLL8       R2
  467 000002C0 A059               171               BRA         L105
  468 000002C2 72C0               171               ADD         #-64,R2
  469 000002C4                    171     L70:
  470                             171               .LINE       "P:\PRESTO2\DMU_v7\bios\t0018\icuio.c",172
  471 000002C4 E2FF               172               MOV         #-1,R2     ; H'FFFFFFFF
  472 000002C6 4218               172               SHLL8       R2
  473 000002C8 A055               172               BRA         L105
  474 000002CA 72C0               172               ADD         #-64,R2
  475 000002CC                    172     L71:
  476                             172               .LINE       "P:\PRESTO2\DMU_v7\bios\t0018\icuio.c",173
  477 000002CC E2FF               173               MOV         #-1,R2     ; H'FFFFFFFF
  478 000002CE 4218               173               SHLL8       R2
  479 000002D0 A051               173               BRA         L105
  480 000002D2 72C0               173               ADD         #-64,R2
  481 000002D4                    173     L72:
  482                             173               .LINE       "P:\PRESTO2\DMU_v7\bios\t0018\icuio.c",174
  483 000002D4 E2FF               174               MOV         #-1,R2     ; H'FFFFFFFF
  484 000002D6 4218               174               SHLL8       R2
  485 000002D8 A04D               174               BRA         L105
  486 000002DA 72C0               174               ADD         #-64,R2
  487 000002DC                    174     L73:
  488                             174               .LINE       "P:\PRESTO2\DMU_v7\bios\t0018\icuio.c",175
  489 000002DC E2FF               175               MOV         #-1,R2     ; H'FFFFFFFF
  490 000002DE 4218               175               SHLL8       R2
  491 000002E0 A049               175               BRA         L105
  492 000002E2 72C0               175               ADD         #-64,R2
  493 000002E4                    175     L74:
  494                             175               .LINE       "P:\PRESTO2\DMU_v7\bios\t0018\icuio.c",176
  495 000002E4 E2FF               176               MOV         #-1,R2     ; H'FFFFFFFF
  496 000002E6 4218               176               SHLL8       R2
  497 000002E8 A045               176               BRA         L105
  498 000002EA 72C0               176               ADD         #-64,R2
  499 000002EC                    176     L75:
  500                             176               .LINE       "P:\PRESTO2\DMU_v7\bios\t0018\icuio.c",177
  501 000002EC E2FF               177               MOV         #-1,R2     ; H'FFFFFFFF
  502 000002EE 4218               177               SHLL8       R2
  503 000002F0 A041               177               BRA         L105
  504 000002F2 72C0               177               ADD         #-64,R2
  505 000002F4                    177     L76:
  506                             177               .LINE       "P:\PRESTO2\DMU_v7\bios\t0018\icuio.c",178
  507 000002F4 E2FF               178               MOV         #-1,R2     ; H'FFFFFFFF
  508 000002F6 4218               178               SHLL8       R2
  509 000002F8 A03D               178               BRA         L105
  510 000002FA 72C0               178               ADD         #-64,R2
  511 000002FC                    178     L77:
  512                             178               .LINE       "P:\PRESTO2\DMU_v7\bios\t0018\icuio.c",179
  513 000002FC E2FF               179               MOV         #-1,R2     ; H'FFFFFFFF
*** SuperH RISC engine ASSEMBLER Ver. 5.1 ***    06/01/05 11:58:05                                                       PAGE    10
PROGRAM NAME =

  514 000002FE 4218               179               SHLL8       R2
  515 00000300 A039               179               BRA         L105
  516 00000302 72C0               179               ADD         #-64,R2
  517 00000304                    179     L78:
  518                             179               .LINE       "P:\PRESTO2\DMU_v7\bios\t0018\icuio.c",180
  519 00000304 E2FF               180               MOV         #-1,R2     ; H'FFFFFFFF
  520 00000306 4218               180               SHLL8       R2
  521 00000308 A035               180               BRA         L105
  522 0000030A 72C0               180               ADD         #-64,R2
  523 0000030C                    180     L79:
  524                             180               .LINE       "P:\PRESTO2\DMU_v7\bios\t0018\icuio.c",181
  525 0000030C E2FF               181               MOV         #-1,R2     ; H'FFFFFFFF
  526 0000030E 4218               181               SHLL8       R2
  527 00000310 A031               181               BRA         L105
  528 00000312 72C0               181               ADD         #-64,R2
  529 00000314                    181     L80:
  530                             181               .LINE       "P:\PRESTO2\DMU_v7\bios\t0018\icuio.c",182
  531 00000314 E2FF               182               MOV         #-1,R2     ; H'FFFFFFFF
  532 00000316 4218               182               SHLL8       R2
  533 00000318 A02D               182               BRA         L105
  534 0000031A 72C0               182               ADD         #-64,R2
  535 0000031C                    182     L81:
  536                             182               .LINE       "P:\PRESTO2\DMU_v7\bios\t0018\icuio.c",183
  537 0000031C E2FF               183               MOV         #-1,R2     ; H'FFFFFFFF
  538 0000031E 4218               183               SHLL8       R2
  539 00000320 A029               183               BRA         L105
  540 00000322 72C0               183               ADD         #-64,R2
  541 00000324                    183     L82:
  542                             183               .LINE       "P:\PRESTO2\DMU_v7\bios\t0018\icuio.c",184
  543 00000324 E2FF               184               MOV         #-1,R2     ; H'FFFFFFFF
  544 00000326 4218               184               SHLL8       R2
  545 00000328 A025               184               BRA         L105
  546 0000032A 72C0               184               ADD         #-64,R2
  547 0000032C                    184     L83:
  548                             184               .LINE       "P:\PRESTO2\DMU_v7\bios\t0018\icuio.c",185
  549 0000032C E2FF               185               MOV         #-1,R2     ; H'FFFFFFFF
  550 0000032E 4218               185               SHLL8       R2
  551 00000330 A021               185               BRA         L105
  552 00000332 72C0               185               ADD         #-64,R2
  553 00000334                    185     L84:
  554                             185               .LINE       "P:\PRESTO2\DMU_v7\bios\t0018\icuio.c",186
  555 00000334 E2FF               186               MOV         #-1,R2     ; H'FFFFFFFF
  556 00000336 4218               186               SHLL8       R2
  557 00000338 A01D               186               BRA         L105
  558 0000033A 72C0               186               ADD         #-64,R2
  559 0000033C                    186     L85:
  560                             186               .LINE       "P:\PRESTO2\DMU_v7\bios\t0018\icuio.c",187
  561 0000033C A01B               187               BRA         L105
  562 0000033E E2FF               187               MOV         #-1,R2     ; H'FFFFFFFF
  563 00000340                    187     L86:
  564                             187               .LINE       "P:\PRESTO2\DMU_v7\bios\t0018\icuio.c",188
  565 00000340 A019               188               BRA         L105
  566 00000342 E2FF               188               MOV         #-1,R2     ; H'FFFFFFFF
  567 00000344                    188     L87:
  568                             188               .LINE       "P:\PRESTO2\DMU_v7\bios\t0018\icuio.c",189
  569 00000344 A017               189               BRA         L105
  570 00000346 E2FF               189               MOV         #-1,R2     ; H'FFFFFFFF
*** SuperH RISC engine ASSEMBLER Ver. 5.1 ***    06/01/05 11:58:05                                                       PAGE    11
PROGRAM NAME =

  571 00000348                    189     L88:
  572                             189               .LINE       "P:\PRESTO2\DMU_v7\bios\t0018\icuio.c",190
  573 00000348 A015               190               BRA         L105
  574 0000034A E2FF               190               MOV         #-1,R2     ; H'FFFFFFFF
  575 0000034C                    190     L89:
  576                             190               .LINE       "P:\PRESTO2\DMU_v7\bios\t0018\icuio.c",191
  577 0000034C A013               191               BRA         L105
  578 0000034E E2FF               191               MOV         #-1,R2     ; H'FFFFFFFF
  579 00000350                    191     L90:
  580                             191               .LINE       "P:\PRESTO2\DMU_v7\bios\t0018\icuio.c",192
  581 00000350 A011               192               BRA         L105
  582 00000352 E2FF               192               MOV         #-1,R2     ; H'FFFFFFFF
  583 00000354                    192     L91:
  584                             192               .LINE       "P:\PRESTO2\DMU_v7\bios\t0018\icuio.c",193
  585 00000354 A00F               193               BRA         L105
  586 00000356 E2FF               193               MOV         #-1,R2     ; H'FFFFFFFF
  587 00000358                    193     L92:
  588                             193               .LINE       "P:\PRESTO2\DMU_v7\bios\t0018\icuio.c",194
  589 00000358 A00D               194               BRA         L105
  590 0000035A E2FF               194               MOV         #-1,R2     ; H'FFFFFFFF
  591 0000035C                    194     L93:
  592                             194               .LINE       "P:\PRESTO2\DMU_v7\bios\t0018\icuio.c",195
  593 0000035C A00B               195               BRA         L105
  594 0000035E E2FF               195               MOV         #-1,R2     ; H'FFFFFFFF
  595 00000360                    195     L94:
  596                             195               .LINE       "P:\PRESTO2\DMU_v7\bios\t0018\icuio.c",196
  597 00000360 A009               196               BRA         L105
  598 00000362 E2FF               196               MOV         #-1,R2     ; H'FFFFFFFF
  599 00000364                    196     L95:
  600                             196               .LINE       "P:\PRESTO2\DMU_v7\bios\t0018\icuio.c",197
  601 00000364 A007               197               BRA         L105
  602 00000366 E2FF               197               MOV         #-1,R2     ; H'FFFFFFFF
  603 00000368                    197     L96:
  604                             197               .LINE       "P:\PRESTO2\DMU_v7\bios\t0018\icuio.c",198
  605 00000368 A005               198               BRA         L105
  606 0000036A E2FF               198               MOV         #-1,R2     ; H'FFFFFFFF
  607 0000036C                    198     L97:
  608                             198               .LINE       "P:\PRESTO2\DMU_v7\bios\t0018\icuio.c",199
  609 0000036C A003               199               BRA         L105
  610 0000036E E2FF               199               MOV         #-1,R2     ; H'FFFFFFFF
  611 00000370                    199     L98:
  612                             199               .LINE       "P:\PRESTO2\DMU_v7\bios\t0018\icuio.c",200
  613 00000370 A001               200               BRA         L105
  614 00000372 E2FF               200               MOV         #-1,R2     ; H'FFFFFFFF
  615 00000374                    200     L101:
  616                             200               .LINE       "P:\PRESTO2\DMU_v7\bios\t0018\icuio.c",201
  617 00000374 E2FF               201               MOV         #-1,R2     ; H'FFFFFFFF
  618 00000376                    201     L105:
  619 00000376 000B               201               RTS
  620 00000378 6023               201               MOV         R2,R0
  621                             201               .LINE       "P:\PRESTO2\DMU_v7\bios\t0018\icuio.c",208
  622 0000037A                    208     _getiprpat:                      ; function: getiprpat
  623                             208                                      ; frame size=0
  624                             208               .LINE       "P:\PRESTO2\DMU_v7\bios\t0018\icuio.c",213
  625 0000037A 644C               213               EXTU.B      R4,R4
  626 0000037C 74C0               213               ADD         #-64,R4
  627 0000037E E33F               213               MOV         #63,R3     ; H'0000003F
*** SuperH RISC engine ASSEMBLER Ver. 5.1 ***    06/01/05 11:58:05                                                       PAGE    12
PROGRAM NAME =

  628 00000380 3436               213               CMP/HI      R3,R4
  629 00000382 8B01               213               BF          L307
  630 00000384 A0F9               213               BRA         L237
  631 00000386 0009               213               NOP
  632 00000388                    213     L307:
  633 00000388 4400               213               SHLL        R4
  634 0000038A C702               213               MOVA        L239,R0
  635 0000038C 004D               213               MOV.W       @(R0,R4),R0
  636 0000038E 0023               213               BRAF        R0
  637 00000390 0009               213               NOP
  638 00000392                    213     L238:
  639 00000392 00000002           213               .RES.W      1
  640 00000394                    213     L239:
  641 00000394 0082               213               .DATA.W     L171-L238
  642 00000396 0088               213               .DATA.W     L172-L238
  643 00000398 008E               213               .DATA.W     L173-L238
  644 0000039A 0096               213               .DATA.W     L174-L238
  645 0000039C 009A               213               .DATA.W     L175-L238
  646 0000039E 00A0               213               .DATA.W     L176-L238
  647 000003A0 00A6               213               .DATA.W     L177-L238
  648 000003A2 00AE               213               .DATA.W     L178-L238
  649 000003A4 00B2               213               .DATA.W     L179-L238
  650 000003A6 00B8               213               .DATA.W     L180-L238
  651 000003A8 00BE               213               .DATA.W     L181-L238
  652 000003AA 00C6               213               .DATA.W     L182-L238
  653 000003AC 00CE               213               .DATA.W     L183-L238
  654 000003AE 00D4               213               .DATA.W     L184-L238
  655 000003B0 00D8               213               .DATA.W     L185-L238
  656 000003B2 00DE               213               .DATA.W     L186-L238
  657 000003B4 00E4               213               .DATA.W     L187-L238
  658 000003B6 00EA               213               .DATA.W     L188-L238
  659 000003B8 00F0               213               .DATA.W     L189-L238
  660 000003BA 00F6               213               .DATA.W     L190-L238
  661 000003BC 00FC               213               .DATA.W     L191-L238
  662 000003BE 0102               213               .DATA.W     L192-L238
  663 000003C0 0108               213               .DATA.W     L193-L238
  664 000003C2 010E               213               .DATA.W     L194-L238
  665 000003C4 0114               213               .DATA.W     L195-L238
  666 000003C6 011A               213               .DATA.W     L196-L238
  667 000003C8 0120               213               .DATA.W     L197-L238
  668 000003CA 0128               213               .DATA.W     L198-L238
  669 000003CC 0130               213               .DATA.W     L199-L238
  670 000003CE 0138               213               .DATA.W     L200-L238
  671 000003D0 0140               213               .DATA.W     L201-L238
  672 000003D2 0144               213               .DATA.W     L202-L238
  673 000003D4 0148               213               .DATA.W     L203-L238
  674 000003D6 014C               213               .DATA.W     L204-L238
  675 000003D8 0150               213               .DATA.W     L205-L238
  676 000003DA 0156               213               .DATA.W     L206-L238
  677 000003DC 015C               213               .DATA.W     L207-L238
  678 000003DE 0162               213               .DATA.W     L208-L238
  679 000003E0 0168               213               .DATA.W     L209-L238
  680 000003E2 016E               213               .DATA.W     L210-L238
  681 000003E4 0174               213               .DATA.W     L211-L238
  682 000003E6 017A               213               .DATA.W     L212-L238
  683 000003E8 0180               213               .DATA.W     L213-L238
  684 000003EA 0188               213               .DATA.W     L214-L238
*** SuperH RISC engine ASSEMBLER Ver. 5.1 ***    06/01/05 11:58:05                                                       PAGE    13
PROGRAM NAME =

  685 000003EC 0190               213               .DATA.W     L215-L238
  686 000003EE 0198               213               .DATA.W     L216-L238
  687 000003F0 01A0               213               .DATA.W     L217-L238
  688 000003F2 01A4               213               .DATA.W     L218-L238
  689 000003F4 01A8               213               .DATA.W     L219-L238
  690 000003F6 01AC               213               .DATA.W     L220-L238
  691 000003F8 01B0               213               .DATA.W     L221-L238
  692 000003FA 01B4               213               .DATA.W     L222-L238
  693 000003FC 01B8               213               .DATA.W     L223-L238
  694 000003FE 01BC               213               .DATA.W     L224-L238
  695 00000400 01C0               213               .DATA.W     L225-L238
  696 00000402 01C4               213               .DATA.W     L226-L238
  697 00000404 01C8               213               .DATA.W     L227-L238
  698 00000406 01CC               213               .DATA.W     L228-L238
  699 00000408 01D0               213               .DATA.W     L229-L238
  700 0000040A 01D4               213               .DATA.W     L230-L238
  701 0000040C 01D8               213               .DATA.W     L231-L238
  702 0000040E 01DC               213               .DATA.W     L232-L238
  703 00000410 01E0               213               .DATA.W     L233-L238
  704 00000412 01E4               213               .DATA.W     L234-L238
  705 00000414                    213     L171:
  706                             213               .LINE       "P:\PRESTO2\DMU_v7\bios\t0018\icuio.c",214
  707 00000414 D25A               214               MOV.L       L305,R2    ; H'0000F000
  708 00000416 A0B1               214               BRA         L241
  709 00000418 0009               214               NOP
  710 0000041A                    214     L172:
  711                             214               .LINE       "P:\PRESTO2\DMU_v7\bios\t0018\icuio.c",215
  712 0000041A E20F               215               MOV         #15,R2     ; H'0000000F
  713 0000041C A0AE               215               BRA         L241
  714 0000041E 4218               215               SHLL8       R2
  715 00000420                    215     L173:
  716                             215               .LINE       "P:\PRESTO2\DMU_v7\bios\t0018\icuio.c",216
  717 00000420 E3F0               216               MOV         #-16,R3    ; H'FFFFFFF0
  718 00000422 623C               216               EXTU.B      R3,R2
  719 00000424 A0AA               216               BRA         L241
  720 00000426 0009               216               NOP
  721 00000428                    216     L174:
  722                             216               .LINE       "P:\PRESTO2\DMU_v7\bios\t0018\icuio.c",217
  723 00000428 A0A8               217               BRA         L241
  724 0000042A E20F               217               MOV         #15,R2     ; H'0000000F
  725 0000042C                    217     L175:
  726                             217               .LINE       "P:\PRESTO2\DMU_v7\bios\t0018\icuio.c",218
  727 0000042C D254               218               MOV.L       L305,R2    ; H'0000F000
  728 0000042E A0A5               218               BRA         L241
  729 00000430 0009               218               NOP
  730 00000432                    218     L176:
  731                             218               .LINE       "P:\PRESTO2\DMU_v7\bios\t0018\icuio.c",219
  732 00000432 E20F               219               MOV         #15,R2     ; H'0000000F
  733 00000434 A0A2               219               BRA         L241
  734 00000436 4218               219               SHLL8       R2
  735 00000438                    219     L177:
  736                             219               .LINE       "P:\PRESTO2\DMU_v7\bios\t0018\icuio.c",220
  737 00000438 E3F0               220               MOV         #-16,R3    ; H'FFFFFFF0
  738 0000043A 623C               220               EXTU.B      R3,R2
  739 0000043C A09E               220               BRA         L241
  740 0000043E 0009               220               NOP
  741 00000440                    220     L178:
*** SuperH RISC engine ASSEMBLER Ver. 5.1 ***    06/01/05 11:58:05                                                       PAGE    14
PROGRAM NAME =

  742                             220               .LINE       "P:\PRESTO2\DMU_v7\bios\t0018\icuio.c",221
  743 00000440 A09C               221               BRA         L241
  744 00000442 E20F               221               MOV         #15,R2     ; H'0000000F
  745 00000444                    221     L179:
  746                             221               .LINE       "P:\PRESTO2\DMU_v7\bios\t0018\icuio.c",222
  747 00000444 E20F               222               MOV         #15,R2     ; H'0000000F
  748 00000446 A099               222               BRA         L241
  749 00000448 4218               222               SHLL8       R2
  750 0000044A                    222     L180:
  751                             222               .LINE       "P:\PRESTO2\DMU_v7\bios\t0018\icuio.c",223
  752 0000044A E20F               223               MOV         #15,R2     ; H'0000000F
  753 0000044C A096               223               BRA         L241
  754 0000044E 4218               223               SHLL8       R2
  755 00000450                    223     L181:
  756                             223               .LINE       "P:\PRESTO2\DMU_v7\bios\t0018\icuio.c",224
  757 00000450 E3F0               224               MOV         #-16,R3    ; H'FFFFFFF0
  758 00000452 623C               224               EXTU.B      R3,R2
  759 00000454 A092               224               BRA         L241
  760 00000456 0009               224               NOP
  761 00000458                    224     L182:
  762                             224               .LINE       "P:\PRESTO2\DMU_v7\bios\t0018\icuio.c",225
  763 00000458 E3F0               225               MOV         #-16,R3    ; H'FFFFFFF0
  764 0000045A 623C               225               EXTU.B      R3,R2
  765 0000045C A08E               225               BRA         L241
  766 0000045E 0009               225               NOP
  767 00000460                    225     L183:
  768                             225               .LINE       "P:\PRESTO2\DMU_v7\bios\t0018\icuio.c",226
  769 00000460 D247               226               MOV.L       L305,R2    ; H'0000F000
  770 00000462 A08B               226               BRA         L241
  771 00000464 0009               226               NOP
  772 00000466                    226     L184:
  773                             226               .LINE       "P:\PRESTO2\DMU_v7\bios\t0018\icuio.c",227
  774 00000466 A089               227               BRA         L241
  775 00000468 E200               227               MOV         #0,R2      ; H'00000000
  776 0000046A                    227     L185:
  777                             227               .LINE       "P:\PRESTO2\DMU_v7\bios\t0018\icuio.c",228
  778 0000046A E20F               228               MOV         #15,R2     ; H'0000000F
  779 0000046C A086               228               BRA         L241
  780 0000046E 4218               228               SHLL8       R2
  781 00000470                    228     L186:
  782                             228               .LINE       "P:\PRESTO2\DMU_v7\bios\t0018\icuio.c",229
  783 00000470 E20F               229               MOV         #15,R2     ; H'0000000F
  784 00000472 A083               229               BRA         L241
  785 00000474 4218               229               SHLL8       R2
  786 00000476                    229     L187:
  787                             229               .LINE       "P:\PRESTO2\DMU_v7\bios\t0018\icuio.c",230
  788 00000476 E20F               230               MOV         #15,R2     ; H'0000000F
  789 00000478 A080               230               BRA         L241
  790 0000047A 4218               230               SHLL8       R2
  791 0000047C                    230     L188:
  792                             230               .LINE       "P:\PRESTO2\DMU_v7\bios\t0018\icuio.c",231
  793 0000047C D240               231               MOV.L       L305,R2    ; H'0000F000
  794 0000047E A07D               231               BRA         L241
  795 00000480 0009               231               NOP
  796 00000482                    231     L189:
  797                             231               .LINE       "P:\PRESTO2\DMU_v7\bios\t0018\icuio.c",232
  798 00000482 D23F               232               MOV.L       L305,R2    ; H'0000F000
*** SuperH RISC engine ASSEMBLER Ver. 5.1 ***    06/01/05 11:58:05                                                       PAGE    15
PROGRAM NAME =

  799 00000484 A07A               232               BRA         L241
  800 00000486 0009               232               NOP
  801 00000488                    232     L190:
  802                             232               .LINE       "P:\PRESTO2\DMU_v7\bios\t0018\icuio.c",233
  803 00000488 D23D               233               MOV.L       L305,R2    ; H'0000F000
  804 0000048A A077               233               BRA         L241
  805 0000048C 0009               233               NOP
  806 0000048E                    233     L191:
  807                             233               .LINE       "P:\PRESTO2\DMU_v7\bios\t0018\icuio.c",234
  808 0000048E D23C               234               MOV.L       L305,R2    ; H'0000F000
  809 00000490 A074               234               BRA         L241
  810 00000492 0009               234               NOP
  811 00000494                    234     L192:
  812                             234               .LINE       "P:\PRESTO2\DMU_v7\bios\t0018\icuio.c",235
  813 00000494 D23A               235               MOV.L       L305,R2    ; H'0000F000
  814 00000496 A071               235               BRA         L241
  815 00000498 0009               235               NOP
  816 0000049A                    235     L193:
  817                             235               .LINE       "P:\PRESTO2\DMU_v7\bios\t0018\icuio.c",236
  818 0000049A E20F               236               MOV         #15,R2     ; H'0000000F
  819 0000049C A06E               236               BRA         L241
  820 0000049E 4218               236               SHLL8       R2
  821 000004A0                    236     L194:
  822                             236               .LINE       "P:\PRESTO2\DMU_v7\bios\t0018\icuio.c",237
  823 000004A0 E20F               237               MOV         #15,R2     ; H'0000000F
  824 000004A2 A06B               237               BRA         L241
  825 000004A4 4218               237               SHLL8       R2
  826 000004A6                    237     L195:
  827                             237               .LINE       "P:\PRESTO2\DMU_v7\bios\t0018\icuio.c",238
  828 000004A6 E20F               238               MOV         #15,R2     ; H'0000000F
  829 000004A8 A068               238               BRA         L241
  830 000004AA 4218               238               SHLL8       R2
  831 000004AC                    238     L196:
  832                             238               .LINE       "P:\PRESTO2\DMU_v7\bios\t0018\icuio.c",239
  833 000004AC E20F               239               MOV         #15,R2     ; H'0000000F
  834 000004AE A065               239               BRA         L241
  835 000004B0 4218               239               SHLL8       R2
  836 000004B2                    239     L197:
  837                             239               .LINE       "P:\PRESTO2\DMU_v7\bios\t0018\icuio.c",240
  838 000004B2 E3F0               240               MOV         #-16,R3    ; H'FFFFFFF0
  839 000004B4 623C               240               EXTU.B      R3,R2
  840 000004B6 A061               240               BRA         L241
  841 000004B8 0009               240               NOP
  842 000004BA                    240     L198:
  843                             240               .LINE       "P:\PRESTO2\DMU_v7\bios\t0018\icuio.c",241
  844 000004BA E3F0               241               MOV         #-16,R3    ; H'FFFFFFF0
  845 000004BC 623C               241               EXTU.B      R3,R2
  846 000004BE A05D               241               BRA         L241
  847 000004C0 0009               241               NOP
  848 000004C2                    241     L199:
  849                             241               .LINE       "P:\PRESTO2\DMU_v7\bios\t0018\icuio.c",242
  850 000004C2 E3F0               242               MOV         #-16,R3    ; H'FFFFFFF0
  851 000004C4 623C               242               EXTU.B      R3,R2
  852 000004C6 A059               242               BRA         L241
  853 000004C8 0009               242               NOP
  854 000004CA                    242     L200:
  855                             242               .LINE       "P:\PRESTO2\DMU_v7\bios\t0018\icuio.c",243
*** SuperH RISC engine ASSEMBLER Ver. 5.1 ***    06/01/05 11:58:05                                                       PAGE    16
PROGRAM NAME =

  856 000004CA E3F0               243               MOV         #-16,R3    ; H'FFFFFFF0
  857 000004CC 623C               243               EXTU.B      R3,R2
  858 000004CE A055               243               BRA         L241
  859 000004D0 0009               243               NOP
  860 000004D2                    243     L201:
  861                             243               .LINE       "P:\PRESTO2\DMU_v7\bios\t0018\icuio.c",244
  862 000004D2 A053               244               BRA         L241
  863 000004D4 E20F               244               MOV         #15,R2     ; H'0000000F
  864 000004D6                    244     L202:
  865                             244               .LINE       "P:\PRESTO2\DMU_v7\bios\t0018\icuio.c",245
  866 000004D6 A051               245               BRA         L241
  867 000004D8 E20F               245               MOV         #15,R2     ; H'0000000F
  868 000004DA                    245     L203:
  869                             245               .LINE       "P:\PRESTO2\DMU_v7\bios\t0018\icuio.c",246
  870 000004DA A04F               246               BRA         L241
  871 000004DC E20F               246               MOV         #15,R2     ; H'0000000F
  872 000004DE                    246     L204:
  873                             246               .LINE       "P:\PRESTO2\DMU_v7\bios\t0018\icuio.c",247
  874 000004DE A04D               247               BRA         L241
  875 000004E0 E20F               247               MOV         #15,R2     ; H'0000000F
  876 000004E2                    247     L205:
  877                             247               .LINE       "P:\PRESTO2\DMU_v7\bios\t0018\icuio.c",248
  878 000004E2 D227               248               MOV.L       L305,R2    ; H'0000F000
  879 000004E4 A04A               248               BRA         L241
  880 000004E6 0009               248               NOP
  881 000004E8                    248     L206:
  882                             248               .LINE       "P:\PRESTO2\DMU_v7\bios\t0018\icuio.c",249
  883 000004E8 D225               249               MOV.L       L305,R2    ; H'0000F000
  884 000004EA A047               249               BRA         L241
  885 000004EC 0009               249               NOP
  886 000004EE                    249     L207:
  887                             249               .LINE       "P:\PRESTO2\DMU_v7\bios\t0018\icuio.c",250
  888 000004EE D224               250               MOV.L       L305,R2    ; H'0000F000
  889 000004F0 A044               250               BRA         L241
  890 000004F2 0009               250               NOP
  891 000004F4                    250     L208:
  892                             250               .LINE       "P:\PRESTO2\DMU_v7\bios\t0018\icuio.c",251
  893 000004F4 D222               251               MOV.L       L305,R2    ; H'0000F000
  894 000004F6 A041               251               BRA         L241
  895 000004F8 0009               251               NOP
  896 000004FA                    251     L209:
  897                             251               .LINE       "P:\PRESTO2\DMU_v7\bios\t0018\icuio.c",252
  898 000004FA E20F               252               MOV         #15,R2     ; H'0000000F
  899 000004FC A03E               252               BRA         L241
  900 000004FE 4218               252               SHLL8       R2
  901 00000500                    252     L210:
  902                             252               .LINE       "P:\PRESTO2\DMU_v7\bios\t0018\icuio.c",253
  903 00000500 E20F               253               MOV         #15,R2     ; H'0000000F
  904 00000502 A03B               253               BRA         L241
  905 00000504 4218               253               SHLL8       R2
  906 00000506                    253     L211:
  907                             253               .LINE       "P:\PRESTO2\DMU_v7\bios\t0018\icuio.c",254
  908 00000506 E20F               254               MOV         #15,R2     ; H'0000000F
  909 00000508 A038               254               BRA         L241
  910 0000050A 4218               254               SHLL8       R2
  911 0000050C                    254     L212:
  912                             254               .LINE       "P:\PRESTO2\DMU_v7\bios\t0018\icuio.c",255
*** SuperH RISC engine ASSEMBLER Ver. 5.1 ***    06/01/05 11:58:05                                                       PAGE    17
PROGRAM NAME =

  913 0000050C E20F               255               MOV         #15,R2     ; H'0000000F
  914 0000050E A035               255               BRA         L241
  915 00000510 4218               255               SHLL8       R2
  916 00000512                    255     L213:
  917                             255               .LINE       "P:\PRESTO2\DMU_v7\bios\t0018\icuio.c",256
  918 00000512 E3F0               256               MOV         #-16,R3    ; H'FFFFFFF0
  919 00000514 623C               256               EXTU.B      R3,R2
  920 00000516 A031               256               BRA         L241
  921 00000518 0009               256               NOP
  922 0000051A                    256     L214:
  923                             256               .LINE       "P:\PRESTO2\DMU_v7\bios\t0018\icuio.c",257
  924 0000051A E3F0               257               MOV         #-16,R3    ; H'FFFFFFF0
  925 0000051C 623C               257               EXTU.B      R3,R2
  926 0000051E A02D               257               BRA         L241
  927 00000520 0009               257               NOP
  928 00000522                    257     L215:
  929                             257               .LINE       "P:\PRESTO2\DMU_v7\bios\t0018\icuio.c",258
  930 00000522 E3F0               258               MOV         #-16,R3    ; H'FFFFFFF0
  931 00000524 623C               258               EXTU.B      R3,R2
  932 00000526 A029               258               BRA         L241
  933 00000528 0009               258               NOP
  934 0000052A                    258     L216:
  935                             258               .LINE       "P:\PRESTO2\DMU_v7\bios\t0018\icuio.c",259
  936 0000052A E3F0               259               MOV         #-16,R3    ; H'FFFFFFF0
  937 0000052C 623C               259               EXTU.B      R3,R2
  938 0000052E A025               259               BRA         L241
  939 00000530 0009               259               NOP
  940 00000532                    259     L217:
  941                             259               .LINE       "P:\PRESTO2\DMU_v7\bios\t0018\icuio.c",260
  942 00000532 A023               260               BRA         L241
  943 00000534 E20F               260               MOV         #15,R2     ; H'0000000F
  944 00000536                    260     L218:
  945                             260               .LINE       "P:\PRESTO2\DMU_v7\bios\t0018\icuio.c",261
  946 00000536 A021               261               BRA         L241
  947 00000538 E20F               261               MOV         #15,R2     ; H'0000000F
  948 0000053A                    261     L219:
  949                             261               .LINE       "P:\PRESTO2\DMU_v7\bios\t0018\icuio.c",262
  950 0000053A A01F               262               BRA         L241
  951 0000053C E20F               262               MOV         #15,R2     ; H'0000000F
  952 0000053E                    262     L220:
  953                             262               .LINE       "P:\PRESTO2\DMU_v7\bios\t0018\icuio.c",263
  954 0000053E A01D               263               BRA         L241
  955 00000540 E20F               263               MOV         #15,R2     ; H'0000000F
  956 00000542                    263     L221:
  957                             263               .LINE       "P:\PRESTO2\DMU_v7\bios\t0018\icuio.c",264
  958 00000542 A01B               264               BRA         L241
  959 00000544 E200               264               MOV         #0,R2      ; H'00000000
  960 00000546                    264     L222:
  961                             264               .LINE       "P:\PRESTO2\DMU_v7\bios\t0018\icuio.c",265
  962 00000546 A019               265               BRA         L241
  963 00000548 E200               265               MOV         #0,R2      ; H'00000000
  964 0000054A                    265     L223:
  965                             265               .LINE       "P:\PRESTO2\DMU_v7\bios\t0018\icuio.c",266
  966 0000054A A017               266               BRA         L241
  967 0000054C E200               266               MOV         #0,R2      ; H'00000000
  968 0000054E                    266     L224:
  969                             266               .LINE       "P:\PRESTO2\DMU_v7\bios\t0018\icuio.c",267
*** SuperH RISC engine ASSEMBLER Ver. 5.1 ***    06/01/05 11:58:05                                                       PAGE    18
PROGRAM NAME =

  970 0000054E A015               267               BRA         L241
  971 00000550 E200               267               MOV         #0,R2      ; H'00000000
  972 00000552                    267     L225:
  973                             267               .LINE       "P:\PRESTO2\DMU_v7\bios\t0018\icuio.c",268
  974 00000552 A013               268               BRA         L241
  975 00000554 E200               268               MOV         #0,R2      ; H'00000000
  976 00000556                    268     L226:
  977                             268               .LINE       "P:\PRESTO2\DMU_v7\bios\t0018\icuio.c",269
  978 00000556 A011               269               BRA         L241
  979 00000558 E200               269               MOV         #0,R2      ; H'00000000
  980 0000055A                    269     L227:
  981                             269               .LINE       "P:\PRESTO2\DMU_v7\bios\t0018\icuio.c",270
  982 0000055A A00F               270               BRA         L241
  983 0000055C E200               270               MOV         #0,R2      ; H'00000000
  984 0000055E                    270     L228:
  985                             270               .LINE       "P:\PRESTO2\DMU_v7\bios\t0018\icuio.c",271
  986 0000055E A00D               271               BRA         L241
  987 00000560 E200               271               MOV         #0,R2      ; H'00000000
  988 00000562                    271     L229:
  989                             271               .LINE       "P:\PRESTO2\DMU_v7\bios\t0018\icuio.c",272
  990 00000562 A00B               272               BRA         L241
  991 00000564 E200               272               MOV         #0,R2      ; H'00000000
  992 00000566                    272     L230:
  993                             272               .LINE       "P:\PRESTO2\DMU_v7\bios\t0018\icuio.c",273
  994 00000566 A009               273               BRA         L241
  995 00000568 E200               273               MOV         #0,R2      ; H'00000000
  996 0000056A                    273     L231:
  997                             273               .LINE       "P:\PRESTO2\DMU_v7\bios\t0018\icuio.c",274
  998 0000056A A007               274               BRA         L241
  999 0000056C E200               274               MOV         #0,R2      ; H'00000000
 1000 0000056E                    274     L232:
 1001                             274               .LINE       "P:\PRESTO2\DMU_v7\bios\t0018\icuio.c",275
 1002 0000056E A005               275               BRA         L241
 1003 00000570 E200               275               MOV         #0,R2      ; H'00000000
 1004 00000572                    275     L233:
 1005                             275               .LINE       "P:\PRESTO2\DMU_v7\bios\t0018\icuio.c",276
 1006 00000572 A003               276               BRA         L241
 1007 00000574 E200               276               MOV         #0,R2      ; H'00000000
 1008 00000576                    276     L234:
 1009                             276               .LINE       "P:\PRESTO2\DMU_v7\bios\t0018\icuio.c",277
 1010 00000576 A001               277               BRA         L241
 1011 00000578 E200               277               MOV         #0,R2      ; H'00000000
 1012 0000057A                    277     L237:
 1013                             277               .LINE       "P:\PRESTO2\DMU_v7\bios\t0018\icuio.c",278
 1014 0000057A E200               278               MOV         #0,R2      ; H'00000000
 1015 0000057C                    278     L241:
 1016 0000057C 000B               278               RTS
 1017 0000057E 6023               278               MOV         R2,R0
 1018 00000580                    278     L305:
 1019 00000580 0000F000           278               .DATA.L     H'0000F000
 1020 00000000                    278               .SECTION    C,DATA,ALIGN=4
 1021 00000000                    278     L308:
 1022 00000000 2A2A2A206963755F   278               .SDATA      "*** icu_io err ***"
      00000008 696F20657272202A
      00000010 2A2A            
 1023 00000012 00                 278               .DATA.B     H'00
 1024                             278               .END
*** SuperH RISC engine ASSEMBLER Ver. 5.1 ***    06/01/05 11:58:05                                                       PAGE    19
PROGRAM NAME =

  *****TOTAL ERRORS       0
  *****TOTAL WARNINGS     0
*** SuperH RISC engine ASSEMBLER Ver. 5.1 ***    06/01/05 11:58:05                                                       PAGE    20

*** CROSS REFERENCE LIST

NAME                             SECTION  ATTR VALUE             SEQUENCE

C                                C        SCT  00000000   1020*
L101                             P             00000374    184   615*
L102                             P             00000126     77    78   192*  197   198   199   200   201   202   203   204   205 
                                                           206   207   208   209   210   211   212   213   214   215   216   217 
                                                           218   219   220   221   222   223   224   225   226   227   228   229 
                                                           230   231   232   233   234   235   236   237   238   239   240   241 
                                                           242   243   244   245   246   247   248   249   250   251   252   253 
                                                           254   255   256   257   258   259   260 
L103                             P             00000130    188   196*
L105                             P             00000376    265   271   277   283   289   295   301   307   313   319   325   331 
                                                           337   341   347   353   359   365   371   377   383   389   395   401 
                                                           407   413   419   425   431   437   443   449   455   461   467   473 
                                                           479   485   491   497   503   509   515   521   527   533   539   545 
                                                           551   557   561   565   569   573   577   581   585   589   593   597 
                                                           601   605   609   613   618*
L17                              P             000000AE     92   103*
L171                             P             00000414    641   705*
L172                             P             0000041A    642   710*
L173                             P             00000420    643   715*
L174                             P             00000428    644   721*
L175                             P             0000042C    645   725*
L176                             P             00000432    646   730*
L177                             P             00000438    647   735*
L178                             P             00000440    648   741*
L179                             P             00000444    649   745*
L180                             P             0000044A    650   750*
L181                             P             00000450    651   755*
L182                             P             00000458    652   761*
L183                             P             00000460    653   767*
L184                             P             00000466    654   772*
L185                             P             0000046A    655   776*
L186                             P             00000470    656   781*
L187                             P             00000476    657   786*
L188                             P             0000047C    658   791*
L189                             P             00000482    659   796*
L190                             P             00000488    660   801*
L191                             P             0000048E    661   806*
L192                             P             00000494    662   811*
L193                             P             0000049A    663   816*
L194                             P             000004A0    664   821*
L195                             P             000004A6    665   826*
L196                             P             000004AC    666   831*
L197                             P             000004B2    667   836*
L198                             P             000004BA    668   842*
L199                             P             000004C2    669   848*
L200                             P             000004CA    670   854*
L201                             P             000004D2    671   860*
L202                             P             000004D6    672   864*
L203                             P             000004DA    673   868*
L204                             P             000004DE    674   872*
L205                             P             000004E2    675   876*
L206                             P             000004E8    676   881*
L207                             P             000004EE    677   886*
L208                             P             000004F4    678   891*
*** SuperH RISC engine ASSEMBLER Ver. 5.1 ***    06/01/05 11:58:05                                                       PAGE    21

*** CROSS REFERENCE LIST

NAME                             SECTION  ATTR VALUE             SEQUENCE

L209                             P             000004FA    679   896*
L210                             P             00000500    680   901*
L211                             P             00000506    681   906*
L212                             P             0000050C    682   911*
L213                             P             00000512    683   916*
L214                             P             0000051A    684   922*
L215                             P             00000522    685   928*
L216                             P             0000052A    686   934*
L217                             P             00000532    687   940*
L218                             P             00000536    688   944*
L219                             P             0000053A    689   948*
L220                             P             0000053E    690   952*
L221                             P             00000542    691   956*
L222                             P             00000546    692   960*
L223                             P             0000054A    693   964*
L224                             P             0000054E    694   968*
L225                             P             00000552    695   972*
L226                             P             00000556    696   976*
L227                             P             0000055A    697   980*
L228                             P             0000055E    698   984*
L229                             P             00000562    699   988*
L230                             P             00000566    700   992*
L231                             P             0000056A    701   996*
L232                             P             0000056E    702  1000*
L233                             P             00000572    703  1004*
L234                             P             00000576    704  1008*
L237                             P             0000057A    630  1012*
L238                             P             00000392    638*  641   642   643   644   645   646   647   648   649   650   651 
                                                           652   653   654   655   656   657   658   659   660   661   662   663 
                                                           664   665   666   667   668   669   670   671   672   673   674   675 
                                                           676   677   678   679   680   681   682   683   684   685   686   687 
                                                           688   689   690   691   692   693   694   695   696   697   698   699 
                                                           700   701   702   703   704 
L239                             P             00000394    634   640*
L24                              P             000000D2    116   128*
L241                             P             0000057C    708   713   719   723   728   733   739   743   748   753   759   765 
                                                           770   774   779   784   789   794   799   804   809   814   819   824 
                                                           829   834   840   846   852   858   862   866   870   874   879   884 
                                                           889   894   899   904   909   914   920   926   932   938   942   946 
                                                           950   954   958   962   966   970   974   978   982   986   990   994 
                                                           998  1002  1006  1010  1015*
L27                              P             000000F6    145   155*
L28                              P             000000EC    147*  157 
L30                              P             000000FA    151   158*
L305                             P             00000580    707   727   769   793   798   803   808   813   878   883   888   893 
                                                          1018*
L306                             P             0000011C    183   186*
L307                             P             00000388    629   632*
L308                             C             00000000    194  1021*
L35                              P             000001B0    197   261*
L36                              P             000001B8    198   267*
L37                              P             000001C0    199   273*
L38                              P             000001C8    200   279*
L39                              P             000001D0    201   285*
*** SuperH RISC engine ASSEMBLER Ver. 5.1 ***    06/01/05 11:58:05                                                       PAGE    22

*** CROSS REFERENCE LIST

NAME                             SECTION  ATTR VALUE             SEQUENCE

L40                              P             000001D8    202   291*
L41                              P             000001E0    203   297*
L42                              P             000001E8    204   303*
L43                              P             000001F0    205   309*
L44                              P             000001F8    206   315*
L45                              P             00000200    207   321*
L46                              P             00000208    208   327*
L47                              P             00000210    209   333*
L48                              P             00000218    210   339*
L49                              P             0000021C    211   343*
L50                              P             00000224    212   349*
L51                              P             0000022C    213   355*
L52                              P             00000234    214   361*
L53                              P             0000023C    215   367*
L54                              P             00000244    216   373*
L55                              P             0000024C    217   379*
L56                              P             00000254    218   385*
L57                              P             0000025C    219   391*
L58                              P             00000264    220   397*
L59                              P             0000026C    221   403*
L60                              P             00000274    222   409*
L61                              P             0000027C    223   415*
L62                              P             00000284    224   421*
L63                              P             0000028C    225   427*
L64                              P             00000294    226   433*
L65                              P             0000029C    227   439*
L66                              P             000002A4    228   445*
L67                              P             000002AC    229   451*
L68                              P             000002B4    230   457*
L69                              P             000002BC    231   463*
L70                              P             000002C4    232   469*
L71                              P             000002CC    233   475*
L72                              P             000002D4    234   481*
L73                              P             000002DC    235   487*
L74                              P             000002E4    236   493*
L75                              P             000002EC    237   499*
L76                              P             000002F4    238   505*
L77                              P             000002FC    239   511*
L78                              P             00000304    240   517*
L79                              P             0000030C    241   523*
L80                              P             00000314    242   529*
L81                              P             0000031C    243   535*
L82                              P             00000324    244   541*
L83                              P             0000032C    245   547*
L84                              P             00000334    246   553*
L85                              P             0000033C    247   559*
L86                              P             00000340    248   563*
L87                              P             00000344    249   567*
L88                              P             00000348    250   571*
L89                              P             0000034C    251   575*
L90                              P             00000350    252   579*
L91                              P             00000354    253   583*
L92                              P             00000358    254   587*
L93                              P             0000035C    255   591*
*** SuperH RISC engine ASSEMBLER Ver. 5.1 ***    06/01/05 11:58:05                                                       PAGE    23

*** CROSS REFERENCE LIST

NAME                             SECTION  ATTR VALUE             SEQUENCE

L94                              P             00000360    256   595*
L95                              P             00000364    257   599*
L96                              P             00000368    258   603*
L97                              P             0000036C    259   607*
L98                              P             00000370    260   611*
Lrsxxx                           P             0000003C     37    48*
P                                P        SCT  00000000     11*
_dis_icu                         P        EXPT 000000B6      6    53   110*
_ena_icu                         P        EXPT 00000094      5    54    86*
_get_ipfw                        P        EXPT 0000010C      8    55   171*
_getipradr                       P        EXPT 0000010E      9    95   119   176*
_getiprpat                       P        EXPT 0000037A     10   162   622*
_icu_dev_hnt                     P        EXPT 000000DA      7    56   135*
_icu_io                          P        EXPT 00000000      3    13*
_icu_io_err                      P        EXPT 00000084      4    49    73*
_rsstr                                    IMPT 00000000      2   195 
icu_exit                         P             00000028     26    36*
jt_icu                           P             00000040     21    52*
*** SuperH RISC engine ASSEMBLER Ver. 5.1 ***    06/01/05 11:58:05                                                       PAGE    24

*** SECTION DATA LIST

SECTION                          ATTRIBUTE    SIZE             START

P                                REL-CODE    000000584        
C                                REL-DATA    000000013        
