*** SuperH RISC engine ASSEMBLER Ver. 5.1 ***    06/01/05 11:57:59                                                       PAGE     1
PROGRAM NAME =

    1                               1     ;*======================================================================
    2                               2     ;* File name    : sect.asm
    3                               3     ;* Original             : p:/dacs_i/rcu/main/rcs/sect.asm 1.2
    4                               4     ;*----------------------------------------------------------------------
    5                               5     ;* Function     :
    6                               6     ;*              FMRの初期設定とSECTION定義
    7                               7     ;*----------------------------------------------------------------------
    8                               8     ;*$Header: p:/presto2/dmu_v7/bios/src/rcs/sect.asm 1.1 1970/01/01 00:00:00 sakaguti Exp $
    9                               9     ;*$Log: sect.asm $
   10                              10     ; リビジョン 1.1  1970/01/01  00:00:00  sakaguti
   11                              11     ; ＤＭＵ用ＢＩＯＳ
   12                              12     ;
   13                              13     ;*----------------------------------------------------------------------
   14                              14     ;*                      (c) Copyright 1993, ISHIDA CO., LTD.
   15                              15     ;*                      959-1 SHIMOMAGARI RITTO-CHO KURITA-GUN
   16                              16     ;*                      SHIGA JAPAN
   17                              17     ;*                      (0775) 53-4141
   18                              18     ;*======================================================================
   19                              19     ;
   20                              20     ; ROM 先頭 +-------------------+
   21                              21     ;          |割込みベクタ(CVECT)| --- リセットベクタのみ
   22                              22     ;          |-------------------|
   23                              23     ;          |   プログラム領域  |
   24                              24     ;          |        (P)        |
   25                              25     ;          |-------------------|
   26                              26     ;          |      定数領域     |
   27                              27     ;          |        (C)        |
   28                              28     ;          |-------------------|
   29                              29     ;          |  初期化データ領域 | ---+
   30                              30     ;          |        (D)        |    |
   31                              31     ;          |-------------------|    | INITSCT() でコピー
   32                              32     ;         〜                   〜   |
   33                              33     ; RAM 先頭 |-------------------|    |
   34                              34     ;          |  割込みベクタ領域 | ← | ---- ここは空けてリンク
   35                              35     ;          |-------------------|    |
   36                              36     ;          |  初期化データ領域 | ←-+
   37                              37     ;          |        (R)        |
   38                              38     ;          |-------------------|
   39                              39     ;          | 未初期化データ領域|
   40                              40     ;          |        (B)        |
   41                              41     ;          |-------------------|
   42                              42     ;          |    スタック領域   |
   43                              43     ;          |      (STACK)      |
   44                              44     ;
   45                              45     
   46          FFFFFC80            46     PACR    .equ    h'fffffc80
   47          1000E000            47     XRAM    .equ    h'1000e000
   48          FFFFFE90            48     FMR             .equ    h'fffffe90
   49          FFFFFE80            49     WTCSR   .equ    h'fffffe80
   50                              50     
   51                              51     
   52                              52     ;       .SECTION FMRA,CODE,ALIGN=4
   53                              53     ;       JTAG-ICE用にSECTIONを設ける場合は上記コメントを外すこと！
   54                              54     ;
   55                              55             .export _init_FMR
   56                              56     
   57 00000000                     57     _init_FMR:
*** SuperH RISC engine ASSEMBLER Ver. 5.1 ***    06/01/05 11:57:59                                                       PAGE     2
PROGRAM NAME =

   58 00000000 D10A                58             mov.l   #XRAM,r1
   59 00000002 6513                59             mov.l   r1,r5
   60 00000004 D20A                60             mov.l   #FREQUENCY,r2
   61 00000006 D30B                61             mov.l   #FREQUENCY_END,r3
   62                              62     
   63 00000008                     63     program_move:
   64 00000008 6021                64             mov.w   @r2,r0
   65 0000000A 2101                65             mov.w   r0,@r1
   66 0000000C 7102                66             add     #2,r1
   67 0000000E 7202                67             add     #2,r2                   ; ＸＲＡＭにプログラムをコピー
   68 00000010 3320                68             cmp/eq  r2,r3
   69 00000012 8BF9                69             bf      program_move
   70 00000014 0009                70             nop
   71                              71     
   72 00000016 D108                72             mov.l   #PACR,r1
   73 00000018 9006                73             mov.w   #h'0008,r0
   74 0000001A 2101                74             mov.w   r0,@r1
   75                              75     
   76 0000001C D107                76             MOV.L   #WTCSR,R1
   77 0000001E D208                77             MOV.L   #H'A51F,R2
   78 00000020 D308                78             MOV.L   #H'26200000,R3
   79 00000022 D409                79             MOV.L   #FMR,R4
   80                              80     
   81 00000024 452B                81             jmp     @r5
   82 00000026 0009                82             nop
   83                                     ***** BEGIN-POOL *****
   84 00000028 0008                       DATA FOR SOURCE-LINE 73
   85 0000002A 0000                       ALIGNMENT CODE
   86 0000002C 1000E000                   DATA FOR SOURCE-LINE 58
   87 00000030 00000000                   DATA FOR SOURCE-LINE 60
   88 00000034 00000000                   DATA FOR SOURCE-LINE 61
   89 00000038 FFFFFC80                   DATA FOR SOURCE-LINE 72
   90 0000003C FFFFFE80                   DATA FOR SOURCE-LINE 76
   91 00000040 0000A51F                   DATA FOR SOURCE-LINE 77
   92 00000044 26200000                   DATA FOR SOURCE-LINE 78
   93 00000048 FFFFFE90                   DATA FOR SOURCE-LINE 79
   94                                     ***** END-POOL *****
   95 0000004C 0009                83             nop
   96 0000004E 0009                84             nop
   97 00000050 0009                85             nop
   98 00000052 0009                86             nop
   99 00000054                     87     clock4_err:
  100 00000054 AFFE                88             bra     clock4_err
  101 00000056 0009                89             nop
  102 00000058 0009                90             nop
  103 0000005A 0009                91             nop
  104 0000005C 0009                92             nop
  105                              93     ;
  106                              94     ;       周波数変更プログラムの本体
  107                              95     ;       これをXRAMへコピーしてからXRAM上で実行する
  108 0000005E                     96     FREQUENCY:
  109                              97             ;<ｳｫｯﾁﾄﾞｯｸﾞﾀｲﾏｺﾝﾄﾛｰﾙ/ｽﾃｰﾀｽﾚｼﾞｽﾀ設定>
  110                              98             ;TMEﾋﾞｯﾄｸﾘｱ
  111                              99             ;WTCNTに入力するｸﾛｯｸ=φ/16384
  112                             100             ;(ｵｰﾊﾞｰﾌﾛｰ周期=278.528ms)
  113 0000005E 2121               101                     MOV.W   R2,@R1
  114                             102     
*** SuperH RISC engine ASSEMBLER Ver. 5.1 ***    06/01/05 11:57:59                                                       PAGE     3
PROGRAM NAME =

  115                             103             ;<外部ｷｬｯｼｭｽﾙｰ領域ﾘｰﾄﾞ>
  116                             104             ;外部ﾒﾓﾘ空間３のｷｬｯｼｭｽﾙｰ領域：H'26200000
  117 00000060 6032               105                     MOV.L   @R3,R0
  118                             106     
  119                             107             ;PLL回路1&2 → 動作する
  120                             108             ;Iφ(×4)=60MHz、Eφ(×4)=60MHz、
  121                             109             ;Pφ(×2)=30MHz、CKIO(Eφ)=60MHz、
  122 00000062 E00E               110                     MOV     #H'0e,R0
  123                             111             ;
  124                             112             ;       5V-EPROMへの対応暫定策（FLASH-ROMであれば#H'0e可能）
  125                             113             ;PLL回路1&2 → 動作する
  126                             114             ;Iφ(×4)=60MHz、Eφ(×2)=30MHz、
  127                             115             ;Pφ(×2)=30MHz、CKIO(Eφ)=60MHz、
  128                             116     ;               MOV     #H'0a,R0
  129                             117     
  130 00000064 2400               118             MOV.B   R0,@R4
  131 00000066 000B               119             rts
  132 00000068 0009               120             nop
  133 0000006A                    121     FREQUENCY_END:
  134 0000006A 0009               122             NOP
  135                             123     
  136 0000006C                    124             .section P,CODE,ALIGN=4
  137                             125     
  138                             126     
  139                             127     ;* 各セクションのアドレス
  140                             128     
  141 00000000                    129             .SECTION B,DATA,ALIGN=4     ; 未初期化データ領域（RAM）
  142 00000000                    130             .SECTION R,DATA,ALIGN=4     ; 初期化データ領域（RAM）
  143 00000000                    131             .SECTION D,DATA,ALIGN=4     ; 初期化データ領域（ROM）
  144 00000000                    132             .SECTION STACK,DATA,ALIGN=4 ; スタック領域（RAM）
  145 00000000                    133             .SECTION C,DATA,ALIGN=4     ; 定数領域（ROM）
  146 00000000 00000000           134     __B_BGN .DATA.L (STARTOF B)
  147 00000004 00000000           135     __B_END .DATA.L (STARTOF B)+(SIZEOF B)
  148 00000008 00000000           136     __D_BGN .DATA.L (STARTOF R)
  149 0000000C 00000000           137     __D_END .DATA.L (STARTOF R)+(SIZEOF R)
  150 00000010 00000000           138     __D_ROM .DATA.L (STARTOF D)
  151                             139             .EXPORT __B_BGN
  152                             140             .EXPORT __B_END
  153                             141             .EXPORT __D_BGN
  154                             142             .EXPORT __D_END
  155                             143             .EXPORT __D_ROM
  156                             144     
  157                             145         .END
  *****TOTAL ERRORS       0
  *****TOTAL WARNINGS     0
*** SuperH RISC engine ASSEMBLER Ver. 5.1 ***    06/01/05 11:57:59                                                       PAGE     4

*** CROSS REFERENCE LIST

NAME                             SECTION  ATTR VALUE             SEQUENCE

B                                B        SCT  00000000    141*  146   147   147 
C                                C        SCT  00000000    145*
D                                D        SCT  00000000    143*  150 
FMR                                       EQU  FFFFFE90     48*   79 
FREQUENCY                        P             0000005E     60   108*
FREQUENCY_END                    P             0000006A     61   133*
P                                P        SCT  00000000      0*  136*
PACR                                      EQU  FFFFFC80     46*   72 
R                                R        SCT  00000000    142*  148   149   149 
STACK                            STACK    SCT  00000000    144*
WTCSR                                     EQU  FFFFFE80     49*   76 
XRAM                                      EQU  1000E000     47*   58 
__B_BGN                          C        EXPT 00000000    146*  151 
__B_END                          C        EXPT 00000004    147*  152 
__D_BGN                          C        EXPT 00000008    148*  153 
__D_END                          C        EXPT 0000000C    149*  154 
__D_ROM                          C        EXPT 00000010    150*  155 
_init_FMR                        P        EXPT 00000000     55    57*
clock4_err                       P             00000054     99*  100 
program_move                     P             00000008     63*   69 
*** SuperH RISC engine ASSEMBLER Ver. 5.1 ***    06/01/05 11:57:59                                                       PAGE     5

*** SECTION DATA LIST

SECTION                          ATTRIBUTE    SIZE             START

P                                REL-CODE    00000006C        
B                                REL-DATA    000000000        
R                                REL-DATA    000000000        
D                                REL-DATA    000000000        
STACK                            REL-DATA    000000000        
C                                REL-DATA    000000014        
