*** SuperH RISC engine ASSEMBLER Ver. 5.1 ***    06/01/05 11:58:02                                                       PAGE     1
PROGRAM NAME =

    1                               1               .FILE       "P:\PRESTO2\DMU_v7\bios\t0018\setup.c"
    2                               2               .IMPORT     __B_BGN
    3                               3               .IMPORT     __B_END
    4                               4               .IMPORT     __D_BGN
    5                               5               .IMPORT     __D_ROM
    6                               6               .IMPORT     __D_END
    7                               7               .IMPORT     _vector_table
    8                               8               .IMPORT     _BscInit
    9                               9               .IMPORT     _CacheInit
   10                              10               .IMPORT     _init_FMR
   11                              11               .IMPORT     _InitPort
   12                              12               .IMPORT     _WdtInit
   13                              13               .IMPORT     _rsstr
   14                              14               .IMPORT     _wait
   15                              15               .IMPORT     _scu_io_baud
   16                              16               .IMPORT     _scu_io_init
   17                              17               .EXPORT     _bios_init
   18                              18               .EXPORT     _bios_init_err
   19                              19               .EXPORT     _dmu_jump_to_reset
   20                              20               .EXPORT     _init_vector
   21                              21               .EXPORT     _INITSCT
   22                              22               .EXPORT     _init_registers
   23                              23               .EXPORT     _INIT
   24 00000000                     24               .SECTION    P,CODE,ALIGN=4
   25                              25               .LINE       "P:\PRESTO2\DMU_v7\bios\t0018\setup.c",88
   26 00000000                     88     _bios_init:                      ; function: bios_init
   27                              88                                      ; frame size=0
   28                              88               .LINE       "P:\PRESTO2\DMU_v7\bios\t0018\setup.c",88
   29 00000000 4F22                88               STS.L       PR,@-R15
   30 00000002 D107                88               MOV.L       #H'000000F0,R1
   31 00000004 410E                88               LDC         R1,SR
   32 00000006 C90F                88               AND         #H'0000000F,R0
   33 00000008 4008                88               SHLL2       R0
   34 0000000A D206                88               MOV.L       #jt_init,R2  ;arrangement Top Address
   35 0000000C 302C                88               ADD         R2,R0       ;Add offset_Value
   36 0000000E 6302                88               MOV.L       @R0,R3
   37 00000010 6033                88               MOV.L       R3,R0
   38 00000012 8800                88               CMP/EQ      #0,R0
   39 00000014 8908                88               BT          init_exit
   40 00000016 400B                88               JSR         @R0
   41 00000018 0009                88               NOP
   42 0000001A 4F26                88               LDS.L       @R15+,PR
   43 0000001C 002B                88               RTE
   44 0000001E 0009                88               NOP
   45                                     ***** BEGIN-POOL *****
   46 00000020 000000F0                   DATA FOR SOURCE-LINE 88
   47 00000024 00000000                   DATA FOR SOURCE-LINE 88
   48                                     ***** END-POOL *****
   49 00000028                     88     init_exit:
   50 00000028 D004                88               MOV.L       Lrsxxx,R0   ;bios_init_err
   51 0000002A 400B                88               JSR         @R0
   52 0000002C 0009                88               NOP
   53 0000002E D002                88               MOV.L       #-1,R0      ;システムコールの返り値は -1
   54 00000030 4F26                88               LDS.L       @R15+,PR
   55 00000032 002B                88               RTE                     ;異常終了
   56 00000034 0009                88               NOP
   57                                     ***** BEGIN-POOL *****
*** SuperH RISC engine ASSEMBLER Ver. 5.1 ***    06/01/05 11:58:02                                                       PAGE     2
PROGRAM NAME =

   58 00000036 0000                       ALIGNMENT CODE
   59 00000038 FFFFFFFF                   DATA FOR SOURCE-LINE 88
   60                                     ***** END-POOL *****
   61 0000003C                     88     Lrsxxx:
   62 0000003C 00000000            88               .DATA.L     _bios_init_err
   63                              88     
   64 00000040                     88               .ALIGN 4
   65 00000040                     88     jt_init:
   66 00000040 00000000            88               .DATA.L     _init_vector       ; r0 = 0
   67 00000044 00000000            88               .DATA.L     _INITSCT           ; r0 = 1
   68 00000048 00000000            88               .DATA.L     _init_registers    ; r0 = 2
   69 0000004C 00000000            88               .DATA.L     _dmu_jump_to_reset ; r0 = 3
   70 00000050 00000000            88               .DATA.L     0                  ; none
   71 00000054 00000000            88               .DATA.L     0                  ; none
   72 00000058 00000000            88               .DATA.L     0                  ; none
   73 0000005C 00000000            88               .DATA.L     0                  ; none
   74 00000060 00000000            88               .DATA.L     0                  ; none
   75 00000064 00000000            88               .DATA.L     0                  ; none
   76 00000068 00000000            88               .DATA.L     0                  ; none
   77 0000006C 00000000            88               .DATA.L     0                  ; none
   78 00000070 00000000            88               .DATA.L     0                  ; none
   79 00000074 00000000            88               .DATA.L     0                  ; none
   80 00000078 00000000            88               .DATA.L     0                  ; none
   81 0000007C 00000000            88               .DATA.L     0                  ; none
   82 00000080                     88               .ALIGN      4
   83 00000080 000B                88               RTS
   84 00000082 0009                88               NOP
   85                              88               .LINE       "P:\PRESTO2\DMU_v7\bios\t0018\setup.c",138
   86 00000084                    138     _bios_init_err:                  ; function: bios_init_err
   87                             138                                      ; frame size=0
   88                             138               .LINE       "P:\PRESTO2\DMU_v7\bios\t0018\setup.c",140
   89 00000084 000B               140               RTS
   90 00000086 E000               140               MOV         #0,R0      ; H'00000000
   91                             140               .LINE       "P:\PRESTO2\DMU_v7\bios\t0018\setup.c",144
   92 00000088                    144     _dmu_jump_to_reset:              ; function: dmu_jump_to_reset
   93                             144                                      ; frame size=0
   94                             144               .LINE       "P:\PRESTO2\DMU_v7\bios\t0018\setup.c",145
   95 00000088 0002               145               STC         SR,R0
   96 0000008A E3FF               145               MOV         #-1,R3     ; H'FFFFFFFF
   97 0000008C 4318               145               SHLL8       R3
   98 0000008E 730F               145               ADD         #15,R3
   99 00000090 2039               145               AND         R3,R0
  100 00000092 CBF0               145               OR          #240,R0
  101 00000094 400E               145               LDC         R0,SR
  102                             145               .LINE       "P:\PRESTO2\DMU_v7\bios\t0018\setup.c",147
  103 00000096 E2FF               147               MOV         #-1,R2     ; H'FFFFFFFF
  104                             147               .LINE       "P:\PRESTO2\DMU_v7\bios\t0018\setup.c",150
  105 00000098 93B3               150               MOV.W       L34,R3     ; H'A57F
  106 0000009A E05A               150               MOV         #90,R0     ; H'0000005A
  107 0000009C 4218               150               SHLL8       R2
  108 0000009E 4018               150               SHLL8       R0
  109 000000A0 7280               150               ADD         #-128,R2
  110 000000A2 705E               150               ADD         #94,R0
  111 000000A4 8121               150               MOV.W       R0,@(2,R2)
  112 000000A6 E15A               150               MOV         #90,R1     ; H'0000005A
  113                             150               .LINE       "P:\PRESTO2\DMU_v7\bios\t0018\setup.c",148
  114 000000A8 90AC               148               MOV.W       L34+2,R0   ; H'A500
*** SuperH RISC engine ASSEMBLER Ver. 5.1 ***    06/01/05 11:58:02                                                       PAGE     3
PROGRAM NAME =

  115 000000AA 4118               148               SHLL8       R1
  116 000000AC 8121               148               MOV.W       R0,@(2,R2)
  117 000000AE 2211               148               MOV.W       R1,@R2
  118 000000B0 2231               148               MOV.W       R3,@R2
  119 000000B2                    148     L13:
  120 000000B2 AFFE               148               BRA         L13
  121 000000B4 0009               148               NOP
  122 000000B6 000B               148               RTS
  123 000000B8 0009               148               NOP
  124                             148               .LINE       "P:\PRESTO2\DMU_v7\bios\t0018\setup.c",160
  125 000000BA                    160     _init_vector:                    ; function: init_vector
  126                             160                                      ; frame size=0
  127                             160               .LINE       "P:\PRESTO2\DMU_v7\bios\t0018\setup.c",163
  128 000000BA E500               163               MOV         #0,R5      ; H'00000000
  129 000000BC E440               163               MOV         #64,R4     ; H'00000040
  130 000000BE                    163     L16:
  131 000000BE D052               163               MOV.L       L34+6,R0   ; H'00200800
  132 000000C0 6653               163               MOV         R5,R6
  133 000000C2 4608               163               SHLL2       R6
  134 000000C4 026E               163               MOV.L       @(R0,R6),R2
  135 000000C6 4410               163               DT          R4
  136 000000C8 D050               163               MOV.L       L34+10,R0  ; H'06000000
  137 000000CA 7501               163               ADD         #1,R5
  138 000000CC 8FF7               163               BF/S        L16
  139 000000CE 0626               163               MOV.L       R2,@(R0,R6)
  140                             163               .LINE       "P:\PRESTO2\DMU_v7\bios\t0018\setup.c",164
  141 000000D0 000B               164               RTS
  142 000000D2 E000               164               MOV         #0,R0      ; H'00000000
  143                             164               .LINE       "P:\PRESTO2\DMU_v7\bios\t0018\setup.c",171
  144 000000D4                    171     _INITSCT:                        ; function: INITSCT
  145                             171                                      ; frame size=0
  146                             171               .LINE       "P:\PRESTO2\DMU_v7\bios\t0018\setup.c",175
  147 000000D4 D64E               175               MOV.L       L34+14,R6  ; __B_BGN
  148 000000D6 D44F               175               MOV.L       L34+18,R4  ; __B_END
  149 000000D8 6262               175               MOV.L       @R6,R2
  150 000000DA A002               175               BRA         L19
  151 000000DC E600               175               MOV         #0,R6      ; H'00000000
  152 000000DE                    175     L20:
  153                             175               .LINE       "P:\PRESTO2\DMU_v7\bios\t0018\setup.c",176
  154 000000DE 2262               176               MOV.L       R6,@R2
  155 000000E0 7204               176               ADD         #4,R2
  156                             176               .LINE       "P:\PRESTO2\DMU_v7\bios\t0018\setup.c",175
  157 000000E2                    175     L19:
  158 000000E2 6542               175               MOV.L       @R4,R5
  159 000000E4 3252               175               CMP/HS      R5,R2
  160 000000E6 8BFA               175               BF          L20
  161                             175               .LINE       "P:\PRESTO2\DMU_v7\bios\t0018\setup.c",179
  162 000000E8 D24B               179               MOV.L       L34+22,R2  ; __D_BGN
  163 000000EA D44C               179               MOV.L       L34+26,R4  ; __D_END
  164 000000EC 6622               179               MOV.L       @R2,R6
  165 000000EE D24C               179               MOV.L       L34+30,R2  ; __D_ROM
  166 000000F0 A003               179               BRA         L22
  167 000000F2 6522               179               MOV.L       @R2,R5
  168 000000F4                    179     L23:
  169 000000F4 6256               179               MOV.L       @R5+,R2
  170 000000F6 2622               179               MOV.L       R2,@R6
  171 000000F8 7604               179               ADD         #4,R6
*** SuperH RISC engine ASSEMBLER Ver. 5.1 ***    06/01/05 11:58:02                                                       PAGE     4
PROGRAM NAME =

  172 000000FA                    179     L22:
  173 000000FA 6242               179               MOV.L       @R4,R2
  174 000000FC 3622               179               CMP/HS      R2,R6
  175 000000FE 8BF9               179               BF          L23
  176                             179               .LINE       "P:\PRESTO2\DMU_v7\bios\t0018\setup.c",182
  177 00000100 000B               182               RTS
  178 00000102 E000               182               MOV         #0,R0      ; H'00000000
  179                             182               .LINE       "P:\PRESTO2\DMU_v7\bios\t0018\setup.c",189
  180 00000104                    189     _init_registers:                 ; function: init_registers
  181                             189                                      ; frame size=4
  182 00000104 4F22               189               STS.L       PR,@-R15
  183                             189               .LINE       "P:\PRESTO2\DMU_v7\bios\t0018\setup.c",190
  184 00000106 D247               190               MOV.L       L34+34,R2  ; _BscInit
  185 00000108 420B               190               JSR         @R2
  186 0000010A 0009               190               NOP
  187                             190               .LINE       "P:\PRESTO2\DMU_v7\bios\t0018\setup.c",191
  188 0000010C D246               191               MOV.L       L34+38,R2  ; _CacheInit
  189 0000010E 420B               191               JSR         @R2
  190 00000110 0009               191               NOP
  191                             191               .LINE       "P:\PRESTO2\DMU_v7\bios\t0018\setup.c",192
  192 00000112 D246               192               MOV.L       L34+42,R2  ; _init_FMR
  193 00000114 420B               192               JSR         @R2
  194 00000116 0009               192               NOP
  195                             192               .LINE       "P:\PRESTO2\DMU_v7\bios\t0018\setup.c",193
  196 00000118 D245               193               MOV.L       L34+46,R2  ; _InitPort
  197 0000011A 420B               193               JSR         @R2
  198 0000011C 0009               193               NOP
  199                             193               .LINE       "P:\PRESTO2\DMU_v7\bios\t0018\setup.c",194
  200 0000011E D245               194               MOV.L       L34+50,R2  ; _WdtInit
  201 00000120 420B               194               JSR         @R2
  202 00000122 0009               194               NOP
  203                             194               .LINE       "P:\PRESTO2\DMU_v7\bios\t0018\setup.c",195
  204 00000124 D444               195               MOV.L       L34+54,R4  ; L35
  205 00000126 D245               195               MOV.L       L34+58,R2  ; _rsstr
  206 00000128 420B               195               JSR         @R2
  207 0000012A 0009               195               NOP
  208                             195               .LINE       "P:\PRESTO2\DMU_v7\bios\t0018\setup.c",196
  209 0000012C 4F26               196               LDS.L       @R15+,PR
  210 0000012E 000B               196               RTS
  211 00000130 E000               196               MOV         #0,R0      ; H'00000000
  212                             196               .LINE       "P:\PRESTO2\DMU_v7\bios\t0018\setup.c",203
  213 00000132                    203     _INIT:                           ; function: INIT
  214                             203                                      ; frame size=28
  215 00000132 2FE6               203               MOV.L       R14,@-R15
  216 00000134 4F22               203               STS.L       PR,@-R15
  217 00000136 7FEC               203               ADD         #-20,R15
  218                             203               .LINE       "P:\PRESTO2\DMU_v7\bios\t0018\setup.c",209
  219 00000138 E225               209               MOV         #37,R2     ; H'00000025
  220 0000013A 4218               209               SHLL8       R2
  221 0000013C 7290               209               ADD         #-112,R2
  222 0000013E 4228               209               SHLL16      R2
  223 00000140 E6FF               209               MOV         #-1,R6     ; H'FFFFFFFF
  224 00000142 2260               209               MOV.B       R6,@R2
  225                             209               .LINE       "P:\PRESTO2\DMU_v7\bios\t0018\setup.c",210
  226 00000144 E225               210               MOV         #37,R2     ; H'00000025
  227 00000146 4218               210               SHLL8       R2
  228 00000148 7298               210               ADD         #-104,R2
*** SuperH RISC engine ASSEMBLER Ver. 5.1 ***    06/01/05 11:58:02                                                       PAGE     5
PROGRAM NAME =

  229 0000014A 4228               210               SHLL16      R2
  230 0000014C 2260               210               MOV.B       R6,@R2
  231                             210               .LINE       "P:\PRESTO2\DMU_v7\bios\t0018\setup.c",212
  232 0000014E D235               212               MOV.L       L34+34,R2  ; _BscInit
  233 00000150 420B               212               JSR         @R2
  234 00000152 0009               212               NOP
  235                             212               .LINE       "P:\PRESTO2\DMU_v7\bios\t0018\setup.c",213
  236 00000154 D234               213               MOV.L       L34+38,R2  ; _CacheInit
  237 00000156 420B               213               JSR         @R2
  238 00000158 0009               213               NOP
  239                             213               .LINE       "P:\PRESTO2\DMU_v7\bios\t0018\setup.c",214
  240 0000015A D234               214               MOV.L       L34+42,R2  ; _init_FMR
  241 0000015C 420B               214               JSR         @R2
  242 0000015E 0009               214               NOP
  243                             214               .LINE       "P:\PRESTO2\DMU_v7\bios\t0018\setup.c",215
  244 00000160 D233               215               MOV.L       L34+46,R2  ; _InitPort
  245 00000162 420B               215               JSR         @R2
  246 00000164 0009               215               NOP
  247                             215               .LINE       "P:\PRESTO2\DMU_v7\bios\t0018\setup.c",216
  248 00000166 D233               216               MOV.L       L34+50,R2  ; _WdtInit
  249 00000168 420B               216               JSR         @R2
  250 0000016A 0009               216               NOP
  251                             216               .LINE       "P:\PRESTO2\DMU_v7\bios\t0018\setup.c",218
  252 0000016C BFB2               218               BSR         _INITSCT
  253 0000016E 0009               218               NOP
  254 00000170 E404               218               MOV         #4,R4      ; H'00000004
  255                             218               .LINE       "P:\PRESTO2\DMU_v7\bios\t0018\setup.c",220
  256 00000172 D233               220               MOV.L       L34+62,R2  ; _wait
  257 00000174 4418               220               SHLL8       R4
  258 00000176 420B               220               JSR         @R2
  259 00000178 74E8               220               ADD         #-24,R4
  260                             220               .LINE       "P:\PRESTO2\DMU_v7\bios\t0018\setup.c",222
  261 0000017A D732               222               MOV.L       L34+66,R7  ; _vector_table
  262                             222               .LINE       "P:\PRESTO2\DMU_v7\bios\t0018\setup.c",223
  263 0000017C E500               223               MOV         #0,R5      ; H'00000000
  264 0000017E E480               223               MOV         #-128,R4   ; H'FFFFFF80
  265 00000180 2F72               223               MOV.L       R7,@R15
  266 00000182 644C               223               EXTU.B      R4,R4
  267 00000184                    223     L27:
  268 00000184 6653               223               MOV         R5,R6
  269 00000186 4608               223               SHLL2       R6
  270 00000188 6073               223               MOV         R7,R0
  271 0000018A 026E               223               MOV.L       @(R0,R6),R2
  272 0000018C D01F               223               MOV.L       L34+10,R0  ; H'06000000
  273 0000018E 4410               223               DT          R4
  274 00000190 7501               223               ADD         #1,R5
  275 00000192 8FF7               223               BF/S        L27
  276 00000194 0626               223               MOV.L       R2,@(R0,R6)
  277                             223               .LINE       "P:\PRESTO2\DMU_v7\bios\t0018\setup.c",226
  278 00000196 D22C               226               MOV.L       L34+70,R2  ; _scu_io_baud
  279 00000198 E400               226               MOV         #0,R4      ; H'00000000
  280 0000019A 420B               226               JSR         @R2
  281 0000019C E506               226               MOV         #6,R5      ; H'00000006
  282                             226               .LINE       "P:\PRESTO2\DMU_v7\bios\t0018\setup.c",227
  283 0000019E D22B               227               MOV.L       L34+74,R2  ; _scu_io_init
  284 000001A0 E400               227               MOV         #0,R4      ; H'00000000
  285 000001A2 E501               227               MOV         #1,R5      ; H'00000001
*** SuperH RISC engine ASSEMBLER Ver. 5.1 ***    06/01/05 11:58:02                                                       PAGE     6
PROGRAM NAME =

  286 000001A4 6643               227               MOV         R4,R6
  287 000001A6 420B               227               JSR         @R2
  288 000001A8 6743               227               MOV         R4,R7
  289                             227               .LINE       "P:\PRESTO2\DMU_v7\bios\t0018\setup.c",229
  290 000001AA 0002               229               STC         SR,R0
  291 000001AC E3FF               229               MOV         #-1,R3     ; H'FFFFFFFF
  292 000001AE 4318               229               SHLL8       R3
  293 000001B0 730F               229               ADD         #15,R3
  294 000001B2 2039               229               AND         R3,R0
  295 000001B4 CBF0               229               OR          #240,R0
  296 000001B6 400E               229               LDC         R0,SR
  297                             229               .LINE       "P:\PRESTO2\DMU_v7\bios\t0018\setup.c",230
  298 000001B8 D425               230               MOV.L       L34+78,R4  ; L36
  299 000001BA EE06               230               MOV         #6,R14     ; H'00000006
  300 000001BC D21F               230               MOV.L       L34+58,R2  ; _rsstr
  301 000001BE 4E18               230               SHLL8       R14
  302 000001C0 420B               230               JSR         @R2
  303 000001C2 4E28               230               SHLL16      R14
  304                             230               .LINE       "P:\PRESTO2\DMU_v7\bios\t0018\setup.c",232
  305 000001C4 E120               232               MOV         #32,R1     ; H'00000020
  306 000001C6 4128               232               SHLL16      R1
  307                             232               .LINE       "P:\PRESTO2\DMU_v7\bios\t0018\setup.c",233
  308 000001C8 5712               233               MOV.L       @(8,R1),R7
  309                             233               .LINE       "P:\PRESTO2\DMU_v7\bios\t0018\setup.c",234
  310 000001CA 5211               234               MOV.L       @(4,R1),R2
  311 000001CC 1F11               234               MOV.L       R1,@(4,R15)
  312 000001CE 1F72               234               MOV.L       R7,@(8,R15)
  313 000001D0 6422               234               MOV.L       @R2,R4
  314 000001D2 A008               234               BRA         L29
  315 000001D4 1F44               234               MOV.L       R4,@(16,R15)
  316 000001D6                    234     L30:
  317 000001D6 6676               234               MOV.L       @R7+,R6
  318 000001D8 E0FC               234               MOV         #-4,R0     ; H'FFFFFFFC
  319 000001DA 35EC               234               ADD         R14,R5
  320 000001DC 600C               234               EXTU.B      R0,R0
  321 000001DE 1F72               234               MOV.L       R7,@(8,R15)
  322 000001E0 0566               234               MOV.L       R6,@(R0,R5)
  323 000001E2 74FF               234               ADD         #-1,R4
  324 000001E4 1F44               234               MOV.L       R4,@(16,R15)
  325 000001E6                    234     L29:
  326 000001E6 2448               234               TST         R4,R4
  327 000001E8 6543               234               MOV         R4,R5
  328 000001EA 8FF4               234               BF/S        L30
  329 000001EC 4508               234               SHLL2       R5
  330                             234               .LINE       "P:\PRESTO2\DMU_v7\bios\t0018\setup.c",238
  331 000001EE 4E2E               238               LDC         R14,VBR
  332                             238               .LINE       "P:\PRESTO2\DMU_v7\bios\t0018\setup.c",242
  333 000001F0 6212               242               MOV.L       @R1,R2
  334                             242               .LINE       "P:\PRESTO2\DMU_v7\bios\t0018\setup.c",244
  335 000001F2 420B               244               JSR         @R2
  336 000001F4 1F23               244               MOV.L       R2,@(12,R15)
  337 000001F6                    244     L32:
  338 000001F6 AFFE               244               BRA         L32
  339 000001F8 0009               244               NOP
  340 000001FA 7F14               244               ADD         #20,R15
  341 000001FC 4F26               244               LDS.L       @R15+,PR
  342 000001FE 000B               244               RTS
*** SuperH RISC engine ASSEMBLER Ver. 5.1 ***    06/01/05 11:58:02                                                       PAGE     7
PROGRAM NAME =

  343 00000200 6EF6               244               MOV.L       @R15+,R14
  344 00000202                    244     L34:
  345 00000202 A57F               244               .DATA.W     H'A57F
  346 00000204 A500               244               .DATA.W     H'A500
  347 00000206 00000002           244               .RES.W      1
  348 00000208 00200800           244               .DATA.L     H'00200800
  349 0000020C 06000000           244               .DATA.L     H'06000000
  350 00000210 00000000           244               .DATA.L     __B_BGN
  351 00000214 00000000           244               .DATA.L     __B_END
  352 00000218 00000000           244               .DATA.L     __D_BGN
  353 0000021C 00000000           244               .DATA.L     __D_END
  354 00000220 00000000           244               .DATA.L     __D_ROM
  355 00000224 00000000           244               .DATA.L     _BscInit
  356 00000228 00000000           244               .DATA.L     _CacheInit
  357 0000022C 00000000           244               .DATA.L     _init_FMR
  358 00000230 00000000           244               .DATA.L     _InitPort
  359 00000234 00000000           244               .DATA.L     _WdtInit
  360 00000238 00000000           244               .DATA.L     L35
  361 0000023C 00000000           244               .DATA.L     _rsstr
  362 00000240 00000000           244               .DATA.L     _wait
  363 00000244 00000000           244               .DATA.L     _vector_table
  364 00000248 00000000           244               .DATA.L     _scu_io_baud
  365 0000024C 00000000           244               .DATA.L     _scu_io_init
  366 00000250 00000000           244               .DATA.L     L36
  367 00000000                    244               .SECTION    C,DATA,ALIGN=4
  368 00000000                    244     L35:
  369 00000000 0A                 244               .DATA.B     H'0A
  370 00000001 42494F533A543030   244               .SDATA      "BIOS:T0018 04.12.7 Starting Aplication ..."
      00000009 31382030342E3132
      00000011 2E37205374617274
      00000019 696E672041706C69
      00000021 636174696F6E202E
      00000029 2E2E            
  371 0000002B 00                 244               .DATA.B     H'00
  372 0000002C                    244     L36:
  373 0000002C 0A                 244               .DATA.B     H'0A
  374 0000002D 42494F533A537461   244               .SDATA      "BIOS:Starting Aplication ..."
      00000035 7274696E67204170
      0000003D 6C69636174696F6E
      00000045 202E2E2E        
  375 00000049 00                 244               .DATA.B     H'00
  376                             244               .END
  *****TOTAL ERRORS       0
  *****TOTAL WARNINGS     0
*** SuperH RISC engine ASSEMBLER Ver. 5.1 ***    06/01/05 11:58:02                                                       PAGE     8

*** CROSS REFERENCE LIST

NAME                             SECTION  ATTR VALUE             SEQUENCE

C                                C        SCT  00000000    367*
L13                              P             000000B2    119*  120 
L16                              P             000000BE    130*  138 
L19                              P             000000E2    150   157*
L20                              P             000000DE    152*  160 
L22                              P             000000FA    166   172*
L23                              P             000000F4    168*  175 
L27                              P             00000184    267*  275 
L29                              P             000001E6    314   325*
L30                              P             000001D6    316*  328 
L32                              P             000001F6    337*  338 
L34                              P             00000202    105   114   131   136   147   148   162   163   165   184   188   192 
                                                           196   200   204   205   232   236   240   244   248   256   261   272 
                                                           278   283   298   300   344*
L35                              C             00000000    360   368*
L36                              C             0000002C    366   372*
Lrsxxx                           P             0000003C     50    61*
P                                P        SCT  00000000     24*
_BscInit                                  IMPT 00000000      8   355 
_CacheInit                                IMPT 00000000      9   356 
_INIT                            P        EXPT 00000132     23   213*
_INITSCT                         P        EXPT 000000D4     21    67   144*  252 
_InitPort                                 IMPT 00000000     11   358 
_WdtInit                                  IMPT 00000000     12   359 
__B_BGN                                   IMPT 00000000      2   350 
__B_END                                   IMPT 00000000      3   351 
__D_BGN                                   IMPT 00000000      4   352 
__D_END                                   IMPT 00000000      6   353 
__D_ROM                                   IMPT 00000000      5   354 
_bios_init                       P        EXPT 00000000     17    26*
_bios_init_err                   P        EXPT 00000084     18    62    86*
_dmu_jump_to_reset               P        EXPT 00000088     19    69    92*
_init_FMR                                 IMPT 00000000     10   357 
_init_registers                  P        EXPT 00000104     22    68   180*
_init_vector                     P        EXPT 000000BA     20    66   125*
_rsstr                                    IMPT 00000000     13   361 
_scu_io_baud                              IMPT 00000000     15   364 
_scu_io_init                              IMPT 00000000     16   365 
_vector_table                             IMPT 00000000      7   363 
_wait                                     IMPT 00000000     14   362 
init_exit                        P             00000028     39    49*
jt_init                          P             00000040     34    65*
*** SuperH RISC engine ASSEMBLER Ver. 5.1 ***    06/01/05 11:58:02                                                       PAGE     9

*** SECTION DATA LIST

SECTION                          ATTRIBUTE    SIZE             START

P                                REL-CODE    000000254        
C                                REL-DATA    00000004A        
