SH SERIES C/C++ Compiler (Ver. checker(2003.03.17))                                              10-Feb-2005 11:17:53  PAGE    1

************ OBJECT LISTING ************

FILE NAME: setfla.c

SCT OFFSET   CODE       C LABEL     INSTRUCTION OPERAND    COMMENT

P   00000000              __set_fladr:                     ; function: _set_fladr
                                                           ; frame size=0
    00000000 E205                   MOV         #5,R2      ; H'00000005
    00000002 6023                   MOV         R2,R0
    00000004 C38B                   TRAPA       #139
    00000006 000B                   RTS
    00000008 0009                   NOP
SH SERIES C/C++ Compiler (Ver. checker(2003.03.17))                                              10-Feb-2005 11:17:53  PAGE    1


******** STATISTICS INFORMATION ********


********** ERROR INFORMATION ***********

NUMBER OF ERRORS:           0
NUMBER OF WARNINGS:         0
NUMBER OF INFORMATIONS:     0



******* SOURCE LINE INFORMATION ********

COMPILED SOURCE LINE:       33



******* SECTION SIZE INFORMATION *******

PROGRAM  SECTION (P):                               0000000A Byte(s)
CONSTANT SECTION (C):                               00000000 Byte(s)
DATA     SECTION (D):                               00000000 Byte(s)
BSS      SECTION (B):                               00000000 Byte(s)

TOTAL PROGRAM  SECTION: 0000000A Byte(s)
TOTAL CONSTANT SECTION: 00000000 Byte(s)
TOTAL DATA     SECTION: 00000000 Byte(s)
TOTAL BSS      SECTION: 00000000 Byte(s)

    TOTAL PROGRAM SIZE: 0000000A Byte(s)



********** LABEL INFORMATION ***********

NUMBER OF EXTERNAL REFERENCE SYMBOLS:            0
NUMBER OF EXTERNAL DEFINITION SYMBOLS:           1
NUMBER OF INTERNAL/EXTERNAL SYMBOLS:             1
*** COMMAND PARAMETER ***


  -cpu=sh3 -op=0 -en=big -me -debug -comment=nest -l -def=DEBUG -i=P:\PRESTO2\SHINC,C:\usr\local\SH\7_1_1\include,P:\PRESTO2\NORTI_12\inc setfla.c 

