SH SERIES C/C++ Compiler (Ver. checker(2003.03.17))                                              10-Feb-2005 11:17:49  PAGE    1

************ OBJECT LISTING ************

FILE NAME: setmod.c

SCT OFFSET   CODE       C LABEL     INSTRUCTION OPERAND    COMMENT

P   00000000              __set_mode:                      ; function: _set_mode
                                                           ; frame size=0
    00000000 6243                   MOV         R4,R2
    00000002 622D                   EXTU.W      R2,R2
    00000004 E604                   MOV         #4,R6      ; H'00000004
    00000006 6423                   MOV         R2,R4
    00000008 6063                   MOV         R6,R0
    0000000A C38B                   TRAPA       #139
    0000000C 000B                   RTS
    0000000E 0009                   NOP
SH SERIES C/C++ Compiler (Ver. checker(2003.03.17))                                              10-Feb-2005 11:17:49  PAGE    1


******** STATISTICS INFORMATION ********


********** ERROR INFORMATION ***********

NUMBER OF ERRORS:           0
NUMBER OF WARNINGS:         0
NUMBER OF INFORMATIONS:     0



******* SOURCE LINE INFORMATION ********

COMPILED SOURCE LINE:       33



******* SECTION SIZE INFORMATION *******

PROGRAM  SECTION (P):                               00000010 Byte(s)
CONSTANT SECTION (C):                               00000000 Byte(s)
DATA     SECTION (D):                               00000000 Byte(s)
BSS      SECTION (B):                               00000000 Byte(s)

TOTAL PROGRAM  SECTION: 00000010 Byte(s)
TOTAL CONSTANT SECTION: 00000000 Byte(s)
TOTAL DATA     SECTION: 00000000 Byte(s)
TOTAL BSS      SECTION: 00000000 Byte(s)

    TOTAL PROGRAM SIZE: 00000010 Byte(s)



********** LABEL INFORMATION ***********

NUMBER OF EXTERNAL REFERENCE SYMBOLS:            0
NUMBER OF EXTERNAL DEFINITION SYMBOLS:           1
NUMBER OF INTERNAL/EXTERNAL SYMBOLS:             1
*** COMMAND PARAMETER ***


  -cpu=sh3 -op=0 -en=big -me -debug -comment=nest -l -def=DEBUG -i=P:\PRESTO2\SHINC,C:\usr\local\SH\7_1_1\include,P:\PRESTO2\NORTI_12\inc setmod.c 

