SH SERIES C/C++ Compiler (Ver. checker(2003.03.17))                                              10-Nov-2011 18:53:48  PAGE    1

************ OBJECT LISTING ************

FILE NAME: dadbot0.c

SCT OFFSET   CODE       C LABEL     INSTRUCTION OPERAND    COMMENT

P   00000000              _dad_iboot0:                     ; function: dad_iboot0
                                                           ; frame size=424
    00000000 2FB6                   MOV.L       R11,@-R15
    00000002 2FC6                   MOV.L       R12,@-R15
    00000004 2FD6                   MOV.L       R13,@-R15
    00000006 2FE6                   MOV.L       R14,@-R15
    00000008 4F22                   STS.L       PR,@-R15
    0000000A 93DD                   MOV.W       L35,R3     ; H'FE6C
    0000000C 3F3C                   ADD         R3,R15
    0000000E 6D53                   MOV         R5,R13
    00000010 6B43                   MOV         R4,R11
    00000012 E300                   MOV         #0,R3      ; H'00000000
    00000014 90D9                   MOV.W       L35+2,R0   ; H'0180
    00000016 0F35                   MOV.W       R3,@(R0,R15)
    00000018 E300                   MOV         #0,R3      ; H'00000000
    0000001A 90D7                   MOV.W       L35+4,R0   ; H'0182
    0000001C 0F35                   MOV.W       R3,@(R0,R15)
    0000001E E300                   MOV         #0,R3      ; H'00000000
    00000020 90D5                   MOV.W       L35+6,R0   ; H'0188
    00000022 0F36                   MOV.L       R3,@(R0,R15)
    00000024 E200                   MOV         #0,R2      ; H'00000000
    00000026 93D3                   MOV.W       L35+8,R3   ; H'1002
    00000028 6033                   MOV         R3,R0
    0000002A 81F6                   MOV.W       R0,@(12,R15)
    0000002C 64F3                   MOV         R15,R4
    0000002E 740E                   ADD         #14,R4
    00000030 E604                   MOV         #4,R6      ; H'00000004
    00000032 7602                   ADD         #2,R6
    00000034 65D3                   MOV         R13,R5
    00000036 D38B                   MOV.L       L36+6,R3   ; _memcpy
    00000038 430B                   JSR         @R3
    0000003A 0009                   NOP
    0000003C E218                   MOV         #24,R2     ; H'00000018
    0000003E 64F3                   MOV         R15,R4
    00000040 7414                   ADD         #20,R4
    00000042 55D3                   MOV.L       @(12,R13),R5
    00000044 6623                   MOV         R2,R6
    00000046 4600                   SHLL        R6
    00000048 D386                   MOV.L       L36+6,R3   ; _memcpy
    0000004A 430B                   JSR         @R3
    0000004C 0009                   NOP
    0000004E E208                   MOV         #8,R2      ; H'00000008
    00000050 64F3                   MOV         R15,R4
    00000052 7444                   ADD         #68,R4
    00000054 55D4                   MOV.L       @(16,R13),R5
    00000056 6623                   MOV         R2,R6
    00000058 4600                   SHLL        R6
    0000005A D382                   MOV.L       L36+6,R3   ; _memcpy
    0000005C 430B                   JSR         @R3
    0000005E 0009                   NOP
    00000060 53D2                   MOV.L       @(8,R13),R3
    00000062 E05C                   MOV         #92,R0     ; H'0000005C
    00000064 0F36                   MOV.L       R3,@(R0,R15)
    00000066 E204                   MOV         #4,R2      ; H'00000004
    00000068 64F3                   MOV         R15,R4
    0000006A 7454                   ADD         #84,R4
    0000006C 55D5                   MOV.L       @(20,R13),R5
    0000006E 6623                   MOV         R2,R6
    00000070 4600                   SHLL        R6
    00000072 D37C                   MOV.L       L36+6,R3   ; _memcpy
    00000074 430B                   JSR         @R3
    00000076 0009                   NOP
    00000078 64F3                   MOV         R15,R4
    0000007A 7460                   ADD         #96,R4
    0000007C 55D6                   MOV.L       @(24,R13),R5
    0000007E E660                   MOV         #96,R6     ; H'00000060
    00000080 D378                   MOV.L       L36+6,R3   ; _memcpy
    00000082 430B                   JSR         @R3
    00000084 0009                   NOP
    00000086 62F3                   MOV         R15,R2
    00000088 93A3                   MOV.W       L35+10,R3  ; H'00C0
    0000008A 323C                   ADD         R3,R2
    0000008C 6E23                   MOV         R2,R14
    0000008E 62D1                   MOV.W       @R13,R2
    00000090 622F                   EXTS.W      R2,R2
    00000092 6623                   MOV         R2,R6
    00000094 4600                   SHLL        R6
    00000096 6C63                   MOV         R6,R12
    00000098 66C3                   MOV         R12,R6
    0000009A 55D7                   MOV.L       @(28,R13),R5
    0000009C 64E3                   MOV         R14,R4
    0000009E D371                   MOV.L       L36+6,R3   ; _memcpy
    000000A0 430B                   JSR         @R3
    000000A2 0009                   NOP
    000000A4 3ECC                   ADD         R12,R14
    000000A6 85D2                   MOV.W       @(4,R13),R0
    000000A8 6203                   MOV         R0,R2
    000000AA 622F                   EXTS.W      R2,R2
    000000AC 6623                   MOV         R2,R6
    000000AE 4600                   SHLL        R6
    000000B0 6C63                   MOV         R6,R12
    000000B2 66C3                   MOV         R12,R6
    000000B4 55D7                   MOV.L       @(28,R13),R5
    000000B6 7530                   ADD         #48,R5
    000000B8 64E3                   MOV         R14,R4
    000000BA D36A                   MOV.L       L36+6,R3   ; _memcpy
    000000BC 430B                   JSR         @R3
    000000BE 0009                   NOP
    000000C0 3ECC                   ADD         R12,R14
    000000C2 62D1                   MOV.W       @R13,R2
    000000C4 622F                   EXTS.W      R2,R2
    000000C6 6623                   MOV         R2,R6
    000000C8 4600                   SHLL        R6
    000000CA 6C63                   MOV         R6,R12
    000000CC 66C3                   MOV         R12,R6
    000000CE 55D8                   MOV.L       @(32,R13),R5
    000000D0 64E3                   MOV         R14,R4
    000000D2 D364                   MOV.L       L36+6,R3   ; _memcpy
    000000D4 430B                   JSR         @R3
    000000D6 0009                   NOP
    000000D8 3ECC                   ADD         R12,R14
    000000DA 85D2                   MOV.W       @(4,R13),R0
    000000DC 6203                   MOV         R0,R2
    000000DE 622F                   EXTS.W      R2,R2
    000000E0 6C23                   MOV         R2,R12
    000000E2 4C00                   SHLL        R12
    000000E4 66C3                   MOV         R12,R6
    000000E6 55D8                   MOV.L       @(32,R13),R5
    000000E8 7530                   ADD         #48,R5
    000000EA 64E3                   MOV         R14,R4
    000000EC D35D                   MOV.L       L36+6,R3   ; _memcpy
    000000EE 430B                   JSR         @R3
    000000F0 0009                   NOP
    000000F2 3ECC                   ADD         R12,R14
    000000F4 E218                   MOV         #24,R2     ; H'00000018
    000000F6 55D9                   MOV.L       @(36,R13),R5
    000000F8 6623                   MOV         R2,R6
    000000FA 4600                   SHLL        R6
    000000FC 64E3                   MOV         R14,R4
    000000FE D359                   MOV.L       L36+6,R3   ; _memcpy
    00000100 430B                   JSR         @R3
    00000102 0009                   NOP
    00000104 E618                   MOV         #24,R6     ; H'00000018
    00000106 6263                   MOV         R6,R2
    00000108 4200                   SHLL        R2
    0000010A 3E2C                   ADD         R2,R14
    0000010C E208                   MOV         #8,R2      ; H'00000008
    0000010E 55DA                   MOV.L       @(40,R13),R5
    00000110 6623                   MOV         R2,R6
    00000112 4600                   SHLL        R6
    00000114 64E3                   MOV         R14,R4
    00000116 D353                   MOV.L       L36+6,R3   ; _memcpy
    00000118 430B                   JSR         @R3
    0000011A 0009                   NOP
    0000011C E608                   MOV         #8,R6      ; H'00000008
    0000011E 6263                   MOV         R6,R2
    00000120 4200                   SHLL        R2
    00000122 3E2C                   ADD         R2,R14
    00000124 E204                   MOV         #4,R2      ; H'00000004
    00000126 55DB                   MOV.L       @(44,R13),R5
    00000128 6623                   MOV         R2,R6
    0000012A 4600                   SHLL        R6
    0000012C 64E3                   MOV         R14,R4
    0000012E D34D                   MOV.L       L36+6,R3   ; _memcpy
    00000130 430B                   JSR         @R3
    00000132 0009                   NOP
    00000134 E604                   MOV         #4,R6      ; H'00000004
    00000136 6263                   MOV         R6,R2
    00000138 4200                   SHLL        R2
    0000013A 3E2C                   ADD         R2,R14
    0000013C 65D3                   MOV         R13,R5
    0000013E 7530                   ADD         #48,R5
    00000140 E604                   MOV         #4,R6      ; H'00000004
    00000142 7602                   ADD         #2,R6
    00000144 64E3                   MOV         R14,R4
    00000146 D347                   MOV.L       L36+6,R3   ; _memcpy
    00000148 430B                   JSR         @R3
    0000014A 0009                   NOP
    0000014C E204                   MOV         #4,R2      ; H'00000004
    0000014E 7202                   ADD         #2,R2
    00000150 3E2C                   ADD         R2,R14
    00000152 64F3                   MOV         R15,R4
    00000154 740C                   ADD         #12,R4
    00000156 B09D                   BSR         __$chg_ul_bef_write
    00000158 0009                   NOP
    0000015A 62F3                   MOV         R15,R2
    0000015C 720C                   ADD         #12,R2
    0000015E 66E3                   MOV         R14,R6
    00000160 3628                   SUB         R2,R6
    00000162 6763                   MOV         R6,R7
    00000164 65F3                   MOV         R15,R5
    00000166 9332                   MOV.W       L35+6,R3   ; H'0188
    00000168 353C                   ADD         R3,R5
    0000016A 66F3                   MOV         R15,R6
    0000016C 760C                   ADD         #12,R6
    0000016E 64B3                   MOV         R11,R4
    00000170 677F                   EXTS.W      R7,R7
    00000172 D33D                   MOV.L       L36+10,R3  ; _dad_dpm_write
    00000174 430B                   JSR         @R3
    00000176 0009                   NOP
    00000178 6203                   MOV         R0,R2
    0000017A 4211                   CMP/PZ      R2
    0000017C 8902                   BT          L12
    0000017E E2FF                   MOV         #-1,R2     ; H'FFFFFFFF
    00000180 A063                   BRA         L13
    00000182 0009                   NOP
    00000184              L12:
    00000184 E501                   MOV         #1,R5      ; H'00000001
    00000186 64B3                   MOV         R11,R4
    00000188 D338                   MOV.L       L36+14,R3  ; _wai_init_boot_flg
    0000018A 430B                   JSR         @R3
    0000018C 0009                   NOP
    0000018E 6303                   MOV         R0,R3
    00000190 901D                   MOV.W       L35+6,R0   ; H'0188
    00000192 0F36                   MOV.L       R3,@(R0,R15)
    00000194 6233                   MOV         R3,R2
    00000196 2228                   TST         R2,R2
    00000198 891D                   BT          L15
    0000019A 9018                   MOV.W       L35+6,R0   ; H'0188
    0000019C 03FE                   MOV.L       @(R0,R15),R3
    0000019E 9016                   MOV.W       L35+6,R0   ; H'0188
    000001A0 01FE                   MOV.L       @(R0,R15),R1
    000001A2 2138                   TST         R3,R1
    000001A4 890D                   BT          L17
    000001A6 D432                   MOV.L       L36+18,R4  ; __iob
    000001A8 7428                   ADD         #40,R4
    000001AA D232                   MOV.L       L36+22,R2  ; L40
    000001AC 2F22                   MOV.L       R2,@R15
    000001AE D232                   MOV.L       L36+26,R2  ; L41
    000001B0 1F21                   MOV.L       R2,@(4,R15)
    000001B2 930F                   MOV.W       L35+12,R3  ; H'0091
    000001B4 1F32                   MOV.L       R3,@(8,R15)
    000001B6 D331                   MOV.L       L36+30,R3  ; _fprintf
    000001B8 430B                   JSR         @R3
    000001BA 0009                   NOP
    000001BC D330                   MOV.L       L36+34,R3  ; _abort
    000001BE 430B                   JSR         @R3
    000001C0 0009                   NOP
    000001C2              L17:
    000001C2 E2FF                   MOV         #-1,R2     ; H'FFFFFFFF
    000001C4 A041                   BRA         L13
    000001C6 0009                   NOP
    000001C8              L35:
    000001C8 FE6C                   .DATA.W     H'FE6C
    000001CA 0180                   .DATA.W     H'0180
    000001CC 0182                   .DATA.W     H'0182
    000001CE 0188                   .DATA.W     H'0188
    000001D0 1002                   .DATA.W     H'1002
    000001D2 00C0                   .DATA.W     H'00C0
    000001D4 0091                   .DATA.W     H'0091
    000001D6              L15:
    000001D6 E700                   MOV         #0,R7      ; H'00000000
    000001D8 65F3                   MOV         R15,R5
    000001DA 9340                   MOV.W       L36,R3     ; H'0180
    000001DC 353C                   ADD         R3,R5
    000001DE E604                   MOV         #4,R6      ; H'00000004
    000001E0 64B3                   MOV         R11,R4
    000001E2 677D                   EXTU.W      R7,R7
    000001E4 D327                   MOV.L       L36+38,R3  ; _dad_dpm_read
    000001E6 430B                   JSR         @R3
    000001E8 0009                   NOP
    000001EA 6203                   MOV         R0,R2
    000001EC 4211                   CMP/PZ      R2
    000001EE 8B03                   BF          L19
    000001F0 9036                   MOV.W       L36+2,R0   ; H'0182
    000001F2 03FD                   MOV.W       @(R0,R15),R3
    000001F4 4311                   CMP/PZ      R3
    000001F6 8902                   BT          L20
    000001F8              L19:
    000001F8 E2FF                   MOV         #-1,R2     ; H'FFFFFFFF
    000001FA A026                   BRA         L13
    000001FC 0009                   NOP
    000001FE              L20:
    000001FE D322                   MOV.L       L36+42,R3  ; _local_disable
    00000200 430B                   JSR         @R3
    00000202 0009                   NOP
    00000204 65D1                   MOV.W       @R13,R5
    00000206 D421                   MOV.L       L36+46,R4  ; _dad_base
    00000208 66B3                   MOV         R11,R6
    0000020A 6263                   MOV         R6,R2
    0000020C 4608                   SHLL2       R6
    0000020E 4200                   SHLL        R2
    00000210 362C                   ADD         R2,R6
    00000212 6063                   MOV         R6,R0
    00000214 0455                   MOV.W       R5,@(R0,R4)
    00000216 85D1                   MOV.W       @(2,R13),R0
    00000218 6403                   MOV         R0,R4
    0000021A D21C                   MOV.L       L36+46,R2  ; _dad_base
    0000021C 7202                   ADD         #2,R2
    0000021E 65B3                   MOV         R11,R5
    00000220 6653                   MOV         R5,R6
    00000222 4508                   SHLL2       R5
    00000224 4600                   SHLL        R6
    00000226 356C                   ADD         R6,R5
    00000228 6053                   MOV         R5,R0
    0000022A 0245                   MOV.W       R4,@(R0,R2)
    0000022C 85D2                   MOV.W       @(4,R13),R0
    0000022E 6403                   MOV         R0,R4
    00000230 D216                   MOV.L       L36+46,R2  ; _dad_base
    00000232 7204                   ADD         #4,R2
    00000234 66B3                   MOV         R11,R6
    00000236 6563                   MOV         R6,R5
    00000238 4608                   SHLL2       R6
    0000023A 4500                   SHLL        R5
    0000023C 365C                   ADD         R5,R6
    0000023E 6063                   MOV         R6,R0
    00000240 0245                   MOV.W       R4,@(R0,R2)
    00000242 D313                   MOV.L       L36+50,R3  ; _local_enable
    00000244 430B                   JSR         @R3
    00000246 0009                   NOP
    00000248 E200                   MOV         #0,R2      ; H'00000000
    0000024A              L13:
    0000024A 6023                   MOV         R2,R0
    0000024C 9309                   MOV.W       L36+4,R3   ; H'0194
    0000024E 3F3C                   ADD         R3,R15
    00000250 4F26                   LDS.L       @R15+,PR
    00000252 6EF6                   MOV.L       @R15+,R14
    00000254 6DF6                   MOV.L       @R15+,R13
    00000256 6CF6                   MOV.L       @R15+,R12
    00000258 6BF6                   MOV.L       @R15+,R11
    0000025A 000B                   RTS
    0000025C 0009                   NOP
    0000025E              L36:
    0000025E 0180                   .DATA.W     H'0180
    00000260 0182                   .DATA.W     H'0182
    00000262 0194                   .DATA.W     H'0194
    00000264 <00000000>             .DATA.L     _memcpy
    00000268 <00000000>             .DATA.L     _dad_dpm_write
    0000026C <00000000>             .DATA.L     _wai_init_boot_flg
    00000270 <00000000>             .DATA.L     __iob
    00000274 <00000000>             .DATA.L     L40
    00000278 <00000000>             .DATA.L     L41
    0000027C <00000000>             .DATA.L     _fprintf
    00000280 <00000000>             .DATA.L     _abort
    00000284 <00000000>             .DATA.L     _dad_dpm_read
    00000288 <00000000>             .DATA.L     _local_disable
    0000028C <00000000>             .DATA.L     _dad_base
    00000290 <00000000>             .DATA.L     _local_enable
    00000294              __$chg_ul_bef_write:             ; function: __$chg_ul_bef_write
                                                           ; frame size=24
    00000294 2FB6                   MOV.L       R11,@-R15
    00000296 2FC6                   MOV.L       R12,@-R15
    00000298 2FD6                   MOV.L       R13,@-R15
    0000029A 2FE6                   MOV.L       R14,@-R15
    0000029C 7FF8                   ADD         #-8,R15
    0000029E 6641                   MOV.W       @R4,R6
    000002A0 666F                   EXTS.W      R6,R6
    000002A2 92E0                   MOV.W       L38,R2     ; H'00FF
    000002A4 6763                   MOV         R6,R7
    000002A6 2729                   AND         R2,R7
    000002A8 4718                   SHLL8       R7
    000002AA 6641                   MOV.W       @R4,R6
    000002AC 666F                   EXTS.W      R6,R6
    000002AE DED6                   MOV.L       L39+12,R14 ; H'0000FF00
    000002B0 6563                   MOV         R6,R5
    000002B2 25E9                   AND         R14,R5
    000002B4 655D                   EXTU.W      R5,R5
    000002B6 6653                   MOV         R5,R6
    000002B8 EDF8                   MOV         #-8,R13    ; H'FFFFFFF8
    000002BA 46DC                   SHAD        R13,R6
    000002BC 276B                   OR          R6,R7
    000002BE 2471                   MOV.W       R7,@R4
    000002C0 8541                   MOV.W       @(2,R4),R0
    000002C2 6603                   MOV         R0,R6
    000002C4 666F                   EXTS.W      R6,R6
    000002C6 6763                   MOV         R6,R7
    000002C8 2729                   AND         R2,R7
    000002CA 4718                   SHLL8       R7
    000002CC 8541                   MOV.W       @(2,R4),R0
    000002CE 6603                   MOV         R0,R6
    000002D0 666F                   EXTS.W      R6,R6
    000002D2 6563                   MOV         R6,R5
    000002D4 25E9                   AND         R14,R5
    000002D6 655D                   EXTU.W      R5,R5
    000002D8 6653                   MOV         R5,R6
    000002DA 46DC                   SHAD        R13,R6
    000002DC 276B                   OR          R6,R7
    000002DE 6073                   MOV         R7,R0
    000002E0 8141                   MOV.W       R0,@(2,R4)
    000002E2 8542                   MOV.W       @(4,R4),R0
    000002E4 6603                   MOV         R0,R6
    000002E6 666F                   EXTS.W      R6,R6
    000002E8 6763                   MOV         R6,R7
    000002EA 2729                   AND         R2,R7
    000002EC 4718                   SHLL8       R7
    000002EE 8542                   MOV.W       @(4,R4),R0
    000002F0 6603                   MOV         R0,R6
    000002F2 666F                   EXTS.W      R6,R6
    000002F4 6563                   MOV         R6,R5
    000002F6 25E9                   AND         R14,R5
    000002F8 655D                   EXTU.W      R5,R5
    000002FA 6653                   MOV         R5,R6
    000002FC 46DC                   SHAD        R13,R6
    000002FE 276B                   OR          R6,R7
    00000300 6073                   MOV         R7,R0
    00000302 8142                   MOV.W       R0,@(4,R4)
    00000304 8543                   MOV.W       @(6,R4),R0
    00000306 6603                   MOV         R0,R6
    00000308 666F                   EXTS.W      R6,R6
    0000030A 6763                   MOV         R6,R7
    0000030C 2729                   AND         R2,R7
    0000030E 4718                   SHLL8       R7
    00000310 8543                   MOV.W       @(6,R4),R0
    00000312 6203                   MOV         R0,R2
    00000314 622F                   EXTS.W      R2,R2
    00000316 6523                   MOV         R2,R5
    00000318 25E9                   AND         R14,R5
    0000031A 655D                   EXTU.W      R5,R5
    0000031C 6653                   MOV         R5,R6
    0000031E 46DC                   SHAD        R13,R6
    00000320 276B                   OR          R6,R7
    00000322 6073                   MOV         R7,R0
    00000324 8143                   MOV.W       R0,@(6,R4)
    00000326 E200                   MOV         #0,R2      ; H'00000000
    00000328 E324                   MOV         #36,R3     ; H'00000024
    0000032A 3233                   CMP/GE      R3,R2
    0000032C 8926                   BT          L22
    0000032E              L23:
    0000032E 6623                   MOV         R2,R6
    00000330 4600                   SHLL        R6
    00000332 6743                   MOV         R4,R7
    00000334 7708                   ADD         #8,R7
    00000336 6063                   MOV         R6,R0
    00000338 057D                   MOV.W       @(R0,R7),R5
    0000033A 655D                   EXTU.W      R5,R5
    0000033C 6753                   MOV         R5,R7
    0000033E 6673                   MOV         R7,R6
    00000340 9391                   MOV.W       L38,R3     ; H'00FF
    00000342 2639                   AND         R3,R6
    00000344 4618                   SHLL8       R6
    00000346 6723                   MOV         R2,R7
    00000348 6573                   MOV         R7,R5
    0000034A 4500                   SHLL        R5
    0000034C 6743                   MOV         R4,R7
    0000034E 7708                   ADD         #8,R7
    00000350 6053                   MOV         R5,R0
    00000352 0E7D                   MOV.W       @(R0,R7),R14
    00000354 65E3                   MOV         R14,R5
    00000356 655D                   EXTU.W      R5,R5
    00000358 6E53                   MOV         R5,R14
    0000035A 6563                   MOV         R6,R5
    0000035C 66E3                   MOV         R14,R6
    0000035E D3AA                   MOV.L       L39+12,R3  ; H'0000FF00
    00000360 2639                   AND         R3,R6
    00000362 E3F8                   MOV         #-8,R3     ; H'FFFFFFF8
    00000364 463C                   SHAD        R3,R6
    00000366 256B                   OR          R6,R5
    00000368 6623                   MOV         R2,R6
    0000036A 4600                   SHLL        R6
    0000036C 6743                   MOV         R4,R7
    0000036E 7708                   ADD         #8,R7
    00000370 6063                   MOV         R6,R0
    00000372 0755                   MOV.W       R5,@(R0,R7)
    00000374 7201                   ADD         #1,R2
    00000376 E324                   MOV         #36,R3     ; H'00000024
    00000378 3233                   CMP/GE      R3,R2
    0000037A 8BD8                   BF          L23
    0000037C              L22:
    0000037C E050                   MOV         #80,R0     ; H'00000050
    0000037E 064E                   MOV.L       @(R0,R4),R6
    00000380 9371                   MOV.W       L38,R3     ; H'00FF
    00000382 2639                   AND         R3,R6
    00000384 4628                   SHLL16      R6
    00000386 4618                   SHLL8       R6
    00000388 E050                   MOV         #80,R0     ; H'00000050
    0000038A 024E                   MOV.L       @(R0,R4),R2
    0000038C D39E                   MOV.L       L39+12,R3  ; H'0000FF00
    0000038E 2239                   AND         R3,R2
    00000390 4218                   SHLL8       R2
    00000392 262B                   OR          R2,R6
    00000394 E050                   MOV         #80,R0     ; H'00000050
    00000396 024E                   MOV.L       @(R0,R4),R2
    00000398 D39C                   MOV.L       L39+16,R3  ; H'00FF0000
    0000039A 2239                   AND         R3,R2
    0000039C E3F8                   MOV         #-8,R3     ; H'FFFFFFF8
    0000039E 423C                   SHAD        R3,R2
    000003A0 262B                   OR          R2,R6
    000003A2 6563                   MOV         R6,R5
    000003A4 E050                   MOV         #80,R0     ; H'00000050
    000003A6 074E                   MOV.L       @(R0,R4),R7
    000003A8 D399                   MOV.L       L39+20,R3  ; H'FF000000
    000003AA 6633                   MOV         R3,R6
    000003AC 2769                   AND         R6,R7
    000003AE 6673                   MOV         R7,R6
    000003B0 4629                   SHLR16      R6
    000003B2 4619                   SHLR8       R6
    000003B4 256B                   OR          R6,R5
    000003B6 6E53                   MOV         R5,R14
    000003B8 E050                   MOV         #80,R0     ; H'00000050
    000003BA 04E6                   MOV.L       R14,@(R0,R4)
    000003BC E200                   MOV         #0,R2      ; H'00000000
    000003BE E318                   MOV         #24,R3     ; H'00000018
    000003C0 3233                   CMP/GE      R3,R2
    000003C2 893B                   BT          L24
    000003C4              L25:
    000003C4 6623                   MOV         R2,R6
    000003C6 6563                   MOV         R6,R5
    000003C8 4508                   SHLL2       R5
    000003CA 6743                   MOV         R4,R7
    000003CC 7754                   ADD         #84,R7
    000003CE 6053                   MOV         R5,R0
    000003D0 067E                   MOV.L       @(R0,R7),R6
    000003D2 9348                   MOV.W       L38,R3     ; H'00FF
    000003D4 2639                   AND         R3,R6
    000003D6 4628                   SHLL16      R6
    000003D8 4618                   SHLL8       R6
    000003DA 6523                   MOV         R2,R5
    000003DC 6753                   MOV         R5,R7
    000003DE 4708                   SHLL2       R7
    000003E0 6E43                   MOV         R4,R14
    000003E2 7E54                   ADD         #84,R14
    000003E4 6073                   MOV         R7,R0
    000003E6 05EE                   MOV.L       @(R0,R14),R5
    000003E8 D387                   MOV.L       L39+12,R3  ; H'0000FF00
    000003EA 2539                   AND         R3,R5
    000003EC 4518                   SHLL8       R5
    000003EE 265B                   OR          R5,R6
    000003F0 6723                   MOV         R2,R7
    000003F2 4708                   SHLL2       R7
    000003F4 6E43                   MOV         R4,R14
    000003F6 7E54                   ADD         #84,R14
    000003F8 6073                   MOV         R7,R0
    000003FA 05EE                   MOV.L       @(R0,R14),R5
    000003FC D383                   MOV.L       L39+16,R3  ; H'00FF0000
    000003FE 2539                   AND         R3,R5
    00000400 E3F8                   MOV         #-8,R3     ; H'FFFFFFF8
    00000402 453C                   SHAD        R3,R5
    00000404 265B                   OR          R5,R6
    00000406 6563                   MOV         R6,R5
    00000408 6723                   MOV         R2,R7
    0000040A 6673                   MOV         R7,R6
    0000040C 4608                   SHLL2       R6
    0000040E 6E43                   MOV         R4,R14
    00000410 7E54                   ADD         #84,R14
    00000412 6063                   MOV         R6,R0
    00000414 07EE                   MOV.L       @(R0,R14),R7
    00000416 D37E                   MOV.L       L39+20,R3  ; H'FF000000
    00000418 6633                   MOV         R3,R6
    0000041A 2769                   AND         R6,R7
    0000041C 6673                   MOV         R7,R6
    0000041E 4629                   SHLR16      R6
    00000420 4619                   SHLR8       R6
    00000422 256B                   OR          R6,R5
    00000424 6E53                   MOV         R5,R14
    00000426 6523                   MOV         R2,R5
    00000428 6653                   MOV         R5,R6
    0000042A 4608                   SHLL2       R6
    0000042C 6543                   MOV         R4,R5
    0000042E 7554                   ADD         #84,R5
    00000430 6063                   MOV         R6,R0
    00000432 05E6                   MOV.L       R14,@(R0,R5)
    00000434 7201                   ADD         #1,R2
    00000436 E318                   MOV         #24,R3     ; H'00000018
    00000438 3233                   CMP/GE      R3,R2
    0000043A 8BC3                   BF          L25
    0000043C              L24:
    0000043C ED00                   MOV         #0,R13     ; H'00000000
    0000043E E302                   MOV         #2,R3      ; H'00000002
    00000440 3D33                   CMP/GE      R3,R13
    00000442 8946                   BT          L26
    00000444              L27:
    00000444 E200                   MOV         #0,R2      ; H'00000000
    00000446 E31C                   MOV         #28,R3     ; H'0000001C
    00000448 3233                   CMP/GE      R3,R2
    0000044A 893E                   BT          L28
    0000044C              L29:
    0000044C 65D3                   MOV         R13,R5
    0000044E 6653                   MOV         R5,R6
    00000450 EB06                   MOV         #6,R11     ; H'00000006
    00000452 45BD                   SHLD        R11,R5
    00000454 4608                   SHLL2       R6
    00000456 4600                   SHLL        R6
    00000458 3568                   SUB         R6,R5
    0000045A 6723                   MOV         R2,R7
    0000045C 6673                   MOV         R7,R6
    0000045E 4600                   SHLL        R6
    00000460 356C                   ADD         R6,R5
    00000462 A001                   BRA         L37
    00000464 0009                   NOP
    00000466              L38:
    00000466 00FF                   .DATA.W     H'00FF
    00000468              L37:
    00000468 9EC8                   MOV.W       L39,R14    ; H'00B4
    0000046A 6743                   MOV         R4,R7
    0000046C 37EC                   ADD         R14,R7
    0000046E 6053                   MOV         R5,R0
    00000470 067D                   MOV.W       @(R0,R7),R6
    00000472 666F                   EXTS.W      R6,R6
    00000474 93C3                   MOV.W       L39+2,R3   ; H'00FF
    00000476 6763                   MOV         R6,R7
    00000478 2739                   AND         R3,R7
    0000047A 4718                   SHLL8       R7
    0000047C 65D3                   MOV         R13,R5
    0000047E 6653                   MOV         R5,R6
    00000480 45BD                   SHLD        R11,R5
    00000482 4608                   SHLL2       R6
    00000484 4600                   SHLL        R6
    00000486 3568                   SUB         R6,R5
    00000488 6623                   MOV         R2,R6
    0000048A 4600                   SHLL        R6
    0000048C 356C                   ADD         R6,R5
    0000048E 6C43                   MOV         R4,R12
    00000490 3CEC                   ADD         R14,R12
    00000492 6053                   MOV         R5,R0
    00000494 06CD                   MOV.W       @(R0,R12),R6
    00000496 666F                   EXTS.W      R6,R6
    00000498 D35B                   MOV.L       L39+12,R3  ; H'0000FF00
    0000049A 6563                   MOV         R6,R5
    0000049C 2539                   AND         R3,R5
    0000049E 655D                   EXTU.W      R5,R5
    000004A0 6653                   MOV         R5,R6
    000004A2 E3F8                   MOV         #-8,R3     ; H'FFFFFFF8
    000004A4 463C                   SHAD        R3,R6
    000004A6 276B                   OR          R6,R7
    000004A8 65D3                   MOV         R13,R5
    000004AA 6653                   MOV         R5,R6
    000004AC 45BD                   SHLD        R11,R5
    000004AE 4608                   SHLL2       R6
    000004B0 4600                   SHLL        R6
    000004B2 3568                   SUB         R6,R5
    000004B4 6623                   MOV         R2,R6
    000004B6 4600                   SHLL        R6
    000004B8 356C                   ADD         R6,R5
    000004BA 6643                   MOV         R4,R6
    000004BC 36EC                   ADD         R14,R6
    000004BE 6053                   MOV         R5,R0
    000004C0 0675                   MOV.W       R7,@(R0,R6)
    000004C2 7201                   ADD         #1,R2
    000004C4 E31C                   MOV         #28,R3     ; H'0000001C
    000004C6 3233                   CMP/GE      R3,R2
    000004C8 8BC0                   BF          L29
    000004CA              L28:
    000004CA 7D01                   ADD         #1,R13
    000004CC E302                   MOV         #2,R3      ; H'00000002
    000004CE 3D33                   CMP/GE      R3,R13
    000004D0 8BB8                   BF          L27
    000004D2              L26:
    000004D2 E200                   MOV         #0,R2      ; H'00000000
    000004D4 E324                   MOV         #36,R3     ; H'00000024
    000004D6 3233                   CMP/GE      R3,R2
    000004D8 8928                   BT          L30
    000004DA              L31:
    000004DA 6523                   MOV         R2,R5
    000004DC 6653                   MOV         R5,R6
    000004DE 4600                   SHLL        R6
    000004E0 9D8E                   MOV.W       L39+4,R13  ; H'0124
    000004E2 6743                   MOV         R4,R7
    000004E4 37DC                   ADD         R13,R7
    000004E6 6063                   MOV         R6,R0
    000004E8 057D                   MOV.W       @(R0,R7),R5
    000004EA 655F                   EXTS.W      R5,R5
    000004EC 9387                   MOV.W       L39+2,R3   ; H'00FF
    000004EE 6653                   MOV         R5,R6
    000004F0 2639                   AND         R3,R6
    000004F2 4618                   SHLL8       R6
    000004F4 6E63                   MOV         R6,R14
    000004F6 6623                   MOV         R2,R6
    000004F8 4600                   SHLL        R6
    000004FA 6743                   MOV         R4,R7
    000004FC 37DC                   ADD         R13,R7
    000004FE 6063                   MOV         R6,R0
    00000500 057D                   MOV.W       @(R0,R7),R5
    00000502 655F                   EXTS.W      R5,R5
    00000504 D340                   MOV.L       L39+12,R3  ; H'0000FF00
    00000506 6653                   MOV         R5,R6
    00000508 2639                   AND         R3,R6
    0000050A 6563                   MOV         R6,R5
    0000050C 655D                   EXTU.W      R5,R5
    0000050E 6753                   MOV         R5,R7
    00000510 66E3                   MOV         R14,R6
    00000512 E3F8                   MOV         #-8,R3     ; H'FFFFFFF8
    00000514 473C                   SHAD        R3,R7
    00000516 267B                   OR          R7,R6
    00000518 6523                   MOV         R2,R5
    0000051A 4500                   SHLL        R5
    0000051C 6743                   MOV         R4,R7
    0000051E 37DC                   ADD         R13,R7
    00000520 6053                   MOV         R5,R0
    00000522 0765                   MOV.W       R6,@(R0,R7)
    00000524 7201                   ADD         #1,R2
    00000526 E324                   MOV         #36,R3     ; H'00000024
    00000528 3233                   CMP/GE      R3,R2
    0000052A 8BD6                   BF          L31
    0000052C              L30:
    0000052C 9069                   MOV.W       L39+6,R0   ; H'016C
    0000052E 024D                   MOV.W       @(R0,R4),R2
    00000530 9D65                   MOV.W       L39+2,R13  ; H'00FF
    00000532 622F                   EXTS.W      R2,R2
    00000534 6623                   MOV         R2,R6
    00000536 26D9                   AND         R13,R6
    00000538 4618                   SHLL8       R6
    0000053A 9062                   MOV.W       L39+6,R0   ; H'016C
    0000053C 024D                   MOV.W       @(R0,R4),R2
    0000053E DC32                   MOV.L       L39+12,R12 ; H'0000FF00
    00000540 622F                   EXTS.W      R2,R2
    00000542 6523                   MOV         R2,R5
    00000544 25C9                   AND         R12,R5
    00000546 655D                   EXTU.W      R5,R5
    00000548 6E53                   MOV         R5,R14
    0000054A 62E3                   MOV         R14,R2
    0000054C E3F8                   MOV         #-8,R3     ; H'FFFFFFF8
    0000054E 423C                   SHAD        R3,R2
    00000550 262B                   OR          R2,R6
    00000552 9056                   MOV.W       L39+6,R0   ; H'016C
    00000554 0465                   MOV.W       R6,@(R0,R4)
    00000556 9055                   MOV.W       L39+8,R0   ; H'016E
    00000558 024D                   MOV.W       @(R0,R4),R2
    0000055A 622F                   EXTS.W      R2,R2
    0000055C 6723                   MOV         R2,R7
    0000055E 27D9                   AND         R13,R7
    00000560 4718                   SHLL8       R7
    00000562 904F                   MOV.W       L39+8,R0   ; H'016E
    00000564 024D                   MOV.W       @(R0,R4),R2
    00000566 622F                   EXTS.W      R2,R2
    00000568 6523                   MOV         R2,R5
    0000056A 25C9                   AND         R12,R5
    0000056C 655D                   EXTU.W      R5,R5
    0000056E 6653                   MOV         R5,R6
    00000570 E3F8                   MOV         #-8,R3     ; H'FFFFFFF8
    00000572 463C                   SHAD        R3,R6
    00000574 276B                   OR          R6,R7
    00000576 9045                   MOV.W       L39+8,R0   ; H'016E
    00000578 0475                   MOV.W       R7,@(R0,R4)
    0000057A 9044                   MOV.W       L39+10,R0  ; H'0170
    0000057C 064D                   MOV.W       @(R0,R4),R6
    0000057E 666F                   EXTS.W      R6,R6
    00000580 6263                   MOV         R6,R2
    00000582 22D9                   AND         R13,R2
    00000584 4218                   SHLL8       R2
    00000586 6E23                   MOV         R2,R14
    00000588 903D                   MOV.W       L39+10,R0  ; H'0170
    0000058A 024D                   MOV.W       @(R0,R4),R2
    0000058C 622F                   EXTS.W      R2,R2
    0000058E 6523                   MOV         R2,R5
    00000590 25C9                   AND         R12,R5
    00000592 655D                   EXTU.W      R5,R5
    00000594 6753                   MOV         R5,R7
    00000596 62E3                   MOV         R14,R2
    00000598 E3F8                   MOV         #-8,R3     ; H'FFFFFFF8
    0000059A 473C                   SHAD        R3,R7
    0000059C 227B                   OR          R7,R2
    0000059E 9032                   MOV.W       L39+10,R0  ; H'0170
    000005A0 0425                   MOV.W       R2,@(R0,R4)
    000005A2 7F08                   ADD         #8,R15
    000005A4 6EF6                   MOV.L       @R15+,R14
    000005A6 6DF6                   MOV.L       @R15+,R13
    000005A8 6CF6                   MOV.L       @R15+,R12
    000005AA 6BF6                   MOV.L       @R15+,R11
    000005AC 000B                   RTS
    000005AE 0009                   NOP
    000005B0              __$chg_ul_aft_read:              ; function: __$chg_ul_aft_read
                                                           ; frame size=0
    000005B0 6641                   MOV.W       @R4,R6
    000005B2 666F                   EXTS.W      R6,R6
    000005B4 9723                   MOV.W       L39+2,R7   ; H'00FF
    000005B6 6263                   MOV         R6,R2
    000005B8 2279                   AND         R7,R2
    000005BA 4218                   SHLL8       R2
    000005BC 6641                   MOV.W       @R4,R6
    000005BE 666F                   EXTS.W      R6,R6
    000005C0 D311                   MOV.L       L39+12,R3  ; H'0000FF00
    000005C2 6563                   MOV         R6,R5
    000005C4 2539                   AND         R3,R5
    000005C6 655D                   EXTU.W      R5,R5
    000005C8 6653                   MOV         R5,R6
    000005CA E3F8                   MOV         #-8,R3     ; H'FFFFFFF8
    000005CC 463C                   SHAD        R3,R6
    000005CE 226B                   OR          R6,R2
    000005D0 2421                   MOV.W       R2,@R4
    000005D2 8541                   MOV.W       @(2,R4),R0
    000005D4 6603                   MOV         R0,R6
    000005D6 666F                   EXTS.W      R6,R6
    000005D8 6263                   MOV         R6,R2
    000005DA 2279                   AND         R7,R2
    000005DC 4218                   SHLL8       R2
    000005DE 8541                   MOV.W       @(2,R4),R0
    000005E0 6603                   MOV         R0,R6
    000005E2 D309                   MOV.L       L39+12,R3  ; H'0000FF00
    000005E4 666F                   EXTS.W      R6,R6
    000005E6 6563                   MOV         R6,R5
    000005E8 2539                   AND         R3,R5
    000005EA 655D                   EXTU.W      R5,R5
    000005EC 6653                   MOV         R5,R6
    000005EE E3F8                   MOV         #-8,R3     ; H'FFFFFFF8
    000005F0 463C                   SHAD        R3,R6
    000005F2 226B                   OR          R6,R2
    000005F4 6023                   MOV         R2,R0
    000005F6 8141                   MOV.W       R0,@(2,R4)
    000005F8 000B                   RTS
    000005FA 0009                   NOP
    000005FC              L39:
    000005FC 00B4                   .DATA.W     H'00B4
    000005FE 00FF                   .DATA.W     H'00FF
    00000600 0124                   .DATA.W     H'0124
    00000602 016C                   .DATA.W     H'016C
    00000604 016E                   .DATA.W     H'016E
    00000606 0170                   .DATA.W     H'0170
    00000608 0000FF00               .DATA.L     H'0000FF00
    0000060C 00FF0000               .DATA.L     H'00FF0000
    00000610 FF000000               .DATA.L     H'FF000000
C   00000000              L40:
    00000000 4153534552             .SDATA      "ASSERTION FAILED: !err FILE %s,LINE %d "
             54494F4E20   
             4641494C45   
             443A202165   
             7272204649   
             4C45202573   
             2C4C494E45   
             20256420     
    00000027 0A00                   .DATA.B     H'0A,H'00
    00000029 00                     .DATAB.B    3,0
    0000002C              L41:
    0000002C 646164626F             .SDATA      "dadbot0.c"
             74302E63     
    00000035 00                     .DATA.B     H'00
SH SERIES C/C++ Compiler (Ver. checker(2003.03.17))                                              10-Nov-2011 18:53:48  PAGE    1


******** STATISTICS INFORMATION ********


********** ERROR INFORMATION ***********

NUMBER OF ERRORS:           0
NUMBER OF WARNINGS:         0
NUMBER OF INFORMATIONS:     0



******* SOURCE LINE INFORMATION ********

COMPILED SOURCE LINE:      195



******* SECTION SIZE INFORMATION *******

PROGRAM  SECTION (P):                               00000614 Byte(s)
CONSTANT SECTION (C):                               00000036 Byte(s)
DATA     SECTION (D):                               00000000 Byte(s)
BSS      SECTION (B):                               00000000 Byte(s)

TOTAL PROGRAM  SECTION: 00000614 Byte(s)
TOTAL CONSTANT SECTION: 00000036 Byte(s)
TOTAL DATA     SECTION: 00000000 Byte(s)
TOTAL BSS      SECTION: 00000000 Byte(s)

    TOTAL PROGRAM SIZE: 0000064A Byte(s)



********** LABEL INFORMATION ***********

NUMBER OF EXTERNAL REFERENCE SYMBOLS:           10
NUMBER OF EXTERNAL DEFINITION SYMBOLS:           1
NUMBER OF INTERNAL/EXTERNAL SYMBOLS:            34
*** COMMAND PARAMETER ***


  -cpu=sh3 -op=0 -en=big -me -debug -comment=nest -l -def=DEBUG,MAS_P5554,MAS_BIG_ENDIAN -i=P:\PRESTO2\SHINC,C:\usr\local\SH\7_1_1\include,P:\PRESTO2\NORTI_12\inc dadbot0.c 

