SH SERIES C/C++ Compiler (Ver. checker(2003.03.17))                                              10-Nov-2011 18:53:50  PAGE    1

************ OBJECT LISTING ************

FILE NAME: dadmr0.c

SCT OFFSET   CODE       C LABEL     INSTRUCTION OPERAND    COMMENT

P   00000000              _dad_dsp_memrd:                  ; function: dad_dsp_memrd
                                                           ; frame size=24
    00000000 2FD6                   MOV.L       R13,@-R15
    00000002 2FE6                   MOV.L       R14,@-R15
    00000004 4F22                   STS.L       PR,@-R15
    00000006 7FF4                   ADD         #-12,R15
    00000008 6E53                   MOV         R5,R14
    0000000A 6D43                   MOV         R4,R13
    0000000C 6273                   MOV         R7,R2
    0000000E 6023                   MOV         R2,R0
    00000010 81F5                   MOV.W       R0,@(10,R15)
    00000012 6323                   MOV         R2,R3
    00000014 6033                   MOV         R3,R0
    00000016 81F2                   MOV.W       R0,@(4,R15)
    00000018 633F                   EXTS.W      R3,R3
    0000001A 6733                   MOV         R3,R7
    0000001C 677F                   EXTS.W      R7,R7
    0000001E 4715                   CMP/PL      R7
    00000020 8902                   BT          L12
    00000022 E200                   MOV         #0,R2      ; H'00000000
    00000024 A01C                   BRA         L13
    00000026 0009                   NOP
    00000028              L12:
    00000028 E309                   MOV         #9,R3      ; H'00000009
    0000002A 2F31                   MOV.W       R3,@R15
    0000002C 6763                   MOV         R6,R7
    0000002E 6373                   MOV         R7,R3
    00000030 6033                   MOV         R3,R0
    00000032 81F1                   MOV.W       R0,@(2,R15)
    00000034 64F3                   MOV         R15,R4
    00000036 B01A                   BSR         __$chg_ul_bef_write
    00000038 0009                   NOP
    0000003A E706                   MOV         #6,R7      ; H'00000006
    0000003C 66F3                   MOV         R15,R6
    0000003E 64D3                   MOV         R13,R4
    00000040 65E3                   MOV         R14,R5
    00000042 677F                   EXTS.W      R7,R7
    00000044 D328                   MOV.L       L19+2,R3   ; _dad_dpm_write
    00000046 430B                   JSR         @R3
    00000048 0009                   NOP
    0000004A 6603                   MOV         R0,R6
    0000004C 4611                   CMP/PZ      R6
    0000004E 8902                   BT          L15
    00000050 E2FF                   MOV         #-1,R2     ; H'FFFFFFFF
    00000052 A005                   BRA         L13
    00000054 0009                   NOP
    00000056              L15:
    00000056 64E3                   MOV         R14,R4
    00000058 B043                   BSR         __$chg_ul_aft_read
    0000005A 0009                   NOP
    0000005C 85F5                   MOV.W       @(10,R15),R0
    0000005E 6203                   MOV         R0,R2
    00000060              L13:
    00000060 6023                   MOV         R2,R0
    00000062 7F0C                   ADD         #12,R15
    00000064 4F26                   LDS.L       @R15+,PR
    00000066 6EF6                   MOV.L       @R15+,R14
    00000068 6DF6                   MOV.L       @R15+,R13
    0000006A 000B                   RTS
    0000006C 0009                   NOP
    0000006E              __$chg_ul_bef_write:             ; function: __$chg_ul_bef_write
                                                           ; frame size=4
    0000006E 2FE6                   MOV.L       R14,@-R15
    00000070 6241                   MOV.W       @R4,R2
    00000072 622F                   EXTS.W      R2,R2
    00000074 9E37                   MOV.W       L19,R14    ; H'00FF
    00000076 6623                   MOV         R2,R6
    00000078 26E9                   AND         R14,R6
    0000007A 4618                   SHLL8       R6
    0000007C 6241                   MOV.W       @R4,R2
    0000007E 622F                   EXTS.W      R2,R2
    00000080 D71A                   MOV.L       L19+6,R7   ; H'0000FF00
    00000082 6523                   MOV         R2,R5
    00000084 2579                   AND         R7,R5
    00000086 6253                   MOV         R5,R2
    00000088 622D                   EXTU.W      R2,R2
    0000008A 6523                   MOV         R2,R5
    0000008C E3F8                   MOV         #-8,R3     ; H'FFFFFFF8
    0000008E 453C                   SHAD        R3,R5
    00000090 265B                   OR          R5,R6
    00000092 2461                   MOV.W       R6,@R4
    00000094 8541                   MOV.W       @(2,R4),R0
    00000096 6203                   MOV         R0,R2
    00000098 622F                   EXTS.W      R2,R2
    0000009A 6623                   MOV         R2,R6
    0000009C 26E9                   AND         R14,R6
    0000009E 4618                   SHLL8       R6
    000000A0 8541                   MOV.W       @(2,R4),R0
    000000A2 6503                   MOV         R0,R5
    000000A4 655F                   EXTS.W      R5,R5
    000000A6 6253                   MOV         R5,R2
    000000A8 2279                   AND         R7,R2
    000000AA 622D                   EXTU.W      R2,R2
    000000AC 6523                   MOV         R2,R5
    000000AE E3F8                   MOV         #-8,R3     ; H'FFFFFFF8
    000000B0 453C                   SHAD        R3,R5
    000000B2 265B                   OR          R5,R6
    000000B4 6063                   MOV         R6,R0
    000000B6 8141                   MOV.W       R0,@(2,R4)
    000000B8 8542                   MOV.W       @(4,R4),R0
    000000BA 6203                   MOV         R0,R2
    000000BC 622F                   EXTS.W      R2,R2
    000000BE 6623                   MOV         R2,R6
    000000C0 26E9                   AND         R14,R6
    000000C2 4618                   SHLL8       R6
    000000C4 8542                   MOV.W       @(4,R4),R0
    000000C6 6503                   MOV         R0,R5
    000000C8 655F                   EXTS.W      R5,R5
    000000CA 6253                   MOV         R5,R2
    000000CC 2279                   AND         R7,R2
    000000CE 622D                   EXTU.W      R2,R2
    000000D0 6523                   MOV         R2,R5
    000000D2 E3F8                   MOV         #-8,R3     ; H'FFFFFFF8
    000000D4 453C                   SHAD        R3,R5
    000000D6 265B                   OR          R5,R6
    000000D8 6063                   MOV         R6,R0
    000000DA 8142                   MOV.W       R0,@(4,R4)
    000000DC 6EF6                   MOV.L       @R15+,R14
    000000DE 000B                   RTS
    000000E0 0009                   NOP
    000000E2              __$chg_ul_aft_read:              ; function: __$chg_ul_aft_read
                                                           ; frame size=0
    000000E2 000B                   RTS
    000000E4 0009                   NOP
    000000E6              L19:
    000000E6 00FF                   .DATA.W     H'00FF
    000000E8 <00000000>             .DATA.L     _dad_dpm_write
    000000EC 0000FF00               .DATA.L     H'0000FF00
SH SERIES C/C++ Compiler (Ver. checker(2003.03.17))                                              10-Nov-2011 18:53:50  PAGE    1


******** STATISTICS INFORMATION ********


********** ERROR INFORMATION ***********

NUMBER OF ERRORS:           0
NUMBER OF WARNINGS:         0
NUMBER OF INFORMATIONS:     1



******* SOURCE LINE INFORMATION ********

COMPILED SOURCE LINE:      105



******* SECTION SIZE INFORMATION *******

PROGRAM  SECTION (P):                               000000F0 Byte(s)
CONSTANT SECTION (C):                               00000000 Byte(s)
DATA     SECTION (D):                               00000000 Byte(s)
BSS      SECTION (B):                               00000000 Byte(s)

TOTAL PROGRAM  SECTION: 000000F0 Byte(s)
TOTAL CONSTANT SECTION: 00000000 Byte(s)
TOTAL DATA     SECTION: 00000000 Byte(s)
TOTAL BSS      SECTION: 00000000 Byte(s)

    TOTAL PROGRAM SIZE: 000000F0 Byte(s)



********** LABEL INFORMATION ***********

NUMBER OF EXTERNAL REFERENCE SYMBOLS:            1
NUMBER OF EXTERNAL DEFINITION SYMBOLS:           1
NUMBER OF INTERNAL/EXTERNAL SYMBOLS:             6
*** COMMAND PARAMETER ***


  -cpu=sh3 -op=0 -en=big -me -debug -comment=nest -l -def=DEBUG,MAS_P5554,MAS_BIG_ENDIAN -i=P:\PRESTO2\SHINC,C:\usr\local\SH\7_1_1\include,P:\PRESTO2\NORTI_12\inc dadmr0.c 

