SH SERIES C/C++ Compiler (Ver. checker(2003.03.17))                                              10-Nov-2011 18:53:52  PAGE    1

************ OBJECT LISTING ************

FILE NAME: dadmzt.c

SCT OFFSET   CODE       C LABEL     INSTRUCTION OPERAND    COMMENT

P   00000000              _dad_mzero:                      ; function: dad_mzero
                                                           ; frame size=248
    00000000 2FB6                   MOV.L       R11,@-R15
    00000002 2FC6                   MOV.L       R12,@-R15
    00000004 2FD6                   MOV.L       R13,@-R15
    00000006 2FE6                   MOV.L       R14,@-R15
    00000008 4F22                   STS.L       PR,@-R15
    0000000A 93A8                   MOV.W       L51,R3     ; H'FF1C
    0000000C 3F3C                   ADD         R3,R15
    0000000E 6C73                   MOV         R7,R12
    00000010 6B63                   MOV         R6,R11
    00000012 6E53                   MOV         R5,R14
    00000014 6D43                   MOV         R4,R13
    00000016 E300                   MOV         #0,R3      ; H'00000000
    00000018 6033                   MOV         R3,R0
    0000001A 81F6                   MOV.W       R0,@(12,R15)
    0000001C E300                   MOV         #0,R3      ; H'00000000
    0000001E 6033                   MOV         R3,R0
    00000020 81FC                   MOV.W       R0,@(24,R15)
    00000022 D4A9                   MOV.L       L52+18,R4  ; _dad_afv_err
    00000024 62D3                   MOV         R13,R2
    00000026 6623                   MOV         R2,R6
    00000028 4208                   SHLL2       R2
    0000002A 4200                   SHLL        R2
    0000002C 4608                   SHLL2       R6
    0000002E 326C                   ADD         R6,R2
    00000030 342C                   ADD         R2,R4
    00000032 E500                   MOV         #0,R5      ; H'00000000
    00000034 E60C                   MOV         #12,R6     ; H'0000000C
    00000036 D3A5                   MOV.L       L52+22,R3  ; _memset
    00000038 430B                   JSR         @R3
    0000003A 0009                   NOP
    0000003C E200                   MOV         #0,R2      ; H'00000000
    0000003E 2E22                   MOV.L       R2,@R14
    00000040 E200                   MOV         #0,R2      ; H'00000000
    00000042 6023                   MOV         R2,R0
    00000044 81E2                   MOV.W       R0,@(4,R14)
    00000046 6023                   MOV         R2,R0
    00000048 81E3                   MOV.W       R0,@(6,R14)
    0000004A 9089                   MOV.W       L51+2,R0   ; H'00F8
    0000004C 03FE                   MOV.L       @(R0,R15),R3
    0000004E 1F34                   MOV.L       R3,@(16,R15)
    00000050 9087                   MOV.W       L51+4,R0   ; H'00FC
    00000052 03FD                   MOV.W       @(R0,R15),R3
    00000054 6033                   MOV         R3,R0
    00000056 81FA                   MOV.W       R0,@(20,R15)
    00000058 9084                   MOV.W       L51+6,R0   ; H'00FE
    0000005A 03FD                   MOV.W       @(R0,R15),R3
    0000005C 6033                   MOV         R3,R0
    0000005E 81FB                   MOV.W       R0,@(22,R15)
    00000060 53F4                   MOV.L       @(16,R15),R3
    00000062 51F4                   MOV.L       @(16,R15),R1
    00000064 2138                   TST         R3,R1
    00000066 8B0E                   BF          L12
    00000068 85FA                   MOV.W       @(20,R15),R0
    0000006A 6303                   MOV         R0,R3
    0000006C 633D                   EXTU.W      R3,R3
    0000006E 6233                   MOV         R3,R2
    00000070 2228                   TST         R2,R2
    00000072 8B08                   BF          L12
    00000074 85FB                   MOV.W       @(22,R15),R0
    00000076 6303                   MOV         R0,R3
    00000078 633D                   EXTU.W      R3,R3
    0000007A 6233                   MOV         R3,R2
    0000007C 2228                   TST         R2,R2
    0000007E 8B02                   BF          L12
    00000080 E200                   MOV         #0,R2      ; H'00000000
    00000082 A17A                   BRA         L15
    00000084 0009                   NOP
    00000086              L12:
    00000086 936E                   MOV.W       L51+8,R3   ; H'0103
    00000088 6033                   MOV         R3,R0
    0000008A 81F7                   MOV.W       R0,@(14,R15)
    0000008C 64F3                   MOV         R15,R4
    0000008E 740C                   ADD         #12,R4
    00000090 B17D                   BSR         __$chg_ul_bef_write
    00000092 0009                   NOP
    00000094 E70A                   MOV         #10,R7     ; H'0000000A
    00000096 66F3                   MOV         R15,R6
    00000098 760E                   ADD         #14,R6
    0000009A E500                   MOV         #0,R5      ; H'00000000
    0000009C 64D3                   MOV         R13,R4
    0000009E 677F                   EXTS.W      R7,R7
    000000A0 D38B                   MOV.L       L52+26,R3  ; _dad_dpm_write
    000000A2 430B                   JSR         @R3
    000000A4 0009                   NOP
    000000A6 6203                   MOV         R0,R2
    000000A8 4211                   CMP/PZ      R2
    000000AA 8902                   BT          L17
    000000AC E2FF                   MOV         #-1,R2     ; H'FFFFFFFF
    000000AE A164                   BRA         L15
    000000B0 0009                   NOP
    000000B2              L17:
    000000B2 64D3                   MOV         R13,R4
    000000B4 D387                   MOV.L       L52+30,R3  ; _wai_zero_flg
    000000B6 430B                   JSR         @R3
    000000B8 0009                   NOP
    000000BA 6203                   MOV         R0,R2
    000000BC 2228                   TST         R2,R2
    000000BE 8912                   BT          L19
    000000C0 2228                   TST         R2,R2
    000000C2 890D                   BT          L21
    000000C4 D484                   MOV.L       L52+34,R4  ; __iob
    000000C6 7428                   ADD         #40,R4
    000000C8 D284                   MOV.L       L52+38,R2  ; L55
    000000CA 2F22                   MOV.L       R2,@R15
    000000CC D284                   MOV.L       L52+42,R2  ; L56
    000000CE 1F21                   MOV.L       R2,@(4,R15)
    000000D0 E37E                   MOV         #126,R3    ; H'0000007E
    000000D2 1F32                   MOV.L       R3,@(8,R15)
    000000D4 D383                   MOV.L       L52+46,R3  ; _fprintf
    000000D6 430B                   JSR         @R3
    000000D8 0009                   NOP
    000000DA D383                   MOV.L       L52+50,R3  ; _abort
    000000DC 430B                   JSR         @R3
    000000DE 0009                   NOP
    000000E0              L21:
    000000E0 E2FF                   MOV         #-1,R2     ; H'FFFFFFFF
    000000E2 A14A                   BRA         L15
    000000E4 0009                   NOP
    000000E6              L19:
    000000E6 E700                   MOV         #0,R7      ; H'00000000
    000000E8 65F3                   MOV         R15,R5
    000000EA 751A                   ADD         #26,R5
    000000EC 933C                   MOV.W       L51+10,R3  ; H'009A
    000000EE 6633                   MOV         R3,R6
    000000F0 64D3                   MOV         R13,R4
    000000F2 677D                   EXTU.W      R7,R7
    000000F4 D37D                   MOV.L       L52+54,R3  ; _dad_dpm_read
    000000F6 430B                   JSR         @R3
    000000F8 0009                   NOP
    000000FA 6203                   MOV         R0,R2
    000000FC 4211                   CMP/PZ      R2
    000000FE 8902                   BT          L23
    00000100 E2FF                   MOV         #-1,R2     ; H'FFFFFFFF
    00000102 A13A                   BRA         L15
    00000104 0009                   NOP
    00000106              L23:
    00000106 64F3                   MOV         R15,R4
    00000108 7418                   ADD         #24,R4
    0000010A B19D                   BSR         __$chg_ul_aft_read
    0000010C 0009                   NOP
    0000010E 53F7                   MOV.L       @(28,R15),R3
    00000110 2E32                   MOV.L       R3,@R14
    00000112 E020                   MOV         #32,R0     ; H'00000020
    00000114 03FD                   MOV.W       @(R0,R15),R3
    00000116 6033                   MOV         R3,R0
    00000118 81E2                   MOV.W       R0,@(4,R14)
    0000011A E022                   MOV         #34,R0     ; H'00000022
    0000011C 03FD                   MOV.W       @(R0,R15),R3
    0000011E 6033                   MOV         R3,R0
    00000120 81E3                   MOV.W       R0,@(6,R14)
    00000122 E200                   MOV         #0,R2      ; H'00000000
    00000124 901C                   MOV.W       L51+2,R0   ; H'00F8
    00000126 03FE                   MOV.L       @(R0,R15),R3
    00000128 901A                   MOV.W       L51+2,R0   ; H'00F8
    0000012A 01FE                   MOV.L       @(R0,R15),R1
    0000012C 2138                   TST         R3,R1
    0000012E 8946                   BT          L24
    00000130              L25:
    00000130 9016                   MOV.W       L51+2,R0   ; H'00F8
    00000132 03FE                   MOV.L       @(R0,R15),R3
    00000134 6033                   MOV         R3,R0
    00000136 C801                   TST         #1,R0
    00000138 892E                   BT          L27
    0000013A 53F7                   MOV.L       @(28,R15),R3
    0000013C 6033                   MOV         R3,R0
    0000013E C801                   TST         #1,R0
    00000140 8913                   BT          L29
    00000142 66F3                   MOV         R15,R6
    00000144 766C                   ADD         #108,R6
    00000146 6423                   MOV         R2,R4
    00000148 6543                   MOV         R4,R5
    0000014A 4500                   SHLL        R5
    0000014C 6053                   MOV         R5,R0
    0000014E 046D                   MOV.W       @(R0,R6),R4
    00000150 6523                   MOV         R2,R5
    00000152 6653                   MOV         R5,R6
    00000154 4600                   SHLL        R6
    00000156 6063                   MOV         R6,R0
    00000158 0B45                   MOV.W       R4,@(R0,R11)
    0000015A A01D                   BRA         L27
    0000015C 0009                   NOP
    0000015E              L51:
    0000015E FF1C                   .DATA.W     H'FF1C
    00000160 00F8                   .DATA.W     H'00F8
    00000162 00FC                   .DATA.W     H'00FC
    00000164 00FE                   .DATA.W     H'00FE
    00000166 0103                   .DATA.W     H'0103
    00000168 009A                   .DATA.W     H'009A
    0000016A              L29:
    0000016A 66F3                   MOV         R15,R6
    0000016C 766C                   ADD         #108,R6
    0000016E 6523                   MOV         R2,R5
    00000170 4500                   SHLL        R5
    00000172 6053                   MOV         R5,R0
    00000174 046D                   MOV.W       @(R0,R6),R4
    00000176 6523                   MOV         R2,R5
    00000178 6653                   MOV         R5,R6
    0000017A 4600                   SHLL        R6
    0000017C 6063                   MOV         R6,R0
    0000017E 0C45                   MOV.W       R4,@(R0,R12)
    00000180 66F3                   MOV         R15,R6
    00000182 7624                   ADD         #36,R6
    00000184 6523                   MOV         R2,R5
    00000186 4500                   SHLL        R5
    00000188 6053                   MOV         R5,R0
    0000018A 046D                   MOV.W       @(R0,R6),R4
    0000018C 6623                   MOV         R2,R6
    0000018E 4600                   SHLL        R6
    00000190 9091                   MOV.W       L52,R0     ; H'0100
    00000192 03FE                   MOV.L       @(R0,R15),R3
    00000194 6063                   MOV         R6,R0
    00000196 0345                   MOV.W       R4,@(R0,R3)
    00000198              L27:
    00000198 E501                   MOV         #1,R5      ; H'00000001
    0000019A 665B                   NEG         R5,R6
    0000019C 908C                   MOV.W       L52+2,R0   ; H'00F8
    0000019E 03FE                   MOV.L       @(R0,R15),R3
    000001A0 436D                   SHLD        R6,R3
    000001A2 9089                   MOV.W       L52+2,R0   ; H'00F8
    000001A4 0F36                   MOV.L       R3,@(R0,R15)
    000001A6 E601                   MOV         #1,R6      ; H'00000001
    000001A8 656B                   NEG         R6,R5
    000001AA 53F7                   MOV.L       @(28,R15),R3
    000001AC 435D                   SHLD        R5,R3
    000001AE 1F37                   MOV.L       R3,@(28,R15)
    000001B0 7201                   ADD         #1,R2
    000001B2 9081                   MOV.W       L52+2,R0   ; H'00F8
    000001B4 03FE                   MOV.L       @(R0,R15),R3
    000001B6 907F                   MOV.W       L52+2,R0   ; H'00F8
    000001B8 01FE                   MOV.L       @(R0,R15),R1
    000001BA 2138                   TST         R3,R1
    000001BC 8BB8                   BF          L25
    000001BE              L24:
    000001BE 907C                   MOV.W       L52+4,R0   ; H'00FC
    000001C0 03FD                   MOV.W       @(R0,R15),R3
    000001C2 633D                   EXTU.W      R3,R3
    000001C4 6633                   MOV         R3,R6
    000001C6 E020                   MOV         #32,R0     ; H'00000020
    000001C8 03FD                   MOV.W       @(R0,R15),R3
    000001CA 633D                   EXTU.W      R3,R3
    000001CC 6533                   MOV         R3,R5
    000001CE E200                   MOV         #0,R2      ; H'00000000
    000001D0 2668                   TST         R6,R6
    000001D2 894C                   BT          L30
    000001D4              L31:
    000001D4 6063                   MOV         R6,R0
    000001D6 C801                   TST         #1,R0
    000001D8 8940                   BT          L33
    000001DA 6053                   MOV         R5,R0
    000001DC C801                   TST         #1,R0
    000001DE 8912                   BT          L35
    000001E0 64F3                   MOV         R15,R4
    000001E2 746C                   ADD         #108,R4
    000001E4 6723                   MOV         R2,R7
    000001E6 7718                   ADD         #24,R7
    000001E8 4700                   SHLL        R7
    000001EA 6073                   MOV         R7,R0
    000001EC 034D                   MOV.W       @(R0,R4),R3
    000001EE 9065                   MOV.W       L52+6,R0   ; H'00C4
    000001F0 0F35                   MOV.W       R3,@(R0,R15)
    000001F2 6423                   MOV         R2,R4
    000001F4 7418                   ADD         #24,R4
    000001F6 6743                   MOV         R4,R7
    000001F8 4700                   SHLL        R7
    000001FA 905F                   MOV.W       L52+6,R0   ; H'00C4
    000001FC 03FD                   MOV.W       @(R0,R15),R3
    000001FE 6073                   MOV         R7,R0
    00000200 0B35                   MOV.W       R3,@(R0,R11)
    00000202 A02B                   BRA         L33
    00000204 0009                   NOP
    00000206              L35:
    00000206 67F3                   MOV         R15,R7
    00000208 776C                   ADD         #108,R7
    0000020A 6423                   MOV         R2,R4
    0000020C 7418                   ADD         #24,R4
    0000020E 4400                   SHLL        R4
    00000210 6043                   MOV         R4,R0
    00000212 037D                   MOV.W       @(R0,R7),R3
    00000214 9053                   MOV.W       L52+8,R0   ; H'00C8
    00000216 0F35                   MOV.W       R3,@(R0,R15)
    00000218 6423                   MOV         R2,R4
    0000021A 7418                   ADD         #24,R4
    0000021C 6743                   MOV         R4,R7
    0000021E 4700                   SHLL        R7
    00000220 904D                   MOV.W       L52+8,R0   ; H'00C8
    00000222 03FD                   MOV.W       @(R0,R15),R3
    00000224 6073                   MOV         R7,R0
    00000226 0C35                   MOV.W       R3,@(R0,R12)
    00000228 63F3                   MOV         R15,R3
    0000022A 9049                   MOV.W       L52+10,R0  ; H'00CC
    0000022C 0F36                   MOV.L       R3,@(R0,R15)
    0000022E 7324                   ADD         #36,R3
    00000230 9046                   MOV.W       L52+10,R0  ; H'00CC
    00000232 0F36                   MOV.L       R3,@(R0,R15)
    00000234 6423                   MOV         R2,R4
    00000236 7418                   ADD         #24,R4
    00000238 6743                   MOV         R4,R7
    0000023A 4700                   SHLL        R7
    0000023C 9040                   MOV.W       L52+10,R0  ; H'00CC
    0000023E 03FE                   MOV.L       @(R0,R15),R3
    00000240 6073                   MOV         R7,R0
    00000242 033D                   MOV.W       @(R0,R3),R3
    00000244 903D                   MOV.W       L52+12,R0  ; H'00D0
    00000246 0F35                   MOV.W       R3,@(R0,R15)
    00000248 6723                   MOV         R2,R7
    0000024A 7718                   ADD         #24,R7
    0000024C 6473                   MOV         R7,R4
    0000024E 4400                   SHLL        R4
    00000250 9031                   MOV.W       L52,R0     ; H'0100
    00000252 03FE                   MOV.L       @(R0,R15),R3
    00000254 9035                   MOV.W       L52+12,R0  ; H'00D0
    00000256 01FD                   MOV.W       @(R0,R15),R1
    00000258 6043                   MOV         R4,R0
    0000025A 0315                   MOV.W       R1,@(R0,R3)
    0000025C              L33:
    0000025C E401                   MOV         #1,R4      ; H'00000001
    0000025E 674B                   NEG         R4,R7
    00000260 467D                   SHLD        R7,R6
    00000262 E701                   MOV         #1,R7      ; H'00000001
    00000264 647B                   NEG         R7,R4
    00000266 454D                   SHLD        R4,R5
    00000268 7201                   ADD         #1,R2
    0000026A 2668                   TST         R6,R6
    0000026C 8BB2                   BF          L31
    0000026E              L30:
    0000026E 9029                   MOV.W       L52+14,R0  ; H'00FE
    00000270 03FD                   MOV.W       @(R0,R15),R3
    00000272 633D                   EXTU.W      R3,R3
    00000274 6633                   MOV         R3,R6
    00000276 E022                   MOV         #34,R0     ; H'00000022
    00000278 03FD                   MOV.W       @(R0,R15),R3
    0000027A 633D                   EXTU.W      R3,R3
    0000027C 6533                   MOV         R3,R5
    0000027E E200                   MOV         #0,R2      ; H'00000000
    00000280 2668                   TST         R6,R6
    00000282 8969                   BT          L36
    00000284              L37:
    00000284 6063                   MOV         R6,R0
    00000286 C801                   TST         #1,R0
    00000288 895D                   BT          L39
    0000028A 6053                   MOV         R5,R0
    0000028C C801                   TST         #1,R0
    0000028E 892F                   BT          L41
    00000290 67F3                   MOV         R15,R7
    00000292 776C                   ADD         #108,R7
    00000294 6423                   MOV         R2,R4
    00000296 7420                   ADD         #32,R4
    00000298 4400                   SHLL        R4
    0000029A 6043                   MOV         R4,R0
    0000029C 037D                   MOV.W       @(R0,R7),R3
    0000029E 9012                   MOV.W       L52+16,R0  ; H'00D4
    000002A0 0F35                   MOV.W       R3,@(R0,R15)
    000002A2 6423                   MOV         R2,R4
    000002A4 7420                   ADD         #32,R4
    000002A6 6743                   MOV         R4,R7
    000002A8 4700                   SHLL        R7
    000002AA 900C                   MOV.W       L52+16,R0  ; H'00D4
    000002AC 03FD                   MOV.W       @(R0,R15),R3
    000002AE 6073                   MOV         R7,R0
    000002B0 0B35                   MOV.W       R3,@(R0,R11)
    000002B2 A048                   BRA         L39
    000002B4 0009                   NOP
    000002B6              L52:
    000002B6 0100                   .DATA.W     H'0100
    000002B8 00F8                   .DATA.W     H'00F8
    000002BA 00FC                   .DATA.W     H'00FC
    000002BC 00C4                   .DATA.W     H'00C4
    000002BE 00C8                   .DATA.W     H'00C8
    000002C0 00CC                   .DATA.W     H'00CC
    000002C2 00D0                   .DATA.W     H'00D0
    000002C4 00FE                   .DATA.W     H'00FE
    000002C6 00D4                   .DATA.W     H'00D4
    000002C8 <00000000>             .DATA.L     _dad_afv_err
    000002CC <00000000>             .DATA.L     _memset
    000002D0 <00000000>             .DATA.L     _dad_dpm_write
    000002D4 <00000000>             .DATA.L     _wai_zero_flg
    000002D8 <00000000>             .DATA.L     __iob
    000002DC <00000000>             .DATA.L     L55
    000002E0 <00000000>             .DATA.L     L56
    000002E4 <00000000>             .DATA.L     _fprintf
    000002E8 <00000000>             .DATA.L     _abort
    000002EC <00000000>             .DATA.L     _dad_dpm_read
    000002F0              L41:
    000002F0 63F3                   MOV         R15,R3
    000002F2 90A3                   MOV.W       L53,R0     ; H'00D8
    000002F4 0F36                   MOV.L       R3,@(R0,R15)
    000002F6 736C                   ADD         #108,R3
    000002F8 90A0                   MOV.W       L53,R0     ; H'00D8
    000002FA 0F36                   MOV.L       R3,@(R0,R15)
    000002FC 6423                   MOV         R2,R4
    000002FE 7420                   ADD         #32,R4
    00000300 6743                   MOV         R4,R7
    00000302 4700                   SHLL        R7
    00000304 909A                   MOV.W       L53,R0     ; H'00D8
    00000306 03FE                   MOV.L       @(R0,R15),R3
    00000308 6073                   MOV         R7,R0
    0000030A 033D                   MOV.W       @(R0,R3),R3
    0000030C 9097                   MOV.W       L53+2,R0   ; H'00DC
    0000030E 0F35                   MOV.W       R3,@(R0,R15)
    00000310 6423                   MOV         R2,R4
    00000312 7420                   ADD         #32,R4
    00000314 6743                   MOV         R4,R7
    00000316 4700                   SHLL        R7
    00000318 9091                   MOV.W       L53+2,R0   ; H'00DC
    0000031A 03FD                   MOV.W       @(R0,R15),R3
    0000031C 6073                   MOV         R7,R0
    0000031E 0C35                   MOV.W       R3,@(R0,R12)
    00000320 67F3                   MOV         R15,R7
    00000322 7724                   ADD         #36,R7
    00000324 6423                   MOV         R2,R4
    00000326 7420                   ADD         #32,R4
    00000328 4400                   SHLL        R4
    0000032A 6043                   MOV         R4,R0
    0000032C 037D                   MOV.W       @(R0,R7),R3
    0000032E 9087                   MOV.W       L53+4,R0   ; H'00E0
    00000330 0F35                   MOV.W       R3,@(R0,R15)
    00000332 6423                   MOV         R2,R4
    00000334 7420                   ADD         #32,R4
    00000336 6743                   MOV         R4,R7
    00000338 4700                   SHLL        R7
    0000033A 9082                   MOV.W       L53+6,R0   ; H'0100
    0000033C 03FE                   MOV.L       @(R0,R15),R3
    0000033E 907F                   MOV.W       L53+4,R0   ; H'00E0
    00000340 01FD                   MOV.W       @(R0,R15),R1
    00000342 6073                   MOV         R7,R0
    00000344 0315                   MOV.W       R1,@(R0,R3)
    00000346              L39:
    00000346 E401                   MOV         #1,R4      ; H'00000001
    00000348 674B                   NEG         R4,R7
    0000034A 467D                   SHLD        R7,R6
    0000034C E401                   MOV         #1,R4      ; H'00000001
    0000034E 674B                   NEG         R4,R7
    00000350 457D                   SHLD        R7,R5
    00000352 7201                   ADD         #1,R2
    00000354 2668                   TST         R6,R6
    00000356 8B95                   BF          L37
    00000358              L36:
    00000358 62E2                   MOV.L       @R14,R2
    0000035A 2228                   TST         R2,R2
    0000035C 8B09                   BF          L43
    0000035E 85E2                   MOV.W       @(4,R14),R0
    00000360 6203                   MOV         R0,R2
    00000362 622D                   EXTU.W      R2,R2
    00000364 2228                   TST         R2,R2
    00000366 8B04                   BF          L43
    00000368 85E3                   MOV.W       @(6,R14),R0
    0000036A 6203                   MOV         R0,R2
    0000036C 622D                   EXTU.W      R2,R2
    0000036E 2228                   TST         R2,R2
    00000370 8902                   BT          L45
    00000372              L43:
    00000372 E201                   MOV         #1,R2      ; H'00000001
    00000374 A001                   BRA         L15
    00000376 0009                   NOP
    00000378              L45:
    00000378 E200                   MOV         #0,R2      ; H'00000000
    0000037A              L15:
    0000037A 6023                   MOV         R2,R0
    0000037C 9362                   MOV.W       L53+8,R3   ; H'00E4
    0000037E 3F3C                   ADD         R3,R15
    00000380 4F26                   LDS.L       @R15+,PR
    00000382 6EF6                   MOV.L       @R15+,R14
    00000384 6DF6                   MOV.L       @R15+,R13
    00000386 6CF6                   MOV.L       @R15+,R12
    00000388 6BF6                   MOV.L       @R15+,R11
    0000038A 000B                   RTS
    0000038C 0009                   NOP
    0000038E              __$chg_ul_bef_write:             ; function: __$chg_ul_bef_write
                                                           ; frame size=4
    0000038E 2FE6                   MOV.L       R14,@-R15
    00000390 8541                   MOV.W       @(2,R4),R0
    00000392 6203                   MOV         R0,R2
    00000394 622F                   EXTS.W      R2,R2
    00000396 9756                   MOV.W       L53+10,R7  ; H'00FF
    00000398 6523                   MOV         R2,R5
    0000039A 2579                   AND         R7,R5
    0000039C 4518                   SHLL8       R5
    0000039E 8541                   MOV.W       @(2,R4),R0
    000003A0 6203                   MOV         R0,R2
    000003A2 622F                   EXTS.W      R2,R2
    000003A4 DE7C                   MOV.L       L54+4,R14  ; H'0000FF00
    000003A6 6623                   MOV         R2,R6
    000003A8 26E9                   AND         R14,R6
    000003AA 666D                   EXTU.W      R6,R6
    000003AC 6263                   MOV         R6,R2
    000003AE E6F8                   MOV         #-8,R6     ; H'FFFFFFF8
    000003B0 426C                   SHAD        R6,R2
    000003B2 252B                   OR          R2,R5
    000003B4 6053                   MOV         R5,R0
    000003B6 8141                   MOV.W       R0,@(2,R4)
    000003B8 5241                   MOV.L       @(4,R4),R2
    000003BA 9644                   MOV.W       L53+10,R6  ; H'00FF
    000003BC 2269                   AND         R6,R2
    000003BE 4228                   SHLL16      R2
    000003C0 4218                   SHLL8       R2
    000003C2 5641                   MOV.L       @(4,R4),R6
    000003C4 D574                   MOV.L       L54+4,R5   ; H'0000FF00
    000003C6 2659                   AND         R5,R6
    000003C8 4618                   SHLL8       R6
    000003CA 226B                   OR          R6,R2
    000003CC 6623                   MOV         R2,R6
    000003CE 5241                   MOV.L       @(4,R4),R2
    000003D0 D572                   MOV.L       L54+8,R5   ; H'00FF0000
    000003D2 2259                   AND         R5,R2
    000003D4 4219                   SHLR8       R2
    000003D6 262B                   OR          R2,R6
    000003D8 5241                   MOV.L       @(4,R4),R2
    000003DA D371                   MOV.L       L54+12,R3  ; H'FF000000
    000003DC 2239                   AND         R3,R2
    000003DE 4229                   SHLR16      R2
    000003E0 4219                   SHLR8       R2
    000003E2 262B                   OR          R2,R6
    000003E4 1461                   MOV.L       R6,@(4,R4)
    000003E6 8544                   MOV.W       @(8,R4),R0
    000003E8 6203                   MOV         R0,R2
    000003EA 622D                   EXTU.W      R2,R2
    000003EC 6523                   MOV         R2,R5
    000003EE 6253                   MOV         R5,R2
    000003F0 2279                   AND         R7,R2
    000003F2 4218                   SHLL8       R2
    000003F4 8544                   MOV.W       @(8,R4),R0
    000003F6 6503                   MOV         R0,R5
    000003F8 655D                   EXTU.W      R5,R5
    000003FA 6653                   MOV         R5,R6
    000003FC 6563                   MOV         R6,R5
    000003FE 25E9                   AND         R14,R5
    00000400 6653                   MOV         R5,R6
    00000402 666D                   EXTU.W      R6,R6
    00000404 6563                   MOV         R6,R5
    00000406 6623                   MOV         R2,R6
    00000408 E3F8                   MOV         #-8,R3     ; H'FFFFFFF8
    0000040A 453C                   SHAD        R3,R5
    0000040C 265B                   OR          R5,R6
    0000040E 6063                   MOV         R6,R0
    00000410 8144                   MOV.W       R0,@(8,R4)
    00000412 8545                   MOV.W       @(10,R4),R0
    00000414 6503                   MOV         R0,R5
    00000416 655D                   EXTU.W      R5,R5
    00000418 6253                   MOV         R5,R2
    0000041A 2279                   AND         R7,R2
    0000041C 4218                   SHLL8       R2
    0000041E 8545                   MOV.W       @(10,R4),R0
    00000420 6603                   MOV         R0,R6
    00000422 666D                   EXTU.W      R6,R6
    00000424 26E9                   AND         R14,R6
    00000426 666D                   EXTU.W      R6,R6
    00000428 6563                   MOV         R6,R5
    0000042A 6623                   MOV         R2,R6
    0000042C E3F8                   MOV         #-8,R3     ; H'FFFFFFF8
    0000042E 453C                   SHAD        R3,R5
    00000430 265B                   OR          R5,R6
    00000432 6063                   MOV         R6,R0
    00000434 8145                   MOV.W       R0,@(10,R4)
    00000436 6EF6                   MOV.L       @R15+,R14
    00000438 000B                   RTS
    0000043A 0009                   NOP
    0000043C              L53:
    0000043C 00D8                   .DATA.W     H'00D8
    0000043E 00DC                   .DATA.W     H'00DC
    00000440 00E0                   .DATA.W     H'00E0
    00000442 0100                   .DATA.W     H'0100
    00000444 00E4                   .DATA.W     H'00E4
    00000446 00FF                   .DATA.W     H'00FF
    00000448              __$chg_ul_aft_read:              ; function: __$chg_ul_aft_read
                                                           ; frame size=20
    00000448 2FB6                   MOV.L       R11,@-R15
    0000044A 2FC6                   MOV.L       R12,@-R15
    0000044C 2FD6                   MOV.L       R13,@-R15
    0000044E 2FE6                   MOV.L       R14,@-R15
    00000450 7FFC                   ADD         #-4,R15
    00000452 8541                   MOV.W       @(2,R4),R0
    00000454 6203                   MOV         R0,R2
    00000456 622F                   EXTS.W      R2,R2
    00000458 9D9C                   MOV.W       L54,R13    ; H'00FF
    0000045A 6523                   MOV         R2,R5
    0000045C 25D9                   AND         R13,R5
    0000045E 4518                   SHLL8       R5
    00000460 8541                   MOV.W       @(2,R4),R0
    00000462 6203                   MOV         R0,R2
    00000464 622F                   EXTS.W      R2,R2
    00000466 DE4C                   MOV.L       L54+4,R14  ; H'0000FF00
    00000468 6623                   MOV         R2,R6
    0000046A 26E9                   AND         R14,R6
    0000046C 666D                   EXTU.W      R6,R6
    0000046E 6763                   MOV         R6,R7
    00000470 E2F8                   MOV         #-8,R2     ; H'FFFFFFF8
    00000472 472C                   SHAD        R2,R7
    00000474 257B                   OR          R7,R5
    00000476 6053                   MOV         R5,R0
    00000478 8141                   MOV.W       R0,@(2,R4)
    0000047A 5641                   MOV.L       @(4,R4),R6
    0000047C 958A                   MOV.W       L54,R5     ; H'00FF
    0000047E 6263                   MOV         R6,R2
    00000480 2259                   AND         R5,R2
    00000482 4228                   SHLL16      R2
    00000484 4218                   SHLL8       R2
    00000486 5641                   MOV.L       @(4,R4),R6
    00000488 D543                   MOV.L       L54+4,R5   ; H'0000FF00
    0000048A 2659                   AND         R5,R6
    0000048C 4618                   SHLL8       R6
    0000048E 226B                   OR          R6,R2
    00000490 6623                   MOV         R2,R6
    00000492 5241                   MOV.L       @(4,R4),R2
    00000494 D541                   MOV.L       L54+8,R5   ; H'00FF0000
    00000496 2259                   AND         R5,R2
    00000498 4219                   SHLR8       R2
    0000049A 262B                   OR          R2,R6
    0000049C 5241                   MOV.L       @(4,R4),R2
    0000049E D340                   MOV.L       L54+12,R3  ; H'FF000000
    000004A0 2239                   AND         R3,R2
    000004A2 4229                   SHLR16      R2
    000004A4 4219                   SHLR8       R2
    000004A6 262B                   OR          R2,R6
    000004A8 1461                   MOV.L       R6,@(4,R4)
    000004AA 8544                   MOV.W       @(8,R4),R0
    000004AC 6503                   MOV         R0,R5
    000004AE 655D                   EXTU.W      R5,R5
    000004B0 6753                   MOV         R5,R7
    000004B2 27D9                   AND         R13,R7
    000004B4 4718                   SHLL8       R7
    000004B6 8544                   MOV.W       @(8,R4),R0
    000004B8 6603                   MOV         R0,R6
    000004BA 666D                   EXTU.W      R6,R6
    000004BC 6263                   MOV         R6,R2
    000004BE 22E9                   AND         R14,R2
    000004C0 6623                   MOV         R2,R6
    000004C2 666D                   EXTU.W      R6,R6
    000004C4 6563                   MOV         R6,R5
    000004C6 E3F8                   MOV         #-8,R3     ; H'FFFFFFF8
    000004C8 453C                   SHAD        R3,R5
    000004CA 275B                   OR          R5,R7
    000004CC 6573                   MOV         R7,R5
    000004CE 6053                   MOV         R5,R0
    000004D0 8144                   MOV.W       R0,@(8,R4)
    000004D2 8545                   MOV.W       @(10,R4),R0
    000004D4 6503                   MOV         R0,R5
    000004D6 655D                   EXTU.W      R5,R5
    000004D8 6753                   MOV         R5,R7
    000004DA 27D9                   AND         R13,R7
    000004DC 4718                   SHLL8       R7
    000004DE 8545                   MOV.W       @(10,R4),R0
    000004E0 6603                   MOV         R0,R6
    000004E2 666D                   EXTU.W      R6,R6
    000004E4 6263                   MOV         R6,R2
    000004E6 22E9                   AND         R14,R2
    000004E8 6623                   MOV         R2,R6
    000004EA 666D                   EXTU.W      R6,R6
    000004EC 6563                   MOV         R6,R5
    000004EE E3F8                   MOV         #-8,R3     ; H'FFFFFFF8
    000004F0 453C                   SHAD        R3,R5
    000004F2 275B                   OR          R5,R7
    000004F4 6573                   MOV         R7,R5
    000004F6 6053                   MOV         R5,R0
    000004F8 8145                   MOV.W       R0,@(10,R4)
    000004FA E200                   MOV         #0,R2      ; H'00000000
    000004FC E324                   MOV         #36,R3     ; H'00000024
    000004FE 3233                   CMP/GE      R3,R2
    00000500 8941                   BT          L49
    00000502              L50:
    00000502 6623                   MOV         R2,R6
    00000504 4600                   SHLL        R6
    00000506 6543                   MOV         R4,R5
    00000508 750C                   ADD         #12,R5
    0000050A 6063                   MOV         R6,R0
    0000050C 075D                   MOV.W       @(R0,R5),R7
    0000050E 677F                   EXTS.W      R7,R7
    00000510 9D40                   MOV.W       L54,R13    ; H'00FF
    00000512 6573                   MOV         R7,R5
    00000514 25D9                   AND         R13,R5
    00000516 4518                   SHLL8       R5
    00000518 6723                   MOV         R2,R7
    0000051A 6673                   MOV         R7,R6
    0000051C 4600                   SHLL        R6
    0000051E 6E43                   MOV         R4,R14
    00000520 7E0C                   ADD         #12,R14
    00000522 6063                   MOV         R6,R0
    00000524 07ED                   MOV.W       @(R0,R14),R7
    00000526 677F                   EXTS.W      R7,R7
    00000528 DC1B                   MOV.L       L54+4,R12  ; H'0000FF00
    0000052A 6673                   MOV         R7,R6
    0000052C 26C9                   AND         R12,R6
    0000052E 666D                   EXTU.W      R6,R6
    00000530 6763                   MOV         R6,R7
    00000532 EBF8                   MOV         #-8,R11    ; H'FFFFFFF8
    00000534 47BC                   SHAD        R11,R7
    00000536 257B                   OR          R7,R5
    00000538 6723                   MOV         R2,R7
    0000053A 6673                   MOV         R7,R6
    0000053C 4600                   SHLL        R6
    0000053E 6743                   MOV         R4,R7
    00000540 770C                   ADD         #12,R7
    00000542 6063                   MOV         R6,R0
    00000544 0755                   MOV.W       R5,@(R0,R7)
    00000546 6623                   MOV         R2,R6
    00000548 4600                   SHLL        R6
    0000054A 6543                   MOV         R4,R5
    0000054C 7554                   ADD         #84,R5
    0000054E 6063                   MOV         R6,R0
    00000550 075D                   MOV.W       @(R0,R5),R7
    00000552 677F                   EXTS.W      R7,R7
    00000554 6673                   MOV         R7,R6
    00000556 26D9                   AND         R13,R6
    00000558 4618                   SHLL8       R6
    0000055A 6523                   MOV         R2,R5
    0000055C 4500                   SHLL        R5
    0000055E 6E43                   MOV         R4,R14
    00000560 7E54                   ADD         #84,R14
    00000562 6053                   MOV         R5,R0
    00000564 07ED                   MOV.W       @(R0,R14),R7
    00000566 677F                   EXTS.W      R7,R7
    00000568 6573                   MOV         R7,R5
    0000056A 25C9                   AND         R12,R5
    0000056C 655D                   EXTU.W      R5,R5
    0000056E 45BC                   SHAD        R11,R5
    00000570 265B                   OR          R5,R6
    00000572 6523                   MOV         R2,R5
    00000574 4500                   SHLL        R5
    00000576 6743                   MOV         R4,R7
    00000578 7754                   ADD         #84,R7
    0000057A 6053                   MOV         R5,R0
    0000057C 0765                   MOV.W       R6,@(R0,R7)
    0000057E 7201                   ADD         #1,R2
    00000580 E324                   MOV         #36,R3     ; H'00000024
    00000582 3233                   CMP/GE      R3,R2
    00000584 8BBD                   BF          L50
    00000586              L49:
    00000586 7F04                   ADD         #4,R15
    00000588 6EF6                   MOV.L       @R15+,R14
    0000058A 6DF6                   MOV.L       @R15+,R13
    0000058C 6CF6                   MOV.L       @R15+,R12
    0000058E 6BF6                   MOV.L       @R15+,R11
    00000590 000B                   RTS
    00000592 0009                   NOP
    00000594              L54:
    00000594 00FF                   .DATA.W     H'00FF
    00000596 00000002               .RES.W      1
    00000598 0000FF00               .DATA.L     H'0000FF00
    0000059C 00FF0000               .DATA.L     H'00FF0000
    000005A0 FF000000               .DATA.L     H'FF000000
C   00000000              L55:
    00000000 4153534552             .SDATA      "ASSERTION FAILED: !err FILE %s,LINE %d "
             54494F4E20   
             4641494C45   
             443A202165   
             7272204649   
             4C45202573   
             2C4C494E45   
             20256420     
    00000027 0A00                   .DATA.B     H'0A,H'00
    00000029 00                     .DATAB.B    3,0
    0000002C              L56:
    0000002C 6461646D7A             .SDATA      "dadmzt.c"
             742E63       
    00000034 00                     .DATA.B     H'00
SH SERIES C/C++ Compiler (Ver. checker(2003.03.17))                                              10-Nov-2011 18:53:52  PAGE    1


******** STATISTICS INFORMATION ********


********** ERROR INFORMATION ***********

NUMBER OF ERRORS:           0
NUMBER OF WARNINGS:         0
NUMBER OF INFORMATIONS:     0



******* SOURCE LINE INFORMATION ********

COMPILED SOURCE LINE:      198



******* SECTION SIZE INFORMATION *******

PROGRAM  SECTION (P):                               000005A4 Byte(s)
CONSTANT SECTION (C):                               00000035 Byte(s)
DATA     SECTION (D):                               00000000 Byte(s)
BSS      SECTION (B):                               00000000 Byte(s)

TOTAL PROGRAM  SECTION: 000005A4 Byte(s)
TOTAL CONSTANT SECTION: 00000035 Byte(s)
TOTAL DATA     SECTION: 00000000 Byte(s)
TOTAL BSS      SECTION: 00000000 Byte(s)

    TOTAL PROGRAM SIZE: 000005D9 Byte(s)



********** LABEL INFORMATION ***********

NUMBER OF EXTERNAL REFERENCE SYMBOLS:            8
NUMBER OF EXTERNAL DEFINITION SYMBOLS:           1
NUMBER OF INTERNAL/EXTERNAL SYMBOLS:            37
*** COMMAND PARAMETER ***


  -cpu=sh3 -op=0 -en=big -me -debug -comment=nest -l -def=DEBUG,MAS_P5554,MAS_BIG_ENDIAN -i=P:\PRESTO2\SHINC,C:\usr\local\SH\7_1_1\include,P:\PRESTO2\NORTI_12\inc dadmzt.c 

