SH SERIES C/C++ Compiler (Ver. checker(2003.03.17))                                              10-Nov-2011 18:53:50  PAGE    1

************ OBJECT LISTING ************

FILE NAME: dadmw0.c

SCT OFFSET   CODE       C LABEL     INSTRUCTION OPERAND    COMMENT

P   00000000              _dad_dsp_memwr:                  ; function: dad_dsp_memwr
                                                           ; frame size=72
    00000000 2F86                   MOV.L       R8,@-R15
    00000002 2F96                   MOV.L       R9,@-R15
    00000004 2FA6                   MOV.L       R10,@-R15
    00000006 2FB6                   MOV.L       R11,@-R15
    00000008 2FC6                   MOV.L       R12,@-R15
    0000000A 2FD6                   MOV.L       R13,@-R15
    0000000C 2FE6                   MOV.L       R14,@-R15
    0000000E 4F22                   STS.L       PR,@-R15
    00000010 7FD8                   ADD         #-40,R15
    00000012 6A63                   MOV         R6,R10
    00000014 6953                   MOV         R5,R9
    00000016 6843                   MOV         R4,R8
    00000018 6D73                   MOV         R7,R13
    0000001A 66D3                   MOV         R13,R6
    0000001C 666F                   EXTS.W      R6,R6
    0000001E 626F                   EXTS.W      R6,R2
    00000020 E600                   MOV         #0,R6      ; H'00000000
    00000022 3627                   CMP/GT      R2,R6
    00000024 326E                   ADDC        R6,R2
    00000026 4221                   SHAR        R2
    00000028 6623                   MOV         R2,R6
    0000002A 4600                   SHLL        R6
    0000002C 6D63                   MOV         R6,R13
    0000002E E30A                   MOV         #10,R3     ; H'0000000A
    00000030 2F31                   MOV.W       R3,@R15
    00000032 6DDF                   EXTS.W      R13,R13
    00000034 6ED3                   MOV         R13,R14
    00000036 4E15                   CMP/PL      R14
    00000038 8B3F                   BF          L11
    0000003A              L12:
    0000003A 66E3                   MOV         R14,R6
    0000003C E310                   MOV         #16,R3     ; H'00000010
    0000003E 3636                   CMP/HI      R3,R6
    00000040 8B03                   BF          L14
    00000042 EB10                   MOV         #16,R11    ; H'00000010
    00000044 6CB3                   MOV         R11,R12
    00000046 A001                   BRA         L15
    00000048 0009                   NOP
    0000004A              L14:
    0000004A 6CE3                   MOV         R14,R12
    0000004C              L15:
    0000004C 62D3                   MOV         R13,R2
    0000004E 622F                   EXTS.W      R2,R2
    00000050 6B23                   MOV         R2,R11
    00000052 3BE8                   SUB         R14,R11
    00000054 63C3                   MOV         R12,R3
    00000056 6033                   MOV         R3,R0
    00000058 81F2                   MOV.W       R0,@(4,R15)
    0000005A 633F                   EXTS.W      R3,R3
    0000005C 6733                   MOV         R3,R7
    0000005E 677F                   EXTS.W      R7,R7
    00000060 6673                   MOV         R7,R6
    00000062 64F3                   MOV         R15,R4
    00000064 7406                   ADD         #6,R4
    00000066 65A3                   MOV         R10,R5
    00000068 35BC                   ADD         R11,R5
    0000006A D34E                   MOV.L       L23+4,R3   ; _memcpy
    0000006C 430B                   JSR         @R3
    0000006E 0009                   NOP
    00000070 62B3                   MOV         R11,R2
    00000072 E600                   MOV         #0,R6      ; H'00000000
    00000074 3627                   CMP/GT      R2,R6
    00000076 326E                   ADDC        R6,R2
    00000078 4221                   SHAR        R2
    0000007A 6023                   MOV         R2,R0
    0000007C 069C                   MOV.B       @(R0,R9),R6
    0000007E 666E                   EXTS.B      R6,R6
    00000080 6363                   MOV         R6,R3
    00000082 6033                   MOV         R3,R0
    00000084 81F1                   MOV.W       R0,@(2,R15)
    00000086 64F3                   MOV         R15,R4
    00000088 B024                   BSR         __$chg_ul_bef_write
    0000008A 0009                   NOP
    0000008C E606                   MOV         #6,R6      ; H'00000006
    0000008E 6763                   MOV         R6,R7
    00000090 37CC                   ADD         R12,R7
    00000092 65F3                   MOV         R15,R5
    00000094 7518                   ADD         #24,R5
    00000096 66F3                   MOV         R15,R6
    00000098 6483                   MOV         R8,R4
    0000009A 677F                   EXTS.W      R7,R7
    0000009C D342                   MOV.L       L23+8,R3   ; _dad_dpm_write
    0000009E 430B                   JSR         @R3
    000000A0 0009                   NOP
    000000A2 6203                   MOV         R0,R2
    000000A4 4211                   CMP/PZ      R2
    000000A6 8902                   BT          L17
    000000A8 EDFF                   MOV         #-1,R13    ; H'FFFFFFFF
    000000AA A007                   BRA         L18
    000000AC 0009                   NOP
    000000AE              L17:
    000000AE 54F6                   MOV.L       @(24,R15),R4
    000000B0 B074                   BSR         __$chg_ul_aft_read
    000000B2 0009                   NOP
    000000B4 3EC8                   SUB         R12,R14
    000000B6 4E15                   CMP/PL      R14
    000000B8 89BF                   BT          L12
    000000BA              L11:
    000000BA 6DDF                   EXTS.W      R13,R13
    000000BC              L18:
    000000BC 60D3                   MOV         R13,R0
    000000BE 7F28                   ADD         #40,R15
    000000C0 4F26                   LDS.L       @R15+,PR
    000000C2 6EF6                   MOV.L       @R15+,R14
    000000C4 6DF6                   MOV.L       @R15+,R13
    000000C6 6CF6                   MOV.L       @R15+,R12
    000000C8 6BF6                   MOV.L       @R15+,R11
    000000CA 6AF6                   MOV.L       @R15+,R10
    000000CC 69F6                   MOV.L       @R15+,R9
    000000CE 68F6                   MOV.L       @R15+,R8
    000000D0 000B                   RTS
    000000D2 0009                   NOP
    000000D4              __$chg_ul_bef_write:             ; function: __$chg_ul_bef_write
                                                           ; frame size=8
    000000D4 2FE6                   MOV.L       R14,@-R15
    000000D6 7FFC                   ADD         #-4,R15
    000000D8 6241                   MOV.W       @R4,R2
    000000DA 622F                   EXTS.W      R2,R2
    000000DC 9E60                   MOV.W       L23,R14    ; H'00FF
    000000DE 6623                   MOV         R2,R6
    000000E0 26E9                   AND         R14,R6
    000000E2 4618                   SHLL8       R6
    000000E4 6541                   MOV.W       @R4,R5
    000000E6 655F                   EXTS.W      R5,R5
    000000E8 D230                   MOV.L       L23+12,R2  ; H'0000FF00
    000000EA 6753                   MOV         R5,R7
    000000EC 2729                   AND         R2,R7
    000000EE 677D                   EXTU.W      R7,R7
    000000F0 6573                   MOV         R7,R5
    000000F2 E3F8                   MOV         #-8,R3     ; H'FFFFFFF8
    000000F4 453C                   SHAD        R3,R5
    000000F6 265B                   OR          R5,R6
    000000F8 2461                   MOV.W       R6,@R4
    000000FA 8541                   MOV.W       @(2,R4),R0
    000000FC 6503                   MOV         R0,R5
    000000FE 655F                   EXTS.W      R5,R5
    00000100 6653                   MOV         R5,R6
    00000102 26E9                   AND         R14,R6
    00000104 4618                   SHLL8       R6
    00000106 8541                   MOV.W       @(2,R4),R0
    00000108 6503                   MOV         R0,R5
    0000010A 655F                   EXTS.W      R5,R5
    0000010C 6753                   MOV         R5,R7
    0000010E 2729                   AND         R2,R7
    00000110 677D                   EXTU.W      R7,R7
    00000112 6573                   MOV         R7,R5
    00000114 E3F8                   MOV         #-8,R3     ; H'FFFFFFF8
    00000116 453C                   SHAD        R3,R5
    00000118 265B                   OR          R5,R6
    0000011A 6063                   MOV         R6,R0
    0000011C 8141                   MOV.W       R0,@(2,R4)
    0000011E 8542                   MOV.W       @(4,R4),R0
    00000120 6503                   MOV         R0,R5
    00000122 655F                   EXTS.W      R5,R5
    00000124 6653                   MOV         R5,R6
    00000126 26E9                   AND         R14,R6
    00000128 4618                   SHLL8       R6
    0000012A 8542                   MOV.W       @(4,R4),R0
    0000012C 6503                   MOV         R0,R5
    0000012E 655F                   EXTS.W      R5,R5
    00000130 6753                   MOV         R5,R7
    00000132 2729                   AND         R2,R7
    00000134 677D                   EXTU.W      R7,R7
    00000136 6573                   MOV         R7,R5
    00000138 E3F8                   MOV         #-8,R3     ; H'FFFFFFF8
    0000013A 453C                   SHAD        R3,R5
    0000013C 265B                   OR          R5,R6
    0000013E 6063                   MOV         R6,R0
    00000140 8142                   MOV.W       R0,@(4,R4)
    00000142 E200                   MOV         #0,R2      ; H'00000000
    00000144 E308                   MOV         #8,R3      ; H'00000008
    00000146 3233                   CMP/GE      R3,R2
    00000148 8924                   BT          L20
    0000014A              L21:
    0000014A 6523                   MOV         R2,R5
    0000014C 6653                   MOV         R5,R6
    0000014E 4600                   SHLL        R6
    00000150 6543                   MOV         R4,R5
    00000152 7506                   ADD         #6,R5
    00000154 6063                   MOV         R6,R0
    00000156 075D                   MOV.W       @(R0,R5),R7
    00000158 677F                   EXTS.W      R7,R7
    0000015A 9321                   MOV.W       L23,R3     ; H'00FF
    0000015C 6673                   MOV         R7,R6
    0000015E 2639                   AND         R3,R6
    00000160 4618                   SHLL8       R6
    00000162 6523                   MOV         R2,R5
    00000164 4500                   SHLL        R5
    00000166 6743                   MOV         R4,R7
    00000168 7706                   ADD         #6,R7
    0000016A 6053                   MOV         R5,R0
    0000016C 0E7D                   MOV.W       @(R0,R7),R14
    0000016E 6EEF                   EXTS.W      R14,R14
    00000170 D30E                   MOV.L       L23+12,R3  ; H'0000FF00
    00000172 67E3                   MOV         R14,R7
    00000174 2739                   AND         R3,R7
    00000176 677D                   EXTU.W      R7,R7
    00000178 6573                   MOV         R7,R5
    0000017A E3F8                   MOV         #-8,R3     ; H'FFFFFFF8
    0000017C 453C                   SHAD        R3,R5
    0000017E 265B                   OR          R5,R6
    00000180 6523                   MOV         R2,R5
    00000182 4500                   SHLL        R5
    00000184 6743                   MOV         R4,R7
    00000186 7706                   ADD         #6,R7
    00000188 6053                   MOV         R5,R0
    0000018A 0765                   MOV.W       R6,@(R0,R7)
    0000018C 7201                   ADD         #1,R2
    0000018E E308                   MOV         #8,R3      ; H'00000008
    00000190 3233                   CMP/GE      R3,R2
    00000192 8BDA                   BF          L21
    00000194              L20:
    00000194 7F04                   ADD         #4,R15
    00000196 6EF6                   MOV.L       @R15+,R14
    00000198 000B                   RTS
    0000019A 0009                   NOP
    0000019C              __$chg_ul_aft_read:              ; function: __$chg_ul_aft_read
                                                           ; frame size=0
    0000019C 000B                   RTS
    0000019E 0009                   NOP
    000001A0              L23:
    000001A0 00FF                   .DATA.W     H'00FF
    000001A2 00000002               .RES.W      1
    000001A4 <00000000>             .DATA.L     _memcpy
    000001A8 <00000000>             .DATA.L     _dad_dpm_write
    000001AC 0000FF00               .DATA.L     H'0000FF00
SH SERIES C/C++ Compiler (Ver. checker(2003.03.17))                                              10-Nov-2011 18:53:50  PAGE    1


******** STATISTICS INFORMATION ********


********** ERROR INFORMATION ***********

NUMBER OF ERRORS:           0
NUMBER OF WARNINGS:         0
NUMBER OF INFORMATIONS:     1



******* SOURCE LINE INFORMATION ********

COMPILED SOURCE LINE:      121



******* SECTION SIZE INFORMATION *******

PROGRAM  SECTION (P):                               000001B0 Byte(s)
CONSTANT SECTION (C):                               00000000 Byte(s)
DATA     SECTION (D):                               00000000 Byte(s)
BSS      SECTION (B):                               00000000 Byte(s)

TOTAL PROGRAM  SECTION: 000001B0 Byte(s)
TOTAL CONSTANT SECTION: 00000000 Byte(s)
TOTAL DATA     SECTION: 00000000 Byte(s)
TOTAL BSS      SECTION: 00000000 Byte(s)

    TOTAL PROGRAM SIZE: 000001B0 Byte(s)



********** LABEL INFORMATION ***********

NUMBER OF EXTERNAL REFERENCE SYMBOLS:            2
NUMBER OF EXTERNAL DEFINITION SYMBOLS:           1
NUMBER OF INTERNAL/EXTERNAL SYMBOLS:            12
*** COMMAND PARAMETER ***


  -cpu=sh3 -op=0 -en=big -me -debug -comment=nest -l -def=DEBUG,MAS_P5554,MAS_BIG_ENDIAN -i=P:\PRESTO2\SHINC,C:\usr\local\SH\7_1_1\include,P:\PRESTO2\NORTI_12\inc dadmw0.c 

