SH SERIES C/C++ Compiler (Ver. checker(2003.03.17))                                              10-Nov-2011 18:53:51  PAGE    1

************ OBJECT LISTING ************

FILE NAME: dadmon0.c

SCT OFFSET   CODE       C LABEL     INSTRUCTION OPERAND    COMMENT

P   00000000              _dad_sta_dsp_mon:                ; function: dad_sta_dsp_mon
                                                           ; frame size=28
    00000000 2FE6                   MOV.L       R14,@-R15
    00000002 4F22                   STS.L       PR,@-R15
    00000004 7FEC                   ADD         #-20,R15
    00000006 6253                   MOV         R5,R2
    00000008 6E43                   MOV         R4,R14
    0000000A E30B                   MOV         #11,R3     ; H'0000000B
    0000000C 2F31                   MOV.W       R3,@R15
    0000000E 6323                   MOV         R2,R3
    00000010 6033                   MOV         R3,R0
    00000012 81F1                   MOV.W       R0,@(2,R15)
    00000014 53F7                   MOV.L       @(28,R15),R3
    00000016 1F31                   MOV.L       R3,@(4,R15)
    00000018 E020                   MOV         #32,R0     ; H'00000020
    0000001A 03FD                   MOV.W       @(R0,R15),R3
    0000001C 6033                   MOV         R3,R0
    0000001E 81F4                   MOV.W       R0,@(8,R15)
    00000020 E022                   MOV         #34,R0     ; H'00000022
    00000022 03FD                   MOV.W       @(R0,R15),R3
    00000024 6033                   MOV         R3,R0
    00000026 81F5                   MOV.W       R0,@(10,R15)
    00000028 6363                   MOV         R6,R3
    0000002A 1F33                   MOV.L       R3,@(12,R15)
    0000002C 64F3                   MOV         R15,R4
    0000002E B016                   BSR         __$chg_ul_bef_write
    00000030 0009                   NOP
    00000032 E710                   MOV         #16,R7     ; H'00000010
    00000034 65F3                   MOV         R15,R5
    00000036 7510                   ADD         #16,R5
    00000038 66F3                   MOV         R15,R6
    0000003A 64E3                   MOV         R14,R4
    0000003C 677F                   EXTS.W      R7,R7
    0000003E D34B                   MOV.L       L17+2,R3   ; _dad_dpm_write
    00000040 430B                   JSR         @R3
    00000042 0009                   NOP
    00000044 6203                   MOV         R0,R2
    00000046 4211                   CMP/PZ      R2
    00000048 8902                   BT          L12
    0000004A E2FF                   MOV         #-1,R2     ; H'FFFFFFFF
    0000004C A001                   BRA         L13
    0000004E 0009                   NOP
    00000050              L12:
    00000050 E200                   MOV         #0,R2      ; H'00000000
    00000052              L13:
    00000052 6023                   MOV         R2,R0
    00000054 7F14                   ADD         #20,R15
    00000056 4F26                   LDS.L       @R15+,PR
    00000058 6EF6                   MOV.L       @R15+,R14
    0000005A 000B                   RTS
    0000005C 0009                   NOP
    0000005E              __$chg_ul_bef_write:             ; function: __$chg_ul_bef_write
                                                           ; frame size=8
    0000005E 2FD6                   MOV.L       R13,@-R15
    00000060 2FE6                   MOV.L       R14,@-R15
    00000062 6641                   MOV.W       @R4,R6
    00000064 666F                   EXTS.W      R6,R6
    00000066 9780                   MOV.W       L17,R7     ; H'00FF
    00000068 6263                   MOV         R6,R2
    0000006A 2279                   AND         R7,R2
    0000006C 4218                   SHLL8       R2
    0000006E 6641                   MOV.W       @R4,R6
    00000070 666F                   EXTS.W      R6,R6
    00000072 DE3F                   MOV.L       L17+6,R14  ; H'0000FF00
    00000074 6563                   MOV         R6,R5
    00000076 25E9                   AND         R14,R5
    00000078 655D                   EXTU.W      R5,R5
    0000007A 6653                   MOV         R5,R6
    0000007C EDF8                   MOV         #-8,R13    ; H'FFFFFFF8
    0000007E 46DC                   SHAD        R13,R6
    00000080 226B                   OR          R6,R2
    00000082 2421                   MOV.W       R2,@R4
    00000084 8541                   MOV.W       @(2,R4),R0
    00000086 6603                   MOV         R0,R6
    00000088 666F                   EXTS.W      R6,R6
    0000008A 6263                   MOV         R6,R2
    0000008C 2279                   AND         R7,R2
    0000008E 4218                   SHLL8       R2
    00000090 8541                   MOV.W       @(2,R4),R0
    00000092 6603                   MOV         R0,R6
    00000094 666F                   EXTS.W      R6,R6
    00000096 6563                   MOV         R6,R5
    00000098 25E9                   AND         R14,R5
    0000009A 655D                   EXTU.W      R5,R5
    0000009C 6653                   MOV         R5,R6
    0000009E 46DC                   SHAD        R13,R6
    000000A0 226B                   OR          R6,R2
    000000A2 6023                   MOV         R2,R0
    000000A4 8141                   MOV.W       R0,@(2,R4)
    000000A6 5641                   MOV.L       @(4,R4),R6
    000000A8 925F                   MOV.W       L17,R2     ; H'00FF
    000000AA 6523                   MOV         R2,R5
    000000AC 6263                   MOV         R6,R2
    000000AE 2259                   AND         R5,R2
    000000B0 4228                   SHLL16      R2
    000000B2 4218                   SHLL8       R2
    000000B4 5641                   MOV.L       @(4,R4),R6
    000000B6 D32E                   MOV.L       L17+6,R3   ; H'0000FF00
    000000B8 6533                   MOV         R3,R5
    000000BA 2659                   AND         R5,R6
    000000BC 4618                   SHLL8       R6
    000000BE 226B                   OR          R6,R2
    000000C0 6623                   MOV         R2,R6
    000000C2 5241                   MOV.L       @(4,R4),R2
    000000C4 D32B                   MOV.L       L17+10,R3  ; H'00FF0000
    000000C6 6533                   MOV         R3,R5
    000000C8 2259                   AND         R5,R2
    000000CA 4219                   SHLR8       R2
    000000CC 262B                   OR          R2,R6
    000000CE 5241                   MOV.L       @(4,R4),R2
    000000D0 D529                   MOV.L       L17+14,R5  ; H'FF000000
    000000D2 2259                   AND         R5,R2
    000000D4 4229                   SHLR16      R2
    000000D6 4219                   SHLR8       R2
    000000D8 262B                   OR          R2,R6
    000000DA 1461                   MOV.L       R6,@(4,R4)
    000000DC 8544                   MOV.W       @(8,R4),R0
    000000DE 6203                   MOV         R0,R2
    000000E0 622D                   EXTU.W      R2,R2
    000000E2 6623                   MOV         R2,R6
    000000E4 2679                   AND         R7,R6
    000000E6 4618                   SHLL8       R6
    000000E8 8544                   MOV.W       @(8,R4),R0
    000000EA 6203                   MOV         R0,R2
    000000EC 622D                   EXTU.W      R2,R2
    000000EE 6523                   MOV         R2,R5
    000000F0 6253                   MOV         R5,R2
    000000F2 22E9                   AND         R14,R2
    000000F4 6523                   MOV         R2,R5
    000000F6 655D                   EXTU.W      R5,R5
    000000F8 6253                   MOV         R5,R2
    000000FA 6563                   MOV         R6,R5
    000000FC 42DC                   SHAD        R13,R2
    000000FE 252B                   OR          R2,R5
    00000100 6053                   MOV         R5,R0
    00000102 8144                   MOV.W       R0,@(8,R4)
    00000104 8545                   MOV.W       @(10,R4),R0
    00000106 6603                   MOV         R0,R6
    00000108 666D                   EXTU.W      R6,R6
    0000010A 6263                   MOV         R6,R2
    0000010C 2279                   AND         R7,R2
    0000010E 4218                   SHLL8       R2
    00000110 6623                   MOV         R2,R6
    00000112 8545                   MOV.W       @(10,R4),R0
    00000114 6503                   MOV         R0,R5
    00000116 655D                   EXTU.W      R5,R5
    00000118 25E9                   AND         R14,R5
    0000011A 655D                   EXTU.W      R5,R5
    0000011C 6253                   MOV         R5,R2
    0000011E 42DC                   SHAD        R13,R2
    00000120 262B                   OR          R2,R6
    00000122 6563                   MOV         R6,R5
    00000124 6053                   MOV         R5,R0
    00000126 8145                   MOV.W       R0,@(10,R4)
    00000128 5643                   MOV.L       @(12,R4),R6
    0000012A 921E                   MOV.W       L17,R2     ; H'00FF
    0000012C 6523                   MOV         R2,R5
    0000012E 6263                   MOV         R6,R2
    00000130 2259                   AND         R5,R2
    00000132 4228                   SHLL16      R2
    00000134 4218                   SHLL8       R2
    00000136 5643                   MOV.L       @(12,R4),R6
    00000138 D70D                   MOV.L       L17+6,R7   ; H'0000FF00
    0000013A 6573                   MOV         R7,R5
    0000013C 2659                   AND         R5,R6
    0000013E 4618                   SHLL8       R6
    00000140 226B                   OR          R6,R2
    00000142 6623                   MOV         R2,R6
    00000144 5243                   MOV.L       @(12,R4),R2
    00000146 D70B                   MOV.L       L17+10,R7  ; H'00FF0000
    00000148 6573                   MOV         R7,R5
    0000014A 2259                   AND         R5,R2
    0000014C 4219                   SHLR8       R2
    0000014E 262B                   OR          R2,R6
    00000150 5243                   MOV.L       @(12,R4),R2
    00000152 D509                   MOV.L       L17+14,R5  ; H'FF000000
    00000154 2259                   AND         R5,R2
    00000156 4229                   SHLR16      R2
    00000158 4219                   SHLR8       R2
    0000015A 262B                   OR          R2,R6
    0000015C 1463                   MOV.L       R6,@(12,R4)
    0000015E 6EF6                   MOV.L       @R15+,R14
    00000160 6DF6                   MOV.L       @R15+,R13
    00000162 000B                   RTS
    00000164 0009                   NOP
    00000166              __$chg_ul_aft_read:              ; function: __$chg_ul_aft_read
                                                           ; frame size=0
    00000166 000B                   RTS
    00000168 0009                   NOP
    0000016A              L17:
    0000016A 00FF                   .DATA.W     H'00FF
    0000016C <00000000>             .DATA.L     _dad_dpm_write
    00000170 0000FF00               .DATA.L     H'0000FF00
    00000174 00FF0000               .DATA.L     H'00FF0000
    00000178 FF000000               .DATA.L     H'FF000000
SH SERIES C/C++ Compiler (Ver. checker(2003.03.17))                                              10-Nov-2011 18:53:51  PAGE    1


******** STATISTICS INFORMATION ********


********** ERROR INFORMATION ***********

NUMBER OF ERRORS:           0
NUMBER OF WARNINGS:         0
NUMBER OF INFORMATIONS:     1



******* SOURCE LINE INFORMATION ********

COMPILED SOURCE LINE:      103



******* SECTION SIZE INFORMATION *******

PROGRAM  SECTION (P):                               0000017C Byte(s)
CONSTANT SECTION (C):                               00000000 Byte(s)
DATA     SECTION (D):                               00000000 Byte(s)
BSS      SECTION (B):                               00000000 Byte(s)

TOTAL PROGRAM  SECTION: 0000017C Byte(s)
TOTAL CONSTANT SECTION: 00000000 Byte(s)
TOTAL DATA     SECTION: 00000000 Byte(s)
TOTAL BSS      SECTION: 00000000 Byte(s)

    TOTAL PROGRAM SIZE: 0000017C Byte(s)



********** LABEL INFORMATION ***********

NUMBER OF EXTERNAL REFERENCE SYMBOLS:            1
NUMBER OF EXTERNAL DEFINITION SYMBOLS:           1
NUMBER OF INTERNAL/EXTERNAL SYMBOLS:             5
*** COMMAND PARAMETER ***


  -cpu=sh3 -op=0 -en=big -me -debug -comment=nest -l -def=DEBUG,MAS_P5554,MAS_BIG_ENDIAN -i=P:\PRESTO2\SHINC,C:\usr\local\SH\7_1_1\include,P:\PRESTO2\NORTI_12\inc dadmon0.c 

