SH SERIES C/C++ Compiler (Ver. checker(2003.03.17))                                              10-Nov-2011 18:53:53  PAGE    1

************ OBJECT LISTING ************

FILE NAME: dadmon3.c

SCT OFFSET   CODE       C LABEL     INSTRUCTION OPERAND    COMMENT

P   00000000              _dad_stp_mon:                    ; function: dad_stp_mon
                                                           ; frame size=32
    00000000 2FE6                   MOV.L       R14,@-R15
    00000002 4F22                   STS.L       PR,@-R15
    00000004 7FE8                   ADD         #-24,R15
    00000006 6E43                   MOV         R4,R14
    00000008 9385                   MOV.W       L25,R3     ; H'0107
    0000000A 6033                   MOV         R3,R0
    0000000C 81F6                   MOV.W       R0,@(12,R15)
    0000000E 64F3                   MOV         R15,R4
    00000010 740C                   ADD         #12,R4
    00000012 B047                   BSR         __$chg_ul_bef_write
    00000014 0009                   NOP
    00000016 E702                   MOV         #2,R7      ; H'00000002
    00000018 66F3                   MOV         R15,R6
    0000001A 760C                   ADD         #12,R6
    0000001C E500                   MOV         #0,R5      ; H'00000000
    0000001E 64E3                   MOV         R14,R4
    00000020 677F                   EXTS.W      R7,R7
    00000022 D33E                   MOV.L       L25+6,R3   ; _dad_dpm_write
    00000024 430B                   JSR         @R3
    00000026 0009                   NOP
    00000028 6203                   MOV         R0,R2
    0000002A 4211                   CMP/PZ      R2
    0000002C 8902                   BT          L12
    0000002E E2FF                   MOV         #-1,R2     ; H'FFFFFFFF
    00000030 A032                   BRA         L13
    00000032 0009                   NOP
    00000034              L12:
    00000034 64E3                   MOV         R14,R4
    00000036 D33A                   MOV.L       L25+10,R3  ; _wai_stp_mon_flg
    00000038 430B                   JSR         @R3
    0000003A 0009                   NOP
    0000003C 6203                   MOV         R0,R2
    0000003E 2228                   TST         R2,R2
    00000040 8912                   BT          L15
    00000042 2228                   TST         R2,R2
    00000044 890D                   BT          L17
    00000046 D437                   MOV.L       L25+14,R4  ; __iob
    00000048 7428                   ADD         #40,R4
    0000004A D237                   MOV.L       L25+18,R2  ; L26
    0000004C 2F22                   MOV.L       R2,@R15
    0000004E D237                   MOV.L       L25+22,R2  ; L27
    00000050 1F21                   MOV.L       R2,@(4,R15)
    00000052 E351                   MOV         #81,R3     ; H'00000051
    00000054 1F32                   MOV.L       R3,@(8,R15)
    00000056 D336                   MOV.L       L25+26,R3  ; _fprintf
    00000058 430B                   JSR         @R3
    0000005A 0009                   NOP
    0000005C D335                   MOV.L       L25+30,R3  ; _abort
    0000005E 430B                   JSR         @R3
    00000060 0009                   NOP
    00000062              L17:
    00000062 E2FF                   MOV         #-1,R2     ; H'FFFFFFFF
    00000064 A018                   BRA         L13
    00000066 0009                   NOP
    00000068              L15:
    00000068 E700                   MOV         #0,R7      ; H'00000000
    0000006A 65F3                   MOV         R15,R5
    0000006C 7510                   ADD         #16,R5
    0000006E E604                   MOV         #4,R6      ; H'00000004
    00000070 64E3                   MOV         R14,R4
    00000072 677D                   EXTU.W      R7,R7
    00000074 D330                   MOV.L       L25+34,R3  ; _dad_dpm_read
    00000076 430B                   JSR         @R3
    00000078 0009                   NOP
    0000007A 6203                   MOV         R0,R2
    0000007C 4211                   CMP/PZ      R2
    0000007E 8B03                   BF          L19
    00000080 85F9                   MOV.W       @(18,R15),R0
    00000082 6303                   MOV         R0,R3
    00000084 4311                   CMP/PZ      R3
    00000086 8902                   BT          L20
    00000088              L19:
    00000088 E2FF                   MOV         #-1,R2     ; H'FFFFFFFF
    0000008A A005                   BRA         L13
    0000008C 0009                   NOP
    0000008E              L20:
    0000008E 64F3                   MOV         R15,R4
    00000090 7410                   ADD         #16,R4
    00000092 B01A                   BSR         __$chg_ul_aft_read
    00000094 0009                   NOP
    00000096 E200                   MOV         #0,R2      ; H'00000000
    00000098              L13:
    00000098 6023                   MOV         R2,R0
    0000009A 7F18                   ADD         #24,R15
    0000009C 4F26                   LDS.L       @R15+,PR
    0000009E 6EF6                   MOV.L       @R15+,R14
    000000A0 000B                   RTS
    000000A2 0009                   NOP
    000000A4              __$chg_ul_bef_write:             ; function: __$chg_ul_bef_write
                                                           ; frame size=0
    000000A4 6641                   MOV.W       @R4,R6
    000000A6 666F                   EXTS.W      R6,R6
    000000A8 9336                   MOV.W       L25+2,R3   ; H'00FF
    000000AA 6263                   MOV         R6,R2
    000000AC 2239                   AND         R3,R2
    000000AE 4218                   SHLL8       R2
    000000B0 6641                   MOV.W       @R4,R6
    000000B2 666F                   EXTS.W      R6,R6
    000000B4 D321                   MOV.L       L25+38,R3  ; H'0000FF00
    000000B6 6563                   MOV         R6,R5
    000000B8 2539                   AND         R3,R5
    000000BA 655D                   EXTU.W      R5,R5
    000000BC 6653                   MOV         R5,R6
    000000BE E3F8                   MOV         #-8,R3     ; H'FFFFFFF8
    000000C0 463C                   SHAD        R3,R6
    000000C2 226B                   OR          R6,R2
    000000C4 2421                   MOV.W       R2,@R4
    000000C6 000B                   RTS
    000000C8 0009                   NOP
    000000CA              __$chg_ul_aft_read:              ; function: __$chg_ul_aft_read
                                                           ; frame size=0
    000000CA 6641                   MOV.W       @R4,R6
    000000CC 666F                   EXTS.W      R6,R6
    000000CE 9723                   MOV.W       L25+2,R7   ; H'00FF
    000000D0 6263                   MOV         R6,R2
    000000D2 2279                   AND         R7,R2
    000000D4 4218                   SHLL8       R2
    000000D6 6641                   MOV.W       @R4,R6
    000000D8 666F                   EXTS.W      R6,R6
    000000DA D318                   MOV.L       L25+38,R3  ; H'0000FF00
    000000DC 6563                   MOV         R6,R5
    000000DE 2539                   AND         R3,R5
    000000E0 655D                   EXTU.W      R5,R5
    000000E2 6653                   MOV         R5,R6
    000000E4 E3F8                   MOV         #-8,R3     ; H'FFFFFFF8
    000000E6 463C                   SHAD        R3,R6
    000000E8 226B                   OR          R6,R2
    000000EA 2421                   MOV.W       R2,@R4
    000000EC 8541                   MOV.W       @(2,R4),R0
    000000EE 6603                   MOV         R0,R6
    000000F0 666F                   EXTS.W      R6,R6
    000000F2 6263                   MOV         R6,R2
    000000F4 2279                   AND         R7,R2
    000000F6 4218                   SHLL8       R2
    000000F8 8541                   MOV.W       @(2,R4),R0
    000000FA 6603                   MOV         R0,R6
    000000FC D30F                   MOV.L       L25+38,R3  ; H'0000FF00
    000000FE 666F                   EXTS.W      R6,R6
    00000100 6563                   MOV         R6,R5
    00000102 2539                   AND         R3,R5
    00000104 655D                   EXTU.W      R5,R5
    00000106 6653                   MOV         R5,R6
    00000108 E3F8                   MOV         #-8,R3     ; H'FFFFFFF8
    0000010A 463C                   SHAD        R3,R6
    0000010C 226B                   OR          R6,R2
    0000010E 6023                   MOV         R2,R0
    00000110 8141                   MOV.W       R0,@(2,R4)
    00000112 000B                   RTS
    00000114 0009                   NOP
    00000116              L25:
    00000116 0107                   .DATA.W     H'0107
    00000118 00FF                   .DATA.W     H'00FF
    0000011A 00000002               .RES.W      1
    0000011C <00000000>             .DATA.L     _dad_dpm_write
    00000120 <00000000>             .DATA.L     _wai_stp_mon_flg
    00000124 <00000000>             .DATA.L     __iob
    00000128 <00000000>             .DATA.L     L26
    0000012C <00000000>             .DATA.L     L27
    00000130 <00000000>             .DATA.L     _fprintf
    00000134 <00000000>             .DATA.L     _abort
    00000138 <00000000>             .DATA.L     _dad_dpm_read
    0000013C 0000FF00               .DATA.L     H'0000FF00
C   00000000              L26:
    00000000 4153534552             .SDATA      "ASSERTION FAILED: !err FILE %s,LINE %d "
             54494F4E20   
             4641494C45   
             443A202165   
             7272204649   
             4C45202573   
             2C4C494E45   
             20256420     
    00000027 0A00                   .DATA.B     H'0A,H'00
    00000029 00                     .DATAB.B    3,0
    0000002C              L27:
    0000002C 6461646D6F             .SDATA      "dadmon3.c"
             6E332E63     
    00000035 00                     .DATA.B     H'00
SH SERIES C/C++ Compiler (Ver. checker(2003.03.17))                                              10-Nov-2011 18:53:53  PAGE    1


******** STATISTICS INFORMATION ********


********** ERROR INFORMATION ***********

NUMBER OF ERRORS:           0
NUMBER OF WARNINGS:         0
NUMBER OF INFORMATIONS:     0



******* SOURCE LINE INFORMATION ********

COMPILED SOURCE LINE:      102



******* SECTION SIZE INFORMATION *******

PROGRAM  SECTION (P):                               00000140 Byte(s)
CONSTANT SECTION (C):                               00000036 Byte(s)
DATA     SECTION (D):                               00000000 Byte(s)
BSS      SECTION (B):                               00000000 Byte(s)

TOTAL PROGRAM  SECTION: 00000140 Byte(s)
TOTAL CONSTANT SECTION: 00000036 Byte(s)
TOTAL DATA     SECTION: 00000000 Byte(s)
TOTAL BSS      SECTION: 00000000 Byte(s)

    TOTAL PROGRAM SIZE: 00000176 Byte(s)



********** LABEL INFORMATION ***********

NUMBER OF EXTERNAL REFERENCE SYMBOLS:            6
NUMBER OF EXTERNAL DEFINITION SYMBOLS:           1
NUMBER OF INTERNAL/EXTERNAL SYMBOLS:            16
*** COMMAND PARAMETER ***


  -cpu=sh3 -op=0 -en=big -me -debug -comment=nest -l -def=DEBUG,MAS_P5554,MAS_BIG_ENDIAN -i=P:\PRESTO2\SHINC,C:\usr\local\SH\7_1_1\include,P:\PRESTO2\NORTI_12\inc dadmon3.c 

