SH SERIES C/C++ Compiler (Ver. checker(2003.03.17))                                              10-Nov-2011 18:53:53  PAGE    1

************ OBJECT LISTING ************

FILE NAME: dadmon2.c

SCT OFFSET   CODE       C LABEL     INSTRUCTION OPERAND    COMMENT

P   00000000              _dad_sta_mon:                    ; function: dad_sta_mon
                                                           ; frame size=44
    00000000 2FE6                   MOV.L       R14,@-R15
    00000002 4F22                   STS.L       PR,@-R15
    00000004 7FDC                   ADD         #-36,R15
    00000006 6253                   MOV         R5,R2
    00000008 6E43                   MOV         R4,R14
    0000000A 93DF                   MOV.W       L25,R3     ; H'0106
    0000000C 6033                   MOV         R3,R0
    0000000E 81F6                   MOV.W       R0,@(12,R15)
    00000010 6323                   MOV         R2,R3
    00000012 6033                   MOV         R3,R0
    00000014 81F7                   MOV.W       R0,@(14,R15)
    00000016 53FB                   MOV.L       @(44,R15),R3
    00000018 1F34                   MOV.L       R3,@(16,R15)
    0000001A E030                   MOV         #48,R0     ; H'00000030
    0000001C 03FD                   MOV.W       @(R0,R15),R3
    0000001E 6033                   MOV         R3,R0
    00000020 81FA                   MOV.W       R0,@(20,R15)
    00000022 E032                   MOV         #50,R0     ; H'00000032
    00000024 03FD                   MOV.W       @(R0,R15),R3
    00000026 6033                   MOV         R3,R0
    00000028 81FB                   MOV.W       R0,@(22,R15)
    0000002A 6363                   MOV         R6,R3
    0000002C 1F36                   MOV.L       R3,@(24,R15)
    0000002E 64F3                   MOV         R15,R4
    00000030 740C                   ADD         #12,R4
    00000032 B047                   BSR         __$chg_ul_bef_write
    00000034 0009                   NOP
    00000036 E710                   MOV         #16,R7     ; H'00000010
    00000038 66F3                   MOV         R15,R6
    0000003A 760C                   ADD         #12,R6
    0000003C E500                   MOV         #0,R5      ; H'00000000
    0000003E 64E3                   MOV         R14,R4
    00000040 677F                   EXTS.W      R7,R7
    00000042 D377                   MOV.L       L26+4,R3   ; _dad_dpm_write
    00000044 430B                   JSR         @R3
    00000046 0009                   NOP
    00000048 6203                   MOV         R0,R2
    0000004A 4211                   CMP/PZ      R2
    0000004C 8902                   BT          L12
    0000004E E2FF                   MOV         #-1,R2     ; H'FFFFFFFF
    00000050 A032                   BRA         L13
    00000052 0009                   NOP
    00000054              L12:
    00000054 64E3                   MOV         R14,R4
    00000056 D373                   MOV.L       L26+8,R3   ; _wai_sta_mon_flg
    00000058 430B                   JSR         @R3
    0000005A 0009                   NOP
    0000005C 6203                   MOV         R0,R2
    0000005E 2228                   TST         R2,R2
    00000060 8912                   BT          L15
    00000062 2228                   TST         R2,R2
    00000064 890D                   BT          L17
    00000066 D470                   MOV.L       L26+12,R4  ; __iob
    00000068 7428                   ADD         #40,R4
    0000006A D270                   MOV.L       L26+16,R2  ; L27
    0000006C 2F22                   MOV.L       R2,@R15
    0000006E D270                   MOV.L       L26+20,R2  ; L28
    00000070 1F21                   MOV.L       R2,@(4,R15)
    00000072 E35F                   MOV         #95,R3     ; H'0000005F
    00000074 1F32                   MOV.L       R3,@(8,R15)
    00000076 D36F                   MOV.L       L26+24,R3  ; _fprintf
    00000078 430B                   JSR         @R3
    0000007A 0009                   NOP
    0000007C D36E                   MOV.L       L26+28,R3  ; _abort
    0000007E 430B                   JSR         @R3
    00000080 0009                   NOP
    00000082              L17:
    00000082 E2FF                   MOV         #-1,R2     ; H'FFFFFFFF
    00000084 A018                   BRA         L13
    00000086 0009                   NOP
    00000088              L15:
    00000088 E700                   MOV         #0,R7      ; H'00000000
    0000008A 65F3                   MOV         R15,R5
    0000008C 751C                   ADD         #28,R5
    0000008E E604                   MOV         #4,R6      ; H'00000004
    00000090 64E3                   MOV         R14,R4
    00000092 677D                   EXTU.W      R7,R7
    00000094 D369                   MOV.L       L26+32,R3  ; _dad_dpm_read
    00000096 430B                   JSR         @R3
    00000098 0009                   NOP
    0000009A 6203                   MOV         R0,R2
    0000009C 4211                   CMP/PZ      R2
    0000009E 8B03                   BF          L19
    000000A0 85FF                   MOV.W       @(30,R15),R0
    000000A2 6303                   MOV         R0,R3
    000000A4 4311                   CMP/PZ      R3
    000000A6 8902                   BT          L20
    000000A8              L19:
    000000A8 E2FF                   MOV         #-1,R2     ; H'FFFFFFFF
    000000AA A005                   BRA         L13
    000000AC 0009                   NOP
    000000AE              L20:
    000000AE 64F3                   MOV         R15,R4
    000000B0 741C                   ADD         #28,R4
    000000B2 B08D                   BSR         __$chg_ul_aft_read
    000000B4 0009                   NOP
    000000B6 E200                   MOV         #0,R2      ; H'00000000
    000000B8              L13:
    000000B8 6023                   MOV         R2,R0
    000000BA 7F24                   ADD         #36,R15
    000000BC 4F26                   LDS.L       @R15+,PR
    000000BE 6EF6                   MOV.L       @R15+,R14
    000000C0 000B                   RTS
    000000C2 0009                   NOP
    000000C4              __$chg_ul_bef_write:             ; function: __$chg_ul_bef_write
                                                           ; frame size=8
    000000C4 2FD6                   MOV.L       R13,@-R15
    000000C6 2FE6                   MOV.L       R14,@-R15
    000000C8 6641                   MOV.W       @R4,R6
    000000CA 666F                   EXTS.W      R6,R6
    000000CC 977F                   MOV.W       L25+2,R7   ; H'00FF
    000000CE 6263                   MOV         R6,R2
    000000D0 2279                   AND         R7,R2
    000000D2 4218                   SHLL8       R2
    000000D4 6641                   MOV.W       @R4,R6
    000000D6 666F                   EXTS.W      R6,R6
    000000D8 DE59                   MOV.L       L26+36,R14 ; H'0000FF00
    000000DA 6563                   MOV         R6,R5
    000000DC 25E9                   AND         R14,R5
    000000DE 655D                   EXTU.W      R5,R5
    000000E0 6653                   MOV         R5,R6
    000000E2 EDF8                   MOV         #-8,R13    ; H'FFFFFFF8
    000000E4 46DC                   SHAD        R13,R6
    000000E6 226B                   OR          R6,R2
    000000E8 2421                   MOV.W       R2,@R4
    000000EA 8541                   MOV.W       @(2,R4),R0
    000000EC 6603                   MOV         R0,R6
    000000EE 666F                   EXTS.W      R6,R6
    000000F0 6263                   MOV         R6,R2
    000000F2 2279                   AND         R7,R2
    000000F4 4218                   SHLL8       R2
    000000F6 8541                   MOV.W       @(2,R4),R0
    000000F8 6603                   MOV         R0,R6
    000000FA 666F                   EXTS.W      R6,R6
    000000FC 6563                   MOV         R6,R5
    000000FE 25E9                   AND         R14,R5
    00000100 655D                   EXTU.W      R5,R5
    00000102 6653                   MOV         R5,R6
    00000104 46DC                   SHAD        R13,R6
    00000106 226B                   OR          R6,R2
    00000108 6023                   MOV         R2,R0
    0000010A 8141                   MOV.W       R0,@(2,R4)
    0000010C 5641                   MOV.L       @(4,R4),R6
    0000010E 925E                   MOV.W       L25+2,R2   ; H'00FF
    00000110 6523                   MOV         R2,R5
    00000112 6263                   MOV         R6,R2
    00000114 2259                   AND         R5,R2
    00000116 4228                   SHLL16      R2
    00000118 4218                   SHLL8       R2
    0000011A 5641                   MOV.L       @(4,R4),R6
    0000011C D348                   MOV.L       L26+36,R3  ; H'0000FF00
    0000011E 6533                   MOV         R3,R5
    00000120 2659                   AND         R5,R6
    00000122 4618                   SHLL8       R6
    00000124 226B                   OR          R6,R2
    00000126 6623                   MOV         R2,R6
    00000128 5241                   MOV.L       @(4,R4),R2
    0000012A D346                   MOV.L       L26+40,R3  ; H'00FF0000
    0000012C 6533                   MOV         R3,R5
    0000012E 2259                   AND         R5,R2
    00000130 4219                   SHLR8       R2
    00000132 262B                   OR          R2,R6
    00000134 5241                   MOV.L       @(4,R4),R2
    00000136 D544                   MOV.L       L26+44,R5  ; H'FF000000
    00000138 2259                   AND         R5,R2
    0000013A 4229                   SHLR16      R2
    0000013C 4219                   SHLR8       R2
    0000013E 262B                   OR          R2,R6
    00000140 1461                   MOV.L       R6,@(4,R4)
    00000142 8544                   MOV.W       @(8,R4),R0
    00000144 6203                   MOV         R0,R2
    00000146 622D                   EXTU.W      R2,R2
    00000148 6623                   MOV         R2,R6
    0000014A 2679                   AND         R7,R6
    0000014C 4618                   SHLL8       R6
    0000014E 8544                   MOV.W       @(8,R4),R0
    00000150 6203                   MOV         R0,R2
    00000152 622D                   EXTU.W      R2,R2
    00000154 6523                   MOV         R2,R5
    00000156 6253                   MOV         R5,R2
    00000158 22E9                   AND         R14,R2
    0000015A 6523                   MOV         R2,R5
    0000015C 655D                   EXTU.W      R5,R5
    0000015E 6253                   MOV         R5,R2
    00000160 6563                   MOV         R6,R5
    00000162 42DC                   SHAD        R13,R2
    00000164 252B                   OR          R2,R5
    00000166 6053                   MOV         R5,R0
    00000168 8144                   MOV.W       R0,@(8,R4)
    0000016A 8545                   MOV.W       @(10,R4),R0
    0000016C 6603                   MOV         R0,R6
    0000016E 666D                   EXTU.W      R6,R6
    00000170 6263                   MOV         R6,R2
    00000172 2279                   AND         R7,R2
    00000174 4218                   SHLL8       R2
    00000176 6623                   MOV         R2,R6
    00000178 8545                   MOV.W       @(10,R4),R0
    0000017A 6503                   MOV         R0,R5
    0000017C 655D                   EXTU.W      R5,R5
    0000017E 25E9                   AND         R14,R5
    00000180 655D                   EXTU.W      R5,R5
    00000182 6253                   MOV         R5,R2
    00000184 42DC                   SHAD        R13,R2
    00000186 262B                   OR          R2,R6
    00000188 6563                   MOV         R6,R5
    0000018A 6053                   MOV         R5,R0
    0000018C 8145                   MOV.W       R0,@(10,R4)
    0000018E 5643                   MOV.L       @(12,R4),R6
    00000190 921D                   MOV.W       L25+2,R2   ; H'00FF
    00000192 6523                   MOV         R2,R5
    00000194 6263                   MOV         R6,R2
    00000196 2259                   AND         R5,R2
    00000198 4228                   SHLL16      R2
    0000019A 4218                   SHLL8       R2
    0000019C 5643                   MOV.L       @(12,R4),R6
    0000019E D728                   MOV.L       L26+36,R7  ; H'0000FF00
    000001A0 6573                   MOV         R7,R5
    000001A2 2659                   AND         R5,R6
    000001A4 4618                   SHLL8       R6
    000001A6 226B                   OR          R6,R2
    000001A8 6623                   MOV         R2,R6
    000001AA 5243                   MOV.L       @(12,R4),R2
    000001AC D725                   MOV.L       L26+40,R7  ; H'00FF0000
    000001AE 6573                   MOV         R7,R5
    000001B0 2259                   AND         R5,R2
    000001B2 4219                   SHLR8       R2
    000001B4 262B                   OR          R2,R6
    000001B6 5243                   MOV.L       @(12,R4),R2
    000001B8 D523                   MOV.L       L26+44,R5  ; H'FF000000
    000001BA 2259                   AND         R5,R2
    000001BC 4229                   SHLR16      R2
    000001BE 4219                   SHLR8       R2
    000001C0 262B                   OR          R2,R6
    000001C2 1463                   MOV.L       R6,@(12,R4)
    000001C4 6EF6                   MOV.L       @R15+,R14
    000001C6 6DF6                   MOV.L       @R15+,R13
    000001C8 000B                   RTS
    000001CA 0009                   NOP
    000001CC              L25:
    000001CC 0106                   .DATA.W     H'0106
    000001CE 00FF                   .DATA.W     H'00FF
    000001D0              __$chg_ul_aft_read:              ; function: __$chg_ul_aft_read
                                                           ; frame size=0
    000001D0 6641                   MOV.W       @R4,R6
    000001D2 666F                   EXTS.W      R6,R6
    000001D4 9722                   MOV.W       L26,R7     ; H'00FF
    000001D6 6263                   MOV         R6,R2
    000001D8 2279                   AND         R7,R2
    000001DA 4218                   SHLL8       R2
    000001DC 6641                   MOV.W       @R4,R6
    000001DE 666F                   EXTS.W      R6,R6
    000001E0 D317                   MOV.L       L26+36,R3  ; H'0000FF00
    000001E2 6563                   MOV         R6,R5
    000001E4 2539                   AND         R3,R5
    000001E6 655D                   EXTU.W      R5,R5
    000001E8 6653                   MOV         R5,R6
    000001EA E3F8                   MOV         #-8,R3     ; H'FFFFFFF8
    000001EC 463C                   SHAD        R3,R6
    000001EE 226B                   OR          R6,R2
    000001F0 2421                   MOV.W       R2,@R4
    000001F2 8541                   MOV.W       @(2,R4),R0
    000001F4 6603                   MOV         R0,R6
    000001F6 666F                   EXTS.W      R6,R6
    000001F8 6263                   MOV         R6,R2
    000001FA 2279                   AND         R7,R2
    000001FC 4218                   SHLL8       R2
    000001FE 8541                   MOV.W       @(2,R4),R0
    00000200 6603                   MOV         R0,R6
    00000202 D30F                   MOV.L       L26+36,R3  ; H'0000FF00
    00000204 666F                   EXTS.W      R6,R6
    00000206 6563                   MOV         R6,R5
    00000208 2539                   AND         R3,R5
    0000020A 655D                   EXTU.W      R5,R5
    0000020C 6653                   MOV         R5,R6
    0000020E E3F8                   MOV         #-8,R3     ; H'FFFFFFF8
    00000210 463C                   SHAD        R3,R6
    00000212 226B                   OR          R6,R2
    00000214 6023                   MOV         R2,R0
    00000216 8141                   MOV.W       R0,@(2,R4)
    00000218 000B                   RTS
    0000021A 0009                   NOP
    0000021C              L26:
    0000021C 00FF                   .DATA.W     H'00FF
    0000021E 00000002               .RES.W      1
    00000220 <00000000>             .DATA.L     _dad_dpm_write
    00000224 <00000000>             .DATA.L     _wai_sta_mon_flg
    00000228 <00000000>             .DATA.L     __iob
    0000022C <00000000>             .DATA.L     L27
    00000230 <00000000>             .DATA.L     L28
    00000234 <00000000>             .DATA.L     _fprintf
    00000238 <00000000>             .DATA.L     _abort
    0000023C <00000000>             .DATA.L     _dad_dpm_read
    00000240 0000FF00               .DATA.L     H'0000FF00
    00000244 00FF0000               .DATA.L     H'00FF0000
    00000248 FF000000               .DATA.L     H'FF000000
C   00000000              L27:
    00000000 4153534552             .SDATA      "ASSERTION FAILED: !err FILE %s,LINE %d "
             54494F4E20   
             4641494C45   
             443A202165   
             7272204649   
             4C45202573   
             2C4C494E45   
             20256420     
    00000027 0A00                   .DATA.B     H'0A,H'00
    00000029 00                     .DATAB.B    3,0
    0000002C              L28:
    0000002C 6461646D6F             .SDATA      "dadmon2.c"
             6E322E63     
    00000035 00                     .DATA.B     H'00
SH SERIES C/C++ Compiler (Ver. checker(2003.03.17))                                              10-Nov-2011 18:53:53  PAGE    1


******** STATISTICS INFORMATION ********


********** ERROR INFORMATION ***********

NUMBER OF ERRORS:           0
NUMBER OF WARNINGS:         0
NUMBER OF INFORMATIONS:     0



******* SOURCE LINE INFORMATION ********

COMPILED SOURCE LINE:      121



******* SECTION SIZE INFORMATION *******

PROGRAM  SECTION (P):                               0000024C Byte(s)
CONSTANT SECTION (C):                               00000036 Byte(s)
DATA     SECTION (D):                               00000000 Byte(s)
BSS      SECTION (B):                               00000000 Byte(s)

TOTAL PROGRAM  SECTION: 0000024C Byte(s)
TOTAL CONSTANT SECTION: 00000036 Byte(s)
TOTAL DATA     SECTION: 00000000 Byte(s)
TOTAL BSS      SECTION: 00000000 Byte(s)

    TOTAL PROGRAM SIZE: 00000282 Byte(s)



********** LABEL INFORMATION ***********

NUMBER OF EXTERNAL REFERENCE SYMBOLS:            6
NUMBER OF EXTERNAL DEFINITION SYMBOLS:           1
NUMBER OF INTERNAL/EXTERNAL SYMBOLS:            17
*** COMMAND PARAMETER ***


  -cpu=sh3 -op=0 -en=big -me -debug -comment=nest -l -def=DEBUG,MAS_P5554,MAS_BIG_ENDIAN -i=P:\PRESTO2\SHINC,C:\usr\local\SH\7_1_1\include,P:\PRESTO2\NORTI_12\inc dadmon2.c 

