SH SERIES C/C++ Compiler (Ver. checker(2003.03.17))                                              10-Nov-2011 18:53:51  PAGE    1

************ OBJECT LISTING ************

FILE NAME: dadmon1.c

SCT OFFSET   CODE       C LABEL     INSTRUCTION OPERAND    COMMENT

P   00000000              _dad_stp_dsp_mon:                ; function: dad_stp_dsp_mon
                                                           ; frame size=16
    00000000 2FE6                   MOV.L       R14,@-R15
    00000002 4F22                   STS.L       PR,@-R15
    00000004 7FF8                   ADD         #-8,R15
    00000006 6E43                   MOV         R4,R14
    00000008 E30C                   MOV         #12,R3     ; H'0000000C
    0000000A 2F31                   MOV.W       R3,@R15
    0000000C 64F3                   MOV         R15,R4
    0000000E B016                   BSR         __$chg_ul_bef_write
    00000010 0009                   NOP
    00000012 E702                   MOV         #2,R7      ; H'00000002
    00000014 65F3                   MOV         R15,R5
    00000016 7504                   ADD         #4,R5
    00000018 66F3                   MOV         R15,R6
    0000001A 64E3                   MOV         R14,R4
    0000001C 677F                   EXTS.W      R7,R7
    0000001E D313                   MOV.L       L17+4,R3   ; _dad_dpm_write
    00000020 430B                   JSR         @R3
    00000022 0009                   NOP
    00000024 6203                   MOV         R0,R2
    00000026 4211                   CMP/PZ      R2
    00000028 8902                   BT          L12
    0000002A E2FF                   MOV         #-1,R2     ; H'FFFFFFFF
    0000002C A001                   BRA         L13
    0000002E 0009                   NOP
    00000030              L12:
    00000030 E200                   MOV         #0,R2      ; H'00000000
    00000032              L13:
    00000032 6023                   MOV         R2,R0
    00000034 7F08                   ADD         #8,R15
    00000036 4F26                   LDS.L       @R15+,PR
    00000038 6EF6                   MOV.L       @R15+,R14
    0000003A 000B                   RTS
    0000003C 0009                   NOP
    0000003E              __$chg_ul_bef_write:             ; function: __$chg_ul_bef_write
                                                           ; frame size=0
    0000003E 6641                   MOV.W       @R4,R6
    00000040 666F                   EXTS.W      R6,R6
    00000042 9311                   MOV.W       L17,R3     ; H'00FF
    00000044 6263                   MOV         R6,R2
    00000046 2239                   AND         R3,R2
    00000048 4218                   SHLL8       R2
    0000004A 6641                   MOV.W       @R4,R6
    0000004C 666F                   EXTS.W      R6,R6
    0000004E D308                   MOV.L       L17+8,R3   ; H'0000FF00
    00000050 6563                   MOV         R6,R5
    00000052 2539                   AND         R3,R5
    00000054 655D                   EXTU.W      R5,R5
    00000056 6653                   MOV         R5,R6
    00000058 E3F8                   MOV         #-8,R3     ; H'FFFFFFF8
    0000005A 463C                   SHAD        R3,R6
    0000005C 226B                   OR          R6,R2
    0000005E 2421                   MOV.W       R2,@R4
    00000060 000B                   RTS
    00000062 0009                   NOP
    00000064              __$chg_ul_aft_read:              ; function: __$chg_ul_aft_read
                                                           ; frame size=0
    00000064 000B                   RTS
    00000066 0009                   NOP
    00000068              L17:
    00000068 00FF                   .DATA.W     H'00FF
    0000006A 00000002               .RES.W      1
    0000006C <00000000>             .DATA.L     _dad_dpm_write
    00000070 0000FF00               .DATA.L     H'0000FF00
SH SERIES C/C++ Compiler (Ver. checker(2003.03.17))                                              10-Nov-2011 18:53:51  PAGE    1


******** STATISTICS INFORMATION ********


********** ERROR INFORMATION ***********

NUMBER OF ERRORS:           0
NUMBER OF WARNINGS:         0
NUMBER OF INFORMATIONS:     1



******* SOURCE LINE INFORMATION ********

COMPILED SOURCE LINE:       84



******* SECTION SIZE INFORMATION *******

PROGRAM  SECTION (P):                               00000074 Byte(s)
CONSTANT SECTION (C):                               00000000 Byte(s)
DATA     SECTION (D):                               00000000 Byte(s)
BSS      SECTION (B):                               00000000 Byte(s)

TOTAL PROGRAM  SECTION: 00000074 Byte(s)
TOTAL CONSTANT SECTION: 00000000 Byte(s)
TOTAL DATA     SECTION: 00000000 Byte(s)
TOTAL BSS      SECTION: 00000000 Byte(s)

    TOTAL PROGRAM SIZE: 00000074 Byte(s)



********** LABEL INFORMATION ***********

NUMBER OF EXTERNAL REFERENCE SYMBOLS:            1
NUMBER OF EXTERNAL DEFINITION SYMBOLS:           1
NUMBER OF INTERNAL/EXTERNAL SYMBOLS:             5
*** COMMAND PARAMETER ***


  -cpu=sh3 -op=0 -en=big -me -debug -comment=nest -l -def=DEBUG,MAS_P5554,MAS_BIG_ENDIAN -i=P:\PRESTO2\SHINC,C:\usr\local\SH\7_1_1\include,P:\PRESTO2\NORTI_12\inc dadmon1.c 

