SH SERIES C/C++ Compiler (Ver. checker(2003.03.17))                                              10-Nov-2011 18:53:50  PAGE    1

************ OBJECT LISTING ************

FILE NAME: dadwhd.c

SCT OFFSET   CODE       C LABEL     INSTRUCTION OPERAND    COMMENT

P   00000000              _dad_wei_read:                   ; function: dad_wei_read
                                                           ; frame size=312
    00000000 2FB6                   MOV.L       R11,@-R15
    00000002 2FC6                   MOV.L       R12,@-R15
    00000004 2FD6                   MOV.L       R13,@-R15
    00000006 2FE6                   MOV.L       R14,@-R15
    00000008 4F22                   STS.L       PR,@-R15
    0000000A 939B                   MOV.W       L21,R3     ; H'FEDC
    0000000C 3F3C                   ADD         R3,R15
    0000000E 6B73                   MOV         R7,R11
    00000010 6C63                   MOV         R6,R12
    00000012 6D53                   MOV         R5,R13
    00000014 6E43                   MOV         R4,R14
    00000016 E307                   MOV         #7,R3      ; H'00000007
    00000018 2F31                   MOV.W       R3,@R15
    0000001A 64F3                   MOV         R15,R4
    0000001C B07F                   BSR         __$chg_ul_bef_write
    0000001E 0009                   NOP
    00000020 E702                   MOV         #2,R7      ; H'00000002
    00000022 65F3                   MOV         R15,R5
    00000024 7504                   ADD         #4,R5
    00000026 66F3                   MOV         R15,R6
    00000028 64E3                   MOV         R14,R4
    0000002A 677F                   EXTS.W      R7,R7
    0000002C D3B8                   MOV.L       L22+8,R3   ; _dad_dpm_write
    0000002E 430B                   JSR         @R3
    00000030 0009                   NOP
    00000032 6203                   MOV         R0,R2
    00000034 4211                   CMP/PZ      R2
    00000036 8902                   BT          L12
    00000038 E2FF                   MOV         #-1,R2     ; H'FFFFFFFF
    0000003A A066                   BRA         L13
    0000003C 0009                   NOP
    0000003E              L12:
    0000003E 64F3                   MOV         R15,R4
    00000040 7404                   ADD         #4,R4
    00000042 B089                   BSR         __$chg_ul_aft_read
    00000044 0009                   NOP
    00000046 65F3                   MOV         R15,R5
    00000048 7534                   ADD         #52,R5
    0000004A E630                   MOV         #48,R6     ; H'00000030
    0000004C 64C3                   MOV         R12,R4
    0000004E D3B1                   MOV.L       L22+12,R3  ; _memcpy
    00000050 430B                   JSR         @R3
    00000052 0009                   NOP
    00000054 65F3                   MOV         R15,R5
    00000056 7504                   ADD         #4,R5
    00000058 E630                   MOV         #48,R6     ; H'00000030
    0000005A 64B3                   MOV         R11,R4
    0000005C D3AD                   MOV.L       L22+12,R3  ; _memcpy
    0000005E 430B                   JSR         @R3
    00000060 0009                   NOP
    00000062 65F3                   MOV         R15,R5
    00000064 936F                   MOV.W       L21+2,R3   ; H'0094
    00000066 353C                   ADD         R3,R5
    00000068 E630                   MOV         #48,R6     ; H'00000030
    0000006A 906D                   MOV.W       L21+4,R0   ; H'0138
    0000006C 04FE                   MOV.L       @(R0,R15),R4
    0000006E D3A9                   MOV.L       L22+12,R3  ; _memcpy
    00000070 430B                   JSR         @R3
    00000072 0009                   NOP
    00000074 65F3                   MOV         R15,R5
    00000076 7564                   ADD         #100,R5
    00000078 E630                   MOV         #48,R6     ; H'00000030
    0000007A 9066                   MOV.W       L21+6,R0   ; H'013C
    0000007C 04FE                   MOV.L       @(R0,R15),R4
    0000007E D3A5                   MOV.L       L22+12,R3  ; _memcpy
    00000080 430B                   JSR         @R3
    00000082 0009                   NOP
    00000084 65F3                   MOV         R15,R5
    00000086 9361                   MOV.W       L21+8,R3   ; H'00F4
    00000088 353C                   ADD         R3,R5
    0000008A E630                   MOV         #48,R6     ; H'00000030
    0000008C 905F                   MOV.W       L21+10,R0  ; H'0140
    0000008E 04FE                   MOV.L       @(R0,R15),R4
    00000090 D3A0                   MOV.L       L22+12,R3  ; _memcpy
    00000092 430B                   JSR         @R3
    00000094 0009                   NOP
    00000096 65F3                   MOV         R15,R5
    00000098 935A                   MOV.W       L21+12,R3  ; H'00C4
    0000009A 353C                   ADD         R3,R5
    0000009C E630                   MOV         #48,R6     ; H'00000030
    0000009E 9058                   MOV.W       L21+14,R0  ; H'0144
    000000A0 04FE                   MOV.L       @(R0,R15),R4
    000000A2 D39C                   MOV.L       L22+12,R3  ; _memcpy
    000000A4 430B                   JSR         @R3
    000000A6 0009                   NOP
    000000A8 D69B                   MOV.L       L22+16,R6  ; _dad_afv_err
    000000AA 7608                   ADD         #8,R6
    000000AC 62E3                   MOV         R14,R2
    000000AE 6523                   MOV         R2,R5
    000000B0 4208                   SHLL2       R2
    000000B2 4200                   SHLL        R2
    000000B4 4508                   SHLL2       R5
    000000B6 325C                   ADD         R5,R2
    000000B8 6023                   MOV         R2,R0
    000000BA 056D                   MOV.W       @(R0,R6),R5
    000000BC 655F                   EXTS.W      R5,R5
    000000BE 2558                   TST         R5,R5
    000000C0 891C                   BT          L15
    000000C2 D595                   MOV.L       L22+16,R5  ; _dad_afv_err
    000000C4 62E3                   MOV         R14,R2
    000000C6 6623                   MOV         R2,R6
    000000C8 4208                   SHLL2       R2
    000000CA 4200                   SHLL        R2
    000000CC 4608                   SHLL2       R6
    000000CE 326C                   ADD         R6,R2
    000000D0 352C                   ADD         R2,R5
    000000D2 E60C                   MOV         #12,R6     ; H'0000000C
    000000D4 64D3                   MOV         R13,R4
    000000D6 D38F                   MOV.L       L22+12,R3  ; _memcpy
    000000D8 430B                   JSR         @R3
    000000DA 0009                   NOP
    000000DC D48E                   MOV.L       L22+16,R4  ; _dad_afv_err
    000000DE 62E3                   MOV         R14,R2
    000000E0 6623                   MOV         R2,R6
    000000E2 4208                   SHLL2       R2
    000000E4 4200                   SHLL        R2
    000000E6 4608                   SHLL2       R6
    000000E8 326C                   ADD         R6,R2
    000000EA 342C                   ADD         R2,R4
    000000EC E500                   MOV         #0,R5      ; H'00000000
    000000EE E60C                   MOV         #12,R6     ; H'0000000C
    000000F0 D38A                   MOV.L       L22+20,R3  ; _memset
    000000F2 430B                   JSR         @R3
    000000F4 0009                   NOP
    000000F6 E201                   MOV         #1,R2      ; H'00000001
    000000F8 A007                   BRA         L13
    000000FA 0009                   NOP
    000000FC              L15:
    000000FC E500                   MOV         #0,R5      ; H'00000000
    000000FE E60C                   MOV         #12,R6     ; H'0000000C
    00000100 64D3                   MOV         R13,R4
    00000102 D386                   MOV.L       L22+20,R3  ; _memset
    00000104 430B                   JSR         @R3
    00000106 0009                   NOP
    00000108 E200                   MOV         #0,R2      ; H'00000000
    0000010A              L13:
    0000010A 6023                   MOV         R2,R0
    0000010C 9322                   MOV.W       L21+16,R3  ; H'0124
    0000010E 3F3C                   ADD         R3,R15
    00000110 4F26                   LDS.L       @R15+,PR
    00000112 6EF6                   MOV.L       @R15+,R14
    00000114 6DF6                   MOV.L       @R15+,R13
    00000116 6CF6                   MOV.L       @R15+,R12
    00000118 6BF6                   MOV.L       @R15+,R11
    0000011A 000B                   RTS
    0000011C 0009                   NOP
    0000011E              __$chg_ul_bef_write:             ; function: __$chg_ul_bef_write
                                                           ; frame size=0
    0000011E 6641                   MOV.W       @R4,R6
    00000120 666F                   EXTS.W      R6,R6
    00000122 9318                   MOV.W       L21+18,R3  ; H'00FF
    00000124 6263                   MOV         R6,R2
    00000126 2239                   AND         R3,R2
    00000128 4218                   SHLL8       R2
    0000012A 6641                   MOV.W       @R4,R6
    0000012C 666F                   EXTS.W      R6,R6
    0000012E D37C                   MOV.L       L22+24,R3  ; H'0000FF00
    00000130 6563                   MOV         R6,R5
    00000132 2539                   AND         R3,R5
    00000134 655D                   EXTU.W      R5,R5
    00000136 6653                   MOV         R5,R6
    00000138 E3F8                   MOV         #-8,R3     ; H'FFFFFFF8
    0000013A 463C                   SHAD        R3,R6
    0000013C 226B                   OR          R6,R2
    0000013E 2421                   MOV.W       R2,@R4
    00000140 000B                   RTS
    00000142 0009                   NOP
    00000144              L21:
    00000144 FEDC                   .DATA.W     H'FEDC
    00000146 0094                   .DATA.W     H'0094
    00000148 0138                   .DATA.W     H'0138
    0000014A 013C                   .DATA.W     H'013C
    0000014C 00F4                   .DATA.W     H'00F4
    0000014E 0140                   .DATA.W     H'0140
    00000150 00C4                   .DATA.W     H'00C4
    00000152 0144                   .DATA.W     H'0144
    00000154 0124                   .DATA.W     H'0124
    00000156 00FF                   .DATA.W     H'00FF
    00000158              __$chg_ul_aft_read:              ; function: __$chg_ul_aft_read
                                                           ; frame size=32
    00000158 2F86                   MOV.L       R8,@-R15
    0000015A 2F96                   MOV.L       R9,@-R15
    0000015C 2FA6                   MOV.L       R10,@-R15
    0000015E 2FB6                   MOV.L       R11,@-R15
    00000160 2FC6                   MOV.L       R12,@-R15
    00000162 2FD6                   MOV.L       R13,@-R15
    00000164 2FE6                   MOV.L       R14,@-R15
    00000166 7FFC                   ADD         #-4,R15
    00000168 E200                   MOV         #0,R2      ; H'00000000
    0000016A E318                   MOV         #24,R3     ; H'00000018
    0000016C 3233                   CMP/GE      R3,R2
    0000016E 8B01                   BF          L23
    00000170 A0C0                   BRA         L19
    00000172 0009                   NOP
    00000174              L23:
    00000174              L20:
    00000174 6623                   MOV         R2,R6
    00000176 4600                   SHLL        R6
    00000178 6063                   MOV         R6,R0
    0000017A 054D                   MOV.W       @(R0,R4),R5
    0000017C 655F                   EXTS.W      R5,R5
    0000017E 9EC3                   MOV.W       L22,R14    ; H'00FF
    00000180 6653                   MOV         R5,R6
    00000182 26E9                   AND         R14,R6
    00000184 4618                   SHLL8       R6
    00000186 6723                   MOV         R2,R7
    00000188 6573                   MOV         R7,R5
    0000018A 4500                   SHLL        R5
    0000018C 6053                   MOV         R5,R0
    0000018E 074D                   MOV.W       @(R0,R4),R7
    00000190 677F                   EXTS.W      R7,R7
    00000192 DD63                   MOV.L       L22+24,R13 ; H'0000FF00
    00000194 6573                   MOV         R7,R5
    00000196 25D9                   AND         R13,R5
    00000198 655D                   EXTU.W      R5,R5
    0000019A 6753                   MOV         R5,R7
    0000019C EBF8                   MOV         #-8,R11    ; H'FFFFFFF8
    0000019E 47BC                   SHAD        R11,R7
    000001A0 267B                   OR          R7,R6
    000001A2 6723                   MOV         R2,R7
    000001A4 6573                   MOV         R7,R5
    000001A6 4500                   SHLL        R5
    000001A8 6053                   MOV         R5,R0
    000001AA 0465                   MOV.W       R6,@(R0,R4)
    000001AC 6523                   MOV         R2,R5
    000001AE 6653                   MOV         R5,R6
    000001B0 4600                   SHLL        R6
    000001B2 6543                   MOV         R4,R5
    000001B4 7530                   ADD         #48,R5
    000001B6 6063                   MOV         R6,R0
    000001B8 075D                   MOV.W       @(R0,R5),R7
    000001BA 6673                   MOV         R7,R6
    000001BC 666D                   EXTU.W      R6,R6
    000001BE 6763                   MOV         R6,R7
    000001C0 27E9                   AND         R14,R7
    000001C2 4718                   SHLL8       R7
    000001C4 6623                   MOV         R2,R6
    000001C6 4600                   SHLL        R6
    000001C8 6543                   MOV         R4,R5
    000001CA 7530                   ADD         #48,R5
    000001CC 6063                   MOV         R6,R0
    000001CE 0C5D                   MOV.W       @(R0,R5),R12
    000001D0 66C3                   MOV         R12,R6
    000001D2 666D                   EXTU.W      R6,R6
    000001D4 6C63                   MOV         R6,R12
    000001D6 6573                   MOV         R7,R5
    000001D8 66C3                   MOV         R12,R6
    000001DA 26D9                   AND         R13,R6
    000001DC 46BC                   SHAD        R11,R6
    000001DE 256B                   OR          R6,R5
    000001E0 6723                   MOV         R2,R7
    000001E2 6673                   MOV         R7,R6
    000001E4 4600                   SHLL        R6
    000001E6 6743                   MOV         R4,R7
    000001E8 7730                   ADD         #48,R7
    000001EA 6063                   MOV         R6,R0
    000001EC 0755                   MOV.W       R5,@(R0,R7)
    000001EE 6623                   MOV         R2,R6
    000001F0 4600                   SHLL        R6
    000001F2 6743                   MOV         R4,R7
    000001F4 7760                   ADD         #96,R7
    000001F6 6063                   MOV         R6,R0
    000001F8 057D                   MOV.W       @(R0,R7),R5
    000001FA 655F                   EXTS.W      R5,R5
    000001FC 6653                   MOV         R5,R6
    000001FE 26E9                   AND         R14,R6
    00000200 4618                   SHLL8       R6
    00000202 6723                   MOV         R2,R7
    00000204 6573                   MOV         R7,R5
    00000206 4500                   SHLL        R5
    00000208 6C43                   MOV         R4,R12
    0000020A 7C60                   ADD         #96,R12
    0000020C 6053                   MOV         R5,R0
    0000020E 07CD                   MOV.W       @(R0,R12),R7
    00000210 677F                   EXTS.W      R7,R7
    00000212 6573                   MOV         R7,R5
    00000214 25D9                   AND         R13,R5
    00000216 655D                   EXTU.W      R5,R5
    00000218 6753                   MOV         R5,R7
    0000021A 47BC                   SHAD        R11,R7
    0000021C 267B                   OR          R7,R6
    0000021E 6723                   MOV         R2,R7
    00000220 6573                   MOV         R7,R5
    00000222 4500                   SHLL        R5
    00000224 6743                   MOV         R4,R7
    00000226 7760                   ADD         #96,R7
    00000228 6053                   MOV         R5,R0
    0000022A 0765                   MOV.W       R6,@(R0,R7)
    0000022C 6623                   MOV         R2,R6
    0000022E 4600                   SHLL        R6
    00000230 9A6B                   MOV.W       L22+2,R10  ; H'0090
    00000232 6743                   MOV         R4,R7
    00000234 37AC                   ADD         R10,R7
    00000236 6063                   MOV         R6,R0
    00000238 057D                   MOV.W       @(R0,R7),R5
    0000023A 655D                   EXTU.W      R5,R5
    0000023C 6C53                   MOV         R5,R12
    0000023E 66C3                   MOV         R12,R6
    00000240 26E9                   AND         R14,R6
    00000242 4618                   SHLL8       R6
    00000244 6523                   MOV         R2,R5
    00000246 4500                   SHLL        R5
    00000248 6743                   MOV         R4,R7
    0000024A 37AC                   ADD         R10,R7
    0000024C 6053                   MOV         R5,R0
    0000024E 0C7D                   MOV.W       @(R0,R7),R12
    00000250 67C3                   MOV         R12,R7
    00000252 677D                   EXTU.W      R7,R7
    00000254 6563                   MOV         R6,R5
    00000256 27D9                   AND         R13,R7
    00000258 47BC                   SHAD        R11,R7
    0000025A 257B                   OR          R7,R5
    0000025C 6723                   MOV         R2,R7
    0000025E 6673                   MOV         R7,R6
    00000260 4600                   SHLL        R6
    00000262 6743                   MOV         R4,R7
    00000264 37AC                   ADD         R10,R7
    00000266 6063                   MOV         R6,R0
    00000268 0755                   MOV.W       R5,@(R0,R7)
    0000026A 6523                   MOV         R2,R5
    0000026C 6653                   MOV         R5,R6
    0000026E 4600                   SHLL        R6
    00000270 984C                   MOV.W       L22+4,R8   ; H'00C0
    00000272 6543                   MOV         R4,R5
    00000274 358C                   ADD         R8,R5
    00000276 6063                   MOV         R6,R0
    00000278 075D                   MOV.W       @(R0,R5),R7
    0000027A 677F                   EXTS.W      R7,R7
    0000027C 6673                   MOV         R7,R6
    0000027E 26E9                   AND         R14,R6
    00000280 4618                   SHLL8       R6
    00000282 6C63                   MOV         R6,R12
    00000284 6623                   MOV         R2,R6
    00000286 4600                   SHLL        R6
    00000288 6543                   MOV         R4,R5
    0000028A 358C                   ADD         R8,R5
    0000028C 6063                   MOV         R6,R0
    0000028E 075D                   MOV.W       @(R0,R5),R7
    00000290 677F                   EXTS.W      R7,R7
    00000292 6573                   MOV         R7,R5
    00000294 25D9                   AND         R13,R5
    00000296 655D                   EXTU.W      R5,R5
    00000298 6653                   MOV         R5,R6
    0000029A 65C3                   MOV         R12,R5
    0000029C 46BC                   SHAD        R11,R6
    0000029E 256B                   OR          R6,R5
    000002A0 6723                   MOV         R2,R7
    000002A2 6673                   MOV         R7,R6
    000002A4 4600                   SHLL        R6
    000002A6 6743                   MOV         R4,R7
    000002A8 378C                   ADD         R8,R7
    000002AA 6063                   MOV         R6,R0
    000002AC 0755                   MOV.W       R5,@(R0,R7)
    000002AE 6623                   MOV         R2,R6
    000002B0 4600                   SHLL        R6
    000002B2 992C                   MOV.W       L22+6,R9   ; H'00F0
    000002B4 6543                   MOV         R4,R5
    000002B6 359C                   ADD         R9,R5
    000002B8 6063                   MOV         R6,R0
    000002BA 075D                   MOV.W       @(R0,R5),R7
    000002BC 677D                   EXTU.W      R7,R7
    000002BE 27E9                   AND         R14,R7
    000002C0 4718                   SHLL8       R7
    000002C2 6C73                   MOV         R7,R12
    000002C4 6623                   MOV         R2,R6
    000002C6 4600                   SHLL        R6
    000002C8 6743                   MOV         R4,R7
    000002CA 379C                   ADD         R9,R7
    000002CC 6063                   MOV         R6,R0
    000002CE 057D                   MOV.W       @(R0,R7),R5
    000002D0 655D                   EXTU.W      R5,R5
    000002D2 6653                   MOV         R5,R6
    000002D4 65C3                   MOV         R12,R5
    000002D6 26D9                   AND         R13,R6
    000002D8 46BC                   SHAD        R11,R6
    000002DA 256B                   OR          R6,R5
    000002DC 6623                   MOV         R2,R6
    000002DE 4600                   SHLL        R6
    000002E0 6743                   MOV         R4,R7
    000002E2 379C                   ADD         R9,R7
    000002E4 6063                   MOV         R6,R0
    000002E6 0755                   MOV.W       R5,@(R0,R7)
    000002E8 7201                   ADD         #1,R2
    000002EA E318                   MOV         #24,R3     ; H'00000018
    000002EC 3233                   CMP/GE      R3,R2
    000002EE 8901                   BT          L24
    000002F0 AF40                   BRA         L20
    000002F2 0009                   NOP
    000002F4              L24:
    000002F4              L19:
    000002F4 7F04                   ADD         #4,R15
    000002F6 6EF6                   MOV.L       @R15+,R14
    000002F8 6DF6                   MOV.L       @R15+,R13
    000002FA 6CF6                   MOV.L       @R15+,R12
    000002FC 6BF6                   MOV.L       @R15+,R11
    000002FE 6AF6                   MOV.L       @R15+,R10
    00000300 69F6                   MOV.L       @R15+,R9
    00000302 68F6                   MOV.L       @R15+,R8
    00000304 000B                   RTS
    00000306 0009                   NOP
    00000308              L22:
    00000308 00FF                   .DATA.W     H'00FF
    0000030A 0090                   .DATA.W     H'0090
    0000030C 00C0                   .DATA.W     H'00C0
    0000030E 00F0                   .DATA.W     H'00F0
    00000310 <00000000>             .DATA.L     _dad_dpm_write
    00000314 <00000000>             .DATA.L     _memcpy
    00000318 <00000000>             .DATA.L     _dad_afv_err
    0000031C <00000000>             .DATA.L     _memset
    00000320 0000FF00               .DATA.L     H'0000FF00
SH SERIES C/C++ Compiler (Ver. checker(2003.03.17))                                              10-Nov-2011 18:53:50  PAGE    1


******** STATISTICS INFORMATION ********


********** ERROR INFORMATION ***********

NUMBER OF ERRORS:           0
NUMBER OF WARNINGS:         0
NUMBER OF INFORMATIONS:     0



******* SOURCE LINE INFORMATION ********

COMPILED SOURCE LINE:      144



******* SECTION SIZE INFORMATION *******

PROGRAM  SECTION (P):                               00000324 Byte(s)
CONSTANT SECTION (C):                               00000000 Byte(s)
DATA     SECTION (D):                               00000000 Byte(s)
BSS      SECTION (B):                               00000000 Byte(s)

TOTAL PROGRAM  SECTION: 00000324 Byte(s)
TOTAL CONSTANT SECTION: 00000000 Byte(s)
TOTAL DATA     SECTION: 00000000 Byte(s)
TOTAL BSS      SECTION: 00000000 Byte(s)

    TOTAL PROGRAM SIZE: 00000324 Byte(s)



********** LABEL INFORMATION ***********

NUMBER OF EXTERNAL REFERENCE SYMBOLS:            4
NUMBER OF EXTERNAL DEFINITION SYMBOLS:           1
NUMBER OF INTERNAL/EXTERNAL SYMBOLS:            14
*** COMMAND PARAMETER ***


  -cpu=sh3 -op=0 -en=big -me -debug -comment=nest -l -def=DEBUG,MAS_P5554,MAS_BIG_ENDIAN -i=P:\PRESTO2\SHINC,C:\usr\local\SH\7_1_1\include,P:\PRESTO2\NORTI_12\inc dadwhd.c 

