SH SERIES C/C++ Compiler (Ver. checker(2003.03.17))                                              10-Feb-2005 14:59:17  PAGE    1

************ OBJECT LISTING ************

FILE NAME: flash.c

SCT OFFSET   CODE       C LABEL     INSTRUCTION OPERAND    COMMENT

P   00000000              _flash_write:                    ; function: flash_write
                                                           ; frame size=4
    00000000 4F22                   STS.L       PR,@-R15
    00000002 6253                   MOV         R5,R2
    00000004 622F                   EXTS.W      R2,R2
    00000006 6523                   MOV         R2,R5
    00000008 D315                   MOV.L       L20,R3     ; __flash_write
    0000000A 430B                   JSR         @R3
    0000000C 0009                   NOP
    0000000E 6203                   MOV         R0,R2
    00000010 6023                   MOV         R2,R0
    00000012 4F26                   LDS.L       @R15+,PR
    00000014 000B                   RTS
    00000016 0009                   NOP
    00000018              _sect_erase:                     ; function: sect_erase
                                                           ; frame size=4
    00000018 4F22                   STS.L       PR,@-R15
    0000001A D312                   MOV.L       L20+4,R3   ; __sect_erase
    0000001C 430B                   JSR         @R3
    0000001E 0009                   NOP
    00000020 6203                   MOV         R0,R2
    00000022 6023                   MOV         R2,R0
    00000024 4F26                   LDS.L       @R15+,PR
    00000026 000B                   RTS
    00000028 0009                   NOP
    0000002A              _set_mode:                       ; function: set_mode
                                                           ; frame size=4
    0000002A 4F22                   STS.L       PR,@-R15
    0000002C 6243                   MOV         R4,R2
    0000002E 622D                   EXTU.W      R2,R2
    00000030 6423                   MOV         R2,R4
    00000032 D30D                   MOV.L       L20+8,R3   ; __set_mode
    00000034 430B                   JSR         @R3
    00000036 0009                   NOP
    00000038 4F26                   LDS.L       @R15+,PR
    0000003A 000B                   RTS
    0000003C 0009                   NOP
    0000003E              _set_fladr:                      ; function: set_fladr
                                                           ; frame size=4
    0000003E 4F22                   STS.L       PR,@-R15
    00000040 D30A                   MOV.L       L20+12,R3  ; __set_fladr
    00000042 430B                   JSR         @R3
    00000044 0009                   NOP
    00000046 4F26                   LDS.L       @R15+,PR
    00000048 000B                   RTS
    0000004A 0009                   NOP
    0000004C              _get_polling:                    ; function: get_polling
                                                           ; frame size=4
    0000004C 4F22                   STS.L       PR,@-R15
    0000004E D308                   MOV.L       L20+16,R3  ; __get_polling
    00000050 430B                   JSR         @R3
    00000052 0009                   NOP
    00000054 6603                   MOV         R0,R6
    00000056 626D                   EXTU.W      R6,R2
    00000058 6023                   MOV         R2,R0
    0000005A 4F26                   LDS.L       @R15+,PR
    0000005C 000B                   RTS
    0000005E 0009                   NOP
    00000060              L20:
    00000060 <00000000>             .DATA.L     __flash_write
    00000064 <00000000>             .DATA.L     __sect_erase
    00000068 <00000000>             .DATA.L     __set_mode
    0000006C <00000000>             .DATA.L     __set_fladr
    00000070 <00000000>             .DATA.L     __get_polling
SH SERIES C/C++ Compiler (Ver. checker(2003.03.17))                                              10-Feb-2005 14:59:17  PAGE    1


******** STATISTICS INFORMATION ********


********** ERROR INFORMATION ***********

NUMBER OF ERRORS:           0
NUMBER OF WARNINGS:         0
NUMBER OF INFORMATIONS:     0



******* SOURCE LINE INFORMATION ********

COMPILED SOURCE LINE:       96



******* SECTION SIZE INFORMATION *******

PROGRAM  SECTION (P):                               00000074 Byte(s)
CONSTANT SECTION (C):                               00000000 Byte(s)
DATA     SECTION (D):                               00000000 Byte(s)
BSS      SECTION (B):                               00000000 Byte(s)

TOTAL PROGRAM  SECTION: 00000074 Byte(s)
TOTAL CONSTANT SECTION: 00000000 Byte(s)
TOTAL DATA     SECTION: 00000000 Byte(s)
TOTAL BSS      SECTION: 00000000 Byte(s)

    TOTAL PROGRAM SIZE: 00000074 Byte(s)



********** LABEL INFORMATION ***********

NUMBER OF EXTERNAL REFERENCE SYMBOLS:            5
NUMBER OF EXTERNAL DEFINITION SYMBOLS:           5
NUMBER OF INTERNAL/EXTERNAL SYMBOLS:            11
*** COMMAND PARAMETER ***


  -cpu=sh2 -op=0 -en=big -me -debug -comment=nest -l -def=DEBUG -i=P:\PRESTO2\SHINC,C:\usr\local\SH\7_1_1\include,P:\PRESTO2\NORTI_12\inc flash.c 

