SH SERIES C/C++ Compiler (Ver. checker(2003.03.17))                                              10-Feb-2005 14:59:19  PAGE    1

************ OBJECT LISTING ************

FILE NAME: fpgaio.c

SCT OFFSET   CODE       C LABEL     INSTRUCTION OPERAND    COMMENT

P   00000000              _fifo_init:                      ; function: fifo_init
                                                           ; frame size=4
    00000000 4F22                   STS.L       PR,@-R15
    00000002 D31C                   MOV.L       L22,R3     ; __fifo_init
    00000004 430B                   JSR         @R3
    00000006 0009                   NOP
    00000008 6203                   MOV         R0,R2
    0000000A 6023                   MOV         R2,R0
    0000000C 4F26                   LDS.L       @R15+,PR
    0000000E 000B                   RTS
    00000010 0009                   NOP
    00000012              _fifo_input:                     ; function: fifo_input
                                                           ; frame size=4
    00000012 4F22                   STS.L       PR,@-R15
    00000014 D318                   MOV.L       L22+4,R3   ; __fifo_input
    00000016 430B                   JSR         @R3
    00000018 0009                   NOP
    0000001A 6603                   MOV         R0,R6
    0000001C 626C                   EXTU.B      R6,R2
    0000001E 6023                   MOV         R2,R0
    00000020 4F26                   LDS.L       @R15+,PR
    00000022 000B                   RTS
    00000024 0009                   NOP
    00000026              _fifo_status:                    ; function: fifo_status
                                                           ; frame size=4
    00000026 4F22                   STS.L       PR,@-R15
    00000028 D314                   MOV.L       L22+8,R3   ; __fifo_status
    0000002A 430B                   JSR         @R3
    0000002C 0009                   NOP
    0000002E 6603                   MOV         R0,R6
    00000030 626C                   EXTU.B      R6,R2
    00000032 6023                   MOV         R2,R0
    00000034 4F26                   LDS.L       @R15+,PR
    00000036 000B                   RTS
    00000038 0009                   NOP
    0000003A              _fifo_output:                    ; function: fifo_output
                                                           ; frame size=4
    0000003A 4F22                   STS.L       PR,@-R15
    0000003C 6243                   MOV         R4,R2
    0000003E 622C                   EXTU.B      R2,R2
    00000040 6423                   MOV         R2,R4
    00000042 D30F                   MOV.L       L22+12,R3  ; __fifo_output
    00000044 430B                   JSR         @R3
    00000046 0009                   NOP
    00000048 4F26                   LDS.L       @R15+,PR
    0000004A 000B                   RTS
    0000004C 0009                   NOP
    0000004E              _fifo_msktxrx:                   ; function: fifo_msktxrx
                                                           ; frame size=4
    0000004E 4F22                   STS.L       PR,@-R15
    00000050 6243                   MOV         R4,R2
    00000052 622D                   EXTU.W      R2,R2
    00000054 6423                   MOV         R2,R4
    00000056 D30B                   MOV.L       L22+16,R3  ; __fifo_msktxrx
    00000058 430B                   JSR         @R3
    0000005A 0009                   NOP
    0000005C 4F26                   LDS.L       @R15+,PR
    0000005E 000B                   RTS
    00000060 0009                   NOP
    00000062              _fifo_full:                      ; function: fifo_full
                                                           ; frame size=4
    00000062 4F22                   STS.L       PR,@-R15
    00000064 D308                   MOV.L       L22+20,R3  ; __fifo_full
    00000066 430B                   JSR         @R3
    00000068 0009                   NOP
    0000006A 6203                   MOV         R0,R2
    0000006C 6023                   MOV         R2,R0
    0000006E 4F26                   LDS.L       @R15+,PR
    00000070 000B                   RTS
    00000072 0009                   NOP
    00000074              L22:
    00000074 <00000000>             .DATA.L     __fifo_init
    00000078 <00000000>             .DATA.L     __fifo_input
    0000007C <00000000>             .DATA.L     __fifo_status
    00000080 <00000000>             .DATA.L     __fifo_output
    00000084 <00000000>             .DATA.L     __fifo_msktxrx
    00000088 <00000000>             .DATA.L     __fifo_full
SH SERIES C/C++ Compiler (Ver. checker(2003.03.17))                                              10-Feb-2005 14:59:19  PAGE    1


******** STATISTICS INFORMATION ********


********** ERROR INFORMATION ***********

NUMBER OF ERRORS:           0
NUMBER OF WARNINGS:         0
NUMBER OF INFORMATIONS:     0



******* SOURCE LINE INFORMATION ********

COMPILED SOURCE LINE:       60



******* SECTION SIZE INFORMATION *******

PROGRAM  SECTION (P):                               0000008C Byte(s)
CONSTANT SECTION (C):                               00000000 Byte(s)
DATA     SECTION (D):                               00000000 Byte(s)
BSS      SECTION (B):                               00000000 Byte(s)

TOTAL PROGRAM  SECTION: 0000008C Byte(s)
TOTAL CONSTANT SECTION: 00000000 Byte(s)
TOTAL DATA     SECTION: 00000000 Byte(s)
TOTAL BSS      SECTION: 00000000 Byte(s)

    TOTAL PROGRAM SIZE: 0000008C Byte(s)



********** LABEL INFORMATION ***********

NUMBER OF EXTERNAL REFERENCE SYMBOLS:            6
NUMBER OF EXTERNAL DEFINITION SYMBOLS:           6
NUMBER OF INTERNAL/EXTERNAL SYMBOLS:            13
*** COMMAND PARAMETER ***


  -cpu=sh2 -op=0 -en=big -me -debug -comment=nest -l -def=DEBUG -i=P:\PRESTO2\SHINC,C:\usr\local\SH\7_1_1\include,P:\PRESTO2\NORTI_12\inc fpgaio.c 

