*** SuperH RISC engine ASSEMBLER Ver. 5.1 ***    01/07/08 14:45:02                                                       PAGE     1
PROGRAM NAME =

    1                               1               .FILE       "P:\PRESTO2\shlib_v7\WCU\BIOS\t0029\e2romio.c"
    2                               2               .EXPORT     _e2rom_io
    3                               3               .EXPORT     _e2rom_io_err
    4                               4               .EXPORT     _e2rom_init
    5                               5               .EXPORT     _e2rom_pgwr
    6 00000000                      6               .SECTION    P,CODE,ALIGN=4
    7 00000000                      7     _e2rom_io:                       ; function: e2rom_io
    8                               8                                      ; frame size=0
    9 00000000 4F22                 9               STS.L       PR,@-R15
   10                              10     ;         MOV.L       #H'000000F0,R1
   11                              11     ;         LDC         R1,SR
   12 00000002 C90F                12               AND         #H'0000000F,R0
   13 00000004 4008                13               SHLL2       R0
   14 00000006 D205                14               MOV.L       #jt_e2rom,R2  ;arrangement Top Address
   15 00000008 302C                15               ADD         R2,R0       ;Add offset_Value
   16 0000000A 6302                16               MOV.L       @R0,R3
   17 0000000C 6033                17               MOV.L       R3,R0
   18 0000000E 8800                18               CMP/EQ      #0,R0
   19 00000010 8906                19               BT          e2rom_exit
   20 00000012 400B                20               JSR         @R0
   21 00000014 0009                21               NOP
   22 00000016 4F26                22               LDS.L       @R15+,PR
   23 00000018 000B                23               RTS
   24 0000001A 0009                24               NOP
   25                                     ***** BEGIN-POOL *****
   26 0000001C 00000000                   DATA FOR SOURCE-LINE 14
   27                                     ***** END-POOL *****
   28 00000020                     25     e2rom_exit:
   29 00000020 D004                26               MOV.L       Lrsxxx,R0   ;e2rom_io_err
   30 00000022 400B                27               JSR         @R0
   31 00000024 0009                28               NOP
   32 00000026 D002                29               MOV.L       #-1,R0      ;システムコールの返り値は -1
   33 00000028 4F26                30               LDS.L       @R15+,PR
   34 0000002A 000B                31               RTS                     ;異常終了
   35 0000002C 0009                32               NOP
   36                                     ***** BEGIN-POOL *****
   37 0000002E 0000                       ALIGNMENT CODE
   38 00000030 FFFFFFFF                   DATA FOR SOURCE-LINE 29
   39                                     ***** END-POOL *****
   40 00000034                     33     Lrsxxx:
   41 00000034 00000000            34               .DATA.L     _e2rom_io_err
   42                              35     
   43 00000038                     36               .ALIGN 4
   44 00000038                     37     jt_e2rom:
   45 00000038 00000000            38               .DATA.L     _e2rom_init               ; r0 = 0
   46 0000003C 00000000            39               .DATA.L     _e2rom_pgwr               ;    = 1
   47 00000040 00000000            40               .DATA.L     0             ; none
   48 00000044 00000000            41               .DATA.L     0             ; none
   49 00000048 00000000            42               .DATA.L     0             ; none
   50 0000004C 00000000            43               .DATA.L     0             ; none
   51 00000050 00000000            44               .DATA.L     0             ; none
   52 00000054 00000000            45               .DATA.L     0             ; none
   53 00000058 00000000            46               .DATA.L     0             ; none
   54 0000005C 00000000            47               .DATA.L     0             ; none
   55 00000060 00000000            48               .DATA.L     0             ; none
   56 00000064 00000000            49               .DATA.L     0             ; none
   57 00000068 00000000            50               .DATA.L     0             ; none
*** SuperH RISC engine ASSEMBLER Ver. 5.1 ***    01/07/08 14:45:02                                                       PAGE     2
PROGRAM NAME =

   58 0000006C 00000000            51               .DATA.L     0             ; none
   59 00000070 00000000            52               .DATA.L     0             ; none
   60 00000074 00000000            53               .DATA.L     0             ; none
   61 00000078                     54               .ALIGN      4
   62 00000078 000B                55               RTS
   63 0000007A 0009                56               NOP
   64 0000007C                     57     _e2rom_io_err:                   ; function: e2rom_io_err
   65                              58                                      ; frame size=0
   66 0000007C 000B                59               RTS
   67 0000007E E000                60               MOV         #0,R0      ; H'00000000
   68 00000080                     61     _e2rom_init:                     ; function: e2rom_init
   69                              62                                      ; frame size=0
   70 00000080 E3B0                63               MOV         #-80,R3    ; H'FFFFFFB0
   71 00000082 4318                64               SHLL8       R3
   72 00000084 4328                65               SHLL16      R3
   73 00000086 E10F                66               MOV         #15,R1     ; H'0000000F
   74 00000088 2432                67               MOV.L       R3,@R4
   75 0000008A 2512                68               MOV.L       R1,@R5
   76 0000008C 000B                69               RTS
   77 0000008E E000                70               MOV         #0,R0      ; H'00000000
   78 00000090                     71     _e2rom_pgwr:                     ; function: e2rom_pgwr
   79                              72                                      ; frame size=8
   80 00000090 2FD6                73               MOV.L       R13,@-R15
   81 00000092 2FE6                74               MOV.L       R14,@-R15
   82 00000094 5244                75               MOV.L       @(16,R4),R2
   83 00000096 E3B0                76               MOV         #-80,R3    ; H'FFFFFFB0
   84 00000098 6E43                77               MOV         R4,R14
   85 0000009A 6D42                78               MOV.L       @R4,R13
   86 0000009C 6522                79               MOV.L       @R2,R5
   87 0000009E 4318                80               SHLL8       R3
   88 000000A0 5243                81               MOV.L       @(12,R4),R2
   89 000000A2 4328                82               SHLL16      R3
   90 000000A4 E700                83               MOV         #0,R7      ; H'00000000
   91 000000A6 6122                84               MOV.L       @R2,R1
   92 000000A8 5242                85               MOV.L       @(8,R4),R2
   93 000000AA 3510                86               CMP/EQ      R1,R5
   94 000000AC 6422                87               MOV.L       @R2,R4
   95 000000AE 6643                88               MOV         R4,R6
   96 000000B0 363C                89               ADD         R3,R6
   97 000000B2 8D15                90               BT/S        L14
   98 000000B4 52E1                91               MOV.L       @(4,R14),R2
   99 000000B6 2529                92               AND         R2,R5
  100 000000B8                     93     L16:
  101 000000B8 6053                94               MOV         R5,R0
  102 000000BA 02DC                95               MOV.B       @(R0,R13),R2
  103 000000BC 7501                96               ADD         #1,R5
  104 000000BE 3510                97               CMP/EQ      R1,R5
  105 000000C0 2620                98               MOV.B       R2,@R6
  106 000000C2 7601                99               ADD         #1,R6
  107 000000C4 7401               100               ADD         #1,R4
  108 000000C6 8D03               101               BT/S        L18
  109 000000C8 7701               102               ADD         #1,R7
  110 000000CA 6073               103               MOV         R7,R0
  111 000000CC 8820               104               CMP/EQ      #32,R0
  112 000000CE 8BF3               105               BF          L16
  113 000000D0                    106     L18:
  114 000000D0 52E4               107               MOV.L       @(16,R14),R2
*** SuperH RISC engine ASSEMBLER Ver. 5.1 ***    01/07/08 14:45:02                                                       PAGE     3
PROGRAM NAME =

  115 000000D2 6073               108               MOV         R7,R0
  116 000000D4 2252               109               MOV.L       R5,@R2
  117 000000D6 52E2               110               MOV.L       @(8,R14),R2
  118 000000D8 2242               111               MOV.L       R4,@R2
  119 000000DA                    112     L19:
  120 000000DA 6EF6               113               MOV.L       @R15+,R14
  121 000000DC 000B               114               RTS
  122 000000DE 6DF6               115               MOV.L       @R15+,R13
  123 000000E0                    116     L14:
  124 000000E0 AFFB               117               BRA         L19
  125 000000E2 E0FF               118               MOV         #-1,R0     ; H'FFFFFFFF
  126                             119               .END
  *****TOTAL ERRORS       0
  *****TOTAL WARNINGS     0
*** SuperH RISC engine ASSEMBLER Ver. 5.1 ***    01/07/08 14:45:02                                                       PAGE     4

*** CROSS REFERENCE LIST

NAME                             SECTION  ATTR VALUE             SEQUENCE

L14                              P             000000E0     97   123*
L16                              P             000000B8    100*  112 
L18                              P             000000D0    108   113*
L19                              P             000000DA    119*  124 
Lrsxxx                           P             00000034     29    40*
P                                P        SCT  00000000      6*
_e2rom_init                      P        EXPT 00000080      4    45    68*
_e2rom_io                        P        EXPT 00000000      2     7*
_e2rom_io_err                    P        EXPT 0000007C      3    41    64*
_e2rom_pgwr                      P        EXPT 00000090      5    46    78*
e2rom_exit                       P             00000020     19    28*
jt_e2rom                         P             00000038     14    44*
*** SuperH RISC engine ASSEMBLER Ver. 5.1 ***    01/07/08 14:45:02                                                       PAGE     5

*** SECTION DATA LIST

SECTION                          ATTRIBUTE    SIZE             START

P                                REL-CODE    0000000E4        
