*** SuperH RISC engine ASSEMBLER Ver. 5.1 ***    01/07/08 14:45:03                                                       PAGE     1
PROGRAM NAME =

    1                               1               .FILE       "P:\PRESTO2\shlib_v7\WCU\BIOS\t0029\icuio.c"
    2                               2               .EXPORT     _icu_io
    3                               3               .EXPORT     _icu_io_err
    4                               4               .EXPORT     _dis_icu
    5                               5               .EXPORT     _ena_icu
    6                               6               .EXPORT     _get_ipfw
    7                               7               .EXPORT     _icu_dev_hnt
    8 00000000                      8               .SECTION    P,CODE,ALIGN=4
    9 00000000                      9     _icu_io:                         ; function: icu_io
   10                              10                                      ; frame size=0
   11 00000000 4F22                11               STS.L       PR,@-R15
   12                              12     ;         MOV.L       #H'000000F0,R1
   13                              13     ;         LDC         R1,SR
   14 00000002 C90F                14               AND         #H'0000000F,R0
   15 00000004 4008                15               SHLL2       R0
   16 00000006 D205                16               MOV.L       #jt_icu,R2  ;arrangement Top Address
   17 00000008 302C                17               ADD         R2,R0       ;Add offset_Value
   18 0000000A 6302                18               MOV.L       @R0,R3
   19 0000000C 6033                19               MOV.L       R3,R0
   20 0000000E 8800                20               CMP/EQ      #0,R0
   21 00000010 8906                21               BT          icu_exit
   22 00000012 400B                22               JSR         @R0
   23 00000014 0009                23               NOP
   24 00000016 4F26                24               LDS.L       @R15+,PR
   25 00000018 000B                25               RTS
   26 0000001A 0009                26               NOP
   27                                     ***** BEGIN-POOL *****
   28 0000001C 00000000                   DATA FOR SOURCE-LINE 16
   29                                     ***** END-POOL *****
   30 00000020                     27     icu_exit:
   31 00000020 D004                28               MOV.L       Lrsxxx,R0   ;icu_io_err
   32 00000022 400B                29               JSR         @R0
   33 00000024 0009                30               NOP
   34 00000026 D002                31               MOV.L       #-1,R0      ;システムコールの返り値は -1
   35 00000028 4F26                32               LDS.L       @R15+,PR
   36 0000002A 000B                33               RTS                     ;異常終了
   37 0000002C 0009                34               NOP
   38                                     ***** BEGIN-POOL *****
   39 0000002E 0000                       ALIGNMENT CODE
   40 00000030 FFFFFFFF                   DATA FOR SOURCE-LINE 31
   41                                     ***** END-POOL *****
   42 00000034                     35     Lrsxxx:
   43 00000034 00000000            36               .DATA.L     _icu_io_err
   44                              37     
   45 00000038                     38               .ALIGN 4
   46 00000038                     39     jt_icu:
   47 00000038 00000000            40               .DATA.L     _dis_icu          ; r0 = 0
   48 0000003C 00000000            41               .DATA.L     _ena_icu          ;    = 1
   49 00000040 00000000            42               .DATA.L     _get_ipfw         ;    = 2
   50 00000044 00000000            43               .DATA.L     _icu_dev_hnt      ;    = 3
   51 00000048 00000000            44               .DATA.L     0             ; none
   52 0000004C 00000000            45               .DATA.L     0             ; none
   53 00000050 00000000            46               .DATA.L     0             ; none
   54 00000054 00000000            47               .DATA.L     0             ; none
   55 00000058 00000000            48               .DATA.L     0             ; none
   56 0000005C 00000000            49               .DATA.L     0             ; none
   57 00000060 00000000            50               .DATA.L     0             ; none
*** SuperH RISC engine ASSEMBLER Ver. 5.1 ***    01/07/08 14:45:03                                                       PAGE     2
PROGRAM NAME =

   58 00000064 00000000            51               .DATA.L     0             ; none
   59 00000068 00000000            52               .DATA.L     0             ; none
   60 0000006C 00000000            53               .DATA.L     0             ; none
   61 00000070 00000000            54               .DATA.L     0             ; none
   62 00000074 00000000            55               .DATA.L     0             ; none
   63 00000078                     56               .ALIGN      4
   64 00000078 000B                57               RTS
   65 0000007A 0009                58               NOP
   66 0000007C                     59     _icu_io_err:                     ; function: icu_io_err
   67                              60                                      ; frame size=0
   68 0000007C 000B                61               RTS
   69 0000007E E0FF                62               MOV         #-1,R0     ; H'FFFFFFFF
   70 00000080                     63     _dis_icu:                        ; function: dis_icu
   71                              64                                      ; frame size=0
   72 00000080 000B                65               RTS
   73 00000082 E000                66               MOV         #0,R0      ; H'00000000
   74 00000084                     67     _ena_icu:                        ; function: ena_icu
   75                              68                                      ; frame size=0
   76 00000084 000B                69               RTS
   77 00000086 E000                70               MOV         #0,R0      ; H'00000000
   78 00000088                     71     _get_ipfw:                       ; function: get_ipfw
   79                              72                                      ; frame size=0
   80 00000088 000B                73               RTS
   81 0000008A E000                74               MOV         #0,R0      ; H'00000000
   82 0000008C                     75     _icu_dev_hnt:                    ; function: icu_dev_hnt
   83                              76                                      ; frame size=0
   84 0000008C 000B                77               RTS
   85 0000008E E000                78               MOV         #0,R0      ; H'00000000
   86                              79               .END
  *****TOTAL ERRORS       0
  *****TOTAL WARNINGS     0
*** SuperH RISC engine ASSEMBLER Ver. 5.1 ***    01/07/08 14:45:03                                                       PAGE     3

*** CROSS REFERENCE LIST

NAME                             SECTION  ATTR VALUE             SEQUENCE

Lrsxxx                           P             00000034     31    42*
P                                P        SCT  00000000      8*
_dis_icu                         P        EXPT 00000080      4    47    70*
_ena_icu                         P        EXPT 00000084      5    48    74*
_get_ipfw                        P        EXPT 00000088      6    49    78*
_icu_dev_hnt                     P        EXPT 0000008C      7    50    82*
_icu_io                          P        EXPT 00000000      2     9*
_icu_io_err                      P        EXPT 0000007C      3    43    66*
icu_exit                         P             00000020     21    30*
jt_icu                           P             00000038     16    46*
*** SuperH RISC engine ASSEMBLER Ver. 5.1 ***    01/07/08 14:45:03                                                       PAGE     4

*** SECTION DATA LIST

SECTION                          ATTRIBUTE    SIZE             START

P                                REL-CODE    000000090        
