*** SuperH RISC engine ASSEMBLER Ver. 5.1 ***    01/07/08 14:45:04                                                       PAGE     1
PROGRAM NAME =

    1                               1               .FILE       "P:\PRESTO2\shlib_v7\WCU\BIOS\t0029\rtcio.c"
    2                               2               .EXPORT     _rtc_io
    3                               3               .EXPORT     _rtc_io_err
    4                               4               .EXPORT     _rtc_io_init
    5                               5               .EXPORT     _rtc_io_sdate
    6                               6               .EXPORT     _rtc_io_gdate
    7                               7               .EXPORT     _rtc_io_stime
    8                               8               .EXPORT     _rtc_io_gtime
    9 00000000                      9               .SECTION    P,CODE,ALIGN=4
   10 00000000                     10     _rtc_io:                         ; function: rtc_io
   11                              11                                      ; frame size=0
   12 00000000 4F22                12               STS.L       PR,@-R15
   13                              13     ;         MOV.L       #H'000000F0,R1
   14                              14     ;         LDC         R1,SR
   15 00000002 C90F                15               AND         #H'0000000F,R0
   16 00000004 4008                16               SHLL2       R0
   17 00000006 D205                17               MOV.L       #jt_rtc,R2  ;arrangement Top Address
   18 00000008 302C                18               ADD         R2,R0       ;Add offset_Value
   19 0000000A 6302                19               MOV.L       @R0,R3
   20 0000000C 6033                20               MOV.L       R3,R0
   21 0000000E 8800                21               CMP/EQ      #0,R0
   22 00000010 8906                22               BT          rtc_exit
   23 00000012 400B                23               JSR         @R0
   24 00000014 0009                24               NOP
   25 00000016 4F26                25               LDS.L       @R15+,PR
   26 00000018 000B                26               RTS
   27 0000001A 0009                27               NOP
   28                                     ***** BEGIN-POOL *****
   29 0000001C 00000000                   DATA FOR SOURCE-LINE 17
   30                                     ***** END-POOL *****
   31 00000020                     28     rtc_exit:
   32 00000020 D004                29               MOV.L       Lrsxxx,R0   ;rtc_io_err
   33 00000022 400B                30               JSR         @R0
   34 00000024 0009                31               NOP
   35 00000026 D002                32               MOV.L       #-1,R0      ;システムコールの返り値は -1
   36 00000028 4F26                33               LDS.L       @R15+,PR
   37 0000002A 000B                34               RTS                     ;異常終了
   38 0000002C 0009                35               NOP
   39                                     ***** BEGIN-POOL *****
   40 0000002E 0000                       ALIGNMENT CODE
   41 00000030 FFFFFFFF                   DATA FOR SOURCE-LINE 32
   42                                     ***** END-POOL *****
   43 00000034                     36     Lrsxxx:
   44 00000034 00000000            37               .DATA.L     _rtc_io_err
   45                              38     
   46 00000038                     39               .ALIGN 4
   47 00000038                     40     jt_rtc:
   48 00000038 00000000            41               .DATA.L     _rtc_io_init              ; r0 = 0
   49 0000003C 00000000            42               .DATA.L     _rtc_io_sdate             ;    = 1
   50 00000040 00000000            43               .DATA.L     _rtc_io_gdate             ;    = 2
   51 00000044 00000000            44               .DATA.L     _rtc_io_stime             ;    = 3
   52 00000048 00000000            45               .DATA.L     _rtc_io_gtime             ;    = 4
   53 0000004C 00000000            46               .DATA.L     0             ; none
   54 00000050 00000000            47               .DATA.L     0             ; none
   55 00000054 00000000            48               .DATA.L     0             ; none
   56 00000058 00000000            49               .DATA.L     0             ; none
   57 0000005C 00000000            50               .DATA.L     0             ; none
*** SuperH RISC engine ASSEMBLER Ver. 5.1 ***    01/07/08 14:45:04                                                       PAGE     2
PROGRAM NAME =

   58 00000060 00000000            51               .DATA.L     0             ; none
   59 00000064 00000000            52               .DATA.L     0             ; none
   60 00000068 00000000            53               .DATA.L     0             ; none
   61 0000006C 00000000            54               .DATA.L     0             ; none
   62 00000070 00000000            55               .DATA.L     0             ; none
   63 00000074 00000000            56               .DATA.L     0             ; none
   64 00000078                     57               .ALIGN      4
   65 00000078 000B                58               RTS
   66 0000007A 0009                59               NOP
   67 0000007C                     60     _rtc_io_err:                     ; function: rtc_io_err
   68                              61                                      ; frame size=0
   69 0000007C 000B                62               RTS
   70 0000007E E000                63               MOV         #0,R0      ; H'00000000
   71 00000080                     64     _rtc_io_init:                    ; function: rtc_io_init
   72                              65                                      ; frame size=0
   73 00000080 E0FF                66               MOV         #-1,R0     ; H'FFFFFFFF
   74 00000082 4018                67               SHLL8       R0
   75 00000084 000B                68               RTS
   76 00000086 70C0                69               ADD         #-64,R0
   77 00000088                     70     _rtc_io_sdate:                   ; function: rtc_io_sdate
   78                              71                                      ; frame size=0
   79 00000088 000B                72               RTS
   80 0000008A E000                73               MOV         #0,R0      ; H'00000000
   81 0000008C                     74     _rtc_io_gdate:                   ; function: rtc_io_gdate
   82                              75                                      ; frame size=0
   83 0000008C 000B                76               RTS
   84 0000008E E000                77               MOV         #0,R0      ; H'00000000
   85 00000090                     78     _rtc_io_stime:                   ; function: rtc_io_stime
   86                              79                                      ; frame size=0
   87 00000090 000B                80               RTS
   88 00000092 E000                81               MOV         #0,R0      ; H'00000000
   89 00000094                     82     _rtc_io_gtime:                   ; function: rtc_io_gtime
   90                              83                                      ; frame size=0
   91 00000094 000B                84               RTS
   92 00000096 E000                85               MOV         #0,R0      ; H'00000000
   93                              86               .END
  *****TOTAL ERRORS       0
  *****TOTAL WARNINGS     0
*** SuperH RISC engine ASSEMBLER Ver. 5.1 ***    01/07/08 14:45:04                                                       PAGE     3

*** CROSS REFERENCE LIST

NAME                             SECTION  ATTR VALUE             SEQUENCE

Lrsxxx                           P             00000034     32    43*
P                                P        SCT  00000000      9*
_rtc_io                          P        EXPT 00000000      2    10*
_rtc_io_err                      P        EXPT 0000007C      3    44    67*
_rtc_io_gdate                    P        EXPT 0000008C      6    50    81*
_rtc_io_gtime                    P        EXPT 00000094      8    52    89*
_rtc_io_init                     P        EXPT 00000080      4    48    71*
_rtc_io_sdate                    P        EXPT 00000088      5    49    77*
_rtc_io_stime                    P        EXPT 00000090      7    51    85*
jt_rtc                           P             00000038     17    47*
rtc_exit                         P             00000020     22    31*
*** SuperH RISC engine ASSEMBLER Ver. 5.1 ***    01/07/08 14:45:04                                                       PAGE     4

*** SECTION DATA LIST

SECTION                          ATTRIBUTE    SIZE             START

P                                REL-CODE    000000098        
