*** SuperH RISC engine ASSEMBLER Ver. 5.1 ***    01/07/08 14:44:58                                                       PAGE     1
PROGRAM NAME =

    1                               1     ;*----------------------------------------------------------------------*;
    2                               2     ;* File name    : sect.asm      /                                       *;
    3                               3     ;*----------------------------------------------------------------------*;
    4                               4     ;*$Header: p:/presto2/shlib_v7/wcu/bios/src/rcs/sect.asm 1.1 1970/01/01 00:00:00 chimura E
    5                               5     ;*$Log: sect.asm $
    6                               6     ; ÉäÉrÉWÉáÉì 1.1  1970/01/01  00:00:00  chimura
    7                               7     ; èâä˙ÉäÉrÉWÉáÉì
    8                               8     ;
    9                               9     ;*----------------------------------------------------------------------
   10                              10     ;*              (c) Copyright 2002, ISHIDA CO., LTD.
   11                              11     ;*              959-1 SHIMOMAGARI RITTO-CITY SHIGA JAPAN
   12                              12     ;*              (077) 553-4141
   13                              13     ;*----------------------------------------------------------------------*;
   14                              14     ;* Function                                                             *;
   15                              15     ;*----------------------------------------------------------------------*;
   16                              16     ;
   17 00000000                     17             .SECTION B,DATA,ALIGN=4
   18 00000000                     18             .SECTION R,DATA,ALIGN=4
   19 00000000                     19             .SECTION D,DATA,ALIGN=4
   20                              20     ; If other section are existed , Insert here Åg.SECTION XXXÅh,
   21 00000000                     21             .SECTION C,DATA,ALIGN=4
   22 00000000 00000000            22     __B_BGN: .DATA.L (STARTOF B)
   23 00000004 00000000            23     __B_END: .DATA.L (STARTOF B)+(SIZEOF B)
   24 00000008 00000000            24     __D_BGN: .DATA.L (STARTOF R)
   25 0000000C 00000000            25     __D_END: .DATA.L (STARTOF R)+(SIZEOF R)
   26 00000010 00000000            26     __D_ROM: .DATA.L (STARTOF D)
   27                              27             .EXPORT __B_BGN
   28                              28             .EXPORT __B_END
   29                              29             .EXPORT __D_BGN
   30                              30             .EXPORT __D_END
   31                              31             .EXPORT __D_ROM
   32                              32             .END
  *****TOTAL ERRORS       0
  *****TOTAL WARNINGS     0
*** SuperH RISC engine ASSEMBLER Ver. 5.1 ***    01/07/08 14:44:58                                                       PAGE     2

*** CROSS REFERENCE LIST

NAME                             SECTION  ATTR VALUE             SEQUENCE

B                                B        SCT  00000000     17*   22    23    23 
C                                C        SCT  00000000     21*
D                                D        SCT  00000000     19*   26 
R                                R        SCT  00000000     18*   24    25    25 
__B_BGN                          C        EXPT 00000000     22*   27 
__B_END                          C        EXPT 00000004     23*   28 
__D_BGN                          C        EXPT 00000008     24*   29 
__D_END                          C        EXPT 0000000C     25*   30 
__D_ROM                          C        EXPT 00000010     26*   31 
*** SuperH RISC engine ASSEMBLER Ver. 5.1 ***    01/07/08 14:44:58                                                       PAGE     3

*** SECTION DATA LIST

SECTION                          ATTRIBUTE    SIZE             START

B                                REL-DATA    000000000        
R                                REL-DATA    000000000        
D                                REL-DATA    000000000        
C                                REL-DATA    000000014        
