SH SERIES C/C++ Compiler (Ver. checker(2003.03.17))                                              07-Jan-2008 14:44:59  PAGE    1

************ OBJECT LISTING ************

FILE NAME: setup.c

SCT OFFSET   CODE       C LABEL     INSTRUCTION OPERAND    COMMENT

         setup.c     1    /*======================================================================
         setup.c     2     * File name    : setup.c
         setup.c     3     * Original     : 
         setup.c     4     *----------------------------------------------------------------------
         setup.c     5     * Function     :
         setup.c     6     *----------------------------------------------------------------------
         setup.c     7     *$Header: p:/presto2/shlib_v7/wcu/bios/src/rcs/setup.c 1.1.29.1 1970/01/01 00:00:00 chimura Exp $
         setup.c     8     *$Log: setup.c $
         setup.c     9     * リビジョン 1.1.29.1  1970/01/01  00:00:00  chimura
         setup.c    10     * 2004/06/19 16:30
         setup.c    11     * 57Kでシリアルポートを初期化する。
         setup.c    12     * 
         setup.c    13     * リビジョン 1.1  1970/01/01  00:00:00  chimura
         setup.c    14     * 初期リビジョン
         setup.c    15     * 
         setup.c    16     *----------------------------------------------------------------------
         setup.c    17     *              (c) Copyright 2002, ISHIDA CO., LTD.
         setup.c    18     *              959-1 SHIMOMAGARI RITTO-CITY SHIGA JAPAN
         setup.c    19     *              (077) 553-4141
         setup.c    20     *======================================================================
         setup.c    21     */
         setup.c    22    /*#define       APL_SECT        (0xc010000)*/
         setup.c    23    #define BOTT_SECT       
         setup.c    24    
         setup.c    25    #define RQ15_P          (16-1)
         setup.c    26    int     scu_io_baud(int,int);
         setup.c    27    int     *scu_io_init(int, int, int,int);
         setup.c    28    /*======================================================================
         setup.c    29     *      セクション初期化
         setup.c    30     *----------------------------------------------------------------------
         setup.c    31    */
         setup.c    32    static void INITSCT(void)
         setup.c    33    {
         setup.c    34            extern int *_D_ROM, *_B_BGN, *_B_END, *_D_BGN, *_D_END;
         setup.c    35            int     *p, *q;
         setup.c    36    
         setup.c    37            for(p=_D_BGN, q=_D_ROM; p<_D_END; p++, q++) *p=*q;      /* SECTION (D)  */
         setup.c    38            for(p=_B_BGN; p<_B_END; p++) *p=0;                      /* SECTION (B)  */
         setup.c    39    }
         setup.c    40    typedef void    (*V_FUNC)();
         setup.c    41    typedef struct  apl_info {
         setup.c    42            void    *apl_start;
         setup.c    43            void    *vect_no;
         setup.c    44            V_FUNC  *vecter_adr;
         setup.c    45    };
         setup.c    46    void
         setup.c    47    init_setup(void)
P   00000000              _init_setup:                     ; function: init_setup
                                                           ; frame size=32
    00000000 2FE6                   MOV.L       R14,@-R15
    00000002 4F22                   STS.L       PR,@-R15
    00000004 7FE8                   ADD         #-24,R15
         setup.c    48    {
         setup.c    49            extern void (*hard_int_tbl[])();
         setup.c    50            extern void init_registers(void);
         setup.c    51            extern void init_fpga(void);
         setup.c    52            struct  apl_info        *p;
         setup.c    53            V_FUNC                  *vec;
         setup.c    54            int                     i;
         setup.c    55            void                    (*apl)();
         setup.c    56            init_registers();
    00000006 D226                   MOV.L       L22+2,R2   ; _init_registers
    00000008 420B                   JSR         @R2
    0000000A 0009                   NOP
    0000000C D225                   MOV.L       L22+6,R2   ; __D_BGN
    0000000E D426                   MOV.L       L22+10,R4  ; __D_END
    00000010 6622                   MOV.L       @R2,R6
    00000012 D226                   MOV.L       L22+14,R2  ; __D_ROM
    00000014 6522                   MOV.L       @R2,R5
    00000016 6242                   MOV.L       @R4,R2
    00000018 3622                   CMP/HS      R2,R6
    0000001A 8D07                   BT/S        L11
    0000001C 2F52                   MOV.L       R5,@R15
    0000001E              L12:
    0000001E 6256                   MOV.L       @R5+,R2
    00000020 2F52                   MOV.L       R5,@R15
    00000022 2622                   MOV.L       R2,@R6
    00000024 7604                   ADD         #4,R6
    00000026 6242                   MOV.L       @R4,R2
    00000028 3622                   CMP/HS      R2,R6
    0000002A 8BF8                   BF          L12
    0000002C              L11:
    0000002C D620                   MOV.L       L22+18,R6  ; __B_BGN
    0000002E D421                   MOV.L       L22+22,R4  ; __B_END
    00000030 6262                   MOV.L       @R6,R2
    00000032 6642                   MOV.L       @R4,R6
    00000034 3262                   CMP/HS      R6,R2
    00000036 8D07                   BT/S        L14
    00000038 1F25                   MOV.L       R2,@(20,R15)
    0000003A E600                   MOV         #0,R6      ; H'00000000
    0000003C              L15:
    0000003C 2262                   MOV.L       R6,@R2
    0000003E 7204                   ADD         #4,R2
    00000040 6542                   MOV.L       @R4,R5
    00000042 3252                   CMP/HS      R5,R2
    00000044 8FFA                   BF/S        L15
    00000046 1F25                   MOV.L       R2,@(20,R15)
    00000048              L14:
         setup.c    57            INITSCT();
         setup.c    58            scu_io_baud(0,6);
    00000048 D21B                   MOV.L       L22+26,R2  ; _scu_io_baud
    0000004A E400                   MOV         #0,R4      ; H'00000000
    0000004C 420B                   JSR         @R2
    0000004E E506                   MOV         #6,R5      ; H'00000006
         setup.c    59            scu_io_init(0,1,0,0);
    00000050 D21A                   MOV.L       L22+30,R2  ; _scu_io_init
    00000052 E400                   MOV         #0,R4      ; H'00000000
    00000054 E501                   MOV         #1,R5      ; H'00000001
    00000056 6643                   MOV         R4,R6
    00000058 6743                   MOV         R4,R7
         setup.c    60            init_fpga();
         setup.c    61  E         p = (struct apl_info *)0x00010000;
    0000005A 420B                   JSR         @R2
    0000005C EE01                   MOV         #1,R14     ; H'00000001
    0000005E D218                   MOV.L       L22+34,R2  ; _init_fpga
    00000060 4E28                   SHLL16      R14
    00000062 420B                   JSR         @R2
    00000064 1FE1                   MOV.L       R14,@(4,R15)
         setup.c    62            vec = p->vecter_adr;
    00000066 54E2                   MOV.L       @(8,R14),R4
         setup.c    63            for(i = *(int *)p->vect_no; i; i--) {
    00000068 52E1                   MOV.L       @(4,R14),R2
    0000006A 1F42                   MOV.L       R4,@(8,R15)
    0000006C 6522                   MOV.L       @R2,R5
    0000006E 2558                   TST         R5,R5
    00000070 8D0A                   BT/S        L17
    00000072 1F53                   MOV.L       R5,@(12,R15)
    00000074 D713                   MOV.L       L22+38,R7  ; _hard_int_tbl
    00000076 773C                   ADD         #60,R7
    00000078              L18:
    00000078 6646                   MOV.L       @R4+,R6
    0000007A 6053                   MOV         R5,R0
    0000007C 4008                   SHLL2       R0
    0000007E 4510                   DT          R5
    00000080 1F42                   MOV.L       R4,@(8,R15)
    00000082 0766                   MOV.L       R6,@(R0,R7)
    00000084 8FF8                   BF/S        L18
    00000086 1F53                   MOV.L       R5,@(12,R15)
    00000088              L17:
         setup.c    64  E                 hard_int_tbl[i+(16-1)] = *vec++;
         setup.c    65            }
         setup.c    66            apl = p->apl_start;
    00000088 62E2                   MOV.L       @R14,R2
         setup.c    67            apl();
    0000008A 420B                   JSR         @R2
    0000008C 1F24                   MOV.L       R2,@(16,R15)
    0000008E              L19:
    0000008E AFFE                   BRA         L19
    00000090 0009                   NOP
    00000092 7F18                   ADD         #24,R15
    00000094 4F26                   LDS.L       @R15+,PR
    00000096 000B                   RTS
    00000098 6EF6                   MOV.L       @R15+,R14
         setup.c    68            for(;;);
         setup.c    69    }
         setup.c    70    
         setup.c    71    void
         setup.c    72    halt(void)
    0000009A              _halt:                           ; function: halt
                                                           ; frame size=0
    0000009A 000B                   RTS
    0000009C 0009                   NOP
    0000009E              L22:
    0000009E 00000002               .RES.W      1
    000000A0 <00000000>             .DATA.L     _init_registers
    000000A4 <00000000>             .DATA.L     __D_BGN
    000000A8 <00000000>             .DATA.L     __D_END
    000000AC <00000000>             .DATA.L     __D_ROM
    000000B0 <00000000>             .DATA.L     __B_BGN
    000000B4 <00000000>             .DATA.L     __B_END
    000000B8 <00000000>             .DATA.L     _scu_io_baud
    000000BC <00000000>             .DATA.L     _scu_io_init
    000000C0 <00000000>             .DATA.L     _init_fpga
    000000C4 <00000000>             .DATA.L     _hard_int_tbl
SH SERIES C/C++ Compiler (Ver. checker(2003.03.17))                                              07-Jan-2008 14:44:59  PAGE    1


******** STATISTICS INFORMATION ********


********** ERROR INFORMATION ***********

NUMBER OF ERRORS:           0
NUMBER OF WARNINGS:         0
NUMBER OF INFORMATIONS:     0



******* SOURCE LINE INFORMATION ********

COMPILED SOURCE LINE:       74



******* SECTION SIZE INFORMATION *******

PROGRAM  SECTION (P):                               000000C8 Byte(s)
CONSTANT SECTION (C):                               00000000 Byte(s)
DATA     SECTION (D):                               00000000 Byte(s)
BSS      SECTION (B):                               00000000 Byte(s)

TOTAL PROGRAM  SECTION: 000000C8 Byte(s)
TOTAL CONSTANT SECTION: 00000000 Byte(s)
TOTAL DATA     SECTION: 00000000 Byte(s)
TOTAL BSS      SECTION: 00000000 Byte(s)

    TOTAL PROGRAM SIZE: 000000C8 Byte(s)



********** LABEL INFORMATION ***********

NUMBER OF EXTERNAL REFERENCE SYMBOLS:           10
NUMBER OF EXTERNAL DEFINITION SYMBOLS:           2
NUMBER OF INTERNAL/EXTERNAL SYMBOLS:            20
*** COMMAND PARAMETER ***


  -nodebug -op=1 -cpu=sh3 -sp -mess -comm=nonest -sh=e -l -i=P:\PRESTO2\SHINC,p:\presto\hew\tools\hitachi\SH\7_1_1\include,P:\presto2\norti_12\inc -def=APL_SECT=0x00010000 setup.c 

