*** SuperH RISC engine ASSEMBLER Ver. 5.1 ***    01/07/08 14:45:05                                                       PAGE     1
PROGRAM NAME =

    1                               1               .FILE       "P:\PRESTO2\shlib_v7\WCU\BIOS\t0029\sramio.c"
    2                               2               .EXPORT     _sram_io
    3                               3               .EXPORT     _sram_io_err
    4                               4               .EXPORT     _sram_io_init
    5 00000000                      5               .SECTION    P,CODE,ALIGN=4
    6 00000000                      6     _sram_io:                        ; function: sram_io
    7                               7                                      ; frame size=0
    8 00000000 4F22                 8               STS.L       PR,@-R15
    9                               9     ;         MOV.L       #H'000000F0,R1
   10                              10     ;         LDC         R1,SR
   11 00000002 C90F                11               AND         #H'0000000F,R0
   12 00000004 4008                12               SHLL2       R0
   13 00000006 D205                13               MOV.L       #jt_sram,R2  ;arrangement Top Address
   14 00000008 302C                14               ADD         R2,R0       ;Add offset_Value
   15 0000000A 6302                15               MOV.L       @R0,R3
   16 0000000C 6033                16               MOV.L       R3,R0
   17 0000000E 8800                17               CMP/EQ      #0,R0
   18 00000010 8906                18               BT          sram_exit
   19 00000012 400B                19               JSR         @R0
   20 00000014 0009                20               NOP
   21 00000016 4F26                21               LDS.L       @R15+,PR
   22 00000018 000B                22               RTS
   23 0000001A 0009                23               NOP
   24                                     ***** BEGIN-POOL *****
   25 0000001C 00000000                   DATA FOR SOURCE-LINE 13
   26                                     ***** END-POOL *****
   27 00000020                     24     sram_exit:
   28 00000020 D004                25               MOV.L       Lrsxxx,R0   ;sram_io_err
   29 00000022 400B                26               JSR         @R0
   30 00000024 0009                27               NOP
   31 00000026 D002                28               MOV.L       #-1,R0      ;システムコールの返り値は -1
   32 00000028 4F26                29               LDS.L       @R15+,PR
   33 0000002A 000B                30               RTS                     ;異常終了
   34 0000002C 0009                31               NOP
   35                                     ***** BEGIN-POOL *****
   36 0000002E 0000                       ALIGNMENT CODE
   37 00000030 FFFFFFFF                   DATA FOR SOURCE-LINE 28
   38                                     ***** END-POOL *****
   39 00000034                     32     Lrsxxx:
   40 00000034 00000000            33               .DATA.L     _sram_io_err
   41                              34     
   42 00000038                     35               .ALIGN 4
   43 00000038                     36     jt_sram:
   44 00000038 00000000            37               .DATA.L     _sram_io_init             ; r0 = 0
   45 0000003C 00000000            38               .DATA.L     0             ; none
   46 00000040 00000000            39               .DATA.L     0             ; none
   47 00000044 00000000            40               .DATA.L     0             ; none
   48 00000048 00000000            41               .DATA.L     0             ; none
   49 0000004C 00000000            42               .DATA.L     0             ; none
   50 00000050 00000000            43               .DATA.L     0             ; none
   51 00000054 00000000            44               .DATA.L     0             ; none
   52 00000058 00000000            45               .DATA.L     0             ; none
   53 0000005C 00000000            46               .DATA.L     0             ; none
   54 00000060 00000000            47               .DATA.L     0             ; none
   55 00000064 00000000            48               .DATA.L     0             ; none
   56 00000068 00000000            49               .DATA.L     0             ; none
   57 0000006C 00000000            50               .DATA.L     0             ; none
*** SuperH RISC engine ASSEMBLER Ver. 5.1 ***    01/07/08 14:45:05                                                       PAGE     2
PROGRAM NAME =

   58 00000070 00000000            51               .DATA.L     0             ; none
   59 00000074 00000000            52               .DATA.L     0             ; none
   60 00000078                     53               .ALIGN      4
   61 00000078 000B                54               RTS
   62 0000007A 0009                55               NOP
   63 0000007C                     56     _sram_io_err:                    ; function: sram_io_err
   64                              57                                      ; frame size=0
   65 0000007C 000B                58               RTS
   66 0000007E E000                59               MOV         #0,R0      ; H'00000000
   67 00000080                     60     _sram_io_init:                   ; function: sram_io_init
   68                              61                                      ; frame size=0
   69 00000080 E20D                62               MOV         #13,R2     ; H'0000000D
   70 00000082 D604                63               MOV.L       L13,R6     ; __$phyxinf
   71 00000084 4218                64               SHLL8       R2
   72 00000086 72F0                65               ADD         #-16,R2
   73 00000088 E0FF                66               MOV         #-1,R0     ; H'FFFFFFFF
   74 0000008A 4228                67               SHLL16      R2
   75 0000008C 8162                68               MOV.W       R0,@(4,R6)
   76 0000008E 6063                69               MOV         R6,R0
   77 00000090 000B                70               RTS
   78 00000092 2622                71               MOV.L       R2,@R6
   79 00000094                     72     L13:
   80 00000094 00000000            73               .DATA.L     __$phyxinf
   81 00000000                     74               .SECTION    B,DATA,ALIGN=4
   82 00000000                     75     __$phyxinf:                      ; static: __$phyxinf
   83 00000000 00000008            76               .RES.L      2
   84                              77               .END
  *****TOTAL ERRORS       0
  *****TOTAL WARNINGS     0
*** SuperH RISC engine ASSEMBLER Ver. 5.1 ***    01/07/08 14:45:05                                                       PAGE     3

*** CROSS REFERENCE LIST

NAME                             SECTION  ATTR VALUE             SEQUENCE

B                                B        SCT  00000000     81*
L13                              P             00000094     70    79*
Lrsxxx                           P             00000034     28    39*
P                                P        SCT  00000000      5*
__$phyxinf                       B             00000000     80    82*
_sram_io                         P        EXPT 00000000      2     6*
_sram_io_err                     P        EXPT 0000007C      3    40    63*
_sram_io_init                    P        EXPT 00000080      4    44    67*
jt_sram                          P             00000038     13    43*
sram_exit                        P             00000020     18    27*
*** SuperH RISC engine ASSEMBLER Ver. 5.1 ***    01/07/08 14:45:05                                                       PAGE     4

*** SECTION DATA LIST

SECTION                          ATTRIBUTE    SIZE             START

P                                REL-CODE    000000098        
B                                REL-DATA    000000008        
