*** SuperH RISC engine ASSEMBLER Ver. 5.1 ***    01/07/08 14:45:05                                                       PAGE     1
PROGRAM NAME =

    1                               1               .FILE       "P:\PRESTO2\shlib_v7\WCU\BIOS\t0029\tcuio.c"
    2                               2               .EXPORT     _tcu_io
    3                               3               .EXPORT     _tcu_io_err
    4                               4               .EXPORT     _tcu_io_init
    5                               5               .EXPORT     _tcu_io_write
    6                               6               .EXPORT     _tcu_io_read
    7                               7               .EXPORT     _tcu_io_stmod
    8                               8               .EXPORT     _tcu_io_bread
    9 00000000                      9               .SECTION    P,CODE,ALIGN=4
   10 00000000                     10     _tcu_io:                         ; function: tcu_io
   11                              11                                      ; frame size=0
   12 00000000 4F22                12               STS.L       PR,@-R15
   13                              13     ;         MOV.L       #H'000000F0,R1
   14                              14     ;         LDC         R1,SR
   15 00000002 C90F                15               AND         #H'0000000F,R0
   16 00000004 4008                16               SHLL2       R0
   17 00000006 D205                17               MOV.L       #jt_tcu,R2  ;arrangement Top Address
   18 00000008 302C                18               ADD         R2,R0       ;Add offset_Value
   19 0000000A 6302                19               MOV.L       @R0,R3
   20 0000000C 6033                20               MOV.L       R3,R0
   21 0000000E 8800                21               CMP/EQ      #0,R0
   22 00000010 8906                22               BT          tcu_exit
   23 00000012 400B                23               JSR         @R0
   24 00000014 0009                24               NOP
   25 00000016 4F26                25               LDS.L       @R15+,PR
   26 00000018 000B                26               RTS
   27 0000001A 0009                27               NOP
   28                                     ***** BEGIN-POOL *****
   29 0000001C 00000000                   DATA FOR SOURCE-LINE 17
   30                                     ***** END-POOL *****
   31 00000020                     28     tcu_exit:
   32 00000020 D004                29               MOV.L       Lrsxxx,R0   ;tcu_io_err
   33 00000022 400B                30               JSR         @R0
   34 00000024 0009                31               NOP
   35 00000026 D002                32               MOV.L       #-1,R0      ;システムコールの返り値は -1
   36 00000028 4F26                33               LDS.L       @R15+,PR
   37 0000002A 000B                34               RTS                     ;異常終了
   38 0000002C 0009                35               NOP
   39                                     ***** BEGIN-POOL *****
   40 0000002E 0000                       ALIGNMENT CODE
   41 00000030 FFFFFFFF                   DATA FOR SOURCE-LINE 32
   42                                     ***** END-POOL *****
   43 00000034                     36     Lrsxxx:
   44 00000034 00000000            37               .DATA.L     _tcu_io_err
   45                              38     
   46 00000038                     39               .ALIGN 4
   47 00000038                     40     jt_tcu:
   48 00000038 00000000            41               .DATA.L     _tcu_io_init  ; r0 = 0
   49 0000003C 00000000            42               .DATA.L     _tcu_io_write ;    = 1
   50 00000040 00000000            43               .DATA.L     _tcu_io_read  ;    = 2
   51 00000044 00000000            44               .DATA.L     _tcu_io_stmod ;    = 3
   52 00000048 00000000            45               .DATA.L     _tcu_io_bread ;    = 4
   53 0000004C 00000000            46               .DATA.L     0             ; none
   54 00000050 00000000            47               .DATA.L     0             ; none
   55 00000054 00000000            48               .DATA.L     0             ; none
   56 00000058 00000000            49               .DATA.L     0             ; none
   57 0000005C 00000000            50               .DATA.L     0             ; none
*** SuperH RISC engine ASSEMBLER Ver. 5.1 ***    01/07/08 14:45:05                                                       PAGE     2
PROGRAM NAME =

   58 00000060 00000000            51               .DATA.L     0             ; none
   59 00000064 00000000            52               .DATA.L     0             ; none
   60 00000068 00000000            53               .DATA.L     0             ; none
   61 0000006C 00000000            54               .DATA.L     0             ; none
   62 00000070 00000000            55               .DATA.L     0             ; none
   63 00000074 00000000            56               .DATA.L     0             ; none
   64 00000078                     57               .ALIGN      4
   65 00000078 000B                58               RTS
   66 0000007A 0009                59               NOP
   67 0000007C                     60     _tcu_io_err:                     ; function: tcu_io_err
   68                              61                                      ; frame size=0
   69 0000007C 000B                62               RTS
   70 0000007E E000                63               MOV         #0,R0      ; H'00000000
   71 00000080                     64     _tcu_io_init:                    ; function: tcu_io_init
   72                              65                                      ; frame size=0
   73 00000080 000B                66               RTS
   74 00000082 E000                67               MOV         #0,R0      ; H'00000000
   75 00000084                     68     _tcu_io_write:                   ; function: tcu_io_write
   76                              69                                      ; frame size=0
   77 00000084 2448                70               TST         R4,R4
   78 00000086 890A                71               BT          L32
   79 00000088 6043                72               MOV         R4,R0
   80 0000008A 8801                73               CMP/EQ      #1,R0
   81 0000008C 890C                74               BT          L34
   82 0000008E 8802                75               CMP/EQ      #2,R0
   83 00000090 8B03                76               BF          L36
   84 00000092 E2FF                77               MOV         #-1,R2     ; H'FFFFFFFF
   85 00000094 4218                78               SHLL8       R2
   86 00000096 7294                79               ADD         #-108,R2
   87 00000098 1256                80               MOV.L       R5,@(24,R2)
   88 0000009A                     81     L36:
   89 0000009A 000B                82               RTS
   90 0000009C E000                83               MOV         #0,R0      ; H'00000000
   91 0000009E                     84     L32:
   92 0000009E E2FF                85               MOV         #-1,R2     ; H'FFFFFFFF
   93 000000A0 4218                86               SHLL8       R2
   94 000000A2 7294                87               ADD         #-108,R2
   95 000000A4 AFF9                88               BRA         L36
   96 000000A6 2252                89               MOV.L       R5,@R2
   97 000000A8                     90     L34:
   98 000000A8 E2FF                91               MOV         #-1,R2     ; H'FFFFFFFF
   99 000000AA 4218                92               SHLL8       R2
  100 000000AC 7294                93               ADD         #-108,R2
  101 000000AE AFF4                94               BRA         L36
  102 000000B0 1253                95               MOV.L       R5,@(12,R2)
  103 000000B2                     96     _tcu_io_read:                    ; function: tcu_io_read
  104                              97                                      ; frame size=0
  105 000000B2 2448                98               TST         R4,R4
  106 000000B4 890A                99               BT          L45
  107 000000B6 6043               100               MOV         R4,R0
  108 000000B8 8801               101               CMP/EQ      #1,R0
  109 000000BA 890C               102               BT          L47
  110 000000BC 8802               103               CMP/EQ      #2,R0
  111 000000BE 8B0F               104               BF          L49
  112 000000C0 E6FF               105               MOV         #-1,R6     ; H'FFFFFFFF
  113 000000C2 4618               106               SHLL8       R6
  114 000000C4 7694               107               ADD         #-108,R6
*** SuperH RISC engine ASSEMBLER Ver. 5.1 ***    01/07/08 14:45:05                                                       PAGE     3
PROGRAM NAME =

  115 000000C6 5266               108               MOV.L       @(24,R6),R2
  116 000000C8                    109     L50:
  117 000000C8 000B               110               RTS
  118 000000CA 6023               111               MOV         R2,R0
  119 000000CC                    112     L45:
  120 000000CC E6FF               113               MOV         #-1,R6     ; H'FFFFFFFF
  121 000000CE 4618               114               SHLL8       R6
  122 000000D0 7694               115               ADD         #-108,R6
  123 000000D2 AFF9               116               BRA         L50
  124 000000D4 6262               117               MOV.L       @R6,R2
  125 000000D6                    118     L47:
  126 000000D6 E6FF               119               MOV         #-1,R6     ; H'FFFFFFFF
  127 000000D8 4618               120               SHLL8       R6
  128 000000DA 7694               121               ADD         #-108,R6
  129 000000DC AFF4               122               BRA         L50
  130 000000DE 5263               123               MOV.L       @(12,R6),R2
  131 000000E0                    124     L49:
  132 000000E0 AFF2               125               BRA         L50
  133 000000E2 E2FF               126               MOV         #-1,R2     ; H'FFFFFFFF
  134 000000E4                    127     _tcu_io_stmod:                   ; function: tcu_io_stmod
  135                             128                                      ; frame size=0
  136 000000E4 000B               129               RTS
  137 000000E6 E000               130               MOV         #0,R0      ; H'00000000
  138 000000E8                    131     _tcu_io_bread:                   ; function: tcu_io_bread
  139                             132                                      ; frame size=0
  140 000000E8 2448               133               TST         R4,R4
  141 000000EA 890C               134               BT          L60
  142 000000EC 6043               135               MOV         R4,R0
  143 000000EE 8801               136               CMP/EQ      #1,R0
  144 000000F0 890F               137               BT          L62
  145 000000F2 6043               138               MOV         R4,R0
  146 000000F4 8802               139               CMP/EQ      #2,R0
  147 000000F6 8B12               140               BF          L64
  148 000000F8 E6FF               141               MOV         #-1,R6     ; H'FFFFFFFF
  149 000000FA 4618               142               SHLL8       R6
  150 000000FC 76A0               143               ADD         #-96,R6
  151 000000FE 856A               144               MOV.W       @(20,R6),R0
  152 00000100 660D               145               EXTU.W      R0,R6
  153 00000102                    146     L65:
  154 00000102 000B               147               RTS
  155 00000104 6063               148               MOV         R6,R0
  156 00000106                    149     L60:
  157 00000106 E6FF               150               MOV         #-1,R6     ; H'FFFFFFFF
  158 00000108 4618               151               SHLL8       R6
  159 0000010A 7694               152               ADD         #-108,R6
  160 0000010C 8564               153               MOV.W       @(8,R6),R0
  161 0000010E AFF8               154               BRA         L65
  162 00000110 660D               155               EXTU.W      R0,R6
  163 00000112                    156     L62:
  164 00000112 E6FF               157               MOV         #-1,R6     ; H'FFFFFFFF
  165 00000114 4618               158               SHLL8       R6
  166 00000116 76A0               159               ADD         #-96,R6
  167 00000118 8564               160               MOV.W       @(8,R6),R0
  168 0000011A AFF2               161               BRA         L65
  169 0000011C 660D               162               EXTU.W      R0,R6
  170 0000011E                    163     L64:
  171 0000011E AFF0               164               BRA         L65
*** SuperH RISC engine ASSEMBLER Ver. 5.1 ***    01/07/08 14:45:05                                                       PAGE     4
PROGRAM NAME =

  172 00000120 E6FF               165               MOV         #-1,R6     ; H'FFFFFFFF
  173                             166               .END
  *****TOTAL ERRORS       0
  *****TOTAL WARNINGS     0
*** SuperH RISC engine ASSEMBLER Ver. 5.1 ***    01/07/08 14:45:05                                                       PAGE     5

*** CROSS REFERENCE LIST

NAME                             SECTION  ATTR VALUE             SEQUENCE

L32                              P             0000009E     78    91*
L34                              P             000000A8     81    97*
L36                              P             0000009A     83    88*   95   101 
L45                              P             000000CC    106   119*
L47                              P             000000D6    109   125*
L49                              P             000000E0    111   131*
L50                              P             000000C8    116*  123   129   132 
L60                              P             00000106    141   156*
L62                              P             00000112    144   163*
L64                              P             0000011E    147   170*
L65                              P             00000102    153*  161   168   171 
Lrsxxx                           P             00000034     32    43*
P                                P        SCT  00000000      9*
_tcu_io                          P        EXPT 00000000      2    10*
_tcu_io_bread                    P        EXPT 000000E8      8    52   138*
_tcu_io_err                      P        EXPT 0000007C      3    44    67*
_tcu_io_init                     P        EXPT 00000080      4    48    71*
_tcu_io_read                     P        EXPT 000000B2      6    50   103*
_tcu_io_stmod                    P        EXPT 000000E4      7    51   134*
_tcu_io_write                    P        EXPT 00000084      5    49    75*
jt_tcu                           P             00000038     17    47*
tcu_exit                         P             00000020     22    31*
*** SuperH RISC engine ASSEMBLER Ver. 5.1 ***    01/07/08 14:45:05                                                       PAGE     6

*** SECTION DATA LIST

SECTION                          ATTRIBUTE    SIZE             START

P                                REL-CODE    000000122        
