SH SERIES C/C++ Compiler (Ver. checker(2003.03.17))                                              27-Jun-2005 14:17:51  PAGE    1

************ OBJECT LISTING ************

FILE NAME: apimisc.c

SCT OFFSET   CODE       C LABEL     INSTRUCTION OPERAND    COMMENT

P   00000000              _fmr_fgets:                      ; function: fmr_fgets
                                                           ; frame size=24
    00000000 2FB6                   MOV.L       R11,@-R15
    00000002 2FC6                   MOV.L       R12,@-R15
    00000004 2FD6                   MOV.L       R13,@-R15
    00000006 2FE6                   MOV.L       R14,@-R15
    00000008 4F22                   STS.L       PR,@-R15
    0000000A 7FFC                   ADD         #-4,R15
    0000000C E301                   MOV         #1,R3      ; H'00000001
    0000000E 6B63                   MOV         R6,R11
    00000010 3533                   CMP/GE      R3,R5
    00000012 8D02                   BT/S        L12
    00000014 2F42                   MOV.L       R4,@R15
    00000016 A01B                   BRA         L13
    00000018 E000                   MOV         #0,R0      ; H'00000000
    0000001A              L12:
    0000001A 75FF                   ADD         #-1,R5
    0000001C 6D43                   MOV         R4,R13
    0000001E 6C53                   MOV         R5,R12
    00000020 A00B                   BRA         L14
    00000022 EE00                   MOV         #0,R14     ; H'00000000
    00000024              L15:
    00000024 B01B                   BSR         _fmr_fgetc
    00000026 64B3                   MOV         R11,R4
    00000028 88FF                   CMP/EQ      #-1,R0
    0000002A 8D08                   BT/S        L17
    0000002C 6203                   MOV         R0,R2
    0000002E 6023                   MOV         R2,R0
    00000030 880A                   CMP/EQ      #10,R0
    00000032 2D20                   MOV.B       R2,@R13
    00000034 7E01                   ADD         #1,R14
    00000036 8D02                   BT/S        L17
    00000038 7D01                   ADD         #1,R13
    0000003A              L14:
    0000003A 3EC3                   CMP/GE      R12,R14
    0000003C 8BF2                   BF          L15
    0000003E              L17:
    0000003E 67F2                   MOV.L       @R15,R7
    00000040 E300                   MOV         #0,R3      ; H'00000000
    00000042 60E3                   MOV         R14,R0
    00000044 0734                   MOV.B       R3,@(R0,R7)
    00000046 6023                   MOV         R2,R0
    00000048 880A                   CMP/EQ      #10,R0
    0000004A 8D01                   BT/S        L13
    0000004C 6073                   MOV         R7,R0
    0000004E E000                   MOV         #0,R0      ; H'00000000
    00000050              L13:
    00000050 7F04                   ADD         #4,R15
    00000052 4F26                   LDS.L       @R15+,PR
    00000054 6EF6                   MOV.L       @R15+,R14
    00000056 6DF6                   MOV.L       @R15+,R13
    00000058 6CF6                   MOV.L       @R15+,R12
    0000005A 000B                   RTS
    0000005C 6BF6                   MOV.L       @R15+,R11
    0000005E              _fmr_fgetc:                      ; function: fmr_fgetc
                                                           ; frame size=4
    0000005E 4F22                   STS.L       PR,@-R15
    00000060 D519                   MOV.L       L32,R5     ; __$ch$33
    00000062 D21A                   MOV.L       L32+4,R2   ; _FMR_Read
    00000064 420B                   JSR         @R2
    00000066 E601                   MOV         #1,R6      ; H'00000001
    00000068 4015                   CMP/PL      R0
    0000006A 8901                   BT          L21
    0000006C A003                   BRA         L22
    0000006E E0FF                   MOV         #-1,R0     ; H'FFFFFFFF
    00000070              L21:
    00000070 D215                   MOV.L       L32,R2     ; __$ch$33
    00000072 6620                   MOV.B       @R2,R6
    00000074 606C                   EXTU.B      R6,R0
    00000076              L22:
    00000076 4F26                   LDS.L       @R15+,PR
    00000078 000B                   RTS
    0000007A 0009                   NOP
    0000007C              _fmr_fputs:                      ; function: fmr_fputs
                                                           ; frame size=16
    0000007C 2FD6                   MOV.L       R13,@-R15
    0000007E 2FE6                   MOV.L       R14,@-R15
    00000080 4F22                   STS.L       PR,@-R15
    00000082 7FFC                   ADD         #-4,R15
    00000084 6D53                   MOV         R5,R13
    00000086 6E43                   MOV         R4,R14
    00000088              L24:
    00000088 62E4                   MOV.B       @R14+,R2
    0000008A 2228                   TST         R2,R2
    0000008C 8907                   BT          L26
    0000008E 6423                   MOV         R2,R4
    00000090 B00B                   BSR         _fmr_fputc
    00000092 65D3                   MOV         R13,R5
    00000094 88FF                   CMP/EQ      #-1,R0
    00000096 8FF7                   BF/S        L24
    00000098 2F02                   MOV.L       R0,@R15
    0000009A A001                   BRA         L28
    0000009C E0FF                   MOV         #-1,R0     ; H'FFFFFFFF
    0000009E              L26:
    0000009E E000                   MOV         #0,R0      ; H'00000000
    000000A0              L28:
    000000A0 7F04                   ADD         #4,R15
    000000A2 4F26                   LDS.L       @R15+,PR
    000000A4 6EF6                   MOV.L       @R15+,R14
    000000A6 000B                   RTS
    000000A8 6DF6                   MOV.L       @R15+,R13
    000000AA              _fmr_fputc:                      ; function: fmr_fputc
                                                           ; frame size=4
    000000AA 4F22                   STS.L       PR,@-R15
    000000AC 6253                   MOV         R5,R2
    000000AE D508                   MOV.L       L32+8,R5   ; __$wrch$34
    000000B0 D708                   MOV.L       L32+12,R7  ; _FMR_Write
    000000B2 E601                   MOV         #1,R6      ; H'00000001
    000000B4 2540                   MOV.B       R4,@R5
    000000B6 470B                   JSR         @R7
    000000B8 6423                   MOV         R2,R4
    000000BA 4015                   CMP/PL      R0
    000000BC 8D01                   BT/S        L31
    000000BE E000                   MOV         #0,R0      ; H'00000000
    000000C0 E0FF                   MOV         #-1,R0     ; H'FFFFFFFF
    000000C2              L31:
    000000C2 4F26                   LDS.L       @R15+,PR
    000000C4 000B                   RTS
    000000C6 0009                   NOP
    000000C8              L32:
    000000C8 <00000000>             .DATA.L     __$ch$33
    000000CC <00000000>             .DATA.L     _FMR_Read
    000000D0 <00000000>             .DATA.L     __$wrch$34
    000000D4 <00000000>             .DATA.L     _FMR_Write
B   00000000              __$ch$33:                        ; static: __$ch$33
    00000000 00000001               .RES.B      1
    00000001              __$wrch$34:                      ; static: __$wrch$34
    00000001 00000001               .RES.B      1
SH SERIES C/C++ Compiler (Ver. checker(2003.03.17))                                              27-Jun-2005 14:17:51  PAGE    1


******** STATISTICS INFORMATION ********


********** ERROR INFORMATION ***********

NUMBER OF ERRORS:           0
NUMBER OF WARNINGS:         0
NUMBER OF INFORMATIONS:     0



******* SOURCE LINE INFORMATION ********

COMPILED SOURCE LINE:      132



******* SECTION SIZE INFORMATION *******

PROGRAM  SECTION (P):                               000000D8 Byte(s)
CONSTANT SECTION (C):                               00000000 Byte(s)
DATA     SECTION (D):                               00000000 Byte(s)
BSS      SECTION (B):                               00000002 Byte(s)

TOTAL PROGRAM  SECTION: 000000D8 Byte(s)
TOTAL CONSTANT SECTION: 00000000 Byte(s)
TOTAL DATA     SECTION: 00000000 Byte(s)
TOTAL BSS      SECTION: 00000002 Byte(s)

    TOTAL PROGRAM SIZE: 000000DA Byte(s)



********** LABEL INFORMATION ***********

NUMBER OF EXTERNAL REFERENCE SYMBOLS:            2
NUMBER OF EXTERNAL DEFINITION SYMBOLS:           4
NUMBER OF INTERNAL/EXTERNAL SYMBOLS:            18
*** COMMAND PARAMETER ***


  -cpu=sh2 -op=1 -en=big -me -nodebug -comment=nest -l -def=NDEBUG -i=p:\presto2\shinc,p:\presto2\shinc\DRIVE\FSSVR60,D:\hew\tools\hitachi\sh\7_1_1\include,p:\presto2\norti_12\inc apimisc.c 

