SH SERIES C/C++ Compiler (Ver. checker(2003.03.17))                                              27-Jun-2005 14:17:48  PAGE    1

************ OBJECT LISTING ************

FILE NAME: biosfile.c

SCT OFFSET   CODE       C LABEL     INSTRUCTION OPERAND    COMMENT

P   00000000              _InitFileSystem:                 ; function: InitFileSystem
                                                           ; frame size=4
    00000000 4F22                   STS.L       PR,@-R15
    00000002 D286                   MOV.L       L67,R2     ; _FMR_Init
    00000004 420B                   JSR         @R2
    00000006 0009                   NOP
    00000008 2008                   TST         R0,R0
    0000000A 8B03                   BF          L12
    0000000C D284                   MOV.L       L67+4,R2   ; _Init_BackupParameter
    0000000E 420B                   JSR         @R2
    00000010 0009                   NOP
    00000012 E000                   MOV         #0,R0      ; H'00000000
    00000014              L12:
    00000014 4F26                   LDS.L       @R15+,PR
    00000016 000B                   RTS
    00000018 0009                   NOP
    0000001A              _InitSramDisk:                   ; function: InitSramDisk
                                                           ; frame size=4
    0000001A 4F22                   STS.L       PR,@-R15
    0000001C 2448                   TST         R4,R4
    0000001E 8901                   BT          L15
    00000020 A089                   BRA         _SramFormat
    00000022 4F26                   LDS.L       @R15+,PR
    00000024              L15:
    00000024 B03F                   BSR         _sram_mount
    00000026 0009                   NOP
    00000028 4011                   CMP/PZ      R0
    0000002A 8B02                   BF          L16
    0000002C D47D                   MOV.L       L67+8,R4   ; L69
    0000002E A003                   BRA         _TestFileCreate
    00000030 4F26                   LDS.L       @R15+,PR
    00000032              L16:
    00000032 4F26                   LDS.L       @R15+,PR
    00000034 000B                   RTS
    00000036 0009                   NOP
    00000038              _TestFileCreate:                 ; function: TestFileCreate
                                                           ; frame size=40
    00000038 2FD6                   MOV.L       R13,@-R15
    0000003A 2FE6                   MOV.L       R14,@-R15
    0000003C 4F22                   STS.L       PR,@-R15
    0000003E 7FE4                   ADD         #-28,R15
    00000040 6D43                   MOV         R4,R13
    00000042 D279                   MOV.L       L67+12,R2  ; L70
    00000044 D479                   MOV.L       L67+16,R4  ; __slow_mvn
    00000046 E015                   MOV         #21,R0     ; H'00000015
    00000048 440B                   JSR         @R4
    0000004A 61F3                   MOV         R15,R1
    0000004C E501                   MOV         #1,R5      ; H'00000001
    0000004E D278                   MOV.L       L67+20,R2  ; _FMR_Open
    00000050 4518                   SHLL8       R5
    00000052 64D3                   MOV         R13,R4
    00000054 7502                   ADD         #2,R5
    00000056 420B                   JSR         @R2
    00000058 E620                   MOV         #32,R6     ; H'00000020
    0000005A 4011                   CMP/PZ      R0
    0000005C 8D02                   BT/S        L20
    0000005E 6E03                   MOV         R0,R14
    00000060 A01C                   BRA         L21
    00000062 E0FF                   MOV         #-1,R0     ; H'FFFFFFFF
    00000064              L20:
    00000064 D273                   MOV.L       L67+24,R2  ; _strlen
    00000066 420B                   JSR         @R2
    00000068 64F3                   MOV         R15,R4
    0000006A D273                   MOV.L       L67+28,R2  ; _FMR_Write
    0000006C 6603                   MOV         R0,R6
    0000006E 1F06                   MOV.L       R0,@(24,R15)
    00000070 65F3                   MOV         R15,R5
    00000072 420B                   JSR         @R2
    00000074 64E3                   MOV         R14,R4
    00000076 56F6                   MOV.L       @(24,R15),R6
    00000078 3060                   CMP/EQ      R6,R0
    0000007A 8901                   BT          L23
    0000007C A00E                   BRA         L21
    0000007E E0FF                   MOV         #-1,R0     ; H'FFFFFFFF
    00000080              L23:
    00000080 D26E                   MOV.L       L67+32,R2  ; _FMR_Close
    00000082 420B                   JSR         @R2
    00000084 64E3                   MOV         R14,R4
    00000086 4011                   CMP/PZ      R0
    00000088 8901                   BT          L25
    0000008A A007                   BRA         L21
    0000008C E0FF                   MOV         #-1,R0     ; H'FFFFFFFF
    0000008E              L25:
    0000008E D26C                   MOV.L       L67+36,R2  ; _FMR_Remove
    00000090 420B                   JSR         @R2
    00000092 64D3                   MOV         R13,R4
    00000094 4011                   CMP/PZ      R0
    00000096 8D01                   BT/S        L21
    00000098 E000                   MOV         #0,R0      ; H'00000000
    0000009A E0FF                   MOV         #-1,R0     ; H'FFFFFFFF
    0000009C              L21:
    0000009C 7F1C                   ADD         #28,R15
    0000009E 4F26                   LDS.L       @R15+,PR
    000000A0 6EF6                   MOV.L       @R15+,R14
    000000A2 000B                   RTS
    000000A4 6DF6                   MOV.L       @R15+,R13
    000000A6              _sram_mount:                     ; function: sram_mount
                                                           ; frame size=8
    000000A6 4F22                   STS.L       PR,@-R15
    000000A8 7FFC                   ADD         #-4,R15
    000000AA E61C                   MOV         #28,R6     ; H'0000001C
    000000AC D565                   MOV.L       L67+40,R5  ; __$userram_sram
    000000AE E383                   MOV         #-125,R3   ; H'FFFFFF83
    000000B0 D265                   MOV.L       L67+44,R2  ; _FMR_Mount
    000000B2 E000                   MOV         #0,R0      ; H'00000000
    000000B4 2F30                   MOV.B       R3,@R15
    000000B6 4618                   SHLL8       R6
    000000B8 80F1                   MOV.B       R0,@(1,R15)
    000000BA E443                   MOV         #67,R4     ; H'00000043
    000000BC 67F3                   MOV         R15,R7
    000000BE 420B                   JSR         @R2
    000000C0 766C                   ADD         #108,R6
    000000C2 2008                   TST         R0,R0
    000000C4 8B05                   BF          L29
    000000C6 D261                   MOV.L       L67+48,R2  ; _Restore_BackupData
    000000C8 420B                   JSR         @R2
    000000CA E443                   MOV         #67,R4     ; H'00000043
    000000CC 2008                   TST         R0,R0
    000000CE 8B00                   BF          L29
    000000D0 E000                   MOV         #0,R0      ; H'00000000
    000000D2              L29:
    000000D2 7F04                   ADD         #4,R15
    000000D4 4F26                   LDS.L       @R15+,PR
    000000D6 000B                   RTS
    000000D8 0009                   NOP
    000000DA              _sram_unmount:                   ; function: sram_unmount
                                                           ; frame size=0
    000000DA D25D                   MOV.L       L67+52,R2  ; _FMR_Unmount
    000000DC 422B                   JMP         @R2
    000000DE E443                   MOV         #67,R4     ; H'00000043
    000000E0              _sram_format:                    ; function: sram_format
                                                           ; frame size=28
    000000E0 4F22                   STS.L       PR,@-R15
    000000E2 7FE8                   ADD         #-24,R15
    000000E4 D65B                   MOV.L       L67+56,R6  ; L72
    000000E6 E1E0                   MOV         #-32,R1    ; H'FFFFFFE0
    000000E8 1FF5                   MOV.L       R15,@(20,R15)
    000000EA 64F3                   MOV         R15,R4
    000000EC 6260                   MOV.B       @R6,R2
    000000EE 740C                   ADD         #12,R4
    000000F0 8461                   MOV.B       @(1,R6),R0
    000000F2 2F20                   MOV.B       R2,@R15
    000000F4 80F1                   MOV.B       R0,@(1,R15)
    000000F6 8462                   MOV.B       @(2,R6),R0
    000000F8 D257                   MOV.L       L67+60,R2  ; _FMR_Format
    000000FA 80F2                   MOV.B       R0,@(2,R15)
    000000FC 8463                   MOV.B       @(3,R6),R0
    000000FE 80F3                   MOV.B       R0,@(3,R15)
    00000100 8464                   MOV.B       @(4,R6),R0
    00000102 80F4                   MOV.B       R0,@(4,R15)
    00000104 8465                   MOV.B       @(5,R6),R0
    00000106 80F5                   MOV.B       R0,@(5,R15)
    00000108 8466                   MOV.B       @(6,R6),R0
    0000010A 80F6                   MOV.B       R0,@(6,R15)
    0000010C 8467                   MOV.B       @(7,R6),R0
    0000010E 80F7                   MOV.B       R0,@(7,R15)
    00000110 8468                   MOV.B       @(8,R6),R0
    00000112 80F8                   MOV.B       R0,@(8,R15)
    00000114 E083                   MOV         #-125,R0   ; H'FFFFFF83
    00000116 80FC                   MOV.B       R0,@(12,R15)
    00000118 E000                   MOV         #0,R0      ; H'00000000
    0000011A 80FD                   MOV.B       R0,@(13,R15)
    0000011C 601C                   EXTU.B      R1,R0
    0000011E 81F7                   MOV.W       R0,@(14,R15)
    00000120 E101                   MOV         #1,R1      ; H'00000001
    00000122 E010                   MOV         #16,R0     ; H'00000010
    00000124 420B                   JSR         @R2
    00000126 0F14                   MOV.B       R1,@(R0,R15)
    00000128 2008                   TST         R0,R0
    0000012A 8B00                   BF          L34
    0000012C E000                   MOV         #0,R0      ; H'00000000
    0000012E              L34:
    0000012E 7F18                   ADD         #24,R15
    00000130 4F26                   LDS.L       @R15+,PR
    00000132 000B                   RTS
    00000134 0009                   NOP
    00000136              _SramFormat:                     ; function: SramFormat
                                                           ; frame size=4
    00000136 4F22                   STS.L       PR,@-R15
    00000138 BFCF                   BSR         _sram_unmount
    0000013A 0009                   NOP
    0000013C 2008                   TST         R0,R0
    0000013E 8904                   BT          L37
    00000140 E3FF                   MOV         #-1,R3     ; H'FFFFFFFF
    00000142 4318                   SHLL8       R3
    00000144 73F0                   ADD         #-16,R3
    00000146 3030                   CMP/EQ      R3,R0
    00000148 8B08                   BF          L38
    0000014A              L37:
    0000014A BFC9                   BSR         _sram_format
    0000014C 0009                   NOP
    0000014E 2008                   TST         R0,R0
    00000150 8B04                   BF          L38
    00000152 BFA8                   BSR         _sram_mount
    00000154 0009                   NOP
    00000156 2008                   TST         R0,R0
    00000158 8B00                   BF          L38
    0000015A E000                   MOV         #0,R0      ; H'00000000
    0000015C              L38:
    0000015C 4F26                   LDS.L       @R15+,PR
    0000015E 000B                   RTS
    00000160 0009                   NOP
    00000162              _SramScanDisk:                   ; function: SramScanDisk
                                                           ; frame size=16
    00000162 2FE6                   MOV.L       R14,@-R15
    00000164 4F22                   STS.L       PR,@-R15
    00000166 7FF8                   ADD         #-8,R15
    00000168 D23C                   MOV.L       L67+64,R2  ; _SetScanDiskFlg
    0000016A 420B                   JSR         @R2
    0000016C E443                   MOV         #67,R4     ; H'00000043
    0000016E E380                   MOV         #-128,R3   ; H'FFFFFF80
    00000170 D53B                   MOV.L       L67+68,R5  ; __$sramsdskram
    00000172 D73C                   MOV.L       L67+72,R7  ; __$sramsdsklog
    00000174 633C                   EXTU.B      R3,R3
    00000176 E005                   MOV         #5,R0      ; H'00000005
    00000178 D23B                   MOV.L       L67+76,R2  ; _FMR_ScanDisk
    0000017A E602                   MOV         #2,R6      ; H'00000002
    0000017C 2F32                   MOV.L       R3,@R15
    0000017E 80F7                   MOV.B       R0,@(7,R15)
    00000180 E443                   MOV         #67,R4     ; H'00000043
    00000182 420B                   JSR         @R2
    00000184 4618                   SHLL8       R6
    00000186 D239                   MOV.L       L67+80,R2  ; _ClearScanDiskFlg
    00000188 E443                   MOV         #67,R4     ; H'00000043
    0000018A 420B                   JSR         @R2
    0000018C 6E03                   MOV         R0,R14
    0000018E 60E3                   MOV         R14,R0
    00000190 7F08                   ADD         #8,R15
    00000192 4F26                   LDS.L       @R15+,PR
    00000194 000B                   RTS
    00000196 6EF6                   MOV.L       @R15+,R14
    00000198              _InitAtaDisk:                    ; function: InitAtaDisk
                                                           ; frame size=4
    00000198 4F22                   STS.L       PR,@-R15
    0000019A D235                   MOV.L       L67+84,R2  ; __cf_init
    0000019C 420B                   JSR         @R2
    0000019E E400                   MOV         #0,R4      ; H'00000000
    000001A0 6602                   MOV.L       @R0,R6
    000001A2 D534                   MOV.L       L67+88,R5  ; _cf_base
    000001A4 D434                   MOV.L       L67+92,R4  ; _CFCardHandler
    000001A6 2562                   MOV.L       R6,@R5
    000001A8 5601                   MOV.L       @(4,R0),R6
    000001AA D234                   MOV.L       L67+96,R2  ; _SetUserCardHandler
    000001AC 1561                   MOV.L       R6,@(4,R5)
    000001AE 5602                   MOV.L       @(8,R0),R6
    000001B0 420B                   JSR         @R2
    000001B2 1562                   MOV.L       R6,@(8,R5)
    000001B4 2008                   TST         R0,R0
    000001B6 8B03                   BF          L45
    000001B8 D231                   MOV.L       L67+100,R2 ; _PcmciaEvent
    000001BA 420B                   JSR         @R2
    000001BC 0009                   NOP
    000001BE E000                   MOV         #0,R0      ; H'00000000
    000001C0              L45:
    000001C0 4F26                   LDS.L       @R15+,PR
    000001C2 000B                   RTS
    000001C4 0009                   NOP
    000001C6              _CFCardHandler:                  ; function: CFCardHandler
                                                           ; frame size=0
    000001C6 6053                   MOV         R5,R0
    000001C8 8804                   CMP/EQ      #4,R0
    000001CA 8B08                   BF          L48
    000001CC 6063                   MOV         R6,R0
    000001CE 8808                   CMP/EQ      #8,R0
    000001D0 8B01                   BF          L50
    000001D2 A006                   BRA         _cf_mount
    000001D4 0009                   NOP
    000001D6              L50:
    000001D6 8804                   CMP/EQ      #4,R0
    000001D8 8B01                   BF          L48
    000001DA A01C                   BRA         _cf_unmount
    000001DC 0009                   NOP
    000001DE              L48:
    000001DE 000B                   RTS
    000001E0 0009                   NOP
    000001E2              _cf_mount:                       ; function: cf_mount
                                                           ; frame size=8
    000001E2 4F22                   STS.L       PR,@-R15
    000001E4 7FFC                   ADD         #-4,R15
    000001E6 E61C                   MOV         #28,R6     ; H'0000001C
    000001E8 D526                   MOV.L       L67+104,R5 ; __$userram_cf
    000001EA E301                   MOV         #1,R3      ; H'00000001
    000001EC D216                   MOV.L       L67+44,R2  ; _FMR_Mount
    000001EE E000                   MOV         #0,R0      ; H'00000000
    000001F0 2F30                   MOV.B       R3,@R15
    000001F2 4618                   SHLL8       R6
    000001F4 80F1                   MOV.B       R0,@(1,R15)
    000001F6 E445                   MOV         #69,R4     ; H'00000045
    000001F8 67F3                   MOV         R15,R7
    000001FA 420B                   JSR         @R2
    000001FC 766C                   ADD         #108,R6
    000001FE 2008                   TST         R0,R0
    00000200 8B05                   BF          L54
    00000202 D212                   MOV.L       L67+48,R2  ; _Restore_BackupData
    00000204 420B                   JSR         @R2
    00000206 E445                   MOV         #69,R4     ; H'00000045
    00000208 2008                   TST         R0,R0
    0000020A 8B00                   BF          L54
    0000020C E000                   MOV         #0,R0      ; H'00000000
    0000020E              L54:
    0000020E 7F04                   ADD         #4,R15
    00000210 4F26                   LDS.L       @R15+,PR
    00000212 000B                   RTS
    00000214 0009                   NOP
    00000216              _cf_unmount:                     ; function: cf_unmount
                                                           ; frame size=0
    00000216 D20E                   MOV.L       L67+52,R2  ; _FMR_Unmount
    00000218 422B                   JMP         @R2
    0000021A E445                   MOV         #69,R4     ; H'00000045
    0000021C              L67:
    0000021C <00000000>             .DATA.L     _FMR_Init
    00000220 <00000000>             .DATA.L     _Init_BackupParameter
    00000224 <00000000>             .DATA.L     L69
    00000228 <00000000>             .DATA.L     L70
    0000022C <00000000>             .DATA.L     __slow_mvn
    00000230 <00000000>             .DATA.L     _FMR_Open
    00000234 <00000000>             .DATA.L     _strlen
    00000238 <00000000>             .DATA.L     _FMR_Write
    0000023C <00000000>             .DATA.L     _FMR_Close
    00000240 <00000000>             .DATA.L     _FMR_Remove
    00000244 <00000000>             .DATA.L     __$userram_sram
    00000248 <00000000>             .DATA.L     _FMR_Mount
    0000024C <00000000>             .DATA.L     _Restore_BackupData
    00000250 <00000000>             .DATA.L     _FMR_Unmount
    00000254 <00000000>             .DATA.L     L72
    00000258 <00000000>             .DATA.L     _FMR_Format
    0000025C <00000000>             .DATA.L     _SetScanDiskFlg
    00000260 <00000000>             .DATA.L     __$sramsdskram
    00000264 <00000000>             .DATA.L     __$sramsdsklog
    00000268 <00000000>             .DATA.L     _FMR_ScanDisk
    0000026C <00000000>             .DATA.L     _ClearScanDiskFlg
    00000270 <00000000>             .DATA.L     __cf_init
    00000274 <00000000>             .DATA.L     _cf_base
    00000278 <00000000>             .DATA.L     _CFCardHandler
    0000027C <00000000>             .DATA.L     _SetUserCardHandler
    00000280 <00000000>             .DATA.L     _PcmciaEvent
    00000284 <00000000>             .DATA.L     __$userram_cf
    00000288              _cf_format:                      ; function: cf_format
                                                           ; frame size=24
    00000288 4F22                   STS.L       PR,@-R15
    0000028A 7FEC                   ADD         #-20,R15
    0000028C D627                   MOV.L       L68,R6     ; L76
    0000028E 64F3                   MOV         R15,R4
    00000290 1FF4                   MOV.L       R15,@(16,R15)
    00000292 7408                   ADD         #8,R4
    00000294 6260                   MOV.B       @R6,R2
    00000296 8461                   MOV.B       @(1,R6),R0
    00000298 2F20                   MOV.B       R2,@R15
    0000029A 80F1                   MOV.B       R0,@(1,R15)
    0000029C 8462                   MOV.B       @(2,R6),R0
    0000029E D224                   MOV.L       L68+4,R2   ; _FMR_Format
    000002A0 80F2                   MOV.B       R0,@(2,R15)
    000002A2 8463                   MOV.B       @(3,R6),R0
    000002A4 80F3                   MOV.B       R0,@(3,R15)
    000002A6 8464                   MOV.B       @(4,R6),R0
    000002A8 80F4                   MOV.B       R0,@(4,R15)
    000002AA 8465                   MOV.B       @(5,R6),R0
    000002AC 80F5                   MOV.B       R0,@(5,R15)
    000002AE 8466                   MOV.B       @(6,R6),R0
    000002B0 80F6                   MOV.B       R0,@(6,R15)
    000002B2 E001                   MOV         #1,R0      ; H'00000001
    000002B4 80F8                   MOV.B       R0,@(8,R15)
    000002B6 E000                   MOV         #0,R0      ; H'00000000
    000002B8 80F9                   MOV.B       R0,@(9,R15)
    000002BA E002                   MOV         #2,R0      ; H'00000002
    000002BC 4018                   SHLL8       R0
    000002BE 81F5                   MOV.W       R0,@(10,R15)
    000002C0 E001                   MOV         #1,R0      ; H'00000001
    000002C2 420B                   JSR         @R2
    000002C4 80FC                   MOV.B       R0,@(12,R15)
    000002C6 2008                   TST         R0,R0
    000002C8 8B00                   BF          L59
    000002CA E000                   MOV         #0,R0      ; H'00000000
    000002CC              L59:
    000002CC 7F14                   ADD         #20,R15
    000002CE 4F26                   LDS.L       @R15+,PR
    000002D0 000B                   RTS
    000002D2 0009                   NOP
    000002D4              _CfFormat:                       ; function: CfFormat
                                                           ; frame size=4
    000002D4 4F22                   STS.L       PR,@-R15
    000002D6 BF9E                   BSR         _cf_unmount
    000002D8 0009                   NOP
    000002DA 2008                   TST         R0,R0
    000002DC 8B08                   BF          L62
    000002DE BFD3                   BSR         _cf_format
    000002E0 0009                   NOP
    000002E2 2008                   TST         R0,R0
    000002E4 8B04                   BF          L62
    000002E6 BF7C                   BSR         _cf_mount
    000002E8 0009                   NOP
    000002EA 2008                   TST         R0,R0
    000002EC 8B00                   BF          L62
    000002EE E000                   MOV         #0,R0      ; H'00000000
    000002F0              L62:
    000002F0 4F26                   LDS.L       @R15+,PR
    000002F2 000B                   RTS
    000002F4 0009                   NOP
    000002F6              _CfScanDisk:                     ; function: CfScanDisk
                                                           ; frame size=16
    000002F6 2FE6                   MOV.L       R14,@-R15
    000002F8 4F22                   STS.L       PR,@-R15
    000002FA 7FF8                   ADD         #-8,R15
    000002FC D20D                   MOV.L       L68+8,R2   ; _SetScanDiskFlg
    000002FE 420B                   JSR         @R2
    00000300 E445                   MOV         #69,R4     ; H'00000045
    00000302 E380                   MOV         #-128,R3   ; H'FFFFFF80
    00000304 D50C                   MOV.L       L68+12,R5  ; __$cfsdskram
    00000306 D70D                   MOV.L       L68+16,R7  ; __$cfsdsklog
    00000308 633C                   EXTU.B      R3,R3
    0000030A E005                   MOV         #5,R0      ; H'00000005
    0000030C D20C                   MOV.L       L68+20,R2  ; _FMR_ScanDisk
    0000030E E622                   MOV         #34,R6     ; H'00000022
    00000310 2F32                   MOV.L       R3,@R15
    00000312 80F7                   MOV.B       R0,@(7,R15)
    00000314 E445                   MOV         #69,R4     ; H'00000045
    00000316 420B                   JSR         @R2
    00000318 4618                   SHLL8       R6
    0000031A D20A                   MOV.L       L68+24,R2  ; _ClearScanDiskFlg
    0000031C E445                   MOV         #69,R4     ; H'00000045
    0000031E 420B                   JSR         @R2
    00000320 6E03                   MOV         R0,R14
    00000322 60E3                   MOV         R14,R0
    00000324 7F08                   ADD         #8,R15
    00000326 4F26                   LDS.L       @R15+,PR
    00000328 000B                   RTS
    0000032A 6EF6                   MOV.L       @R15+,R14
    0000032C              L68:
    0000032C <00000000>             .DATA.L     L76
    00000330 <00000000>             .DATA.L     _FMR_Format
    00000334 <00000000>             .DATA.L     _SetScanDiskFlg
    00000338 <00000000>             .DATA.L     __$cfsdskram
    0000033C <00000000>             .DATA.L     __$cfsdsklog
    00000340 <00000000>             .DATA.L     _FMR_ScanDisk
    00000344 <00000000>             .DATA.L     _ClearScanDiskFlg
C   00000000              L70:
    00000000 3031323334             .SDATA      "01234567890123456789"
             3536373839   
             3031323334   
             3536373839   
    00000014 00                     .DATA.B     H'00
    00000015 00                     .DATAB.B    3,0
    00000018              L72:
    00000018 5352414D44             .SDATA      "SRAMDISK"
             49534B       
    00000020 00                     .DATA.B     H'00
    00000021 00                     .DATAB.B    3,0
    00000024              L76:
    00000024 4346444953             .SDATA      "CFDISK"
             4B           
    0000002A 00                     .DATA.B     H'00
    0000002B 00000001               .RES.B      1
    0000002C              L69:
    0000002C 433A5C5352             .SDATA      "C:\SRAMTEST.TXT"
             414D544553   
             542E545854   
    0000003B 00                     .DATA.B     H'00
B   00000000              _cf_base:                        ; static: cf_base
    00000000 00000004               .RES.L      3
    0000000C              __$userram_sram:                 ; static: __$userram_sram
    0000000C 00000004               .RES.L      1819
    00001C78              __$userram_cf:                   ; static: __$userram_cf
    00001C78 00000004               .RES.L      1819
    000038E4              __$sramsdskram:                  ; static: __$sramsdskram
    000038E4 00000004               .RES.L      128
    00003AE4              __$sramsdsklog:                  ; static: __$sramsdsklog
    00003AE4 00000004               .RES.L      32
    00003B64              __$cfsdskram:                    ; static: __$cfsdskram
    00003B64 00000004               .RES.L      2176
    00005D64              __$cfsdsklog:                    ; static: __$cfsdsklog
    00005D64 00000004               .RES.L      32
SH SERIES C/C++ Compiler (Ver. checker(2003.03.17))                                              27-Jun-2005 14:17:48  PAGE    1


******** STATISTICS INFORMATION ********


********** ERROR INFORMATION ***********

NUMBER OF ERRORS:           0
NUMBER OF WARNINGS:         0
NUMBER OF INFORMATIONS:     1



******* SOURCE LINE INFORMATION ********

COMPILED SOURCE LINE:      340



******* SECTION SIZE INFORMATION *******

PROGRAM  SECTION (P):                               00000348 Byte(s)
CONSTANT SECTION (C):                               0000003C Byte(s)
DATA     SECTION (D):                               00000000 Byte(s)
BSS      SECTION (B):                               00005DE4 Byte(s)

TOTAL PROGRAM  SECTION: 00000348 Byte(s)
TOTAL CONSTANT SECTION: 0000003C Byte(s)
TOTAL DATA     SECTION: 00000000 Byte(s)
TOTAL BSS      SECTION: 00005DE4 Byte(s)

    TOTAL PROGRAM SIZE: 00006168 Byte(s)



********** LABEL INFORMATION ***********

NUMBER OF EXTERNAL REFERENCE SYMBOLS:           18
NUMBER OF EXTERNAL DEFINITION SYMBOLS:          16
NUMBER OF INTERNAL/EXTERNAL SYMBOLS:            57
*** COMMAND PARAMETER ***


  -cpu=sh2 -op=1 -en=big -me -nodebug -comment=nest -l -def=NDEBUG -i=p:\presto2\shinc,p:\presto2\shinc\DRIVE\FSSVR60,D:\hew\tools\hitachi\sh\7_1_1\include,p:\presto2\norti_12\inc biosfile.c 

