SH SERIES C/C++ Compiler (Ver. checker(2003.03.17))                                              27-Jun-2005 14:17:49  PAGE    1

************ OBJECT LISTING ************

FILE NAME: dos_util.c

SCT OFFSET   CODE       C LABEL     INSTRUCTION OPERAND    COMMENT

P   00000000              _date2dosdate:                   ; function: date2dosdate
                                                           ; frame size=0
    00000000 E308                   MOV         #8,R3      ; H'00000008
    00000002 4318                   SHLL8       R3
    00000004 73BC                   ADD         #-68,R3
    00000006 3438                   SUB         R3,R4
    00000008 624D                   EXTU.W      R4,R2
    0000000A 4208                   SHLL2       R2
    0000000C 4208                   SHLL2       R2
    0000000E 655C                   EXTU.B      R5,R5
    00000010 225B                   OR          R5,R2
    00000012 602D                   EXTU.W      R2,R0
    00000014 4008                   SHLL2       R0
    00000016 4008                   SHLL2       R0
    00000018 4000                   SHLL        R0
    0000001A 646C                   EXTU.B      R6,R4
    0000001C 000B                   RTS
    0000001E 204B                   OR          R4,R0
    00000020              _dosdate2date:                   ; function: dosdate2date
                                                           ; frame size=0
    00000020 6043                   MOV         R4,R0
    00000022 644D                   EXTU.W      R4,R4
    00000024 4409                   SHLR2       R4
    00000026 4409                   SHLR2       R4
    00000028 C91F                   AND         #31,R0
    0000002A 4401                   SHLR        R4
    0000002C 2700                   MOV.B       R0,@R7
    0000002E 6043                   MOV         R4,R0
    00000030 C90F                   AND         #15,R0
    00000032 2600                   MOV.B       R0,@R6
    00000034 604D                   EXTU.W      R4,R0
    00000036 4009                   SHLR2       R0
    00000038 E308                   MOV         #8,R3      ; H'00000008
    0000003A 4009                   SHLR2       R0
    0000003C 4318                   SHLL8       R3
    0000003E C97F                   AND         #127,R0
    00000040 73BC                   ADD         #-68,R3
    00000042 303C                   ADD         R3,R0
    00000044 660C                   EXTU.B      R0,R6
    00000046 000B                   RTS
    00000048 2561                   MOV.W       R6,@R5
    0000004A              _time2dostime:                   ; function: time2dostime
                                                           ; frame size=0
    0000004A 624C                   EXTU.B      R4,R2
    0000004C 4208                   SHLL2       R2
    0000004E 4208                   SHLL2       R2
    00000050 4208                   SHLL2       R2
    00000052 675C                   EXTU.B      R5,R7
    00000054 227B                   OR          R7,R2
    00000056 602D                   EXTU.W      R2,R0
    00000058 4008                   SHLL2       R0
    0000005A 4008                   SHLL2       R0
    0000005C 666C                   EXTU.B      R6,R6
    0000005E 4000                   SHLL        R0
    00000060 4621                   SHAR        R6
    00000062 666D                   EXTU.W      R6,R6
    00000064 000B                   RTS
    00000066 206B                   OR          R6,R0
    00000068              _dostime2time:                   ; function: dostime2time
                                                           ; frame size=0
    00000068 6043                   MOV         R4,R0
    0000006A 644D                   EXTU.W      R4,R4
    0000006C 4409                   SHLR2       R4
    0000006E C91F                   AND         #31,R0
    00000070 4409                   SHLR2       R4
    00000072 4000                   SHLL        R0
    00000074 4401                   SHLR        R4
    00000076 2700                   MOV.B       R0,@R7
    00000078 6043                   MOV         R4,R0
    0000007A C93F                   AND         #63,R0
    0000007C 2600                   MOV.B       R0,@R6
    0000007E 604D                   EXTU.W      R4,R0
    00000080 4009                   SHLR2       R0
    00000082 4009                   SHLR2       R0
    00000084 4009                   SHLR2       R0
    00000086 C91F                   AND         #31,R0
    00000088 000B                   RTS
    0000008A 2500                   MOV.B       R0,@R5
    0000008C              _dosname2name:                   ; function: dosname2name
                                                           ; frame size=4
    0000008C 2FE6                   MOV.L       R14,@-R15
    0000008E 6153                   MOV         R5,R1
    00000090 E508                   MOV         #8,R5      ; H'00000008
    00000092 6713                   MOV         R1,R7
    00000094 EE00                   MOV         #0,R14     ; H'00000000
    00000096 6643                   MOV         R4,R6
    00000098              L15:
    00000098 6260                   MOV.B       @R6,R2
    0000009A 602C                   EXTU.B      R2,R0
    0000009C 8820                   CMP/EQ      #32,R0
    0000009E 8905                   BT          L17
    000000A0 4510                   DT          R5
    000000A2 2700                   MOV.B       R0,@R7
    000000A4 7E01                   ADD         #1,R14
    000000A6 7601                   ADD         #1,R6
    000000A8 8FF6                   BF/S        L15
    000000AA 7701                   ADD         #1,R7
    000000AC              L17:
    000000AC 8448                   MOV.B       @(8,R4),R0
    000000AE 8820                   CMP/EQ      #32,R0
    000000B0 8915                   BT          L19
    000000B2 E32E                   MOV         #46,R3     ; H'0000002E
    000000B4 60E3                   MOV         R14,R0
    000000B6 3E1C                   ADD         R1,R14
    000000B8 0134                   MOV.B       R3,@(R0,R1)
    000000BA 7E01                   ADD         #1,R14
    000000BC 66E3                   MOV         R14,R6
    000000BE E504                   MOV         #4,R5      ; H'00000004
    000000C0 7408                   ADD         #8,R4
    000000C2              L20:
    000000C2 6240                   MOV.B       @R4,R2
    000000C4 602C                   EXTU.B      R2,R0
    000000C6 8820                   CMP/EQ      #32,R0
    000000C8 8B02                   BF          L22
    000000CA 3618                   SUB         R1,R6
    000000CC A007                   BRA         L19
    000000CE 6E63                   MOV         R6,R14
    000000D0              L22:
    000000D0 4510                   DT          R5
    000000D2 2600                   MOV.B       R0,@R6
    000000D4 7601                   ADD         #1,R6
    000000D6 8FF4                   BF/S        L20
    000000D8 7401                   ADD         #1,R4
    000000DA 3618                   SUB         R1,R6
    000000DC 6E63                   MOV         R6,R14
    000000DE              L19:
    000000DE E300                   MOV         #0,R3      ; H'00000000
    000000E0 60E3                   MOV         R14,R0
    000000E2 0134                   MOV.B       R3,@(R0,R1)
    000000E4 000B                   RTS
    000000E6 6EF6                   MOV.L       @R15+,R14
    000000E8              _format_name:                    ; function: format_name
                                                           ; frame size=32
    000000E8 2FB6                   MOV.L       R11,@-R15
    000000EA 2FC6                   MOV.L       R12,@-R15
    000000EC 2FD6                   MOV.L       R13,@-R15
    000000EE 2FE6                   MOV.L       R14,@-R15
    000000F0 4F22                   STS.L       PR,@-R15
    000000F2 7FF4                   ADD         #-12,R15
    000000F4 6053                   MOV         R5,R0
    000000F6 8801                   CMP/EQ      #1,R0
    000000F8 6B63                   MOV         R6,R11
    000000FA 6E53                   MOV         R5,R14
    000000FC 8F0C                   BF/S        L26
    000000FE 6D43                   MOV         R4,R13
    00000100 60D0                   MOV.B       @R13,R0
    00000102 882E                   CMP/EQ      #46,R0
    00000104 8B08                   BF          L26
    00000106 D269                   MOV.L       L83,R2     ; _memset
    00000108 E520                   MOV         #32,R5     ; H'00000020
    0000010A E60C                   MOV         #12,R6     ; H'0000000C
    0000010C 420B                   JSR         @R2
    0000010E 64B3                   MOV         R11,R4
    00000110 E32E                   MOV         #46,R3     ; H'0000002E
    00000112 2B30                   MOV.B       R3,@R11
    00000114 A0C3                   BRA         L28
    00000116 E000                   MOV         #0,R0      ; H'00000000
    00000118              L26:
    00000118 60E3                   MOV         R14,R0
    0000011A 8802                   CMP/EQ      #2,R0
    0000011C 8B12                   BF          L30
    0000011E D564                   MOV.L       L83+4,R5   ; L84
    00000120 E602                   MOV         #2,R6      ; H'00000002
    00000122 D264                   MOV.L       L83+8,R2   ; _memcmp
    00000124 420B                   JSR         @R2
    00000126 64D3                   MOV         R13,R4
    00000128 2008                   TST         R0,R0
    0000012A 8B0B                   BF          L30
    0000012C D25F                   MOV.L       L83,R2     ; _memset
    0000012E E520                   MOV         #32,R5     ; H'00000020
    00000130 E60C                   MOV         #12,R6     ; H'0000000C
    00000132 420B                   JSR         @R2
    00000134 64B3                   MOV         R11,R4
    00000136 D55E                   MOV.L       L83+4,R5   ; L84
    00000138 E602                   MOV         #2,R6      ; H'00000002
    0000013A D25F                   MOV.L       L83+12,R2  ; _memcpy
    0000013C 420B                   JSR         @R2
    0000013E 64B3                   MOV         R11,R4
    00000140 A0AD                   BRA         L28
    00000142 E000                   MOV         #0,R0      ; H'00000000
    00000144              L30:
    00000144 E600                   MOV         #0,R6      ; H'00000000
    00000146 6CB3                   MOV         R11,R12
    00000148 2F60                   MOV.B       R6,@R15
    0000014A 1FB1                   MOV.L       R11,@(4,R15)
    0000014C              L32:
    0000014C 2EE8                   TST         R14,R14
    0000014E 8933                   BT          L34
    00000150 62C3                   MOV         R12,R2
    00000152 32B8                   SUB         R11,R2
    00000154 E708                   MOV         #8,R7      ; H'00000008
    00000156 3273                   CMP/GE      R7,R2
    00000158 892E                   BT          L34
    0000015A 62D4                   MOV.B       @R13+,R2
    0000015C 7EFF                   ADD         #-1,R14
    0000015E D457                   MOV.L       L83+16,R4  ; __$bad_chars
    00000160 662C                   EXTU.B      R2,R6
    00000162 D257                   MOV.L       L83+20,R2  ; _strchr
    00000164 2F60                   MOV.B       R6,@R15
    00000166 420B                   JSR         @R2
    00000168 6563                   MOV         R6,R5
    0000016A 2008                   TST         R0,R0
    0000016C 8B22                   BF          L37
    0000016E 66F0                   MOV.B       @R15,R6
    00000170 E320                   MOV         #32,R3     ; H'00000020
    00000172 666C                   EXTU.B      R6,R6
    00000174 3633                   CMP/GE      R3,R6
    00000176 8B1D                   BF          L37
    00000178 3BC0                   CMP/EQ      R12,R11
    0000017A 8B05                   BF          L40
    0000017C E3E5                   MOV         #-27,R3    ; H'FFFFFFE5
    0000017E 633C                   EXTU.B      R3,R3
    00000180 3630                   CMP/EQ      R3,R6
    00000182 8B01                   BF          L40
    00000184 E605                   MOV         #5,R6      ; H'00000005
    00000186 2F60                   MOV.B       R6,@R15
    00000188              L40:
    00000188 606C                   EXTU.B      R6,R0
    0000018A 882E                   CMP/EQ      #46,R0
    0000018C 8914                   BT          L34
    0000018E 666C                   EXTU.B      R6,R6
    00000190 E361                   MOV         #97,R3     ; H'00000061
    00000192 3633                   CMP/GE      R3,R6
    00000194 8F04                   BF/S        L44
    00000196 E200                   MOV         #0,R2      ; H'00000000
    00000198 E37A                   MOV         #122,R3    ; H'0000007A
    0000019A 3637                   CMP/GT      R3,R6
    0000019C 8900                   BT          L44
    0000019E E201                   MOV         #1,R2      ; H'00000001
    000001A0              L44:
    000001A0 2228                   TST         R2,R2
    000001A2 8902                   BT          L47
    000001A4 6263                   MOV         R6,R2
    000001A6 A001                   BRA         L48
    000001A8 72E0                   ADD         #-32,R2
    000001AA              L47:
    000001AA 6263                   MOV         R6,R2
    000001AC              L48:
    000001AC 2C20                   MOV.B       R2,@R12
    000001AE 7C01                   ADD         #1,R12
    000001B0 AFCC                   BRA         L32
    000001B2 1FC1                   MOV.L       R12,@(4,R15)
    000001B4              L37:
    000001B4 A073                   BRA         L28
    000001B6 E0FF                   MOV         #-1,R0     ; H'FFFFFFFF
    000001B8              L34:
    000001B8 2EE8                   TST         R14,R14
    000001BA 890B                   BT          L50
    000001BC 606C                   EXTU.B      R6,R0
    000001BE 882E                   CMP/EQ      #46,R0
    000001C0 8908                   BT          L50
    000001C2 62D4                   MOV.B       @R13+,R2
    000001C4 7EFF                   ADD         #-1,R14
    000001C6 662C                   EXTU.B      R2,R6
    000001C8 6063                   MOV         R6,R0
    000001CA 882E                   CMP/EQ      #46,R0
    000001CC 8D02                   BT/S        L50
    000001CE 2F60                   MOV.B       R6,@R15
    000001D0 A065                   BRA         L28
    000001D2 E0FF                   MOV         #-1,R0     ; H'FFFFFFFF
    000001D4              L50:
    000001D4 65C3                   MOV         R12,R5
    000001D6 A005                   BRA         L53
    000001D8 35B8                   SUB         R11,R5
    000001DA              L54:
    000001DA 2EE8                   TST         R14,R14
    000001DC 8D05                   BT/S        L56
    000001DE 7EFF                   ADD         #-1,R14
    000001E0 66D4                   MOV.B       @R13+,R6
    000001E2 2F60                   MOV.B       R6,@R15
    000001E4              L53:
    000001E4 606C                   EXTU.B      R6,R0
    000001E6 882E                   CMP/EQ      #46,R0
    000001E8 8BF7                   BF          L54
    000001EA              L56:
    000001EA 606C                   EXTU.B      R6,R0
    000001EC 882E                   CMP/EQ      #46,R0
    000001EE 8B37                   BF          L58
    000001F0 E708                   MOV         #8,R7      ; H'00000008
    000001F2 A005                   BRA         L59
    000001F4 E420                   MOV         #32,R4     ; H'00000020
    000001F6              L60:
    000001F6 2C40                   MOV.B       R4,@R12
    000001F8 7C01                   ADD         #1,R12
    000001FA 1FC1                   MOV.L       R12,@(4,R15)
    000001FC 65C3                   MOV         R12,R5
    000001FE 35B8                   SUB         R11,R5
    00000200              L59:
    00000200 3573                   CMP/GE      R7,R5
    00000202 8BF8                   BF          L60
    00000204              L61:
    00000204 4E15                   CMP/PL      R14
    00000206 8B27                   BF          L63
    00000208 62C3                   MOV         R12,R2
    0000020A 32B8                   SUB         R11,R2
    0000020C E70C                   MOV         #12,R7     ; H'0000000C
    0000020E 3273                   CMP/GE      R7,R2
    00000210 8922                   BT          L63
    00000212 62D4                   MOV.B       @R13+,R2
    00000214 7EFF                   ADD         #-1,R14
    00000216 D429                   MOV.L       L83+16,R4  ; __$bad_chars
    00000218 662C                   EXTU.B      R2,R6
    0000021A D229                   MOV.L       L83+20,R2  ; _strchr
    0000021C 2F60                   MOV.B       R6,@R15
    0000021E 420B                   JSR         @R2
    00000220 6563                   MOV         R6,R5
    00000222 2008                   TST         R0,R0
    00000224 8B16                   BF          L66
    00000226 66F0                   MOV.B       @R15,R6
    00000228 E320                   MOV         #32,R3     ; H'00000020
    0000022A 666C                   EXTU.B      R6,R6
    0000022C 3633                   CMP/GE      R3,R6
    0000022E 8B11                   BF          L66
    00000230 E361                   MOV         #97,R3     ; H'00000061
    00000232 3633                   CMP/GE      R3,R6
    00000234 8F04                   BF/S        L69
    00000236 E200                   MOV         #0,R2      ; H'00000000
    00000238 E37A                   MOV         #122,R3    ; H'0000007A
    0000023A 3637                   CMP/GT      R3,R6
    0000023C 8900                   BT          L69
    0000023E E201                   MOV         #1,R2      ; H'00000001
    00000240              L69:
    00000240 2228                   TST         R2,R2
    00000242 8902                   BT          L72
    00000244 6263                   MOV         R6,R2
    00000246 A001                   BRA         L73
    00000248 72E0                   ADD         #-32,R2
    0000024A              L72:
    0000024A 6263                   MOV         R6,R2
    0000024C              L73:
    0000024C 2C20                   MOV.B       R2,@R12
    0000024E 7C01                   ADD         #1,R12
    00000250 AFD8                   BRA         L61
    00000252 1FC1                   MOV.L       R12,@(4,R15)
    00000254              L66:
    00000254 A023                   BRA         L28
    00000256 E0FF                   MOV         #-1,R0     ; H'FFFFFFFF
    00000258              L63:
    00000258 2EE8                   TST         R14,R14
    0000025A 8901                   BT          L58
    0000025C A01F                   BRA         L28
    0000025E E0FF                   MOV         #-1,R0     ; H'FFFFFFFF
    00000260              L58:
    00000260 62C3                   MOV         R12,R2
    00000262 32B8                   SUB         R11,R2
    00000264 E420                   MOV         #32,R4     ; H'00000020
    00000266 A005                   BRA         L75
    00000268 E70C                   MOV         #12,R7     ; H'0000000C
    0000026A              L76:
    0000026A 2C40                   MOV.B       R4,@R12
    0000026C 7C01                   ADD         #1,R12
    0000026E 1FC1                   MOV.L       R12,@(4,R15)
    00000270 62C3                   MOV         R12,R2
    00000272 32B8                   SUB         R11,R2
    00000274              L75:
    00000274 3273                   CMP/GE      R7,R2
    00000276 8BF8                   BF          L76
    00000278 DE12                   MOV.L       L83+24,R14 ; __$reserved_names
    0000027A E300                   MOV         #0,R3      ; H'00000000
    0000027C 2C30                   MOV.B       R3,@R12
    0000027E A00A                   BRA         L78
    00000280 1FE2                   MOV.L       R14,@(8,R15)
    00000282              L79:
    00000282 D211                   MOV.L       L83+28,R2  ; _strncmp
    00000284 E608                   MOV         #8,R6      ; H'00000008
    00000286 420B                   JSR         @R2
    00000288 64B3                   MOV         R11,R4
    0000028A 2008                   TST         R0,R0
    0000028C 8B01                   BF          L81
    0000028E A006                   BRA         L28
    00000290 E0FF                   MOV         #-1,R0     ; H'FFFFFFFF
    00000292              L81:
    00000292 7E04                   ADD         #4,R14
    00000294 1FE2                   MOV.L       R14,@(8,R15)
    00000296              L78:
    00000296 65E2                   MOV.L       @R14,R5
    00000298 2558                   TST         R5,R5
    0000029A 8BF2                   BF          L79
    0000029C E000                   MOV         #0,R0      ; H'00000000
    0000029E              L28:
    0000029E 7F0C                   ADD         #12,R15
    000002A0 4F26                   LDS.L       @R15+,PR
    000002A2 6EF6                   MOV.L       @R15+,R14
    000002A4 6DF6                   MOV.L       @R15+,R13
    000002A6 6CF6                   MOV.L       @R15+,R12
    000002A8 000B                   RTS
    000002AA 6BF6                   MOV.L       @R15+,R11
    000002AC              L83:
    000002AC <00000000>             .DATA.L     _memset
    000002B0 <00000000>             .DATA.L     L84
    000002B4 <00000000>             .DATA.L     _memcmp
    000002B8 <00000000>             .DATA.L     _memcpy
    000002BC <00000000>             .DATA.L     __$bad_chars
    000002C0 <00000000>             .DATA.L     _strchr
    000002C4 <00000000>             .DATA.L     __$reserved_names
    000002C8 <00000000>             .DATA.L     _strncmp
C   00000000              __$reserved_names:               ; static: __$reserved_names
    00000000 <00000000>             .DATA.L     L88
    00000004 <00000000>             .DATA.L     L89
    00000008 <00000000>             .DATA.L     L90
    0000000C <00000000>             .DATA.L     L91
    00000010 <00000000>             .DATA.L     L92
    00000014 <00000000>             .DATA.L     L93
    00000018 <00000000>             .DATA.L     L94
    0000001C <00000000>             .DATA.L     L95
    00000020 <00000000>             .DATA.L     L96
    00000024 <00000000>             .DATA.L     L97
    00000028 <00000000>             .DATA.L     L98
    0000002C <00000000>             .DATA.L     L99
    00000030 00000000               .DATA.L     H'00000000
    00000034              __$bad_chars:                    ; static: __$bad_chars
    00000034 2B3D2C3B3A             .SDATA      "+=,;:\ *?<>|"""
             5C202A3F3C   
             3E7C22       
    00000041 00                     .DATA.B     H'00
    00000042              __$del_simbol:                   ; static: __$del_simbol
    00000042 E5                     .DATA.B     H'E5
    00000043 00000001               .RES.B      1
    00000044              L88:
    00000044 434F4E2020             .SDATA      "CON     "
             202020       
    0000004C 00                     .DATA.B     H'00
    0000004D 00                     .DATAB.B    3,0
    00000050              L89:
    00000050 50524E2020             .SDATA      "PRN     "
             202020       
    00000058 00                     .DATA.B     H'00
    00000059 00                     .DATAB.B    3,0
    0000005C              L90:
    0000005C 4E554C2020             .SDATA      "NUL     "
             202020       
    00000064 00                     .DATA.B     H'00
    00000065 00                     .DATAB.B    3,0
    00000068              L91:
    00000068 4155582020             .SDATA      "AUX     "
             202020       
    00000070 00                     .DATA.B     H'00
    00000071 00                     .DATAB.B    3,0
    00000074              L92:
    00000074 4C50543120             .SDATA      "LPT1    "
             202020       
    0000007C 00                     .DATA.B     H'00
    0000007D 00                     .DATAB.B    3,0
    00000080              L93:
    00000080 4C50543220             .SDATA      "LPT2    "
             202020       
    00000088 00                     .DATA.B     H'00
    00000089 00                     .DATAB.B    3,0
    0000008C              L94:
    0000008C 4C50543320             .SDATA      "LPT3    "
             202020       
    00000094 00                     .DATA.B     H'00
    00000095 00                     .DATAB.B    3,0
    00000098              L95:
    00000098 4C50543420             .SDATA      "LPT4    "
             202020       
    000000A0 00                     .DATA.B     H'00
    000000A1 00                     .DATAB.B    3,0
    000000A4              L96:
    000000A4 434F4D3120             .SDATA      "COM1    "
             202020       
    000000AC 00                     .DATA.B     H'00
    000000AD 00                     .DATAB.B    3,0
    000000B0              L97:
    000000B0 434F4D3220             .SDATA      "COM2    "
             202020       
    000000B8 00                     .DATA.B     H'00
    000000B9 00                     .DATAB.B    3,0
    000000BC              L98:
    000000BC 434F4D3320             .SDATA      "COM3    "
             202020       
    000000C4 00                     .DATA.B     H'00
    000000C5 00                     .DATAB.B    3,0
    000000C8              L99:
    000000C8 434F4D3420             .SDATA      "COM4    "
             202020       
    000000D0 00                     .DATA.B     H'00
    000000D1 00                     .DATAB.B    3,0
    000000D4              L84:
    000000D4 2E2E                   .SDATA      ".."
    000000D6 00                     .DATA.B     H'00
SH SERIES C/C++ Compiler (Ver. checker(2003.03.17))                                              27-Jun-2005 14:17:49  PAGE    1


******** STATISTICS INFORMATION ********


********** ERROR INFORMATION ***********

NUMBER OF ERRORS:           0
NUMBER OF WARNINGS:         0
NUMBER OF INFORMATIONS:     0



******* SOURCE LINE INFORMATION ********

COMPILED SOURCE LINE:      191



******* SECTION SIZE INFORMATION *******

PROGRAM  SECTION (P):                               000002CC Byte(s)
CONSTANT SECTION (C):                               000000D7 Byte(s)
DATA     SECTION (D):                               00000000 Byte(s)
BSS      SECTION (B):                               00000000 Byte(s)

TOTAL PROGRAM  SECTION: 000002CC Byte(s)
TOTAL CONSTANT SECTION: 000000D7 Byte(s)
TOTAL DATA     SECTION: 00000000 Byte(s)
TOTAL BSS      SECTION: 00000000 Byte(s)

    TOTAL PROGRAM SIZE: 000003A3 Byte(s)



********** LABEL INFORMATION ***********

NUMBER OF EXTERNAL REFERENCE SYMBOLS:            5
NUMBER OF EXTERNAL DEFINITION SYMBOLS:           6
NUMBER OF INTERNAL/EXTERNAL SYMBOLS:            58
*** COMMAND PARAMETER ***


  -cpu=sh2 -op=1 -en=big -me -nodebug -comment=nest -l -def=NDEBUG -i=p:\presto2\shinc,p:\presto2\shinc\DRIVE\FSSVR60,D:\hew\tools\hitachi\sh\7_1_1\include,p:\presto2\norti_12\inc dos_util.c 

