SH SERIES C/C++ Compiler (Ver. checker(2003.03.17))                                              27-Jun-2005 14:17:50  PAGE    1

************ OBJECT LISTING ************

FILE NAME: powfail.c

SCT OFFSET   CODE       C LABEL     INSTRUCTION OPERAND    COMMENT

P   00000000              _SetScanDiskFlg:                 ; function: SetScanDiskFlg
                                                           ; frame size=0
    00000000 E3FF                   MOV         #-1,R3     ; H'FFFFFFFF
    00000002 D2B2                   MOV.L       L55,R2     ; __$act_scandisk
    00000004 4318                   SHLL8       R3
    00000006 73FC                   ADD         #-4,R3
    00000008 323C                   ADD         R3,R2
    0000000A 4408                   SHLL2       R4
    0000000C E101                   MOV         #1,R1      ; H'00000001
    0000000E 6043                   MOV         R4,R0
    00000010 000B                   RTS
    00000012 0216                   MOV.L       R1,@(R0,R2)
    00000014              _GetScanDiskFlg:                 ; function: GetScanDiskFlg
                                                           ; frame size=0
    00000014 E3FF                   MOV         #-1,R3     ; H'FFFFFFFF
    00000016 D2AD                   MOV.L       L55,R2     ; __$act_scandisk
    00000018 4318                   SHLL8       R3
    0000001A 73FC                   ADD         #-4,R3
    0000001C 323C                   ADD         R3,R2
    0000001E 4408                   SHLL2       R4
    00000020 6043                   MOV         R4,R0
    00000022 000B                   RTS
    00000024 002E                   MOV.L       @(R0,R2),R0
    00000026              _ClearScanDiskFlg:               ; function: ClearScanDiskFlg
                                                           ; frame size=0
    00000026 E3FF                   MOV         #-1,R3     ; H'FFFFFFFF
    00000028 D2A8                   MOV.L       L55,R2     ; __$act_scandisk
    0000002A 4318                   SHLL8       R3
    0000002C 73FC                   ADD         #-4,R3
    0000002E 323C                   ADD         R3,R2
    00000030 4408                   SHLL2       R4
    00000032 E100                   MOV         #0,R1      ; H'00000000
    00000034 6043                   MOV         R4,R0
    00000036 000B                   RTS
    00000038 0216                   MOV.L       R1,@(R0,R2)
    0000003A              _SetBackupFlg:                   ; function: SetBackupFlg
                                                           ; frame size=8
    0000003A 2FE6                   MOV.L       R14,@-R15
    0000003C 4F22                   STS.L       PR,@-R15
    0000003E BFE9                   BSR         _GetScanDiskFlg
    00000040 6E43                   MOV         R4,R14
    00000042 2008                   TST         R0,R0
    00000044 8B08                   BF          L15
    00000046 E3FF                   MOV         #-1,R3     ; H'FFFFFFFF
    00000048 D2A1                   MOV.L       L55+4,R2   ; __$backupflg
    0000004A 4318                   SHLL8       R3
    0000004C 73FC                   ADD         #-4,R3
    0000004E 323C                   ADD         R3,R2
    00000050 4E08                   SHLL2       R14
    00000052 E101                   MOV         #1,R1      ; H'00000001
    00000054 60E3                   MOV         R14,R0
    00000056 0216                   MOV.L       R1,@(R0,R2)
    00000058              L15:
    00000058 4F26                   LDS.L       @R15+,PR
    0000005A 000B                   RTS
    0000005C 6EF6                   MOV.L       @R15+,R14
    0000005E              _GetBackupFlg:                   ; function: GetBackupFlg
                                                           ; frame size=0
    0000005E E3FF                   MOV         #-1,R3     ; H'FFFFFFFF
    00000060 D29B                   MOV.L       L55+4,R2   ; __$backupflg
    00000062 4318                   SHLL8       R3
    00000064 73FC                   ADD         #-4,R3
    00000066 323C                   ADD         R3,R2
    00000068 4408                   SHLL2       R4
    0000006A 6043                   MOV         R4,R0
    0000006C 000B                   RTS
    0000006E 002E                   MOV.L       @(R0,R2),R0
    00000070              _ClearBackupFlg:                 ; function: ClearBackupFlg
                                                           ; frame size=8
    00000070 2FE6                   MOV.L       R14,@-R15
    00000072 4F22                   STS.L       PR,@-R15
    00000074 BFCE                   BSR         _GetScanDiskFlg
    00000076 6E43                   MOV         R4,R14
    00000078 2008                   TST         R0,R0
    0000007A 8B08                   BF          L19
    0000007C E3FF                   MOV         #-1,R3     ; H'FFFFFFFF
    0000007E D294                   MOV.L       L55+4,R2   ; __$backupflg
    00000080 4318                   SHLL8       R3
    00000082 73FC                   ADD         #-4,R3
    00000084 323C                   ADD         R3,R2
    00000086 4E08                   SHLL2       R14
    00000088 E100                   MOV         #0,R1      ; H'00000000
    0000008A 60E3                   MOV         R14,R0
    0000008C 0216                   MOV.L       R1,@(R0,R2)
    0000008E              L19:
    0000008E 4F26                   LDS.L       @R15+,PR
    00000090 000B                   RTS
    00000092 6EF6                   MOV.L       @R15+,R14
    00000094              _Set_PowerFailureFlg:            ; function: Set_PowerFailureFlg
                                                           ; frame size=0
    00000094 E3FF                   MOV         #-1,R3     ; H'FFFFFFFF
    00000096 D28F                   MOV.L       L55+8,R2   ; __$use_area_num
    00000098 4318                   SHLL8       R3
    0000009A D78F                   MOV.L       L55+12,R7  ; __$backupdata
    0000009C 73FC                   ADD         #-4,R3
    0000009E 323C                   ADD         R3,R2
    000000A0 4408                   SHLL2       R4
    000000A2 6043                   MOV         R4,R0
    000000A4 002E                   MOV.L       @(R0,R2),R0
    000000A6 4008                   SHLL2       R0
    000000A8 057E                   MOV.L       @(R0,R7),R5
    000000AA 5251                   MOV.L       @(4,R5),R2
    000000AC 7201                   ADD         #1,R2
    000000AE 000B                   RTS
    000000B0 1521                   MOV.L       R2,@(4,R5)
    000000B2              _Get_PowerFailureFlg:            ; function: Get_PowerFailureFlg
                                                           ; frame size=0
    000000B2 E3FF                   MOV         #-1,R3     ; H'FFFFFFFF
    000000B4 D287                   MOV.L       L55+8,R2   ; __$use_area_num
    000000B6 4318                   SHLL8       R3
    000000B8 D587                   MOV.L       L55+12,R5  ; __$backupdata
    000000BA 73FC                   ADD         #-4,R3
    000000BC 323C                   ADD         R3,R2
    000000BE 4408                   SHLL2       R4
    000000C0 6043                   MOV         R4,R0
    000000C2 002E                   MOV.L       @(R0,R2),R0
    000000C4 4008                   SHLL2       R0
    000000C6 025E                   MOV.L       @(R0,R5),R2
    000000C8 000B                   RTS
    000000CA 5021                   MOV.L       @(4,R2),R0
    000000CC              _Clear_PowerFailureFlg:          ; function: Clear_PowerFailureFlg
                                                           ; frame size=0
    000000CC E3FF                   MOV         #-1,R3     ; H'FFFFFFFF
    000000CE D281                   MOV.L       L55+8,R2   ; __$use_area_num
    000000D0 4318                   SHLL8       R3
    000000D2 D581                   MOV.L       L55+12,R5  ; __$backupdata
    000000D4 73FC                   ADD         #-4,R3
    000000D6 323C                   ADD         R3,R2
    000000D8 4408                   SHLL2       R4
    000000DA 6043                   MOV         R4,R0
    000000DC 002E                   MOV.L       @(R0,R2),R0
    000000DE E100                   MOV         #0,R1      ; H'00000000
    000000E0 4008                   SHLL2       R0
    000000E2 025E                   MOV.L       @(R0,R5),R2
    000000E4 000B                   RTS
    000000E6 1211                   MOV.L       R1,@(4,R2)
    000000E8              _Init_BackupParameter:           ; function: Init_BackupParameter
                                                           ; frame size=20
    000000E8 2FC6                   MOV.L       R12,@-R15
    000000EA 2FD6                   MOV.L       R13,@-R15
    000000EC 2FE6                   MOV.L       R14,@-R15
    000000EE 4F22                   STS.L       PR,@-R15
    000000F0 4F12                   STS.L       MACL,@-R15
    000000F2 D476                   MOV.L       L55,R4     ; __$act_scandisk
    000000F4 E500                   MOV         #0,R5      ; H'00000000
    000000F6 DE79                   MOV.L       L55+16,R14 ; _memset
    000000F8 E668                   MOV         #104,R6    ; H'00000068
    000000FA DC76                   MOV.L       L55+8,R12  ; __$use_area_num
    000000FC 4E0B                   JSR         @R14
    000000FE ED01                   MOV         #1,R13     ; H'00000001
    00000100 D473                   MOV.L       L55+4,R4   ; __$backupflg
    00000102 E500                   MOV         #0,R5      ; H'00000000
    00000104 4E0B                   JSR         @R14
    00000106 E668                   MOV         #104,R6    ; H'00000068
    00000108 E500                   MOV         #0,R5      ; H'00000000
    0000010A 64C3                   MOV         R12,R4
    0000010C 4E0B                   JSR         @R14
    0000010E E668                   MOV         #104,R6    ; H'00000068
    00000110 DE73                   MOV.L       L55+20,R14 ; H'22001000
    00000112 E771                   MOV         #113,R7    ; H'00000071
    00000114 4718                   SHLL8       R7
    00000116 D670                   MOV.L       L55+12,R6  ; __$backupdata
    00000118 E502                   MOV         #2,R5      ; H'00000002
    0000011A E400                   MOV         #0,R4      ; H'00000000
    0000011C 77E8                   ADD         #-24,R7
    0000011E              L24:
    0000011E 0747                   MUL.L       R4,R7
    00000120 4510                   DT          R5
    00000122 34DC                   ADD         R13,R4
    00000124 021A                   STS         MACL,R2
    00000126 32EC                   ADD         R14,R2
    00000128 2622                   MOV.L       R2,@R6
    0000012A 8FF8                   BF/S        L24
    0000012C 7604                   ADD         #4,R6
    0000012E E300                   MOV         #0,R3      ; H'00000000
    00000130 E101                   MOV         #1,R1      ; H'00000001
    00000132 1C32                   MOV.L       R3,@(8,R12)
    00000134 1C14                   MOV.L       R1,@(16,R12)
    00000136 4F16                   LDS.L       @R15+,MACL
    00000138 4F26                   LDS.L       @R15+,PR
    0000013A 6EF6                   MOV.L       @R15+,R14
    0000013C 6DF6                   MOV.L       @R15+,R13
    0000013E 000B                   RTS
    00000140 6CF6                   MOV.L       @R15+,R12
    00000142              _Restore_BackupData:             ; function: Restore_BackupData
                                                           ; frame size=56
    00000142 2F86                   MOV.L       R8,@-R15
    00000144 2F96                   MOV.L       R9,@-R15
    00000146 2FA6                   MOV.L       R10,@-R15
    00000148 2FB6                   MOV.L       R11,@-R15
    0000014A 2FC6                   MOV.L       R12,@-R15
    0000014C 2FD6                   MOV.L       R13,@-R15
    0000014E 2FE6                   MOV.L       R14,@-R15
    00000150 4F22                   STS.L       PR,@-R15
    00000152 7FE8                   ADD         #-24,R15
    00000154 E3FF                   MOV         #-1,R3     ; H'FFFFFFFF
    00000156 D55F                   MOV.L       L55+8,R5   ; __$use_area_num
    00000158 4318                   SHLL8       R3
    0000015A 6843                   MOV         R4,R8
    0000015C 73FC                   ADD         #-4,R3
    0000015E DD5E                   MOV.L       L55+12,R13 ; __$backupdata
    00000160 353C                   ADD         R3,R5
    00000162 6743                   MOV         R4,R7
    00000164 4808                   SHLL2       R8
    00000166 6083                   MOV         R8,R0
    00000168 005E                   MOV.L       @(R0,R5),R0
    0000016A E1FB                   MOV         #-5,R1     ; H'FFFFFFFB
    0000016C 4008                   SHLL2       R0
    0000016E 384C                   ADD         R4,R8
    00000170 04DE                   MOV.L       @(R0,R13),R4
    00000172 DD5C                   MOV.L       L55+24,R13 ; _tfmr_part_ramaddr
    00000174 4118                   SHLL8       R1
    00000176 71EC                   ADD         #-20,R1
    00000178 6903                   MOV         R0,R9
    0000017A 4808                   SHLL2       R8
    0000017C 6542                   MOV.L       @R4,R5
    0000017E 3D1C                   ADD         R1,R13
    00000180 6083                   MOV         R8,R0
    00000182 06DE                   MOV.L       @(R0,R13),R6
    00000184 526B                   MOV.L       @(44,R6),R2
    00000186 3520                   CMP/EQ      R2,R5
    00000188 8D08                   BT/S        L29
    0000018A EE00                   MOV         #0,R14     ; H'00000000
    0000018C E671                   MOV         #113,R6    ; H'00000071
    0000018E D253                   MOV.L       L55+16,R2  ; _memset
    00000190 4618                   SHLL8       R6
    00000192 E500                   MOV         #0,R5      ; H'00000000
    00000194 420B                   JSR         @R2
    00000196 76E8                   ADD         #-24,R6
    00000198 A044                   BRA         L30
    0000019A E000                   MOV         #0,R0      ; H'00000000
    0000019C              L29:
    0000019C BF89                   BSR         _Get_PowerFailureFlg
    0000019E 6473                   MOV         R7,R4
    000001A0 4015                   CMP/PL      R0
    000001A2 8F35                   BF/S        L32
    000001A4 6A03                   MOV         R0,R10
    000001A6 E338                   MOV         #56,R3     ; H'00000038
    000001A8 3A37                   CMP/GT      R3,R10
    000001AA 8931                   BT          L32
    000001AC ED00                   MOV         #0,R13     ; H'00000000
    000001AE A02C                   BRA         L34
    000001B0 6CD3                   MOV         R13,R12
    000001B2              L35:
    000001B2 D249                   MOV.L       L55+12,R2  ; __$backupdata
    000001B4 6093                   MOV         R9,R0
    000001B6 E301                   MOV         #1,R3      ; H'00000001
    000001B8 0B2E                   MOV.L       @(R0,R2),R11
    000001BA E1FB                   MOV         #-5,R1     ; H'FFFFFFFB
    000001BC 2F31                   MOV.W       R3,@R15
    000001BE 4118                   SHLL8       R1
    000001C0 62B3                   MOV         R11,R2
    000001C2 7208                   ADD         #8,R2
    000001C4 D347                   MOV.L       L55+24,R3  ; _tfmr_part_ramaddr
    000001C6 60C3                   MOV         R12,R0
    000001C8 062E                   MOV.L       @(R0,R2),R6
    000001CA 71EC                   ADD         #-20,R1
    000001CC 62B3                   MOV         R11,R2
    000001CE 720C                   ADD         #12,R2
    000001D0 331C                   ADD         R1,R3
    000001D2 1F61                   MOV.L       R6,@(4,R15)
    000001D4 32CC                   ADD         R12,R2
    000001D6 6083                   MOV         R8,R0
    000001D8 063E                   MOV.L       @(R0,R3),R6
    000001DA E507                   MOV         #7,R5      ; H'00000007
    000001DC 1FF2                   MOV.L       R15,@(8,R15)
    000001DE 1F23                   MOV.L       R2,@(12,R15)
    000001E0 8462                   MOV.B       @(2,R6),R0
    000001E2 5264                   MOV.L       @(16,R6),R2
    000001E4 66F3                   MOV         R15,R6
    000001E6 640C                   EXTU.B      R0,R4
    000001E8 420B                   JSR         @R2
    000001EA 7604                   ADD         #4,R6
    000001EC 2008                   TST         R0,R0
    000001EE 8F03                   BF/S        L37
    000001F0 6203                   MOV         R0,R2
    000001F2 60F1                   MOV.W       @R15,R0
    000001F4 8801                   CMP/EQ      #1,R0
    000001F6 8903                   BT          L38
    000001F8              L37:
    000001F8 2228                   TST         R2,R2
    000001FA 8D01                   BT/S        L38
    000001FC EECA                   MOV         #-54,R14   ; H'FFFFFFCA
    000001FE 6E23                   MOV         R2,R14
    00000200              L38:
    00000200 E302                   MOV         #2,R3      ; H'00000002
    00000202 4318                   SHLL8       R3
    00000204 7304                   ADD         #4,R3
    00000206 3C3C                   ADD         R3,R12
    00000208 7D01                   ADD         #1,R13
    0000020A              L34:
    0000020A 3DA3                   CMP/GE      R10,R13
    0000020C 8BD1                   BF          L35
    0000020E 1FB5                   MOV.L       R11,@(20,R15)
    00000210              L32:
    00000210 D231                   MOV.L       L55+12,R2  ; __$backupdata
    00000212 E671                   MOV         #113,R6    ; H'00000071
    00000214 6093                   MOV         R9,R0
    00000216 4618                   SHLL8       R6
    00000218 042E                   MOV.L       @(R0,R2),R4
    0000021A E500                   MOV         #0,R5      ; H'00000000
    0000021C D22F                   MOV.L       L55+16,R2  ; _memset
    0000021E 420B                   JSR         @R2
    00000220 76E8                   ADD         #-24,R6
    00000222 60E3                   MOV         R14,R0
    00000224              L30:
    00000224 7F18                   ADD         #24,R15
    00000226 4F26                   LDS.L       @R15+,PR
    00000228 6EF6                   MOV.L       @R15+,R14
    0000022A 6DF6                   MOV.L       @R15+,R13
    0000022C 6CF6                   MOV.L       @R15+,R12
    0000022E 6BF6                   MOV.L       @R15+,R11
    00000230 6AF6                   MOV.L       @R15+,R10
    00000232 69F6                   MOV.L       @R15+,R9
    00000234 000B                   RTS
    00000236 68F6                   MOV.L       @R15+,R8
    00000238              _Store_BackupData:               ; function: Store_BackupData
                                                           ; frame size=52
    00000238 2FA6                   MOV.L       R10,@-R15
    0000023A 2FB6                   MOV.L       R11,@-R15
    0000023C 2FC6                   MOV.L       R12,@-R15
    0000023E 2FD6                   MOV.L       R13,@-R15
    00000240 2FE6                   MOV.L       R14,@-R15
    00000242 4F22                   STS.L       PR,@-R15
    00000244 7FE4                   ADD         #-28,R15
    00000246 6D53                   MOV         R5,R13
    00000248 6C43                   MOV         R4,R12
    0000024A BF08                   BSR         _GetBackupFlg
    0000024C 6453                   MOV         R5,R4
    0000024E 2008                   TST         R0,R0
    00000250 8970                   BT          L43
    00000252 BF2E                   BSR         _Get_PowerFailureFlg
    00000254 64D3                   MOV         R13,R4
    00000256 E338                   MOV         #56,R3     ; H'00000038
    00000258 3033                   CMP/GE      R3,R0
    0000025A 8D69                   BT/S        L45
    0000025C 6E03                   MOV         R0,R14
    0000025E E3FF                   MOV         #-1,R3     ; H'FFFFFFFF
    00000260 D61C                   MOV.L       L55+8,R6   ; __$use_area_num
    00000262 4318                   SHLL8       R3
    00000264 65D3                   MOV         R13,R5
    00000266 73FC                   ADD         #-4,R3
    00000268 DA1E                   MOV.L       L55+24,R10 ; _tfmr_part_ramaddr
    0000026A 363C                   ADD         R3,R6
    0000026C D11A                   MOV.L       L55+12,R1  ; __$backupdata
    0000026E 4508                   SHLL2       R5
    00000270 62A3                   MOV         R10,R2
    00000272 E3FB                   MOV         #-5,R3     ; H'FFFFFFFB
    00000274 6053                   MOV         R5,R0
    00000276 076E                   MOV.L       @(R0,R6),R7
    00000278 4318                   SHLL8       R3
    0000027A 35DC                   ADD         R13,R5
    0000027C 64E3                   MOV         R14,R4
    0000027E 73EC                   ADD         #-20,R3
    00000280 4708                   SHLL2       R7
    00000282 4508                   SHLL2       R5
    00000284 6073                   MOV         R7,R0
    00000286 323C                   ADD         R3,R2
    00000288 0B1E                   MOV.L       @(R0,R1),R11
    0000028A 1F56                   MOV.L       R5,@(24,R15)
    0000028C 6053                   MOV         R5,R0
    0000028E 052E                   MOV.L       @(R0,R2),R5
    00000290 4408                   SHLL2       R4
    00000292 4408                   SHLL2       R4
    00000294 525B                   MOV.L       @(44,R5),R2
    00000296 4408                   SHLL2       R4
    00000298 4400                   SHLL        R4
    0000029A 6073                   MOV         R7,R0
    0000029C 2B22                   MOV.L       R2,@R11
    0000029E 34EC                   ADD         R14,R4
    000002A0 061E                   MOV.L       @(R0,R1),R6
    000002A2 4408                   SHLL2       R4
    000002A4 65C2                   MOV.L       @R12,R5
    000002A6 6043                   MOV         R4,R0
    000002A8 6263                   MOV         R6,R2
    000002AA 7208                   ADD         #8,R2
    000002AC 0256                   MOV.L       R5,@(R0,R2)
    000002AE 7B0C                   ADD         #12,R11
    000002B0 67C2                   MOV.L       @R12,R7
    000002B2 3B4C                   ADD         R4,R11
    000002B4 1F65                   MOV.L       R6,@(20,R15)
    000002B6 7608                   ADD         #8,R6
    000002B8 E402                   MOV         #2,R4      ; H'00000002
    000002BA 4418                   SHLL8       R4
    000002BC E500                   MOV         #0,R5      ; H'00000000
    000002BE A015                   BRA         L46
    000002C0 7404                   ADD         #4,R4
    000002C2              L47:
    000002C2 6262                   MOV.L       @R6,R2
    000002C4 3720                   CMP/EQ      R2,R7
    000002C6 8B0F                   BF          L49
    000002C8 A035                   BRA         L50
    000002CA E000                   MOV         #0,R0      ; H'00000000
    000002CC              L55:
    000002CC <00000000>             .DATA.L     __$act_scandisk
    000002D0 <00000000>             .DATA.L     __$backupflg
    000002D4 <00000000>             .DATA.L     __$use_area_num
    000002D8 <00000000>             .DATA.L     __$backupdata
    000002DC <00000000>             .DATA.L     _memset
    000002E0 22001000               .DATA.L     H'22001000
    000002E4 <00000000>             .DATA.L     _tfmr_part_ramaddr
    000002E8              L49:
    000002E8 7501                   ADD         #1,R5
    000002EA 364C                   ADD         R4,R6
    000002EC              L46:
    000002EC 35E3                   CMP/GE      R14,R5
    000002EE 8BE8                   BF          L47
    000002F0 1F71                   MOV.L       R7,@(4,R15)
    000002F2 E1FB                   MOV         #-5,R1     ; H'FFFFFFFB
    000002F4 52C3                   MOV.L       @(12,R12),R2
    000002F6 4118                   SHLL8       R1
    000002F8 71EC                   ADD         #-20,R1
    000002FA 50F6                   MOV.L       @(24,R15),R0
    000002FC 1F24                   MOV.L       R2,@(16,R15)
    000002FE 3A1C                   ADD         R1,R10
    00000300 56C1                   MOV.L       @(4,R12),R6
    00000302 E506                   MOV         #6,R5      ; H'00000006
    00000304 6261                   MOV.W       @R6,R2
    00000306 66F3                   MOV         R15,R6
    00000308 1FF2                   MOV.L       R15,@(8,R15)
    0000030A 7604                   ADD         #4,R6
    0000030C 2F21                   MOV.W       R2,@R15
    0000030E 02AE                   MOV.L       @(R0,R10),R2
    00000310 1FB3                   MOV.L       R11,@(12,R15)
    00000312 8422                   MOV.B       @(2,R2),R0
    00000314 5724                   MOV.L       @(16,R2),R7
    00000316 470B                   JSR         @R7
    00000318 640C                   EXTU.B      R0,R4
    0000031A 2008                   TST         R0,R0
    0000031C 8B0B                   BF          L50
    0000031E 60F1                   MOV.W       @R15,R0
    00000320 8801                   CMP/EQ      #1,R0
    00000322 8B03                   BF          L54
    00000324 BEB6                   BSR         _Set_PowerFailureFlg
    00000326 64D3                   MOV         R13,R4
    00000328 A005                   BRA         L50
    0000032A E000                   MOV         #0,R0      ; H'00000000
    0000032C              L54:
    0000032C A003                   BRA         L50
    0000032E E0CA                   MOV         #-54,R0    ; H'FFFFFFCA
    00000330              L45:
    00000330 A001                   BRA         L50
    00000332 E000                   MOV         #0,R0      ; H'00000000
    00000334              L43:
    00000334 E000                   MOV         #0,R0      ; H'00000000
    00000336              L50:
    00000336 7F1C                   ADD         #28,R15
    00000338 4F26                   LDS.L       @R15+,PR
    0000033A 6EF6                   MOV.L       @R15+,R14
    0000033C 6DF6                   MOV.L       @R15+,R13
    0000033E 6CF6                   MOV.L       @R15+,R12
    00000340 6BF6                   MOV.L       @R15+,R11
    00000342 000B                   RTS
    00000344 6AF6                   MOV.L       @R15+,R10
B   00000000              __$act_scandisk:                 ; static: __$act_scandisk
    00000000 00000004               .RES.L      26
    00000068              __$backupflg:                    ; static: __$backupflg
    00000068 00000004               .RES.L      26
    000000D0              __$use_area_num:                 ; static: __$use_area_num
    000000D0 00000004               .RES.L      26
    00000138              __$backupdata:                   ; static: __$backupdata
    00000138 00000004               .RES.L      2
SH SERIES C/C++ Compiler (Ver. checker(2003.03.17))                                              27-Jun-2005 14:17:50  PAGE    1


******** STATISTICS INFORMATION ********


********** ERROR INFORMATION ***********

NUMBER OF ERRORS:           0
NUMBER OF WARNINGS:         0
NUMBER OF INFORMATIONS:     0



******* SOURCE LINE INFORMATION ********

COMPILED SOURCE LINE:      231



******* SECTION SIZE INFORMATION *******

PROGRAM  SECTION (P):                               00000346 Byte(s)
CONSTANT SECTION (C):                               00000000 Byte(s)
DATA     SECTION (D):                               00000000 Byte(s)
BSS      SECTION (B):                               00000140 Byte(s)

TOTAL PROGRAM  SECTION: 00000346 Byte(s)
TOTAL CONSTANT SECTION: 00000000 Byte(s)
TOTAL DATA     SECTION: 00000000 Byte(s)
TOTAL BSS      SECTION: 00000140 Byte(s)

    TOTAL PROGRAM SIZE: 00000486 Byte(s)



********** LABEL INFORMATION ***********

NUMBER OF EXTERNAL REFERENCE SYMBOLS:            2
NUMBER OF EXTERNAL DEFINITION SYMBOLS:          12
NUMBER OF INTERNAL/EXTERNAL SYMBOLS:            32
*** COMMAND PARAMETER ***


  -cpu=sh2 -op=1 -en=big -me -nodebug -comment=nest -l -def=NDEBUG -i=p:\presto2\shinc,p:\presto2\shinc\DRIVE\FSSVR60,D:\hew\tools\hitachi\sh\7_1_1\include,p:\presto2\norti_12\inc powfail.c 

