SH SERIES C/C++ Compiler (Ver. checker(2003.03.17))                                              27-Jun-2005 14:17:49  PAGE    1

************ OBJECT LISTING ************

FILE NAME: shellsrc.c

SCT OFFSET   CODE       C LABEL     INSTRUCTION OPERAND    COMMENT

P   00000000              __$ReplacePathSymbol:            ; function: __$ReplacePathSymbol
                                                           ; frame size=8
    00000000 4F22                   STS.L       PR,@-R15
    00000002 7FFC                   ADD         #-4,R15
    00000004 D289                   MOV.L       L98+2,R2   ; _strlen
    00000006 420B                   JSR         @R2
    00000008 2F42                   MOV.L       R4,@R15
    0000000A 64F2                   MOV.L       @R15,R4
    0000000C 6503                   MOV         R0,R5
    0000000E E600                   MOV         #0,R6      ; H'00000000
    00000010 A006                   BRA         L11
    00000012 E75C                   MOV         #92,R7     ; H'0000005C
    00000014              L12:
    00000014 6040                   MOV.B       @R4,R0
    00000016 882F                   CMP/EQ      #47,R0
    00000018 8B00                   BF          L14
    0000001A 2470                   MOV.B       R7,@R4
    0000001C              L14:
    0000001C 7601                   ADD         #1,R6
    0000001E 7401                   ADD         #1,R4
    00000020              L11:
    00000020 3653                   CMP/GE      R5,R6
    00000022 8BF7                   BF          L12
    00000024 7F04                   ADD         #4,R15
    00000026 4F26                   LDS.L       @R15+,PR
    00000028 000B                   RTS
    0000002A 0009                   NOP
    0000002C              __$ReplaceToupper:               ; function: __$ReplaceToupper
                                                           ; frame size=12
    0000002C 2FD6                   MOV.L       R13,@-R15
    0000002E 2FE6                   MOV.L       R14,@-R15
    00000030 4F22                   STS.L       PR,@-R15
    00000032 D27E                   MOV.L       L98+2,R2   ; _strlen
    00000034 420B                   JSR         @R2
    00000036 6E43                   MOV         R4,R14
    00000038 6D03                   MOV         R0,R13
    0000003A A00A                   BRA         L17
    0000003C E700                   MOV         #0,R7      ; H'00000000
    0000003E              L18:
    0000003E 64E0                   MOV.B       @R14,R4
    00000040 D57B                   MOV.L       L98+6,R5   ; __ctype
    00000042 604C                   EXTU.B      R4,R0
    00000044 005C                   MOV.B       @(R0,R5),R0
    00000046 C802                   TST         #2,R0
    00000048 8900                   BT          L20
    0000004A 74E0                   ADD         #-32,R4
    0000004C              L20:
    0000004C 2E40                   MOV.B       R4,@R14
    0000004E 7E01                   ADD         #1,R14
    00000050 7701                   ADD         #1,R7
    00000052              L17:
    00000052 37D3                   CMP/GE      R13,R7
    00000054 8BF3                   BF          L18
    00000056 4F26                   LDS.L       @R15+,PR
    00000058 6EF6                   MOV.L       @R15+,R14
    0000005A 000B                   RTS
    0000005C 6DF6                   MOV.L       @R15+,R13
    0000005E              _GetFullPass:                    ; function: GetFullPass
                                                           ; frame size=12
    0000005E 2FE6                   MOV.L       R14,@-R15
    00000060 4F22                   STS.L       PR,@-R15
    00000062 7FFC                   ADD         #-4,R15
    00000064 BFCC                   BSR         __$ReplacePathSymbol
    00000066 6E43                   MOV         R4,R14
    00000068 BFE0                   BSR         __$ReplaceToupper
    0000006A 64E3                   MOV         R14,R4
    0000006C 84E1                   MOV.B       @(1,R14),R0
    0000006E 883A                   CMP/EQ      #58,R0
    00000070 8B01                   BF          L24
    00000072 A026                   BRA         L25
    00000074 E0FF                   MOV         #-1,R0     ; H'FFFFFFFF
    00000076              L24:
    00000076 D76F                   MOV.L       L98+10,R7  ; __$Cur_Dir
    00000078 6270                   MOV.B       @R7,R2
    0000007A 2228                   TST         R2,R2
    0000007C 8B01                   BF          L27
    0000007E A020                   BRA         L25
    00000080 E0FF                   MOV         #-1,R0     ; H'FFFFFFFF
    00000082              L27:
    00000082 D36A                   MOV.L       L98+2,R3   ; _strlen
    00000084 430B                   JSR         @R3
    00000086 6473                   MOV         R7,R4
    00000088 D368                   MOV.L       L98+2,R3   ; _strlen
    0000008A 64E3                   MOV         R14,R4
    0000008C 430B                   JSR         @R3
    0000008E 2F02                   MOV.L       R0,@R15
    00000090 61F2                   MOV.L       @R15,R1
    00000092 64E3                   MOV         R14,R4
    00000094 D268                   MOV.L       L98+14,R2  ; _memmove
    00000096 7001                   ADD         #1,R0
    00000098 341C                   ADD         R1,R4
    0000009A 6603                   MOV         R0,R6
    0000009C 7401                   ADD         #1,R4
    0000009E 420B                   JSR         @R2
    000000A0 65E3                   MOV         R14,R5
    000000A2 D464                   MOV.L       L98+10,R4  ; __$Cur_Dir
    000000A4 D361                   MOV.L       L98+2,R3   ; _strlen
    000000A6 430B                   JSR         @R3
    000000A8 0009                   NOP
    000000AA D562                   MOV.L       L98+10,R5  ; __$Cur_Dir
    000000AC 6603                   MOV         R0,R6
    000000AE D263                   MOV.L       L98+18,R2  ; _memcpy
    000000B0 420B                   JSR         @R2
    000000B2 64E3                   MOV         R14,R4
    000000B4 D45F                   MOV.L       L98+10,R4  ; __$Cur_Dir
    000000B6 D15D                   MOV.L       L98+2,R1   ; _strlen
    000000B8 410B                   JSR         @R1
    000000BA 0009                   NOP
    000000BC E35C                   MOV         #92,R3     ; H'0000005C
    000000BE 0E34                   MOV.B       R3,@(R0,R14)
    000000C0 E000                   MOV         #0,R0      ; H'00000000
    000000C2              L25:
    000000C2 7F04                   ADD         #4,R15
    000000C4 4F26                   LDS.L       @R15+,PR
    000000C6 000B                   RTS
    000000C8 6EF6                   MOV.L       @R15+,R14
    000000CA              _chdir:                          ; function: chdir
                                                           ; frame size=8
    000000CA 2FE6                   MOV.L       R14,@-R15
    000000CC 4F22                   STS.L       PR,@-R15
    000000CE 6E43                   MOV         R4,R14
    000000D0 D458                   MOV.L       L98+10,R4  ; __$Cur_Dir
    000000D2 6240                   MOV.B       @R4,R2
    000000D4 2228                   TST         R2,R2
    000000D6 892E                   BT          L30
    000000D8 66E0                   MOV.B       @R14,R6
    000000DA 6063                   MOV         R6,R0
    000000DC 882E                   CMP/EQ      #46,R0
    000000DE 8B23                   BF          L32
    000000E0 84E1                   MOV.B       @(1,R14),R0
    000000E2 882E                   CMP/EQ      #46,R0
    000000E4 8B20                   BF          L32
    000000E6 D251                   MOV.L       L98+2,R2   ; _strlen
    000000E8 420B                   JSR         @R2
    000000EA 0009                   NOP
    000000EC D451                   MOV.L       L98+10,R4  ; __$Cur_Dir
    000000EE 6203                   MOV         R0,R2
    000000F0 8441                   MOV.B       @(1,R4),R0
    000000F2 883A                   CMP/EQ      #58,R0
    000000F4 8B04                   BF          L35
    000000F6 6023                   MOV         R2,R0
    000000F8 8802                   CMP/EQ      #2,R0
    000000FA 8B01                   BF          L35
    000000FC A021                   BRA         L37
    000000FE E0FF                   MOV         #-1,R0     ; H'FFFFFFFF
    00000100              L35:
    00000100 72FF                   ADD         #-1,R2
    00000102 6623                   MOV         R2,R6
    00000104 324C                   ADD         R4,R2
    00000106 6523                   MOV         R2,R5
    00000108 A00A                   BRA         L38
    0000010A E700                   MOV         #0,R7      ; H'00000000
    0000010C              L39:
    0000010C 6050                   MOV.B       @R5,R0
    0000010E 885C                   CMP/EQ      #92,R0
    00000110 8B03                   BF          L41
    00000112 6063                   MOV         R6,R0
    00000114 0474                   MOV.B       R7,@(R0,R4)
    00000116 A014                   BRA         L37
    00000118 E000                   MOV         #0,R0      ; H'00000000
    0000011A              L41:
    0000011A 2570                   MOV.B       R7,@R5
    0000011C 75FF                   ADD         #-1,R5
    0000011E 76FF                   ADD         #-1,R6
    00000120              L38:
    00000120 4611                   CMP/PZ      R6
    00000122 89F3                   BT          L39
    00000124 A00D                   BRA         L37
    00000126 E0FF                   MOV         #-1,R0     ; H'FFFFFFFF
    00000128              L32:
    00000128 6063                   MOV         R6,R0
    0000012A 882E                   CMP/EQ      #46,R0
    0000012C 8B01                   BF          L44
    0000012E A008                   BRA         L37
    00000130 E000                   MOV         #0,R0      ; H'00000000
    00000132              L44:
    00000132 BF94                   BSR         _GetFullPass
    00000134 64E3                   MOV         R14,R4
    00000136              L30:
    00000136 B007                   BSR         _chdirexec
    00000138 64E3                   MOV         R14,R4
    0000013A 2008                   TST         R0,R0
    0000013C 8D01                   BT/S        L37
    0000013E E000                   MOV         #0,R0      ; H'00000000
    00000140 E0FF                   MOV         #-1,R0     ; H'FFFFFFFF
    00000142              L37:
    00000142 4F26                   LDS.L       @R15+,PR
    00000144 000B                   RTS
    00000146 6EF6                   MOV.L       @R15+,R14
    00000148              _chdirexec:                      ; function: chdirexec
                                                           ; frame size=8
    00000148 2FE6                   MOV.L       R14,@-R15
    0000014A 4F22                   STS.L       PR,@-R15
    0000014C 6040                   MOV.B       @R4,R0
    0000014E E241                   MOV         #65,R2     ; H'00000041
    00000150 C9DF                   AND         #223,R0
    00000152 660E                   EXTS.B      R0,R6
    00000154 3623                   CMP/GE      R2,R6
    00000156 8F3B                   BF/S        L48
    00000158 6E43                   MOV         R4,R14
    0000015A E25A                   MOV         #90,R2     ; H'0000005A
    0000015C 3627                   CMP/GT      R2,R6
    0000015E 8937                   BT          L48
    00000160 E2FB                   MOV         #-5,R2     ; H'FFFFFFFB
    00000162 D537                   MOV.L       L98+22,R5  ; _tfmr_part_ramaddr
    00000164 4218                   SHLL8       R2
    00000166 6063                   MOV         R6,R0
    00000168 4008                   SHLL2       R0
    0000016A 72EC                   ADD         #-20,R2
    0000016C 306C                   ADD         R6,R0
    0000016E 352C                   ADD         R2,R5
    00000170 4008                   SHLL2       R0
    00000172 005E                   MOV.L       @(R0,R5),R0
    00000174 88FF                   CMP/EQ      #-1,R0
    00000176 8B01                   BF          L51
    00000178 A02B                   BRA         L52
    0000017A E0FF                   MOV         #-1,R0     ; H'FFFFFFFF
    0000017C              L51:
    0000017C BF56                   BSR         __$ReplaceToupper
    0000017E 64E3                   MOV         R14,R4
    00000180 84E1                   MOV.B       @(1,R14),R0
    00000182 883A                   CMP/EQ      #58,R0
    00000184 8B04                   BF          L54
    00000186 D229                   MOV.L       L98+2,R2   ; _strlen
    00000188 420B                   JSR         @R2
    0000018A 64E3                   MOV         R14,R4
    0000018C 8802                   CMP/EQ      #2,R0
    0000018E 890F                   BT          L55
    00000190              L54:
    00000190 D52C                   MOV.L       L98+26,R5  ; __$findinfo
    00000192 D22D                   MOV.L       L98+30,R2  ; _IFS_stat
    00000194 420B                   JSR         @R2
    00000196 64E3                   MOV         R14,R4
    00000198 2008                   TST         R0,R0
    0000019A 8901                   BT          L57
    0000019C A019                   BRA         L52
    0000019E E0FF                   MOV         #-1,R0     ; H'FFFFFFFF
    000001A0              L57:
    000001A0 D228                   MOV.L       L98+26,R2  ; __$findinfo
    000001A2 E6EC                   MOV         #-20,R6    ; H'FFFFFFEC
    000001A4 842B                   MOV.B       @(11,R2),R0
    000001A6 620C                   EXTU.B      R0,R2
    000001A8 2268                   TST         R6,R2
    000001AA 8901                   BT          L55
    000001AC A011                   BRA         L52
    000001AE E0FF                   MOV         #-1,R0     ; H'FFFFFFFF
    000001B0              L55:
    000001B0 D420                   MOV.L       L98+10,R4  ; __$Cur_Dir
    000001B2 E641                   MOV         #65,R6     ; H'00000041
    000001B4 D225                   MOV.L       L98+34,R2  ; _memset
    000001B6 E500                   MOV         #0,R5      ; H'00000000
    000001B8 420B                   JSR         @R2
    000001BA 4608                   SHLL2       R6
    000001BC D21B                   MOV.L       L98+2,R2   ; _strlen
    000001BE 420B                   JSR         @R2
    000001C0 64E3                   MOV         R14,R4
    000001C2 D41C                   MOV.L       L98+10,R4  ; __$Cur_Dir
    000001C4 6603                   MOV         R0,R6
    000001C6 D21D                   MOV.L       L98+18,R2  ; _memcpy
    000001C8 420B                   JSR         @R2
    000001CA 65E3                   MOV         R14,R5
    000001CC A001                   BRA         L52
    000001CE E000                   MOV         #0,R0      ; H'00000000
    000001D0              L48:
    000001D0 E0FF                   MOV         #-1,R0     ; H'FFFFFFFF
    000001D2              L52:
    000001D2 4F26                   LDS.L       @R15+,PR
    000001D4 000B                   RTS
    000001D6 6EF6                   MOV.L       @R15+,R14
    000001D8              _getcwd:                         ; function: getcwd
                                                           ; frame size=12
    000001D8 2FD6                   MOV.L       R13,@-R15
    000001DA 2FE6                   MOV.L       R14,@-R15
    000001DC 4F22                   STS.L       PR,@-R15
    000001DE 6D43                   MOV         R4,R13
    000001E0 D414                   MOV.L       L98+10,R4  ; __$Cur_Dir
    000001E2 D212                   MOV.L       L98+2,R2   ; _strlen
    000001E4 420B                   JSR         @R2
    000001E6 6E53                   MOV         R5,R14
    000001E8 30E6                   CMP/HI      R14,R0
    000001EA 8B01                   BF          L61
    000001EC A004                   BRA         L62
    000001EE E000                   MOV         #0,R0      ; H'00000000
    000001F0              L61:
    000001F0 D110                   MOV.L       L98+10,R1  ; __$Cur_Dir
    000001F2 D217                   MOV.L       L98+38,R2  ; __slow_strcpy
    000001F4 420B                   JSR         @R2
    000001F6 60D3                   MOV         R13,R0
    000001F8              L62:
    000001F8 4F26                   LDS.L       @R15+,PR
    000001FA 6EF6                   MOV.L       @R15+,R14
    000001FC 000B                   RTS
    000001FE 6DF6                   MOV.L       @R15+,R13
    00000200              _findnext:                       ; function: findnext
                                                           ; frame size=24
    00000200 2FA6                   MOV.L       R10,@-R15
    00000202 2FB6                   MOV.L       R11,@-R15
    00000204 2FC6                   MOV.L       R12,@-R15
    00000206 2FD6                   MOV.L       R13,@-R15
    00000208 2FE6                   MOV.L       R14,@-R15
    0000020A 4F22                   STS.L       PR,@-R15
    0000020C 6C43                   MOV         R4,R12
    0000020E DD0D                   MOV.L       L98+26,R13 ; __$findinfo
    00000210 DE10                   MOV.L       L98+42,R14 ; _IFS_FindNext
    00000212 DB11                   MOV.L       L98+46,R11 ; __$find_handle
    00000214 DA11                   MOV.L       L98+50,R10 ; __$Find_Attrib
    00000216              L64:
    00000216 64B2                   MOV.L       @R11,R4
    00000218 4E0B                   JSR         @R14
    0000021A 65D3                   MOV         R13,R5
    0000021C 4011                   CMP/PZ      R0
    0000021E 8921                   BT          L66
    00000220 D20F                   MOV.L       L98+54,R2  ; _IFS_FindClose
    00000222 420B                   JSR         @R2
    00000224 64B2                   MOV.L       @R11,R4
    00000226 A031                   BRA         L67
    00000228 E0FF                   MOV         #-1,R0     ; H'FFFFFFFF
    0000022A              L98:
    0000022A 00000002               .RES.W      1
    0000022C <00000000>             .DATA.L     _strlen
    00000230 <00000000>             .DATA.L     __ctype
    00000234 <00000000>             .DATA.L     __$Cur_Dir
    00000238 <00000000>             .DATA.L     _memmove
    0000023C <00000000>             .DATA.L     _memcpy
    00000240 <00000000>             .DATA.L     _tfmr_part_ramaddr
    00000244 <00000000>             .DATA.L     __$findinfo
    00000248 <00000000>             .DATA.L     _IFS_stat
    0000024C <00000000>             .DATA.L     _memset
    00000250 <00000000>             .DATA.L     __slow_strcpy
    00000254 <00000000>             .DATA.L     _IFS_FindNext
    00000258 <00000000>             .DATA.L     __$find_handle
    0000025C <00000000>             .DATA.L     __$Find_Attrib
    00000260 <00000000>             .DATA.L     _IFS_FindClose
    00000264              L66:
    00000264 84DB                   MOV.B       @(11,R13),R0
    00000266 65A0                   MOV.B       @R10,R5
    00000268 620C                   EXTU.B      R0,R2
    0000026A 2258                   TST         R5,R2
    0000026C 8DD3                   BT/S        L64
    0000026E 6603                   MOV         R0,R6
    00000270 E015                   MOV         #21,R0     ; H'00000015
    00000272 D47A                   MOV.L       L99+2,R4   ; H'00000010+__$findinfo
    00000274 0C64                   MOV.B       R6,@(R0,R12)
    00000276 65C3                   MOV         R12,R5
    00000278 85D3                   MOV.W       @(6,R13),R0
    0000027A 7520                   ADD         #32,R5
    0000027C D278                   MOV.L       L99+6,R2   ; _dosname2name
    0000027E 81CC                   MOV.W       R0,@(24,R12)
    00000280 85D4                   MOV.W       @(8,R13),R0
    00000282 420B                   JSR         @R2
    00000284 81CB                   MOV.W       R0,@(22,R12)
    00000286 52D3                   MOV.L       @(12,R13),R2
    00000288 E000                   MOV         #0,R0      ; H'00000000
    0000028A 1C27                   MOV.L       R2,@(28,R12)
    0000028C              L67:
    0000028C 4F26                   LDS.L       @R15+,PR
    0000028E 6EF6                   MOV.L       @R15+,R14
    00000290 6DF6                   MOV.L       @R15+,R13
    00000292 6CF6                   MOV.L       @R15+,R12
    00000294 6BF6                   MOV.L       @R15+,R11
    00000296 000B                   RTS
    00000298 6AF6                   MOV.L       @R15+,R10
    0000029A              _findfirst:                      ; function: findfirst
                                                           ; frame size=24
    0000029A 2FC6                   MOV.L       R12,@-R15
    0000029C 2FD6                   MOV.L       R13,@-R15
    0000029E 2FE6                   MOV.L       R14,@-R15
    000002A0 4F22                   STS.L       PR,@-R15
    000002A2 7FF8                   ADD         #-8,R15
    000002A4 6053                   MOV         R5,R0
    000002A6 D56F                   MOV.L       L99+10,R5  ; L106
    000002A8 D76F                   MOV.L       L99+14,R7  ; __$Wild_Flag
    000002AA 6C63                   MOV         R6,R12
    000002AC 6250                   MOV.B       @R5,R2
    000002AE E602                   MOV         #2,R6      ; H'00000002
    000002B0 80F7                   MOV.B       R0,@(7,R15)
    000002B2 6D43                   MOV         R4,R13
    000002B4 2F20                   MOV.B       R2,@R15
    000002B6 E200                   MOV         #0,R2      ; H'00000000
    000002B8 8451                   MOV.B       @(1,R5),R0
    000002BA 64F3                   MOV         R15,R4
    000002BC 2720                   MOV.B       R2,@R7
    000002BE DE6B                   MOV.L       L99+18,R14 ; __$Find_Filename
    000002C0 D26B                   MOV.L       L99+22,R2  ; _memcmp
    000002C2 80F1                   MOV.B       R0,@(1,R15)
    000002C4 420B                   JSR         @R2
    000002C6 65E3                   MOV         R14,R5
    000002C8 2008                   TST         R0,R0
    000002CA 8B0D                   BF          L71
    000002CC D766                   MOV.L       L99+14,R7  ; __$Wild_Flag
    000002CE 6270                   MOV.B       @R7,R2
    000002D0 2228                   TST         R2,R2
    000002D2 8B0C                   BF          L72
    000002D4 D267                   MOV.L       L99+26,R2  ; _format_name
    000002D6 E50C                   MOV         #12,R5     ; H'0000000C
    000002D8 66E3                   MOV         R14,R6
    000002DA 420B                   JSR         @R2
    000002DC 64D3                   MOV         R13,R4
    000002DE 620E                   EXTS.B      R0,R2
    000002E0 4211                   CMP/PZ      R2
    000002E2 8904                   BT          L72
    000002E4 A03C                   BRA         L75
    000002E6 E0FF                   MOV         #-1,R0     ; H'FFFFFFFF
    000002E8              L71:
    000002E8 D75F                   MOV.L       L99+14,R7  ; __$Wild_Flag
    000002EA E201                   MOV         #1,R2      ; H'00000001
    000002EC 2720                   MOV.B       R2,@R7
    000002EE              L72:
    000002EE D262                   MOV.L       L99+30,R2  ; _strlen
    000002F0 420B                   JSR         @R2
    000002F2 64D3                   MOV         R13,R4
    000002F4 E541                   MOV         #65,R5     ; H'00000041
    000002F6 64E3                   MOV         R14,R4
    000002F8 4508                   SHLL2       R5
    000002FA 3508                   SUB         R0,R5
    000002FC BF6C                   BSR         _getcwd
    000002FE 75FE                   ADD         #-2,R5
    00000300 D55E                   MOV.L       L99+34,R5  ; L109
    00000302 D25F                   MOV.L       L99+38,R2  ; _strcat
    00000304 420B                   JSR         @R2
    00000306 64E3                   MOV         R14,R4
    00000308 D25D                   MOV.L       L99+38,R2  ; _strcat
    0000030A 64E3                   MOV         R14,R4
    0000030C 420B                   JSR         @R2
    0000030E 65D3                   MOV         R13,R5
    00000310 D55C                   MOV.L       L99+42,R5  ; __$findinfo
    00000312 D25D                   MOV.L       L99+46,R2  ; _IFS_FindFirst
    00000314 420B                   JSR         @R2
    00000316 64E3                   MOV         R14,R4
    00000318 D25C                   MOV.L       L99+50,R2  ; __$find_handle
    0000031A 4011                   CMP/PZ      R0
    0000031C 6403                   MOV         R0,R4
    0000031E 8F1B                   BF/S        L77
    00000320 2202                   MOV.L       R0,@R2
    00000322 84F7                   MOV.B       @(7,R15),R0
    00000324 D65A                   MOV.L       L99+54,R6  ; __$Find_Attrib
    00000326 DE57                   MOV.L       L99+42,R14 ; __$findinfo
    00000328 6703                   MOV         R0,R7
    0000032A 2600                   MOV.B       R0,@R6
    0000032C 84EB                   MOV.B       @(11,R14),R0
    0000032E 620C                   EXTU.B      R0,R2
    00000330 2278                   TST         R7,R2
    00000332 8D0F                   BT/S        L79
    00000334 6603                   MOV         R0,R6
    00000336 E015                   MOV         #21,R0     ; H'00000015
    00000338 D448                   MOV.L       L99+2,R4   ; H'00000010+__$findinfo
    0000033A 0C64                   MOV.B       R6,@(R0,R12)
    0000033C 65C3                   MOV         R12,R5
    0000033E 85E3                   MOV.W       @(6,R14),R0
    00000340 7520                   ADD         #32,R5
    00000342 D247                   MOV.L       L99+6,R2   ; _dosname2name
    00000344 81CC                   MOV.W       R0,@(24,R12)
    00000346 85E4                   MOV.W       @(8,R14),R0
    00000348 420B                   JSR         @R2
    0000034A 81CB                   MOV.W       R0,@(22,R12)
    0000034C 52E3                   MOV.L       @(12,R14),R2
    0000034E E000                   MOV         #0,R0      ; H'00000000
    00000350 A006                   BRA         L75
    00000352 1C27                   MOV.L       R2,@(28,R12)
    00000354              L79:
    00000354 A004                   BRA         L75
    00000356 E0FF                   MOV         #-1,R0     ; H'FFFFFFFF
    00000358              L77:
    00000358 D24E                   MOV.L       L99+58,R2  ; _IFS_FindClose
    0000035A 420B                   JSR         @R2
    0000035C 0009                   NOP
    0000035E E0FF                   MOV         #-1,R0     ; H'FFFFFFFF
    00000360              L75:
    00000360 7F08                   ADD         #8,R15
    00000362 4F26                   LDS.L       @R15+,PR
    00000364 6EF6                   MOV.L       @R15+,R14
    00000366 6DF6                   MOV.L       @R15+,R13
    00000368 000B                   RTS
    0000036A 6CF6                   MOV.L       @R15+,R12
    0000036C              _ff_fopen:                       ; function: ff_fopen
                                                           ; frame size=12
    0000036C 2FD6                   MOV.L       R13,@-R15
    0000036E 2FE6                   MOV.L       R14,@-R15
    00000370 4F22                   STS.L       PR,@-R15
    00000372 6D53                   MOV         R5,R13
    00000374 BE73                   BSR         _GetFullPass
    00000376 6E43                   MOV         R4,R14
    00000378 D247                   MOV.L       L99+62,R2  ; _IFS_fopen
    0000037A 64E3                   MOV         R14,R4
    0000037C 420B                   JSR         @R2
    0000037E 65D3                   MOV         R13,R5
    00000380 4F26                   LDS.L       @R15+,PR
    00000382 6EF6                   MOV.L       @R15+,R14
    00000384 000B                   RTS
    00000386 6DF6                   MOV.L       @R15+,R13
    00000388              _ff_rename:                      ; function: ff_rename
                                                           ; frame size=12
    00000388 2FD6                   MOV.L       R13,@-R15
    0000038A 2FE6                   MOV.L       R14,@-R15
    0000038C 4F22                   STS.L       PR,@-R15
    0000038E 6D53                   MOV         R5,R13
    00000390 BE65                   BSR         _GetFullPass
    00000392 6E43                   MOV         R4,R14
    00000394 BE63                   BSR         _GetFullPass
    00000396 64D3                   MOV         R13,R4
    00000398 D240                   MOV.L       L99+66,R2  ; _IFS_rename
    0000039A 64E3                   MOV         R14,R4
    0000039C 420B                   JSR         @R2
    0000039E 65D3                   MOV         R13,R5
    000003A0 4F26                   LDS.L       @R15+,PR
    000003A2 6EF6                   MOV.L       @R15+,R14
    000003A4 000B                   RTS
    000003A6 6DF6                   MOV.L       @R15+,R13
    000003A8              _ff_remove:                      ; function: ff_remove
                                                           ; frame size=8
    000003A8 2FE6                   MOV.L       R14,@-R15
    000003AA 4F22                   STS.L       PR,@-R15
    000003AC BE57                   BSR         _GetFullPass
    000003AE 6E43                   MOV         R4,R14
    000003B0 D23B                   MOV.L       L99+70,R2  ; _IFS_remove
    000003B2 420B                   JSR         @R2
    000003B4 64E3                   MOV         R14,R4
    000003B6 4F26                   LDS.L       @R15+,PR
    000003B8 000B                   RTS
    000003BA 6EF6                   MOV.L       @R15+,R14
    000003BC              _ff_mkdir:                       ; function: ff_mkdir
                                                           ; frame size=8
    000003BC 2FE6                   MOV.L       R14,@-R15
    000003BE 4F22                   STS.L       PR,@-R15
    000003C0 BE4D                   BSR         _GetFullPass
    000003C2 6E43                   MOV         R4,R14
    000003C4 D237                   MOV.L       L99+74,R2  ; _IFS_mkdir
    000003C6 420B                   JSR         @R2
    000003C8 64E3                   MOV         R14,R4
    000003CA 4F26                   LDS.L       @R15+,PR
    000003CC 000B                   RTS
    000003CE 6EF6                   MOV.L       @R15+,R14
    000003D0              _ff_rmdir:                       ; function: ff_rmdir
                                                           ; frame size=8
    000003D0 2FE6                   MOV.L       R14,@-R15
    000003D2 4F22                   STS.L       PR,@-R15
    000003D4 BE43                   BSR         _GetFullPass
    000003D6 6E43                   MOV         R4,R14
    000003D8 D233                   MOV.L       L99+78,R2  ; _IFS_rmdir
    000003DA 420B                   JSR         @R2
    000003DC 64E3                   MOV         R14,R4
    000003DE 4F26                   LDS.L       @R15+,PR
    000003E0 000B                   RTS
    000003E2 6EF6                   MOV.L       @R15+,R14
    000003E4              _shortswap:                      ; function: shortswap
                                                           ; frame size=24
    000003E4 2FA6                   MOV.L       R10,@-R15
    000003E6 2FB6                   MOV.L       R11,@-R15
    000003E8 2FC6                   MOV.L       R12,@-R15
    000003EA 2FD6                   MOV.L       R13,@-R15
    000003EC 2FE6                   MOV.L       R14,@-R15
    000003EE 4F22                   STS.L       PR,@-R15
    000003F0 EB00                   MOV         #0,R11     ; H'00000000
    000003F2 6C43                   MOV         R4,R12
    000003F4 6EB3                   MOV         R11,R14
    000003F6 ED02                   MOV         #2,R13     ; H'00000002
    000003F8 DA2C                   MOV.L       L99+82,R10 ; __sftl
    000003FA              L91:
    000003FA 62C4                   MOV.B       @R12+,R2
    000003FC 61E3                   MOV         R14,R1
    000003FE 4108                   SHLL2       R1
    00000400 4100                   SHLL        R1
    00000402 4A0B                   JSR         @R10
    00000404 602C                   EXTU.B      R2,R0
    00000406 620D                   EXTU.W      R0,R2
    00000408 4D10                   DT          R13
    0000040A 3B2C                   ADD         R2,R11
    0000040C 8FF5                   BF/S        L91
    0000040E 7E01                   ADD         #1,R14
    00000410 60B3                   MOV         R11,R0
    00000412 4F26                   LDS.L       @R15+,PR
    00000414 6EF6                   MOV.L       @R15+,R14
    00000416 6DF6                   MOV.L       @R15+,R13
    00000418 6CF6                   MOV.L       @R15+,R12
    0000041A 6BF6                   MOV.L       @R15+,R11
    0000041C 000B                   RTS
    0000041E 6AF6                   MOV.L       @R15+,R10
    00000420              _longswap:                       ; function: longswap
                                                           ; frame size=24
    00000420 2FA6                   MOV.L       R10,@-R15
    00000422 2FB6                   MOV.L       R11,@-R15
    00000424 2FC6                   MOV.L       R12,@-R15
    00000426 2FD6                   MOV.L       R13,@-R15
    00000428 2FE6                   MOV.L       R14,@-R15
    0000042A 4F22                   STS.L       PR,@-R15
    0000042C EB00                   MOV         #0,R11     ; H'00000000
    0000042E 6C43                   MOV         R4,R12
    00000430 6EB3                   MOV         R11,R14
    00000432 ED04                   MOV         #4,R13     ; H'00000004
    00000434 DA1D                   MOV.L       L99+82,R10 ; __sftl
    00000436              L95:
    00000436 62C4                   MOV.B       @R12+,R2
    00000438 61E3                   MOV         R14,R1
    0000043A 4108                   SHLL2       R1
    0000043C 4100                   SHLL        R1
    0000043E 4A0B                   JSR         @R10
    00000440 602C                   EXTU.B      R2,R0
    00000442 4D10                   DT          R13
    00000444 3B0C                   ADD         R0,R11
    00000446 8FF6                   BF/S        L95
    00000448 7E01                   ADD         #1,R14
    0000044A 60B3                   MOV         R11,R0
    0000044C 4F26                   LDS.L       @R15+,PR
    0000044E 6EF6                   MOV.L       @R15+,R14
    00000450 6DF6                   MOV.L       @R15+,R13
    00000452 6CF6                   MOV.L       @R15+,R12
    00000454 6BF6                   MOV.L       @R15+,R11
    00000456 000B                   RTS
    00000458 6AF6                   MOV.L       @R15+,R10
    0000045A              L99:
    0000045A 00000002               .RES.W      1
    0000045C <00000010>             .DATA.L     H'00000010+__$findinfo
    00000460 <00000000>             .DATA.L     _dosname2name
    00000464 <00000000>             .DATA.L     L106
    00000468 <00000000>             .DATA.L     __$Wild_Flag
    0000046C <00000000>             .DATA.L     __$Find_Filename
    00000470 <00000000>             .DATA.L     _memcmp
    00000474 <00000000>             .DATA.L     _format_name
    00000478 <00000000>             .DATA.L     _strlen
    0000047C <00000000>             .DATA.L     L109
    00000480 <00000000>             .DATA.L     _strcat
    00000484 <00000000>             .DATA.L     __$findinfo
    00000488 <00000000>             .DATA.L     _IFS_FindFirst
    0000048C <00000000>             .DATA.L     __$find_handle
    00000490 <00000000>             .DATA.L     __$Find_Attrib
    00000494 <00000000>             .DATA.L     _IFS_FindClose
    00000498 <00000000>             .DATA.L     _IFS_fopen
    0000049C <00000000>             .DATA.L     _IFS_rename
    000004A0 <00000000>             .DATA.L     _IFS_remove
    000004A4 <00000000>             .DATA.L     _IFS_mkdir
    000004A8 <00000000>             .DATA.L     _IFS_rmdir
    000004AC <00000000>             .DATA.L     __sftl
C   00000000              L106:
    00000000 2A                     .SDATA      "*"
    00000001 00                     .DATA.B     H'00
    00000002 00000002               .RES.W      1
    00000004              L109:
    00000004 5C                     .SDATA      "\"
    00000005 00                     .DATA.B     H'00
B   00000000              __$Find_Filename:                ; static: __$Find_Filename
    00000000 00000001               .RES.B      260
    00000104              __$Cur_Dir:                      ; static: __$Cur_Dir
    00000104 00000001               .RES.B      260
    00000208              __$Find_Attrib:                  ; static: __$Find_Attrib
    00000208 00000001               .RES.B      1
    00000209              __$Wild_Flag:                    ; static: __$Wild_Flag
    00000209 00000001               .RES.B      1
    0000020A 00000002               .RES.W      1
    0000020C              __$find_handle:                  ; static: __$find_handle
    0000020C 00000004               .RES.L      1
    00000210              __$findinfo:                     ; static: __$findinfo
    00000210 00000004               .RES.L      71
SH SERIES C/C++ Compiler (Ver. checker(2003.03.17))                                              27-Jun-2005 14:17:49  PAGE    1


******** STATISTICS INFORMATION ********


********** ERROR INFORMATION ***********

NUMBER OF ERRORS:           0
NUMBER OF WARNINGS:         0
NUMBER OF INFORMATIONS:     0



******* SOURCE LINE INFORMATION ********

COMPILED SOURCE LINE:      349



******* SECTION SIZE INFORMATION *******

PROGRAM  SECTION (P):                               000004B0 Byte(s)
CONSTANT SECTION (C):                               00000006 Byte(s)
DATA     SECTION (D):                               00000000 Byte(s)
BSS      SECTION (B):                               0000032C Byte(s)

TOTAL PROGRAM  SECTION: 000004B0 Byte(s)
TOTAL CONSTANT SECTION: 00000006 Byte(s)
TOTAL DATA     SECTION: 00000000 Byte(s)
TOTAL BSS      SECTION: 0000032C Byte(s)

    TOTAL PROGRAM SIZE: 000007E2 Byte(s)



********** LABEL INFORMATION ***********

NUMBER OF EXTERNAL REFERENCE SYMBOLS:           21
NUMBER OF EXTERNAL DEFINITION SYMBOLS:          13
NUMBER OF INTERNAL/EXTERNAL SYMBOLS:            73
*** COMMAND PARAMETER ***


  -cpu=sh2 -op=1 -en=big -me -nodebug -comment=nest -l -def=NDEBUG -i=p:\presto2\shinc,p:\presto2\shinc\DRIVE\FSSVR60,D:\hew\tools\hitachi\sh\7_1_1\include,p:\presto2\norti_12\inc shellsrc.c 

