SH SERIES C/C++ Compiler (Ver. checker(2003.03.17))                                              17-Apr-2006 17:20:09  PAGE    1

************ OBJECT LISTING ************

FILE NAME: centro.c

SCT OFFSET   CODE       C LABEL     INSTRUCTION OPERAND    COMMENT

P   00000000              __$loop_wait:                    ; function: __$loop_wait
                                                           ; frame size=4
    00000000 7FFC                   ADD         #-4,R15
    00000002 E22F                   MOV         #47,R2     ; H'0000002F
    00000004              L11:
    00000004 622F                   EXTS.W      R2,R2
    00000006 6623                   MOV         R2,R6
    00000008 76FF                   ADD         #-1,R6
    0000000A 6263                   MOV         R6,R2
    0000000C 6623                   MOV         R2,R6
    0000000E 666F                   EXTS.W      R6,R6
    00000010 2668                   TST         R6,R6
    00000012 8BF7                   BF          L11
    00000014 7F04                   ADD         #4,R15
    00000016 000B                   RTS
    00000018 0009                   NOP
    0000001A              __$strobed_output:               ; function: __$strobed_output
                                                           ; frame size=4
    0000001A 4F22                   STS.L       PR,@-R15
    0000001C 6243                   MOV         R4,R2
    0000001E 622C                   EXTU.B      R2,R2
    00000020 E400                   MOV         #0,R4      ; H'00000000
    00000022 E500                   MOV         #0,R5      ; H'00000000
    00000024 6623                   MOV         R2,R6
    00000026 D34D                   MOV.L       L31+2,R3   ; __pio_wr
    00000028 430B                   JSR         @R3
    0000002A 0009                   NOP
    0000002C BFE8                   BSR         __$loop_wait
    0000002E 0009                   NOP
    00000030 E400                   MOV         #0,R4      ; H'00000000
    00000032 E507                   MOV         #7,R5      ; H'00000007
    00000034 E600                   MOV         #0,R6      ; H'00000000
    00000036 D34A                   MOV.L       L31+6,R3   ; __pio_bctl
    00000038 430B                   JSR         @R3
    0000003A 0009                   NOP
    0000003C BFE0                   BSR         __$loop_wait
    0000003E 0009                   NOP
    00000040 E400                   MOV         #0,R4      ; H'00000000
    00000042 E507                   MOV         #7,R5      ; H'00000007
    00000044 E601                   MOV         #1,R6      ; H'00000001
    00000046 D346                   MOV.L       L31+6,R3   ; __pio_bctl
    00000048 430B                   JSR         @R3
    0000004A 0009                   NOP
    0000004C BFD8                   BSR         __$loop_wait
    0000004E 0009                   NOP
    00000050 4F26                   LDS.L       @R15+,PR
    00000052 000B                   RTS
    00000054 0009                   NOP
    00000056              _centro:                         ; function: centro
                                                           ; frame size=20
    00000056 2FC6                   MOV.L       R12,@-R15
    00000058 2FD6                   MOV.L       R13,@-R15
    0000005A 2FE6                   MOV.L       R14,@-R15
    0000005C 4F22                   STS.L       PR,@-R15
    0000005E 7FFC                   ADD         #-4,R15
    00000060 6C53                   MOV         R5,R12
    00000062 6D43                   MOV         R4,R13
    00000064 E400                   MOV         #0,R4      ; H'00000000
    00000066 E507                   MOV         #7,R5      ; H'00000007
    00000068 E601                   MOV         #1,R6      ; H'00000001
    0000006A D33D                   MOV.L       L31+6,R3   ; __pio_bctl
    0000006C 430B                   JSR         @R3
    0000006E 0009                   NOP
    00000070 DE3C                   MOV.L       L31+10,R14 ; H'0000C350
    00000072 E400                   MOV         #0,R4      ; H'00000000
    00000074 E502                   MOV         #2,R5      ; H'00000002
    00000076 D33C                   MOV.L       L31+14,R3  ; __pio_rd
    00000078 430B                   JSR         @R3
    0000007A 0009                   NOP
    0000007C 6203                   MOV         R0,R2
    0000007E 662C                   EXTU.B      R2,R6
    00000080 666C                   EXTU.B      R6,R6
    00000082 6263                   MOV         R6,R2
    00000084 6023                   MOV         R2,R0
    00000086 C808                   TST         #8,R0
    00000088 8910                   BT          L16
    0000008A              L17:
    0000008A 2EE8                   TST         R14,R14
    0000008C 8B02                   BF          L19
    0000008E E201                   MOV         #1,R2      ; H'00000001
    00000090 A05B                   BRA         L20
    00000092 0009                   NOP
    00000094              L19:
    00000094 7EFF                   ADD         #-1,R14
    00000096 E400                   MOV         #0,R4      ; H'00000000
    00000098 E502                   MOV         #2,R5      ; H'00000002
    0000009A D333                   MOV.L       L31+14,R3  ; __pio_rd
    0000009C 430B                   JSR         @R3
    0000009E 0009                   NOP
    000000A0 6603                   MOV         R0,R6
    000000A2 626C                   EXTU.B      R6,R2
    000000A4 622C                   EXTU.B      R2,R2
    000000A6 6023                   MOV         R2,R0
    000000A8 C808                   TST         #8,R0
    000000AA 8BEE                   BF          L17
    000000AC              L16:
    000000AC E40A                   MOV         #10,R4     ; H'0000000A
    000000AE 644C                   EXTU.B      R4,R4
    000000B0 BFB3                   BSR         __$strobed_output
    000000B2 0009                   NOP
    000000B4 2DD8                   TST         R13,R13
    000000B6 8925                   BT          L21
    000000B8              L22:
    000000B8 D32A                   MOV.L       L31+10,R3  ; H'0000C350
    000000BA 6E33                   MOV         R3,R14
    000000BC E400                   MOV         #0,R4      ; H'00000000
    000000BE E502                   MOV         #2,R5      ; H'00000002
    000000C0 D329                   MOV.L       L31+14,R3  ; __pio_rd
    000000C2 430B                   JSR         @R3
    000000C4 0009                   NOP
    000000C6 6203                   MOV         R0,R2
    000000C8 662C                   EXTU.B      R2,R6
    000000CA 666C                   EXTU.B      R6,R6
    000000CC 6263                   MOV         R6,R2
    000000CE 6023                   MOV         R2,R0
    000000D0 C808                   TST         #8,R0
    000000D2 8910                   BT          L23
    000000D4              L24:
    000000D4 2EE8                   TST         R14,R14
    000000D6 8B02                   BF          L26
    000000D8 E201                   MOV         #1,R2      ; H'00000001
    000000DA A036                   BRA         L20
    000000DC 0009                   NOP
    000000DE              L26:
    000000DE 7EFF                   ADD         #-1,R14
    000000E0 E400                   MOV         #0,R4      ; H'00000000
    000000E2 E502                   MOV         #2,R5      ; H'00000002
    000000E4 D320                   MOV.L       L31+14,R3  ; __pio_rd
    000000E6 430B                   JSR         @R3
    000000E8 0009                   NOP
    000000EA 6203                   MOV         R0,R2
    000000EC 662C                   EXTU.B      R2,R6
    000000EE 666C                   EXTU.B      R6,R6
    000000F0 6063                   MOV         R6,R0
    000000F2 C808                   TST         #8,R0
    000000F4 8BEE                   BF          L24
    000000F6              L23:
    000000F6 62C4                   MOV.B       @R12+,R2
    000000F8 642C                   EXTU.B      R2,R4
    000000FA 644C                   EXTU.B      R4,R4
    000000FC BF8D                   BSR         __$strobed_output
    000000FE 0009                   NOP
    00000100 4D10                   DT          R13
    00000102 8BD9                   BF          L22
    00000104              L21:
    00000104 D317                   MOV.L       L31+10,R3  ; H'0000C350
    00000106 6E33                   MOV         R3,R14
    00000108 E400                   MOV         #0,R4      ; H'00000000
    0000010A E502                   MOV         #2,R5      ; H'00000002
    0000010C D316                   MOV.L       L31+14,R3  ; __pio_rd
    0000010E 430B                   JSR         @R3
    00000110 0009                   NOP
    00000112 6603                   MOV         R0,R6
    00000114 626C                   EXTU.B      R6,R2
    00000116 622C                   EXTU.B      R2,R2
    00000118 6023                   MOV         R2,R0
    0000011A C808                   TST         #8,R0
    0000011C 8910                   BT          L27
    0000011E              L28:
    0000011E 2EE8                   TST         R14,R14
    00000120 8B02                   BF          L30
    00000122 E201                   MOV         #1,R2      ; H'00000001
    00000124 A011                   BRA         L20
    00000126 0009                   NOP
    00000128              L30:
    00000128 7EFF                   ADD         #-1,R14
    0000012A E400                   MOV         #0,R4      ; H'00000000
    0000012C E502                   MOV         #2,R5      ; H'00000002
    0000012E D30E                   MOV.L       L31+14,R3  ; __pio_rd
    00000130 430B                   JSR         @R3
    00000132 0009                   NOP
    00000134 6603                   MOV         R0,R6
    00000136 626C                   EXTU.B      R6,R2
    00000138 622C                   EXTU.B      R2,R2
    0000013A 6023                   MOV         R2,R0
    0000013C C808                   TST         #8,R0
    0000013E 8BEE                   BF          L28
    00000140              L27:
    00000140 E40D                   MOV         #13,R4     ; H'0000000D
    00000142 644C                   EXTU.B      R4,R4
    00000144 BF69                   BSR         __$strobed_output
    00000146 0009                   NOP
    00000148 E200                   MOV         #0,R2      ; H'00000000
    0000014A              L20:
    0000014A 6023                   MOV         R2,R0
    0000014C 7F04                   ADD         #4,R15
    0000014E 4F26                   LDS.L       @R15+,PR
    00000150 6EF6                   MOV.L       @R15+,R14
    00000152 6DF6                   MOV.L       @R15+,R13
    00000154 6CF6                   MOV.L       @R15+,R12
    00000156 000B                   RTS
    00000158 0009                   NOP
    0000015A              L31:
    0000015A 00000002               .RES.W      1
    0000015C <00000000>             .DATA.L     __pio_wr
    00000160 <00000000>             .DATA.L     __pio_bctl
    00000164 0000C350               .DATA.L     H'0000C350
    00000168 <00000000>             .DATA.L     __pio_rd
SH SERIES C/C++ Compiler (Ver. checker(2003.03.17))                                              17-Apr-2006 17:20:09  PAGE    1


******** STATISTICS INFORMATION ********


********** ERROR INFORMATION ***********

NUMBER OF ERRORS:           0
NUMBER OF WARNINGS:         0
NUMBER OF INFORMATIONS:     0



******* SOURCE LINE INFORMATION ********

COMPILED SOURCE LINE:      123



******* SECTION SIZE INFORMATION *******

PROGRAM  SECTION (P):                               0000016C Byte(s)
CONSTANT SECTION (C):                               00000000 Byte(s)
DATA     SECTION (D):                               00000000 Byte(s)
BSS      SECTION (B):                               00000000 Byte(s)

TOTAL PROGRAM  SECTION: 0000016C Byte(s)
TOTAL CONSTANT SECTION: 00000000 Byte(s)
TOTAL DATA     SECTION: 00000000 Byte(s)
TOTAL BSS      SECTION: 00000000 Byte(s)

    TOTAL PROGRAM SIZE: 0000016C Byte(s)



********** LABEL INFORMATION ***********

NUMBER OF EXTERNAL REFERENCE SYMBOLS:            3
NUMBER OF EXTERNAL DEFINITION SYMBOLS:           1
NUMBER OF INTERNAL/EXTERNAL SYMBOLS:            18
*** COMMAND PARAMETER ***


  -cpu=sh2 -op=0 -en=big -me -debug -comment=nest -l -def=DEBUG -i=P:\PRESTO2\SHINC,C:\usr\local\SH\7_1_1\include,P:\PRESTO2\NORTI_12\inc centro.c 

