SH SERIES C/C++ Compiler (Ver. checker(2003.03.17))                                              17-Apr-2006 17:20:08  PAGE    1

************ OBJECT LISTING ************

FILE NAME: piosini.c

SCT OFFSET   CODE       C LABEL     INSTRUCTION OPERAND    COMMENT

P   00000000              _pio_sys_init:                   ; function: pio_sys_init
                                                           ; frame size=20
    00000000 4F22                   STS.L       PR,@-R15
    00000002 7FF0                   ADD         #-16,R15
    00000004 6243                   MOV         R4,R2
    00000006 1F22                   MOV.L       R2,@(8,R15)
    00000008 E306                   MOV         #6,R3      ; H'00000006
    0000000A 3233                   CMP/GE      R3,R2
    0000000C 8901                   BT          L12
    0000000E 2558                   TST         R5,R5
    00000010 8B02                   BF          L13
    00000012              L12:
    00000012 E2FF                   MOV         #-1,R2     ; H'FFFFFFFF
    00000014 A068                   BRA         L14
    00000016 0009                   NOP
    00000018              L13:
    00000018 D736                   MOV.L       L17+2,R7   ; _pio_ctxt_tbl
    0000001A 6423                   MOV         R2,R4
    0000001C 6343                   MOV         R4,R3
    0000001E 1F33                   MOV.L       R3,@(12,R15)
    00000020 6643                   MOV         R4,R6
    00000022 4608                   SHLL2       R6
    00000024 4600                   SHLL        R6
    00000026 53F3                   MOV.L       @(12,R15),R3
    00000028 6433                   MOV         R3,R4
    0000002A 6343                   MOV         R4,R3
    0000002C 4308                   SHLL2       R3
    0000002E 363C                   ADD         R3,R6
    00000030 376C                   ADD         R6,R7
    00000032 2F72                   MOV.L       R7,@R15
    00000034 6623                   MOV         R2,R6
    00000036 6463                   MOV         R6,R4
    00000038 4408                   SHLL2       R4
    0000003A D32F                   MOV.L       L17+6,R3   ; _sig_int_tsk
    0000003C 6043                   MOV         R4,R0
    0000003E 0356                   MOV.L       R5,@(R0,R3)
    00000040 6523                   MOV         R2,R5
    00000042 6653                   MOV         R5,R6
    00000044 4608                   SHLL2       R6
    00000046 D32D                   MOV.L       L17+10,R3  ; _sig_int_hdr
    00000048 6063                   MOV         R6,R0
    0000004A 043E                   MOV.L       @(R0,R3),R4
    0000004C D32C                   MOV.L       L17+14,R3  ; __icu_dev_hunt
    0000004E 430B                   JSR         @R3
    00000050 0009                   NOP
    00000052 6503                   MOV         R0,R5
    00000054 52F2                   MOV.L       @(8,R15),R2
    00000056 6623                   MOV         R2,R6
    00000058 6463                   MOV         R6,R4
    0000005A 4408                   SHLL2       R4
    0000005C D329                   MOV.L       L17+18,R3  ; _sig_icu_inf
    0000005E 6043                   MOV         R4,R0
    00000060 0355                   MOV.W       R5,@(R0,R3)
    00000062 D428                   MOV.L       L17+18,R4  ; _sig_icu_inf
    00000064 6623                   MOV         R2,R6
    00000066 6563                   MOV         R6,R5
    00000068 4508                   SHLL2       R5
    0000006A 6053                   MOV         R5,R0
    0000006C 064D                   MOV.W       @(R0,R4),R6
    0000006E 606F                   EXTS.W      R6,R0
    00000070 88FF                   CMP/EQ      #-1,R0
    00000072 8B02                   BF          L16
    00000074 E2FF                   MOV         #-1,R2     ; H'FFFFFFFF
    00000076 A037                   BRA         L14
    00000078 0009                   NOP
    0000007A              L16:
    0000007A D422                   MOV.L       L17+18,R4  ; _sig_icu_inf
    0000007C 6623                   MOV         R2,R6
    0000007E 6563                   MOV         R6,R5
    00000080 4508                   SHLL2       R5
    00000082 6053                   MOV         R5,R0
    00000084 064D                   MOV.W       @(R0,R4),R6
    00000086 6563                   MOV         R6,R5
    00000088 9333                   MOV.W       L17,R3     ; H'00FF
    0000008A 2539                   AND         R3,R5
    0000008C D61D                   MOV.L       L17+18,R6  ; _sig_icu_inf
    0000008E 7602                   ADD         #2,R6
    00000090 6423                   MOV         R2,R4
    00000092 6343                   MOV         R4,R3
    00000094 4308                   SHLL2       R3
    00000096 6033                   MOV         R3,R0
    00000098 0654                   MOV.B       R5,@(R0,R6)
    0000009A D41A                   MOV.L       L17+18,R4  ; _sig_icu_inf
    0000009C 6623                   MOV         R2,R6
    0000009E 6563                   MOV         R6,R5
    000000A0 6653                   MOV         R5,R6
    000000A2 4608                   SHLL2       R6
    000000A4 6063                   MOV         R6,R0
    000000A6 054D                   MOV.W       @(R0,R4),R5
    000000A8 6653                   MOV         R5,R6
    000000AA D517                   MOV.L       L17+22,R5  ; H'0000FF00
    000000AC 2659                   AND         R5,R6
    000000AE D515                   MOV.L       L17+18,R5  ; _sig_icu_inf
    000000B0 7502                   ADD         #2,R5
    000000B2 6423                   MOV         R2,R4
    000000B4 6343                   MOV         R4,R3
    000000B6 6433                   MOV         R3,R4
    000000B8 4408                   SHLL2       R4
    000000BA 7401                   ADD         #1,R4
    000000BC 6043                   MOV         R4,R0
    000000BE 0564                   MOV.B       R6,@(R0,R5)
    000000C0 D610                   MOV.L       L17+18,R6  ; _sig_icu_inf
    000000C2 7602                   ADD         #2,R6
    000000C4 6523                   MOV         R2,R5
    000000C6 6253                   MOV         R5,R2
    000000C8 4208                   SHLL2       R2
    000000CA 7201                   ADD         #1,R2
    000000CC 6023                   MOV         R2,R0
    000000CE 056C                   MOV.B       @(R0,R6),R5
    000000D0 625C                   EXTU.B      R5,R2
    000000D2 622C                   EXTU.B      R2,R2
    000000D4 6423                   MOV         R2,R4
    000000D6 D30D                   MOV.L       L17+26,R3  ; __get_ipfw
    000000D8 430B                   JSR         @R3
    000000DA 0009                   NOP
    000000DC 6203                   MOV         R0,R2
    000000DE 6023                   MOV         R2,R0
    000000E0 6203                   MOV         R0,R2
    000000E2 67F2                   MOV.L       @R15,R7
    000000E4 2722                   MOV.L       R2,@R7
    000000E6 E200                   MOV         #0,R2      ; H'00000000
    000000E8              L14:
    000000E8 6023                   MOV         R2,R0
    000000EA 7F10                   ADD         #16,R15
    000000EC 4F26                   LDS.L       @R15+,PR
    000000EE 000B                   RTS
    000000F0 0009                   NOP
    000000F2              L17:
    000000F2 00FF                   .DATA.W     H'00FF
    000000F4 <00000000>             .DATA.L     _pio_ctxt_tbl
    000000F8 <00000000>             .DATA.L     _sig_int_tsk
    000000FC <00000000>             .DATA.L     _sig_int_hdr
    00000100 <00000000>             .DATA.L     __icu_dev_hunt
    00000104 <00000000>             .DATA.L     _sig_icu_inf
    00000108 0000FF00               .DATA.L     H'0000FF00
    0000010C <00000000>             .DATA.L     __get_ipfw
C   00000000              _sig_int_hdr:                    ; static: sig_int_hdr
    00000000 <00000000>             .DATA.L     _sig0_int_hdr
    00000004 <00000000>             .DATA.L     _sig1_int_hdr
    00000008 <00000000>             .DATA.L     _sig2_int_hdr
    0000000C <00000000>             .DATA.L     _sig3_int_hdr
    00000010 <00000000>             .DATA.L     _sig4_int_hdr
    00000014 <00000000>             .DATA.L     _sig5_int_hdr
D   00000000              _sig_icu_inf:                    ; static: sig_icu_inf
    00000000 FFFF                   .DATA.W     H'FFFFFFFF
    00000002 FFFF                   .DATA.B     H'FF,H'FF
    00000004 FFFF                   .DATA.W     H'FFFFFFFF
    00000006 FFFF                   .DATA.B     H'FF,H'FF
    00000008 FFFF                   .DATA.W     H'FFFFFFFF
    0000000A FFFF                   .DATA.B     H'FF,H'FF
    0000000C FFFF                   .DATA.W     H'FFFFFFFF
    0000000E FFFF                   .DATA.B     H'FF,H'FF
    00000010 FFFF                   .DATA.W     H'FFFFFFFF
    00000012 FFFF                   .DATA.B     H'FF,H'FF
    00000014 FFFF                   .DATA.W     H'FFFFFFFF
    00000016 FFFF                   .DATA.B     H'FF,H'FF
    00000018              _sig_int_tsk:                    ; static: sig_int_tsk
    00000018 00000000               .DATA.L     H'00000000
    0000001C 00                     .DATAB.B    20,0
    00000030              _pio_ds:                         ; static: pio_ds
    00000030 0000000000             .DATA.L     H'00000000,H'00000000
             000000       
    00000038              _pio_ctxt_tbl:                   ; static: pio_ctxt_tbl
    00000038 0000000000             .DATA.L     H'00000000,H'00000000
             000000       
    00000040 0000                   .DATA.W     H'0000
    00000042 00                     .DATAB.B    62,0
SH SERIES C/C++ Compiler (Ver. checker(2003.03.17))                                              17-Apr-2006 17:20:08  PAGE    1


******** STATISTICS INFORMATION ********


********** ERROR INFORMATION ***********

NUMBER OF ERRORS:           0
NUMBER OF WARNINGS:         0
NUMBER OF INFORMATIONS:     1



******* SOURCE LINE INFORMATION ********

COMPILED SOURCE LINE:       60



******* SECTION SIZE INFORMATION *******

PROGRAM  SECTION (P):                               00000110 Byte(s)
CONSTANT SECTION (C):                               00000018 Byte(s)
DATA     SECTION (D):                               00000080 Byte(s)
BSS      SECTION (B):                               00000000 Byte(s)

TOTAL PROGRAM  SECTION: 00000110 Byte(s)
TOTAL CONSTANT SECTION: 00000018 Byte(s)
TOTAL DATA     SECTION: 00000080 Byte(s)
TOTAL BSS      SECTION: 00000000 Byte(s)

    TOTAL PROGRAM SIZE: 000001A8 Byte(s)



********** LABEL INFORMATION ***********

NUMBER OF EXTERNAL REFERENCE SYMBOLS:            8
NUMBER OF EXTERNAL DEFINITION SYMBOLS:           6
NUMBER OF INTERNAL/EXTERNAL SYMBOLS:            19
*** COMMAND PARAMETER ***


  -cpu=sh2 -op=0 -en=big -me -debug -comment=nest -l -def=DEBUG -i=P:\PRESTO2\SHINC,C:\usr\local\SH\7_1_1\include,P:\PRESTO2\NORTI_12\inc piosini.c 

