SH SERIES C/C++ Compiler (Ver. checker(2003.03.17))                                              17-Apr-2006 17:20:12  PAGE    1

************ OBJECT LISTING ************

FILE NAME: sig1int.c

SCT OFFSET   CODE       C LABEL     INSTRUCTION OPERAND    COMMENT

P   00000000              _sig1_int_hdr:                   ; function: sig1_int_hdr
                                                           ; frame size=4
    00000000 4F22                   STS.L       PR,@-R15
    00000002 D605                   MOV.L       L12+2,R6   ; _sig_int_tsk
    00000004 5261                   MOV.L       @(4,R6),R2
    00000006 5621                   MOV.L       @(4,R2),R6
    00000008 6463                   MOV         R6,R4
    0000000A D304                   MOV.L       L12+6,R3   ; _WUP_TSK
    0000000C 430B                   JSR         @R3
    0000000E 0009                   NOP
    00000010 4F26                   LDS.L       @R15+,PR
    00000012 000B                   RTS
    00000014 0009                   NOP
    00000016              L12:
    00000016 00000002               .RES.W      1
    00000018 <00000000>             .DATA.L     _sig_int_tsk
    0000001C <00000000>             .DATA.L     _WUP_TSK
SH SERIES C/C++ Compiler (Ver. checker(2003.03.17))                                              17-Apr-2006 17:20:12  PAGE    1


******** STATISTICS INFORMATION ********


********** ERROR INFORMATION ***********

NUMBER OF ERRORS:           0
NUMBER OF WARNINGS:         0
NUMBER OF INFORMATIONS:     0



******* SOURCE LINE INFORMATION ********

COMPILED SOURCE LINE:       35



******* SECTION SIZE INFORMATION *******

PROGRAM  SECTION (P):                               00000020 Byte(s)
CONSTANT SECTION (C):                               00000000 Byte(s)
DATA     SECTION (D):                               00000000 Byte(s)
BSS      SECTION (B):                               00000000 Byte(s)

TOTAL PROGRAM  SECTION: 00000020 Byte(s)
TOTAL CONSTANT SECTION: 00000000 Byte(s)
TOTAL DATA     SECTION: 00000000 Byte(s)
TOTAL BSS      SECTION: 00000000 Byte(s)

    TOTAL PROGRAM SIZE: 00000020 Byte(s)



********** LABEL INFORMATION ***********

NUMBER OF EXTERNAL REFERENCE SYMBOLS:            2
NUMBER OF EXTERNAL DEFINITION SYMBOLS:           1
NUMBER OF INTERNAL/EXTERNAL SYMBOLS:             4
*** COMMAND PARAMETER ***


  -cpu=sh2 -op=0 -en=big -me -debug -comment=nest -l -def=DEBUG -i=P:\PRESTO2\SHINC,C:\usr\local\SH\7_1_1\include,P:\PRESTO2\NORTI_12\inc sig1int.c 

