SH SERIES C/C++ Compiler (Ver. checker(2003.03.17))                                              28-May-2015 11:40:10  PAGE    1

************ OBJECT LISTING ************

FILE NAME: pri0039.c

SCT OFFSET   CODE       C LABEL     INSTRUCTION OPERAND    COMMENT

P   00000000              _pr_scan_ata_monitor:            ; function: pr_scan_ata_monitor
                                                           ; frame size=16
    00000000 2FC6                   MOV.L       R12,@-R15
    00000002 2FD6                   MOV.L       R13,@-R15
    00000004 2FE6                   MOV.L       R14,@-R15
    00000006 4F22                   STS.L       PR,@-R15
    00000008 8445                   MOV.B       @(5,R4),R0
    0000000A E539                   MOV         #57,R5     ; H'00000039
    0000000C 620C                   EXTU.B      R0,R2
    0000000E 3257                   CMP/GT      R5,R2
    00000010 8F02                   BF/S        L12
    00000012 6E43                   MOV         R4,R14
    00000014 A001                   BRA         L13
    00000016 72C9                   ADD         #-55,R2
    00000018              L12:
    00000018 72D0                   ADD         #-48,R2
    0000001A              L13:
    0000001A DC16                   MOV.L       L21,R12    ; _pri0039s
    0000001C 2C20                   MOV.B       R2,@R12
    0000001E 84E6                   MOV.B       @(6,R14),R0
    00000020 620C                   EXTU.B      R0,R2
    00000022 3257                   CMP/GT      R5,R2
    00000024 8B01                   BF          L15
    00000026 A001                   BRA         L16
    00000028 72C9                   ADD         #-55,R2
    0000002A              L15:
    0000002A 72D0                   ADD         #-48,R2
    0000002C              L16:
    0000002C 622C                   EXTU.B      R2,R2
    0000002E DD12                   MOV.L       L21+4,R13  ; _htoi
    00000030 1C21                   MOV.L       R2,@(4,R12)
    00000032 64E3                   MOV         R14,R4
    00000034 4D0B                   JSR         @R13
    00000036 7407                   ADD         #7,R4
    00000038 81C4                   MOV.W       R0,@(8,R12)
    0000003A E539                   MOV         #57,R5     ; H'00000039
    0000003C 84EB                   MOV.B       @(11,R14),R0
    0000003E 620C                   EXTU.B      R0,R2
    00000040 3257                   CMP/GT      R5,R2
    00000042 8B01                   BF          L18
    00000044 A001                   BRA         L19
    00000046 72C9                   ADD         #-55,R2
    00000048              L18:
    00000048 72D0                   ADD         #-48,R2
    0000004A              L19:
    0000004A 622C                   EXTU.B      R2,R2
    0000004C 64E3                   MOV         R14,R4
    0000004E 1C23                   MOV.L       R2,@(12,R12)
    00000050 D20A                   MOV.L       L21+8,R2   ; _htol
    00000052 420B                   JSR         @R2
    00000054 740C                   ADD         #12,R4
    00000056 1C04                   MOV.L       R0,@(16,R12)
    00000058 64E3                   MOV         R14,R4
    0000005A 4D0B                   JSR         @R13
    0000005C 7414                   ADD         #20,R4
    0000005E 81CA                   MOV.W       R0,@(20,R12)
    00000060 7E18                   ADD         #24,R14
    00000062 4D0B                   JSR         @R13
    00000064 64E3                   MOV         R14,R4
    00000066 81CB                   MOV.W       R0,@(22,R12)
    00000068 E000                   MOV         #0,R0      ; H'00000000
    0000006A 4F26                   LDS.L       @R15+,PR
    0000006C 6EF6                   MOV.L       @R15+,R14
    0000006E 6DF6                   MOV.L       @R15+,R13
    00000070 000B                   RTS
    00000072 6CF6                   MOV.L       @R15+,R12
    00000074              L21:
    00000074 <00000000>             .DATA.L     _pri0039s
    00000078 <00000000>             .DATA.L     _htoi
    0000007C <00000000>             .DATA.L     _htol
B   00000000              _pri0039s:                       ; static: pri0039s
    00000000 00000004               .RES.L      6
SH SERIES C/C++ Compiler (Ver. checker(2003.03.17))                                              28-May-2015 11:40:10  PAGE    1


******** STATISTICS INFORMATION ********


********** ERROR INFORMATION ***********

NUMBER OF ERRORS:           0
NUMBER OF WARNINGS:         0
NUMBER OF INFORMATIONS:     0



******* SOURCE LINE INFORMATION ********

COMPILED SOURCE LINE:       57



******* SECTION SIZE INFORMATION *******

PROGRAM  SECTION (P):                               00000080 Byte(s)
CONSTANT SECTION (C):                               00000000 Byte(s)
DATA     SECTION (D):                               00000000 Byte(s)
BSS      SECTION (B):                               00000018 Byte(s)

TOTAL PROGRAM  SECTION: 00000080 Byte(s)
TOTAL CONSTANT SECTION: 00000000 Byte(s)
TOTAL DATA     SECTION: 00000000 Byte(s)
TOTAL BSS      SECTION: 00000018 Byte(s)

    TOTAL PROGRAM SIZE: 00000098 Byte(s)



********** LABEL INFORMATION ***********

NUMBER OF EXTERNAL REFERENCE SYMBOLS:            2
NUMBER OF EXTERNAL DEFINITION SYMBOLS:           2
NUMBER OF INTERNAL/EXTERNAL SYMBOLS:            11
*** COMMAND PARAMETER ***


  -cpu=sh3 -op=1 -en=big -me -nodebug -comment=nest -l -def=NDEBUG -i=P:\PRESTO2\SHINC,d:\home\tool\7_1_1\include,P:\PRESTO2\NORTI_12\inc pri0039.c 

