SH SERIES C/C++ Compiler (Ver. checker(2003.03.17))                                              28-May-2015 11:40:20  PAGE    1

************ OBJECT LISTING ************

FILE NAME: pri0061.c

SCT OFFSET   CODE       C LABEL     INSTRUCTION OPERAND    COMMENT

P   00000000              _pr_scan_dsp_info:               ; function: pr_scan_dsp_info
                                                           ; frame size=12
    00000000 2FD6                   MOV.L       R13,@-R15
    00000002 2FE6                   MOV.L       R14,@-R15
    00000004 4F22                   STS.L       PR,@-R15
    00000006 8445                   MOV.B       @(5,R4),R0
    00000008 E639                   MOV         #57,R6     ; H'00000039
    0000000A 620C                   EXTU.B      R0,R2
    0000000C 3267                   CMP/GT      R6,R2
    0000000E 8F02                   BF/S        L12
    00000010 6E43                   MOV         R4,R14
    00000012 A001                   BRA         L13
    00000014 72C9                   ADD         #-55,R2
    00000016              L12:
    00000016 72D0                   ADD         #-48,R2
    00000018              L13:
    00000018 DD08                   MOV.L       L15,R13    ; _pri0061s
    0000001A 64E3                   MOV         R14,R4
    0000001C 7406                   ADD         #6,R4
    0000001E 2D20                   MOV.B       R2,@R13
    00000020 D207                   MOV.L       L15+4,R2   ; _htoc
    00000022 420B                   JSR         @R2
    00000024 7E08                   ADD         #8,R14
    00000026 620C                   EXTU.B      R0,R2
    00000028 1D21                   MOV.L       R2,@(4,R13)
    0000002A D206                   MOV.L       L15+8,R2   ; _htol
    0000002C 420B                   JSR         @R2
    0000002E 64E3                   MOV         R14,R4
    00000030 1D02                   MOV.L       R0,@(8,R13)
    00000032 E000                   MOV         #0,R0      ; H'00000000
    00000034 4F26                   LDS.L       @R15+,PR
    00000036 6EF6                   MOV.L       @R15+,R14
    00000038 000B                   RTS
    0000003A 6DF6                   MOV.L       @R15+,R13
    0000003C              L15:
    0000003C <00000000>             .DATA.L     _pri0061s
    00000040 <00000000>             .DATA.L     _htoc
    00000044 <00000000>             .DATA.L     _htol
B   00000000              _pri0061s:                       ; static: pri0061s
    00000000 00000004               .RES.L      3
SH SERIES C/C++ Compiler (Ver. checker(2003.03.17))                                              28-May-2015 11:40:20  PAGE    1


******** STATISTICS INFORMATION ********


********** ERROR INFORMATION ***********

NUMBER OF ERRORS:           0
NUMBER OF WARNINGS:         0
NUMBER OF INFORMATIONS:     0



******* SOURCE LINE INFORMATION ********

COMPILED SOURCE LINE:       51



******* SECTION SIZE INFORMATION *******

PROGRAM  SECTION (P):                               00000048 Byte(s)
CONSTANT SECTION (C):                               00000000 Byte(s)
DATA     SECTION (D):                               00000000 Byte(s)
BSS      SECTION (B):                               0000000C Byte(s)

TOTAL PROGRAM  SECTION: 00000048 Byte(s)
TOTAL CONSTANT SECTION: 00000000 Byte(s)
TOTAL DATA     SECTION: 00000000 Byte(s)
TOTAL BSS      SECTION: 0000000C Byte(s)

    TOTAL PROGRAM SIZE: 00000054 Byte(s)



********** LABEL INFORMATION ***********

NUMBER OF EXTERNAL REFERENCE SYMBOLS:            2
NUMBER OF EXTERNAL DEFINITION SYMBOLS:           2
NUMBER OF INTERNAL/EXTERNAL SYMBOLS:             7
*** COMMAND PARAMETER ***


  -cpu=sh3 -op=1 -en=big -me -nodebug -comment=nest -l -def=NDEBUG -i=P:\PRESTO2\SHINC,d:\home\tool\7_1_1\include,P:\PRESTO2\NORTI_12\inc pri0061.c 

