SH SERIES C/C++ Compiler (Ver. checker(2003.03.17))                                              28-May-2015 11:40:20  PAGE    1

************ OBJECT LISTING ************

FILE NAME: pri0042.c

SCT OFFSET   CODE       C LABEL     INSTRUCTION OPERAND    COMMENT

P   00000000              _pr_print_shift_data:            ; function: pr_print_shift_data
                                                           ; frame size=32
    00000000 2F86                   MOV.L       R8,@-R15
    00000002 2F96                   MOV.L       R9,@-R15
    00000004 2FA6                   MOV.L       R10,@-R15
    00000006 2FB6                   MOV.L       R11,@-R15
    00000008 2FC6                   MOV.L       R12,@-R15
    0000000A 2FD6                   MOV.L       R13,@-R15
    0000000C 2FE6                   MOV.L       R14,@-R15
    0000000E 4F22                   STS.L       PR,@-R15
    00000010 6250                   MOV.B       @R5,R2
    00000012 E809                   MOV         #9,R8      ; H'00000009
    00000014 6A53                   MOV         R5,R10
    00000016 622C                   EXTU.B      R2,R2
    00000018 3287                   CMP/GT      R8,R2
    0000001A 8F02                   BF/S        L12
    0000001C 6D43                   MOV         R4,R13
    0000001E A001                   BRA         L13
    00000020 7237                   ADD         #55,R2
    00000022              L12:
    00000022 7230                   ADD         #48,R2
    00000024              L13:
    00000024 6023                   MOV         R2,R0
    00000026 80D5                   MOV.B       R0,@(5,R13)
    00000028 84A1                   MOV.B       @(1,R10),R0
    0000002A 65D3                   MOV         R13,R5
    0000002C D91F                   MOV.L       L24,R9     ; _ctoh
    0000002E 7506                   ADD         #6,R5
    00000030 490B                   JSR         @R9
    00000032 640C                   EXTU.B      R0,R4
    00000034 84A2                   MOV.B       @(2,R10),R0
    00000036 65D3                   MOV         R13,R5
    00000038 7508                   ADD         #8,R5
    0000003A 490B                   JSR         @R9
    0000003C 640C                   EXTU.B      R0,R4
    0000003E 84A3                   MOV.B       @(3,R10),R0
    00000040 620C                   EXTU.B      R0,R2
    00000042 3287                   CMP/GT      R8,R2
    00000044 8B01                   BF          L15
    00000046 A001                   BRA         L16
    00000048 7237                   ADD         #55,R2
    0000004A              L15:
    0000004A 7230                   ADD         #48,R2
    0000004C              L16:
    0000004C 6023                   MOV         R2,R0
    0000004E 80DA                   MOV.B       R0,@(10,R13)
    00000050 7D0B                   ADD         #11,R13
    00000052 6ED3                   MOV         R13,R14
    00000054 6DA3                   MOV         R10,R13
    00000056 7D04                   ADD         #4,R13
    00000058 A01A                   BRA         L17
    0000005A EC00                   MOV         #0,R12     ; H'00000000
    0000005C              L18:
    0000005C 62D0                   MOV.B       @R13,R2
    0000005E DB14                   MOV.L       L24+4,R11  ; _ltoh
    00000060 622C                   EXTU.B      R2,R2
    00000062 3287                   CMP/GT      R8,R2
    00000064 8F02                   BF/S        L20
    00000066 62D0                   MOV.B       @R13,R2
    00000068 A001                   BRA         L21
    0000006A 7237                   ADD         #55,R2
    0000006C              L20:
    0000006C 7230                   ADD         #48,R2
    0000006E              L21:
    0000006E 2E20                   MOV.B       R2,@R14
    00000070 7E01                   ADD         #1,R14
    00000072 54D1                   MOV.L       @(4,R13),R4
    00000074 65E3                   MOV         R14,R5
    00000076 4B0B                   JSR         @R11
    00000078 7E08                   ADD         #8,R14
    0000007A 54D2                   MOV.L       @(8,R13),R4
    0000007C 65E3                   MOV         R14,R5
    0000007E 4B0B                   JSR         @R11
    00000080 7E08                   ADD         #8,R14
    00000082 84DC                   MOV.B       @(12,R13),R0
    00000084 65E3                   MOV         R14,R5
    00000086 7D10                   ADD         #16,R13
    00000088 490B                   JSR         @R9
    0000008A 640C                   EXTU.B      R0,R4
    0000008C 7E02                   ADD         #2,R14
    0000008E 7C01                   ADD         #1,R12
    00000090              L17:
    00000090 84A3                   MOV.B       @(3,R10),R0
    00000092 620C                   EXTU.B      R0,R2
    00000094 3C23                   CMP/GE      R2,R12
    00000096 8BE1                   BF          L18
    00000098 60E3                   MOV         R14,R0
    0000009A 4F26                   LDS.L       @R15+,PR
    0000009C 6EF6                   MOV.L       @R15+,R14
    0000009E 6DF6                   MOV.L       @R15+,R13
    000000A0 6CF6                   MOV.L       @R15+,R12
    000000A2 6BF6                   MOV.L       @R15+,R11
    000000A4 6AF6                   MOV.L       @R15+,R10
    000000A6 69F6                   MOV.L       @R15+,R9
    000000A8 000B                   RTS
    000000AA 68F6                   MOV.L       @R15+,R8
    000000AC              L24:
    000000AC <00000000>             .DATA.L     _ctoh
    000000B0 <00000000>             .DATA.L     _ltoh
SH SERIES C/C++ Compiler (Ver. checker(2003.03.17))                                              28-May-2015 11:40:20  PAGE    1


******** STATISTICS INFORMATION ********


********** ERROR INFORMATION ***********

NUMBER OF ERRORS:           0
NUMBER OF WARNINGS:         0
NUMBER OF INFORMATIONS:     0



******* SOURCE LINE INFORMATION ********

COMPILED SOURCE LINE:       73



******* SECTION SIZE INFORMATION *******

PROGRAM  SECTION (P):                               000000B4 Byte(s)
CONSTANT SECTION (C):                               00000000 Byte(s)
DATA     SECTION (D):                               00000000 Byte(s)
BSS      SECTION (B):                               00000000 Byte(s)

TOTAL PROGRAM  SECTION: 000000B4 Byte(s)
TOTAL CONSTANT SECTION: 00000000 Byte(s)
TOTAL DATA     SECTION: 00000000 Byte(s)
TOTAL BSS      SECTION: 00000000 Byte(s)

    TOTAL PROGRAM SIZE: 000000B4 Byte(s)



********** LABEL INFORMATION ***********

NUMBER OF EXTERNAL REFERENCE SYMBOLS:            2
NUMBER OF EXTERNAL DEFINITION SYMBOLS:           1
NUMBER OF INTERNAL/EXTERNAL SYMBOLS:            12
*** COMMAND PARAMETER ***


  -cpu=sh3 -op=1 -en=big -me -nodebug -comment=nest -l -def=NDEBUG -i=P:\PRESTO2\SHINC,d:\home\tool\7_1_1\include,P:\PRESTO2\NORTI_12\inc pri0042.c 

