SH SERIES C/C++ Compiler (Ver. checker(2003.03.17))                                              28-May-2015 11:40:21  PAGE    1

************ OBJECT LISTING ************

FILE NAME: pri0062.c

SCT OFFSET   CODE       C LABEL     INSTRUCTION OPERAND    COMMENT

P   00000000              _pr_print_dsp_info:              ; function: pr_print_dsp_info
                                                           ; frame size=12
    00000000 2FE6                   MOV.L       R14,@-R15
    00000002 4F22                   STS.L       PR,@-R15
    00000004 7FFC                   ADD         #-4,R15
    00000006 6650                   MOV.B       @R5,R6
    00000008 E309                   MOV         #9,R3      ; H'00000009
    0000000A 6E53                   MOV         R5,R14
    0000000C 6243                   MOV         R4,R2
    0000000E 666C                   EXTU.B      R6,R6
    00000010 3637                   CMP/GT      R3,R6
    00000012 8F02                   BF/S        L12
    00000014 2F42                   MOV.L       R4,@R15
    00000016 A001                   BRA         L13
    00000018 7637                   ADD         #55,R6
    0000001A              L12:
    0000001A 7630                   ADD         #48,R6
    0000001C              L13:
    0000001C 6063                   MOV         R6,R0
    0000001E 8025                   MOV.B       R0,@(5,R2)
    00000020 54E1                   MOV.L       @(4,R14),R4
    00000022 7206                   ADD         #6,R2
    00000024 D607                   MOV.L       L15+2,R6   ; _ctoh
    00000026 6523                   MOV         R2,R5
    00000028 460B                   JSR         @R6
    0000002A 644C                   EXTU.B      R4,R4
    0000002C 65F2                   MOV.L       @R15,R5
    0000002E 54E2                   MOV.L       @(8,R14),R4
    00000030 D605                   MOV.L       L15+6,R6   ; _ltoh
    00000032 460B                   JSR         @R6
    00000034 7508                   ADD         #8,R5
    00000036 60F2                   MOV.L       @R15,R0
    00000038 7010                   ADD         #16,R0
    0000003A 7F04                   ADD         #4,R15
    0000003C 4F26                   LDS.L       @R15+,PR
    0000003E 000B                   RTS
    00000040 6EF6                   MOV.L       @R15+,R14
    00000042              L15:
    00000042 00000002               .RES.W      1
    00000044 <00000000>             .DATA.L     _ctoh
    00000048 <00000000>             .DATA.L     _ltoh
SH SERIES C/C++ Compiler (Ver. checker(2003.03.17))                                              28-May-2015 11:40:21  PAGE    1


******** STATISTICS INFORMATION ********


********** ERROR INFORMATION ***********

NUMBER OF ERRORS:           0
NUMBER OF WARNINGS:         0
NUMBER OF INFORMATIONS:     0



******* SOURCE LINE INFORMATION ********

COMPILED SOURCE LINE:       51



******* SECTION SIZE INFORMATION *******

PROGRAM  SECTION (P):                               0000004C Byte(s)
CONSTANT SECTION (C):                               00000000 Byte(s)
DATA     SECTION (D):                               00000000 Byte(s)
BSS      SECTION (B):                               00000000 Byte(s)

TOTAL PROGRAM  SECTION: 0000004C Byte(s)
TOTAL CONSTANT SECTION: 00000000 Byte(s)
TOTAL DATA     SECTION: 00000000 Byte(s)
TOTAL BSS      SECTION: 00000000 Byte(s)

    TOTAL PROGRAM SIZE: 0000004C Byte(s)



********** LABEL INFORMATION ***********

NUMBER OF EXTERNAL REFERENCE SYMBOLS:            2
NUMBER OF EXTERNAL DEFINITION SYMBOLS:           1
NUMBER OF INTERNAL/EXTERNAL SYMBOLS:             6
*** COMMAND PARAMETER ***


  -cpu=sh3 -op=1 -en=big -me -nodebug -comment=nest -l -def=NDEBUG -i=P:\PRESTO2\SHINC,d:\home\tool\7_1_1\include,P:\PRESTO2\NORTI_12\inc pri0062.c 

