SH SERIES C/C++ Compiler (Ver. checker(2003.03.17))                                              28-May-2015 11:40:11  PAGE    1

************ OBJECT LISTING ************

FILE NAME: pri0040.c

SCT OFFSET   CODE       C LABEL     INSTRUCTION OPERAND    COMMENT

P   00000000              _pr_print_ata_monitor:           ; function: pr_print_ata_monitor
                                                           ; frame size=16
    00000000 2FD6                   MOV.L       R13,@-R15
    00000002 2FE6                   MOV.L       R14,@-R15
    00000004 4F22                   STS.L       PR,@-R15
    00000006 7FFC                   ADD         #-4,R15
    00000008 6650                   MOV.B       @R5,R6
    0000000A E709                   MOV         #9,R7      ; H'00000009
    0000000C 6E53                   MOV         R5,R14
    0000000E 6243                   MOV         R4,R2
    00000010 666C                   EXTU.B      R6,R6
    00000012 3677                   CMP/GT      R7,R6
    00000014 8F02                   BF/S        L12
    00000016 2F42                   MOV.L       R4,@R15
    00000018 A001                   BRA         L13
    0000001A 7637                   ADD         #55,R6
    0000001C              L12:
    0000001C 7630                   ADD         #48,R6
    0000001E              L13:
    0000001E 6063                   MOV         R6,R0
    00000020 8025                   MOV.B       R0,@(5,R2)
    00000022 56E1                   MOV.L       @(4,R14),R6
    00000024 3677                   CMP/GT      R7,R6
    00000026 8B01                   BF          L15
    00000028 A001                   BRA         L16
    0000002A 7637                   ADD         #55,R6
    0000002C              L15:
    0000002C 7630                   ADD         #48,R6
    0000002E              L16:
    0000002E 6063                   MOV         R6,R0
    00000030 8026                   MOV.B       R0,@(6,R2)
    00000032 85E4                   MOV.W       @(8,R14),R0
    00000034 7207                   ADD         #7,R2
    00000036 DD11                   MOV.L       L21,R13    ; _itoh
    00000038 6523                   MOV         R2,R5
    0000003A 4D0B                   JSR         @R13
    0000003C 640D                   EXTU.W      R0,R4
    0000003E 56E3                   MOV.L       @(12,R14),R6
    00000040 E709                   MOV         #9,R7      ; H'00000009
    00000042 3677                   CMP/GT      R7,R6
    00000044 8B01                   BF          L18
    00000046 A001                   BRA         L19
    00000048 7637                   ADD         #55,R6
    0000004A              L18:
    0000004A 7630                   ADD         #48,R6
    0000004C              L19:
    0000004C 65F2                   MOV.L       @R15,R5
    0000004E 6063                   MOV         R6,R0
    00000050 D60B                   MOV.L       L21+4,R6   ; _ltoh
    00000052 805B                   MOV.B       R0,@(11,R5)
    00000054 750C                   ADD         #12,R5
    00000056 460B                   JSR         @R6
    00000058 54E4                   MOV.L       @(16,R14),R4
    0000005A 85EA                   MOV.W       @(20,R14),R0
    0000005C 65F2                   MOV.L       @R15,R5
    0000005E 640D                   EXTU.W      R0,R4
    00000060 4D0B                   JSR         @R13
    00000062 7514                   ADD         #20,R5
    00000064 85EB                   MOV.W       @(22,R14),R0
    00000066 65F2                   MOV.L       @R15,R5
    00000068 640D                   EXTU.W      R0,R4
    0000006A 4D0B                   JSR         @R13
    0000006C 7518                   ADD         #24,R5
    0000006E 60F2                   MOV.L       @R15,R0
    00000070 701C                   ADD         #28,R0
    00000072 7F04                   ADD         #4,R15
    00000074 4F26                   LDS.L       @R15+,PR
    00000076 6EF6                   MOV.L       @R15+,R14
    00000078 000B                   RTS
    0000007A 6DF6                   MOV.L       @R15+,R13
    0000007C              L21:
    0000007C <00000000>             .DATA.L     _itoh
    00000080 <00000000>             .DATA.L     _ltoh
SH SERIES C/C++ Compiler (Ver. checker(2003.03.17))                                              28-May-2015 11:40:11  PAGE    1


******** STATISTICS INFORMATION ********


********** ERROR INFORMATION ***********

NUMBER OF ERRORS:           0
NUMBER OF WARNINGS:         0
NUMBER OF INFORMATIONS:     0



******* SOURCE LINE INFORMATION ********

COMPILED SOURCE LINE:       58



******* SECTION SIZE INFORMATION *******

PROGRAM  SECTION (P):                               00000084 Byte(s)
CONSTANT SECTION (C):                               00000000 Byte(s)
DATA     SECTION (D):                               00000000 Byte(s)
BSS      SECTION (B):                               00000000 Byte(s)

TOTAL PROGRAM  SECTION: 00000084 Byte(s)
TOTAL CONSTANT SECTION: 00000000 Byte(s)
TOTAL DATA     SECTION: 00000000 Byte(s)
TOTAL BSS      SECTION: 00000000 Byte(s)

    TOTAL PROGRAM SIZE: 00000084 Byte(s)



********** LABEL INFORMATION ***********

NUMBER OF EXTERNAL REFERENCE SYMBOLS:            2
NUMBER OF EXTERNAL DEFINITION SYMBOLS:           1
NUMBER OF INTERNAL/EXTERNAL SYMBOLS:            10
*** COMMAND PARAMETER ***


  -cpu=sh3 -op=1 -en=big -me -nodebug -comment=nest -l -def=NDEBUG -i=P:\PRESTO2\SHINC,d:\home\tool\7_1_1\include,P:\PRESTO2\NORTI_12\inc pri0040.c 

