SH SERIES C/C++ Compiler (Ver. checker(2003.03.17))                                              28-May-2015 11:40:18  PAGE    1

************ OBJECT LISTING ************

FILE NAME: pri0046.c

SCT OFFSET   CODE       C LABEL     INSTRUCTION OPERAND    COMMENT

P   00000000              _pr_print_mlt_cond:              ; function: pr_print_mlt_cond
                                                           ; frame size=32
    00000000 2F86                   MOV.L       R8,@-R15
    00000002 2F96                   MOV.L       R9,@-R15
    00000004 2FA6                   MOV.L       R10,@-R15
    00000006 2FB6                   MOV.L       R11,@-R15
    00000008 2FC6                   MOV.L       R12,@-R15
    0000000A 2FD6                   MOV.L       R13,@-R15
    0000000C 2FE6                   MOV.L       R14,@-R15
    0000000E 4F22                   STS.L       PR,@-R15
    00000010 6250                   MOV.B       @R5,R2
    00000012 E309                   MOV         #9,R3      ; H'00000009
    00000014 6953                   MOV         R5,R9
    00000016 622C                   EXTU.B      R2,R2
    00000018 3237                   CMP/GT      R3,R2
    0000001A 8F02                   BF/S        L12
    0000001C 6E43                   MOV         R4,R14
    0000001E A001                   BRA         L13
    00000020 7237                   ADD         #55,R2
    00000022              L12:
    00000022 7230                   ADD         #48,R2
    00000024              L13:
    00000024 6023                   MOV         R2,R0
    00000026 80E5                   MOV.B       R0,@(5,R14)
    00000028 5491                   MOV.L       @(4,R9),R4
    0000002A 65E3                   MOV         R14,R5
    0000002C DA37                   MOV.L       L31+2,R10  ; _ctoh
    0000002E 7506                   ADD         #6,R5
    00000030 644C                   EXTU.B      R4,R4
    00000032 4A0B                   JSR         @R10
    00000034 6B93                   MOV         R9,R11
    00000036 5492                   MOV.L       @(8,R9),R4
    00000038 65E3                   MOV         R14,R5
    0000003A 7508                   ADD         #8,R5
    0000003C 4A0B                   JSR         @R10
    0000003E 644C                   EXTU.B      R4,R4
    00000040 5493                   MOV.L       @(12,R9),R4
    00000042 65E3                   MOV         R14,R5
    00000044 D232                   MOV.L       L31+6,R2   ; _ltoh
    00000046 750A                   ADD         #10,R5
    00000048 420B                   JSR         @R2
    0000004A 7B18                   ADD         #24,R11
    0000004C 8598                   MOV.W       @(16,R9),R0
    0000004E 65E3                   MOV         R14,R5
    00000050 D230                   MOV.L       L31+10,R2  ; _itoh
    00000052 7512                   ADD         #18,R5
    00000054 420B                   JSR         @R2
    00000056 640D                   EXTU.W      R0,R4
    00000058 E014                   MOV         #20,R0     ; H'00000014
    0000005A 65E3                   MOV         R14,R5
    0000005C 049C                   MOV.B       @(R0,R9),R4
    0000005E 7516                   ADD         #22,R5
    00000060 7E18                   ADD         #24,R14
    00000062 644C                   EXTU.B      R4,R4
    00000064 4A0B                   JSR         @R10
    00000066 6CE3                   MOV         R14,R12
    00000068 EE00                   MOV         #0,R14     ; H'00000000
    0000006A ED10                   MOV         #16,R13    ; H'00000010
    0000006C              L14:
    0000006C 60E3                   MOV         R14,R0
    0000006E 04BC                   MOV.B       @(R0,R11),R4
    00000070 65C3                   MOV         R12,R5
    00000072 7C02                   ADD         #2,R12
    00000074 4A0B                   JSR         @R10
    00000076 644C                   EXTU.B      R4,R4
    00000078 4D10                   DT          R13
    0000007A 8FF7                   BF/S        L14
    0000007C 7E01                   ADD         #1,R14
    0000007E E028                   MOV         #40,R0     ; H'00000028
    00000080 65C3                   MOV         R12,R5
    00000082 049C                   MOV.B       @(R0,R9),R4
    00000084 6D93                   MOV         R9,R13
    00000086 7C02                   ADD         #2,R12
    00000088 4A0B                   JSR         @R10
    0000008A 644C                   EXTU.B      R4,R4
    0000008C E400                   MOV         #0,R4      ; H'00000000
    0000008E E780                   MOV         #-128,R7   ; H'FFFFFF80
    00000090 6E43                   MOV         R4,R14
    00000092 677C                   EXTU.B      R7,R7
    00000094 7D29                   ADD         #41,R13
    00000096 E830                   MOV         #48,R8     ; H'00000030
    00000098              L16:
    00000098 6043                   MOV         R4,R0
    0000009A 05DC                   MOV.B       @(R0,R13),R5
    0000009C 66C3                   MOV         R12,R6
    0000009E 2558                   TST         R5,R5
    000000A0 8F01                   BF/S        L18
    000000A2 7601                   ADD         #1,R6
    000000A4 EE01                   MOV         #1,R14     ; H'00000001
    000000A6              L18:
    000000A6 2EE8                   TST         R14,R14
    000000A8 8902                   BT          L20
    000000AA 2C80                   MOV.B       R8,@R12
    000000AC A002                   BRA         L21
    000000AE 6C63                   MOV         R6,R12
    000000B0              L20:
    000000B0 2C50                   MOV.B       R5,@R12
    000000B2 6C63                   MOV         R6,R12
    000000B4              L21:
    000000B4 4710                   DT          R7
    000000B6 8FEF                   BF/S        L16
    000000B8 7401                   ADD         #1,R4
    000000BA EBA9                   MOV         #-87,R11   ; H'FFFFFFA9
    000000BC 65C3                   MOV         R12,R5
    000000BE 6BBC                   EXTU.B      R11,R11
    000000C0 60B3                   MOV         R11,R0
    000000C2 049C                   MOV.B       @(R0,R9),R4
    000000C4 7B01                   ADD         #1,R11
    000000C6 4A0B                   JSR         @R10
    000000C8 644C                   EXTU.B      R4,R4
    000000CA E400                   MOV         #0,R4      ; H'00000000
    000000CC 39BC                   ADD         R11,R9
    000000CE 6E43                   MOV         R4,R14
    000000D0 7C02                   ADD         #2,R12
    000000D2 E720                   MOV         #32,R7     ; H'00000020
    000000D4              L23:
    000000D4 6043                   MOV         R4,R0
    000000D6 059C                   MOV.B       @(R0,R9),R5
    000000D8 66C3                   MOV         R12,R6
    000000DA 2558                   TST         R5,R5
    000000DC 8F01                   BF/S        L25
    000000DE 7601                   ADD         #1,R6
    000000E0 EE01                   MOV         #1,R14     ; H'00000001
    000000E2              L25:
    000000E2 2EE8                   TST         R14,R14
    000000E4 8902                   BT          L27
    000000E6 2C80                   MOV.B       R8,@R12
    000000E8 A002                   BRA         L28
    000000EA 6C63                   MOV         R6,R12
    000000EC              L27:
    000000EC 2C50                   MOV.B       R5,@R12
    000000EE 6C63                   MOV         R6,R12
    000000F0              L28:
    000000F0 4710                   DT          R7
    000000F2 8FEF                   BF/S        L23
    000000F4 7401                   ADD         #1,R4
    000000F6 60C3                   MOV         R12,R0
    000000F8 4F26                   LDS.L       @R15+,PR
    000000FA 6EF6                   MOV.L       @R15+,R14
    000000FC 6DF6                   MOV.L       @R15+,R13
    000000FE 6CF6                   MOV.L       @R15+,R12
    00000100 6BF6                   MOV.L       @R15+,R11
    00000102 6AF6                   MOV.L       @R15+,R10
    00000104 69F6                   MOV.L       @R15+,R9
    00000106 000B                   RTS
    00000108 68F6                   MOV.L       @R15+,R8
    0000010A              L31:
    0000010A 00000002               .RES.W      1
    0000010C <00000000>             .DATA.L     _ctoh
    00000110 <00000000>             .DATA.L     _ltoh
    00000114 <00000000>             .DATA.L     _itoh
SH SERIES C/C++ Compiler (Ver. checker(2003.03.17))                                              28-May-2015 11:40:18  PAGE    1


******** STATISTICS INFORMATION ********


********** ERROR INFORMATION ***********

NUMBER OF ERRORS:           0
NUMBER OF WARNINGS:         0
NUMBER OF INFORMATIONS:     0



******* SOURCE LINE INFORMATION ********

COMPILED SOURCE LINE:       82



******* SECTION SIZE INFORMATION *******

PROGRAM  SECTION (P):                               00000118 Byte(s)
CONSTANT SECTION (C):                               00000000 Byte(s)
DATA     SECTION (D):                               00000000 Byte(s)
BSS      SECTION (B):                               00000000 Byte(s)

TOTAL PROGRAM  SECTION: 00000118 Byte(s)
TOTAL CONSTANT SECTION: 00000000 Byte(s)
TOTAL DATA     SECTION: 00000000 Byte(s)
TOTAL BSS      SECTION: 00000000 Byte(s)

    TOTAL PROGRAM SIZE: 00000118 Byte(s)



********** LABEL INFORMATION ***********

NUMBER OF EXTERNAL REFERENCE SYMBOLS:            3
NUMBER OF EXTERNAL DEFINITION SYMBOLS:           1
NUMBER OF INTERNAL/EXTERNAL SYMBOLS:            16
*** COMMAND PARAMETER ***


  -cpu=sh3 -op=1 -en=big -me -nodebug -comment=nest -l -def=NDEBUG -i=P:\PRESTO2\SHINC,d:\home\tool\7_1_1\include,P:\PRESTO2\NORTI_12\inc pri0046.c 

