SH SERIES C/C++ Compiler (Ver. checker(2003.03.17))                                              28-May-2015 11:40:14  PAGE    1

************ OBJECT LISTING ************

FILE NAME: pri1030.c

SCT OFFSET   CODE       C LABEL     INSTRUCTION OPERAND    COMMENT

P   00000000              _pr_print_ref_weight:            ; function: pr_print_ref_weight
                                                           ; frame size=36
    00000000 2F86                   MOV.L       R8,@-R15
    00000002 2F96                   MOV.L       R9,@-R15
    00000004 2FA6                   MOV.L       R10,@-R15
    00000006 2FB6                   MOV.L       R11,@-R15
    00000008 2FC6                   MOV.L       R12,@-R15
    0000000A 2FD6                   MOV.L       R13,@-R15
    0000000C 2FE6                   MOV.L       R14,@-R15
    0000000E 4F22                   STS.L       PR,@-R15
    00000010 7FFC                   ADD         #-4,R15
    00000012 6250                   MOV.B       @R5,R2
    00000014 E309                   MOV         #9,R3      ; H'00000009
    00000016 622C                   EXTU.B      R2,R2
    00000018 3237                   CMP/GT      R3,R2
    0000001A 8F02                   BF/S        L12
    0000001C 6953                   MOV         R5,R9
    0000001E A001                   BRA         L13
    00000020 7237                   ADD         #55,R2
    00000022              L12:
    00000022 7230                   ADD         #48,R2
    00000024              L13:
    00000024 6023                   MOV         R2,R0
    00000026 8044                   MOV.B       R0,@(4,R4)
    00000028 8491                   MOV.B       @(1,R9),R0
    0000002A E309                   MOV         #9,R3      ; H'00000009
    0000002C 620C                   EXTU.B      R0,R2
    0000002E 3237                   CMP/GT      R3,R2
    00000030 8B01                   BF          L15
    00000032 A001                   BRA         L16
    00000034 7237                   ADD         #55,R2
    00000036              L15:
    00000036 7230                   ADD         #48,R2
    00000038              L16:
    00000038 6793                   MOV         R9,R7
    0000003A 7702                   ADD         #2,R7
    0000003C 6023                   MOV         R2,R0
    0000003E 6D43                   MOV         R4,R13
    00000040 6893                   MOV         R9,R8
    00000042 8045                   MOV.B       R0,@(5,R4)
    00000044 7D06                   ADD         #6,R13
    00000046 2F72                   MOV.L       R7,@R15
    00000048 7804                   ADD         #4,R8
    0000004A A027                   BRA         L17
    0000004C EA00                   MOV         #0,R10     ; H'00000000
    0000004E              L18:
    0000004E E305                   MOV         #5,R3      ; H'00000005
    00000050 60A3                   MOV         R10,R0
    00000052 403D                   SHLD        R3,R0
    00000054 6693                   MOV         R9,R6
    00000056 30AC                   ADD         R10,R0
    00000058 4000                   SHLL        R0
    0000005A 7602                   ADD         #2,R6
    0000005C 026C                   MOV.B       @(R0,R6),R2
    0000005E E109                   MOV         #9,R1      ; H'00000009
    00000060 622C                   EXTU.B      R2,R2
    00000062 3217                   CMP/GT      R1,R2
    00000064 8F02                   BF/S        L20
    00000066 6503                   MOV         R0,R5
    00000068 A001                   BRA         L21
    0000006A 7237                   ADD         #55,R2
    0000006C              L20:
    0000006C 7230                   ADD         #48,R2
    0000006E              L21:
    0000006E 67F2                   MOV.L       @R15,R7
    00000070 6C53                   MOV         R5,R12
    00000072 2D20                   MOV.B       R2,@R13
    00000074 6B53                   MOV         R5,R11
    00000076 3C7C                   ADD         R7,R12
    00000078 7D01                   ADD         #1,R13
    0000007A 3B8C                   ADD         R8,R11
    0000007C A009                   BRA         L22
    0000007E EE00                   MOV         #0,R14     ; H'00000000
    00000080              L23:
    00000080 60E3                   MOV         R14,R0
    00000082 4000                   SHLL        R0
    00000084 04BD                   MOV.W       @(R0,R11),R4
    00000086 65D3                   MOV         R13,R5
    00000088 D20C                   MOV.L       L27+2,R2   ; _itoh
    0000008A 7D04                   ADD         #4,R13
    0000008C 420B                   JSR         @R2
    0000008E 644D                   EXTU.W      R4,R4
    00000090 7E01                   ADD         #1,R14
    00000092              L22:
    00000092 62C0                   MOV.B       @R12,R2
    00000094 622C                   EXTU.B      R2,R2
    00000096 3E23                   CMP/GE      R2,R14
    00000098 8BF2                   BF          L23
    0000009A 7A01                   ADD         #1,R10
    0000009C              L17:
    0000009C 8491                   MOV.B       @(1,R9),R0
    0000009E 620C                   EXTU.B      R0,R2
    000000A0 3A23                   CMP/GE      R2,R10
    000000A2 8BD4                   BF          L18
    000000A4 60D3                   MOV         R13,R0
    000000A6 7F04                   ADD         #4,R15
    000000A8 4F26                   LDS.L       @R15+,PR
    000000AA 6EF6                   MOV.L       @R15+,R14
    000000AC 6DF6                   MOV.L       @R15+,R13
    000000AE 6CF6                   MOV.L       @R15+,R12
    000000B0 6BF6                   MOV.L       @R15+,R11
    000000B2 6AF6                   MOV.L       @R15+,R10
    000000B4 69F6                   MOV.L       @R15+,R9
    000000B6 000B                   RTS
    000000B8 68F6                   MOV.L       @R15+,R8
    000000BA              L27:
    000000BA 00000002               .RES.W      1
    000000BC <00000000>             .DATA.L     _itoh
SH SERIES C/C++ Compiler (Ver. checker(2003.03.17))                                              28-May-2015 11:40:14  PAGE    1


******** STATISTICS INFORMATION ********


********** ERROR INFORMATION ***********

NUMBER OF ERRORS:           0
NUMBER OF WARNINGS:         0
NUMBER OF INFORMATIONS:     0



******* SOURCE LINE INFORMATION ********

COMPILED SOURCE LINE:       62



******* SECTION SIZE INFORMATION *******

PROGRAM  SECTION (P):                               000000C0 Byte(s)
CONSTANT SECTION (C):                               00000000 Byte(s)
DATA     SECTION (D):                               00000000 Byte(s)
BSS      SECTION (B):                               00000000 Byte(s)

TOTAL PROGRAM  SECTION: 000000C0 Byte(s)
TOTAL CONSTANT SECTION: 00000000 Byte(s)
TOTAL DATA     SECTION: 00000000 Byte(s)
TOTAL BSS      SECTION: 00000000 Byte(s)

    TOTAL PROGRAM SIZE: 000000C0 Byte(s)



********** LABEL INFORMATION ***********

NUMBER OF EXTERNAL REFERENCE SYMBOLS:            1
NUMBER OF EXTERNAL DEFINITION SYMBOLS:           1
NUMBER OF INTERNAL/EXTERNAL SYMBOLS:            13
*** COMMAND PARAMETER ***


  -cpu=sh3 -op=1 -en=big -me -nodebug -comment=nest -l -def=NDEBUG -i=P:\PRESTO2\SHINC,d:\home\tool\7_1_1\include,P:\PRESTO2\NORTI_12\inc pri1030.c 

