SH SERIES C/C++ Compiler (Ver. checker(2003.03.17))                                              28-May-2015 11:40:14  PAGE    1

************ OBJECT LISTING ************

FILE NAME: pri1029.c

SCT OFFSET   CODE       C LABEL     INSTRUCTION OPERAND    COMMENT

P   00000000              _pr_scan_ref_weight:             ; function: pr_scan_ref_weight
                                                           ; frame size=32
    00000000 2F86                   MOV.L       R8,@-R15
    00000002 2F96                   MOV.L       R9,@-R15
    00000004 2FA6                   MOV.L       R10,@-R15
    00000006 2FB6                   MOV.L       R11,@-R15
    00000008 2FC6                   MOV.L       R12,@-R15
    0000000A 2FD6                   MOV.L       R13,@-R15
    0000000C 2FE6                   MOV.L       R14,@-R15
    0000000E 4F22                   STS.L       PR,@-R15
    00000010 8444                   MOV.B       @(4,R4),R0
    00000012 E839                   MOV         #57,R8     ; H'00000039
    00000014 620C                   EXTU.B      R0,R2
    00000016 3287                   CMP/GT      R8,R2
    00000018 8B01                   BF          L12
    0000001A A001                   BRA         L13
    0000001C 72C9                   ADD         #-55,R2
    0000001E              L12:
    0000001E 72D0                   ADD         #-48,R2
    00000020              L13:
    00000020 D51F                   MOV.L       L27,R5     ; _pri1029s
    00000022 2520                   MOV.B       R2,@R5
    00000024 8445                   MOV.B       @(5,R4),R0
    00000026 620C                   EXTU.B      R0,R2
    00000028 3287                   CMP/GT      R8,R2
    0000002A 8B01                   BF          L15
    0000002C A001                   BRA         L16
    0000002E 72C9                   ADD         #-55,R2
    00000030              L15:
    00000030 72D0                   ADD         #-48,R2
    00000032              L16:
    00000032 6023                   MOV         R2,R0
    00000034 6D43                   MOV         R4,R13
    00000036 8051                   MOV.B       R0,@(1,R5)
    00000038 7D06                   ADD         #6,R13
    0000003A EA00                   MOV         #0,R10     ; H'00000000
    0000003C A021                   BRA         L17
    0000003E E905                   MOV         #5,R9      ; H'00000005
    00000040              L18:
    00000040 62D0                   MOV.B       @R13,R2
    00000042 DB18                   MOV.L       L27+4,R11  ; H'00000002+_pri1029s
    00000044 622C                   EXTU.B      R2,R2
    00000046 3287                   CMP/GT      R8,R2
    00000048 8B01                   BF          L20
    0000004A A001                   BRA         L21
    0000004C 72C9                   ADD         #-55,R2
    0000004E              L20:
    0000004E 72D0                   ADD         #-48,R2
    00000050              L21:
    00000050 60A3                   MOV         R10,R0
    00000052 409D                   SHLD        R9,R0
    00000054 30AC                   ADD         R10,R0
    00000056 4000                   SHLL        R0
    00000058 0B24                   MOV.B       R2,@(R0,R11)
    0000005A 3B0C                   ADD         R0,R11
    0000005C 6CB3                   MOV         R11,R12
    0000005E 7C02                   ADD         #2,R12
    00000060 7D01                   ADD         #1,R13
    00000062 A009                   BRA         L22
    00000064 EE00                   MOV         #0,R14     ; H'00000000
    00000066              L23:
    00000066 D210                   MOV.L       L27+8,R2   ; _htoi
    00000068 64D3                   MOV         R13,R4
    0000006A 420B                   JSR         @R2
    0000006C 7D04                   ADD         #4,R13
    0000006E 6603                   MOV         R0,R6
    00000070 60E3                   MOV         R14,R0
    00000072 4000                   SHLL        R0
    00000074 0C65                   MOV.W       R6,@(R0,R12)
    00000076 7E01                   ADD         #1,R14
    00000078              L22:
    00000078 62B0                   MOV.B       @R11,R2
    0000007A 622C                   EXTU.B      R2,R2
    0000007C 3E23                   CMP/GE      R2,R14
    0000007E 8BF2                   BF          L23
    00000080 7A01                   ADD         #1,R10
    00000082              L17:
    00000082 D507                   MOV.L       L27,R5     ; _pri1029s
    00000084 8451                   MOV.B       @(1,R5),R0
    00000086 660C                   EXTU.B      R0,R6
    00000088 3A63                   CMP/GE      R6,R10
    0000008A 8BD9                   BF          L18
    0000008C E000                   MOV         #0,R0      ; H'00000000
    0000008E 4F26                   LDS.L       @R15+,PR
    00000090 6EF6                   MOV.L       @R15+,R14
    00000092 6DF6                   MOV.L       @R15+,R13
    00000094 6CF6                   MOV.L       @R15+,R12
    00000096 6BF6                   MOV.L       @R15+,R11
    00000098 6AF6                   MOV.L       @R15+,R10
    0000009A 69F6                   MOV.L       @R15+,R9
    0000009C 000B                   RTS
    0000009E 68F6                   MOV.L       @R15+,R8
    000000A0              L27:
    000000A0 <00000000>             .DATA.L     _pri1029s
    000000A4 <00000002>             .DATA.L     H'00000002+_pri1029s
    000000A8 <00000000>             .DATA.L     _htoi
B   00000000              _pri1029s:                       ; static: pri1029s
    00000000 00000002               .RES.W      265
SH SERIES C/C++ Compiler (Ver. checker(2003.03.17))                                              28-May-2015 11:40:14  PAGE    1


******** STATISTICS INFORMATION ********


********** ERROR INFORMATION ***********

NUMBER OF ERRORS:           0
NUMBER OF WARNINGS:         0
NUMBER OF INFORMATIONS:     0



******* SOURCE LINE INFORMATION ********

COMPILED SOURCE LINE:       62



******* SECTION SIZE INFORMATION *******

PROGRAM  SECTION (P):                               000000AC Byte(s)
CONSTANT SECTION (C):                               00000000 Byte(s)
DATA     SECTION (D):                               00000000 Byte(s)
BSS      SECTION (B):                               00000212 Byte(s)

TOTAL PROGRAM  SECTION: 000000AC Byte(s)
TOTAL CONSTANT SECTION: 00000000 Byte(s)
TOTAL DATA     SECTION: 00000000 Byte(s)
TOTAL BSS      SECTION: 00000212 Byte(s)

    TOTAL PROGRAM SIZE: 000002BE Byte(s)



********** LABEL INFORMATION ***********

NUMBER OF EXTERNAL REFERENCE SYMBOLS:            1
NUMBER OF EXTERNAL DEFINITION SYMBOLS:           2
NUMBER OF INTERNAL/EXTERNAL SYMBOLS:            14
*** COMMAND PARAMETER ***


  -cpu=sh3 -op=1 -en=big -me -nodebug -comment=nest -l -def=NDEBUG -i=P:\PRESTO2\SHINC,d:\home\tool\7_1_1\include,P:\PRESTO2\NORTI_12\inc pri1029.c 

