SH SERIES C/C++ Compiler (Ver. checker(2003.03.17))                                              28-May-2015 11:40:24  PAGE    1

************ OBJECT LISTING ************

FILE NAME: pri1011.c

SCT OFFSET   CODE       C LABEL     INSTRUCTION OPERAND    COMMENT

P   00000000              _pr_scan_cb_caltm:               ; function: pr_scan_cb_caltm
                                                           ; frame size=20
    00000000 2FB6                   MOV.L       R11,@-R15
    00000002 2FC6                   MOV.L       R12,@-R15
    00000004 2FD6                   MOV.L       R13,@-R15
    00000006 2FE6                   MOV.L       R14,@-R15
    00000008 4F22                   STS.L       PR,@-R15
    0000000A 8444                   MOV.B       @(4,R4),R0
    0000000C E639                   MOV         #57,R6     ; H'00000039
    0000000E 620C                   EXTU.B      R0,R2
    00000010 3267                   CMP/GT      R6,R2
    00000012 8B01                   BF          L12
    00000014 A001                   BRA         L13
    00000016 72C9                   ADD         #-55,R2
    00000018              L12:
    00000018 72D0                   ADD         #-48,R2
    0000001A              L13:
    0000001A DB0C                   MOV.L       L18,R11    ; _pri1011s
    0000001C 6D43                   MOV         R4,R13
    0000001E 7D05                   ADD         #5,R13
    00000020 DC0B                   MOV.L       L18+4,R12  ; H'00000004+_pri1011s
    00000022 2B20                   MOV.B       R2,@R11
    00000024 A007                   BRA         L14
    00000026 EE00                   MOV         #0,R14     ; H'00000000
    00000028              L15:
    00000028 D20A                   MOV.L       L18+8,R2   ; _htol
    0000002A 64D3                   MOV         R13,R4
    0000002C 420B                   JSR         @R2
    0000002E 7D08                   ADD         #8,R13
    00000030 2C02                   MOV.L       R0,@R12
    00000032 7C04                   ADD         #4,R12
    00000034 7E01                   ADD         #1,R14
    00000036              L14:
    00000036 66B0                   MOV.B       @R11,R6
    00000038 626C                   EXTU.B      R6,R2
    0000003A 3E23                   CMP/GE      R2,R14
    0000003C 8BF4                   BF          L15
    0000003E E000                   MOV         #0,R0      ; H'00000000
    00000040 4F26                   LDS.L       @R15+,PR
    00000042 6EF6                   MOV.L       @R15+,R14
    00000044 6DF6                   MOV.L       @R15+,R13
    00000046 6CF6                   MOV.L       @R15+,R12
    00000048 000B                   RTS
    0000004A 6BF6                   MOV.L       @R15+,R11
    0000004C              L18:
    0000004C <00000000>             .DATA.L     _pri1011s
    00000050 <00000004>             .DATA.L     H'00000004+_pri1011s
    00000054 <00000000>             .DATA.L     _htol
B   00000000              _pri1011s:                       ; static: pri1011s
    00000000 00000004               .RES.L      5
SH SERIES C/C++ Compiler (Ver. checker(2003.03.17))                                              28-May-2015 11:40:24  PAGE    1


******** STATISTICS INFORMATION ********


********** ERROR INFORMATION ***********

NUMBER OF ERRORS:           0
NUMBER OF WARNINGS:         0
NUMBER OF INFORMATIONS:     0



******* SOURCE LINE INFORMATION ********

COMPILED SOURCE LINE:       62



******* SECTION SIZE INFORMATION *******

PROGRAM  SECTION (P):                               00000058 Byte(s)
CONSTANT SECTION (C):                               00000000 Byte(s)
DATA     SECTION (D):                               00000000 Byte(s)
BSS      SECTION (B):                               00000014 Byte(s)

TOTAL PROGRAM  SECTION: 00000058 Byte(s)
TOTAL CONSTANT SECTION: 00000000 Byte(s)
TOTAL DATA     SECTION: 00000000 Byte(s)
TOTAL BSS      SECTION: 00000014 Byte(s)

    TOTAL PROGRAM SIZE: 0000006C Byte(s)



********** LABEL INFORMATION ***********

NUMBER OF EXTERNAL REFERENCE SYMBOLS:            1
NUMBER OF EXTERNAL DEFINITION SYMBOLS:           2
NUMBER OF INTERNAL/EXTERNAL SYMBOLS:             8
*** COMMAND PARAMETER ***


  -cpu=sh3 -op=1 -en=big -me -nodebug -comment=nest -l -def=NDEBUG -i=P:\PRESTO2\SHINC,d:\home\tool\7_1_1\include,P:\PRESTO2\NORTI_12\inc pri1011.c 

