SH SERIES C/C++ Compiler (Ver. checker(2003.03.17))                                              28-May-2015 11:40:15  PAGE    1

************ OBJECT LISTING ************

FILE NAME: pri2039.c

SCT OFFSET   CODE       C LABEL     INSTRUCTION OPERAND    COMMENT

P   00000000              _pr_scan_stale98_time:           ; function: pr_scan_stale98_time
                                                           ; frame size=16
    00000000 2FC6                   MOV.L       R12,@-R15
    00000002 2FD6                   MOV.L       R13,@-R15
    00000004 2FE6                   MOV.L       R14,@-R15
    00000006 4F22                   STS.L       PR,@-R15
    00000008 DD1B                   MOV.L       L21+2,R13  ; _htoi
    0000000A 6E43                   MOV         R4,R14
    0000000C DC1B                   MOV.L       L21+6,R12  ; _pri2039s
    0000000E 4D0B                   JSR         @R13
    00000010 7404                   ADD         #4,R4
    00000012 2C01                   MOV.W       R0,@R12
    00000014 E539                   MOV         #57,R5     ; H'00000039
    00000016 84E8                   MOV.B       @(8,R14),R0
    00000018 620C                   EXTU.B      R0,R2
    0000001A 3257                   CMP/GT      R5,R2
    0000001C 8B01                   BF          L12
    0000001E A001                   BRA         L13
    00000020 72C9                   ADD         #-55,R2
    00000022              L12:
    00000022 72D0                   ADD         #-48,R2
    00000024              L13:
    00000024 622C                   EXTU.B      R2,R2
    00000026 64E3                   MOV         R14,R4
    00000028 1C21                   MOV.L       R2,@(4,R12)
    0000002A 4D0B                   JSR         @R13
    0000002C 7409                   ADD         #9,R4
    0000002E D214                   MOV.L       L21+10,R2  ; _htoc
    00000030 64E3                   MOV         R14,R4
    00000032 81C4                   MOV.W       R0,@(8,R12)
    00000034 420B                   JSR         @R2
    00000036 740D                   ADD         #13,R4
    00000038 80CA                   MOV.B       R0,@(10,R12)
    0000003A E539                   MOV         #57,R5     ; H'00000039
    0000003C 84EF                   MOV.B       @(15,R14),R0
    0000003E 620C                   EXTU.B      R0,R2
    00000040 3257                   CMP/GT      R5,R2
    00000042 8B01                   BF          L15
    00000044 A001                   BRA         L16
    00000046 72C9                   ADD         #-55,R2
    00000048              L15:
    00000048 72D0                   ADD         #-48,R2
    0000004A              L16:
    0000004A 6023                   MOV         R2,R0
    0000004C 80CB                   MOV.B       R0,@(11,R12)
    0000004E E010                   MOV         #16,R0     ; H'00000010
    00000050 02EC                   MOV.B       @(R0,R14),R2
    00000052 622C                   EXTU.B      R2,R2
    00000054 3257                   CMP/GT      R5,R2
    00000056 8B01                   BF          L18
    00000058 A001                   BRA         L19
    0000005A 72C9                   ADD         #-55,R2
    0000005C              L18:
    0000005C 72D0                   ADD         #-48,R2
    0000005E              L19:
    0000005E 622C                   EXTU.B      R2,R2
    00000060 1C23                   MOV.L       R2,@(12,R12)
    00000062 7E11                   ADD         #17,R14
    00000064 4D0B                   JSR         @R13
    00000066 64E3                   MOV         R14,R4
    00000068 81C8                   MOV.W       R0,@(16,R12)
    0000006A E000                   MOV         #0,R0      ; H'00000000
    0000006C 4F26                   LDS.L       @R15+,PR
    0000006E 6EF6                   MOV.L       @R15+,R14
    00000070 6DF6                   MOV.L       @R15+,R13
    00000072 000B                   RTS
    00000074 6CF6                   MOV.L       @R15+,R12
    00000076              L21:
    00000076 00000002               .RES.W      1
    00000078 <00000000>             .DATA.L     _htoi
    0000007C <00000000>             .DATA.L     _pri2039s
    00000080 <00000000>             .DATA.L     _htoc
B   00000000              _pri2039s:                       ; static: pri2039s
    00000000 00000004               .RES.L      5
SH SERIES C/C++ Compiler (Ver. checker(2003.03.17))                                              28-May-2015 11:40:15  PAGE    1


******** STATISTICS INFORMATION ********


********** ERROR INFORMATION ***********

NUMBER OF ERRORS:           0
NUMBER OF WARNINGS:         0
NUMBER OF INFORMATIONS:     0



******* SOURCE LINE INFORMATION ********

COMPILED SOURCE LINE:       58



******* SECTION SIZE INFORMATION *******

PROGRAM  SECTION (P):                               00000084 Byte(s)
CONSTANT SECTION (C):                               00000000 Byte(s)
DATA     SECTION (D):                               00000000 Byte(s)
BSS      SECTION (B):                               00000014 Byte(s)

TOTAL PROGRAM  SECTION: 00000084 Byte(s)
TOTAL CONSTANT SECTION: 00000000 Byte(s)
TOTAL DATA     SECTION: 00000000 Byte(s)
TOTAL BSS      SECTION: 00000014 Byte(s)

    TOTAL PROGRAM SIZE: 00000098 Byte(s)



********** LABEL INFORMATION ***********

NUMBER OF EXTERNAL REFERENCE SYMBOLS:            2
NUMBER OF EXTERNAL DEFINITION SYMBOLS:           2
NUMBER OF INTERNAL/EXTERNAL SYMBOLS:            11
*** COMMAND PARAMETER ***


  -cpu=sh3 -op=1 -en=big -me -nodebug -comment=nest -l -def=NDEBUG -i=P:\PRESTO2\SHINC,d:\home\tool\7_1_1\include,P:\PRESTO2\NORTI_12\inc pri2039.c 

