SH SERIES C/C++ Compiler (Ver. checker(2003.03.17))                                              28-May-2015 11:40:22  PAGE    1

************ OBJECT LISTING ************

FILE NAME: pri2013.c

SCT OFFSET   CODE       C LABEL     INSTRUCTION OPERAND    COMMENT

P   00000000              _pr_scan_fsv_condition:          ; function: pr_scan_fsv_condition
                                                           ; frame size=4
    00000000 2FE6                   MOV.L       R14,@-R15
    00000002 8444                   MOV.B       @(4,R4),R0
    00000004 E139                   MOV         #57,R1     ; H'00000039
    00000006 620C                   EXTU.B      R0,R2
    00000008 3217                   CMP/GT      R1,R2
    0000000A 8B02                   BF          L12
    0000000C 72C9                   ADD         #-55,R2
    0000000E A002                   BRA         L13
    00000010 6623                   MOV         R2,R6
    00000012              L12:
    00000012 72D0                   ADD         #-48,R2
    00000014 6623                   MOV         R2,R6
    00000016              L13:
    00000016 D20D                   MOV.L       L20+2,R2   ; _pri2013s
    00000018 7405                   ADD         #5,R4
    0000001A 6743                   MOV         R4,R7
    0000001C D40C                   MOV.L       L20+6,R4   ; H'00000004+_pri2013s
    0000001E 2260                   MOV.B       R6,@R2
    00000020 6E63                   MOV         R6,R14
    00000022 A00C                   BRA         L14
    00000024 E500                   MOV         #0,R5      ; H'00000000
    00000026              L15:
    00000026 6270                   MOV.B       @R7,R2
    00000028 622C                   EXTU.B      R2,R2
    0000002A 3217                   CMP/GT      R1,R2
    0000002C 8B01                   BF          L17
    0000002E A001                   BRA         L18
    00000030 72C9                   ADD         #-55,R2
    00000032              L17:
    00000032 72D0                   ADD         #-48,R2
    00000034              L18:
    00000034 622C                   EXTU.B      R2,R2
    00000036 2422                   MOV.L       R2,@R4
    00000038 7404                   ADD         #4,R4
    0000003A 7501                   ADD         #1,R5
    0000003C 7701                   ADD         #1,R7
    0000003E              L14:
    0000003E 6EEC                   EXTU.B      R14,R14
    00000040 35E3                   CMP/GE      R14,R5
    00000042 8BF0                   BF          L15
    00000044 E000                   MOV         #0,R0      ; H'00000000
    00000046 000B                   RTS
    00000048 6EF6                   MOV.L       @R15+,R14
    0000004A              L20:
    0000004A 00000002               .RES.W      1
    0000004C <00000000>             .DATA.L     _pri2013s
    00000050 <00000004>             .DATA.L     H'00000004+_pri2013s
B   00000000              _pri2013s:                       ; static: pri2013s
    00000000 00000004               .RES.L      5
SH SERIES C/C++ Compiler (Ver. checker(2003.03.17))                                              28-May-2015 11:40:22  PAGE    1


******** STATISTICS INFORMATION ********


********** ERROR INFORMATION ***********

NUMBER OF ERRORS:           0
NUMBER OF WARNINGS:         0
NUMBER OF INFORMATIONS:     0



******* SOURCE LINE INFORMATION ********

COMPILED SOURCE LINE:       55



******* SECTION SIZE INFORMATION *******

PROGRAM  SECTION (P):                               00000054 Byte(s)
CONSTANT SECTION (C):                               00000000 Byte(s)
DATA     SECTION (D):                               00000000 Byte(s)
BSS      SECTION (B):                               00000014 Byte(s)

TOTAL PROGRAM  SECTION: 00000054 Byte(s)
TOTAL CONSTANT SECTION: 00000000 Byte(s)
TOTAL DATA     SECTION: 00000000 Byte(s)
TOTAL BSS      SECTION: 00000014 Byte(s)

    TOTAL PROGRAM SIZE: 00000068 Byte(s)



********** LABEL INFORMATION ***********

NUMBER OF EXTERNAL REFERENCE SYMBOLS:            0
NUMBER OF EXTERNAL DEFINITION SYMBOLS:           2
NUMBER OF INTERNAL/EXTERNAL SYMBOLS:             9
*** COMMAND PARAMETER ***


  -cpu=sh3 -op=1 -en=big -me -nodebug -comment=nest -l -def=NDEBUG -i=P:\PRESTO2\SHINC,d:\home\tool\7_1_1\include,P:\PRESTO2\NORTI_12\inc pri2013.c 

