SH SERIES C/C++ Compiler (Ver. checker(2003.03.17))                                              28-May-2015 11:40:16  PAGE    1

************ OBJECT LISTING ************

FILE NAME: pri2040.c

SCT OFFSET   CODE       C LABEL     INSTRUCTION OPERAND    COMMENT

P   00000000              _pr_print_stale98_time:          ; function: pr_print_stale98_time
                                                           ; frame size=16
    00000000 2FD6                   MOV.L       R13,@-R15
    00000002 2FE6                   MOV.L       R14,@-R15
    00000004 4F22                   STS.L       PR,@-R15
    00000006 7FFC                   ADD         #-4,R15
    00000008 6243                   MOV         R4,R2
    0000000A 2F42                   MOV.L       R4,@R15
    0000000C 6451                   MOV.W       @R5,R4
    0000000E 7204                   ADD         #4,R2
    00000010 DD1B                   MOV.L       L21,R13    ; _itoh
    00000012 6E53                   MOV         R5,R14
    00000014 644D                   EXTU.W      R4,R4
    00000016 4D0B                   JSR         @R13
    00000018 6523                   MOV         R2,R5
    0000001A 56E1                   MOV.L       @(4,R14),R6
    0000001C E709                   MOV         #9,R7      ; H'00000009
    0000001E 3677                   CMP/GT      R7,R6
    00000020 8B01                   BF          L12
    00000022 A001                   BRA         L13
    00000024 7637                   ADD         #55,R6
    00000026              L12:
    00000026 7630                   ADD         #48,R6
    00000028              L13:
    00000028 65F2                   MOV.L       @R15,R5
    0000002A 6063                   MOV         R6,R0
    0000002C 8058                   MOV.B       R0,@(8,R5)
    0000002E 7509                   ADD         #9,R5
    00000030 85E4                   MOV.W       @(8,R14),R0
    00000032 4D0B                   JSR         @R13
    00000034 640D                   EXTU.W      R0,R4
    00000036 84EA                   MOV.B       @(10,R14),R0
    00000038 65F2                   MOV.L       @R15,R5
    0000003A D612                   MOV.L       L21+4,R6   ; _ctoh
    0000003C 640C                   EXTU.B      R0,R4
    0000003E 460B                   JSR         @R6
    00000040 750D                   ADD         #13,R5
    00000042 84EB                   MOV.B       @(11,R14),R0
    00000044 E709                   MOV         #9,R7      ; H'00000009
    00000046 660C                   EXTU.B      R0,R6
    00000048 3677                   CMP/GT      R7,R6
    0000004A 8B01                   BF          L15
    0000004C A001                   BRA         L16
    0000004E 7637                   ADD         #55,R6
    00000050              L15:
    00000050 7630                   ADD         #48,R6
    00000052              L16:
    00000052 62F2                   MOV.L       @R15,R2
    00000054 6063                   MOV         R6,R0
    00000056 802F                   MOV.B       R0,@(15,R2)
    00000058 56E3                   MOV.L       @(12,R14),R6
    0000005A 3677                   CMP/GT      R7,R6
    0000005C 8B01                   BF          L18
    0000005E A001                   BRA         L19
    00000060 7637                   ADD         #55,R6
    00000062              L18:
    00000062 7630                   ADD         #48,R6
    00000064              L19:
    00000064 E010                   MOV         #16,R0     ; H'00000010
    00000066 0264                   MOV.B       R6,@(R0,R2)
    00000068 7211                   ADD         #17,R2
    0000006A 85E8                   MOV.W       @(16,R14),R0
    0000006C 6523                   MOV         R2,R5
    0000006E 4D0B                   JSR         @R13
    00000070 640D                   EXTU.W      R0,R4
    00000072 60F2                   MOV.L       @R15,R0
    00000074 7015                   ADD         #21,R0
    00000076 7F04                   ADD         #4,R15
    00000078 4F26                   LDS.L       @R15+,PR
    0000007A 6EF6                   MOV.L       @R15+,R14
    0000007C 000B                   RTS
    0000007E 6DF6                   MOV.L       @R15+,R13
    00000080              L21:
    00000080 <00000000>             .DATA.L     _itoh
    00000084 <00000000>             .DATA.L     _ctoh
SH SERIES C/C++ Compiler (Ver. checker(2003.03.17))                                              28-May-2015 11:40:16  PAGE    1


******** STATISTICS INFORMATION ********


********** ERROR INFORMATION ***********

NUMBER OF ERRORS:           0
NUMBER OF WARNINGS:         0
NUMBER OF INFORMATIONS:     0



******* SOURCE LINE INFORMATION ********

COMPILED SOURCE LINE:       60



******* SECTION SIZE INFORMATION *******

PROGRAM  SECTION (P):                               00000088 Byte(s)
CONSTANT SECTION (C):                               00000000 Byte(s)
DATA     SECTION (D):                               00000000 Byte(s)
BSS      SECTION (B):                               00000000 Byte(s)

TOTAL PROGRAM  SECTION: 00000088 Byte(s)
TOTAL CONSTANT SECTION: 00000000 Byte(s)
TOTAL DATA     SECTION: 00000000 Byte(s)
TOTAL BSS      SECTION: 00000000 Byte(s)

    TOTAL PROGRAM SIZE: 00000088 Byte(s)



********** LABEL INFORMATION ***********

NUMBER OF EXTERNAL REFERENCE SYMBOLS:            2
NUMBER OF EXTERNAL DEFINITION SYMBOLS:           1
NUMBER OF INTERNAL/EXTERNAL SYMBOLS:            10
*** COMMAND PARAMETER ***


  -cpu=sh3 -op=1 -en=big -me -nodebug -comment=nest -l -def=NDEBUG -i=P:\PRESTO2\SHINC,d:\home\tool\7_1_1\include,P:\PRESTO2\NORTI_12\inc pri2040.c 

