SH SERIES C/C++ Compiler (Ver. checker(2003.03.17))                                              28-May-2015 11:40:45  PAGE    1

************ OBJECT LISTING ************

FILE NAME: prr0095.c

SCT OFFSET   CODE       C LABEL     INSTRUCTION OPERAND    COMMENT

P   00000000              _pr_scan_mlt_ext:                ; function: pr_scan_mlt_ext
                                                           ; frame size=16
    00000000 2FC6                   MOV.L       R12,@-R15
    00000002 2FD6                   MOV.L       R13,@-R15
    00000004 2FE6                   MOV.L       R14,@-R15
    00000006 4F22                   STS.L       PR,@-R15
    00000008 8445                   MOV.B       @(5,R4),R0
    0000000A E639                   MOV         #57,R6     ; H'00000039
    0000000C 620C                   EXTU.B      R0,R2
    0000000E 3267                   CMP/GT      R6,R2
    00000010 8F02                   BF/S        L12
    00000012 6E43                   MOV         R4,R14
    00000014 A001                   BRA         L13
    00000016 72C9                   ADD         #-55,R2
    00000018              L12:
    00000018 72D0                   ADD         #-48,R2
    0000001A              L13:
    0000001A DC0C                   MOV.L       L15,R12    ; _prr0095s
    0000001C 64E3                   MOV         R14,R4
    0000001E DD0C                   MOV.L       L15+4,R13  ; _htoc
    00000020 7406                   ADD         #6,R4
    00000022 4D0B                   JSR         @R13
    00000024 2C20                   MOV.B       R2,@R12
    00000026 80C1                   MOV.B       R0,@(1,R12)
    00000028 64E3                   MOV         R14,R4
    0000002A 4D0B                   JSR         @R13
    0000002C 7408                   ADD         #8,R4
    0000002E 80C2                   MOV.B       R0,@(2,R12)
    00000030 64E3                   MOV         R14,R4
    00000032 4D0B                   JSR         @R13
    00000034 740A                   ADD         #10,R4
    00000036 80C3                   MOV.B       R0,@(3,R12)
    00000038 7E0C                   ADD         #12,R14
    0000003A 4D0B                   JSR         @R13
    0000003C 64E3                   MOV         R14,R4
    0000003E 80C4                   MOV.B       R0,@(4,R12)
    00000040 E000                   MOV         #0,R0      ; H'00000000
    00000042 4F26                   LDS.L       @R15+,PR
    00000044 6EF6                   MOV.L       @R15+,R14
    00000046 6DF6                   MOV.L       @R15+,R13
    00000048 000B                   RTS
    0000004A 6CF6                   MOV.L       @R15+,R12
    0000004C              L15:
    0000004C <00000000>             .DATA.L     _prr0095s
    00000050 <00000000>             .DATA.L     _htoc
B   00000000              _prr0095s:                       ; static: prr0095s
    00000000 00000001               .RES.B      5
SH SERIES C/C++ Compiler (Ver. checker(2003.03.17))                                              28-May-2015 11:40:45  PAGE    1


******** STATISTICS INFORMATION ********


********** ERROR INFORMATION ***********

NUMBER OF ERRORS:           0
NUMBER OF WARNINGS:         0
NUMBER OF INFORMATIONS:     0



******* SOURCE LINE INFORMATION ********

COMPILED SOURCE LINE:       58



******* SECTION SIZE INFORMATION *******

PROGRAM  SECTION (P):                               00000054 Byte(s)
CONSTANT SECTION (C):                               00000000 Byte(s)
DATA     SECTION (D):                               00000000 Byte(s)
BSS      SECTION (B):                               00000005 Byte(s)

TOTAL PROGRAM  SECTION: 00000054 Byte(s)
TOTAL CONSTANT SECTION: 00000000 Byte(s)
TOTAL DATA     SECTION: 00000000 Byte(s)
TOTAL BSS      SECTION: 00000005 Byte(s)

    TOTAL PROGRAM SIZE: 00000059 Byte(s)



********** LABEL INFORMATION ***********

NUMBER OF EXTERNAL REFERENCE SYMBOLS:            1
NUMBER OF EXTERNAL DEFINITION SYMBOLS:           2
NUMBER OF INTERNAL/EXTERNAL SYMBOLS:             6
*** COMMAND PARAMETER ***


  -cpu=sh3 -op=1 -en=big -me -nodebug -comment=nest -l -def=NDEBUG -i=P:\PRESTO2\SHINC,d:\home\tool\7_1_1\include,P:\PRESTO2\NORTI_12\inc prr0095.c 

