SH SERIES C/C++ Compiler (Ver. checker(2003.03.17))                                              28-May-2015 11:40:39  PAGE    1

************ OBJECT LISTING ************

FILE NAME: prr0089.c

SCT OFFSET   CODE       C LABEL     INSTRUCTION OPERAND    COMMENT

P   00000000              _pr_scan_mlt_p1req:              ; function: pr_scan_mlt_p1req
                                                           ; frame size=0
    00000000 8445                   MOV.B       @(5,R4),R0
    00000002 E639                   MOV         #57,R6     ; H'00000039
    00000004 620C                   EXTU.B      R0,R2
    00000006 3267                   CMP/GT      R6,R2
    00000008 8B02                   BF          L12
    0000000A 72C9                   ADD         #-55,R2
    0000000C A002                   BRA         L13
    0000000E 6623                   MOV         R2,R6
    00000010              L12:
    00000010 72D0                   ADD         #-48,R2
    00000012 6623                   MOV         R2,R6
    00000014              L13:
    00000014 D201                   MOV.L       L14,R2     ; _prr0089s
    00000016 E000                   MOV         #0,R0      ; H'00000000
    00000018 000B                   RTS
    0000001A 2260                   MOV.B       R6,@R2
    0000001C              L14:
    0000001C <00000000>             .DATA.L     _prr0089s
B   00000000              _prr0089s:                       ; static: prr0089s
    00000000 00000001               .RES.B      1
SH SERIES C/C++ Compiler (Ver. checker(2003.03.17))                                              28-May-2015 11:40:39  PAGE    1


******** STATISTICS INFORMATION ********


********** ERROR INFORMATION ***********

NUMBER OF ERRORS:           0
NUMBER OF WARNINGS:         0
NUMBER OF INFORMATIONS:     0



******* SOURCE LINE INFORMATION ********

COMPILED SOURCE LINE:       53



******* SECTION SIZE INFORMATION *******

PROGRAM  SECTION (P):                               00000020 Byte(s)
CONSTANT SECTION (C):                               00000000 Byte(s)
DATA     SECTION (D):                               00000000 Byte(s)
BSS      SECTION (B):                               00000001 Byte(s)

TOTAL PROGRAM  SECTION: 00000020 Byte(s)
TOTAL CONSTANT SECTION: 00000000 Byte(s)
TOTAL DATA     SECTION: 00000000 Byte(s)
TOTAL BSS      SECTION: 00000001 Byte(s)

    TOTAL PROGRAM SIZE: 00000021 Byte(s)



********** LABEL INFORMATION ***********

NUMBER OF EXTERNAL REFERENCE SYMBOLS:            0
NUMBER OF EXTERNAL DEFINITION SYMBOLS:           2
NUMBER OF INTERNAL/EXTERNAL SYMBOLS:             5
*** COMMAND PARAMETER ***


  -cpu=sh3 -op=1 -en=big -me -nodebug -comment=nest -l -def=NDEBUG -i=P:\PRESTO2\SHINC,d:\home\tool\7_1_1\include,P:\PRESTO2\NORTI_12\inc prr0089.c 

