SH SERIES C/C++ Compiler (Ver. checker(2003.03.17))                                              28-May-2015 11:40:57  PAGE    1

************ OBJECT LISTING ************

FILE NAME: prr0100.c

SCT OFFSET   CODE       C LABEL     INSTRUCTION OPERAND    COMMENT

P   00000000              _pr_print_sh_parm:               ; function: pr_print_sh_parm
                                                           ; frame size=44
    00000000 2F86                   MOV.L       R8,@-R15
    00000002 2F96                   MOV.L       R9,@-R15
    00000004 2FB6                   MOV.L       R11,@-R15
    00000006 2FC6                   MOV.L       R12,@-R15
    00000008 2FD6                   MOV.L       R13,@-R15
    0000000A 2FE6                   MOV.L       R14,@-R15
    0000000C 4F22                   STS.L       PR,@-R15
    0000000E 4F12                   STS.L       MACL,@-R15
    00000010 7FF4                   ADD         #-12,R15
    00000012 6250                   MOV.B       @R5,R2
    00000014 E309                   MOV         #9,R3      ; H'00000009
    00000016 6753                   MOV         R5,R7
    00000018 622C                   EXTU.B      R2,R2
    0000001A 3237                   CMP/GT      R3,R2
    0000001C 8F02                   BF/S        L12
    0000001E 2F52                   MOV.L       R5,@R15
    00000020 A001                   BRA         L13
    00000022 7237                   ADD         #55,R2
    00000024              L12:
    00000024 7230                   ADD         #48,R2
    00000026              L13:
    00000026 6023                   MOV         R2,R0
    00000028 8045                   MOV.B       R0,@(5,R4)
    0000002A 8471                   MOV.B       @(1,R7),R0
    0000002C E309                   MOV         #9,R3      ; H'00000009
    0000002E 620C                   EXTU.B      R0,R2
    00000030 3237                   CMP/GT      R3,R2
    00000032 8B01                   BF          L15
    00000034 A001                   BRA         L16
    00000036 7237                   ADD         #55,R2
    00000038              L15:
    00000038 7230                   ADD         #48,R2
    0000003A              L16:
    0000003A 6023                   MOV         R2,R0
    0000003C 8046                   MOV.B       R0,@(6,R4)
    0000003E 8472                   MOV.B       @(2,R7),R0
    00000040 E309                   MOV         #9,R3      ; H'00000009
    00000042 620C                   EXTU.B      R0,R2
    00000044 3237                   CMP/GT      R3,R2
    00000046 8B01                   BF          L18
    00000048 A001                   BRA         L19
    0000004A 7237                   ADD         #55,R2
    0000004C              L18:
    0000004C 7230                   ADD         #48,R2
    0000004E              L19:
    0000004E 6023                   MOV         R2,R0
    00000050 8047                   MOV.B       R0,@(7,R4)
    00000052 8471                   MOV.B       @(1,R7),R0
    00000054 6B43                   MOV         R4,R11
    00000056 7B08                   ADD         #8,R11
    00000058 680C                   EXTU.B      R0,R8
    0000005A 8472                   MOV.B       @(2,R7),R0
    0000005C 770A                   ADD         #10,R7
    0000005E 620C                   EXTU.B      R0,R2
    00000060 1F72                   MOV.L       R7,@(8,R15)
    00000062 72FF                   ADD         #-1,R2
    00000064 A05F                   BRA         L20
    00000066 1F21                   MOV.L       R2,@(4,R15)
    00000068              L21:
    00000068 53F1                   MOV.L       @(4,R15),R3
    0000006A E127                   MOV         #39,R1     ; H'00000027
    0000006C 67F2                   MOV.L       @R15,R7
    0000006E 0137                   MUL.L       R3,R1
    00000070 6273                   MOV         R7,R2
    00000072 7203                   ADD         #3,R2
    00000074 E309                   MOV         #9,R3      ; H'00000009
    00000076 D932                   MOV.L       L33,R9     ; _ctoh
    00000078 0C1A                   STS         MACL,R12
    0000007A 6E73                   MOV         R7,R14
    0000007C 7E08                   ADD         #8,R14
    0000007E 6D73                   MOV         R7,R13
    00000080 60C3                   MOV         R12,R0
    00000082 062C                   MOV.B       @(R0,R2),R6
    00000084 666C                   EXTU.B      R6,R6
    00000086 3637                   CMP/GT      R3,R6
    00000088 8F02                   BF/S        L23
    0000008A 7D09                   ADD         #9,R13
    0000008C A001                   BRA         L24
    0000008E 7637                   ADD         #55,R6
    00000090              L23:
    00000090 7630                   ADD         #48,R6
    00000092              L24:
    00000092 2B60                   MOV.B       R6,@R11
    00000094 7704                   ADD         #4,R7
    00000096 60C3                   MOV         R12,R0
    00000098 047C                   MOV.B       @(R0,R7),R4
    0000009A 7B01                   ADD         #1,R11
    0000009C 644C                   EXTU.B      R4,R4
    0000009E 490B                   JSR         @R9
    000000A0 65B3                   MOV         R11,R5
    000000A2 67F2                   MOV.L       @R15,R7
    000000A4 60C3                   MOV         R12,R0
    000000A6 7B02                   ADD         #2,R11
    000000A8 7705                   ADD         #5,R7
    000000AA 65B3                   MOV         R11,R5
    000000AC 047C                   MOV.B       @(R0,R7),R4
    000000AE 7B02                   ADD         #2,R11
    000000B0 490B                   JSR         @R9
    000000B2 644C                   EXTU.B      R4,R4
    000000B4 67F2                   MOV.L       @R15,R7
    000000B6 60C3                   MOV         R12,R0
    000000B8 65B3                   MOV         R11,R5
    000000BA 7B02                   ADD         #2,R11
    000000BC 7706                   ADD         #6,R7
    000000BE 047C                   MOV.B       @(R0,R7),R4
    000000C0 490B                   JSR         @R9
    000000C2 644C                   EXTU.B      R4,R4
    000000C4 67F2                   MOV.L       @R15,R7
    000000C6 60C3                   MOV         R12,R0
    000000C8 E309                   MOV         #9,R3      ; H'00000009
    000000CA 7707                   ADD         #7,R7
    000000CC 067C                   MOV.B       @(R0,R7),R6
    000000CE 666C                   EXTU.B      R6,R6
    000000D0 3637                   CMP/GT      R3,R6
    000000D2 8B01                   BF          L26
    000000D4 A001                   BRA         L27
    000000D6 7637                   ADD         #55,R6
    000000D8              L26:
    000000D8 7630                   ADD         #48,R6
    000000DA              L27:
    000000DA 2B60                   MOV.B       R6,@R11
    000000DC 60C3                   MOV         R12,R0
    000000DE 04EC                   MOV.B       @(R0,R14),R4
    000000E0 7B01                   ADD         #1,R11
    000000E2 65B3                   MOV         R11,R5
    000000E4 7B02                   ADD         #2,R11
    000000E6 490B                   JSR         @R9
    000000E8 644C                   EXTU.B      R4,R4
    000000EA 60C3                   MOV         R12,R0
    000000EC 04DC                   MOV.B       @(R0,R13),R4
    000000EE 65B3                   MOV         R11,R5
    000000F0 7B02                   ADD         #2,R11
    000000F2 490B                   JSR         @R9
    000000F4 644C                   EXTU.B      R4,R4
    000000F6 60C3                   MOV         R12,R0
    000000F8 02EC                   MOV.B       @(R0,R14),R2
    000000FA 53F2                   MOV.L       @(8,R15),R3
    000000FC 60C3                   MOV         R12,R0
    000000FE 6E2C                   EXTU.B      R2,R14
    00000100 02DC                   MOV.B       @(R0,R13),R2
    00000102 3C3C                   ADD         R3,R12
    00000104 6D2C                   EXTU.B      R2,R13
    00000106 A008                   BRA         L28
    00000108 7DFF                   ADD         #-1,R13
    0000010A              L29:
    0000010A 60D3                   MOV         R13,R0
    0000010C 04CC                   MOV.B       @(R0,R12),R4
    0000010E 65B3                   MOV         R11,R5
    00000110 7B02                   ADD         #2,R11
    00000112 490B                   JSR         @R9
    00000114 644C                   EXTU.B      R4,R4
    00000116 7D01                   ADD         #1,R13
    00000118 7EFF                   ADD         #-1,R14
    0000011A              L28:
    0000011A 2EE8                   TST         R14,R14
    0000011C 8BF5                   BF          L29
    0000011E 53F1                   MOV.L       @(4,R15),R3
    00000120 78FF                   ADD         #-1,R8
    00000122 7301                   ADD         #1,R3
    00000124 1F31                   MOV.L       R3,@(4,R15)
    00000126              L20:
    00000126 2888                   TST         R8,R8
    00000128 8B9E                   BF          L21
    0000012A 60B3                   MOV         R11,R0
    0000012C 7F0C                   ADD         #12,R15
    0000012E 4F16                   LDS.L       @R15+,MACL
    00000130 4F26                   LDS.L       @R15+,PR
    00000132 6EF6                   MOV.L       @R15+,R14
    00000134 6DF6                   MOV.L       @R15+,R13
    00000136 6CF6                   MOV.L       @R15+,R12
    00000138 6BF6                   MOV.L       @R15+,R11
    0000013A 69F6                   MOV.L       @R15+,R9
    0000013C 000B                   RTS
    0000013E 68F6                   MOV.L       @R15+,R8
    00000140              L33:
    00000140 <00000000>             .DATA.L     _ctoh
SH SERIES C/C++ Compiler (Ver. checker(2003.03.17))                                              28-May-2015 11:40:57  PAGE    1


******** STATISTICS INFORMATION ********


********** ERROR INFORMATION ***********

NUMBER OF ERRORS:           0
NUMBER OF WARNINGS:         0
NUMBER OF INFORMATIONS:     0



******* SOURCE LINE INFORMATION ********

COMPILED SOURCE LINE:       78



******* SECTION SIZE INFORMATION *******

PROGRAM  SECTION (P):                               00000144 Byte(s)
CONSTANT SECTION (C):                               00000000 Byte(s)
DATA     SECTION (D):                               00000000 Byte(s)
BSS      SECTION (B):                               00000000 Byte(s)

TOTAL PROGRAM  SECTION: 00000144 Byte(s)
TOTAL CONSTANT SECTION: 00000000 Byte(s)
TOTAL DATA     SECTION: 00000000 Byte(s)
TOTAL BSS      SECTION: 00000000 Byte(s)

    TOTAL PROGRAM SIZE: 00000144 Byte(s)



********** LABEL INFORMATION ***********

NUMBER OF EXTERNAL REFERENCE SYMBOLS:            1
NUMBER OF EXTERNAL DEFINITION SYMBOLS:           1
NUMBER OF INTERNAL/EXTERNAL SYMBOLS:            17
*** COMMAND PARAMETER ***


  -cpu=sh3 -op=1 -en=big -me -nodebug -comment=nest -l -def=NDEBUG -i=P:\PRESTO2\SHINC,d:\home\tool\7_1_1\include,P:\PRESTO2\NORTI_12\inc prr0100.c 

