SH SERIES C/C++ Compiler (Ver. checker(2003.03.17))                                              28-May-2015 11:40:50  PAGE    1

************ OBJECT LISTING ************

FILE NAME: prr0088.c

SCT OFFSET   CODE       C LABEL     INSTRUCTION OPERAND    COMMENT

P   00000000              _pr_print_plc_data:              ; function: pr_print_plc_data
                                                           ; frame size=28
    00000000 2FA6                   MOV.L       R10,@-R15
    00000002 2FB6                   MOV.L       R11,@-R15
    00000004 2FC6                   MOV.L       R12,@-R15
    00000006 2FD6                   MOV.L       R13,@-R15
    00000008 2FE6                   MOV.L       R14,@-R15
    0000000A 4F22                   STS.L       PR,@-R15
    0000000C 7FFC                   ADD         #-4,R15
    0000000E 6D43                   MOV         R4,R13
    00000010 7D05                   ADD         #5,R13
    00000012 6A53                   MOV         R5,R10
    00000014 2F42                   MOV.L       R4,@R15
    00000016 DB0D                   MOV.L       L14+2,R11  ; _itoh
    00000018 EC19                   MOV         #25,R12    ; H'00000019
    0000001A 6E53                   MOV         R5,R14
    0000001C              L11:
    0000001C 64E6                   MOV.L       @R14+,R4
    0000001E 65D3                   MOV         R13,R5
    00000020 7D04                   ADD         #4,R13
    00000022 4B0B                   JSR         @R11
    00000024 644D                   EXTU.W      R4,R4
    00000026 4C10                   DT          R12
    00000028 8BF8                   BF          L11
    0000002A E064                   MOV         #100,R0    ; H'00000064
    0000002C 65F2                   MOV.L       @R15,R5
    0000002E 04AE                   MOV.L       @(R0,R10),R4
    00000030 7569                   ADD         #105,R5
    00000032 4B0B                   JSR         @R11
    00000034 644D                   EXTU.W      R4,R4
    00000036 60F2                   MOV.L       @R15,R0
    00000038 706D                   ADD         #109,R0
    0000003A 7F04                   ADD         #4,R15
    0000003C 4F26                   LDS.L       @R15+,PR
    0000003E 6EF6                   MOV.L       @R15+,R14
    00000040 6DF6                   MOV.L       @R15+,R13
    00000042 6CF6                   MOV.L       @R15+,R12
    00000044 6BF6                   MOV.L       @R15+,R11
    00000046 000B                   RTS
    00000048 6AF6                   MOV.L       @R15+,R10
    0000004A              L14:
    0000004A 00000002               .RES.W      1
    0000004C <00000000>             .DATA.L     _itoh
SH SERIES C/C++ Compiler (Ver. checker(2003.03.17))                                              28-May-2015 11:40:50  PAGE    1


******** STATISTICS INFORMATION ********


********** ERROR INFORMATION ***********

NUMBER OF ERRORS:           0
NUMBER OF WARNINGS:         0
NUMBER OF INFORMATIONS:     0



******* SOURCE LINE INFORMATION ********

COMPILED SOURCE LINE:       59



******* SECTION SIZE INFORMATION *******

PROGRAM  SECTION (P):                               00000050 Byte(s)
CONSTANT SECTION (C):                               00000000 Byte(s)
DATA     SECTION (D):                               00000000 Byte(s)
BSS      SECTION (B):                               00000000 Byte(s)

TOTAL PROGRAM  SECTION: 00000050 Byte(s)
TOTAL CONSTANT SECTION: 00000000 Byte(s)
TOTAL DATA     SECTION: 00000000 Byte(s)
TOTAL BSS      SECTION: 00000000 Byte(s)

    TOTAL PROGRAM SIZE: 00000050 Byte(s)



********** LABEL INFORMATION ***********

NUMBER OF EXTERNAL REFERENCE SYMBOLS:            1
NUMBER OF EXTERNAL DEFINITION SYMBOLS:           1
NUMBER OF INTERNAL/EXTERNAL SYMBOLS:             4
*** COMMAND PARAMETER ***


  -cpu=sh3 -op=1 -en=big -me -nodebug -comment=nest -l -def=NDEBUG -i=P:\PRESTO2\SHINC,d:\home\tool\7_1_1\include,P:\PRESTO2\NORTI_12\inc prr0088.c 

