SH SERIES C/C++ Compiler (Ver. checker(2003.03.17))                                              28-May-2015 11:40:26  PAGE    1

************ OBJECT LISTING ************

FILE NAME: prr0076.c

SCT OFFSET   CODE       C LABEL     INSTRUCTION OPERAND    COMMENT

P   00000000              _pr_print_dca_parm:              ; function: pr_print_dca_parm
                                                           ; frame size=12
    00000000 2FE6                   MOV.L       R14,@-R15
    00000002 4F22                   STS.L       PR,@-R15
    00000004 7FFC                   ADD         #-4,R15
    00000006 6652                   MOV.L       @R5,R6
    00000008 E309                   MOV         #9,R3      ; H'00000009
    0000000A 6E53                   MOV         R5,R14
    0000000C 6243                   MOV         R4,R2
    0000000E 3637                   CMP/GT      R3,R6
    00000010 8F02                   BF/S        L12
    00000012 2F42                   MOV.L       R4,@R15
    00000014 A001                   BRA         L13
    00000016 7637                   ADD         #55,R6
    00000018              L12:
    00000018 7630                   ADD         #48,R6
    0000001A              L13:
    0000001A 6063                   MOV         R6,R0
    0000001C 8025                   MOV.B       R0,@(5,R2)
    0000001E 85E2                   MOV.W       @(4,R14),R0
    00000020 7206                   ADD         #6,R2
    00000022 D60B                   MOV.L       L15+2,R6   ; _itoh
    00000024 6523                   MOV         R2,R5
    00000026 460B                   JSR         @R6
    00000028 640D                   EXTU.W      R0,R4
    0000002A 84E6                   MOV.B       @(6,R14),R0
    0000002C 65F2                   MOV.L       @R15,R5
    0000002E D609                   MOV.L       L15+6,R6   ; _ctoh
    00000030 640C                   EXTU.B      R0,R4
    00000032 460B                   JSR         @R6
    00000034 750A                   ADD         #10,R5
    00000036 84E7                   MOV.B       @(7,R14),R0
    00000038 65F2                   MOV.L       @R15,R5
    0000003A D606                   MOV.L       L15+6,R6   ; _ctoh
    0000003C 640C                   EXTU.B      R0,R4
    0000003E 460B                   JSR         @R6
    00000040 750C                   ADD         #12,R5
    00000042 60F2                   MOV.L       @R15,R0
    00000044 700E                   ADD         #14,R0
    00000046 7F04                   ADD         #4,R15
    00000048 4F26                   LDS.L       @R15+,PR
    0000004A 000B                   RTS
    0000004C 6EF6                   MOV.L       @R15+,R14
    0000004E              L15:
    0000004E 00000002               .RES.W      1
    00000050 <00000000>             .DATA.L     _itoh
    00000054 <00000000>             .DATA.L     _ctoh
SH SERIES C/C++ Compiler (Ver. checker(2003.03.17))                                              28-May-2015 11:40:26  PAGE    1


******** STATISTICS INFORMATION ********


********** ERROR INFORMATION ***********

NUMBER OF ERRORS:           0
NUMBER OF WARNINGS:         0
NUMBER OF INFORMATIONS:     0



******* SOURCE LINE INFORMATION ********

COMPILED SOURCE LINE:       54



******* SECTION SIZE INFORMATION *******

PROGRAM  SECTION (P):                               00000058 Byte(s)
CONSTANT SECTION (C):                               00000000 Byte(s)
DATA     SECTION (D):                               00000000 Byte(s)
BSS      SECTION (B):                               00000000 Byte(s)

TOTAL PROGRAM  SECTION: 00000058 Byte(s)
TOTAL CONSTANT SECTION: 00000000 Byte(s)
TOTAL DATA     SECTION: 00000000 Byte(s)
TOTAL BSS      SECTION: 00000000 Byte(s)

    TOTAL PROGRAM SIZE: 00000058 Byte(s)



********** LABEL INFORMATION ***********

NUMBER OF EXTERNAL REFERENCE SYMBOLS:            2
NUMBER OF EXTERNAL DEFINITION SYMBOLS:           1
NUMBER OF INTERNAL/EXTERNAL SYMBOLS:             6
*** COMMAND PARAMETER ***


  -cpu=sh3 -op=1 -en=big -me -nodebug -comment=nest -l -def=NDEBUG -i=P:\PRESTO2\SHINC,d:\home\tool\7_1_1\include,P:\PRESTO2\NORTI_12\inc prr0076.c 

