SH SERIES C/C++ Compiler (Ver. checker(2003.03.17))                                              28-May-2015 11:40:58  PAGE    1

************ OBJECT LISTING ************

FILE NAME: prr0137.c

SCT OFFSET   CODE       C LABEL     INSTRUCTION OPERAND    COMMENT

P   00000000              _pr_scan_ext_parm:               ; function: pr_scan_ext_parm
                                                           ; frame size=20
    00000000 2FB6                   MOV.L       R11,@-R15
    00000002 2FC6                   MOV.L       R12,@-R15
    00000004 2FD6                   MOV.L       R13,@-R15
    00000006 2FE6                   MOV.L       R14,@-R15
    00000008 4F22                   STS.L       PR,@-R15
    0000000A 8445                   MOV.B       @(5,R4),R0
    0000000C E639                   MOV         #57,R6     ; H'00000039
    0000000E 620C                   EXTU.B      R0,R2
    00000010 3267                   CMP/GT      R6,R2
    00000012 8F02                   BF/S        L12
    00000014 6E43                   MOV         R4,R14
    00000016 A001                   BRA         L13
    00000018 72C9                   ADD         #-55,R2
    0000001A              L12:
    0000001A 72D0                   ADD         #-48,R2
    0000001C              L13:
    0000001C DB11                   MOV.L       L18,R11    ; _prr0137s
    0000001E 64E3                   MOV         R14,R4
    00000020 D611                   MOV.L       L18+4,R6   ; _htoc
    00000022 7406                   ADD         #6,R4
    00000024 460B                   JSR         @R6
    00000026 2B20                   MOV.B       R2,@R11
    00000028 620C                   EXTU.B      R0,R2
    0000002A D60F                   MOV.L       L18+4,R6   ; _htoc
    0000002C 1B21                   MOV.L       R2,@(4,R11)
    0000002E 64E3                   MOV         R14,R4
    00000030 DC0E                   MOV.L       L18+8,R12  ; H'0000000C+_prr0137s
    00000032 460B                   JSR         @R6
    00000034 7408                   ADD         #8,R4
    00000036 80B8                   MOV.B       R0,@(8,R11)
    00000038 7E0A                   ADD         #10,R14
    0000003A 6DE3                   MOV         R14,R13
    0000003C A007                   BRA         L14
    0000003E EE00                   MOV         #0,R14     ; H'00000000
    00000040              L15:
    00000040 D20B                   MOV.L       L18+12,R2  ; _htol
    00000042 64D3                   MOV         R13,R4
    00000044 420B                   JSR         @R2
    00000046 7D08                   ADD         #8,R13
    00000048 2C02                   MOV.L       R0,@R12
    0000004A 7C04                   ADD         #4,R12
    0000004C 7E01                   ADD         #1,R14
    0000004E              L14:
    0000004E 84B8                   MOV.B       @(8,R11),R0
    00000050 660C                   EXTU.B      R0,R6
    00000052 3E63                   CMP/GE      R6,R14
    00000054 8BF4                   BF          L15
    00000056 E000                   MOV         #0,R0      ; H'00000000
    00000058 4F26                   LDS.L       @R15+,PR
    0000005A 6EF6                   MOV.L       @R15+,R14
    0000005C 6DF6                   MOV.L       @R15+,R13
    0000005E 6CF6                   MOV.L       @R15+,R12
    00000060 000B                   RTS
    00000062 6BF6                   MOV.L       @R15+,R11
    00000064              L18:
    00000064 <00000000>             .DATA.L     _prr0137s
    00000068 <00000000>             .DATA.L     _htoc
    0000006C <0000000C>             .DATA.L     H'0000000C+_prr0137s
    00000070 <00000000>             .DATA.L     _htol
B   00000000              _prr0137s:                       ; static: prr0137s
    00000000 00000004               .RES.L      43
SH SERIES C/C++ Compiler (Ver. checker(2003.03.17))                                              28-May-2015 11:40:58  PAGE    1


******** STATISTICS INFORMATION ********


********** ERROR INFORMATION ***********

NUMBER OF ERRORS:           0
NUMBER OF WARNINGS:         0
NUMBER OF INFORMATIONS:     0



******* SOURCE LINE INFORMATION ********

COMPILED SOURCE LINE:       59



******* SECTION SIZE INFORMATION *******

PROGRAM  SECTION (P):                               00000074 Byte(s)
CONSTANT SECTION (C):                               00000000 Byte(s)
DATA     SECTION (D):                               00000000 Byte(s)
BSS      SECTION (B):                               000000AC Byte(s)

TOTAL PROGRAM  SECTION: 00000074 Byte(s)
TOTAL CONSTANT SECTION: 00000000 Byte(s)
TOTAL DATA     SECTION: 00000000 Byte(s)
TOTAL BSS      SECTION: 000000AC Byte(s)

    TOTAL PROGRAM SIZE: 00000120 Byte(s)



********** LABEL INFORMATION ***********

NUMBER OF EXTERNAL REFERENCE SYMBOLS:            2
NUMBER OF EXTERNAL DEFINITION SYMBOLS:           2
NUMBER OF INTERNAL/EXTERNAL SYMBOLS:             9
*** COMMAND PARAMETER ***


  -cpu=sh3 -op=1 -en=big -me -nodebug -comment=nest -l -def=NDEBUG -i=P:\PRESTO2\SHINC,d:\home\tool\7_1_1\include,P:\PRESTO2\NORTI_12\inc prr0137.c 

