SH SERIES C/C++ Compiler (Ver. checker(2003.03.17))                                              28-May-2015 11:40:27  PAGE    1

************ OBJECT LISTING ************

FILE NAME: prr0077.c

SCT OFFSET   CODE       C LABEL     INSTRUCTION OPERAND    COMMENT

P   00000000              _pr_scan_ata_dev:                ; function: pr_scan_ata_dev
                                                           ; frame size=4
    00000000 4F22                   STS.L       PR,@-R15
    00000002 8445                   MOV.B       @(5,R4),R0
    00000004 E639                   MOV         #57,R6     ; H'00000039
    00000006 620C                   EXTU.B      R0,R2
    00000008 3267                   CMP/GT      R6,R2
    0000000A 8F02                   BF/S        L12
    0000000C 6543                   MOV         R4,R5
    0000000E A001                   BRA         L13
    00000010 72C9                   ADD         #-55,R2
    00000012              L12:
    00000012 72D0                   ADD         #-48,R2
    00000014              L13:
    00000014 D705                   MOV.L       L14+2,R7   ; _prr0077s
    00000016 7506                   ADD         #6,R5
    00000018 2720                   MOV.B       R2,@R7
    0000001A D205                   MOV.L       L14+6,R2   ; _htol
    0000001C 420B                   JSR         @R2
    0000001E 6453                   MOV         R5,R4
    00000020 D702                   MOV.L       L14+2,R7   ; _prr0077s
    00000022 1701                   MOV.L       R0,@(4,R7)
    00000024 4F26                   LDS.L       @R15+,PR
    00000026 000B                   RTS
    00000028 E000                   MOV         #0,R0      ; H'00000000
    0000002A              L14:
    0000002A 00000002               .RES.W      1
    0000002C <00000000>             .DATA.L     _prr0077s
    00000030 <00000000>             .DATA.L     _htol
B   00000000              _prr0077s:                       ; static: prr0077s
    00000000 00000004               .RES.L      2
SH SERIES C/C++ Compiler (Ver. checker(2003.03.17))                                              28-May-2015 11:40:27  PAGE    1


******** STATISTICS INFORMATION ********


********** ERROR INFORMATION ***********

NUMBER OF ERRORS:           0
NUMBER OF WARNINGS:         0
NUMBER OF INFORMATIONS:     0



******* SOURCE LINE INFORMATION ********

COMPILED SOURCE LINE:       53



******* SECTION SIZE INFORMATION *******

PROGRAM  SECTION (P):                               00000034 Byte(s)
CONSTANT SECTION (C):                               00000000 Byte(s)
DATA     SECTION (D):                               00000000 Byte(s)
BSS      SECTION (B):                               00000008 Byte(s)

TOTAL PROGRAM  SECTION: 00000034 Byte(s)
TOTAL CONSTANT SECTION: 00000000 Byte(s)
TOTAL DATA     SECTION: 00000000 Byte(s)
TOTAL BSS      SECTION: 00000008 Byte(s)

    TOTAL PROGRAM SIZE: 0000003C Byte(s)



********** LABEL INFORMATION ***********

NUMBER OF EXTERNAL REFERENCE SYMBOLS:            1
NUMBER OF EXTERNAL DEFINITION SYMBOLS:           2
NUMBER OF INTERNAL/EXTERNAL SYMBOLS:             6
*** COMMAND PARAMETER ***


  -cpu=sh3 -op=1 -en=big -me -nodebug -comment=nest -l -def=NDEBUG -i=P:\PRESTO2\SHINC,d:\home\tool\7_1_1\include,P:\PRESTO2\NORTI_12\inc prr0077.c 

