SH SERIES C/C++ Compiler (Ver. checker(2003.03.17))                                              28-May-2015 11:40:42  PAGE    1

************ OBJECT LISTING ************

FILE NAME: prr0092.c

SCT OFFSET   CODE       C LABEL     INSTRUCTION OPERAND    COMMENT

P   00000000              _pr_print_mlt_parm1:             ; function: pr_print_mlt_parm1
                                                           ; frame size=16
    00000000 2FD6                   MOV.L       R13,@-R15
    00000002 2FE6                   MOV.L       R14,@-R15
    00000004 4F22                   STS.L       PR,@-R15
    00000006 7FFC                   ADD         #-4,R15
    00000008 6650                   MOV.B       @R5,R6
    0000000A E309                   MOV         #9,R3      ; H'00000009
    0000000C 6E53                   MOV         R5,R14
    0000000E 6243                   MOV         R4,R2
    00000010 666C                   EXTU.B      R6,R6
    00000012 3637                   CMP/GT      R3,R6
    00000014 8F02                   BF/S        L12
    00000016 2F42                   MOV.L       R4,@R15
    00000018 A001                   BRA         L13
    0000001A 7637                   ADD         #55,R6
    0000001C              L12:
    0000001C 7630                   ADD         #48,R6
    0000001E              L13:
    0000001E 6063                   MOV         R6,R0
    00000020 8025                   MOV.B       R0,@(5,R2)
    00000022 84E1                   MOV.B       @(1,R14),R0
    00000024 7206                   ADD         #6,R2
    00000026 DD18                   MOV.L       L15+2,R13  ; _ctoh
    00000028 6523                   MOV         R2,R5
    0000002A 4D0B                   JSR         @R13
    0000002C 640C                   EXTU.B      R0,R4
    0000002E 84E2                   MOV.B       @(2,R14),R0
    00000030 65F2                   MOV.L       @R15,R5
    00000032 640C                   EXTU.B      R0,R4
    00000034 4D0B                   JSR         @R13
    00000036 7508                   ADD         #8,R5
    00000038 84E3                   MOV.B       @(3,R14),R0
    0000003A 65F2                   MOV.L       @R15,R5
    0000003C 640C                   EXTU.B      R0,R4
    0000003E 4D0B                   JSR         @R13
    00000040 750A                   ADD         #10,R5
    00000042 84E4                   MOV.B       @(4,R14),R0
    00000044 65F2                   MOV.L       @R15,R5
    00000046 640C                   EXTU.B      R0,R4
    00000048 4D0B                   JSR         @R13
    0000004A 750C                   ADD         #12,R5
    0000004C 84E5                   MOV.B       @(5,R14),R0
    0000004E 65F2                   MOV.L       @R15,R5
    00000050 640C                   EXTU.B      R0,R4
    00000052 4D0B                   JSR         @R13
    00000054 750E                   ADD         #14,R5
    00000056 84E6                   MOV.B       @(6,R14),R0
    00000058 65F2                   MOV.L       @R15,R5
    0000005A 640C                   EXTU.B      R0,R4
    0000005C 4D0B                   JSR         @R13
    0000005E 7510                   ADD         #16,R5
    00000060 84E7                   MOV.B       @(7,R14),R0
    00000062 7E08                   ADD         #8,R14
    00000064 65F2                   MOV.L       @R15,R5
    00000066 640C                   EXTU.B      R0,R4
    00000068 4D0B                   JSR         @R13
    0000006A 7512                   ADD         #18,R5
    0000006C 64E1                   MOV.W       @R14,R4
    0000006E 65F2                   MOV.L       @R15,R5
    00000070 D606                   MOV.L       L15+6,R6   ; _itoh
    00000072 644D                   EXTU.W      R4,R4
    00000074 460B                   JSR         @R6
    00000076 7514                   ADD         #20,R5
    00000078 60F2                   MOV.L       @R15,R0
    0000007A 7018                   ADD         #24,R0
    0000007C 7F04                   ADD         #4,R15
    0000007E 4F26                   LDS.L       @R15+,PR
    00000080 6EF6                   MOV.L       @R15+,R14
    00000082 000B                   RTS
    00000084 6DF6                   MOV.L       @R15+,R13
    00000086              L15:
    00000086 00000002               .RES.W      1
    00000088 <00000000>             .DATA.L     _ctoh
    0000008C <00000000>             .DATA.L     _itoh
SH SERIES C/C++ Compiler (Ver. checker(2003.03.17))                                              28-May-2015 11:40:42  PAGE    1


******** STATISTICS INFORMATION ********


********** ERROR INFORMATION ***********

NUMBER OF ERRORS:           0
NUMBER OF WARNINGS:         0
NUMBER OF INFORMATIONS:     0



******* SOURCE LINE INFORMATION ********

COMPILED SOURCE LINE:       60



******* SECTION SIZE INFORMATION *******

PROGRAM  SECTION (P):                               00000090 Byte(s)
CONSTANT SECTION (C):                               00000000 Byte(s)
DATA     SECTION (D):                               00000000 Byte(s)
BSS      SECTION (B):                               00000000 Byte(s)

TOTAL PROGRAM  SECTION: 00000090 Byte(s)
TOTAL CONSTANT SECTION: 00000000 Byte(s)
TOTAL DATA     SECTION: 00000000 Byte(s)
TOTAL BSS      SECTION: 00000000 Byte(s)

    TOTAL PROGRAM SIZE: 00000090 Byte(s)



********** LABEL INFORMATION ***********

NUMBER OF EXTERNAL REFERENCE SYMBOLS:            2
NUMBER OF EXTERNAL DEFINITION SYMBOLS:           1
NUMBER OF INTERNAL/EXTERNAL SYMBOLS:             6
*** COMMAND PARAMETER ***


  -cpu=sh3 -op=1 -en=big -me -nodebug -comment=nest -l -def=NDEBUG -i=P:\PRESTO2\SHINC,d:\home\tool\7_1_1\include,P:\PRESTO2\NORTI_12\inc prr0092.c 

