SH SERIES C/C++ Compiler (Ver. checker(2003.03.17))                                              28-May-2015 11:40:26  PAGE    1

************ OBJECT LISTING ************

FILE NAME: prr0075.c

SCT OFFSET   CODE       C LABEL     INSTRUCTION OPERAND    COMMENT

P   00000000              _pr_scan_dca_parm:               ; function: pr_scan_dca_parm
                                                           ; frame size=12
    00000000 2FD6                   MOV.L       R13,@-R15
    00000002 2FE6                   MOV.L       R14,@-R15
    00000004 4F22                   STS.L       PR,@-R15
    00000006 8445                   MOV.B       @(5,R4),R0
    00000008 E639                   MOV         #57,R6     ; H'00000039
    0000000A 620C                   EXTU.B      R0,R2
    0000000C 3267                   CMP/GT      R6,R2
    0000000E 8F02                   BF/S        L12
    00000010 6E43                   MOV         R4,R14
    00000012 A001                   BRA         L13
    00000014 72C9                   ADD         #-55,R2
    00000016              L12:
    00000016 72D0                   ADD         #-48,R2
    00000018              L13:
    00000018 DD0B                   MOV.L       L15+2,R13  ; _prr0075s
    0000001A 622C                   EXTU.B      R2,R2
    0000001C 64E3                   MOV         R14,R4
    0000001E 2D22                   MOV.L       R2,@R13
    00000020 D20A                   MOV.L       L15+6,R2   ; _htoi
    00000022 420B                   JSR         @R2
    00000024 7406                   ADD         #6,R4
    00000026 D60A                   MOV.L       L15+10,R6  ; _htoc
    00000028 64E3                   MOV         R14,R4
    0000002A 81D2                   MOV.W       R0,@(4,R13)
    0000002C 460B                   JSR         @R6
    0000002E 740A                   ADD         #10,R4
    00000030 D607                   MOV.L       L15+10,R6  ; _htoc
    00000032 7E0C                   ADD         #12,R14
    00000034 80D6                   MOV.B       R0,@(6,R13)
    00000036 460B                   JSR         @R6
    00000038 64E3                   MOV         R14,R4
    0000003A 80D7                   MOV.B       R0,@(7,R13)
    0000003C E000                   MOV         #0,R0      ; H'00000000
    0000003E 4F26                   LDS.L       @R15+,PR
    00000040 6EF6                   MOV.L       @R15+,R14
    00000042 000B                   RTS
    00000044 6DF6                   MOV.L       @R15+,R13
    00000046              L15:
    00000046 00000002               .RES.W      1
    00000048 <00000000>             .DATA.L     _prr0075s
    0000004C <00000000>             .DATA.L     _htoi
    00000050 <00000000>             .DATA.L     _htoc
B   00000000              _prr0075s:                       ; static: prr0075s
    00000000 00000004               .RES.L      2
SH SERIES C/C++ Compiler (Ver. checker(2003.03.17))                                              28-May-2015 11:40:26  PAGE    1


******** STATISTICS INFORMATION ********


********** ERROR INFORMATION ***********

NUMBER OF ERRORS:           0
NUMBER OF WARNINGS:         0
NUMBER OF INFORMATIONS:     0



******* SOURCE LINE INFORMATION ********

COMPILED SOURCE LINE:       55



******* SECTION SIZE INFORMATION *******

PROGRAM  SECTION (P):                               00000054 Byte(s)
CONSTANT SECTION (C):                               00000000 Byte(s)
DATA     SECTION (D):                               00000000 Byte(s)
BSS      SECTION (B):                               00000008 Byte(s)

TOTAL PROGRAM  SECTION: 00000054 Byte(s)
TOTAL CONSTANT SECTION: 00000000 Byte(s)
TOTAL DATA     SECTION: 00000000 Byte(s)
TOTAL BSS      SECTION: 00000008 Byte(s)

    TOTAL PROGRAM SIZE: 0000005C Byte(s)



********** LABEL INFORMATION ***********

NUMBER OF EXTERNAL REFERENCE SYMBOLS:            2
NUMBER OF EXTERNAL DEFINITION SYMBOLS:           2
NUMBER OF INTERNAL/EXTERNAL SYMBOLS:             7
*** COMMAND PARAMETER ***


  -cpu=sh3 -op=1 -en=big -me -nodebug -comment=nest -l -def=NDEBUG -i=P:\PRESTO2\SHINC,d:\home\tool\7_1_1\include,P:\PRESTO2\NORTI_12\inc prr0075.c 

