SH SERIES C/C++ Compiler (Ver. checker(2003.03.17))                                              28-May-2015 11:40:55  PAGE    1

************ OBJECT LISTING ************

FILE NAME: prr0135.c

SCT OFFSET   CODE       C LABEL     INSTRUCTION OPERAND    COMMENT

P   00000000              _pr_scan_sp_parm:                ; function: pr_scan_sp_parm
                                                           ; frame size=32
    00000000 2F86                   MOV.L       R8,@-R15
    00000002 2F96                   MOV.L       R9,@-R15
    00000004 2FA6                   MOV.L       R10,@-R15
    00000006 2FB6                   MOV.L       R11,@-R15
    00000008 2FC6                   MOV.L       R12,@-R15
    0000000A 2FD6                   MOV.L       R13,@-R15
    0000000C 2FE6                   MOV.L       R14,@-R15
    0000000E 4F22                   STS.L       PR,@-R15
    00000010 8445                   MOV.B       @(5,R4),R0
    00000012 E639                   MOV         #57,R6     ; H'00000039
    00000014 620C                   EXTU.B      R0,R2
    00000016 3267                   CMP/GT      R6,R2
    00000018 8F02                   BF/S        L12
    0000001A 6E43                   MOV         R4,R14
    0000001C A001                   BRA         L13
    0000001E 72C9                   ADD         #-55,R2
    00000020              L12:
    00000020 72D0                   ADD         #-48,R2
    00000022              L13:
    00000022 D725                   MOV.L       L24+2,R7   ; _prr0135s
    00000024 64E3                   MOV         R14,R4
    00000026 D525                   MOV.L       L24+6,R5   ; _htoc
    00000028 7406                   ADD         #6,R4
    0000002A 2720                   MOV.B       R2,@R7
    0000002C 450B                   JSR         @R5
    0000002E 7E08                   ADD         #8,R14
    00000030 D721                   MOV.L       L24+2,R7   ; _prr0135s
    00000032 6DE3                   MOV         R14,R13
    00000034 D922                   MOV.L       L24+10,R9  ; H'00000004+_prr0135s
    00000036 EA00                   MOV         #0,R10     ; H'00000000
    00000038 8071                   MOV.B       R0,@(1,R7)
    0000003A 6893                   MOV         R9,R8
    0000003C A02C                   BRA         L14
    0000003E 7801                   ADD         #1,R8
    00000040              L15:
    00000040 6BA3                   MOV         R10,R11
    00000042 4B08                   SHLL2       R11
    00000044 4B00                   SHLL        R11
    00000046 D51D                   MOV.L       L24+6,R5   ; _htoc
    00000048 3BAC                   ADD         R10,R11
    0000004A 64D3                   MOV         R13,R4
    0000004C 450B                   JSR         @R5
    0000004E 4B08                   SHLL2       R11
    00000050 6203                   MOV         R0,R2
    00000052 60B3                   MOV         R11,R0
    00000054 0924                   MOV.B       R2,@(R0,R9)
    00000056 7D02                   ADD         #2,R13
    00000058 62D0                   MOV.B       @R13,R2
    0000005A E639                   MOV         #57,R6     ; H'00000039
    0000005C 622C                   EXTU.B      R2,R2
    0000005E 3267                   CMP/GT      R6,R2
    00000060 8B01                   BF          L17
    00000062 A001                   BRA         L18
    00000064 72C9                   ADD         #-55,R2
    00000066              L17:
    00000066 72D0                   ADD         #-48,R2
    00000068              L18:
    00000068 6C93                   MOV         R9,R12
    0000006A 3CBC                   ADD         R11,R12
    0000006C 60B3                   MOV         R11,R0
    0000006E 6BC3                   MOV         R12,R11
    00000070 7C01                   ADD         #1,R12
    00000072 0824                   MOV.B       R2,@(R0,R8)
    00000074 7B04                   ADD         #4,R11
    00000076 7D01                   ADD         #1,R13
    00000078 A009                   BRA         L19
    0000007A EE00                   MOV         #0,R14     ; H'00000000
    0000007C              L20:
    0000007C D211                   MOV.L       L24+14,R2  ; _htol
    0000007E 64D3                   MOV         R13,R4
    00000080 420B                   JSR         @R2
    00000082 7D08                   ADD         #8,R13
    00000084 6603                   MOV         R0,R6
    00000086 60E3                   MOV         R14,R0
    00000088 4008                   SHLL2       R0
    0000008A 0B66                   MOV.L       R6,@(R0,R11)
    0000008C 7E01                   ADD         #1,R14
    0000008E              L19:
    0000008E 62C0                   MOV.B       @R12,R2
    00000090 622C                   EXTU.B      R2,R2
    00000092 3E23                   CMP/GE      R2,R14
    00000094 8BF2                   BF          L20
    00000096 7A01                   ADD         #1,R10
    00000098              L14:
    00000098 D707                   MOV.L       L24+2,R7   ; _prr0135s
    0000009A 8471                   MOV.B       @(1,R7),R0
    0000009C 660C                   EXTU.B      R0,R6
    0000009E 3A63                   CMP/GE      R6,R10
    000000A0 8BCE                   BF          L15
    000000A2 E000                   MOV         #0,R0      ; H'00000000
    000000A4 4F26                   LDS.L       @R15+,PR
    000000A6 6EF6                   MOV.L       @R15+,R14
    000000A8 6DF6                   MOV.L       @R15+,R13
    000000AA 6CF6                   MOV.L       @R15+,R12
    000000AC 6BF6                   MOV.L       @R15+,R11
    000000AE 6AF6                   MOV.L       @R15+,R10
    000000B0 69F6                   MOV.L       @R15+,R9
    000000B2 000B                   RTS
    000000B4 68F6                   MOV.L       @R15+,R8
    000000B6              L24:
    000000B6 00000002               .RES.W      1
    000000B8 <00000000>             .DATA.L     _prr0135s
    000000BC <00000000>             .DATA.L     _htoc
    000000C0 <00000004>             .DATA.L     H'00000004+_prr0135s
    000000C4 <00000000>             .DATA.L     _htol
B   00000000              _prr0135s:                       ; static: prr0135s
    00000000 00000004               .RES.L      145
SH SERIES C/C++ Compiler (Ver. checker(2003.03.17))                                              28-May-2015 11:40:55  PAGE    1


******** STATISTICS INFORMATION ********


********** ERROR INFORMATION ***********

NUMBER OF ERRORS:           0
NUMBER OF WARNINGS:         0
NUMBER OF INFORMATIONS:     0



******* SOURCE LINE INFORMATION ********

COMPILED SOURCE LINE:       67



******* SECTION SIZE INFORMATION *******

PROGRAM  SECTION (P):                               000000C8 Byte(s)
CONSTANT SECTION (C):                               00000000 Byte(s)
DATA     SECTION (D):                               00000000 Byte(s)
BSS      SECTION (B):                               00000244 Byte(s)

TOTAL PROGRAM  SECTION: 000000C8 Byte(s)
TOTAL CONSTANT SECTION: 00000000 Byte(s)
TOTAL DATA     SECTION: 00000000 Byte(s)
TOTAL BSS      SECTION: 00000244 Byte(s)

    TOTAL PROGRAM SIZE: 0000030C Byte(s)



********** LABEL INFORMATION ***********

NUMBER OF EXTERNAL REFERENCE SYMBOLS:            2
NUMBER OF EXTERNAL DEFINITION SYMBOLS:           2
NUMBER OF INTERNAL/EXTERNAL SYMBOLS:            13
*** COMMAND PARAMETER ***


  -cpu=sh3 -op=1 -en=big -me -nodebug -comment=nest -l -def=NDEBUG -i=P:\PRESTO2\SHINC,d:\home\tool\7_1_1\include,P:\PRESTO2\NORTI_12\inc prr0135.c 

