SH SERIES C/C++ Compiler (Ver. checker(2003.03.17))                                              28-May-2015 11:40:50  PAGE    1

************ OBJECT LISTING ************

FILE NAME: prr0087.c

SCT OFFSET   CODE       C LABEL     INSTRUCTION OPERAND    COMMENT

P   00000000              _pr_scan_plc_data:               ; function: pr_scan_plc_data
                                                           ; frame size=24
    00000000 2FA6                   MOV.L       R10,@-R15
    00000002 2FB6                   MOV.L       R11,@-R15
    00000004 2FC6                   MOV.L       R12,@-R15
    00000006 2FD6                   MOV.L       R13,@-R15
    00000008 2FE6                   MOV.L       R14,@-R15
    0000000A 4F22                   STS.L       PR,@-R15
    0000000C 6E43                   MOV         R4,R14
    0000000E 7E05                   ADD         #5,R14
    00000010 6A43                   MOV         R4,R10
    00000012 DB0D                   MOV.L       L14+2,R11  ; _htoi
    00000014 ED19                   MOV         #25,R13    ; H'00000019
    00000016 DC0D                   MOV.L       L14+6,R12  ; _prr0087s
    00000018              L11:
    00000018 64E3                   MOV         R14,R4
    0000001A 4B0B                   JSR         @R11
    0000001C 7E04                   ADD         #4,R14
    0000001E 620D                   EXTU.W      R0,R2
    00000020 4D10                   DT          R13
    00000022 2C22                   MOV.L       R2,@R12
    00000024 8FF8                   BF/S        L11
    00000026 7C04                   ADD         #4,R12
    00000028 7A69                   ADD         #105,R10
    0000002A 4B0B                   JSR         @R11
    0000002C 64A3                   MOV         R10,R4
    0000002E D207                   MOV.L       L14+6,R2   ; _prr0087s
    00000030 660D                   EXTU.W      R0,R6
    00000032 E064                   MOV         #100,R0    ; H'00000064
    00000034 0266                   MOV.L       R6,@(R0,R2)
    00000036 E000                   MOV         #0,R0      ; H'00000000
    00000038 4F26                   LDS.L       @R15+,PR
    0000003A 6EF6                   MOV.L       @R15+,R14
    0000003C 6DF6                   MOV.L       @R15+,R13
    0000003E 6CF6                   MOV.L       @R15+,R12
    00000040 6BF6                   MOV.L       @R15+,R11
    00000042 000B                   RTS
    00000044 6AF6                   MOV.L       @R15+,R10
    00000046              L14:
    00000046 00000002               .RES.W      1
    00000048 <00000000>             .DATA.L     _htoi
    0000004C <00000000>             .DATA.L     _prr0087s
B   00000000              _prr0087s:                       ; static: prr0087s
    00000000 00000004               .RES.L      26
SH SERIES C/C++ Compiler (Ver. checker(2003.03.17))                                              28-May-2015 11:40:50  PAGE    1


******** STATISTICS INFORMATION ********


********** ERROR INFORMATION ***********

NUMBER OF ERRORS:           0
NUMBER OF WARNINGS:         0
NUMBER OF INFORMATIONS:     0



******* SOURCE LINE INFORMATION ********

COMPILED SOURCE LINE:       59



******* SECTION SIZE INFORMATION *******

PROGRAM  SECTION (P):                               00000050 Byte(s)
CONSTANT SECTION (C):                               00000000 Byte(s)
DATA     SECTION (D):                               00000000 Byte(s)
BSS      SECTION (B):                               00000068 Byte(s)

TOTAL PROGRAM  SECTION: 00000050 Byte(s)
TOTAL CONSTANT SECTION: 00000000 Byte(s)
TOTAL DATA     SECTION: 00000000 Byte(s)
TOTAL BSS      SECTION: 00000068 Byte(s)

    TOTAL PROGRAM SIZE: 000000B8 Byte(s)



********** LABEL INFORMATION ***********

NUMBER OF EXTERNAL REFERENCE SYMBOLS:            1
NUMBER OF EXTERNAL DEFINITION SYMBOLS:           2
NUMBER OF INTERNAL/EXTERNAL SYMBOLS:             5
*** COMMAND PARAMETER ***


  -cpu=sh3 -op=1 -en=big -me -nodebug -comment=nest -l -def=NDEBUG -i=P:\PRESTO2\SHINC,d:\home\tool\7_1_1\include,P:\PRESTO2\NORTI_12\inc prr0087.c 

