SH SERIES C/C++ Compiler (Ver. checker(2003.03.17))                                              28-May-2015 11:41:01  PAGE    1

************ OBJECT LISTING ************

FILE NAME: prr1015.c

SCT OFFSET   CODE       C LABEL     INSTRUCTION OPERAND    COMMENT

P   00000000              _pr_scan_fd_spec_edge:           ; function: pr_scan_fd_spec_edge
                                                           ; frame size=32
    00000000 2F86                   MOV.L       R8,@-R15
    00000002 2F96                   MOV.L       R9,@-R15
    00000004 2FA6                   MOV.L       R10,@-R15
    00000006 2FB6                   MOV.L       R11,@-R15
    00000008 2FC6                   MOV.L       R12,@-R15
    0000000A 2FD6                   MOV.L       R13,@-R15
    0000000C 2FE6                   MOV.L       R14,@-R15
    0000000E 4F22                   STS.L       PR,@-R15
    00000010 6843                   MOV         R4,R8
    00000012 DB2B                   MOV.L       L14,R11    ; _htoi
    00000014 DC2B                   MOV.L       L14+4,R12  ; _prr1015s
    00000016 EA00                   MOV         #0,R10     ; H'00000000
    00000018 E904                   MOV         #4,R9      ; H'00000004
    0000001A              L11:
    0000001A E305                   MOV         #5,R3      ; H'00000005
    0000001C 62A3                   MOV         R10,R2
    0000001E 423D                   SHLD        R3,R2
    00000020 6E83                   MOV         R8,R14
    00000022 7E04                   ADD         #4,R14
    00000024 3E2C                   ADD         R2,R14
    00000026 4B0B                   JSR         @R11
    00000028 64E3                   MOV         R14,R4
    0000002A 6603                   MOV         R0,R6
    0000002C 60A3                   MOV         R10,R0
    0000002E 4008                   SHLL2       R0
    00000030 64E3                   MOV         R14,R4
    00000032 4008                   SHLL2       R0
    00000034 0C65                   MOV.W       R6,@(R0,R12)
    00000036 7404                   ADD         #4,R4
    00000038 6D03                   MOV         R0,R13
    0000003A 4B0B                   JSR         @R11
    0000003C 7A01                   ADD         #1,R10
    0000003E 62C3                   MOV         R12,R2
    00000040 7202                   ADD         #2,R2
    00000042 6603                   MOV         R0,R6
    00000044 60D3                   MOV         R13,R0
    00000046 0265                   MOV.W       R6,@(R0,R2)
    00000048 64E3                   MOV         R14,R4
    0000004A 4B0B                   JSR         @R11
    0000004C 7408                   ADD         #8,R4
    0000004E 62C3                   MOV         R12,R2
    00000050 7204                   ADD         #4,R2
    00000052 6603                   MOV         R0,R6
    00000054 60D3                   MOV         R13,R0
    00000056 0265                   MOV.W       R6,@(R0,R2)
    00000058 64E3                   MOV         R14,R4
    0000005A 4B0B                   JSR         @R11
    0000005C 740C                   ADD         #12,R4
    0000005E 62C3                   MOV         R12,R2
    00000060 7206                   ADD         #6,R2
    00000062 6603                   MOV         R0,R6
    00000064 60D3                   MOV         R13,R0
    00000066 0265                   MOV.W       R6,@(R0,R2)
    00000068 64E3                   MOV         R14,R4
    0000006A 4B0B                   JSR         @R11
    0000006C 7410                   ADD         #16,R4
    0000006E 62C3                   MOV         R12,R2
    00000070 7208                   ADD         #8,R2
    00000072 6603                   MOV         R0,R6
    00000074 60D3                   MOV         R13,R0
    00000076 0265                   MOV.W       R6,@(R0,R2)
    00000078 64E3                   MOV         R14,R4
    0000007A 4B0B                   JSR         @R11
    0000007C 7414                   ADD         #20,R4
    0000007E 62C3                   MOV         R12,R2
    00000080 720A                   ADD         #10,R2
    00000082 6603                   MOV         R0,R6
    00000084 60D3                   MOV         R13,R0
    00000086 0265                   MOV.W       R6,@(R0,R2)
    00000088 64E3                   MOV         R14,R4
    0000008A 4B0B                   JSR         @R11
    0000008C 7418                   ADD         #24,R4
    0000008E 62C3                   MOV         R12,R2
    00000090 720C                   ADD         #12,R2
    00000092 6603                   MOV         R0,R6
    00000094 60D3                   MOV         R13,R0
    00000096 0265                   MOV.W       R6,@(R0,R2)
    00000098 7E1C                   ADD         #28,R14
    0000009A 4B0B                   JSR         @R11
    0000009C 64E3                   MOV         R14,R4
    0000009E 62C3                   MOV         R12,R2
    000000A0 720E                   ADD         #14,R2
    000000A2 4910                   DT          R9
    000000A4 6603                   MOV         R0,R6
    000000A6 60D3                   MOV         R13,R0
    000000A8 8FB7                   BF/S        L11
    000000AA 0265                   MOV.W       R6,@(R0,R2)
    000000AC E000                   MOV         #0,R0      ; H'00000000
    000000AE 4F26                   LDS.L       @R15+,PR
    000000B0 6EF6                   MOV.L       @R15+,R14
    000000B2 6DF6                   MOV.L       @R15+,R13
    000000B4 6CF6                   MOV.L       @R15+,R12
    000000B6 6BF6                   MOV.L       @R15+,R11
    000000B8 6AF6                   MOV.L       @R15+,R10
    000000BA 69F6                   MOV.L       @R15+,R9
    000000BC 000B                   RTS
    000000BE 68F6                   MOV.L       @R15+,R8
    000000C0              L14:
    000000C0 <00000000>             .DATA.L     _htoi
    000000C4 <00000000>             .DATA.L     _prr1015s
B   00000000              _prr1015s:                       ; static: prr1015s
    00000000 00000002               .RES.W      32
SH SERIES C/C++ Compiler (Ver. checker(2003.03.17))                                              28-May-2015 11:41:01  PAGE    1


******** STATISTICS INFORMATION ********


********** ERROR INFORMATION ***********

NUMBER OF ERRORS:           0
NUMBER OF WARNINGS:         0
NUMBER OF INFORMATIONS:     0



******* SOURCE LINE INFORMATION ********

COMPILED SOURCE LINE:       64



******* SECTION SIZE INFORMATION *******

PROGRAM  SECTION (P):                               000000C8 Byte(s)
CONSTANT SECTION (C):                               00000000 Byte(s)
DATA     SECTION (D):                               00000000 Byte(s)
BSS      SECTION (B):                               00000040 Byte(s)

TOTAL PROGRAM  SECTION: 000000C8 Byte(s)
TOTAL CONSTANT SECTION: 00000000 Byte(s)
TOTAL DATA     SECTION: 00000000 Byte(s)
TOTAL BSS      SECTION: 00000040 Byte(s)

    TOTAL PROGRAM SIZE: 00000108 Byte(s)



********** LABEL INFORMATION ***********

NUMBER OF EXTERNAL REFERENCE SYMBOLS:            1
NUMBER OF EXTERNAL DEFINITION SYMBOLS:           2
NUMBER OF INTERNAL/EXTERNAL SYMBOLS:             5
*** COMMAND PARAMETER ***


  -cpu=sh3 -op=1 -en=big -me -nodebug -comment=nest -l -def=NDEBUG -i=P:\PRESTO2\SHINC,d:\home\tool\7_1_1\include,P:\PRESTO2\NORTI_12\inc prr1015.c 

