SH SERIES C/C++ Compiler (Ver. checker(2003.03.17))                                              28-May-2015 11:41:03  PAGE    1

************ OBJECT LISTING ************

FILE NAME: prr1035.c

SCT OFFSET   CODE       C LABEL     INSTRUCTION OPERAND    COMMENT

P   00000000              _pr_scan_span2_adj:              ; function: pr_scan_span2_adj
                                                           ; frame size=4
    00000000 4F22                   STS.L       PR,@-R15
    00000002 D204                   MOV.L       L11+2,R2   ; _htoi
    00000004 420B                   JSR         @R2
    00000006 7404                   ADD         #4,R4
    00000008 D603                   MOV.L       L11+6,R6   ; _prr1035s
    0000000A 2601                   MOV.W       R0,@R6
    0000000C 4F26                   LDS.L       @R15+,PR
    0000000E 000B                   RTS
    00000010 E000                   MOV         #0,R0      ; H'00000000
    00000012              L11:
    00000012 00000002               .RES.W      1
    00000014 <00000000>             .DATA.L     _htoi
    00000018 <00000000>             .DATA.L     _prr1035s
B   00000000              _prr1035s:                       ; static: prr1035s
    00000000 00000002               .RES.W      1
SH SERIES C/C++ Compiler (Ver. checker(2003.03.17))                                              28-May-2015 11:41:03  PAGE    1


******** STATISTICS INFORMATION ********


********** ERROR INFORMATION ***********

NUMBER OF ERRORS:           0
NUMBER OF WARNINGS:         0
NUMBER OF INFORMATIONS:     0



******* SOURCE LINE INFORMATION ********

COMPILED SOURCE LINE:       49



******* SECTION SIZE INFORMATION *******

PROGRAM  SECTION (P):                               0000001C Byte(s)
CONSTANT SECTION (C):                               00000000 Byte(s)
DATA     SECTION (D):                               00000000 Byte(s)
BSS      SECTION (B):                               00000002 Byte(s)

TOTAL PROGRAM  SECTION: 0000001C Byte(s)
TOTAL CONSTANT SECTION: 00000000 Byte(s)
TOTAL DATA     SECTION: 00000000 Byte(s)
TOTAL BSS      SECTION: 00000002 Byte(s)

    TOTAL PROGRAM SIZE: 0000001E Byte(s)



********** LABEL INFORMATION ***********

NUMBER OF EXTERNAL REFERENCE SYMBOLS:            1
NUMBER OF EXTERNAL DEFINITION SYMBOLS:           2
NUMBER OF INTERNAL/EXTERNAL SYMBOLS:             4
*** COMMAND PARAMETER ***


  -cpu=sh3 -op=1 -en=big -me -nodebug -comment=nest -l -def=NDEBUG -i=P:\PRESTO2\SHINC,d:\home\tool\7_1_1\include,P:\PRESTO2\NORTI_12\inc prr1035.c 

