SH SERIES C/C++ Compiler (Ver. checker(2003.03.17))                                              28-May-2015 11:40:30  PAGE    1

************ OBJECT LISTING ************

FILE NAME: prr1018.c

SCT OFFSET   CODE       C LABEL     INSTRUCTION OPERAND    COMMENT

P   00000000              _pr_print_parent_tmg:            ; function: pr_print_parent_tmg
                                                           ; frame size=36
    00000000 2F86                   MOV.L       R8,@-R15
    00000002 2F96                   MOV.L       R9,@-R15
    00000004 2FA6                   MOV.L       R10,@-R15
    00000006 2FB6                   MOV.L       R11,@-R15
    00000008 2FC6                   MOV.L       R12,@-R15
    0000000A 2FD6                   MOV.L       R13,@-R15
    0000000C 2FE6                   MOV.L       R14,@-R15
    0000000E 4F22                   STS.L       PR,@-R15
    00000010 7FFC                   ADD         #-4,R15
    00000012 6250                   MOV.B       @R5,R2
    00000014 E309                   MOV         #9,R3      ; H'00000009
    00000016 6953                   MOV         R5,R9
    00000018 622C                   EXTU.B      R2,R2
    0000001A 3237                   CMP/GT      R3,R2
    0000001C 8F02                   BF/S        L12
    0000001E 6D43                   MOV         R4,R13
    00000020 A001                   BRA         L13
    00000022 7237                   ADD         #55,R2
    00000024              L12:
    00000024 7230                   ADD         #48,R2
    00000026              L13:
    00000026 6793                   MOV         R9,R7
    00000028 7701                   ADD         #1,R7
    0000002A 6023                   MOV         R2,R0
    0000002C 80D4                   MOV.B       R0,@(4,R13)
    0000002E 6893                   MOV         R9,R8
    00000030 7D05                   ADD         #5,R13
    00000032 2F72                   MOV.L       R7,@R15
    00000034 7802                   ADD         #2,R8
    00000036 A024                   BRA         L14
    00000038 EA00                   MOV         #0,R10     ; H'00000000
    0000003A              L15:
    0000003A 60A3                   MOV         R10,R0
    0000003C 4000                   SHLL        R0
    0000003E 30AC                   ADD         R10,R0
    00000040 6693                   MOV         R9,R6
    00000042 7601                   ADD         #1,R6
    00000044 026C                   MOV.B       @(R0,R6),R2
    00000046 E309                   MOV         #9,R3      ; H'00000009
    00000048 622C                   EXTU.B      R2,R2
    0000004A 3237                   CMP/GT      R3,R2
    0000004C 8F02                   BF/S        L17
    0000004E 6503                   MOV         R0,R5
    00000050 A001                   BRA         L18
    00000052 7237                   ADD         #55,R2
    00000054              L17:
    00000054 7230                   ADD         #48,R2
    00000056              L18:
    00000056 67F2                   MOV.L       @R15,R7
    00000058 6C53                   MOV         R5,R12
    0000005A 2D20                   MOV.B       R2,@R13
    0000005C 6B53                   MOV         R5,R11
    0000005E 3C7C                   ADD         R7,R12
    00000060 7D01                   ADD         #1,R13
    00000062 3B8C                   ADD         R8,R11
    00000064 A008                   BRA         L19
    00000066 EE00                   MOV         #0,R14     ; H'00000000
    00000068              L20:
    00000068 60E3                   MOV         R14,R0
    0000006A 04BC                   MOV.B       @(R0,R11),R4
    0000006C D20C                   MOV.L       L24,R2     ; _ctoh
    0000006E 65D3                   MOV         R13,R5
    00000070 420B                   JSR         @R2
    00000072 644C                   EXTU.B      R4,R4
    00000074 7D02                   ADD         #2,R13
    00000076 7E01                   ADD         #1,R14
    00000078              L19:
    00000078 62C0                   MOV.B       @R12,R2
    0000007A 622C                   EXTU.B      R2,R2
    0000007C 3E23                   CMP/GE      R2,R14
    0000007E 8BF3                   BF          L20
    00000080 7A01                   ADD         #1,R10
    00000082              L14:
    00000082 6290                   MOV.B       @R9,R2
    00000084 622C                   EXTU.B      R2,R2
    00000086 3A23                   CMP/GE      R2,R10
    00000088 8BD7                   BF          L15
    0000008A 60D3                   MOV         R13,R0
    0000008C 7F04                   ADD         #4,R15
    0000008E 4F26                   LDS.L       @R15+,PR
    00000090 6EF6                   MOV.L       @R15+,R14
    00000092 6DF6                   MOV.L       @R15+,R13
    00000094 6CF6                   MOV.L       @R15+,R12
    00000096 6BF6                   MOV.L       @R15+,R11
    00000098 6AF6                   MOV.L       @R15+,R10
    0000009A 69F6                   MOV.L       @R15+,R9
    0000009C 000B                   RTS
    0000009E 68F6                   MOV.L       @R15+,R8
    000000A0              L24:
    000000A0 <00000000>             .DATA.L     _ctoh
SH SERIES C/C++ Compiler (Ver. checker(2003.03.17))                                              28-May-2015 11:40:30  PAGE    1


******** STATISTICS INFORMATION ********


********** ERROR INFORMATION ***********

NUMBER OF ERRORS:           0
NUMBER OF WARNINGS:         0
NUMBER OF INFORMATIONS:     0



******* SOURCE LINE INFORMATION ********

COMPILED SOURCE LINE:       64



******* SECTION SIZE INFORMATION *******

PROGRAM  SECTION (P):                               000000A4 Byte(s)
CONSTANT SECTION (C):                               00000000 Byte(s)
DATA     SECTION (D):                               00000000 Byte(s)
BSS      SECTION (B):                               00000000 Byte(s)

TOTAL PROGRAM  SECTION: 000000A4 Byte(s)
TOTAL CONSTANT SECTION: 00000000 Byte(s)
TOTAL DATA     SECTION: 00000000 Byte(s)
TOTAL BSS      SECTION: 00000000 Byte(s)

    TOTAL PROGRAM SIZE: 000000A4 Byte(s)



********** LABEL INFORMATION ***********

NUMBER OF EXTERNAL REFERENCE SYMBOLS:            1
NUMBER OF EXTERNAL DEFINITION SYMBOLS:           1
NUMBER OF INTERNAL/EXTERNAL SYMBOLS:            11
*** COMMAND PARAMETER ***


  -cpu=sh3 -op=1 -en=big -me -nodebug -comment=nest -l -def=NDEBUG -i=P:\PRESTO2\SHINC,d:\home\tool\7_1_1\include,P:\PRESTO2\NORTI_12\inc prr1018.c 

