SH SERIES C/C++ Compiler (Ver. checker(2003.03.17))                                              28-May-2015 11:41:04  PAGE    1

************ OBJECT LISTING ************

FILE NAME: prr1036.c

SCT OFFSET   CODE       C LABEL     INSTRUCTION OPERAND    COMMENT

P   00000000              _pr_print_span2_adj:             ; function: pr_print_span2_adj
                                                           ; frame size=8
    00000000 4F22                   STS.L       PR,@-R15
    00000002 7FFC                   ADD         #-4,R15
    00000004 6243                   MOV         R4,R2
    00000006 2F42                   MOV.L       R4,@R15
    00000008 6451                   MOV.W       @R5,R4
    0000000A 7204                   ADD         #4,R2
    0000000C D604                   MOV.L       L12,R6     ; _itoh
    0000000E 6523                   MOV         R2,R5
    00000010 460B                   JSR         @R6
    00000012 644D                   EXTU.W      R4,R4
    00000014 60F2                   MOV.L       @R15,R0
    00000016 7008                   ADD         #8,R0
    00000018 7F04                   ADD         #4,R15
    0000001A 4F26                   LDS.L       @R15+,PR
    0000001C 000B                   RTS
    0000001E 0009                   NOP
    00000020              L12:
    00000020 <00000000>             .DATA.L     _itoh
SH SERIES C/C++ Compiler (Ver. checker(2003.03.17))                                              28-May-2015 11:41:04  PAGE    1


******** STATISTICS INFORMATION ********


********** ERROR INFORMATION ***********

NUMBER OF ERRORS:           0
NUMBER OF WARNINGS:         0
NUMBER OF INFORMATIONS:     0



******* SOURCE LINE INFORMATION ********

COMPILED SOURCE LINE:       49



******* SECTION SIZE INFORMATION *******

PROGRAM  SECTION (P):                               00000024 Byte(s)
CONSTANT SECTION (C):                               00000000 Byte(s)
DATA     SECTION (D):                               00000000 Byte(s)
BSS      SECTION (B):                               00000000 Byte(s)

TOTAL PROGRAM  SECTION: 00000024 Byte(s)
TOTAL CONSTANT SECTION: 00000000 Byte(s)
TOTAL DATA     SECTION: 00000000 Byte(s)
TOTAL BSS      SECTION: 00000000 Byte(s)

    TOTAL PROGRAM SIZE: 00000024 Byte(s)



********** LABEL INFORMATION ***********

NUMBER OF EXTERNAL REFERENCE SYMBOLS:            1
NUMBER OF EXTERNAL DEFINITION SYMBOLS:           1
NUMBER OF INTERNAL/EXTERNAL SYMBOLS:             3
*** COMMAND PARAMETER ***


  -cpu=sh3 -op=1 -en=big -me -nodebug -comment=nest -l -def=NDEBUG -i=P:\PRESTO2\SHINC,d:\home\tool\7_1_1\include,P:\PRESTO2\NORTI_12\inc prr1036.c 

