SH SERIES C/C++ Compiler (Ver. checker(2003.03.17))                                              28-May-2015 11:40:47  PAGE    1

************ OBJECT LISTING ************

FILE NAME: prr1094.c

SCT OFFSET   CODE       C LABEL     INSTRUCTION OPERAND    COMMENT

P   00000000              _pr_print_mlt_parm2_ext:         ; function: pr_print_mlt_parm2_ext
                                                           ; frame size=20
    00000000 2FB6                   MOV.L       R11,@-R15
    00000002 2FC6                   MOV.L       R12,@-R15
    00000004 2FD6                   MOV.L       R13,@-R15
    00000006 2FE6                   MOV.L       R14,@-R15
    00000008 4F22                   STS.L       PR,@-R15
    0000000A 6C43                   MOV         R4,R12
    0000000C 6450                   MOV.B       @R5,R4
    0000000E DB0D                   MOV.L       L15+2,R11  ; _ctoh
    00000010 6D53                   MOV         R5,R13
    00000012 644C                   EXTU.B      R4,R4
    00000014 65C3                   MOV         R12,R5
    00000016 4B0B                   JSR         @R11
    00000018 7504                   ADD         #4,R5
    0000001A 62D0                   MOV.B       @R13,R2
    0000001C 7C06                   ADD         #6,R12
    0000001E 7D01                   ADD         #1,R13
    00000020 A006                   BRA         L11
    00000022 6E2C                   EXTU.B      R2,R14
    00000024              L12:
    00000024 64D4                   MOV.B       @R13+,R4
    00000026 65C3                   MOV         R12,R5
    00000028 7C02                   ADD         #2,R12
    0000002A 4B0B                   JSR         @R11
    0000002C 644C                   EXTU.B      R4,R4
    0000002E 7EFF                   ADD         #-1,R14
    00000030              L11:
    00000030 2EE8                   TST         R14,R14
    00000032 8BF7                   BF          L12
    00000034 60C3                   MOV         R12,R0
    00000036 4F26                   LDS.L       @R15+,PR
    00000038 6EF6                   MOV.L       @R15+,R14
    0000003A 6DF6                   MOV.L       @R15+,R13
    0000003C 6CF6                   MOV.L       @R15+,R12
    0000003E 000B                   RTS
    00000040 6BF6                   MOV.L       @R15+,R11
    00000042              L15:
    00000042 00000002               .RES.W      1
    00000044 <00000000>             .DATA.L     _ctoh
SH SERIES C/C++ Compiler (Ver. checker(2003.03.17))                                              28-May-2015 11:40:47  PAGE    1


******** STATISTICS INFORMATION ********


********** ERROR INFORMATION ***********

NUMBER OF ERRORS:           0
NUMBER OF WARNINGS:         0
NUMBER OF INFORMATIONS:     0



******* SOURCE LINE INFORMATION ********

COMPILED SOURCE LINE:       62



******* SECTION SIZE INFORMATION *******

PROGRAM  SECTION (P):                               00000048 Byte(s)
CONSTANT SECTION (C):                               00000000 Byte(s)
DATA     SECTION (D):                               00000000 Byte(s)
BSS      SECTION (B):                               00000000 Byte(s)

TOTAL PROGRAM  SECTION: 00000048 Byte(s)
TOTAL CONSTANT SECTION: 00000000 Byte(s)
TOTAL DATA     SECTION: 00000000 Byte(s)
TOTAL BSS      SECTION: 00000000 Byte(s)

    TOTAL PROGRAM SIZE: 00000048 Byte(s)



********** LABEL INFORMATION ***********

NUMBER OF EXTERNAL REFERENCE SYMBOLS:            1
NUMBER OF EXTERNAL DEFINITION SYMBOLS:           1
NUMBER OF INTERNAL/EXTERNAL SYMBOLS:             5
*** COMMAND PARAMETER ***


  -cpu=sh3 -op=1 -en=big -me -nodebug -comment=nest -l -def=NDEBUG -i=P:\PRESTO2\SHINC,d:\home\tool\7_1_1\include,P:\PRESTO2\NORTI_12\inc prr1094.c 

