SH SERIES C/C++ Compiler (Ver. checker(2003.03.17))                                              28-May-2015 11:40:29  PAGE    1

************ OBJECT LISTING ************

FILE NAME: prr1017.c

SCT OFFSET   CODE       C LABEL     INSTRUCTION OPERAND    COMMENT

P   00000000              _pr_scan_parent_tmg:             ; function: pr_scan_parent_tmg
                                                           ; frame size=32
    00000000 2F86                   MOV.L       R8,@-R15
    00000002 2F96                   MOV.L       R9,@-R15
    00000004 2FA6                   MOV.L       R10,@-R15
    00000006 2FB6                   MOV.L       R11,@-R15
    00000008 2FC6                   MOV.L       R12,@-R15
    0000000A 2FD6                   MOV.L       R13,@-R15
    0000000C 2FE6                   MOV.L       R14,@-R15
    0000000E 4F22                   STS.L       PR,@-R15
    00000010 8444                   MOV.B       @(4,R4),R0
    00000012 E939                   MOV         #57,R9     ; H'00000039
    00000014 620C                   EXTU.B      R0,R2
    00000016 3297                   CMP/GT      R9,R2
    00000018 8B01                   BF          L12
    0000001A A001                   BRA         L13
    0000001C 72C9                   ADD         #-55,R2
    0000001E              L12:
    0000001E 72D0                   ADD         #-48,R2
    00000020              L13:
    00000020 D819                   MOV.L       L24+2,R8   ; _prr1017s
    00000022 6D43                   MOV         R4,R13
    00000024 7D05                   ADD         #5,R13
    00000026 2820                   MOV.B       R2,@R8
    00000028 A01F                   BRA         L14
    0000002A EA00                   MOV         #0,R10     ; H'00000000
    0000002C              L15:
    0000002C 62D0                   MOV.B       @R13,R2
    0000002E DB17                   MOV.L       L24+6,R11  ; H'00000001+_prr1017s
    00000030 622C                   EXTU.B      R2,R2
    00000032 3297                   CMP/GT      R9,R2
    00000034 8B01                   BF          L17
    00000036 A001                   BRA         L18
    00000038 72C9                   ADD         #-55,R2
    0000003A              L17:
    0000003A 72D0                   ADD         #-48,R2
    0000003C              L18:
    0000003C 60A3                   MOV         R10,R0
    0000003E 4000                   SHLL        R0
    00000040 30AC                   ADD         R10,R0
    00000042 0B24                   MOV.B       R2,@(R0,R11)
    00000044 3B0C                   ADD         R0,R11
    00000046 6CB3                   MOV         R11,R12
    00000048 7C01                   ADD         #1,R12
    0000004A 7D01                   ADD         #1,R13
    0000004C A008                   BRA         L19
    0000004E EE00                   MOV         #0,R14     ; H'00000000
    00000050              L20:
    00000050 D20F                   MOV.L       L24+10,R2  ; _htoc
    00000052 64D3                   MOV         R13,R4
    00000054 420B                   JSR         @R2
    00000056 7D02                   ADD         #2,R13
    00000058 6203                   MOV         R0,R2
    0000005A 60E3                   MOV         R14,R0
    0000005C 0C24                   MOV.B       R2,@(R0,R12)
    0000005E 7E01                   ADD         #1,R14
    00000060              L19:
    00000060 62B0                   MOV.B       @R11,R2
    00000062 622C                   EXTU.B      R2,R2
    00000064 3E23                   CMP/GE      R2,R14
    00000066 8BF3                   BF          L20
    00000068 7A01                   ADD         #1,R10
    0000006A              L14:
    0000006A 6280                   MOV.B       @R8,R2
    0000006C 662C                   EXTU.B      R2,R6
    0000006E 3A63                   CMP/GE      R6,R10
    00000070 8BDC                   BF          L15
    00000072 E000                   MOV         #0,R0      ; H'00000000
    00000074 4F26                   LDS.L       @R15+,PR
    00000076 6EF6                   MOV.L       @R15+,R14
    00000078 6DF6                   MOV.L       @R15+,R13
    0000007A 6CF6                   MOV.L       @R15+,R12
    0000007C 6BF6                   MOV.L       @R15+,R11
    0000007E 6AF6                   MOV.L       @R15+,R10
    00000080 69F6                   MOV.L       @R15+,R9
    00000082 000B                   RTS
    00000084 68F6                   MOV.L       @R15+,R8
    00000086              L24:
    00000086 00000002               .RES.W      1
    00000088 <00000000>             .DATA.L     _prr1017s
    0000008C <00000001>             .DATA.L     H'00000001+_prr1017s
    00000090 <00000000>             .DATA.L     _htoc
B   00000000              _prr1017s:                       ; static: prr1017s
    00000000 00000001               .RES.B      25
SH SERIES C/C++ Compiler (Ver. checker(2003.03.17))                                              28-May-2015 11:40:29  PAGE    1


******** STATISTICS INFORMATION ********


********** ERROR INFORMATION ***********

NUMBER OF ERRORS:           0
NUMBER OF WARNINGS:         0
NUMBER OF INFORMATIONS:     0



******* SOURCE LINE INFORMATION ********

COMPILED SOURCE LINE:       64



******* SECTION SIZE INFORMATION *******

PROGRAM  SECTION (P):                               00000094 Byte(s)
CONSTANT SECTION (C):                               00000000 Byte(s)
DATA     SECTION (D):                               00000000 Byte(s)
BSS      SECTION (B):                               00000019 Byte(s)

TOTAL PROGRAM  SECTION: 00000094 Byte(s)
TOTAL CONSTANT SECTION: 00000000 Byte(s)
TOTAL DATA     SECTION: 00000000 Byte(s)
TOTAL BSS      SECTION: 00000019 Byte(s)

    TOTAL PROGRAM SIZE: 000000AD Byte(s)



********** LABEL INFORMATION ***********

NUMBER OF EXTERNAL REFERENCE SYMBOLS:            1
NUMBER OF EXTERNAL DEFINITION SYMBOLS:           2
NUMBER OF INTERNAL/EXTERNAL SYMBOLS:            12
*** COMMAND PARAMETER ***


  -cpu=sh3 -op=1 -en=big -me -nodebug -comment=nest -l -def=NDEBUG -i=P:\PRESTO2\SHINC,d:\home\tool\7_1_1\include,P:\PRESTO2\NORTI_12\inc prr1017.c 

