SH SERIES C/C++ Compiler (Ver. checker(2003.03.17))                                              28-May-2015 11:40:46  PAGE    1

************ OBJECT LISTING ************

FILE NAME: prr1093.c

SCT OFFSET   CODE       C LABEL     INSTRUCTION OPERAND    COMMENT

P   00000000              _pr_scan_mlt_parm2_ext:          ; function: pr_scan_mlt_parm2_ext
                                                           ; frame size=24
    00000000 2FA6                   MOV.L       R10,@-R15
    00000002 2FB6                   MOV.L       R11,@-R15
    00000004 2FC6                   MOV.L       R12,@-R15
    00000006 2FD6                   MOV.L       R13,@-R15
    00000008 2FE6                   MOV.L       R14,@-R15
    0000000A 4F22                   STS.L       PR,@-R15
    0000000C DA0D                   MOV.L       L15+2,R10  ; _htoc
    0000000E 6E43                   MOV         R4,R14
    00000010 DC0D                   MOV.L       L15+6,R12  ; H'00000001+_prr1093s
    00000012 4A0B                   JSR         @R10
    00000014 7404                   ADD         #4,R4
    00000016 D60D                   MOV.L       L15+10,R6  ; _prr1093s
    00000018 6B0C                   EXTU.B      R0,R11
    0000001A 7E06                   ADD         #6,R14
    0000001C 2600                   MOV.B       R0,@R6
    0000001E A006                   BRA         L11
    00000020 ED00                   MOV         #0,R13     ; H'00000000
    00000022              L12:
    00000022 64E3                   MOV         R14,R4
    00000024 4A0B                   JSR         @R10
    00000026 7E02                   ADD         #2,R14
    00000028 2C00                   MOV.B       R0,@R12
    0000002A 7C01                   ADD         #1,R12
    0000002C 7D01                   ADD         #1,R13
    0000002E              L11:
    0000002E 3DB3                   CMP/GE      R11,R13
    00000030 8BF7                   BF          L12
    00000032 E000                   MOV         #0,R0      ; H'00000000
    00000034 4F26                   LDS.L       @R15+,PR
    00000036 6EF6                   MOV.L       @R15+,R14
    00000038 6DF6                   MOV.L       @R15+,R13
    0000003A 6CF6                   MOV.L       @R15+,R12
    0000003C 6BF6                   MOV.L       @R15+,R11
    0000003E 000B                   RTS
    00000040 6AF6                   MOV.L       @R15+,R10
    00000042              L15:
    00000042 00000002               .RES.W      1
    00000044 <00000000>             .DATA.L     _htoc
    00000048 <00000001>             .DATA.L     H'00000001+_prr1093s
    0000004C <00000000>             .DATA.L     _prr1093s
B   00000000              _prr1093s:                       ; static: prr1093s
    00000000 00000001               .RES.B      33
SH SERIES C/C++ Compiler (Ver. checker(2003.03.17))                                              28-May-2015 11:40:46  PAGE    1


******** STATISTICS INFORMATION ********


********** ERROR INFORMATION ***********

NUMBER OF ERRORS:           0
NUMBER OF WARNINGS:         0
NUMBER OF INFORMATIONS:     0



******* SOURCE LINE INFORMATION ********

COMPILED SOURCE LINE:       61



******* SECTION SIZE INFORMATION *******

PROGRAM  SECTION (P):                               00000050 Byte(s)
CONSTANT SECTION (C):                               00000000 Byte(s)
DATA     SECTION (D):                               00000000 Byte(s)
BSS      SECTION (B):                               00000021 Byte(s)

TOTAL PROGRAM  SECTION: 00000050 Byte(s)
TOTAL CONSTANT SECTION: 00000000 Byte(s)
TOTAL DATA     SECTION: 00000000 Byte(s)
TOTAL BSS      SECTION: 00000021 Byte(s)

    TOTAL PROGRAM SIZE: 00000071 Byte(s)



********** LABEL INFORMATION ***********

NUMBER OF EXTERNAL REFERENCE SYMBOLS:            1
NUMBER OF EXTERNAL DEFINITION SYMBOLS:           2
NUMBER OF INTERNAL/EXTERNAL SYMBOLS:             6
*** COMMAND PARAMETER ***


  -cpu=sh3 -op=1 -en=big -me -nodebug -comment=nest -l -def=NDEBUG -i=P:\PRESTO2\SHINC,d:\home\tool\7_1_1\include,P:\PRESTO2\NORTI_12\inc prr1093.c 

