SH SERIES C/C++ Compiler (Ver. checker(2003.03.17))                                              28-May-2015 11:40:38  PAGE    1

************ OBJECT LISTING ************

FILE NAME: prr2023.c

SCT OFFSET   CODE       C LABEL     INSTRUCTION OPERAND    COMMENT

P   00000000              _pr_scan_avg_parm:               ; function: pr_scan_avg_parm
                                                           ; frame size=12
    00000000 2FD6                   MOV.L       R13,@-R15
    00000002 2FE6                   MOV.L       R14,@-R15
    00000004 4F22                   STS.L       PR,@-R15
    00000006 D60A                   MOV.L       L12,R6     ; _htoc
    00000008 6E43                   MOV         R4,R14
    0000000A DD0A                   MOV.L       L12+4,R13  ; _prr2023s
    0000000C 460B                   JSR         @R6
    0000000E 7404                   ADD         #4,R4
    00000010 D607                   MOV.L       L12,R6     ; _htoc
    00000012 64E3                   MOV         R14,R4
    00000014 2D00                   MOV.B       R0,@R13
    00000016 460B                   JSR         @R6
    00000018 7406                   ADD         #6,R4
    0000001A D207                   MOV.L       L12+8,R2   ; _htoi
    0000001C 7E08                   ADD         #8,R14
    0000001E 80D1                   MOV.B       R0,@(1,R13)
    00000020 420B                   JSR         @R2
    00000022 64E3                   MOV         R14,R4
    00000024 81D1                   MOV.W       R0,@(2,R13)
    00000026 E000                   MOV         #0,R0      ; H'00000000
    00000028 4F26                   LDS.L       @R15+,PR
    0000002A 6EF6                   MOV.L       @R15+,R14
    0000002C 000B                   RTS
    0000002E 6DF6                   MOV.L       @R15+,R13
    00000030              L12:
    00000030 <00000000>             .DATA.L     _htoc
    00000034 <00000000>             .DATA.L     _prr2023s
    00000038 <00000000>             .DATA.L     _htoi
B   00000000              _prr2023s:                       ; static: prr2023s
    00000000 00000002               .RES.W      2
SH SERIES C/C++ Compiler (Ver. checker(2003.03.17))                                              28-May-2015 11:40:38  PAGE    1


******** STATISTICS INFORMATION ********


********** ERROR INFORMATION ***********

NUMBER OF ERRORS:           0
NUMBER OF WARNINGS:         0
NUMBER OF INFORMATIONS:     0



******* SOURCE LINE INFORMATION ********

COMPILED SOURCE LINE:       55



******* SECTION SIZE INFORMATION *******

PROGRAM  SECTION (P):                               0000003C Byte(s)
CONSTANT SECTION (C):                               00000000 Byte(s)
DATA     SECTION (D):                               00000000 Byte(s)
BSS      SECTION (B):                               00000004 Byte(s)

TOTAL PROGRAM  SECTION: 0000003C Byte(s)
TOTAL CONSTANT SECTION: 00000000 Byte(s)
TOTAL DATA     SECTION: 00000000 Byte(s)
TOTAL BSS      SECTION: 00000004 Byte(s)

    TOTAL PROGRAM SIZE: 00000040 Byte(s)



********** LABEL INFORMATION ***********

NUMBER OF EXTERNAL REFERENCE SYMBOLS:            2
NUMBER OF EXTERNAL DEFINITION SYMBOLS:           2
NUMBER OF INTERNAL/EXTERNAL SYMBOLS:             5
*** COMMAND PARAMETER ***


  -cpu=sh3 -op=1 -en=big -me -nodebug -comment=nest -l -def=NDEBUG -i=P:\PRESTO2\SHINC,d:\home\tool\7_1_1\include,P:\PRESTO2\NORTI_12\inc prr2023.c 

