SH SERIES C/C++ Compiler (Ver. checker(2003.03.17))                                              28-May-2015 11:41:00  PAGE    1

************ OBJECT LISTING ************

FILE NAME: prr2005.c

SCT OFFSET   CODE       C LABEL     INSTRUCTION OPERAND    COMMENT

P   00000000              _pr_scan_max_df_weight:          ; function: pr_scan_max_df_weight
                                                           ; frame size=20
    00000000 2FB6                   MOV.L       R11,@-R15
    00000002 2FC6                   MOV.L       R12,@-R15
    00000004 2FD6                   MOV.L       R13,@-R15
    00000006 2FE6                   MOV.L       R14,@-R15
    00000008 4F22                   STS.L       PR,@-R15
    0000000A D20E                   MOV.L       L15+2,R2   ; _htoc
    0000000C 6D43                   MOV         R4,R13
    0000000E DB0E                   MOV.L       L15+6,R11  ; _prr2005s
    00000010 420B                   JSR         @R2
    00000012 7404                   ADD         #4,R4
    00000014 2B00                   MOV.B       R0,@R11
    00000016 7D06                   ADD         #6,R13
    00000018 DC0C                   MOV.L       L15+10,R12 ; H'00000002+_prr2005s
    0000001A A007                   BRA         L11
    0000001C EE00                   MOV         #0,R14     ; H'00000000
    0000001E              L12:
    0000001E D20C                   MOV.L       L15+14,R2  ; _htoi
    00000020 64D3                   MOV         R13,R4
    00000022 420B                   JSR         @R2
    00000024 7D04                   ADD         #4,R13
    00000026 2C01                   MOV.W       R0,@R12
    00000028 7C02                   ADD         #2,R12
    0000002A 7E01                   ADD         #1,R14
    0000002C              L11:
    0000002C 62B0                   MOV.B       @R11,R2
    0000002E 662C                   EXTU.B      R2,R6
    00000030 3E63                   CMP/GE      R6,R14
    00000032 8BF4                   BF          L12
    00000034 E000                   MOV         #0,R0      ; H'00000000
    00000036 4F26                   LDS.L       @R15+,PR
    00000038 6EF6                   MOV.L       @R15+,R14
    0000003A 6DF6                   MOV.L       @R15+,R13
    0000003C 6CF6                   MOV.L       @R15+,R12
    0000003E 000B                   RTS
    00000040 6BF6                   MOV.L       @R15+,R11
    00000042              L15:
    00000042 00000002               .RES.W      1
    00000044 <00000000>             .DATA.L     _htoc
    00000048 <00000000>             .DATA.L     _prr2005s
    0000004C <00000002>             .DATA.L     H'00000002+_prr2005s
    00000050 <00000000>             .DATA.L     _htoi
B   00000000              _prr2005s:                       ; static: prr2005s
    00000000 00000002               .RES.W      9
SH SERIES C/C++ Compiler (Ver. checker(2003.03.17))                                              28-May-2015 11:41:00  PAGE    1


******** STATISTICS INFORMATION ********


********** ERROR INFORMATION ***********

NUMBER OF ERRORS:           0
NUMBER OF WARNINGS:         0
NUMBER OF INFORMATIONS:     0



******* SOURCE LINE INFORMATION ********

COMPILED SOURCE LINE:       57



******* SECTION SIZE INFORMATION *******

PROGRAM  SECTION (P):                               00000054 Byte(s)
CONSTANT SECTION (C):                               00000000 Byte(s)
DATA     SECTION (D):                               00000000 Byte(s)
BSS      SECTION (B):                               00000012 Byte(s)

TOTAL PROGRAM  SECTION: 00000054 Byte(s)
TOTAL CONSTANT SECTION: 00000000 Byte(s)
TOTAL DATA     SECTION: 00000000 Byte(s)
TOTAL BSS      SECTION: 00000012 Byte(s)

    TOTAL PROGRAM SIZE: 00000066 Byte(s)



********** LABEL INFORMATION ***********

NUMBER OF EXTERNAL REFERENCE SYMBOLS:            2
NUMBER OF EXTERNAL DEFINITION SYMBOLS:           2
NUMBER OF INTERNAL/EXTERNAL SYMBOLS:             7
*** COMMAND PARAMETER ***


  -cpu=sh3 -op=1 -en=big -me -nodebug -comment=nest -l -def=NDEBUG -i=P:\PRESTO2\SHINC,d:\home\tool\7_1_1\include,P:\PRESTO2\NORTI_12\inc prr2005.c 

