SH SERIES C/C++ Compiler (Ver. checker(2003.03.17))                                              28-May-2015 11:41:01  PAGE    1

************ OBJECT LISTING ************

FILE NAME: prr2006.c

SCT OFFSET   CODE       C LABEL     INSTRUCTION OPERAND    COMMENT

P   00000000              _pr_print_max_df_weight:         ; function: pr_print_max_df_weight
                                                           ; frame size=20
    00000000 2FB6                   MOV.L       R11,@-R15
    00000002 2FC6                   MOV.L       R12,@-R15
    00000004 2FD6                   MOV.L       R13,@-R15
    00000006 2FE6                   MOV.L       R14,@-R15
    00000008 4F22                   STS.L       PR,@-R15
    0000000A 7404                   ADD         #4,R4
    0000000C D20E                   MOV.L       L15,R2     ; _ctoh
    0000000E 6C43                   MOV         R4,R12
    00000010 6450                   MOV.B       @R5,R4
    00000012 6B53                   MOV         R5,R11
    00000014 65C3                   MOV         R12,R5
    00000016 644C                   EXTU.B      R4,R4
    00000018 420B                   JSR         @R2
    0000001A 6DB3                   MOV         R11,R13
    0000001C 7C02                   ADD         #2,R12
    0000001E 7D02                   ADD         #2,R13
    00000020 A007                   BRA         L11
    00000022 EE00                   MOV         #0,R14     ; H'00000000
    00000024              L12:
    00000024 64D5                   MOV.W       @R13+,R4
    00000026 65C3                   MOV         R12,R5
    00000028 D208                   MOV.L       L15+4,R2   ; _itoh
    0000002A 7C04                   ADD         #4,R12
    0000002C 420B                   JSR         @R2
    0000002E 644D                   EXTU.W      R4,R4
    00000030 7E01                   ADD         #1,R14
    00000032              L11:
    00000032 62B0                   MOV.B       @R11,R2
    00000034 622C                   EXTU.B      R2,R2
    00000036 3E23                   CMP/GE      R2,R14
    00000038 8BF4                   BF          L12
    0000003A 60C3                   MOV         R12,R0
    0000003C 4F26                   LDS.L       @R15+,PR
    0000003E 6EF6                   MOV.L       @R15+,R14
    00000040 6DF6                   MOV.L       @R15+,R13
    00000042 6CF6                   MOV.L       @R15+,R12
    00000044 000B                   RTS
    00000046 6BF6                   MOV.L       @R15+,R11
    00000048              L15:
    00000048 <00000000>             .DATA.L     _ctoh
    0000004C <00000000>             .DATA.L     _itoh
SH SERIES C/C++ Compiler (Ver. checker(2003.03.17))                                              28-May-2015 11:41:01  PAGE    1


******** STATISTICS INFORMATION ********


********** ERROR INFORMATION ***********

NUMBER OF ERRORS:           0
NUMBER OF WARNINGS:         0
NUMBER OF INFORMATIONS:     0



******* SOURCE LINE INFORMATION ********

COMPILED SOURCE LINE:       58



******* SECTION SIZE INFORMATION *******

PROGRAM  SECTION (P):                               00000050 Byte(s)
CONSTANT SECTION (C):                               00000000 Byte(s)
DATA     SECTION (D):                               00000000 Byte(s)
BSS      SECTION (B):                               00000000 Byte(s)

TOTAL PROGRAM  SECTION: 00000050 Byte(s)
TOTAL CONSTANT SECTION: 00000000 Byte(s)
TOTAL DATA     SECTION: 00000000 Byte(s)
TOTAL BSS      SECTION: 00000000 Byte(s)

    TOTAL PROGRAM SIZE: 00000050 Byte(s)



********** LABEL INFORMATION ***********

NUMBER OF EXTERNAL REFERENCE SYMBOLS:            2
NUMBER OF EXTERNAL DEFINITION SYMBOLS:           1
NUMBER OF INTERNAL/EXTERNAL SYMBOLS:             6
*** COMMAND PARAMETER ***


  -cpu=sh3 -op=1 -en=big -me -nodebug -comment=nest -l -def=NDEBUG -i=P:\PRESTO2\SHINC,d:\home\tool\7_1_1\include,P:\PRESTO2\NORTI_12\inc prr2006.c 

