SH SERIES C/C++ Compiler (Ver. checker(2003.03.17))                                              28-May-2015 11:40:32  PAGE    1

************ OBJECT LISTING ************

FILE NAME: prr3012.c

SCT OFFSET   CODE       C LABEL     INSTRUCTION OPERAND    COMMENT

P   00000000              _pr_print_max_scale:             ; function: pr_print_max_scale
                                                           ; frame size=0
    00000000 6250                   MOV.B       @R5,R2
    00000002 E309                   MOV         #9,R3      ; H'00000009
    00000004 622C                   EXTU.B      R2,R2
    00000006 3237                   CMP/GT      R3,R2
    00000008 8B01                   BF          L12
    0000000A A001                   BRA         L13
    0000000C 7237                   ADD         #55,R2
    0000000E              L12:
    0000000E 7230                   ADD         #48,R2
    00000010              L13:
    00000010 6023                   MOV         R2,R0
    00000012 8044                   MOV.B       R0,@(4,R4)
    00000014 7405                   ADD         #5,R4
    00000016 000B                   RTS
    00000018 6043                   MOV         R4,R0
SH SERIES C/C++ Compiler (Ver. checker(2003.03.17))                                              28-May-2015 11:40:32  PAGE    1


******** STATISTICS INFORMATION ********


********** ERROR INFORMATION ***********

NUMBER OF ERRORS:           0
NUMBER OF WARNINGS:         0
NUMBER OF INFORMATIONS:     0



******* SOURCE LINE INFORMATION ********

COMPILED SOURCE LINE:       52



******* SECTION SIZE INFORMATION *******

PROGRAM  SECTION (P):                               0000001A Byte(s)
CONSTANT SECTION (C):                               00000000 Byte(s)
DATA     SECTION (D):                               00000000 Byte(s)
BSS      SECTION (B):                               00000000 Byte(s)

TOTAL PROGRAM  SECTION: 0000001A Byte(s)
TOTAL CONSTANT SECTION: 00000000 Byte(s)
TOTAL DATA     SECTION: 00000000 Byte(s)
TOTAL BSS      SECTION: 00000000 Byte(s)

    TOTAL PROGRAM SIZE: 0000001A Byte(s)



********** LABEL INFORMATION ***********

NUMBER OF EXTERNAL REFERENCE SYMBOLS:            0
NUMBER OF EXTERNAL DEFINITION SYMBOLS:           1
NUMBER OF INTERNAL/EXTERNAL SYMBOLS:             3
*** COMMAND PARAMETER ***


  -cpu=sh3 -op=1 -en=big -me -nodebug -comment=nest -l -def=NDEBUG -i=P:\PRESTO2\SHINC,d:\home\tool\7_1_1\include,P:\PRESTO2\NORTI_12\inc prr3012.c 

