SH SERIES C/C++ Compiler (Ver. checker(2003.03.17))                                              28-May-2015 11:40:32  PAGE    1

************ OBJECT LISTING ************

FILE NAME: prr4023.c

SCT OFFSET   CODE       C LABEL     INSTRUCTION OPERAND    COMMENT

P   00000000              _pr_scan_sample_size:            ; function: pr_scan_sample_size
                                                           ; frame size=8
    00000000 2FE6                   MOV.L       R14,@-R15
    00000002 4F22                   STS.L       PR,@-R15
    00000004 D207                   MOV.L       L12,R2     ; _htoi
    00000006 6E43                   MOV         R4,R14
    00000008 420B                   JSR         @R2
    0000000A 7404                   ADD         #4,R4
    0000000C D606                   MOV.L       L12+4,R6   ; _prr4023s
    0000000E 7E08                   ADD         #8,R14
    00000010 D206                   MOV.L       L12+8,R2   ; _htoc
    00000012 64E3                   MOV         R14,R4
    00000014 420B                   JSR         @R2
    00000016 2601                   MOV.W       R0,@R6
    00000018 D603                   MOV.L       L12+4,R6   ; _prr4023s
    0000001A 8062                   MOV.B       R0,@(2,R6)
    0000001C E000                   MOV         #0,R0      ; H'00000000
    0000001E 4F26                   LDS.L       @R15+,PR
    00000020 000B                   RTS
    00000022 6EF6                   MOV.L       @R15+,R14
    00000024              L12:
    00000024 <00000000>             .DATA.L     _htoi
    00000028 <00000000>             .DATA.L     _prr4023s
    0000002C <00000000>             .DATA.L     _htoc
B   00000000              _prr4023s:                       ; static: prr4023s
    00000000 00000002               .RES.W      2
SH SERIES C/C++ Compiler (Ver. checker(2003.03.17))                                              28-May-2015 11:40:32  PAGE    1


******** STATISTICS INFORMATION ********


********** ERROR INFORMATION ***********

NUMBER OF ERRORS:           0
NUMBER OF WARNINGS:         0
NUMBER OF INFORMATIONS:     0



******* SOURCE LINE INFORMATION ********

COMPILED SOURCE LINE:       54



******* SECTION SIZE INFORMATION *******

PROGRAM  SECTION (P):                               00000030 Byte(s)
CONSTANT SECTION (C):                               00000000 Byte(s)
DATA     SECTION (D):                               00000000 Byte(s)
BSS      SECTION (B):                               00000004 Byte(s)

TOTAL PROGRAM  SECTION: 00000030 Byte(s)
TOTAL CONSTANT SECTION: 00000000 Byte(s)
TOTAL DATA     SECTION: 00000000 Byte(s)
TOTAL BSS      SECTION: 00000004 Byte(s)

    TOTAL PROGRAM SIZE: 00000034 Byte(s)



********** LABEL INFORMATION ***********

NUMBER OF EXTERNAL REFERENCE SYMBOLS:            2
NUMBER OF EXTERNAL DEFINITION SYMBOLS:           2
NUMBER OF INTERNAL/EXTERNAL SYMBOLS:             5
*** COMMAND PARAMETER ***


  -cpu=sh3 -op=1 -en=big -me -nodebug -comment=nest -l -def=NDEBUG -i=P:\PRESTO2\SHINC,d:\home\tool\7_1_1\include,P:\PRESTO2\NORTI_12\inc prr4023.c 

