SH SERIES C/C++ Compiler (Ver. checker(2003.03.17))                                              28-May-2015 11:40:51  PAGE    1

************ OBJECT LISTING ************

FILE NAME: prr5023.c

SCT OFFSET   CODE       C LABEL     INSTRUCTION OPERAND    COMMENT

P   00000000              _pr_scan_ext_tgt:                ; function: pr_scan_ext_tgt
                                                           ; frame size=36
    00000000 2F86                   MOV.L       R8,@-R15
    00000002 2F96                   MOV.L       R9,@-R15
    00000004 2FA6                   MOV.L       R10,@-R15
    00000006 2FB6                   MOV.L       R11,@-R15
    00000008 2FC6                   MOV.L       R12,@-R15
    0000000A 2FD6                   MOV.L       R13,@-R15
    0000000C 2FE6                   MOV.L       R14,@-R15
    0000000E 4F22                   STS.L       PR,@-R15
    00000010 7FFC                   ADD         #-4,R15
    00000012 8444                   MOV.B       @(4,R4),R0
    00000014 E639                   MOV         #57,R6     ; H'00000039
    00000016 620C                   EXTU.B      R0,R2
    00000018 3267                   CMP/GT      R6,R2
    0000001A 8B01                   BF          L12
    0000001C A001                   BRA         L13
    0000001E 72C9                   ADD         #-55,R2
    00000020              L12:
    00000020 72D0                   ADD         #-48,R2
    00000022              L13:
    00000022 D91F                   MOV.L       L18+2,R9   ; H'00000004+_prr5023s
    00000024 6C43                   MOV         R4,R12
    00000026 D71F                   MOV.L       L18+6,R7   ; _prr5023s
    00000028 7C05                   ADD         #5,R12
    0000002A 6593                   MOV         R9,R5
    0000002C 750A                   ADD         #10,R5
    0000002E 6893                   MOV         R9,R8
    00000030 6A93                   MOV         R9,R10
    00000032 2720                   MOV.B       R2,@R7
    00000034 7808                   ADD         #8,R8
    00000036 2F52                   MOV.L       R5,@R15
    00000038 7A04                   ADD         #4,R10
    0000003A A020                   BRA         L14
    0000003C EB00                   MOV         #0,R11     ; H'00000000
    0000003E              L15:
    0000003E DD1A                   MOV.L       L18+10,R13 ; _htol
    00000040 4D0B                   JSR         @R13
    00000042 64C3                   MOV         R12,R4
    00000044 6603                   MOV         R0,R6
    00000046 60B3                   MOV         R11,R0
    00000048 4000                   SHLL        R0
    0000004A 64C3                   MOV         R12,R4
    0000004C 30BC                   ADD         R11,R0
    0000004E 4008                   SHLL2       R0
    00000050 0966                   MOV.L       R6,@(R0,R9)
    00000052 7408                   ADD         #8,R4
    00000054 6E03                   MOV         R0,R14
    00000056 4D0B                   JSR         @R13
    00000058 7B01                   ADD         #1,R11
    0000005A DD14                   MOV.L       L18+14,R13 ; _htoi
    0000005C 6203                   MOV         R0,R2
    0000005E 60E3                   MOV         R14,R0
    00000060 0A26                   MOV.L       R2,@(R0,R10)
    00000062 64C3                   MOV         R12,R4
    00000064 4D0B                   JSR         @R13
    00000066 7410                   ADD         #16,R4
    00000068 6203                   MOV         R0,R2
    0000006A 60E3                   MOV         R14,R0
    0000006C 0825                   MOV.W       R2,@(R0,R8)
    0000006E 64C3                   MOV         R12,R4
    00000070 4D0B                   JSR         @R13
    00000072 7414                   ADD         #20,R4
    00000074 65F2                   MOV.L       @R15,R5
    00000076 6203                   MOV         R0,R2
    00000078 60E3                   MOV         R14,R0
    0000007A 7C18                   ADD         #24,R12
    0000007C 0525                   MOV.W       R2,@(R0,R5)
    0000007E              L14:
    0000007E D709                   MOV.L       L18+6,R7   ; _prr5023s
    00000080 6670                   MOV.B       @R7,R6
    00000082 626C                   EXTU.B      R6,R2
    00000084 3B23                   CMP/GE      R2,R11
    00000086 8BDA                   BF          L15
    00000088 E000                   MOV         #0,R0      ; H'00000000
    0000008A 7F04                   ADD         #4,R15
    0000008C 4F26                   LDS.L       @R15+,PR
    0000008E 6EF6                   MOV.L       @R15+,R14
    00000090 6DF6                   MOV.L       @R15+,R13
    00000092 6CF6                   MOV.L       @R15+,R12
    00000094 6BF6                   MOV.L       @R15+,R11
    00000096 6AF6                   MOV.L       @R15+,R10
    00000098 69F6                   MOV.L       @R15+,R9
    0000009A 000B                   RTS
    0000009C 68F6                   MOV.L       @R15+,R8
    0000009E              L18:
    0000009E 00000002               .RES.W      1
    000000A0 <00000004>             .DATA.L     H'00000004+_prr5023s
    000000A4 <00000000>             .DATA.L     _prr5023s
    000000A8 <00000000>             .DATA.L     _htol
    000000AC <00000000>             .DATA.L     _htoi
B   00000000              _prr5023s:                       ; static: prr5023s
    00000000 00000004               .RES.L      25
SH SERIES C/C++ Compiler (Ver. checker(2003.03.17))                                              28-May-2015 11:40:51  PAGE    1


******** STATISTICS INFORMATION ********


********** ERROR INFORMATION ***********

NUMBER OF ERRORS:           0
NUMBER OF WARNINGS:         0
NUMBER OF INFORMATIONS:     0



******* SOURCE LINE INFORMATION ********

COMPILED SOURCE LINE:       65



******* SECTION SIZE INFORMATION *******

PROGRAM  SECTION (P):                               000000B0 Byte(s)
CONSTANT SECTION (C):                               00000000 Byte(s)
DATA     SECTION (D):                               00000000 Byte(s)
BSS      SECTION (B):                               00000064 Byte(s)

TOTAL PROGRAM  SECTION: 000000B0 Byte(s)
TOTAL CONSTANT SECTION: 00000000 Byte(s)
TOTAL DATA     SECTION: 00000000 Byte(s)
TOTAL BSS      SECTION: 00000064 Byte(s)

    TOTAL PROGRAM SIZE: 00000114 Byte(s)



********** LABEL INFORMATION ***********

NUMBER OF EXTERNAL REFERENCE SYMBOLS:            2
NUMBER OF EXTERNAL DEFINITION SYMBOLS:           2
NUMBER OF INTERNAL/EXTERNAL SYMBOLS:             9
*** COMMAND PARAMETER ***


  -cpu=sh3 -op=1 -en=big -me -nodebug -comment=nest -l -def=NDEBUG -i=P:\PRESTO2\SHINC,d:\home\tool\7_1_1\include,P:\PRESTO2\NORTI_12\inc prr5023.c 

