SH SERIES C/C++ Compiler (Ver. checker(2003.03.17))                                              28-May-2015 11:40:52  PAGE    1

************ OBJECT LISTING ************

FILE NAME: prr5024.c

SCT OFFSET   CODE       C LABEL     INSTRUCTION OPERAND    COMMENT

P   00000000              _pr_print_ext_tgt:               ; function: pr_print_ext_tgt
                                                           ; frame size=24
    00000000 2FA6                   MOV.L       R10,@-R15
    00000002 2FB6                   MOV.L       R11,@-R15
    00000004 2FC6                   MOV.L       R12,@-R15
    00000006 2FD6                   MOV.L       R13,@-R15
    00000008 2FE6                   MOV.L       R14,@-R15
    0000000A 4F22                   STS.L       PR,@-R15
    0000000C 6250                   MOV.B       @R5,R2
    0000000E E309                   MOV         #9,R3      ; H'00000009
    00000010 6A53                   MOV         R5,R10
    00000012 622C                   EXTU.B      R2,R2
    00000014 3237                   CMP/GT      R3,R2
    00000016 8F02                   BF/S        L12
    00000018 6E43                   MOV         R4,R14
    0000001A A001                   BRA         L13
    0000001C 7237                   ADD         #55,R2
    0000001E              L12:
    0000001E 7230                   ADD         #48,R2
    00000020              L13:
    00000020 6023                   MOV         R2,R0
    00000022 80E4                   MOV.B       R0,@(4,R14)
    00000024 6CA3                   MOV         R10,R12
    00000026 7E05                   ADD         #5,R14
    00000028 7C04                   ADD         #4,R12
    0000002A A016                   BRA         L14
    0000002C EB00                   MOV         #0,R11     ; H'00000000
    0000002E              L15:
    0000002E 64C2                   MOV.L       @R12,R4
    00000030 65E3                   MOV         R14,R5
    00000032 DD10                   MOV.L       L18+2,R13  ; _ltoh
    00000034 7E08                   ADD         #8,R14
    00000036 4D0B                   JSR         @R13
    00000038 7B01                   ADD         #1,R11
    0000003A 54C1                   MOV.L       @(4,R12),R4
    0000003C 65E3                   MOV         R14,R5
    0000003E 4D0B                   JSR         @R13
    00000040 7E08                   ADD         #8,R14
    00000042 85C4                   MOV.W       @(8,R12),R0
    00000044 65E3                   MOV         R14,R5
    00000046 DD0C                   MOV.L       L18+6,R13  ; _itoh
    00000048 7E04                   ADD         #4,R14
    0000004A 4D0B                   JSR         @R13
    0000004C 640D                   EXTU.W      R0,R4
    0000004E 85C5                   MOV.W       @(10,R12),R0
    00000050 65E3                   MOV         R14,R5
    00000052 7C0C                   ADD         #12,R12
    00000054 4D0B                   JSR         @R13
    00000056 640D                   EXTU.W      R0,R4
    00000058 7E04                   ADD         #4,R14
    0000005A              L14:
    0000005A 62A0                   MOV.B       @R10,R2
    0000005C 622C                   EXTU.B      R2,R2
    0000005E 3B23                   CMP/GE      R2,R11
    00000060 8BE5                   BF          L15
    00000062 60E3                   MOV         R14,R0
    00000064 4F26                   LDS.L       @R15+,PR
    00000066 6EF6                   MOV.L       @R15+,R14
    00000068 6DF6                   MOV.L       @R15+,R13
    0000006A 6CF6                   MOV.L       @R15+,R12
    0000006C 6BF6                   MOV.L       @R15+,R11
    0000006E 000B                   RTS
    00000070 6AF6                   MOV.L       @R15+,R10
    00000072              L18:
    00000072 00000002               .RES.W      1
    00000074 <00000000>             .DATA.L     _ltoh
    00000078 <00000000>             .DATA.L     _itoh
SH SERIES C/C++ Compiler (Ver. checker(2003.03.17))                                              28-May-2015 11:40:52  PAGE    1


******** STATISTICS INFORMATION ********


********** ERROR INFORMATION ***********

NUMBER OF ERRORS:           0
NUMBER OF WARNINGS:         0
NUMBER OF INFORMATIONS:     0



******* SOURCE LINE INFORMATION ********

COMPILED SOURCE LINE:       68



******* SECTION SIZE INFORMATION *******

PROGRAM  SECTION (P):                               0000007C Byte(s)
CONSTANT SECTION (C):                               00000000 Byte(s)
DATA     SECTION (D):                               00000000 Byte(s)
BSS      SECTION (B):                               00000000 Byte(s)

TOTAL PROGRAM  SECTION: 0000007C Byte(s)
TOTAL CONSTANT SECTION: 00000000 Byte(s)
TOTAL DATA     SECTION: 00000000 Byte(s)
TOTAL BSS      SECTION: 00000000 Byte(s)

    TOTAL PROGRAM SIZE: 0000007C Byte(s)



********** LABEL INFORMATION ***********

NUMBER OF EXTERNAL REFERENCE SYMBOLS:            2
NUMBER OF EXTERNAL DEFINITION SYMBOLS:           1
NUMBER OF INTERNAL/EXTERNAL SYMBOLS:             8
*** COMMAND PARAMETER ***


  -cpu=sh3 -op=1 -en=big -me -nodebug -comment=nest -l -def=NDEBUG -i=P:\PRESTO2\SHINC,d:\home\tool\7_1_1\include,P:\PRESTO2\NORTI_12\inc prr5024.c 

