SH SERIES C/C++ Compiler (Ver. checker(2003.03.17))                                              28-May-2015 11:40:35  PAGE    1

************ OBJECT LISTING ************

FILE NAME: prr6024.c

SCT OFFSET   CODE       C LABEL     INSTRUCTION OPERAND    COMMENT

P   00000000              _pr_print_semi_auto:             ; function: pr_print_semi_auto
                                                           ; frame size=12
    00000000 2FC6                   MOV.L       R12,@-R15
    00000002 2FD6                   MOV.L       R13,@-R15
    00000004 2FE6                   MOV.L       R14,@-R15
    00000006 6250                   MOV.B       @R5,R2
    00000008 E109                   MOV         #9,R1      ; H'00000009
    0000000A 622C                   EXTU.B      R2,R2
    0000000C 3217                   CMP/GT      R1,R2
    0000000E 8F02                   BF/S        L12
    00000010 6E53                   MOV         R5,R14
    00000012 A001                   BRA         L13
    00000014 7237                   ADD         #55,R2
    00000016              L12:
    00000016 7230                   ADD         #48,R2
    00000018              L13:
    00000018 6023                   MOV         R2,R0
    0000001A 8044                   MOV.B       R0,@(4,R4)
    0000001C 52E1                   MOV.L       @(4,R14),R2
    0000001E 3217                   CMP/GT      R1,R2
    00000020 8B01                   BF          L15
    00000022 A001                   BRA         L16
    00000024 7237                   ADD         #55,R2
    00000026              L15:
    00000026 7230                   ADD         #48,R2
    00000028              L16:
    00000028 6023                   MOV         R2,R0
    0000002A 8045                   MOV.B       R0,@(5,R4)
    0000002C 52E2                   MOV.L       @(8,R14),R2
    0000002E 3217                   CMP/GT      R1,R2
    00000030 8B01                   BF          L18
    00000032 A001                   BRA         L19
    00000034 7237                   ADD         #55,R2
    00000036              L18:
    00000036 7230                   ADD         #48,R2
    00000038              L19:
    00000038 6023                   MOV         R2,R0
    0000003A 8046                   MOV.B       R0,@(6,R4)
    0000003C 84EC                   MOV.B       @(12,R14),R0
    0000003E 620C                   EXTU.B      R0,R2
    00000040 3217                   CMP/GT      R1,R2
    00000042 8B01                   BF          L21
    00000044 A001                   BRA         L22
    00000046 7237                   ADD         #55,R2
    00000048              L21:
    00000048 7230                   ADD         #48,R2
    0000004A              L22:
    0000004A 6023                   MOV         R2,R0
    0000004C 8047                   MOV.B       R0,@(7,R4)
    0000004E 7408                   ADD         #8,R4
    00000050 6CE3                   MOV         R14,R12
    00000052 6DE3                   MOV         R14,R13
    00000054 6543                   MOV         R4,R5
    00000056 7C10                   ADD         #16,R12
    00000058 7D14                   ADD         #20,R13
    0000005A A022                   BRA         L23
    0000005C E700                   MOV         #0,R7      ; H'00000000
    0000005E              L24:
    0000005E 6073                   MOV         R7,R0
    00000060 4000                   SHLL        R0
    00000062 307C                   ADD         R7,R0
    00000064 4008                   SHLL2       R0
    00000066 02CE                   MOV.L       @(R0,R12),R2
    00000068 3217                   CMP/GT      R1,R2
    0000006A 8F02                   BF/S        L26
    0000006C 6403                   MOV         R0,R4
    0000006E A001                   BRA         L27
    00000070 7237                   ADD         #55,R2
    00000072              L26:
    00000072 7230                   ADD         #48,R2
    00000074              L27:
    00000074 2520                   MOV.B       R2,@R5
    00000076 6043                   MOV         R4,R0
    00000078 02DE                   MOV.L       @(R0,R13),R2
    0000007A 3217                   CMP/GT      R1,R2
    0000007C 8F02                   BF/S        L29
    0000007E 7501                   ADD         #1,R5
    00000080 A001                   BRA         L30
    00000082 7237                   ADD         #55,R2
    00000084              L29:
    00000084 7230                   ADD         #48,R2
    00000086              L30:
    00000086 2520                   MOV.B       R2,@R5
    00000088 62E3                   MOV         R14,R2
    0000008A 7218                   ADD         #24,R2
    0000008C 6043                   MOV         R4,R0
    0000008E 062E                   MOV.L       @(R0,R2),R6
    00000090 3617                   CMP/GT      R1,R6
    00000092 8F02                   BF/S        L32
    00000094 7501                   ADD         #1,R5
    00000096 A001                   BRA         L33
    00000098 7637                   ADD         #55,R6
    0000009A              L32:
    0000009A 7630                   ADD         #48,R6
    0000009C              L33:
    0000009C 2560                   MOV.B       R6,@R5
    0000009E 7501                   ADD         #1,R5
    000000A0 7701                   ADD         #1,R7
    000000A2              L23:
    000000A2 84EC                   MOV.B       @(12,R14),R0
    000000A4 620C                   EXTU.B      R0,R2
    000000A6 3723                   CMP/GE      R2,R7
    000000A8 8BD9                   BF          L24
    000000AA 6053                   MOV         R5,R0
    000000AC 6EF6                   MOV.L       @R15+,R14
    000000AE 6DF6                   MOV.L       @R15+,R13
    000000B0 000B                   RTS
    000000B2 6CF6                   MOV.L       @R15+,R12
SH SERIES C/C++ Compiler (Ver. checker(2003.03.17))                                              28-May-2015 11:40:35  PAGE    1


******** STATISTICS INFORMATION ********


********** ERROR INFORMATION ***********

NUMBER OF ERRORS:           0
NUMBER OF WARNINGS:         0
NUMBER OF INFORMATIONS:     0



******* SOURCE LINE INFORMATION ********

COMPILED SOURCE LINE:       68



******* SECTION SIZE INFORMATION *******

PROGRAM  SECTION (P):                               000000B4 Byte(s)
CONSTANT SECTION (C):                               00000000 Byte(s)
DATA     SECTION (D):                               00000000 Byte(s)
BSS      SECTION (B):                               00000000 Byte(s)

TOTAL PROGRAM  SECTION: 000000B4 Byte(s)
TOTAL CONSTANT SECTION: 00000000 Byte(s)
TOTAL DATA     SECTION: 00000000 Byte(s)
TOTAL BSS      SECTION: 00000000 Byte(s)

    TOTAL PROGRAM SIZE: 000000B4 Byte(s)



********** LABEL INFORMATION ***********

NUMBER OF EXTERNAL REFERENCE SYMBOLS:            0
NUMBER OF EXTERNAL DEFINITION SYMBOLS:           1
NUMBER OF INTERNAL/EXTERNAL SYMBOLS:            17
*** COMMAND PARAMETER ***


  -cpu=sh3 -op=1 -en=big -me -nodebug -comment=nest -l -def=NDEBUG -i=P:\PRESTO2\SHINC,d:\home\tool\7_1_1\include,P:\PRESTO2\NORTI_12\inc prr6024.c 

