SH SERIES C/C++ Compiler (Ver. checker(2003.03.17))                                              28-May-2015 11:40:34  PAGE    1

************ OBJECT LISTING ************

FILE NAME: prr6023.c

SCT OFFSET   CODE       C LABEL     INSTRUCTION OPERAND    COMMENT

P   00000000              _pr_scan_semi_auto:              ; function: pr_scan_semi_auto
                                                           ; frame size=16
    00000000 2FB6                   MOV.L       R11,@-R15
    00000002 2FC6                   MOV.L       R12,@-R15
    00000004 2FD6                   MOV.L       R13,@-R15
    00000006 2FE6                   MOV.L       R14,@-R15
    00000008 8444                   MOV.B       @(4,R4),R0
    0000000A EB39                   MOV         #57,R11    ; H'00000039
    0000000C 620C                   EXTU.B      R0,R2
    0000000E 32B7                   CMP/GT      R11,R2
    00000010 8B01                   BF          L12
    00000012 A001                   BRA         L13
    00000014 72C9                   ADD         #-55,R2
    00000016              L12:
    00000016 72D0                   ADD         #-48,R2
    00000018              L13:
    00000018 D12A                   MOV.L       L36,R1     ; _prr6023s
    0000001A 2120                   MOV.B       R2,@R1
    0000001C 8445                   MOV.B       @(5,R4),R0
    0000001E 620C                   EXTU.B      R0,R2
    00000020 32B7                   CMP/GT      R11,R2
    00000022 8B01                   BF          L15
    00000024 A001                   BRA         L16
    00000026 72C9                   ADD         #-55,R2
    00000028              L15:
    00000028 72D0                   ADD         #-48,R2
    0000002A              L16:
    0000002A 622C                   EXTU.B      R2,R2
    0000002C 1121                   MOV.L       R2,@(4,R1)
    0000002E 8446                   MOV.B       @(6,R4),R0
    00000030 620C                   EXTU.B      R0,R2
    00000032 32B7                   CMP/GT      R11,R2
    00000034 8B01                   BF          L18
    00000036 A001                   BRA         L19
    00000038 72C9                   ADD         #-55,R2
    0000003A              L18:
    0000003A 72D0                   ADD         #-48,R2
    0000003C              L19:
    0000003C 622C                   EXTU.B      R2,R2
    0000003E 1122                   MOV.L       R2,@(8,R1)
    00000040 8447                   MOV.B       @(7,R4),R0
    00000042 620C                   EXTU.B      R0,R2
    00000044 32B7                   CMP/GT      R11,R2
    00000046 8B01                   BF          L21
    00000048 A001                   BRA         L22
    0000004A 72C9                   ADD         #-55,R2
    0000004C              L21:
    0000004C 72D0                   ADD         #-48,R2
    0000004E              L22:
    0000004E DC1E                   MOV.L       L36+4,R12  ; H'00000010+_prr6023s
    00000050 7408                   ADD         #8,R4
    00000052 6023                   MOV         R2,R0
    00000054 801C                   MOV.B       R0,@(12,R1)
    00000056 6DC3                   MOV         R12,R13
    00000058 6EC3                   MOV         R12,R14
    0000005A 6543                   MOV         R4,R5
    0000005C 7D04                   ADD         #4,R13
    0000005E 7E08                   ADD         #8,R14
    00000060 A026                   BRA         L23
    00000062 E700                   MOV         #0,R7      ; H'00000000
    00000064              L24:
    00000064 6250                   MOV.B       @R5,R2
    00000066 622C                   EXTU.B      R2,R2
    00000068 32B7                   CMP/GT      R11,R2
    0000006A 8B01                   BF          L26
    0000006C A001                   BRA         L27
    0000006E 72C9                   ADD         #-55,R2
    00000070              L26:
    00000070 72D0                   ADD         #-48,R2
    00000072              L27:
    00000072 6473                   MOV         R7,R4
    00000074 4400                   SHLL        R4
    00000076 347C                   ADD         R7,R4
    00000078 4408                   SHLL2       R4
    0000007A 622C                   EXTU.B      R2,R2
    0000007C 6043                   MOV         R4,R0
    0000007E 0C26                   MOV.L       R2,@(R0,R12)
    00000080 7501                   ADD         #1,R5
    00000082 6250                   MOV.B       @R5,R2
    00000084 622C                   EXTU.B      R2,R2
    00000086 32B7                   CMP/GT      R11,R2
    00000088 8B01                   BF          L29
    0000008A A001                   BRA         L30
    0000008C 72C9                   ADD         #-55,R2
    0000008E              L29:
    0000008E 72D0                   ADD         #-48,R2
    00000090              L30:
    00000090 622C                   EXTU.B      R2,R2
    00000092 6043                   MOV         R4,R0
    00000094 0D26                   MOV.L       R2,@(R0,R13)
    00000096 7501                   ADD         #1,R5
    00000098 6250                   MOV.B       @R5,R2
    0000009A 622C                   EXTU.B      R2,R2
    0000009C 32B7                   CMP/GT      R11,R2
    0000009E 8B01                   BF          L32
    000000A0 A001                   BRA         L33
    000000A2 72C9                   ADD         #-55,R2
    000000A4              L32:
    000000A4 72D0                   ADD         #-48,R2
    000000A6              L33:
    000000A6 622C                   EXTU.B      R2,R2
    000000A8 6043                   MOV         R4,R0
    000000AA 0E26                   MOV.L       R2,@(R0,R14)
    000000AC 7501                   ADD         #1,R5
    000000AE 7701                   ADD         #1,R7
    000000B0              L23:
    000000B0 841C                   MOV.B       @(12,R1),R0
    000000B2 660C                   EXTU.B      R0,R6
    000000B4 3763                   CMP/GE      R6,R7
    000000B6 8BD5                   BF          L24
    000000B8 E000                   MOV         #0,R0      ; H'00000000
    000000BA 6EF6                   MOV.L       @R15+,R14
    000000BC 6DF6                   MOV.L       @R15+,R13
    000000BE 6CF6                   MOV.L       @R15+,R12
    000000C0 000B                   RTS
    000000C2 6BF6                   MOV.L       @R15+,R11
    000000C4              L36:
    000000C4 <00000000>             .DATA.L     _prr6023s
    000000C8 <00000010>             .DATA.L     H'00000010+_prr6023s
B   00000000              _prr6023s:                       ; static: prr6023s
    00000000 00000004               .RES.L      28
SH SERIES C/C++ Compiler (Ver. checker(2003.03.17))                                              28-May-2015 11:40:34  PAGE    1


******** STATISTICS INFORMATION ********


********** ERROR INFORMATION ***********

NUMBER OF ERRORS:           0
NUMBER OF WARNINGS:         0
NUMBER OF INFORMATIONS:     0



******* SOURCE LINE INFORMATION ********

COMPILED SOURCE LINE:       68



******* SECTION SIZE INFORMATION *******

PROGRAM  SECTION (P):                               000000CC Byte(s)
CONSTANT SECTION (C):                               00000000 Byte(s)
DATA     SECTION (D):                               00000000 Byte(s)
BSS      SECTION (B):                               00000070 Byte(s)

TOTAL PROGRAM  SECTION: 000000CC Byte(s)
TOTAL CONSTANT SECTION: 00000000 Byte(s)
TOTAL DATA     SECTION: 00000000 Byte(s)
TOTAL BSS      SECTION: 00000070 Byte(s)

    TOTAL PROGRAM SIZE: 0000013C Byte(s)



********** LABEL INFORMATION ***********

NUMBER OF EXTERNAL REFERENCE SYMBOLS:            0
NUMBER OF EXTERNAL DEFINITION SYMBOLS:           2
NUMBER OF INTERNAL/EXTERNAL SYMBOLS:            19
*** COMMAND PARAMETER ***


  -cpu=sh3 -op=1 -en=big -me -nodebug -comment=nest -l -def=NDEBUG -i=P:\PRESTO2\SHINC,d:\home\tool\7_1_1\include,P:\PRESTO2\NORTI_12\inc prr6023.c 

