SH SERIES C/C++ Compiler (Ver. checker(2003.03.17))                                              04-Feb-2005 14:11:30  PAGE    1

************ OBJECT LISTING ************

FILE NAME: scuint.c

SCT OFFSET   CODE       C LABEL     INSTRUCTION OPERAND    COMMENT

P   00000000              _m66230_int_hdr0:                ; function: m66230_int_hdr0
                                                           ; frame size=8
    00000000 2FE6                   MOV.L       R14,@-R15
    00000002 4F22                   STS.L       PR,@-R15
    00000004 D268                   MOV.L       L42,R2     ; __m66230_gst
    00000006 420B                   JSR         @R2
    00000008 E400                   MOV         #0,R4      ; H'00000000
    0000000A C803                   TST         #3,R0
    0000000C 8D02                   BT/S        L12
    0000000E 6E03                   MOV         R0,R14
    00000010 B048                   BSR         _m66230_rxint
    00000012 E400                   MOV         #0,R4      ; H'00000000
    00000014              L12:
    00000014 E208                   MOV         #8,R2      ; H'00000008
    00000016 4218                   SHLL8       R2
    00000018 7204                   ADD         #4,R2
    0000001A 2E29                   AND         R2,R14
    0000001C 3E20                   CMP/EQ      R2,R14
    0000001E 8B01                   BF          L14
    00000020 B08D                   BSR         _m66230_txint
    00000022 E400                   MOV         #0,R4      ; H'00000000
    00000024              L14:
    00000024 4F26                   LDS.L       @R15+,PR
    00000026 000B                   RTS
    00000028 6EF6                   MOV.L       @R15+,R14
    0000002A              _m66230_int_hdr1:                ; function: m66230_int_hdr1
                                                           ; frame size=8
    0000002A 2FE6                   MOV.L       R14,@-R15
    0000002C 4F22                   STS.L       PR,@-R15
    0000002E D25E                   MOV.L       L42,R2     ; __m66230_gst
    00000030 420B                   JSR         @R2
    00000032 E401                   MOV         #1,R4      ; H'00000001
    00000034 C803                   TST         #3,R0
    00000036 8D02                   BT/S        L17
    00000038 6E03                   MOV         R0,R14
    0000003A B033                   BSR         _m66230_rxint
    0000003C E401                   MOV         #1,R4      ; H'00000001
    0000003E              L17:
    0000003E E208                   MOV         #8,R2      ; H'00000008
    00000040 4218                   SHLL8       R2
    00000042 7204                   ADD         #4,R2
    00000044 2E29                   AND         R2,R14
    00000046 3E20                   CMP/EQ      R2,R14
    00000048 8B01                   BF          L19
    0000004A B078                   BSR         _m66230_txint
    0000004C E401                   MOV         #1,R4      ; H'00000001
    0000004E              L19:
    0000004E 4F26                   LDS.L       @R15+,PR
    00000050 000B                   RTS
    00000052 6EF6                   MOV.L       @R15+,R14
    00000054              __$wait01:                       ; function: __$wait01
                                                           ; frame size=0
    00000054 E203                   MOV         #3,R2      ; H'00000003
    00000056 4218                   SHLL8       R2
    00000058 A001                   BRA         L21
    0000005A 72EE                   ADD         #-18,R2
    0000005C              L22:
    0000005C 72FF                   ADD         #-1,R2
    0000005E              L21:
    0000005E 2228                   TST         R2,R2
    00000060 8BFC                   BF          L22
    00000062 000B                   RTS
    00000064 0009                   NOP
    00000066              _m66230_errint:                  ; function: m66230_errint
                                                           ; frame size=12
    00000066 2FD6                   MOV.L       R13,@-R15
    00000068 2FE6                   MOV.L       R14,@-R15
    0000006A 4F22                   STS.L       PR,@-R15
    0000006C D64F                   MOV.L       L42+4,R6   ; __m66230_sst
    0000006E E510                   MOV         #16,R5     ; H'00000010
    00000070 DE4D                   MOV.L       L42,R14    ; __m66230_gst
    00000072 460B                   JSR         @R6
    00000074 6D43                   MOV         R4,R13
    00000076 BFED                   BSR         __$wait01
    00000078 0009                   NOP
    0000007A              L25:
    0000007A 4E0B                   JSR         @R14
    0000007C 64D3                   MOV         R13,R4
    0000007E C878                   TST         #120,R0
    00000080 8B08                   BF          L27
    00000082 BFE7                   BSR         __$wait01
    00000084 0009                   NOP
    00000086 D649                   MOV.L       L42+4,R6   ; __m66230_sst
    00000088 E3FF                   MOV         #-1,R3     ; H'FFFFFFFF
    0000008A 653C                   EXTU.B      R3,R5
    0000008C 460B                   JSR         @R6
    0000008E 64D3                   MOV         R13,R4
    00000090 A004                   BRA         L28
    00000092 0009                   NOP
    00000094              L27:
    00000094 BFDE                   BSR         __$wait01
    00000096 0009                   NOP
    00000098 AFEF                   BRA         L25
    0000009A 0009                   NOP
    0000009C              L28:
    0000009C 4F26                   LDS.L       @R15+,PR
    0000009E 6EF6                   MOV.L       @R15+,R14
    000000A0 000B                   RTS
    000000A2 6DF6                   MOV.L       @R15+,R13
    000000A4              _m66230_rxint:                   ; function: m66230_rxint
                                                           ; frame size=24
    000000A4 2FC6                   MOV.L       R12,@-R15
    000000A6 2FD6                   MOV.L       R13,@-R15
    000000A8 2FE6                   MOV.L       R14,@-R15
    000000AA 4F22                   STS.L       PR,@-R15
    000000AC 7FF8                   ADD         #-8,R15
    000000AE DC40                   MOV.L       L42+8,R12  ; __$wup_flg
    000000B0 6043                   MOV         R4,R0
    000000B2 4008                   SHLL2       R0
    000000B4 D23F                   MOV.L       L42+12,R2  ; __m66230_getc
    000000B6 E300                   MOV         #0,R3      ; H'00000000
    000000B8 2F42                   MOV.L       R4,@R15
    000000BA 0C36                   MOV.L       R3,@(R0,R12)
    000000BC 420B                   JSR         @R2
    000000BE 6D03                   MOV         R0,R13
    000000C0 D239                   MOV.L       L42,R2     ; __m66230_gst
    000000C2 64F2                   MOV.L       @R15,R4
    000000C4 420B                   JSR         @R2
    000000C6 80F4                   MOV.B       R0,@(4,R15)
    000000C8 C878                   TST         #120,R0
    000000CA 8903                   BT          L31
    000000CC BFCB                   BSR         _m66230_errint
    000000CE 64F2                   MOV.L       @R15,R4
    000000D0 A02F                   BRA         L32
    000000D2 0009                   NOP
    000000D4              L31:
    000000D4 84F4                   MOV.B       @(4,R15),R0
    000000D6 6EF2                   MOV.L       @R15,R14
    000000D8 660C                   EXTU.B      R0,R6
    000000DA 4E08                   SHLL2       R14
    000000DC 6063                   MOV         R6,R0
    000000DE 880D                   CMP/EQ      #13,R0
    000000E0 8F0B                   BF/S        L34
    000000E2 4E08                   SHLL2       R14
    000000E4 D434                   MOV.L       L42+16,R4  ; _m66230rx
    000000E6 60E3                   MOV         R14,R0
    000000E8 E301                   MOV         #1,R3      ; H'00000001
    000000EA 6243                   MOV         R4,R2
    000000EC 7204                   ADD         #4,R2
    000000EE 052D                   MOV.W       @(R0,R2),R5
    000000F0 7404                   ADD         #4,R4
    000000F2 7501                   ADD         #1,R5
    000000F4 0455                   MOV.W       R5,@(R0,R4)
    000000F6 60D3                   MOV         R13,R0
    000000F8 0C36                   MOV.L       R3,@(R0,R12)
    000000FA              L34:
    000000FA D72F                   MOV.L       L42+16,R7  ; _m66230rx
    000000FC 60E3                   MOV         R14,R0
    000000FE 027D                   MOV.W       @(R0,R7),R2
    00000100 6573                   MOV         R7,R5
    00000102 750C                   ADD         #12,R5
    00000104 60E3                   MOV         R14,R0
    00000106 045E                   MOV.L       @(R0,R5),R4
    00000108 622D                   EXTU.W      R2,R2
    0000010A 6023                   MOV         R2,R0
    0000010C 7201                   ADD         #1,R2
    0000010E 0464                   MOV.B       R6,@(R0,R4)
    00000110 6673                   MOV         R7,R6
    00000112 7608                   ADD         #8,R6
    00000114 60E3                   MOV         R14,R0
    00000116 056D                   MOV.W       @(R0,R6),R5
    00000118 60E3                   MOV         R14,R0
    0000011A 2259                   AND         R5,R2
    0000011C 0725                   MOV.W       R2,@(R0,R7)
    0000011E 60D3                   MOV         R13,R0
    00000120 02CE                   MOV.L       @(R0,R12),R2
    00000122 2228                   TST         R2,R2
    00000124 8905                   BT          L32
    00000126 D625                   MOV.L       L42+20,R6  ; _m66230_rx_tsk
    00000128 026E                   MOV.L       @(R0,R6),R2
    0000012A 5421                   MOV.L       @(4,R2),R4
    0000012C D224                   MOV.L       L42+24,R2  ; _v4_wup_tsk
    0000012E 420B                   JSR         @R2
    00000130 0009                   NOP
    00000132              L32:
    00000132 7F08                   ADD         #8,R15
    00000134 4F26                   LDS.L       @R15+,PR
    00000136 6EF6                   MOV.L       @R15+,R14
    00000138 6DF6                   MOV.L       @R15+,R13
    0000013A 000B                   RTS
    0000013C 6CF6                   MOV.L       @R15+,R12
    0000013E              _m66230_txint:                   ; function: m66230_txint
                                                           ; frame size=16
    0000013E 2FD6                   MOV.L       R13,@-R15
    00000140 2FE6                   MOV.L       R14,@-R15
    00000142 4F22                   STS.L       PR,@-R15
    00000144 7FFC                   ADD         #-4,R15
    00000146 DE1F                   MOV.L       L42+28,R14 ; _m66230tx
    00000148 6D43                   MOV         R4,R13
    0000014A 4D08                   SHLL2       R13
    0000014C 4D08                   SHLL2       R13
    0000014E 62E3                   MOV         R14,R2
    00000150 7202                   ADD         #2,R2
    00000152 60D3                   MOV         R13,R0
    00000154 062D                   MOV.W       @(R0,R2),R6
    00000156 02ED                   MOV.W       @(R0,R14),R2
    00000158 2F61                   MOV.W       R6,@R15
    0000015A 666D                   EXTU.W      R6,R6
    0000015C 622D                   EXTU.W      R2,R2
    0000015E 3620                   CMP/EQ      R2,R6
    00000160 8F0C                   BF/S        L40
    00000162 62E3                   MOV         R14,R2
    00000164 7206                   ADD         #6,R2
    00000166 60D3                   MOV         R13,R0
    00000168 062D                   MOV.W       @(R0,R2),R6
    0000016A E3FE                   MOV         #-2,R3     ; H'FFFFFFFE
    0000016C 7E06                   ADD         #6,R14
    0000016E D20F                   MOV.L       L42+4,R2   ; __m66230_sst
    00000170 2639                   AND         R3,R6
    00000172 0E65                   MOV.W       R6,@(R0,R14)
    00000174 420B                   JSR         @R2
    00000176 E500                   MOV         #0,R5      ; H'00000000
    00000178 A011                   BRA         L41
    0000017A 0009                   NOP
    0000017C              L40:
    0000017C 720C                   ADD         #12,R2
    0000017E 052E                   MOV.L       @(R0,R2),R5
    00000180 6063                   MOV         R6,R0
    00000182 025C                   MOV.B       @(R0,R5),R2
    00000184 652C                   EXTU.B      R2,R5
    00000186 D210                   MOV.L       L42+32,R2  ; __m66230_putc
    00000188 420B                   JSR         @R2
    0000018A 0009                   NOP
    0000018C 62E3                   MOV         R14,R2
    0000018E 7208                   ADD         #8,R2
    00000190 66F1                   MOV.W       @R15,R6
    00000192 60D3                   MOV         R13,R0
    00000194 052D                   MOV.W       @(R0,R2),R5
    00000196 7E02                   ADD         #2,R14
    00000198 7601                   ADD         #1,R6
    0000019A 2659                   AND         R5,R6
    0000019C 0E65                   MOV.W       R6,@(R0,R14)
    0000019E              L41:
    0000019E 7F04                   ADD         #4,R15
    000001A0 4F26                   LDS.L       @R15+,PR
    000001A2 6EF6                   MOV.L       @R15+,R14
    000001A4 000B                   RTS
    000001A6 6DF6                   MOV.L       @R15+,R13
    000001A8              L42:
    000001A8 <00000000>             .DATA.L     __m66230_gst
    000001AC <00000000>             .DATA.L     __m66230_sst
    000001B0 <00000000>             .DATA.L     __$wup_flg
    000001B4 <00000000>             .DATA.L     __m66230_getc
    000001B8 <00000000>             .DATA.L     _m66230rx
    000001BC <00000000>             .DATA.L     _m66230_rx_tsk
    000001C0 <00000000>             .DATA.L     _v4_wup_tsk
    000001C4 <00000000>             .DATA.L     _m66230tx
    000001C8 <00000000>             .DATA.L     __m66230_putc
D   00000000              __$wup_flg:                      ; static: __$wup_flg
    00000000 00000000               .DATA.L     H'00000000
    00000004 00                     .DATAB.B    4,0
SH SERIES C/C++ Compiler (Ver. checker(2003.03.17))                                              04-Feb-2005 14:11:30  PAGE    1


******** STATISTICS INFORMATION ********


********** ERROR INFORMATION ***********

NUMBER OF ERRORS:           0
NUMBER OF WARNINGS:         0
NUMBER OF INFORMATIONS:     0



******* SOURCE LINE INFORMATION ********

COMPILED SOURCE LINE:      146



******* SECTION SIZE INFORMATION *******

PROGRAM  SECTION (P):                               000001CC Byte(s)
CONSTANT SECTION (C):                               00000000 Byte(s)
DATA     SECTION (D):                               00000008 Byte(s)
BSS      SECTION (B):                               00000000 Byte(s)

TOTAL PROGRAM  SECTION: 000001CC Byte(s)
TOTAL CONSTANT SECTION: 00000000 Byte(s)
TOTAL DATA     SECTION: 00000008 Byte(s)
TOTAL BSS      SECTION: 00000000 Byte(s)

    TOTAL PROGRAM SIZE: 000001D4 Byte(s)



********** LABEL INFORMATION ***********

NUMBER OF EXTERNAL REFERENCE SYMBOLS:            8
NUMBER OF EXTERNAL DEFINITION SYMBOLS:           5
NUMBER OF INTERNAL/EXTERNAL SYMBOLS:            28
*** COMMAND PARAMETER ***


  -cpu=sh3 -op=1 -en=big -me -nodebug -comment=nest -l -def=NDEBUG -i=P:\PRESTO2\SHINC,C:\usr\local\SH\7_1_1\include,P:\PRESTO\NORTI_12\inc scuint.c 

