SH SERIES C/C++ Compiler (Ver. checker(2003.03.17))                                              04-Feb-2005 14:11:24  PAGE    1

************ OBJECT LISTING ************

FILE NAME: scurx.c

SCT OFFSET   CODE       C LABEL     INSTRUCTION OPERAND    COMMENT

P   00000000              _m66230_rx:                      ; function: m66230_rx
                                                           ; frame size=0
    00000000 2668                   TST         R6,R6
    00000002 8901                   BT          L12
    00000004 A002                   BRA         _m66230_io_read
    00000006 0009                   NOP
    00000008              L12:
    00000008 A098                   BRA         _m66230_io_gets
    0000000A 0009                   NOP
    0000000C              _m66230_io_read:                 ; function: m66230_io_read
                                                           ; frame size=48
    0000000C 2F86                   MOV.L       R8,@-R15
    0000000E 2F96                   MOV.L       R9,@-R15
    00000010 2FA6                   MOV.L       R10,@-R15
    00000012 2FB6                   MOV.L       R11,@-R15
    00000014 2FC6                   MOV.L       R12,@-R15
    00000016 2FD6                   MOV.L       R13,@-R15
    00000018 2FE6                   MOV.L       R14,@-R15
    0000001A 4F22                   STS.L       PR,@-R15
    0000001C 7FF0                   ADD         #-16,R15
    0000001E DDA6                   MOV.L       L58+2,R13  ; _m66230rx
    00000020 6B43                   MOV         R4,R11
    00000022 4408                   SHLL2       R4
    00000024 6863                   MOV         R6,R8
    00000026 4408                   SHLL2       R4
    00000028 62D3                   MOV         R13,R2
    0000002A 7202                   ADD         #2,R2
    0000002C 6043                   MOV         R4,R0
    0000002E 062D                   MOV.W       @(R0,R2),R6
    00000030 6E53                   MOV         R5,R14
    00000032 02DD                   MOV.W       @(R0,R13),R2
    00000034 EA00                   MOV         #0,R10     ; H'00000000
    00000036 666D                   EXTU.W      R6,R6
    00000038 622D                   EXTU.W      R2,R2
    0000003A 3620                   CMP/EQ      R2,R6
    0000003C 8D73                   BT/S        L16
    0000003E 6C43                   MOV         R4,R12
    00000040 D29E                   MOV.L       L58+6,R2   ; _local_disable
    00000042 6983                   MOV         R8,R9
    00000044 420B                   JSR         @R2
    00000046 2F82                   MOV.L       R8,@R15
    00000048 D59D                   MOV.L       L58+10,R5  ; __$m66230_rx_nest
    0000004A 60B3                   MOV         R11,R0
    0000004C E301                   MOV         #1,R3      ; H'00000001
    0000004E 025C                   MOV.B       @(R0,R5),R2
    00000050 7201                   ADD         #1,R2
    00000052 662C                   EXTU.B      R2,R6
    00000054 3637                   CMP/GT      R3,R6
    00000056 8D05                   BT/S        L18
    00000058 0524                   MOV.B       R2,@(R0,R5)
    0000005A D39A                   MOV.L       L58+14,R3  ; _local_enable
    0000005C 430B                   JSR         @R3
    0000005E 1F31                   MOV.L       R3,@(4,R15)
    00000060 A011                   BRA         L19
    00000062 0009                   NOP
    00000064              L18:
    00000064 D698                   MOV.L       L58+18,R6  ; __$m66230_rx_sem
    00000066 60B3                   MOV         R11,R0
    00000068 4008                   SHLL2       R0
    0000006A D298                   MOV.L       L58+22,R2  ; _WAI_SEM
    0000006C 7604                   ADD         #4,R6
    0000006E 4000                   SHLL        R0
    00000070 056E                   MOV.L       @(R0,R6),R5
    00000072 E400                   MOV         #0,R4      ; H'00000000
    00000074 E601                   MOV         #1,R6      ; H'00000001
    00000076 420B                   JSR         @R2
    00000078 6743                   MOV         R4,R7
    0000007A D392                   MOV.L       L58+14,R3  ; _local_enable
    0000007C 6A03                   MOV         R0,R10
    0000007E 430B                   JSR         @R3
    00000080 1F31                   MOV.L       R3,@(4,R15)
    00000082 2AA8                   TST         R10,R10
    00000084 8B4D                   BF          L20
    00000086              L19:
    00000086 62D3                   MOV         R13,R2
    00000088 720C                   ADD         #12,R2
    0000008A 60C3                   MOV         R12,R0
    0000008C 072E                   MOV.L       @(R0,R2),R7
    0000008E 62D3                   MOV         R13,R2
    00000090 7202                   ADD         #2,R2
    00000092 60C3                   MOV         R12,R0
    00000094 052D                   MOV.W       @(R0,R2),R5
    00000096 64D3                   MOV         R13,R4
    00000098 1F72                   MOV.L       R7,@(8,R15)
    0000009A 655D                   EXTU.W      R5,R5
    0000009C 34CC                   ADD         R12,R4
    0000009E              L21:
    0000009E 6053                   MOV         R5,R0
    000000A0 027C                   MOV.B       @(R0,R7),R2
    000000A2 66E3                   MOV         R14,R6
    000000A4 7E01                   ADD         #1,R14
    000000A6 602C                   EXTU.B      R2,R0
    000000A8 880D                   CMP/EQ      #13,R0
    000000AA 8F08                   BF/S        L23
    000000AC 2600                   MOV.B       R0,@R6
    000000AE 62D3                   MOV         R13,R2
    000000B0 7204                   ADD         #4,R2
    000000B2 60C3                   MOV         R12,R0
    000000B4 062D                   MOV.W       @(R0,R2),R6
    000000B6 62D3                   MOV         R13,R2
    000000B8 7204                   ADD         #4,R2
    000000BA 76FF                   ADD         #-1,R6
    000000BC 0265                   MOV.W       R6,@(R0,R2)
    000000BE              L23:
    000000BE 62D3                   MOV         R13,R2
    000000C0 7208                   ADD         #8,R2
    000000C2 60C3                   MOV         R12,R0
    000000C4 062D                   MOV.W       @(R0,R2),R6
    000000C6 6241                   MOV.W       @R4,R2
    000000C8 7501                   ADD         #1,R5
    000000CA 666D                   EXTU.W      R6,R6
    000000CC 2569                   AND         R6,R5
    000000CE 622D                   EXTU.W      R2,R2
    000000D0 3520                   CMP/EQ      R2,R5
    000000D2 8D03                   BT/S        L25
    000000D4 1F53                   MOV.L       R5,@(12,R15)
    000000D6 4910                   DT          R9
    000000D8 8FE1                   BF/S        L21
    000000DA 2F92                   MOV.L       R9,@R15
    000000DC              L25:
    000000DC 7D02                   ADD         #2,R13
    000000DE D277                   MOV.L       L58+6,R2   ; _local_disable
    000000E0 60C3                   MOV         R12,R0
    000000E2 420B                   JSR         @R2
    000000E4 0D55                   MOV.W       R5,@(R0,R13)
    000000E6 D576                   MOV.L       L58+10,R5  ; __$m66230_rx_nest
    000000E8 60B3                   MOV         R11,R0
    000000EA E301                   MOV         #1,R3      ; H'00000001
    000000EC 065C                   MOV.B       @(R0,R5),R6
    000000EE 60B3                   MOV         R11,R0
    000000F0 76FF                   ADD         #-1,R6
    000000F2 626C                   EXTU.B      R6,R2
    000000F4 3233                   CMP/GE      R3,R2
    000000F6 8F0A                   BF/S        L26
    000000F8 0564                   MOV.B       R6,@(R0,R5)
    000000FA D673                   MOV.L       L58+18,R6  ; __$m66230_rx_sem
    000000FC 4B08                   SHLL2       R11
    000000FE 4B00                   SHLL        R11
    00000100 D273                   MOV.L       L58+26,R2  ; _SIG_SEM
    00000102 7604                   ADD         #4,R6
    00000104 60B3                   MOV         R11,R0
    00000106 046E                   MOV.L       @(R0,R6),R4
    00000108 420B                   JSR         @R2
    0000010A E501                   MOV         #1,R5      ; H'00000001
    0000010C 6A03                   MOV         R0,R10
    0000010E              L26:
    0000010E 5EF1                   MOV.L       @(4,R15),R14
    00000110 4E0B                   JSR         @R14
    00000112 0009                   NOP
    00000114 2AA8                   TST         R10,R10
    00000116 8B02                   BF          L29
    00000118 3898                   SUB         R9,R8
    0000011A A005                   BRA         L30
    0000011C 6083                   MOV         R8,R0
    0000011E              L29:
    0000011E A003                   BRA         L30
    00000120 E0FF                   MOV         #-1,R0     ; H'FFFFFFFF
    00000122              L20:
    00000122 A001                   BRA         L30
    00000124 E0FF                   MOV         #-1,R0     ; H'FFFFFFFF
    00000126              L16:
    00000126 E000                   MOV         #0,R0      ; H'00000000
    00000128              L30:
    00000128 7F10                   ADD         #16,R15
    0000012A 4F26                   LDS.L       @R15+,PR
    0000012C 6EF6                   MOV.L       @R15+,R14
    0000012E 6DF6                   MOV.L       @R15+,R13
    00000130 6CF6                   MOV.L       @R15+,R12
    00000132 6BF6                   MOV.L       @R15+,R11
    00000134 6AF6                   MOV.L       @R15+,R10
    00000136 69F6                   MOV.L       @R15+,R9
    00000138 000B                   RTS
    0000013A 68F6                   MOV.L       @R15+,R8
    0000013C              _m66230_io_gets:                 ; function: m66230_io_gets
                                                           ; frame size=52
    0000013C 2F86                   MOV.L       R8,@-R15
    0000013E 2F96                   MOV.L       R9,@-R15
    00000140 2FA6                   MOV.L       R10,@-R15
    00000142 2FB6                   MOV.L       R11,@-R15
    00000144 2FC6                   MOV.L       R12,@-R15
    00000146 2FD6                   MOV.L       R13,@-R15
    00000148 2FE6                   MOV.L       R14,@-R15
    0000014A 4F22                   STS.L       PR,@-R15
    0000014C 7FEC                   ADD         #-20,R15
    0000014E DC5A                   MOV.L       L58+2,R12  ; _m66230rx
    00000150 6A43                   MOV         R4,R10
    00000152 4408                   SHLL2       R4
    00000154 6E53                   MOV         R5,R14
    00000156 4408                   SHLL2       R4
    00000158 62C3                   MOV         R12,R2
    0000015A 7204                   ADD         #4,R2
    0000015C 6043                   MOV         R4,R0
    0000015E 062D                   MOV.W       @(R0,R2),R6
    00000160 E900                   MOV         #0,R9      ; H'00000000
    00000162 6D93                   MOV         R9,R13
    00000164 2668                   TST         R6,R6
    00000166 8F02                   BF/S        L60
    00000168 6843                   MOV         R4,R8
    0000016A A099                   BRA         L35
    0000016C 0009                   NOP
    0000016E              L60:
    0000016E D253                   MOV.L       L58+6,R2   ; _local_disable
    00000170 420B                   JSR         @R2
    00000172 0009                   NOP
    00000174 D552                   MOV.L       L58+10,R5  ; __$m66230_rx_nest
    00000176 60A3                   MOV         R10,R0
    00000178 E301                   MOV         #1,R3      ; H'00000001
    0000017A 025C                   MOV.B       @(R0,R5),R2
    0000017C 7201                   ADD         #1,R2
    0000017E 662C                   EXTU.B      R2,R6
    00000180 3637                   CMP/GT      R3,R6
    00000182 8D05                   BT/S        L37
    00000184 0524                   MOV.B       R2,@(R0,R5)
    00000186 DB4F                   MOV.L       L58+14,R11 ; _local_enable
    00000188 4B0B                   JSR         @R11
    0000018A 2FB2                   MOV.L       R11,@R15
    0000018C A011                   BRA         L38
    0000018E 0009                   NOP
    00000190              L37:
    00000190 D64D                   MOV.L       L58+18,R6  ; __$m66230_rx_sem
    00000192 60A3                   MOV         R10,R0
    00000194 4008                   SHLL2       R0
    00000196 D24D                   MOV.L       L58+22,R2  ; _WAI_SEM
    00000198 7604                   ADD         #4,R6
    0000019A DB4A                   MOV.L       L58+14,R11 ; _local_enable
    0000019C 4000                   SHLL        R0
    0000019E 056E                   MOV.L       @(R0,R6),R5
    000001A0 E400                   MOV         #0,R4      ; H'00000000
    000001A2 E601                   MOV         #1,R6      ; H'00000001
    000001A4 420B                   JSR         @R2
    000001A6 6743                   MOV         R4,R7
    000001A8 6903                   MOV         R0,R9
    000001AA 4B0B                   JSR         @R11
    000001AC 2FB2                   MOV.L       R11,@R15
    000001AE 2998                   TST         R9,R9
    000001B0 8B74                   BF          L39
    000001B2              L38:
    000001B2 62C3                   MOV         R12,R2
    000001B4 720C                   ADD         #12,R2
    000001B6 6083                   MOV         R8,R0
    000001B8 0B2E                   MOV.L       @(R0,R2),R11
    000001BA 62C3                   MOV         R12,R2
    000001BC 7202                   ADD         #2,R2
    000001BE 6083                   MOV         R8,R0
    000001C0 062D                   MOV.W       @(R0,R2),R6
    000001C2 64C3                   MOV         R12,R4
    000001C4 348C                   ADD         R8,R4
    000001C6 626D                   EXTU.W      R6,R2
    000001C8 6743                   MOV         R4,R7
    000001CA 7408                   ADD         #8,R4
    000001CC 1FB1                   MOV.L       R11,@(4,R15)
    000001CE              L40:
    000001CE 6023                   MOV         R2,R0
    000001D0 06BC                   MOV.B       @(R0,R11),R6
    000001D2 E010                   MOV         #16,R0     ; H'00000010
    000001D4 656C                   EXTU.B      R6,R5
    000001D6 6641                   MOV.W       @R4,R6
    000001D8 7201                   ADD         #1,R2
    000001DA 0F54                   MOV.B       R5,@(R0,R15)
    000001DC 666D                   EXTU.W      R6,R6
    000001DE 6053                   MOV         R5,R0
    000001E0 2269                   AND         R6,R2
    000001E2 880A                   CMP/EQ      #10,R0
    000001E4 8F02                   BF/S        L42
    000001E6 1F22                   MOV.L       R2,@(8,R15)
    000001E8 A026                   BRA         L43
    000001EA 7D01                   ADD         #1,R13
    000001EC              L42:
    000001EC 6053                   MOV         R5,R0
    000001EE 880D                   CMP/EQ      #13,R0
    000001F0 8B20                   BF          L45
    000001F2 E300                   MOV         #0,R3      ; H'00000000
    000001F4 66C3                   MOV         R12,R6
    000001F6 2E30                   MOV.B       R3,@R14
    000001F8 7608                   ADD         #8,R6
    000001FA 6083                   MOV         R8,R0
    000001FC 056D                   MOV.W       @(R0,R6),R5
    000001FE 66C3                   MOV         R12,R6
    00000200 7602                   ADD         #2,R6
    00000202 645D                   EXTU.W      R5,R4
    00000204 056D                   MOV.W       @(R0,R6),R5
    00000206 D62D                   MOV.L       L58+6,R6   ; _local_disable
    00000208 655D                   EXTU.W      R5,R5
    0000020A 6EF2                   MOV.L       @R15,R14
    0000020C 3258                   SUB         R5,R2
    0000020E 2249                   AND         R4,R2
    00000210 32D8                   SUB         R13,R2
    00000212 72FF                   ADD         #-1,R2
    00000214 460B                   JSR         @R6
    00000216 1F23                   MOV.L       R2,@(12,R15)
    00000218 52F2                   MOV.L       @(8,R15),R2
    0000021A 66C3                   MOV         R12,R6
    0000021C 7602                   ADD         #2,R6
    0000021E 6083                   MOV         R8,R0
    00000220 0625                   MOV.W       R2,@(R0,R6)
    00000222 62C3                   MOV         R12,R2
    00000224 7204                   ADD         #4,R2
    00000226 062D                   MOV.W       @(R0,R2),R6
    00000228 7C04                   ADD         #4,R12
    0000022A 76FF                   ADD         #-1,R6
    0000022C 4E0B                   JSR         @R14
    0000022E 0C65                   MOV.W       R6,@(R0,R12)
    00000230 A014                   BRA         L46
    00000232 0009                   NOP
    00000234              L45:
    00000234 2E50                   MOV.B       R5,@R14
    00000236 7E01                   ADD         #1,R14
    00000238              L43:
    00000238 6671                   MOV.W       @R7,R6
    0000023A 666D                   EXTU.W      R6,R6
    0000023C 3260                   CMP/EQ      R6,R2
    0000023E 8BC6                   BF          L40
    00000240 D61E                   MOV.L       L58+6,R6   ; _local_disable
    00000242 460B                   JSR         @R6
    00000244 6EF2                   MOV.L       @R15,R14
    00000246 52F2                   MOV.L       @(8,R15),R2
    00000248 66C3                   MOV         R12,R6
    0000024A 7602                   ADD         #2,R6
    0000024C 6083                   MOV         R8,R0
    0000024E 7C04                   ADD         #4,R12
    00000250 0625                   MOV.W       R2,@(R0,R6)
    00000252 E300                   MOV         #0,R3      ; H'00000000
    00000254 4E0B                   JSR         @R14
    00000256 0C35                   MOV.W       R3,@(R0,R12)
    00000258 E7FF                   MOV         #-1,R7     ; H'FFFFFFFF
    0000025A 1F73                   MOV.L       R7,@(12,R15)
    0000025C              L46:
    0000025C D617                   MOV.L       L58+6,R6   ; _local_disable
    0000025E 460B                   JSR         @R6
    00000260 0009                   NOP
    00000262 D517                   MOV.L       L58+10,R5  ; __$m66230_rx_nest
    00000264 60A3                   MOV         R10,R0
    00000266 E301                   MOV         #1,R3      ; H'00000001
    00000268 025C                   MOV.B       @(R0,R5),R2
    0000026A 60A3                   MOV         R10,R0
    0000026C 72FF                   ADD         #-1,R2
    0000026E 662C                   EXTU.B      R2,R6
    00000270 3633                   CMP/GE      R3,R6
    00000272 8F0A                   BF/S        L48
    00000274 0524                   MOV.B       R2,@(R0,R5)
    00000276 D614                   MOV.L       L58+18,R6  ; __$m66230_rx_sem
    00000278 4A08                   SHLL2       R10
    0000027A 4A00                   SHLL        R10
    0000027C D214                   MOV.L       L58+26,R2  ; _SIG_SEM
    0000027E 7604                   ADD         #4,R6
    00000280 60A3                   MOV         R10,R0
    00000282 046E                   MOV.L       @(R0,R6),R4
    00000284 420B                   JSR         @R2
    00000286 E501                   MOV         #1,R5      ; H'00000001
    00000288 6903                   MOV         R0,R9
    0000028A              L48:
    0000028A 6EF2                   MOV.L       @R15,R14
    0000028C 4E0B                   JSR         @R14
    0000028E 0009                   NOP
    00000290 2998                   TST         R9,R9
    00000292 8B01                   BF          L51
    00000294 A005                   BRA         L52
    00000296 50F3                   MOV.L       @(12,R15),R0
    00000298              L51:
    00000298 A003                   BRA         L52
    0000029A E0FF                   MOV         #-1,R0     ; H'FFFFFFFF
    0000029C              L39:
    0000029C A001                   BRA         L52
    0000029E E0FF                   MOV         #-1,R0     ; H'FFFFFFFF
    000002A0              L35:
    000002A0 E000                   MOV         #0,R0      ; H'00000000
    000002A2              L52:
    000002A2 7F14                   ADD         #20,R15
    000002A4 4F26                   LDS.L       @R15+,PR
    000002A6 6EF6                   MOV.L       @R15+,R14
    000002A8 6DF6                   MOV.L       @R15+,R13
    000002AA 6CF6                   MOV.L       @R15+,R12
    000002AC 6BF6                   MOV.L       @R15+,R11
    000002AE 6AF6                   MOV.L       @R15+,R10
    000002B0 69F6                   MOV.L       @R15+,R9
    000002B2 000B                   RTS
    000002B4 68F6                   MOV.L       @R15+,R8
    000002B6              L58:
    000002B6 00000002               .RES.W      1
    000002B8 <00000000>             .DATA.L     _m66230rx
    000002BC <00000000>             .DATA.L     _local_disable
    000002C0 <00000000>             .DATA.L     __$m66230_rx_nest
    000002C4 <00000000>             .DATA.L     _local_enable
    000002C8 <00000000>             .DATA.L     __$m66230_rx_sem
    000002CC <00000000>             .DATA.L     _WAI_SEM
    000002D0 <00000000>             .DATA.L     _SIG_SEM
    000002D4              _init_m66230_rx:                 ; function: init_m66230_rx
                                                           ; frame size=12
    000002D4 2FD6                   MOV.L       R13,@-R15
    000002D6 2FE6                   MOV.L       R14,@-R15
    000002D8 4F22                   STS.L       PR,@-R15
    000002DA DE11                   MOV.L       L59,R14    ; __$m66230_rx_sem
    000002DC 6D43                   MOV         R4,R13
    000002DE D211                   MOV.L       L59+4,R2   ; __$m66230_rx_sem_id
    000002E0 4D08                   SHLL2       R13
    000002E2 4408                   SHLL2       R4
    000002E4 65E3                   MOV         R14,R5
    000002E6 4D00                   SHLL        R13
    000002E8 6043                   MOV         R4,R0
    000002EA 7504                   ADD         #4,R5
    000002EC 062E                   MOV.L       @(R0,R2),R6
    000002EE D20E                   MOV.L       L59+8,R2   ; _CRE_SEM
    000002F0 35DC                   ADD         R13,R5
    000002F2 E401                   MOV         #1,R4      ; H'00000001
    000002F4 420B                   JSR         @R2
    000002F6 6743                   MOV         R4,R7
    000002F8 2008                   TST         R0,R0
    000002FA 8901                   BT          L55
    000002FC A00C                   BRA         L56
    000002FE E0FF                   MOV         #-1,R0     ; H'FFFFFFFF
    00000300              L55:
    00000300 7E04                   ADD         #4,R14
    00000302 60D3                   MOV         R13,R0
    00000304 05EE                   MOV.L       @(R0,R14),R5
    00000306 E400                   MOV         #0,R4      ; H'00000000
    00000308 D208                   MOV.L       L59+12,R2  ; _WAI_SEM
    0000030A E601                   MOV         #1,R6      ; H'00000001
    0000030C 420B                   JSR         @R2
    0000030E 6743                   MOV         R4,R7
    00000310 2008                   TST         R0,R0
    00000312 8D01                   BT/S        L56
    00000314 E000                   MOV         #0,R0      ; H'00000000
    00000316 E0FF                   MOV         #-1,R0     ; H'FFFFFFFF
    00000318              L56:
    00000318 4F26                   LDS.L       @R15+,PR
    0000031A 6EF6                   MOV.L       @R15+,R14
    0000031C 000B                   RTS
    0000031E 6DF6                   MOV.L       @R15+,R13
    00000320              L59:
    00000320 <00000000>             .DATA.L     __$m66230_rx_sem
    00000324 <00000000>             .DATA.L     __$m66230_rx_sem_id
    00000328 <00000000>             .DATA.L     _CRE_SEM
    0000032C <00000000>             .DATA.L     _WAI_SEM
C   00000000              __$m66230_rx_sem_id:             ; static: __$m66230_rx_sem_id
    00000000 0000002300             .DATA.L     H'00000023,H'00000023
             000023       
D   00000000              __$m66230_rx_nest:               ; static: __$m66230_rx_nest
    00000000 0000                   .DATA.B     H'00,H'00
B   00000000              __$m66230_rx_sem:                ; static: __$m66230_rx_sem
    00000000 00000004               .RES.L      4
SH SERIES C/C++ Compiler (Ver. checker(2003.03.17))                                              04-Feb-2005 14:11:24  PAGE    1


******** STATISTICS INFORMATION ********


********** ERROR INFORMATION ***********

NUMBER OF ERRORS:           0
NUMBER OF WARNINGS:         0
NUMBER OF INFORMATIONS:     0



******* SOURCE LINE INFORMATION ********

COMPILED SOURCE LINE:      198



******* SECTION SIZE INFORMATION *******

PROGRAM  SECTION (P):                               00000330 Byte(s)
CONSTANT SECTION (C):                               00000008 Byte(s)
DATA     SECTION (D):                               00000002 Byte(s)
BSS      SECTION (B):                               00000010 Byte(s)

TOTAL PROGRAM  SECTION: 00000330 Byte(s)
TOTAL CONSTANT SECTION: 00000008 Byte(s)
TOTAL DATA     SECTION: 00000002 Byte(s)
TOTAL BSS      SECTION: 00000010 Byte(s)

    TOTAL PROGRAM SIZE: 0000034A Byte(s)



********** LABEL INFORMATION ***********

NUMBER OF EXTERNAL REFERENCE SYMBOLS:            6
NUMBER OF EXTERNAL DEFINITION SYMBOLS:           4
NUMBER OF INTERNAL/EXTERNAL SYMBOLS:            38
*** COMMAND PARAMETER ***


  -cpu=sh3 -op=1 -en=big -me -nodebug -comment=nest -l -def=NDEBUG -i=P:\PRESTO2\SHINC,C:\usr\local\SH\7_1_1\include,P:\PRESTO\NORTI_12\inc scurx.c 

