SH SERIES C/C++ Compiler (Ver. checker(2003.03.17))                                              10-Feb-2005 14:51:24  PAGE    1

************ OBJECT LISTING ************

FILE NAME: dzi206.c

SCT OFFSET   CODE       C LABEL     INSTRUCTION OPERAND    COMMENT

P   00000000              _dz_print_diag_data:             ; function: dz_print_diag_data
                                                           ; frame size=36
    00000000 2FB6                   MOV.L       R11,@-R15
    00000002 2FC6                   MOV.L       R12,@-R15
    00000004 2FD6                   MOV.L       R13,@-R15
    00000006 2FE6                   MOV.L       R14,@-R15
    00000008 4F22                   STS.L       PR,@-R15
    0000000A 7FF0                   ADD         #-16,R15
    0000000C 6E53                   MOV         R5,R14
    0000000E 6D43                   MOV         R4,R13
    00000010 62E0                   MOV.B       @R14,R2
    00000012 662C                   EXTU.B      R2,R6
    00000014 666C                   EXTU.B      R6,R6
    00000016 E309                   MOV         #9,R3      ; H'00000009
    00000018 3637                   CMP/GT      R3,R6
    0000001A 8B06                   BF          L12
    0000001C 62E0                   MOV.B       @R14,R2
    0000001E 662C                   EXTU.B      R2,R6
    00000020 666C                   EXTU.B      R6,R6
    00000022 6263                   MOV         R6,R2
    00000024 7237                   ADD         #55,R2
    00000026 A005                   BRA         L13
    00000028 0009                   NOP
    0000002A              L12:
    0000002A 62E0                   MOV.B       @R14,R2
    0000002C 662C                   EXTU.B      R2,R6
    0000002E 666C                   EXTU.B      R6,R6
    00000030 6263                   MOV         R6,R2
    00000032 7230                   ADD         #48,R2
    00000034              L13:
    00000034 6423                   MOV         R2,R4
    00000036 6043                   MOV         R4,R0
    00000038 80D5                   MOV.B       R0,@(5,R13)
    0000003A 84E1                   MOV.B       @(1,R14),R0
    0000003C 6203                   MOV         R0,R2
    0000003E 642C                   EXTU.B      R2,R4
    00000040 65D3                   MOV         R13,R5
    00000042 7506                   ADD         #6,R5
    00000044 644C                   EXTU.B      R4,R4
    00000046 D383                   MOV.L       L32+16,R3  ; _ctoh
    00000048 430B                   JSR         @R3
    0000004A 0009                   NOP
    0000004C 84E2                   MOV.B       @(2,R14),R0
    0000004E 6203                   MOV         R0,R2
    00000050 642C                   EXTU.B      R2,R4
    00000052 65D3                   MOV         R13,R5
    00000054 7508                   ADD         #8,R5
    00000056 644C                   EXTU.B      R4,R4
    00000058 D37E                   MOV.L       L32+16,R3  ; _ctoh
    0000005A 430B                   JSR         @R3
    0000005C 0009                   NOP
    0000005E 7D0A                   ADD         #10,R13
    00000060 6BD3                   MOV         R13,R11
    00000062 84E2                   MOV.B       @(2,R14),R0
    00000064 6603                   MOV         R0,R6
    00000066 626C                   EXTU.B      R6,R2
    00000068 622C                   EXTU.B      R2,R2
    0000006A 6C23                   MOV         R2,R12
    0000006C 84E1                   MOV.B       @(1,R14),R0
    0000006E 6203                   MOV         R0,R2
    00000070 662C                   EXTU.B      R2,R6
    00000072 666C                   EXTU.B      R6,R6
    00000074 6263                   MOV         R6,R2
    00000076 72FF                   ADD         #-1,R2
    00000078 6D23                   MOV         R2,R13
    0000007A 2CC8                   TST         R12,R12
    0000007C 891B                   BT          L14
    0000007E              L15:
    0000007E 62D3                   MOV         R13,R2
    00000080 4208                   SHLL2       R2
    00000082 66E3                   MOV         R14,R6
    00000084 7604                   ADD         #4,R6
    00000086 6023                   MOV         R2,R0
    00000088 046D                   MOV.W       @(R0,R6),R4
    0000008A 65B3                   MOV         R11,R5
    0000008C 644D                   EXTU.W      R4,R4
    0000008E D372                   MOV.L       L32+20,R3  ; _itoh
    00000090 430B                   JSR         @R3
    00000092 0009                   NOP
    00000094 66D3                   MOV         R13,R6
    00000096 6263                   MOV         R6,R2
    00000098 4208                   SHLL2       R2
    0000009A 66E3                   MOV         R14,R6
    0000009C 7606                   ADD         #6,R6
    0000009E 6023                   MOV         R2,R0
    000000A0 046D                   MOV.W       @(R0,R6),R4
    000000A2 65B3                   MOV         R11,R5
    000000A4 7504                   ADD         #4,R5
    000000A6 644C                   EXTU.B      R4,R4
    000000A8 D36A                   MOV.L       L32+16,R3  ; _ctoh
    000000AA 430B                   JSR         @R3
    000000AC 0009                   NOP
    000000AE 7B06                   ADD         #6,R11
    000000B0 4C10                   DT          R12
    000000B2 7D01                   ADD         #1,R13
    000000B4 8BE3                   BF          L15
    000000B6              L14:
    000000B6 84E2                   MOV.B       @(2,R14),R0
    000000B8 6203                   MOV         R0,R2
    000000BA 662C                   EXTU.B      R2,R6
    000000BC 666C                   EXTU.B      R6,R6
    000000BE 6C63                   MOV         R6,R12
    000000C0 84E1                   MOV.B       @(1,R14),R0
    000000C2 6203                   MOV         R0,R2
    000000C4 662C                   EXTU.B      R2,R6
    000000C6 666C                   EXTU.B      R6,R6
    000000C8 6263                   MOV         R6,R2
    000000CA 72FF                   ADD         #-1,R2
    000000CC 6D23                   MOV         R2,R13
    000000CE 2CC8                   TST         R12,R12
    000000D0 891C                   BT          L16
    000000D2              L17:
    000000D2 62D3                   MOV         R13,R2
    000000D4 4208                   SHLL2       R2
    000000D6 93B5                   MOV.W       L32,R3     ; H'0084
    000000D8 66E3                   MOV         R14,R6
    000000DA 363C                   ADD         R3,R6
    000000DC 6023                   MOV         R2,R0
    000000DE 046D                   MOV.W       @(R0,R6),R4
    000000E0 65B3                   MOV         R11,R5
    000000E2 644D                   EXTU.W      R4,R4
    000000E4 D35C                   MOV.L       L32+20,R3  ; _itoh
    000000E6 430B                   JSR         @R3
    000000E8 0009                   NOP
    000000EA 62D3                   MOV         R13,R2
    000000EC 4208                   SHLL2       R2
    000000EE 93AA                   MOV.W       L32+2,R3   ; H'0086
    000000F0 66E3                   MOV         R14,R6
    000000F2 363C                   ADD         R3,R6
    000000F4 6023                   MOV         R2,R0
    000000F6 046D                   MOV.W       @(R0,R6),R4
    000000F8 65B3                   MOV         R11,R5
    000000FA 7504                   ADD         #4,R5
    000000FC 644C                   EXTU.B      R4,R4
    000000FE D355                   MOV.L       L32+16,R3  ; _ctoh
    00000100 430B                   JSR         @R3
    00000102 0009                   NOP
    00000104 7B06                   ADD         #6,R11
    00000106 4C10                   DT          R12
    00000108 7D01                   ADD         #1,R13
    0000010A 8BE2                   BF          L17
    0000010C              L16:
    0000010C 909C                   MOV.W       L32+4,R0   ; H'0104
    0000010E 06EC                   MOV.B       @(R0,R14),R6
    00000110 626C                   EXTU.B      R6,R2
    00000112 622C                   EXTU.B      R2,R2
    00000114 E309                   MOV         #9,R3      ; H'00000009
    00000116 3237                   CMP/GT      R3,R2
    00000118 8B07                   BF          L19
    0000011A 9095                   MOV.W       L32+4,R0   ; H'0104
    0000011C 02EC                   MOV.B       @(R0,R14),R2
    0000011E 662C                   EXTU.B      R2,R6
    00000120 666C                   EXTU.B      R6,R6
    00000122 6263                   MOV         R6,R2
    00000124 7237                   ADD         #55,R2
    00000126 A006                   BRA         L20
    00000128 0009                   NOP
    0000012A              L19:
    0000012A 908D                   MOV.W       L32+4,R0   ; H'0104
    0000012C 02EC                   MOV.B       @(R0,R14),R2
    0000012E 662C                   EXTU.B      R2,R6
    00000130 666C                   EXTU.B      R6,R6
    00000132 6263                   MOV         R6,R2
    00000134 7230                   ADD         #48,R2
    00000136              L20:
    00000136 6423                   MOV         R2,R4
    00000138 2B40                   MOV.B       R4,@R11
    0000013A 6CB3                   MOV         R11,R12
    0000013C 7C01                   ADD         #1,R12
    0000013E 6BC3                   MOV         R12,R11
    00000140 9083                   MOV.W       L32+6,R0   ; H'0105
    00000142 06EC                   MOV.B       @(R0,R14),R6
    00000144 626C                   EXTU.B      R6,R2
    00000146 622C                   EXTU.B      R2,R2
    00000148 E309                   MOV         #9,R3      ; H'00000009
    0000014A 3237                   CMP/GT      R3,R2
    0000014C 8B07                   BF          L22
    0000014E 907C                   MOV.W       L32+6,R0   ; H'0105
    00000150 02EC                   MOV.B       @(R0,R14),R2
    00000152 662C                   EXTU.B      R2,R6
    00000154 666C                   EXTU.B      R6,R6
    00000156 6263                   MOV         R6,R2
    00000158 7237                   ADD         #55,R2
    0000015A A006                   BRA         L23
    0000015C 0009                   NOP
    0000015E              L22:
    0000015E 9074                   MOV.W       L32+6,R0   ; H'0105
    00000160 02EC                   MOV.B       @(R0,R14),R2
    00000162 662C                   EXTU.B      R2,R6
    00000164 666C                   EXTU.B      R6,R6
    00000166 6263                   MOV         R6,R2
    00000168 7230                   ADD         #48,R2
    0000016A              L23:
    0000016A 6423                   MOV         R2,R4
    0000016C 2B40                   MOV.B       R4,@R11
    0000016E 6CB3                   MOV         R11,R12
    00000170 7C01                   ADD         #1,R12
    00000172 6BC3                   MOV         R12,R11
    00000174 9069                   MOV.W       L32+6,R0   ; H'0105
    00000176 02EC                   MOV.B       @(R0,R14),R2
    00000178 662C                   EXTU.B      R2,R6
    0000017A 666C                   EXTU.B      R6,R6
    0000017C 6C63                   MOV         R6,R12
    0000017E 9063                   MOV.W       L32+4,R0   ; H'0104
    00000180 06EC                   MOV.B       @(R0,R14),R6
    00000182 626C                   EXTU.B      R6,R2
    00000184 622C                   EXTU.B      R2,R2
    00000186 72FF                   ADD         #-1,R2
    00000188 6D23                   MOV         R2,R13
    0000018A 2CC8                   TST         R12,R12
    0000018C 891D                   BT          L24
    0000018E              L25:
    0000018E 62D3                   MOV         R13,R2
    00000190 4208                   SHLL2       R2
    00000192 935B                   MOV.W       L32+8,R3   ; H'0106
    00000194 66E3                   MOV         R14,R6
    00000196 363C                   ADD         R3,R6
    00000198 6023                   MOV         R2,R0
    0000019A 046D                   MOV.W       @(R0,R6),R4
    0000019C 644D                   EXTU.W      R4,R4
    0000019E 65B3                   MOV         R11,R5
    000001A0 D32D                   MOV.L       L32+20,R3  ; _itoh
    000001A2 430B                   JSR         @R3
    000001A4 0009                   NOP
    000001A6 66D3                   MOV         R13,R6
    000001A8 6263                   MOV         R6,R2
    000001AA 4208                   SHLL2       R2
    000001AC 934F                   MOV.W       L32+10,R3  ; H'0108
    000001AE 66E3                   MOV         R14,R6
    000001B0 363C                   ADD         R3,R6
    000001B2 6023                   MOV         R2,R0
    000001B4 046D                   MOV.W       @(R0,R6),R4
    000001B6 65B3                   MOV         R11,R5
    000001B8 7504                   ADD         #4,R5
    000001BA 644C                   EXTU.B      R4,R4
    000001BC D325                   MOV.L       L32+16,R3  ; _ctoh
    000001BE 430B                   JSR         @R3
    000001C0 0009                   NOP
    000001C2 7B06                   ADD         #6,R11
    000001C4 4C10                   DT          R12
    000001C6 7D01                   ADD         #1,R13
    000001C8 8BE1                   BF          L25
    000001CA              L24:
    000001CA 6CB3                   MOV         R11,R12
    000001CC 9040                   MOV.W       L32+12,R0  ; H'0126
    000001CE 02EC                   MOV.B       @(R0,R14),R2
    000001D0 662C                   EXTU.B      R2,R6
    000001D2 666C                   EXTU.B      R6,R6
    000001D4 E309                   MOV         #9,R3      ; H'00000009
    000001D6 3637                   CMP/GT      R3,R6
    000001D8 8B07                   BF          L27
    000001DA 9039                   MOV.W       L32+12,R0  ; H'0126
    000001DC 02EC                   MOV.B       @(R0,R14),R2
    000001DE 662C                   EXTU.B      R2,R6
    000001E0 666C                   EXTU.B      R6,R6
    000001E2 6263                   MOV         R6,R2
    000001E4 7237                   ADD         #55,R2
    000001E6 A006                   BRA         L28
    000001E8 0009                   NOP
    000001EA              L27:
    000001EA 9031                   MOV.W       L32+12,R0  ; H'0126
    000001EC 02EC                   MOV.B       @(R0,R14),R2
    000001EE 662C                   EXTU.B      R2,R6
    000001F0 666C                   EXTU.B      R6,R6
    000001F2 6263                   MOV         R6,R2
    000001F4 7230                   ADD         #48,R2
    000001F6              L28:
    000001F6 6423                   MOV         R2,R4
    000001F8 2C40                   MOV.B       R4,@R12
    000001FA 7C01                   ADD         #1,R12
    000001FC ED00                   MOV         #0,R13     ; H'00000000
    000001FE 9027                   MOV.W       L32+12,R0  ; H'0126
    00000200 06EC                   MOV.B       @(R0,R14),R6
    00000202 626C                   EXTU.B      R6,R2
    00000204 622C                   EXTU.B      R2,R2
    00000206 3D23                   CMP/GE      R2,R13
    00000208 8913                   BT          L29
    0000020A              L30:
    0000020A 62D3                   MOV         R13,R2
    0000020C 4200                   SHLL        R2
    0000020E 9320                   MOV.W       L32+14,R3  ; H'0128
    00000210 66E3                   MOV         R14,R6
    00000212 363C                   ADD         R3,R6
    00000214 6023                   MOV         R2,R0
    00000216 046D                   MOV.W       @(R0,R6),R4
    00000218 65C3                   MOV         R12,R5
    0000021A 644D                   EXTU.W      R4,R4
    0000021C D30E                   MOV.L       L32+20,R3  ; _itoh
    0000021E 430B                   JSR         @R3
    00000220 0009                   NOP
    00000222 7C04                   ADD         #4,R12
    00000224 7D01                   ADD         #1,R13
    00000226 9013                   MOV.W       L32+12,R0  ; H'0126
    00000228 06EC                   MOV.B       @(R0,R14),R6
    0000022A 626C                   EXTU.B      R6,R2
    0000022C 622C                   EXTU.B      R2,R2
    0000022E 3D23                   CMP/GE      R2,R13
    00000230 8BEB                   BF          L30
    00000232              L29:
    00000232 60C3                   MOV         R12,R0
    00000234 7F10                   ADD         #16,R15
    00000236 4F26                   LDS.L       @R15+,PR
    00000238 6EF6                   MOV.L       @R15+,R14
    0000023A 6DF6                   MOV.L       @R15+,R13
    0000023C 6CF6                   MOV.L       @R15+,R12
    0000023E 6BF6                   MOV.L       @R15+,R11
    00000240 000B                   RTS
    00000242 0009                   NOP
    00000244              L32:
    00000244 0084                   .DATA.W     H'0084
    00000246 0086                   .DATA.W     H'0086
    00000248 0104                   .DATA.W     H'0104
    0000024A 0105                   .DATA.W     H'0105
    0000024C 0106                   .DATA.W     H'0106
    0000024E 0108                   .DATA.W     H'0108
    00000250 0126                   .DATA.W     H'0126
    00000252 0128                   .DATA.W     H'0128
    00000254 <00000000>             .DATA.L     _ctoh
    00000258 <00000000>             .DATA.L     _itoh
SH SERIES C/C++ Compiler (Ver. checker(2003.03.17))                                              10-Feb-2005 14:51:24  PAGE    1


******** STATISTICS INFORMATION ********


********** ERROR INFORMATION ***********

NUMBER OF ERRORS:           0
NUMBER OF WARNINGS:         0
NUMBER OF INFORMATIONS:     0



******* SOURCE LINE INFORMATION ********

COMPILED SOURCE LINE:       99



******* SECTION SIZE INFORMATION *******

PROGRAM  SECTION (P):                               0000025C Byte(s)
CONSTANT SECTION (C):                               00000000 Byte(s)
DATA     SECTION (D):                               00000000 Byte(s)
BSS      SECTION (B):                               00000000 Byte(s)

TOTAL PROGRAM  SECTION: 0000025C Byte(s)
TOTAL CONSTANT SECTION: 00000000 Byte(s)
TOTAL DATA     SECTION: 00000000 Byte(s)
TOTAL BSS      SECTION: 00000000 Byte(s)

    TOTAL PROGRAM SIZE: 0000025C Byte(s)



********** LABEL INFORMATION ***********

NUMBER OF EXTERNAL REFERENCE SYMBOLS:            2
NUMBER OF EXTERNAL DEFINITION SYMBOLS:           1
NUMBER OF INTERNAL/EXTERNAL SYMBOLS:            20
*** COMMAND PARAMETER ***


  -cpu=sh3 -op=0 -en=big -me -debug -comment=nest -l -def=DEBUG -i=P:\PRESTO2\SHINC,C:\usr\local\SH\7_1_1\include,P:\PRESTO2\NORTI_12\inc dzi206.c 

