SH SERIES C/C++ Compiler (Ver. checker(2003.03.17))                                              10-Feb-2005 14:51:21  PAGE    1

************ OBJECT LISTING ************

FILE NAME: dzi204.c

SCT OFFSET   CODE       C LABEL     INSTRUCTION OPERAND    COMMENT

P   00000000              _dz_print_afv_coeffi:            ; function: dz_print_afv_coeffi
                                                           ; frame size=12
    00000000 2FD6                   MOV.L       R13,@-R15
    00000002 2FE6                   MOV.L       R14,@-R15
    00000004 4F22                   STS.L       PR,@-R15
    00000006 6D53                   MOV         R5,R13
    00000008 6E43                   MOV         R4,R14
    0000000A 62D0                   MOV.B       @R13,R2
    0000000C 642C                   EXTU.B      R2,R4
    0000000E 65E3                   MOV         R14,R5
    00000010 7505                   ADD         #5,R5
    00000012 644C                   EXTU.B      R4,R4
    00000014 D30B                   MOV.L       L12+2,R3   ; _ctoh
    00000016 430B                   JSR         @R3
    00000018 0009                   NOP
    0000001A 54D1                   MOV.L       @(4,R13),R4
    0000001C 65E3                   MOV         R14,R5
    0000001E 7507                   ADD         #7,R5
    00000020 D309                   MOV.L       L12+6,R3   ; _ltoh
    00000022 430B                   JSR         @R3
    00000024 0009                   NOP
    00000026 54D2                   MOV.L       @(8,R13),R4
    00000028 65E3                   MOV         R14,R5
    0000002A 750F                   ADD         #15,R5
    0000002C D306                   MOV.L       L12+6,R3   ; _ltoh
    0000002E 430B                   JSR         @R3
    00000030 0009                   NOP
    00000032 7E17                   ADD         #23,R14
    00000034 62E3                   MOV         R14,R2
    00000036 6023                   MOV         R2,R0
    00000038 4F26                   LDS.L       @R15+,PR
    0000003A 6EF6                   MOV.L       @R15+,R14
    0000003C 6DF6                   MOV.L       @R15+,R13
    0000003E 000B                   RTS
    00000040 0009                   NOP
    00000042              L12:
    00000042 00000002               .RES.W      1
    00000044 <00000000>             .DATA.L     _ctoh
    00000048 <00000000>             .DATA.L     _ltoh
SH SERIES C/C++ Compiler (Ver. checker(2003.03.17))                                              10-Feb-2005 14:51:21  PAGE    1


******** STATISTICS INFORMATION ********


********** ERROR INFORMATION ***********

NUMBER OF ERRORS:           0
NUMBER OF WARNINGS:         0
NUMBER OF INFORMATIONS:     0



******* SOURCE LINE INFORMATION ********

COMPILED SOURCE LINE:       57



******* SECTION SIZE INFORMATION *******

PROGRAM  SECTION (P):                               0000004C Byte(s)
CONSTANT SECTION (C):                               00000000 Byte(s)
DATA     SECTION (D):                               00000000 Byte(s)
BSS      SECTION (B):                               00000000 Byte(s)

TOTAL PROGRAM  SECTION: 0000004C Byte(s)
TOTAL CONSTANT SECTION: 00000000 Byte(s)
TOTAL DATA     SECTION: 00000000 Byte(s)
TOTAL BSS      SECTION: 00000000 Byte(s)

    TOTAL PROGRAM SIZE: 0000004C Byte(s)



********** LABEL INFORMATION ***********

NUMBER OF EXTERNAL REFERENCE SYMBOLS:            2
NUMBER OF EXTERNAL DEFINITION SYMBOLS:           1
NUMBER OF INTERNAL/EXTERNAL SYMBOLS:             4
*** COMMAND PARAMETER ***


  -cpu=sh3 -op=0 -en=big -me -debug -comment=nest -l -def=DEBUG -i=P:\PRESTO2\SHINC,C:\usr\local\SH\7_1_1\include,P:\PRESTO2\NORTI_12\inc dzi204.c 

