SH SERIES C/C++ Compiler (Ver. checker(2003.03.17))                                              10-Feb-2005 14:51:07  PAGE    1

************ OBJECT LISTING ************

FILE NAME: dzr010.c

SCT OFFSET   CODE       C LABEL     INSTRUCTION OPERAND    COMMENT

P   00000000              _dz_print_wei_spec1:             ; function: dz_print_wei_spec1
                                                           ; frame size=0
    00000000 6252                   MOV.L       @R5,R2
    00000002 E309                   MOV         #9,R3      ; H'00000009
    00000004 3237                   CMP/GT      R3,R2
    00000006 8B03                   BF          L12
    00000008 6252                   MOV.L       @R5,R2
    0000000A 7237                   ADD         #55,R2
    0000000C A002                   BRA         L13
    0000000E 0009                   NOP
    00000010              L12:
    00000010 6252                   MOV.L       @R5,R2
    00000012 7230                   ADD         #48,R2
    00000014              L13:
    00000014 6023                   MOV         R2,R0
    00000016 8044                   MOV.B       R0,@(4,R4)
    00000018 8454                   MOV.B       @(4,R5),R0
    0000001A 6603                   MOV         R0,R6
    0000001C 626C                   EXTU.B      R6,R2
    0000001E 622C                   EXTU.B      R2,R2
    00000020 E309                   MOV         #9,R3      ; H'00000009
    00000022 3237                   CMP/GT      R3,R2
    00000024 8B07                   BF          L15
    00000026 8454                   MOV.B       @(4,R5),R0
    00000028 6203                   MOV         R0,R2
    0000002A 662C                   EXTU.B      R2,R6
    0000002C 666C                   EXTU.B      R6,R6
    0000002E 6263                   MOV         R6,R2
    00000030 7237                   ADD         #55,R2
    00000032 A005                   BRA         L16
    00000034 0009                   NOP
    00000036              L15:
    00000036 8454                   MOV.B       @(4,R5),R0
    00000038 6603                   MOV         R0,R6
    0000003A 626C                   EXTU.B      R6,R2
    0000003C 622C                   EXTU.B      R2,R2
    0000003E 7230                   ADD         #48,R2
    00000040              L16:
    00000040 6023                   MOV         R2,R0
    00000042 8045                   MOV.B       R0,@(5,R4)
    00000044 5252                   MOV.L       @(8,R5),R2
    00000046 E309                   MOV         #9,R3      ; H'00000009
    00000048 3237                   CMP/GT      R3,R2
    0000004A 8B03                   BF          L18
    0000004C 5252                   MOV.L       @(8,R5),R2
    0000004E 7237                   ADD         #55,R2
    00000050 A002                   BRA         L19
    00000052 0009                   NOP
    00000054              L18:
    00000054 5252                   MOV.L       @(8,R5),R2
    00000056 7230                   ADD         #48,R2
    00000058              L19:
    00000058 6023                   MOV         R2,R0
    0000005A 8046                   MOV.B       R0,@(6,R4)
    0000005C 5253                   MOV.L       @(12,R5),R2
    0000005E E309                   MOV         #9,R3      ; H'00000009
    00000060 3237                   CMP/GT      R3,R2
    00000062 8B03                   BF          L21
    00000064 5253                   MOV.L       @(12,R5),R2
    00000066 7237                   ADD         #55,R2
    00000068 A002                   BRA         L22
    0000006A 0009                   NOP
    0000006C              L21:
    0000006C 5253                   MOV.L       @(12,R5),R2
    0000006E 7230                   ADD         #48,R2
    00000070              L22:
    00000070 6023                   MOV         R2,R0
    00000072 8047                   MOV.B       R0,@(7,R4)
    00000074 6243                   MOV         R4,R2
    00000076 7208                   ADD         #8,R2
    00000078 6023                   MOV         R2,R0
    0000007A 000B                   RTS
    0000007C 0009                   NOP
SH SERIES C/C++ Compiler (Ver. checker(2003.03.17))                                              10-Feb-2005 14:51:07  PAGE    1


******** STATISTICS INFORMATION ********


********** ERROR INFORMATION ***********

NUMBER OF ERRORS:           0
NUMBER OF WARNINGS:         0
NUMBER OF INFORMATIONS:     0



******* SOURCE LINE INFORMATION ********

COMPILED SOURCE LINE:       58



******* SECTION SIZE INFORMATION *******

PROGRAM  SECTION (P):                               0000007E Byte(s)
CONSTANT SECTION (C):                               00000000 Byte(s)
DATA     SECTION (D):                               00000000 Byte(s)
BSS      SECTION (B):                               00000000 Byte(s)

TOTAL PROGRAM  SECTION: 0000007E Byte(s)
TOTAL CONSTANT SECTION: 00000000 Byte(s)
TOTAL DATA     SECTION: 00000000 Byte(s)
TOTAL BSS      SECTION: 00000000 Byte(s)

    TOTAL PROGRAM SIZE: 0000007E Byte(s)



********** LABEL INFORMATION ***********

NUMBER OF EXTERNAL REFERENCE SYMBOLS:            0
NUMBER OF EXTERNAL DEFINITION SYMBOLS:           1
NUMBER OF INTERNAL/EXTERNAL SYMBOLS:             9
*** COMMAND PARAMETER ***


  -cpu=sh3 -op=0 -en=big -me -debug -comment=nest -l -def=DEBUG -i=P:\PRESTO2\SHINC,C:\usr\local\SH\7_1_1\include,P:\PRESTO2\NORTI_12\inc dzr010.c 

