SH SERIES C/C++ Compiler (Ver. checker(2003.03.17))                                              10-Feb-2005 14:51:18  PAGE    1

************ OBJECT LISTING ************

FILE NAME: dzr212.c

SCT OFFSET   CODE       C LABEL     INSTRUCTION OPERAND    COMMENT

P   00000000              _dz_print_afv_coord:             ; function: dz_print_afv_coord
                                                           ; frame size=24
    00000000 2FC6                   MOV.L       R12,@-R15
    00000002 2FD6                   MOV.L       R13,@-R15
    00000004 2FE6                   MOV.L       R14,@-R15
    00000006 4F22                   STS.L       PR,@-R15
    00000008 7FF8                   ADD         #-8,R15
    0000000A 6C53                   MOV         R5,R12
    0000000C 6243                   MOV         R4,R2
    0000000E 7205                   ADD         #5,R2
    00000010 6D23                   MOV         R2,R13
    00000012 66C0                   MOV.B       @R12,R6
    00000014 626C                   EXTU.B      R6,R2
    00000016 622C                   EXTU.B      R2,R2
    00000018 E309                   MOV         #9,R3      ; H'00000009
    0000001A 3237                   CMP/GT      R3,R2
    0000001C 8B06                   BF          L12
    0000001E 62C0                   MOV.B       @R12,R2
    00000020 662C                   EXTU.B      R2,R6
    00000022 666C                   EXTU.B      R6,R6
    00000024 6263                   MOV         R6,R2
    00000026 7237                   ADD         #55,R2
    00000028 A005                   BRA         L13
    0000002A 0009                   NOP
    0000002C              L12:
    0000002C 62C0                   MOV.B       @R12,R2
    0000002E 662C                   EXTU.B      R2,R6
    00000030 666C                   EXTU.B      R6,R6
    00000032 6263                   MOV         R6,R2
    00000034 7230                   ADD         #48,R2
    00000036              L13:
    00000036 2D20                   MOV.B       R2,@R13
    00000038 7D01                   ADD         #1,R13
    0000003A EE00                   MOV         #0,R14     ; H'00000000
    0000003C 64E3                   MOV         R14,R4
    0000003E E228                   MOV         #40,R2     ; H'00000028
    00000040 4201                   SHLR        R2
    00000042 3422                   CMP/HS      R2,R4
    00000044 8912                   BT          L14
    00000046              L15:
    00000046 66E3                   MOV         R14,R6
    00000048 6263                   MOV         R6,R2
    0000004A 4200                   SHLL        R2
    0000004C 66C3                   MOV         R12,R6
    0000004E 7602                   ADD         #2,R6
    00000050 6023                   MOV         R2,R0
    00000052 046D                   MOV.W       @(R0,R6),R4
    00000054 65D3                   MOV         R13,R5
    00000056 644D                   EXTU.W      R4,R4
    00000058 D320                   MOV.L       L21+2,R3   ; _itoh
    0000005A 430B                   JSR         @R3
    0000005C 0009                   NOP
    0000005E 7D04                   ADD         #4,R13
    00000060 7E01                   ADD         #1,R14
    00000062 66E3                   MOV         R14,R6
    00000064 E228                   MOV         #40,R2     ; H'00000028
    00000066 4201                   SHLR        R2
    00000068 3622                   CMP/HS      R2,R6
    0000006A 8BEC                   BF          L15
    0000006C              L14:
    0000006C EE00                   MOV         #0,R14     ; H'00000000
    0000006E 64E3                   MOV         R14,R4
    00000070 E228                   MOV         #40,R2     ; H'00000028
    00000072 4201                   SHLR        R2
    00000074 3422                   CMP/HS      R2,R4
    00000076 8912                   BT          L16
    00000078              L17:
    00000078 66E3                   MOV         R14,R6
    0000007A 6263                   MOV         R6,R2
    0000007C 4200                   SHLL        R2
    0000007E 66C3                   MOV         R12,R6
    00000080 762A                   ADD         #42,R6
    00000082 6023                   MOV         R2,R0
    00000084 046D                   MOV.W       @(R0,R6),R4
    00000086 65D3                   MOV         R13,R5
    00000088 644D                   EXTU.W      R4,R4
    0000008A D314                   MOV.L       L21+2,R3   ; _itoh
    0000008C 430B                   JSR         @R3
    0000008E 0009                   NOP
    00000090 7D04                   ADD         #4,R13
    00000092 7E01                   ADD         #1,R14
    00000094 66E3                   MOV         R14,R6
    00000096 E228                   MOV         #40,R2     ; H'00000028
    00000098 4201                   SHLR        R2
    0000009A 3622                   CMP/HS      R2,R6
    0000009C 8BEC                   BF          L17
    0000009E              L16:
    0000009E EE00                   MOV         #0,R14     ; H'00000000
    000000A0 64E3                   MOV         R14,R4
    000000A2 E240                   MOV         #64,R2     ; H'00000040
    000000A4 4209                   SHLR2       R2
    000000A6 3422                   CMP/HS      R2,R4
    000000A8 890F                   BT          L18
    000000AA              L19:
    000000AA 62E3                   MOV         R14,R2
    000000AC 4208                   SHLL2       R2
    000000AE 66C3                   MOV         R12,R6
    000000B0 7654                   ADD         #84,R6
    000000B2 6023                   MOV         R2,R0
    000000B4 046E                   MOV.L       @(R0,R6),R4
    000000B6 65D3                   MOV         R13,R5
    000000B8 D309                   MOV.L       L21+6,R3   ; _ltoh
    000000BA 430B                   JSR         @R3
    000000BC 0009                   NOP
    000000BE 7D08                   ADD         #8,R13
    000000C0 7E01                   ADD         #1,R14
    000000C2 E240                   MOV         #64,R2     ; H'00000040
    000000C4 4209                   SHLR2       R2
    000000C6 3E22                   CMP/HS      R2,R14
    000000C8 8BEF                   BF          L19
    000000CA              L18:
    000000CA 60D3                   MOV         R13,R0
    000000CC 7F08                   ADD         #8,R15
    000000CE 4F26                   LDS.L       @R15+,PR
    000000D0 6EF6                   MOV.L       @R15+,R14
    000000D2 6DF6                   MOV.L       @R15+,R13
    000000D4 6CF6                   MOV.L       @R15+,R12
    000000D6 000B                   RTS
    000000D8 0009                   NOP
    000000DA              L21:
    000000DA 00000002               .RES.W      1
    000000DC <00000000>             .DATA.L     _itoh
    000000E0 <00000000>             .DATA.L     _ltoh
SH SERIES C/C++ Compiler (Ver. checker(2003.03.17))                                              10-Feb-2005 14:51:18  PAGE    1


******** STATISTICS INFORMATION ********


********** ERROR INFORMATION ***********

NUMBER OF ERRORS:           0
NUMBER OF WARNINGS:         0
NUMBER OF INFORMATIONS:     0



******* SOURCE LINE INFORMATION ********

COMPILED SOURCE LINE:       76



******* SECTION SIZE INFORMATION *******

PROGRAM  SECTION (P):                               000000E4 Byte(s)
CONSTANT SECTION (C):                               00000000 Byte(s)
DATA     SECTION (D):                               00000000 Byte(s)
BSS      SECTION (B):                               00000000 Byte(s)

TOTAL PROGRAM  SECTION: 000000E4 Byte(s)
TOTAL CONSTANT SECTION: 00000000 Byte(s)
TOTAL DATA     SECTION: 00000000 Byte(s)
TOTAL BSS      SECTION: 00000000 Byte(s)

    TOTAL PROGRAM SIZE: 000000E4 Byte(s)



********** LABEL INFORMATION ***********

NUMBER OF EXTERNAL REFERENCE SYMBOLS:            2
NUMBER OF EXTERNAL DEFINITION SYMBOLS:           1
NUMBER OF INTERNAL/EXTERNAL SYMBOLS:            12
*** COMMAND PARAMETER ***


  -cpu=sh3 -op=0 -en=big -me -debug -comment=nest -l -def=DEBUG -i=P:\PRESTO2\SHINC,C:\usr\local\SH\7_1_1\include,P:\PRESTO2\NORTI_12\inc dzr212.c 

