SH SERIES C/C++ Compiler (Ver. checker(2003.03.17))                                              10-Feb-2005 14:51:14  PAGE    1

************ OBJECT LISTING ************

FILE NAME: dzr209.c

SCT OFFSET   CODE       C LABEL     INSTRUCTION OPERAND    COMMENT

P   00000000              _dz_scan_hop_spec:               ; function: dz_scan_hop_spec
                                                           ; frame size=24
    00000000 2FD6                   MOV.L       R13,@-R15
    00000002 2FE6                   MOV.L       R14,@-R15
    00000004 4F22                   STS.L       PR,@-R15
    00000006 7FF4                   ADD         #-12,R15
    00000008 6E43                   MOV         R4,R14
    0000000A 7E05                   ADD         #5,R14
    0000000C 64E3                   MOV         R14,R4
    0000000E D35D                   MOV.L       L34+2,R3   ; _htoc
    00000010 430B                   JSR         @R3
    00000012 0009                   NOP
    00000014 6203                   MOV         R0,R2
    00000016 632C                   EXTU.B      R2,R3
    00000018 D15B                   MOV.L       L34+6,R1   ; _dzr209s
    0000001A 2130                   MOV.B       R3,@R1
    0000001C 7E02                   ADD         #2,R14
    0000001E 64E3                   MOV         R14,R4
    00000020 D35A                   MOV.L       L34+10,R3  ; _htol
    00000022 430B                   JSR         @R3
    00000024 0009                   NOP
    00000026 6303                   MOV         R0,R3
    00000028 D159                   MOV.L       L34+14,R1  ; H'00000004+_dzr209s
    0000002A 2132                   MOV.L       R3,@R1
    0000002C 7E08                   ADD         #8,R14
    0000002E 64E3                   MOV         R14,R4
    00000030 D358                   MOV.L       L34+18,R3  ; _htoi
    00000032 430B                   JSR         @R3
    00000034 0009                   NOP
    00000036 6203                   MOV         R0,R2
    00000038 632D                   EXTU.W      R2,R3
    0000003A D157                   MOV.L       L34+22,R1  ; H'00000008+_dzr209s
    0000003C 2131                   MOV.W       R3,@R1
    0000003E 7E04                   ADD         #4,R14
    00000040 62E0                   MOV.B       @R14,R2
    00000042 662C                   EXTU.B      R2,R6
    00000044 666C                   EXTU.B      R6,R6
    00000046 E339                   MOV         #57,R3     ; H'00000039
    00000048 3637                   CMP/GT      R3,R6
    0000004A 8B05                   BF          L12
    0000004C 62E0                   MOV.B       @R14,R2
    0000004E 662C                   EXTU.B      R2,R6
    00000050 666C                   EXTU.B      R6,R6
    00000052 76C9                   ADD         #-55,R6
    00000054 A004                   BRA         L13
    00000056 0009                   NOP
    00000058              L12:
    00000058 62E0                   MOV.B       @R14,R2
    0000005A 662C                   EXTU.B      R2,R6
    0000005C 666C                   EXTU.B      R6,R6
    0000005E 76D0                   ADD         #-48,R6
    00000060              L13:
    00000060 6263                   MOV         R6,R2
    00000062 622C                   EXTU.B      R2,R2
    00000064 6323                   MOV         R2,R3
    00000066 D14D                   MOV.L       L34+26,R1  ; H'0000000C+_dzr209s
    00000068 2132                   MOV.L       R3,@R1
    0000006A 7E01                   ADD         #1,R14
    0000006C 66E0                   MOV.B       @R14,R6
    0000006E 626C                   EXTU.B      R6,R2
    00000070 622C                   EXTU.B      R2,R2
    00000072 E339                   MOV         #57,R3     ; H'00000039
    00000074 3237                   CMP/GT      R3,R2
    00000076 8B06                   BF          L15
    00000078 62E0                   MOV.B       @R14,R2
    0000007A 652C                   EXTU.B      R2,R5
    0000007C 655C                   EXTU.B      R5,R5
    0000007E 6653                   MOV         R5,R6
    00000080 76C9                   ADD         #-55,R6
    00000082 A004                   BRA         L16
    00000084 0009                   NOP
    00000086              L15:
    00000086 62E0                   MOV.B       @R14,R2
    00000088 662C                   EXTU.B      R2,R6
    0000008A 666C                   EXTU.B      R6,R6
    0000008C 76D0                   ADD         #-48,R6
    0000008E              L16:
    0000008E 6263                   MOV         R6,R2
    00000090 6323                   MOV         R2,R3
    00000092 D143                   MOV.L       L34+30,R1  ; H'00000010+_dzr209s
    00000094 2130                   MOV.B       R3,@R1
    00000096 7E01                   ADD         #1,R14
    00000098 66E0                   MOV.B       @R14,R6
    0000009A 626C                   EXTU.B      R6,R2
    0000009C 622C                   EXTU.B      R2,R2
    0000009E E339                   MOV         #57,R3     ; H'00000039
    000000A0 3237                   CMP/GT      R3,R2
    000000A2 8B06                   BF          L18
    000000A4 62E0                   MOV.B       @R14,R2
    000000A6 662C                   EXTU.B      R2,R6
    000000A8 666C                   EXTU.B      R6,R6
    000000AA 6263                   MOV         R6,R2
    000000AC 72C9                   ADD         #-55,R2
    000000AE A005                   BRA         L19
    000000B0 0009                   NOP
    000000B2              L18:
    000000B2 62E0                   MOV.B       @R14,R2
    000000B4 662C                   EXTU.B      R2,R6
    000000B6 666C                   EXTU.B      R6,R6
    000000B8 6263                   MOV         R6,R2
    000000BA 72D0                   ADD         #-48,R2
    000000BC              L19:
    000000BC 622C                   EXTU.B      R2,R2
    000000BE 6623                   MOV         R2,R6
    000000C0 6363                   MOV         R6,R3
    000000C2 D138                   MOV.L       L34+34,R1  ; H'00000014+_dzr209s
    000000C4 2132                   MOV.L       R3,@R1
    000000C6 7E01                   ADD         #1,R14
    000000C8 62E0                   MOV.B       @R14,R2
    000000CA 662C                   EXTU.B      R2,R6
    000000CC 666C                   EXTU.B      R6,R6
    000000CE E339                   MOV         #57,R3     ; H'00000039
    000000D0 3637                   CMP/GT      R3,R6
    000000D2 8B06                   BF          L21
    000000D4 62E0                   MOV.B       @R14,R2
    000000D6 662C                   EXTU.B      R2,R6
    000000D8 666C                   EXTU.B      R6,R6
    000000DA 6263                   MOV         R6,R2
    000000DC 72C9                   ADD         #-55,R2
    000000DE A005                   BRA         L22
    000000E0 0009                   NOP
    000000E2              L21:
    000000E2 62E0                   MOV.B       @R14,R2
    000000E4 662C                   EXTU.B      R2,R6
    000000E6 666C                   EXTU.B      R6,R6
    000000E8 6263                   MOV         R6,R2
    000000EA 72D0                   ADD         #-48,R2
    000000EC              L22:
    000000EC 622C                   EXTU.B      R2,R2
    000000EE 6623                   MOV         R2,R6
    000000F0 6363                   MOV         R6,R3
    000000F2 D12D                   MOV.L       L34+38,R1  ; H'00000018+_dzr209s
    000000F4 2132                   MOV.L       R3,@R1
    000000F6 7E01                   ADD         #1,R14
    000000F8 D32B                   MOV.L       L34+38,R3  ; H'00000018+_dzr209s
    000000FA 6132                   MOV.L       @R3,R1
    000000FC 6332                   MOV.L       @R3,R3
    000000FE 2318                   TST         R1,R3
    00000100 8901                   BT          L36
    00000102 A136                   BRA         L24
    00000104 0009                   NOP
    00000106              L36:
    00000106 66E0                   MOV.B       @R14,R6
    00000108 626C                   EXTU.B      R6,R2
    0000010A 622C                   EXTU.B      R2,R2
    0000010C E339                   MOV         #57,R3     ; H'00000039
    0000010E 3237                   CMP/GT      R3,R2
    00000110 8B05                   BF          L26
    00000112 66E0                   MOV.B       @R14,R6
    00000114 626C                   EXTU.B      R6,R2
    00000116 622C                   EXTU.B      R2,R2
    00000118 72C9                   ADD         #-55,R2
    0000011A A004                   BRA         L27
    0000011C 0009                   NOP
    0000011E              L26:
    0000011E 66E0                   MOV.B       @R14,R6
    00000120 626C                   EXTU.B      R6,R2
    00000122 622C                   EXTU.B      R2,R2
    00000124 72D0                   ADD         #-48,R2
    00000126              L27:
    00000126 622C                   EXTU.B      R2,R2
    00000128 6623                   MOV         R2,R6
    0000012A 6363                   MOV         R6,R3
    0000012C D11F                   MOV.L       L34+42,R1  ; H'0000001C+_dzr209s
    0000012E 2132                   MOV.L       R3,@R1
    00000130 7E01                   ADD         #1,R14
    00000132 64E3                   MOV         R14,R4
    00000134 D317                   MOV.L       L34+18,R3  ; _htoi
    00000136 430B                   JSR         @R3
    00000138 0009                   NOP
    0000013A 6203                   MOV         R0,R2
    0000013C 632D                   EXTU.W      R2,R3
    0000013E D11C                   MOV.L       L34+46,R1  ; H'00000020+_dzr209s
    00000140 2131                   MOV.W       R3,@R1
    00000142 7E04                   ADD         #4,R14
    00000144 64E3                   MOV         R14,R4
    00000146 D313                   MOV.L       L34+18,R3  ; _htoi
    00000148 430B                   JSR         @R3
    0000014A 0009                   NOP
    0000014C 6203                   MOV         R0,R2
    0000014E 632D                   EXTU.W      R2,R3
    00000150 D118                   MOV.L       L34+50,R1  ; H'00000022+_dzr209s
    00000152 2131                   MOV.W       R3,@R1
    00000154 7E04                   ADD         #4,R14
    00000156 64E3                   MOV         R14,R4
    00000158 D30A                   MOV.L       L34+2,R3   ; _htoc
    0000015A 430B                   JSR         @R3
    0000015C 0009                   NOP
    0000015E 6203                   MOV         R0,R2
    00000160 632C                   EXTU.B      R2,R3
    00000162 D115                   MOV.L       L34+54,R1  ; H'00000024+_dzr209s
    00000164 2130                   MOV.B       R3,@R1
    00000166 7E02                   ADD         #2,R14
    00000168 66E0                   MOV.B       @R14,R6
    0000016A 626C                   EXTU.B      R6,R2
    0000016C 622C                   EXTU.B      R2,R2
    0000016E E339                   MOV         #57,R3     ; H'00000039
    00000170 3237                   CMP/GT      R3,R2
    00000172 8B23                   BF          L29
    00000174 62E0                   MOV.B       @R14,R2
    00000176 662C                   EXTU.B      R2,R6
    00000178 666C                   EXTU.B      R6,R6
    0000017A 6263                   MOV         R6,R2
    0000017C 72C9                   ADD         #-55,R2
    0000017E A021                   BRA         L30
    00000180 0009                   NOP
    00000182              L34:
    00000182 00000002               .RES.W      1
    00000184 <00000000>             .DATA.L     _htoc
    00000188 <00000000>             .DATA.L     _dzr209s
    0000018C <00000000>             .DATA.L     _htol
    00000190 <00000004>             .DATA.L     H'00000004+_dzr209s
    00000194 <00000000>             .DATA.L     _htoi
    00000198 <00000008>             .DATA.L     H'00000008+_dzr209s
    0000019C <0000000C>             .DATA.L     H'0000000C+_dzr209s
    000001A0 <00000010>             .DATA.L     H'00000010+_dzr209s
    000001A4 <00000014>             .DATA.L     H'00000014+_dzr209s
    000001A8 <00000018>             .DATA.L     H'00000018+_dzr209s
    000001AC <0000001C>             .DATA.L     H'0000001C+_dzr209s
    000001B0 <00000020>             .DATA.L     H'00000020+_dzr209s
    000001B4 <00000022>             .DATA.L     H'00000022+_dzr209s
    000001B8 <00000024>             .DATA.L     H'00000024+_dzr209s
    000001BC              L29:
    000001BC 66E0                   MOV.B       @R14,R6
    000001BE 626C                   EXTU.B      R6,R2
    000001C0 622C                   EXTU.B      R2,R2
    000001C2 72D0                   ADD         #-48,R2
    000001C4              L30:
    000001C4 622C                   EXTU.B      R2,R2
    000001C6 6623                   MOV         R2,R6
    000001C8 6363                   MOV         R6,R3
    000001CA D184                   MOV.L       L35,R1     ; H'00000028+_dzr209s
    000001CC 2132                   MOV.L       R3,@R1
    000001CE 7E01                   ADD         #1,R14
    000001D0 64E3                   MOV         R14,R4
    000001D2 D383                   MOV.L       L35+4,R3   ; _htoc
    000001D4 430B                   JSR         @R3
    000001D6 0009                   NOP
    000001D8 6203                   MOV         R0,R2
    000001DA 632C                   EXTU.B      R2,R3
    000001DC D181                   MOV.L       L35+8,R1   ; H'0000002C+_dzr209s
    000001DE 2130                   MOV.B       R3,@R1
    000001E0 7E02                   ADD         #2,R14
    000001E2 64E3                   MOV         R14,R4
    000001E4 D37E                   MOV.L       L35+4,R3   ; _htoc
    000001E6 430B                   JSR         @R3
    000001E8 0009                   NOP
    000001EA 6203                   MOV         R0,R2
    000001EC 632C                   EXTU.B      R2,R3
    000001EE D17E                   MOV.L       L35+12,R1  ; H'0000002D+_dzr209s
    000001F0 2130                   MOV.B       R3,@R1
    000001F2 7E02                   ADD         #2,R14
    000001F4 64E3                   MOV         R14,R4
    000001F6 D37A                   MOV.L       L35+4,R3   ; _htoc
    000001F8 430B                   JSR         @R3
    000001FA 0009                   NOP
    000001FC 6203                   MOV         R0,R2
    000001FE 632C                   EXTU.B      R2,R3
    00000200 D17A                   MOV.L       L35+16,R1  ; H'0000002E+_dzr209s
    00000202 2130                   MOV.B       R3,@R1
    00000204 7E02                   ADD         #2,R14
    00000206 64E3                   MOV         R14,R4
    00000208 D375                   MOV.L       L35+4,R3   ; _htoc
    0000020A 430B                   JSR         @R3
    0000020C 0009                   NOP
    0000020E 6203                   MOV         R0,R2
    00000210 632C                   EXTU.B      R2,R3
    00000212 6033                   MOV         R3,R0
    00000214 80F4                   MOV.B       R0,@(4,R15)
    00000216 D476                   MOV.L       L35+20,R4  ; H'0000002F+_dzr209s
    00000218 65F3                   MOV         R15,R5
    0000021A 7504                   ADD         #4,R5
    0000021C E601                   MOV         #1,R6      ; H'00000001
    0000021E D375                   MOV.L       L35+24,R3  ; _memcpy
    00000220 430B                   JSR         @R3
    00000222 0009                   NOP
    00000224 7E02                   ADD         #2,R14
    00000226 64E3                   MOV         R14,R4
    00000228 D373                   MOV.L       L35+28,R3  ; _htoi
    0000022A 430B                   JSR         @R3
    0000022C 0009                   NOP
    0000022E 6603                   MOV         R0,R6
    00000230 626D                   EXTU.W      R6,R2
    00000232 622F                   EXTS.W      R2,R2
    00000234 6323                   MOV         R2,R3
    00000236 D171                   MOV.L       L35+32,R1  ; H'00000030+_dzr209s
    00000238 2132                   MOV.L       R3,@R1
    0000023A 7E04                   ADD         #4,R14
    0000023C 64E3                   MOV         R14,R4
    0000023E D36E                   MOV.L       L35+28,R3  ; _htoi
    00000240 430B                   JSR         @R3
    00000242 0009                   NOP
    00000244 6603                   MOV         R0,R6
    00000246 626D                   EXTU.W      R6,R2
    00000248 622F                   EXTS.W      R2,R2
    0000024A 6323                   MOV         R2,R3
    0000024C D16C                   MOV.L       L35+36,R1  ; H'00000034+_dzr209s
    0000024E 2132                   MOV.L       R3,@R1
    00000250 7E04                   ADD         #4,R14
    00000252 64E3                   MOV         R14,R4
    00000254 D368                   MOV.L       L35+28,R3  ; _htoi
    00000256 430B                   JSR         @R3
    00000258 0009                   NOP
    0000025A 6203                   MOV         R0,R2
    0000025C 662D                   EXTU.W      R2,R6
    0000025E 6263                   MOV         R6,R2
    00000260 622F                   EXTS.W      R2,R2
    00000262 6323                   MOV         R2,R3
    00000264 D167                   MOV.L       L35+40,R1  ; H'00000038+_dzr209s
    00000266 2132                   MOV.L       R3,@R1
    00000268 7E04                   ADD         #4,R14
    0000026A ED00                   MOV         #0,R13     ; H'00000000
    0000026C D35F                   MOV.L       L35+16,R3  ; H'0000002E+_dzr209s
    0000026E 6330                   MOV.B       @R3,R3
    00000270 633C                   EXTU.B      R3,R3
    00000272 6233                   MOV         R3,R2
    00000274 3D23                   CMP/GE      R2,R13
    00000276 8B01                   BF          L37
    00000278 A0A8                   BRA         L31
    0000027A 0009                   NOP
    0000027C              L37:
    0000027C              L32:
    0000027C 64E3                   MOV         R14,R4
    0000027E D35E                   MOV.L       L35+28,R3  ; _htoi
    00000280 430B                   JSR         @R3
    00000282 0009                   NOP
    00000284 6603                   MOV         R0,R6
    00000286 626D                   EXTU.W      R6,R2
    00000288 D45F                   MOV.L       L35+44,R4  ; H'0000003C+_dzr209s
    0000028A 65D3                   MOV         R13,R5
    0000028C 6653                   MOV         R5,R6
    0000028E 4508                   SHLL2       R5
    00000290 4508                   SHLL2       R5
    00000292 4608                   SHLL2       R6
    00000294 4600                   SHLL        R6
    00000296 356C                   ADD         R6,R5
    00000298 622F                   EXTS.W      R2,R2
    0000029A 6053                   MOV         R5,R0
    0000029C 0426                   MOV.L       R2,@(R0,R4)
    0000029E 7E04                   ADD         #4,R14
    000002A0 64E3                   MOV         R14,R4
    000002A2 D355                   MOV.L       L35+28,R3  ; _htoi
    000002A4 430B                   JSR         @R3
    000002A6 0009                   NOP
    000002A8 6603                   MOV         R0,R6
    000002AA 626D                   EXTU.W      R6,R2
    000002AC D456                   MOV.L       L35+44,R4  ; H'0000003C+_dzr209s
    000002AE 7404                   ADD         #4,R4
    000002B0 66D3                   MOV         R13,R6
    000002B2 6563                   MOV         R6,R5
    000002B4 4608                   SHLL2       R6
    000002B6 4608                   SHLL2       R6
    000002B8 4508                   SHLL2       R5
    000002BA 4500                   SHLL        R5
    000002BC 365C                   ADD         R5,R6
    000002BE 622F                   EXTS.W      R2,R2
    000002C0 6063                   MOV         R6,R0
    000002C2 0426                   MOV.L       R2,@(R0,R4)
    000002C4 7E04                   ADD         #4,R14
    000002C6 64E3                   MOV         R14,R4
    000002C8 D34B                   MOV.L       L35+28,R3  ; _htoi
    000002CA 430B                   JSR         @R3
    000002CC 0009                   NOP
    000002CE 6603                   MOV         R0,R6
    000002D0 626D                   EXTU.W      R6,R2
    000002D2 D44D                   MOV.L       L35+44,R4  ; H'0000003C+_dzr209s
    000002D4 7408                   ADD         #8,R4
    000002D6 65D3                   MOV         R13,R5
    000002D8 6653                   MOV         R5,R6
    000002DA 4508                   SHLL2       R5
    000002DC 4508                   SHLL2       R5
    000002DE 4608                   SHLL2       R6
    000002E0 4600                   SHLL        R6
    000002E2 356C                   ADD         R6,R5
    000002E4 622F                   EXTS.W      R2,R2
    000002E6 6053                   MOV         R5,R0
    000002E8 0426                   MOV.L       R2,@(R0,R4)
    000002EA 7E04                   ADD         #4,R14
    000002EC 64E3                   MOV         R14,R4
    000002EE D342                   MOV.L       L35+28,R3  ; _htoi
    000002F0 430B                   JSR         @R3
    000002F2 0009                   NOP
    000002F4 6603                   MOV         R0,R6
    000002F6 626D                   EXTU.W      R6,R2
    000002F8 D443                   MOV.L       L35+44,R4  ; H'0000003C+_dzr209s
    000002FA 740C                   ADD         #12,R4
    000002FC 66D3                   MOV         R13,R6
    000002FE 6563                   MOV         R6,R5
    00000300 4608                   SHLL2       R6
    00000302 4608                   SHLL2       R6
    00000304 4508                   SHLL2       R5
    00000306 4500                   SHLL        R5
    00000308 365C                   ADD         R5,R6
    0000030A 622F                   EXTS.W      R2,R2
    0000030C 6063                   MOV         R6,R0
    0000030E 0426                   MOV.L       R2,@(R0,R4)
    00000310 7E04                   ADD         #4,R14
    00000312 64E3                   MOV         R14,R4
    00000314 D338                   MOV.L       L35+28,R3  ; _htoi
    00000316 430B                   JSR         @R3
    00000318 0009                   NOP
    0000031A 6203                   MOV         R0,R2
    0000031C 662D                   EXTU.W      R2,R6
    0000031E 6263                   MOV         R6,R2
    00000320 D439                   MOV.L       L35+44,R4  ; H'0000003C+_dzr209s
    00000322 7410                   ADD         #16,R4
    00000324 66D3                   MOV         R13,R6
    00000326 6563                   MOV         R6,R5
    00000328 4608                   SHLL2       R6
    0000032A 4608                   SHLL2       R6
    0000032C 4508                   SHLL2       R5
    0000032E 4500                   SHLL        R5
    00000330 365C                   ADD         R5,R6
    00000332 622F                   EXTS.W      R2,R2
    00000334 6063                   MOV         R6,R0
    00000336 0426                   MOV.L       R2,@(R0,R4)
    00000338 7E04                   ADD         #4,R14
    0000033A 64E3                   MOV         R14,R4
    0000033C D32E                   MOV.L       L35+28,R3  ; _htoi
    0000033E 430B                   JSR         @R3
    00000340 0009                   NOP
    00000342 6603                   MOV         R0,R6
    00000344 626D                   EXTU.W      R6,R2
    00000346 D430                   MOV.L       L35+44,R4  ; H'0000003C+_dzr209s
    00000348 7414                   ADD         #20,R4
    0000034A 66D3                   MOV         R13,R6
    0000034C 6563                   MOV         R6,R5
    0000034E 4608                   SHLL2       R6
    00000350 4608                   SHLL2       R6
    00000352 4508                   SHLL2       R5
    00000354 4500                   SHLL        R5
    00000356 365C                   ADD         R5,R6
    00000358 622F                   EXTS.W      R2,R2
    0000035A 6063                   MOV         R6,R0
    0000035C 0426                   MOV.L       R2,@(R0,R4)
    0000035E 7E04                   ADD         #4,R14
    00000360 7D01                   ADD         #1,R13
    00000362 D322                   MOV.L       L35+16,R3  ; H'0000002E+_dzr209s
    00000364 6330                   MOV.B       @R3,R3
    00000366 633C                   EXTU.B      R3,R3
    00000368 6233                   MOV         R3,R2
    0000036A 3D23                   CMP/GE      R2,R13
    0000036C 8B86                   BF          L32
    0000036E A02D                   BRA         L31
    00000370 0009                   NOP
    00000372              L24:
    00000372 64E3                   MOV         R14,R4
    00000374 D320                   MOV.L       L35+28,R3  ; _htoi
    00000376 430B                   JSR         @R3
    00000378 0009                   NOP
    0000037A 6203                   MOV         R0,R2
    0000037C 632D                   EXTU.W      R2,R3
    0000037E D123                   MOV.L       L35+48,R1  ; H'0000001C+_dzr209s
    00000380 2131                   MOV.W       R3,@R1
    00000382 7E04                   ADD         #4,R14
    00000384 64E3                   MOV         R14,R4
    00000386 D31C                   MOV.L       L35+28,R3  ; _htoi
    00000388 430B                   JSR         @R3
    0000038A 0009                   NOP
    0000038C 6203                   MOV         R0,R2
    0000038E 632D                   EXTU.W      R2,R3
    00000390 D11F                   MOV.L       L35+52,R1  ; H'0000001E+_dzr209s
    00000392 2131                   MOV.W       R3,@R1
    00000394 7E04                   ADD         #4,R14
    00000396 64E3                   MOV         R14,R4
    00000398 D311                   MOV.L       L35+4,R3   ; _htoc
    0000039A 430B                   JSR         @R3
    0000039C 0009                   NOP
    0000039E 6203                   MOV         R0,R2
    000003A0 632C                   EXTU.B      R2,R3
    000003A2 D11C                   MOV.L       L35+56,R1  ; H'00000020+_dzr209s
    000003A4 2130                   MOV.B       R3,@R1
    000003A6 7E02                   ADD         #2,R14
    000003A8 64E3                   MOV         R14,R4
    000003AA D30D                   MOV.L       L35+4,R3   ; _htoc
    000003AC 430B                   JSR         @R3
    000003AE 0009                   NOP
    000003B0 6203                   MOV         R0,R2
    000003B2 632C                   EXTU.B      R2,R3
    000003B4 D118                   MOV.L       L35+60,R1  ; H'00000021+_dzr209s
    000003B6 2130                   MOV.B       R3,@R1
    000003B8 7E02                   ADD         #2,R14
    000003BA 64E3                   MOV         R14,R4
    000003BC D308                   MOV.L       L35+4,R3   ; _htoc
    000003BE 430B                   JSR         @R3
    000003C0 0009                   NOP
    000003C2 6203                   MOV         R0,R2
    000003C4 632C                   EXTU.B      R2,R3
    000003C6 D115                   MOV.L       L35+64,R1  ; H'00000022+_dzr209s
    000003C8 2130                   MOV.B       R3,@R1
    000003CA 7E02                   ADD         #2,R14
    000003CC              L31:
    000003CC E200                   MOV         #0,R2      ; H'00000000
    000003CE 6023                   MOV         R2,R0
    000003D0 7F0C                   ADD         #12,R15
    000003D2 4F26                   LDS.L       @R15+,PR
    000003D4 6EF6                   MOV.L       @R15+,R14
    000003D6 6DF6                   MOV.L       @R15+,R13
    000003D8 000B                   RTS
    000003DA 0009                   NOP
    000003DC              L35:
    000003DC <00000028>             .DATA.L     H'00000028+_dzr209s
    000003E0 <00000000>             .DATA.L     _htoc
    000003E4 <0000002C>             .DATA.L     H'0000002C+_dzr209s
    000003E8 <0000002D>             .DATA.L     H'0000002D+_dzr209s
    000003EC <0000002E>             .DATA.L     H'0000002E+_dzr209s
    000003F0 <0000002F>             .DATA.L     H'0000002F+_dzr209s
    000003F4 <00000000>             .DATA.L     _memcpy
    000003F8 <00000000>             .DATA.L     _htoi
    000003FC <00000030>             .DATA.L     H'00000030+_dzr209s
    00000400 <00000034>             .DATA.L     H'00000034+_dzr209s
    00000404 <00000038>             .DATA.L     H'00000038+_dzr209s
    00000408 <0000003C>             .DATA.L     H'0000003C+_dzr209s
    0000040C <0000001C>             .DATA.L     H'0000001C+_dzr209s
    00000410 <0000001E>             .DATA.L     H'0000001E+_dzr209s
    00000414 <00000020>             .DATA.L     H'00000020+_dzr209s
    00000418 <00000021>             .DATA.L     H'00000021+_dzr209s
    0000041C <00000022>             .DATA.L     H'00000022+_dzr209s
B   00000000              _dzr209s:                        ; static: dzr209s
    00000000 00000004               .RES.L      75
SH SERIES C/C++ Compiler (Ver. checker(2003.03.17))                                              10-Feb-2005 14:51:14  PAGE    1


******** STATISTICS INFORMATION ********


********** ERROR INFORMATION ***********

NUMBER OF ERRORS:           0
NUMBER OF WARNINGS:         0
NUMBER OF INFORMATIONS:     0



******* SOURCE LINE INFORMATION ********

COMPILED SOURCE LINE:      134



******* SECTION SIZE INFORMATION *******

PROGRAM  SECTION (P):                               00000420 Byte(s)
CONSTANT SECTION (C):                               00000000 Byte(s)
DATA     SECTION (D):                               00000000 Byte(s)
BSS      SECTION (B):                               0000012C Byte(s)

TOTAL PROGRAM  SECTION: 00000420 Byte(s)
TOTAL CONSTANT SECTION: 00000000 Byte(s)
TOTAL DATA     SECTION: 00000000 Byte(s)
TOTAL BSS      SECTION: 0000012C Byte(s)

    TOTAL PROGRAM SIZE: 0000054C Byte(s)



********** LABEL INFORMATION ***********

NUMBER OF EXTERNAL REFERENCE SYMBOLS:            4
NUMBER OF EXTERNAL DEFINITION SYMBOLS:           2
NUMBER OF INTERNAL/EXTERNAL SYMBOLS:            25
*** COMMAND PARAMETER ***


  -cpu=sh3 -op=0 -en=big -me -debug -comment=nest -l -def=DEBUG -i=P:\PRESTO2\SHINC,C:\usr\local\SH\7_1_1\include,P:\PRESTO2\NORTI_12\inc dzr209.c 

