SH SERIES C/C++ Compiler (Ver. checker(2003.03.17))                                              10-Feb-2005 14:51:17  PAGE    1

************ OBJECT LISTING ************

FILE NAME: dzr211.c

SCT OFFSET   CODE       C LABEL     INSTRUCTION OPERAND    COMMENT

P   00000000              _dz_scan_afv_coord:              ; function: dz_scan_afv_coord
                                                           ; frame size=32
    00000000 2FC6                   MOV.L       R12,@-R15
    00000002 2FD6                   MOV.L       R13,@-R15
    00000004 2FE6                   MOV.L       R14,@-R15
    00000006 4F22                   STS.L       PR,@-R15
    00000008 7FF0                   ADD         #-16,R15
    0000000A 6D43                   MOV         R4,R13
    0000000C 7D05                   ADD         #5,R13
    0000000E 8445                   MOV.B       @(5,R4),R0
    00000010 6603                   MOV         R0,R6
    00000012 626C                   EXTU.B      R6,R2
    00000014 622C                   EXTU.B      R2,R2
    00000016 E339                   MOV         #57,R3     ; H'00000039
    00000018 3237                   CMP/GT      R3,R2
    0000001A 8B08                   BF          L12
    0000001C 8445                   MOV.B       @(5,R4),R0
    0000001E 6203                   MOV         R0,R2
    00000020 662C                   EXTU.B      R2,R6
    00000022 666C                   EXTU.B      R6,R6
    00000024 6263                   MOV         R6,R2
    00000026 72C9                   ADD         #-55,R2
    00000028 6E23                   MOV         R2,R14
    0000002A A006                   BRA         L13
    0000002C 0009                   NOP
    0000002E              L12:
    0000002E 8445                   MOV.B       @(5,R4),R0
    00000030 6603                   MOV         R0,R6
    00000032 626C                   EXTU.B      R6,R2
    00000034 622C                   EXTU.B      R2,R2
    00000036 72D0                   ADD         #-48,R2
    00000038 6E23                   MOV         R2,R14
    0000003A              L13:
    0000003A 62E3                   MOV         R14,R2
    0000003C 6323                   MOV         R2,R3
    0000003E D11D                   MOV.L       L21,R1     ; _dzr211s
    00000040 2130                   MOV.B       R3,@R1
    00000042 7D01                   ADD         #1,R13
    00000044 DC1C                   MOV.L       L21+4,R12  ; H'00000002+_dzr211s
    00000046 EE14                   MOV         #20,R14    ; H'00000014
    00000048 2EE8                   TST         R14,R14
    0000004A 890B                   BT          L14
    0000004C              L15:
    0000004C 64D3                   MOV         R13,R4
    0000004E D31B                   MOV.L       L21+8,R3   ; _htoi
    00000050 430B                   JSR         @R3
    00000052 0009                   NOP
    00000054 6203                   MOV         R0,R2
    00000056 662D                   EXTU.W      R2,R6
    00000058 62C3                   MOV         R12,R2
    0000005A 7C02                   ADD         #2,R12
    0000005C 2261                   MOV.W       R6,@R2
    0000005E 7D04                   ADD         #4,R13
    00000060 4E10                   DT          R14
    00000062 8BF3                   BF          L15
    00000064              L14:
    00000064 DC16                   MOV.L       L21+12,R12 ; H'0000002A+_dzr211s
    00000066 EE14                   MOV         #20,R14    ; H'00000014
    00000068 2EE8                   TST         R14,R14
    0000006A 890B                   BT          L16
    0000006C              L17:
    0000006C 64D3                   MOV         R13,R4
    0000006E D313                   MOV.L       L21+8,R3   ; _htoi
    00000070 430B                   JSR         @R3
    00000072 0009                   NOP
    00000074 6203                   MOV         R0,R2
    00000076 662D                   EXTU.W      R2,R6
    00000078 62C3                   MOV         R12,R2
    0000007A 7C02                   ADD         #2,R12
    0000007C 2261                   MOV.W       R6,@R2
    0000007E 7D04                   ADD         #4,R13
    00000080 4E10                   DT          R14
    00000082 8BF3                   BF          L17
    00000084              L16:
    00000084 DC0F                   MOV.L       L21+16,R12 ; H'00000054+_dzr211s
    00000086 EE10                   MOV         #16,R14    ; H'00000010
    00000088 2EE8                   TST         R14,R14
    0000008A 890A                   BT          L18
    0000008C              L19:
    0000008C 64D3                   MOV         R13,R4
    0000008E D30E                   MOV.L       L21+20,R3  ; _htol
    00000090 430B                   JSR         @R3
    00000092 0009                   NOP
    00000094 6603                   MOV         R0,R6
    00000096 62C3                   MOV         R12,R2
    00000098 7C04                   ADD         #4,R12
    0000009A 2262                   MOV.L       R6,@R2
    0000009C 7D08                   ADD         #8,R13
    0000009E 4E10                   DT          R14
    000000A0 8BF4                   BF          L19
    000000A2              L18:
    000000A2 E200                   MOV         #0,R2      ; H'00000000
    000000A4 6023                   MOV         R2,R0
    000000A6 7F10                   ADD         #16,R15
    000000A8 4F26                   LDS.L       @R15+,PR
    000000AA 6EF6                   MOV.L       @R15+,R14
    000000AC 6DF6                   MOV.L       @R15+,R13
    000000AE 6CF6                   MOV.L       @R15+,R12
    000000B0 000B                   RTS
    000000B2 0009                   NOP
    000000B4              L21:
    000000B4 <00000000>             .DATA.L     _dzr211s
    000000B8 <00000002>             .DATA.L     H'00000002+_dzr211s
    000000BC <00000000>             .DATA.L     _htoi
    000000C0 <0000002A>             .DATA.L     H'0000002A+_dzr211s
    000000C4 <00000054>             .DATA.L     H'00000054+_dzr211s
    000000C8 <00000000>             .DATA.L     _htol
B   00000000              _dzr211s:                        ; static: dzr211s
    00000000 00000004               .RES.L      37
SH SERIES C/C++ Compiler (Ver. checker(2003.03.17))                                              10-Feb-2005 14:51:17  PAGE    1


******** STATISTICS INFORMATION ********


********** ERROR INFORMATION ***********

NUMBER OF ERRORS:           0
NUMBER OF WARNINGS:         0
NUMBER OF INFORMATIONS:     0



******* SOURCE LINE INFORMATION ********

COMPILED SOURCE LINE:       78



******* SECTION SIZE INFORMATION *******

PROGRAM  SECTION (P):                               000000CC Byte(s)
CONSTANT SECTION (C):                               00000000 Byte(s)
DATA     SECTION (D):                               00000000 Byte(s)
BSS      SECTION (B):                               00000094 Byte(s)

TOTAL PROGRAM  SECTION: 000000CC Byte(s)
TOTAL CONSTANT SECTION: 00000000 Byte(s)
TOTAL DATA     SECTION: 00000000 Byte(s)
TOTAL BSS      SECTION: 00000094 Byte(s)

    TOTAL PROGRAM SIZE: 00000160 Byte(s)



********** LABEL INFORMATION ***********

NUMBER OF EXTERNAL REFERENCE SYMBOLS:            2
NUMBER OF EXTERNAL DEFINITION SYMBOLS:           2
NUMBER OF INTERNAL/EXTERNAL SYMBOLS:            13
*** COMMAND PARAMETER ***


  -cpu=sh3 -op=0 -en=big -me -debug -comment=nest -l -def=DEBUG -i=P:\PRESTO2\SHINC,C:\usr\local\SH\7_1_1\include,P:\PRESTO2\NORTI_12\inc dzr211.c 

