SH SERIES C/C++ Compiler (Ver. checker(2003.03.17))                                              10-Feb-2005 14:51:10  PAGE    1

************ OBJECT LISTING ************

FILE NAME: dzr204.c

SCT OFFSET   CODE       C LABEL     INSTRUCTION OPERAND    COMMENT

P   00000000              _dz_print_afv_adj:               ; function: dz_print_afv_adj
                                                           ; frame size=8
    00000000 4F22                   STS.L       PR,@-R15
    00000002 7FFC                   ADD         #-4,R15
    00000004 6243                   MOV         R4,R2
    00000006 2F22                   MOV.L       R2,@R15
    00000008 6450                   MOV.B       @R5,R4
    0000000A 664C                   EXTU.B      R4,R6
    0000000C 666C                   EXTU.B      R6,R6
    0000000E E309                   MOV         #9,R3      ; H'00000009
    00000010 3637                   CMP/GT      R3,R6
    00000012 8B06                   BF          L12
    00000014 6650                   MOV.B       @R5,R6
    00000016 646C                   EXTU.B      R6,R4
    00000018 644C                   EXTU.B      R4,R4
    0000001A 6643                   MOV         R4,R6
    0000001C 7637                   ADD         #55,R6
    0000001E A005                   BRA         L13
    00000020 0009                   NOP
    00000022              L12:
    00000022 6650                   MOV.B       @R5,R6
    00000024 646C                   EXTU.B      R6,R4
    00000026 644C                   EXTU.B      R4,R4
    00000028 6643                   MOV         R4,R6
    0000002A 7630                   ADD         #48,R6
    0000002C              L13:
    0000002C 6063                   MOV         R6,R0
    0000002E 8025                   MOV.B       R0,@(5,R2)
    00000030 5651                   MOV.L       @(4,R5),R6
    00000032 6523                   MOV         R2,R5
    00000034 7506                   ADD         #6,R5
    00000036 646D                   EXTU.W      R6,R4
    00000038 D304                   MOV.L       L15,R3     ; _itoh
    0000003A 430B                   JSR         @R3
    0000003C 0009                   NOP
    0000003E 62F2                   MOV.L       @R15,R2
    00000040 720A                   ADD         #10,R2
    00000042 6023                   MOV         R2,R0
    00000044 7F04                   ADD         #4,R15
    00000046 4F26                   LDS.L       @R15+,PR
    00000048 000B                   RTS
    0000004A 0009                   NOP
    0000004C              L15:
    0000004C <00000000>             .DATA.L     _itoh
SH SERIES C/C++ Compiler (Ver. checker(2003.03.17))                                              10-Feb-2005 14:51:10  PAGE    1


******** STATISTICS INFORMATION ********


********** ERROR INFORMATION ***********

NUMBER OF ERRORS:           0
NUMBER OF WARNINGS:         0
NUMBER OF INFORMATIONS:     0



******* SOURCE LINE INFORMATION ********

COMPILED SOURCE LINE:       55



******* SECTION SIZE INFORMATION *******

PROGRAM  SECTION (P):                               00000050 Byte(s)
CONSTANT SECTION (C):                               00000000 Byte(s)
DATA     SECTION (D):                               00000000 Byte(s)
BSS      SECTION (B):                               00000000 Byte(s)

TOTAL PROGRAM  SECTION: 00000050 Byte(s)
TOTAL CONSTANT SECTION: 00000000 Byte(s)
TOTAL DATA     SECTION: 00000000 Byte(s)
TOTAL BSS      SECTION: 00000000 Byte(s)

    TOTAL PROGRAM SIZE: 00000050 Byte(s)



********** LABEL INFORMATION ***********

NUMBER OF EXTERNAL REFERENCE SYMBOLS:            1
NUMBER OF EXTERNAL DEFINITION SYMBOLS:           1
NUMBER OF INTERNAL/EXTERNAL SYMBOLS:             5
*** COMMAND PARAMETER ***


  -cpu=sh3 -op=0 -en=big -me -debug -comment=nest -l -def=DEBUG -i=P:\PRESTO2\SHINC,C:\usr\local\SH\7_1_1\include,P:\PRESTO2\NORTI_12\inc dzr204.c 

