SH SERIES C/C++ Compiler (Ver. checker(2003.03.17))                                              16-Nov-2009 12:33:06  PAGE    1

************ OBJECT LISTING ************

FILE NAME: pri0005.c

SCT OFFSET   CODE       C LABEL     INSTRUCTION OPERAND    COMMENT

P   00000000              _pr_scan_piece_weight:           ; function: pr_scan_piece_weight
                                                           ; frame size=20
    00000000 2FD6                   MOV.L       R13,@-R15
    00000002 2FE6                   MOV.L       R14,@-R15
    00000004 4F22                   STS.L       PR,@-R15
    00000006 7FF8                   ADD         #-8,R15
    00000008 8445                   MOV.B       @(5,R4),R0
    0000000A 6603                   MOV         R0,R6
    0000000C 626C                   EXTU.B      R6,R2
    0000000E 622C                   EXTU.B      R2,R2
    00000010 E339                   MOV         #57,R3     ; H'00000039
    00000012 3237                   CMP/GT      R3,R2
    00000014 8B07                   BF          L12
    00000016 8445                   MOV.B       @(5,R4),R0
    00000018 6203                   MOV         R0,R2
    0000001A 662C                   EXTU.B      R2,R6
    0000001C 666C                   EXTU.B      R6,R6
    0000001E 6263                   MOV         R6,R2
    00000020 72C9                   ADD         #-55,R2
    00000022 A006                   BRA         L13
    00000024 0009                   NOP
    00000026              L12:
    00000026 8445                   MOV.B       @(5,R4),R0
    00000028 6203                   MOV         R0,R2
    0000002A 662C                   EXTU.B      R2,R6
    0000002C 666C                   EXTU.B      R6,R6
    0000002E 6263                   MOV         R6,R2
    00000030 72D0                   ADD         #-48,R2
    00000032              L13:
    00000032 6323                   MOV         R2,R3
    00000034 D11E                   MOV.L       L20,R1     ; _pri0005s
    00000036 2130                   MOV.B       R3,@R1
    00000038 8446                   MOV.B       @(6,R4),R0
    0000003A 6603                   MOV         R0,R6
    0000003C 626C                   EXTU.B      R6,R2
    0000003E 622C                   EXTU.B      R2,R2
    00000040 E339                   MOV         #57,R3     ; H'00000039
    00000042 3237                   CMP/GT      R3,R2
    00000044 8B07                   BF          L15
    00000046 8446                   MOV.B       @(6,R4),R0
    00000048 6203                   MOV         R0,R2
    0000004A 662C                   EXTU.B      R2,R6
    0000004C 666C                   EXTU.B      R6,R6
    0000004E 6263                   MOV         R6,R2
    00000050 72C9                   ADD         #-55,R2
    00000052 A006                   BRA         L16
    00000054 0009                   NOP
    00000056              L15:
    00000056 8446                   MOV.B       @(6,R4),R0
    00000058 6203                   MOV         R0,R2
    0000005A 662C                   EXTU.B      R2,R6
    0000005C 666C                   EXTU.B      R6,R6
    0000005E 6263                   MOV         R6,R2
    00000060 72D0                   ADD         #-48,R2
    00000062              L16:
    00000062 6323                   MOV         R2,R3
    00000064 D113                   MOV.L       L20+4,R1   ; H'00000001+_pri0005s
    00000066 2130                   MOV.B       R3,@R1
    00000068 6D43                   MOV         R4,R13
    0000006A 7D07                   ADD         #7,R13
    0000006C EE00                   MOV         #0,R14     ; H'00000000
    0000006E D311                   MOV.L       L20+4,R3   ; H'00000001+_pri0005s
    00000070 6330                   MOV.B       @R3,R3
    00000072 633C                   EXTU.B      R3,R3
    00000074 6233                   MOV         R3,R2
    00000076 3E23                   CMP/GE      R2,R14
    00000078 8912                   BT          L17
    0000007A              L18:
    0000007A 64D3                   MOV         R13,R4
    0000007C D30E                   MOV.L       L20+8,R3   ; _htoi
    0000007E 430B                   JSR         @R3
    00000080 0009                   NOP
    00000082 6203                   MOV         R0,R2
    00000084 662D                   EXTU.W      R2,R6
    00000086 D50D                   MOV.L       L20+12,R5  ; H'00000002+_pri0005s
    00000088 62E3                   MOV         R14,R2
    0000008A 4200                   SHLL        R2
    0000008C 6023                   MOV         R2,R0
    0000008E 0565                   MOV.W       R6,@(R0,R5)
    00000090 7D04                   ADD         #4,R13
    00000092 7E01                   ADD         #1,R14
    00000094 D307                   MOV.L       L20+4,R3   ; H'00000001+_pri0005s
    00000096 6330                   MOV.B       @R3,R3
    00000098 633C                   EXTU.B      R3,R3
    0000009A 6233                   MOV         R3,R2
    0000009C 3E23                   CMP/GE      R2,R14
    0000009E 8BEC                   BF          L18
    000000A0              L17:
    000000A0 E200                   MOV         #0,R2      ; H'00000000
    000000A2 6023                   MOV         R2,R0
    000000A4 7F08                   ADD         #8,R15
    000000A6 4F26                   LDS.L       @R15+,PR
    000000A8 6EF6                   MOV.L       @R15+,R14
    000000AA 6DF6                   MOV.L       @R15+,R13
    000000AC 000B                   RTS
    000000AE 0009                   NOP
    000000B0              L20:
    000000B0 <00000000>             .DATA.L     _pri0005s
    000000B4 <00000001>             .DATA.L     H'00000001+_pri0005s
    000000B8 <00000000>             .DATA.L     _htoi
    000000BC <00000002>             .DATA.L     H'00000002+_pri0005s
B   00000000              _pri0005s:                       ; static: pri0005s
    00000000 00000002               .RES.W      9
SH SERIES C/C++ Compiler (Ver. checker(2003.03.17))                                              16-Nov-2009 12:33:06  PAGE    1


******** STATISTICS INFORMATION ********


********** ERROR INFORMATION ***********

NUMBER OF ERRORS:           0
NUMBER OF WARNINGS:         0
NUMBER OF INFORMATIONS:     0



******* SOURCE LINE INFORMATION ********

COMPILED SOURCE LINE:       61



******* SECTION SIZE INFORMATION *******

PROGRAM  SECTION (P):                               000000C0 Byte(s)
CONSTANT SECTION (C):                               00000000 Byte(s)
DATA     SECTION (D):                               00000000 Byte(s)
BSS      SECTION (B):                               00000012 Byte(s)

TOTAL PROGRAM  SECTION: 000000C0 Byte(s)
TOTAL CONSTANT SECTION: 00000000 Byte(s)
TOTAL DATA     SECTION: 00000000 Byte(s)
TOTAL BSS      SECTION: 00000012 Byte(s)

    TOTAL PROGRAM SIZE: 000000D2 Byte(s)



********** LABEL INFORMATION ***********

NUMBER OF EXTERNAL REFERENCE SYMBOLS:            1
NUMBER OF EXTERNAL DEFINITION SYMBOLS:           2
NUMBER OF INTERNAL/EXTERNAL SYMBOLS:            10
*** COMMAND PARAMETER ***


  -cpu=sh3 -op=0 -en=big -me -debug -comment=nest -l -def=DEBUG -i=P:\PRESTO2\SHINC,C:\usr\local\SH\7_1_1\include,P:\PRESTO2\NORTI_12\inc pri0005.c 

