SH SERIES C/C++ Compiler (Ver. checker(2003.03.17))                                              16-Nov-2009 12:33:23  PAGE    1

************ OBJECT LISTING ************

FILE NAME: pri0057.c

SCT OFFSET   CODE       C LABEL     INSTRUCTION OPERAND    COMMENT

P   00000000              _pr_scan_hop_drive_no:           ; function: pr_scan_hop_drive_no
                                                           ; frame size=20
    00000000 2FD6                   MOV.L       R13,@-R15
    00000002 2FE6                   MOV.L       R14,@-R15
    00000004 4F22                   STS.L       PR,@-R15
    00000006 7FF8                   ADD         #-8,R15
    00000008 6D43                   MOV         R4,R13
    0000000A 84D5                   MOV.B       @(5,R13),R0
    0000000C 6603                   MOV         R0,R6
    0000000E 626C                   EXTU.B      R6,R2
    00000010 622C                   EXTU.B      R2,R2
    00000012 E339                   MOV         #57,R3     ; H'00000039
    00000014 3237                   CMP/GT      R3,R2
    00000016 8B07                   BF          L12
    00000018 84D5                   MOV.B       @(5,R13),R0
    0000001A 6203                   MOV         R0,R2
    0000001C 662C                   EXTU.B      R2,R6
    0000001E 666C                   EXTU.B      R6,R6
    00000020 6263                   MOV         R6,R2
    00000022 72C9                   ADD         #-55,R2
    00000024 A006                   BRA         L13
    00000026 0009                   NOP
    00000028              L12:
    00000028 84D5                   MOV.B       @(5,R13),R0
    0000002A 6203                   MOV         R0,R2
    0000002C 662C                   EXTU.B      R2,R6
    0000002E 666C                   EXTU.B      R6,R6
    00000030 6263                   MOV         R6,R2
    00000032 72D0                   ADD         #-48,R2
    00000034              L13:
    00000034 622C                   EXTU.B      R2,R2
    00000036 6323                   MOV         R2,R3
    00000038 D116                   MOV.L       L17+2,R1   ; _pri0057s
    0000003A 2132                   MOV.L       R3,@R1
    0000003C 64D3                   MOV         R13,R4
    0000003E 7406                   ADD         #6,R4
    00000040 D315                   MOV.L       L17+6,R3   ; _htoc
    00000042 430B                   JSR         @R3
    00000044 0009                   NOP
    00000046 6203                   MOV         R0,R2
    00000048 632C                   EXTU.B      R2,R3
    0000004A D114                   MOV.L       L17+10,R1  ; H'00000004+_pri0057s
    0000004C 2130                   MOV.B       R3,@R1
    0000004E 7D08                   ADD         #8,R13
    00000050 EE00                   MOV         #0,R14     ; H'00000000
    00000052 D312                   MOV.L       L17+10,R3  ; H'00000004+_pri0057s
    00000054 6330                   MOV.B       @R3,R3
    00000056 633C                   EXTU.B      R3,R3
    00000058 6233                   MOV         R3,R2
    0000005A 3E23                   CMP/GE      R2,R14
    0000005C 8911                   BT          L14
    0000005E              L15:
    0000005E 64D3                   MOV         R13,R4
    00000060 D30F                   MOV.L       L17+14,R3  ; _htol
    00000062 430B                   JSR         @R3
    00000064 0009                   NOP
    00000066 6603                   MOV         R0,R6
    00000068 D50E                   MOV.L       L17+18,R5  ; H'00000008+_pri0057s
    0000006A 62E3                   MOV         R14,R2
    0000006C 4208                   SHLL2       R2
    0000006E 6023                   MOV         R2,R0
    00000070 0566                   MOV.L       R6,@(R0,R5)
    00000072 7D08                   ADD         #8,R13
    00000074 7E01                   ADD         #1,R14
    00000076 D309                   MOV.L       L17+10,R3  ; H'00000004+_pri0057s
    00000078 6330                   MOV.B       @R3,R3
    0000007A 633C                   EXTU.B      R3,R3
    0000007C 6233                   MOV         R3,R2
    0000007E 3E23                   CMP/GE      R2,R14
    00000080 8BED                   BF          L15
    00000082              L14:
    00000082 E200                   MOV         #0,R2      ; H'00000000
    00000084 6023                   MOV         R2,R0
    00000086 7F08                   ADD         #8,R15
    00000088 4F26                   LDS.L       @R15+,PR
    0000008A 6EF6                   MOV.L       @R15+,R14
    0000008C 6DF6                   MOV.L       @R15+,R13
    0000008E 000B                   RTS
    00000090 0009                   NOP
    00000092              L17:
    00000092 00000002               .RES.W      1
    00000094 <00000000>             .DATA.L     _pri0057s
    00000098 <00000000>             .DATA.L     _htoc
    0000009C <00000004>             .DATA.L     H'00000004+_pri0057s
    000000A0 <00000000>             .DATA.L     _htol
    000000A4 <00000008>             .DATA.L     H'00000008+_pri0057s
B   00000000              _pri0057s:                       ; static: pri0057s
    00000000 00000004               .RES.L      34
SH SERIES C/C++ Compiler (Ver. checker(2003.03.17))                                              16-Nov-2009 12:33:23  PAGE    1


******** STATISTICS INFORMATION ********


********** ERROR INFORMATION ***********

NUMBER OF ERRORS:           0
NUMBER OF WARNINGS:         0
NUMBER OF INFORMATIONS:     0



******* SOURCE LINE INFORMATION ********

COMPILED SOURCE LINE:       59



******* SECTION SIZE INFORMATION *******

PROGRAM  SECTION (P):                               000000A8 Byte(s)
CONSTANT SECTION (C):                               00000000 Byte(s)
DATA     SECTION (D):                               00000000 Byte(s)
BSS      SECTION (B):                               00000088 Byte(s)

TOTAL PROGRAM  SECTION: 000000A8 Byte(s)
TOTAL CONSTANT SECTION: 00000000 Byte(s)
TOTAL DATA     SECTION: 00000000 Byte(s)
TOTAL BSS      SECTION: 00000088 Byte(s)

    TOTAL PROGRAM SIZE: 00000130 Byte(s)



********** LABEL INFORMATION ***********

NUMBER OF EXTERNAL REFERENCE SYMBOLS:            2
NUMBER OF EXTERNAL DEFINITION SYMBOLS:           2
NUMBER OF INTERNAL/EXTERNAL SYMBOLS:             9
*** COMMAND PARAMETER ***


  -cpu=sh3 -op=0 -en=big -me -debug -comment=nest -l -def=DEBUG -i=P:\PRESTO2\SHINC,C:\usr\local\SH\7_1_1\include,P:\PRESTO2\NORTI_12\inc pri0057.c 

