SH SERIES C/C++ Compiler (Ver. checker(2003.03.17))                                              16-Nov-2009 12:33:21  PAGE    1

************ OBJECT LISTING ************

FILE NAME: pri0050.c

SCT OFFSET   CODE       C LABEL     INSTRUCTION OPERAND    COMMENT

P   00000000              _pr_print_logic:                 ; function: pr_print_logic
                                                           ; frame size=28
    00000000 2FC6                   MOV.L       R12,@-R15
    00000002 2FD6                   MOV.L       R13,@-R15
    00000004 2FE6                   MOV.L       R14,@-R15
    00000006 4F22                   STS.L       PR,@-R15
    00000008 7FF4                   ADD         #-12,R15
    0000000A 6E53                   MOV         R5,R14
    0000000C 6243                   MOV         R4,R2
    0000000E 1F22                   MOV.L       R2,@(8,R15)
    00000010 65E0                   MOV.B       @R14,R5
    00000012 665C                   EXTU.B      R5,R6
    00000014 666C                   EXTU.B      R6,R6
    00000016 E309                   MOV         #9,R3      ; H'00000009
    00000018 3637                   CMP/GT      R3,R6
    0000001A 8B06                   BF          L12
    0000001C 66E0                   MOV.B       @R14,R6
    0000001E 656C                   EXTU.B      R6,R5
    00000020 655C                   EXTU.B      R5,R5
    00000022 6653                   MOV         R5,R6
    00000024 7637                   ADD         #55,R6
    00000026 A004                   BRA         L13
    00000028 0009                   NOP
    0000002A              L12:
    0000002A 65E0                   MOV.B       @R14,R5
    0000002C 665C                   EXTU.B      R5,R6
    0000002E 666C                   EXTU.B      R6,R6
    00000030 7630                   ADD         #48,R6
    00000032              L13:
    00000032 6063                   MOV         R6,R0
    00000034 8025                   MOV.B       R0,@(5,R2)
    00000036 84E1                   MOV.B       @(1,R14),R0
    00000038 6603                   MOV         R0,R6
    0000003A 646C                   EXTU.B      R6,R4
    0000003C 6523                   MOV         R2,R5
    0000003E 7506                   ADD         #6,R5
    00000040 644C                   EXTU.B      R4,R4
    00000042 D314                   MOV.L       L17+2,R3   ; _ctoh
    00000044 430B                   JSR         @R3
    00000046 0009                   NOP
    00000048 52F2                   MOV.L       @(8,R15),R2
    0000004A 7208                   ADD         #8,R2
    0000004C 6C23                   MOV         R2,R12
    0000004E ED00                   MOV         #0,R13     ; H'00000000
    00000050 84E1                   MOV.B       @(1,R14),R0
    00000052 6203                   MOV         R0,R2
    00000054 662C                   EXTU.B      R2,R6
    00000056 666C                   EXTU.B      R6,R6
    00000058 3D63                   CMP/GE      R6,R13
    0000005A 8912                   BT          L14
    0000005C              L15:
    0000005C 62D3                   MOV         R13,R2
    0000005E 4200                   SHLL        R2
    00000060 65E3                   MOV         R14,R5
    00000062 7502                   ADD         #2,R5
    00000064 6023                   MOV         R2,R0
    00000066 065D                   MOV.W       @(R0,R5),R6
    00000068 65C3                   MOV         R12,R5
    0000006A 646D                   EXTU.W      R6,R4
    0000006C D30A                   MOV.L       L17+6,R3   ; _itoh
    0000006E 430B                   JSR         @R3
    00000070 0009                   NOP
    00000072 7C04                   ADD         #4,R12
    00000074 7D01                   ADD         #1,R13
    00000076 84E1                   MOV.B       @(1,R14),R0
    00000078 6203                   MOV         R0,R2
    0000007A 662C                   EXTU.B      R2,R6
    0000007C 666C                   EXTU.B      R6,R6
    0000007E 3D63                   CMP/GE      R6,R13
    00000080 8BEC                   BF          L15
    00000082              L14:
    00000082 60C3                   MOV         R12,R0
    00000084 7F0C                   ADD         #12,R15
    00000086 4F26                   LDS.L       @R15+,PR
    00000088 6EF6                   MOV.L       @R15+,R14
    0000008A 6DF6                   MOV.L       @R15+,R13
    0000008C 6CF6                   MOV.L       @R15+,R12
    0000008E 000B                   RTS
    00000090 0009                   NOP
    00000092              L17:
    00000092 00000002               .RES.W      1
    00000094 <00000000>             .DATA.L     _ctoh
    00000098 <00000000>             .DATA.L     _itoh
SH SERIES C/C++ Compiler (Ver. checker(2003.03.17))                                              16-Nov-2009 12:33:21  PAGE    1


******** STATISTICS INFORMATION ********


********** ERROR INFORMATION ***********

NUMBER OF ERRORS:           0
NUMBER OF WARNINGS:         0
NUMBER OF INFORMATIONS:     0



******* SOURCE LINE INFORMATION ********

COMPILED SOURCE LINE:       62



******* SECTION SIZE INFORMATION *******

PROGRAM  SECTION (P):                               0000009C Byte(s)
CONSTANT SECTION (C):                               00000000 Byte(s)
DATA     SECTION (D):                               00000000 Byte(s)
BSS      SECTION (B):                               00000000 Byte(s)

TOTAL PROGRAM  SECTION: 0000009C Byte(s)
TOTAL CONSTANT SECTION: 00000000 Byte(s)
TOTAL DATA     SECTION: 00000000 Byte(s)
TOTAL BSS      SECTION: 00000000 Byte(s)

    TOTAL PROGRAM SIZE: 0000009C Byte(s)



********** LABEL INFORMATION ***********

NUMBER OF EXTERNAL REFERENCE SYMBOLS:            2
NUMBER OF EXTERNAL DEFINITION SYMBOLS:           1
NUMBER OF INTERNAL/EXTERNAL SYMBOLS:             8
*** COMMAND PARAMETER ***


  -cpu=sh3 -op=0 -en=big -me -debug -comment=nest -l -def=DEBUG -i=P:\PRESTO2\SHINC,C:\usr\local\SH\7_1_1\include,P:\PRESTO2\NORTI_12\inc pri0050.c 

