SH SERIES C/C++ Compiler (Ver. checker(2003.03.17))                                              16-Nov-2009 12:33:13  PAGE    1

************ OBJECT LISTING ************

FILE NAME: pri0023.c

SCT OFFSET   CODE       C LABEL     INSTRUCTION OPERAND    COMMENT

P   00000000              _pr_scan_sys_fault:              ; function: pr_scan_sys_fault
                                                           ; frame size=8
    00000000 2FE6                   MOV.L       R14,@-R15
    00000002 4F22                   STS.L       PR,@-R15
    00000004 6E43                   MOV         R4,R14
    00000006 64E3                   MOV         R14,R4
    00000008 7405                   ADD         #5,R4
    0000000A D30B                   MOV.L       L12,R3     ; _htoc
    0000000C 430B                   JSR         @R3
    0000000E 0009                   NOP
    00000010 6203                   MOV         R0,R2
    00000012 632C                   EXTU.B      R2,R3
    00000014 D109                   MOV.L       L12+4,R1   ; _pri0023s
    00000016 2130                   MOV.B       R3,@R1
    00000018 D308                   MOV.L       L12+4,R3   ; _pri0023s
    0000001A 6330                   MOV.B       @R3,R3
    0000001C 633C                   EXTU.B      R3,R3
    0000001E 6633                   MOV         R3,R6
    00000020 D407                   MOV.L       L12+8,R4   ; H'00000001+_pri0023s
    00000022 65E3                   MOV         R14,R5
    00000024 7507                   ADD         #7,R5
    00000026 D307                   MOV.L       L12+12,R3  ; _strncpy
    00000028 430B                   JSR         @R3
    0000002A 0009                   NOP
    0000002C E200                   MOV         #0,R2      ; H'00000000
    0000002E 6023                   MOV         R2,R0
    00000030 4F26                   LDS.L       @R15+,PR
    00000032 6EF6                   MOV.L       @R15+,R14
    00000034 000B                   RTS
    00000036 0009                   NOP
    00000038              L12:
    00000038 <00000000>             .DATA.L     _htoc
    0000003C <00000000>             .DATA.L     _pri0023s
    00000040 <00000001>             .DATA.L     H'00000001+_pri0023s
    00000044 <00000000>             .DATA.L     _strncpy
B   00000000              _pri0023s:                       ; static: pri0023s
    00000000 00000001               .RES.B      65
SH SERIES C/C++ Compiler (Ver. checker(2003.03.17))                                              16-Nov-2009 12:33:13  PAGE    1


******** STATISTICS INFORMATION ********


********** ERROR INFORMATION ***********

NUMBER OF ERRORS:           0
NUMBER OF WARNINGS:         0
NUMBER OF INFORMATIONS:     0



******* SOURCE LINE INFORMATION ********

COMPILED SOURCE LINE:       54



******* SECTION SIZE INFORMATION *******

PROGRAM  SECTION (P):                               00000048 Byte(s)
CONSTANT SECTION (C):                               00000000 Byte(s)
DATA     SECTION (D):                               00000000 Byte(s)
BSS      SECTION (B):                               00000041 Byte(s)

TOTAL PROGRAM  SECTION: 00000048 Byte(s)
TOTAL CONSTANT SECTION: 00000000 Byte(s)
TOTAL DATA     SECTION: 00000000 Byte(s)
TOTAL BSS      SECTION: 00000041 Byte(s)

    TOTAL PROGRAM SIZE: 00000089 Byte(s)



********** LABEL INFORMATION ***********

NUMBER OF EXTERNAL REFERENCE SYMBOLS:            2
NUMBER OF EXTERNAL DEFINITION SYMBOLS:           2
NUMBER OF INTERNAL/EXTERNAL SYMBOLS:             5
*** COMMAND PARAMETER ***


  -cpu=sh3 -op=0 -en=big -me -debug -comment=nest -l -def=DEBUG -i=P:\PRESTO2\SHINC,C:\usr\local\SH\7_1_1\include,P:\PRESTO2\NORTI_12\inc pri0023.c 

