SH SERIES C/C++ Compiler (Ver. checker(2003.03.17))                                              16-Nov-2009 12:33:07  PAGE    1

************ OBJECT LISTING ************

FILE NAME: pri0007.c

SCT OFFSET   CODE       C LABEL     INSTRUCTION OPERAND    COMMENT

P   00000000              _pr_scan_cmpn_value:             ; function: pr_scan_cmpn_value
                                                           ; frame size=4
    00000000 4F22                   STS.L       PR,@-R15
    00000002 7405                   ADD         #5,R4
    00000004 D305                   MOV.L       L12,R3     ; _htoc
    00000006 430B                   JSR         @R3
    00000008 0009                   NOP
    0000000A 6203                   MOV         R0,R2
    0000000C 632C                   EXTU.B      R2,R3
    0000000E D104                   MOV.L       L12+4,R1   ; _pri0007s
    00000010 2130                   MOV.B       R3,@R1
    00000012 E200                   MOV         #0,R2      ; H'00000000
    00000014 6023                   MOV         R2,R0
    00000016 4F26                   LDS.L       @R15+,PR
    00000018 000B                   RTS
    0000001A 0009                   NOP
    0000001C              L12:
    0000001C <00000000>             .DATA.L     _htoc
    00000020 <00000000>             .DATA.L     _pri0007s
B   00000000              _pri0007s:                       ; static: pri0007s
    00000000 00000001               .RES.B      1
SH SERIES C/C++ Compiler (Ver. checker(2003.03.17))                                              16-Nov-2009 12:33:07  PAGE    1


******** STATISTICS INFORMATION ********


********** ERROR INFORMATION ***********

NUMBER OF ERRORS:           0
NUMBER OF WARNINGS:         0
NUMBER OF INFORMATIONS:     0



******* SOURCE LINE INFORMATION ********

COMPILED SOURCE LINE:       52



******* SECTION SIZE INFORMATION *******

PROGRAM  SECTION (P):                               00000024 Byte(s)
CONSTANT SECTION (C):                               00000000 Byte(s)
DATA     SECTION (D):                               00000000 Byte(s)
BSS      SECTION (B):                               00000001 Byte(s)

TOTAL PROGRAM  SECTION: 00000024 Byte(s)
TOTAL CONSTANT SECTION: 00000000 Byte(s)
TOTAL DATA     SECTION: 00000000 Byte(s)
TOTAL BSS      SECTION: 00000001 Byte(s)

    TOTAL PROGRAM SIZE: 00000025 Byte(s)



********** LABEL INFORMATION ***********

NUMBER OF EXTERNAL REFERENCE SYMBOLS:            1
NUMBER OF EXTERNAL DEFINITION SYMBOLS:           2
NUMBER OF INTERNAL/EXTERNAL SYMBOLS:             4
*** COMMAND PARAMETER ***


  -cpu=sh3 -op=0 -en=big -me -debug -comment=nest -l -def=DEBUG -i=P:\PRESTO2\SHINC,C:\usr\local\SH\7_1_1\include,P:\PRESTO2\NORTI_12\inc pri0007.c 

