SH SERIES C/C++ Compiler (Ver. checker(2003.03.17))                                              16-Nov-2009 12:33:18  PAGE    1

************ OBJECT LISTING ************

FILE NAME: pri0035.c

SCT OFFSET   CODE       C LABEL     INSTRUCTION OPERAND    COMMENT

P   00000000              _pr_scan_netmap:                 ; function: pr_scan_netmap
                                                           ; frame size=24
    00000000 2FC6                   MOV.L       R12,@-R15
    00000002 2FD6                   MOV.L       R13,@-R15
    00000004 2FE6                   MOV.L       R14,@-R15
    00000006 4F22                   STS.L       PR,@-R15
    00000008 7FF8                   ADD         #-8,R15
    0000000A 6C43                   MOV         R4,R12
    0000000C 84C5                   MOV.B       @(5,R12),R0
    0000000E 6603                   MOV         R0,R6
    00000010 626C                   EXTU.B      R6,R2
    00000012 622C                   EXTU.B      R2,R2
    00000014 E339                   MOV         #57,R3     ; H'00000039
    00000016 3237                   CMP/GT      R3,R2
    00000018 8B07                   BF          L12
    0000001A 84C5                   MOV.B       @(5,R12),R0
    0000001C 6203                   MOV         R0,R2
    0000001E 662C                   EXTU.B      R2,R6
    00000020 666C                   EXTU.B      R6,R6
    00000022 6263                   MOV         R6,R2
    00000024 72C9                   ADD         #-55,R2
    00000026 A006                   BRA         L13
    00000028 0009                   NOP
    0000002A              L12:
    0000002A 84C5                   MOV.B       @(5,R12),R0
    0000002C 6203                   MOV         R0,R2
    0000002E 662C                   EXTU.B      R2,R6
    00000030 666C                   EXTU.B      R6,R6
    00000032 6263                   MOV         R6,R2
    00000034 72D0                   ADD         #-48,R2
    00000036              L13:
    00000036 622C                   EXTU.B      R2,R2
    00000038 6323                   MOV         R2,R3
    0000003A D119                   MOV.L       L17+2,R1   ; _pri0035s
    0000003C 2132                   MOV.L       R3,@R1
    0000003E 64C3                   MOV         R12,R4
    00000040 7406                   ADD         #6,R4
    00000042 D318                   MOV.L       L17+6,R3   ; _htoc
    00000044 430B                   JSR         @R3
    00000046 0009                   NOP
    00000048 6203                   MOV         R0,R2
    0000004A 632C                   EXTU.B      R2,R3
    0000004C D116                   MOV.L       L17+10,R1  ; H'00000004+_pri0035s
    0000004E 2130                   MOV.B       R3,@R1
    00000050 6DC3                   MOV         R12,R13
    00000052 7D08                   ADD         #8,R13
    00000054 EE00                   MOV         #0,R14     ; H'00000000
    00000056 62E3                   MOV         R14,R2
    00000058 E320                   MOV         #32,R3     ; H'00000020
    0000005A 3232                   CMP/HS      R3,R2
    0000005C 890D                   BT          L14
    0000005E              L15:
    0000005E 64D3                   MOV         R13,R4
    00000060 D310                   MOV.L       L17+6,R3   ; _htoc
    00000062 430B                   JSR         @R3
    00000064 0009                   NOP
    00000066 6203                   MOV         R0,R2
    00000068 662C                   EXTU.B      R2,R6
    0000006A D210                   MOV.L       L17+14,R2  ; H'00000005+_pri0035s
    0000006C 60E3                   MOV         R14,R0
    0000006E 0264                   MOV.B       R6,@(R0,R2)
    00000070 7D02                   ADD         #2,R13
    00000072 7E01                   ADD         #1,R14
    00000074 E320                   MOV         #32,R3     ; H'00000020
    00000076 3E32                   CMP/HS      R3,R14
    00000078 8BF1                   BF          L15
    0000007A              L14:
    0000007A 7C48                   ADD         #72,R12
    0000007C 64C3                   MOV         R12,R4
    0000007E D30C                   MOV.L       L17+18,R3  ; _htoi
    00000080 430B                   JSR         @R3
    00000082 0009                   NOP
    00000084 6203                   MOV         R0,R2
    00000086 632D                   EXTU.W      R2,R3
    00000088 D10A                   MOV.L       L17+22,R1  ; H'00000026+_pri0035s
    0000008A 2131                   MOV.W       R3,@R1
    0000008C E200                   MOV         #0,R2      ; H'00000000
    0000008E 6023                   MOV         R2,R0
    00000090 7F08                   ADD         #8,R15
    00000092 4F26                   LDS.L       @R15+,PR
    00000094 6EF6                   MOV.L       @R15+,R14
    00000096 6DF6                   MOV.L       @R15+,R13
    00000098 6CF6                   MOV.L       @R15+,R12
    0000009A 000B                   RTS
    0000009C 0009                   NOP
    0000009E              L17:
    0000009E 00000002               .RES.W      1
    000000A0 <00000000>             .DATA.L     _pri0035s
    000000A4 <00000000>             .DATA.L     _htoc
    000000A8 <00000004>             .DATA.L     H'00000004+_pri0035s
    000000AC <00000005>             .DATA.L     H'00000005+_pri0035s
    000000B0 <00000000>             .DATA.L     _htoi
    000000B4 <00000026>             .DATA.L     H'00000026+_pri0035s
B   00000000              _pri0035s:                       ; static: pri0035s
    00000000 00000004               .RES.L      10
SH SERIES C/C++ Compiler (Ver. checker(2003.03.17))                                              16-Nov-2009 12:33:18  PAGE    1


******** STATISTICS INFORMATION ********


********** ERROR INFORMATION ***********

NUMBER OF ERRORS:           0
NUMBER OF WARNINGS:         0
NUMBER OF INFORMATIONS:     0



******* SOURCE LINE INFORMATION ********

COMPILED SOURCE LINE:       63



******* SECTION SIZE INFORMATION *******

PROGRAM  SECTION (P):                               000000B8 Byte(s)
CONSTANT SECTION (C):                               00000000 Byte(s)
DATA     SECTION (D):                               00000000 Byte(s)
BSS      SECTION (B):                               00000028 Byte(s)

TOTAL PROGRAM  SECTION: 000000B8 Byte(s)
TOTAL CONSTANT SECTION: 00000000 Byte(s)
TOTAL DATA     SECTION: 00000000 Byte(s)
TOTAL BSS      SECTION: 00000028 Byte(s)

    TOTAL PROGRAM SIZE: 000000E0 Byte(s)



********** LABEL INFORMATION ***********

NUMBER OF EXTERNAL REFERENCE SYMBOLS:            2
NUMBER OF EXTERNAL DEFINITION SYMBOLS:           2
NUMBER OF INTERNAL/EXTERNAL SYMBOLS:             9
*** COMMAND PARAMETER ***


  -cpu=sh3 -op=0 -en=big -me -debug -comment=nest -l -def=DEBUG -i=P:\PRESTO2\SHINC,C:\usr\local\SH\7_1_1\include,P:\PRESTO2\NORTI_12\inc pri0035.c 

