SH SERIES C/C++ Compiler (Ver. checker(2003.03.17))                                              16-Nov-2009 12:33:14  PAGE    1

************ OBJECT LISTING ************

FILE NAME: pri0025.c

SCT OFFSET   CODE       C LABEL     INSTRUCTION OPERAND    COMMENT

P   00000000              _pr_scan_info:                   ; function: pr_scan_info
                                                           ; frame size=20
    00000000 2FD6                   MOV.L       R13,@-R15
    00000002 2FE6                   MOV.L       R14,@-R15
    00000004 4F22                   STS.L       PR,@-R15
    00000006 7FF8                   ADD         #-8,R15
    00000008 6D43                   MOV         R4,R13
    0000000A 64D3                   MOV         R13,R4
    0000000C 7405                   ADD         #5,R4
    0000000E D31F                   MOV.L       L14,R3     ; _htoc
    00000010 430B                   JSR         @R3
    00000012 0009                   NOP
    00000014 6203                   MOV         R0,R2
    00000016 662C                   EXTU.B      R2,R6
    00000018 666C                   EXTU.B      R6,R6
    0000001A 6363                   MOV         R6,R3
    0000001C D11C                   MOV.L       L14+4,R1   ; _pri0025s
    0000001E 2132                   MOV.L       R3,@R1
    00000020 64D3                   MOV         R13,R4
    00000022 7407                   ADD         #7,R4
    00000024 D319                   MOV.L       L14,R3     ; _htoc
    00000026 430B                   JSR         @R3
    00000028 0009                   NOP
    0000002A 6203                   MOV         R0,R2
    0000002C 632C                   EXTU.B      R2,R3
    0000002E D119                   MOV.L       L14+8,R1   ; H'00000004+_pri0025s
    00000030 2130                   MOV.B       R3,@R1
    00000032 64D3                   MOV         R13,R4
    00000034 7409                   ADD         #9,R4
    00000036 D315                   MOV.L       L14,R3     ; _htoc
    00000038 430B                   JSR         @R3
    0000003A 0009                   NOP
    0000003C 6203                   MOV         R0,R2
    0000003E 632C                   EXTU.B      R2,R3
    00000040 D115                   MOV.L       L14+12,R1  ; H'00000005+_pri0025s
    00000042 2130                   MOV.B       R3,@R1
    00000044 7D0B                   ADD         #11,R13
    00000046 EE00                   MOV         #0,R14     ; H'00000000
    00000048 D313                   MOV.L       L14+12,R3  ; H'00000005+_pri0025s
    0000004A 6330                   MOV.B       @R3,R3
    0000004C 633C                   EXTU.B      R3,R3
    0000004E 6633                   MOV         R3,R6
    00000050 3E63                   CMP/GE      R6,R14
    00000052 8913                   BT          L11
    00000054              L12:
    00000054 64D3                   MOV         R13,R4
    00000056 D311                   MOV.L       L14+16,R3  ; _htol
    00000058 430B                   JSR         @R3
    0000005A 0009                   NOP
    0000005C 6603                   MOV         R0,R6
    0000005E 6063                   MOV         R6,R0
    00000060 6603                   MOV         R0,R6
    00000062 D50F                   MOV.L       L14+20,R5  ; H'00000008+_pri0025s
    00000064 62E3                   MOV         R14,R2
    00000066 4208                   SHLL2       R2
    00000068 6023                   MOV         R2,R0
    0000006A 0566                   MOV.L       R6,@(R0,R5)
    0000006C 7D08                   ADD         #8,R13
    0000006E 7E01                   ADD         #1,R14
    00000070 D309                   MOV.L       L14+12,R3  ; H'00000005+_pri0025s
    00000072 6330                   MOV.B       @R3,R3
    00000074 633C                   EXTU.B      R3,R3
    00000076 6233                   MOV         R3,R2
    00000078 3E23                   CMP/GE      R2,R14
    0000007A 8BEB                   BF          L12
    0000007C              L11:
    0000007C E200                   MOV         #0,R2      ; H'00000000
    0000007E 6023                   MOV         R2,R0
    00000080 7F08                   ADD         #8,R15
    00000082 4F26                   LDS.L       @R15+,PR
    00000084 6EF6                   MOV.L       @R15+,R14
    00000086 6DF6                   MOV.L       @R15+,R13
    00000088 000B                   RTS
    0000008A 0009                   NOP
    0000008C              L14:
    0000008C <00000000>             .DATA.L     _htoc
    00000090 <00000000>             .DATA.L     _pri0025s
    00000094 <00000004>             .DATA.L     H'00000004+_pri0025s
    00000098 <00000005>             .DATA.L     H'00000005+_pri0025s
    0000009C <00000000>             .DATA.L     _htol
    000000A0 <00000008>             .DATA.L     H'00000008+_pri0025s
B   00000000              _pri0025s:                       ; static: pri0025s
    00000000 00000004               .RES.L      34
SH SERIES C/C++ Compiler (Ver. checker(2003.03.17))                                              16-Nov-2009 12:33:14  PAGE    1


******** STATISTICS INFORMATION ********


********** ERROR INFORMATION ***********

NUMBER OF ERRORS:           0
NUMBER OF WARNINGS:         0
NUMBER OF INFORMATIONS:     0



******* SOURCE LINE INFORMATION ********

COMPILED SOURCE LINE:       63



******* SECTION SIZE INFORMATION *******

PROGRAM  SECTION (P):                               000000A4 Byte(s)
CONSTANT SECTION (C):                               00000000 Byte(s)
DATA     SECTION (D):                               00000000 Byte(s)
BSS      SECTION (B):                               00000088 Byte(s)

TOTAL PROGRAM  SECTION: 000000A4 Byte(s)
TOTAL CONSTANT SECTION: 00000000 Byte(s)
TOTAL DATA     SECTION: 00000000 Byte(s)
TOTAL BSS      SECTION: 00000088 Byte(s)

    TOTAL PROGRAM SIZE: 0000012C Byte(s)



********** LABEL INFORMATION ***********

NUMBER OF EXTERNAL REFERENCE SYMBOLS:            2
NUMBER OF EXTERNAL DEFINITION SYMBOLS:           2
NUMBER OF INTERNAL/EXTERNAL SYMBOLS:             7
*** COMMAND PARAMETER ***


  -cpu=sh3 -op=0 -en=big -me -debug -comment=nest -l -def=DEBUG -i=P:\PRESTO2\SHINC,C:\usr\local\SH\7_1_1\include,P:\PRESTO2\NORTI_12\inc pri0025.c 

