SH SERIES C/C++ Compiler (Ver. checker(2003.03.17))                                              16-Nov-2009 12:33:12  PAGE    1

************ OBJECT LISTING ************

FILE NAME: pri0019.c

SCT OFFSET   CODE       C LABEL     INSTRUCTION OPERAND    COMMENT

P   00000000              _pr_scan_echo:                   ; function: pr_scan_echo
                                                           ; frame size=0
    00000000 8445                   MOV.B       @(5,R4),R0
    00000002 6203                   MOV         R0,R2
    00000004 632C                   EXTU.B      R2,R3
    00000006 D10F                   MOV.L       L15+2,R1   ; _pri0019s
    00000008 2130                   MOV.B       R3,@R1
    0000000A 8446                   MOV.B       @(6,R4),R0
    0000000C 6603                   MOV         R0,R6
    0000000E 626C                   EXTU.B      R6,R2
    00000010 622C                   EXTU.B      R2,R2
    00000012 E339                   MOV         #57,R3     ; H'00000039
    00000014 3237                   CMP/GT      R3,R2
    00000016 8B07                   BF          L12
    00000018 8446                   MOV.B       @(6,R4),R0
    0000001A 6203                   MOV         R0,R2
    0000001C 662C                   EXTU.B      R2,R6
    0000001E 666C                   EXTU.B      R6,R6
    00000020 6263                   MOV         R6,R2
    00000022 72C9                   ADD         #-55,R2
    00000024 A006                   BRA         L13
    00000026 0009                   NOP
    00000028              L12:
    00000028 8446                   MOV.B       @(6,R4),R0
    0000002A 6203                   MOV         R0,R2
    0000002C 662C                   EXTU.B      R2,R6
    0000002E 666C                   EXTU.B      R6,R6
    00000030 6263                   MOV         R6,R2
    00000032 72D0                   ADD         #-48,R2
    00000034              L13:
    00000034 6323                   MOV         R2,R3
    00000036 D104                   MOV.L       L15+6,R1   ; H'00000001+_pri0019s
    00000038 2130                   MOV.B       R3,@R1
    0000003A E200                   MOV         #0,R2      ; H'00000000
    0000003C 6023                   MOV         R2,R0
    0000003E 000B                   RTS
    00000040 0009                   NOP
    00000042              L15:
    00000042 00000002               .RES.W      1
    00000044 <00000000>             .DATA.L     _pri0019s
    00000048 <00000001>             .DATA.L     H'00000001+_pri0019s
B   00000000              _pri0019s:                       ; static: pri0019s
    00000000 00000001               .RES.B      2
SH SERIES C/C++ Compiler (Ver. checker(2003.03.17))                                              16-Nov-2009 12:33:12  PAGE    1


******** STATISTICS INFORMATION ********


********** ERROR INFORMATION ***********

NUMBER OF ERRORS:           0
NUMBER OF WARNINGS:         0
NUMBER OF INFORMATIONS:     0



******* SOURCE LINE INFORMATION ********

COMPILED SOURCE LINE:       53



******* SECTION SIZE INFORMATION *******

PROGRAM  SECTION (P):                               0000004C Byte(s)
CONSTANT SECTION (C):                               00000000 Byte(s)
DATA     SECTION (D):                               00000000 Byte(s)
BSS      SECTION (B):                               00000002 Byte(s)

TOTAL PROGRAM  SECTION: 0000004C Byte(s)
TOTAL CONSTANT SECTION: 00000000 Byte(s)
TOTAL DATA     SECTION: 00000000 Byte(s)
TOTAL BSS      SECTION: 00000002 Byte(s)

    TOTAL PROGRAM SIZE: 0000004E Byte(s)



********** LABEL INFORMATION ***********

NUMBER OF EXTERNAL REFERENCE SYMBOLS:            0
NUMBER OF EXTERNAL DEFINITION SYMBOLS:           2
NUMBER OF INTERNAL/EXTERNAL SYMBOLS:             5
*** COMMAND PARAMETER ***


  -cpu=sh3 -op=0 -en=big -me -debug -comment=nest -l -def=DEBUG -i=P:\PRESTO2\SHINC,C:\usr\local\SH\7_1_1\include,P:\PRESTO2\NORTI_12\inc pri0019.c 

