SH SERIES C/C++ Compiler (Ver. checker(2003.03.17))                                              16-Nov-2009 12:33:22  PAGE    1

************ OBJECT LISTING ************

FILE NAME: pri0054.c

SCT OFFSET   CODE       C LABEL     INSTRUCTION OPERAND    COMMENT

P   00000000              _pr_print_archive:               ; function: pr_print_archive
                                                           ; frame size=24
    00000000 2FC6                   MOV.L       R12,@-R15
    00000002 2FD6                   MOV.L       R13,@-R15
    00000004 2FE6                   MOV.L       R14,@-R15
    00000006 4F22                   STS.L       PR,@-R15
    00000008 7FF8                   ADD         #-8,R15
    0000000A 6E53                   MOV         R5,R14
    0000000C 6D43                   MOV         R4,R13
    0000000E 62E2                   MOV.L       @R14,R2
    00000010 E309                   MOV         #9,R3      ; H'00000009
    00000012 3237                   CMP/GT      R3,R2
    00000014 8B03                   BF          L12
    00000016 66E2                   MOV.L       @R14,R6
    00000018 7637                   ADD         #55,R6
    0000001A A002                   BRA         L13
    0000001C 0009                   NOP
    0000001E              L12:
    0000001E 66E2                   MOV.L       @R14,R6
    00000020 7630                   ADD         #48,R6
    00000022              L13:
    00000022 6063                   MOV         R6,R0
    00000024 80D5                   MOV.B       R0,@(5,R13)
    00000026 84E4                   MOV.B       @(4,R14),R0
    00000028 6203                   MOV         R0,R2
    0000002A 642C                   EXTU.B      R2,R4
    0000002C 65D3                   MOV         R13,R5
    0000002E 7506                   ADD         #6,R5
    00000030 644C                   EXTU.B      R4,R4
    00000032 D32C                   MOV.L       L20,R3     ; _ctoh
    00000034 430B                   JSR         @R3
    00000036 0009                   NOP
    00000038 85E3                   MOV.W       @(6,R14),R0
    0000003A 6203                   MOV         R0,R2
    0000003C 65D3                   MOV         R13,R5
    0000003E 7508                   ADD         #8,R5
    00000040 642D                   EXTU.W      R2,R4
    00000042 D329                   MOV.L       L20+4,R3   ; _itoh
    00000044 430B                   JSR         @R3
    00000046 0009                   NOP
    00000048 84E8                   MOV.B       @(8,R14),R0
    0000004A 6203                   MOV         R0,R2
    0000004C 642C                   EXTU.B      R2,R4
    0000004E 65D3                   MOV         R13,R5
    00000050 750C                   ADD         #12,R5
    00000052 644C                   EXTU.B      R4,R4
    00000054 D323                   MOV.L       L20,R3     ; _ctoh
    00000056 430B                   JSR         @R3
    00000058 0009                   NOP
    0000005A 7D0E                   ADD         #14,R13
    0000005C 6CD3                   MOV         R13,R12
    0000005E ED00                   MOV         #0,R13     ; H'00000000
    00000060 84E8                   MOV.B       @(8,R14),R0
    00000062 6203                   MOV         R0,R2
    00000064 662C                   EXTU.B      R2,R6
    00000066 666C                   EXTU.B      R6,R6
    00000068 3D63                   CMP/GE      R6,R13
    0000006A 8933                   BT          L14
    0000006C              L15:
    0000006C 62D3                   MOV         R13,R2
    0000006E 4208                   SHLL2       R2
    00000070 4200                   SHLL        R2
    00000072 66E3                   MOV         R14,R6
    00000074 760C                   ADD         #12,R6
    00000076 6023                   MOV         R2,R0
    00000078 076D                   MOV.W       @(R0,R6),R7
    0000007A 65C3                   MOV         R12,R5
    0000007C 647D                   EXTU.W      R7,R4
    0000007E D31A                   MOV.L       L20+4,R3   ; _itoh
    00000080 430B                   JSR         @R3
    00000082 0009                   NOP
    00000084 7C04                   ADD         #4,R12
    00000086 66D3                   MOV         R13,R6
    00000088 6263                   MOV         R6,R2
    0000008A 4208                   SHLL2       R2
    0000008C 4200                   SHLL        R2
    0000008E 65E3                   MOV         R14,R5
    00000090 7510                   ADD         #16,R5
    00000092 6023                   MOV         R2,R0
    00000094 065E                   MOV.L       @(R0,R5),R6
    00000096 E309                   MOV         #9,R3      ; H'00000009
    00000098 3637                   CMP/GT      R3,R6
    0000009A 8B0A                   BF          L17
    0000009C 66D3                   MOV         R13,R6
    0000009E 6263                   MOV         R6,R2
    000000A0 4208                   SHLL2       R2
    000000A2 4200                   SHLL        R2
    000000A4 65E3                   MOV         R14,R5
    000000A6 7510                   ADD         #16,R5
    000000A8 6023                   MOV         R2,R0
    000000AA 065E                   MOV.L       @(R0,R5),R6
    000000AC 7637                   ADD         #55,R6
    000000AE A008                   BRA         L18
    000000B0 0009                   NOP
    000000B2              L17:
    000000B2 62D3                   MOV         R13,R2
    000000B4 4208                   SHLL2       R2
    000000B6 4200                   SHLL        R2
    000000B8 65E3                   MOV         R14,R5
    000000BA 7510                   ADD         #16,R5
    000000BC 6023                   MOV         R2,R0
    000000BE 065E                   MOV.L       @(R0,R5),R6
    000000C0 7630                   ADD         #48,R6
    000000C2              L18:
    000000C2 2C60                   MOV.B       R6,@R12
    000000C4 7C01                   ADD         #1,R12
    000000C6 7D01                   ADD         #1,R13
    000000C8 84E8                   MOV.B       @(8,R14),R0
    000000CA 6203                   MOV         R0,R2
    000000CC 662C                   EXTU.B      R2,R6
    000000CE 666C                   EXTU.B      R6,R6
    000000D0 3D63                   CMP/GE      R6,R13
    000000D2 8BCB                   BF          L15
    000000D4              L14:
    000000D4 60C3                   MOV         R12,R0
    000000D6 7F08                   ADD         #8,R15
    000000D8 4F26                   LDS.L       @R15+,PR
    000000DA 6EF6                   MOV.L       @R15+,R14
    000000DC 6DF6                   MOV.L       @R15+,R13
    000000DE 6CF6                   MOV.L       @R15+,R12
    000000E0 000B                   RTS
    000000E2 0009                   NOP
    000000E4              L20:
    000000E4 <00000000>             .DATA.L     _ctoh
    000000E8 <00000000>             .DATA.L     _itoh
SH SERIES C/C++ Compiler (Ver. checker(2003.03.17))                                              16-Nov-2009 12:33:22  PAGE    1


******** STATISTICS INFORMATION ********


********** ERROR INFORMATION ***********

NUMBER OF ERRORS:           0
NUMBER OF WARNINGS:         0
NUMBER OF INFORMATIONS:     0



******* SOURCE LINE INFORMATION ********

COMPILED SOURCE LINE:       66



******* SECTION SIZE INFORMATION *******

PROGRAM  SECTION (P):                               000000EC Byte(s)
CONSTANT SECTION (C):                               00000000 Byte(s)
DATA     SECTION (D):                               00000000 Byte(s)
BSS      SECTION (B):                               00000000 Byte(s)

TOTAL PROGRAM  SECTION: 000000EC Byte(s)
TOTAL CONSTANT SECTION: 00000000 Byte(s)
TOTAL DATA     SECTION: 00000000 Byte(s)
TOTAL BSS      SECTION: 00000000 Byte(s)

    TOTAL PROGRAM SIZE: 000000EC Byte(s)



********** LABEL INFORMATION ***********

NUMBER OF EXTERNAL REFERENCE SYMBOLS:            2
NUMBER OF EXTERNAL DEFINITION SYMBOLS:           1
NUMBER OF INTERNAL/EXTERNAL SYMBOLS:            10
*** COMMAND PARAMETER ***


  -cpu=sh3 -op=0 -en=big -me -debug -comment=nest -l -def=DEBUG -i=P:\PRESTO2\SHINC,C:\usr\local\SH\7_1_1\include,P:\PRESTO2\NORTI_12\inc pri0054.c 

