SH SERIES C/C++ Compiler (Ver. checker(2003.03.17))                                              16-Nov-2009 12:33:09  PAGE    1

************ OBJECT LISTING ************

FILE NAME: pri0011.c

SCT OFFSET   CODE       C LABEL     INSTRUCTION OPERAND    COMMENT

P   00000000              _pr_scan_head_weight:            ; function: pr_scan_head_weight
                                                           ; frame size=32
    00000000 2FC6                   MOV.L       R12,@-R15
    00000002 2FD6                   MOV.L       R13,@-R15
    00000004 2FE6                   MOV.L       R14,@-R15
    00000006 4F22                   STS.L       PR,@-R15
    00000008 7FF0                   ADD         #-16,R15
    0000000A 6E43                   MOV         R4,R14
    0000000C E330                   MOV         #48,R3     ; H'00000030
    0000000E 6033                   MOV         R3,R0
    00000010 80FC                   MOV.B       R0,@(12,R15)
    00000012 84E5                   MOV.B       @(5,R14),R0
    00000014 6603                   MOV         R0,R6
    00000016 626C                   EXTU.B      R6,R2
    00000018 622C                   EXTU.B      R2,R2
    0000001A E339                   MOV         #57,R3     ; H'00000039
    0000001C 3237                   CMP/GT      R3,R2
    0000001E 8B07                   BF          L12
    00000020 84E5                   MOV.B       @(5,R14),R0
    00000022 6203                   MOV         R0,R2
    00000024 652C                   EXTU.B      R2,R5
    00000026 655C                   EXTU.B      R5,R5
    00000028 6653                   MOV         R5,R6
    0000002A 76C9                   ADD         #-55,R6
    0000002C A006                   BRA         L13
    0000002E 0009                   NOP
    00000030              L12:
    00000030 84E5                   MOV.B       @(5,R14),R0
    00000032 6203                   MOV         R0,R2
    00000034 652C                   EXTU.B      R2,R5
    00000036 655C                   EXTU.B      R5,R5
    00000038 6653                   MOV         R5,R6
    0000003A 76D0                   ADD         #-48,R6
    0000003C              L13:
    0000003C 6263                   MOV         R6,R2
    0000003E 6323                   MOV         R2,R3
    00000040 D1A0                   MOV.L       L32+2,R1   ; _pri0011s
    00000042 2130                   MOV.B       R3,@R1
    00000044 84E6                   MOV.B       @(6,R14),R0
    00000046 6603                   MOV         R0,R6
    00000048 626C                   EXTU.B      R6,R2
    0000004A 622C                   EXTU.B      R2,R2
    0000004C E339                   MOV         #57,R3     ; H'00000039
    0000004E 3237                   CMP/GT      R3,R2
    00000050 8B07                   BF          L15
    00000052 84E6                   MOV.B       @(6,R14),R0
    00000054 6603                   MOV         R0,R6
    00000056 626C                   EXTU.B      R6,R2
    00000058 622C                   EXTU.B      R2,R2
    0000005A 6623                   MOV         R2,R6
    0000005C 76C9                   ADD         #-55,R6
    0000005E A006                   BRA         L16
    00000060 0009                   NOP
    00000062              L15:
    00000062 84E6                   MOV.B       @(6,R14),R0
    00000064 6603                   MOV         R0,R6
    00000066 626C                   EXTU.B      R6,R2
    00000068 622C                   EXTU.B      R2,R2
    0000006A 6623                   MOV         R2,R6
    0000006C 76D0                   ADD         #-48,R6
    0000006E              L16:
    0000006E 6263                   MOV         R6,R2
    00000070 622C                   EXTU.B      R2,R2
    00000072 6323                   MOV         R2,R3
    00000074 D194                   MOV.L       L32+6,R1   ; H'00000004+_pri0011s
    00000076 2132                   MOV.L       R3,@R1
    00000078 64E3                   MOV         R14,R4
    0000007A 7407                   ADD         #7,R4
    0000007C D393                   MOV.L       L32+10,R3  ; _htoc
    0000007E 430B                   JSR         @R3
    00000080 0009                   NOP
    00000082 6203                   MOV         R0,R2
    00000084 632C                   EXTU.B      R2,R3
    00000086 D192                   MOV.L       L32+14,R1  ; H'00000008+_pri0011s
    00000088 2130                   MOV.B       R3,@R1
    0000008A 64E3                   MOV         R14,R4
    0000008C 7409                   ADD         #9,R4
    0000008E D38F                   MOV.L       L32+10,R3  ; _htoc
    00000090 430B                   JSR         @R3
    00000092 0009                   NOP
    00000094 6203                   MOV         R0,R2
    00000096 632C                   EXTU.B      R2,R3
    00000098 D18E                   MOV.L       L32+18,R1  ; H'00000009+_pri0011s
    0000009A 2130                   MOV.B       R3,@R1
    0000009C 7E0B                   ADD         #11,R14
    0000009E D38D                   MOV.L       L32+18,R3  ; H'00000009+_pri0011s
    000000A0 6330                   MOV.B       @R3,R3
    000000A2 633C                   EXTU.B      R3,R3
    000000A4 6233                   MOV         R3,R2
    000000A6 6D23                   MOV         R2,R13
    000000A8 D389                   MOV.L       L32+14,R3  ; H'00000008+_pri0011s
    000000AA 6330                   MOV.B       @R3,R3
    000000AC 633C                   EXTU.B      R3,R3
    000000AE 6633                   MOV         R3,R6
    000000B0 76FF                   ADD         #-1,R6
    000000B2 6C63                   MOV         R6,R12
    000000B4 2DD8                   TST         R13,R13
    000000B6 8924                   BT          L17
    000000B8              L18:
    000000B8 64E3                   MOV         R14,R4
    000000BA D387                   MOV.L       L32+22,R3  ; _htoi
    000000BC 430B                   JSR         @R3
    000000BE 0009                   NOP
    000000C0 6603                   MOV         R0,R6
    000000C2 626D                   EXTU.W      R6,R2
    000000C4 D585                   MOV.L       L32+26,R5  ; H'0000000A+_pri0011s
    000000C6 66C3                   MOV         R12,R6
    000000C8 4608                   SHLL2       R6
    000000CA 6063                   MOV         R6,R0
    000000CC 0525                   MOV.W       R2,@(R0,R5)
    000000CE 7E04                   ADD         #4,R14
    000000D0 64F3                   MOV         R15,R4
    000000D2 740D                   ADD         #13,R4
    000000D4 E603                   MOV         #3,R6      ; H'00000003
    000000D6 65E3                   MOV         R14,R5
    000000D8 D381                   MOV.L       L32+30,R3  ; _memcpy
    000000DA 430B                   JSR         @R3
    000000DC 0009                   NOP
    000000DE 64F3                   MOV         R15,R4
    000000E0 740C                   ADD         #12,R4
    000000E2 D37D                   MOV.L       L32+22,R3  ; _htoi
    000000E4 430B                   JSR         @R3
    000000E6 0009                   NOP
    000000E8 6203                   MOV         R0,R2
    000000EA 662D                   EXTU.W      R2,R6
    000000EC 6263                   MOV         R6,R2
    000000EE D67B                   MOV.L       L32+26,R6  ; H'0000000A+_pri0011s
    000000F0 7602                   ADD         #2,R6
    000000F2 65C3                   MOV         R12,R5
    000000F4 4508                   SHLL2       R5
    000000F6 6053                   MOV         R5,R0
    000000F8 0625                   MOV.W       R2,@(R0,R6)
    000000FA 7E03                   ADD         #3,R14
    000000FC 4D10                   DT          R13
    000000FE 7C01                   ADD         #1,R12
    00000100 8BDA                   BF          L18
    00000102              L17:
    00000102 64E3                   MOV         R14,R4
    00000104 D371                   MOV.L       L32+10,R3  ; _htoc
    00000106 430B                   JSR         @R3
    00000108 0009                   NOP
    0000010A 6203                   MOV         R0,R2
    0000010C 632C                   EXTU.B      R2,R3
    0000010E D175                   MOV.L       L32+34,R1  ; H'0000008A+_pri0011s
    00000110 2130                   MOV.B       R3,@R1
    00000112 7E02                   ADD         #2,R14
    00000114 D373                   MOV.L       L32+34,R3  ; H'0000008A+_pri0011s
    00000116 6330                   MOV.B       @R3,R3
    00000118 633C                   EXTU.B      R3,R3
    0000011A 6233                   MOV         R3,R2
    0000011C 6D23                   MOV         R2,R13
    0000011E D36C                   MOV.L       L32+14,R3  ; H'00000008+_pri0011s
    00000120 6330                   MOV.B       @R3,R3
    00000122 633C                   EXTU.B      R3,R3
    00000124 6233                   MOV         R3,R2
    00000126 72FF                   ADD         #-1,R2
    00000128 6C23                   MOV         R2,R12
    0000012A 2DD8                   TST         R13,R13
    0000012C 8925                   BT          L19
    0000012E              L20:
    0000012E 64E3                   MOV         R14,R4
    00000130 D369                   MOV.L       L32+22,R3  ; _htoi
    00000132 430B                   JSR         @R3
    00000134 0009                   NOP
    00000136 6203                   MOV         R0,R2
    00000138 662D                   EXTU.W      R2,R6
    0000013A 6263                   MOV         R6,R2
    0000013C D46A                   MOV.L       L32+38,R4  ; H'0000008C+_pri0011s
    0000013E 65C3                   MOV         R12,R5
    00000140 6653                   MOV         R5,R6
    00000142 4608                   SHLL2       R6
    00000144 6063                   MOV         R6,R0
    00000146 0425                   MOV.W       R2,@(R0,R4)
    00000148 7E04                   ADD         #4,R14
    0000014A 64F3                   MOV         R15,R4
    0000014C 740D                   ADD         #13,R4
    0000014E E603                   MOV         #3,R6      ; H'00000003
    00000150 65E3                   MOV         R14,R5
    00000152 D363                   MOV.L       L32+30,R3  ; _memcpy
    00000154 430B                   JSR         @R3
    00000156 0009                   NOP
    00000158 64F3                   MOV         R15,R4
    0000015A 740C                   ADD         #12,R4
    0000015C D35E                   MOV.L       L32+22,R3  ; _htoi
    0000015E 430B                   JSR         @R3
    00000160 0009                   NOP
    00000162 6603                   MOV         R0,R6
    00000164 626D                   EXTU.W      R6,R2
    00000166 D560                   MOV.L       L32+38,R5  ; H'0000008C+_pri0011s
    00000168 7502                   ADD         #2,R5
    0000016A 66C3                   MOV         R12,R6
    0000016C 4608                   SHLL2       R6
    0000016E 6063                   MOV         R6,R0
    00000170 0525                   MOV.W       R2,@(R0,R5)
    00000172 7E03                   ADD         #3,R14
    00000174 4D10                   DT          R13
    00000176 7C01                   ADD         #1,R12
    00000178 8BD9                   BF          L20
    0000017A              L19:
    0000017A 64E3                   MOV         R14,R4
    0000017C D353                   MOV.L       L32+10,R3  ; _htoc
    0000017E 430B                   JSR         @R3
    00000180 0009                   NOP
    00000182 6203                   MOV         R0,R2
    00000184 632C                   EXTU.B      R2,R3
    00000186 D159                   MOV.L       L32+42,R1  ; H'0000010C+_pri0011s
    00000188 2130                   MOV.B       R3,@R1
    0000018A 7E02                   ADD         #2,R14
    0000018C D357                   MOV.L       L32+42,R3  ; H'0000010C+_pri0011s
    0000018E 6330                   MOV.B       @R3,R3
    00000190 633C                   EXTU.B      R3,R3
    00000192 6233                   MOV         R3,R2
    00000194 6D23                   MOV         R2,R13
    00000196 D34E                   MOV.L       L32+14,R3  ; H'00000008+_pri0011s
    00000198 6330                   MOV.B       @R3,R3
    0000019A 633C                   EXTU.B      R3,R3
    0000019C 6633                   MOV         R3,R6
    0000019E 76FF                   ADD         #-1,R6
    000001A0 6C63                   MOV         R6,R12
    000001A2 2DD8                   TST         R13,R13
    000001A4 8926                   BT          L21
    000001A6              L22:
    000001A6 64E3                   MOV         R14,R4
    000001A8 D34B                   MOV.L       L32+22,R3  ; _htoi
    000001AA 430B                   JSR         @R3
    000001AC 0009                   NOP
    000001AE 6603                   MOV         R0,R6
    000001B0 626D                   EXTU.W      R6,R2
    000001B2 D44F                   MOV.L       L32+46,R4  ; H'0000010E+_pri0011s
    000001B4 65C3                   MOV         R12,R5
    000001B6 6653                   MOV         R5,R6
    000001B8 4608                   SHLL2       R6
    000001BA 6063                   MOV         R6,R0
    000001BC 0425                   MOV.W       R2,@(R0,R4)
    000001BE 7E04                   ADD         #4,R14
    000001C0 64F3                   MOV         R15,R4
    000001C2 740D                   ADD         #13,R4
    000001C4 E603                   MOV         #3,R6      ; H'00000003
    000001C6 65E3                   MOV         R14,R5
    000001C8 D345                   MOV.L       L32+30,R3  ; _memcpy
    000001CA 430B                   JSR         @R3
    000001CC 0009                   NOP
    000001CE 64F3                   MOV         R15,R4
    000001D0 740C                   ADD         #12,R4
    000001D2 D341                   MOV.L       L32+22,R3  ; _htoi
    000001D4 430B                   JSR         @R3
    000001D6 0009                   NOP
    000001D8 6203                   MOV         R0,R2
    000001DA 662D                   EXTU.W      R2,R6
    000001DC 6263                   MOV         R6,R2
    000001DE D644                   MOV.L       L32+46,R6  ; H'0000010E+_pri0011s
    000001E0 7602                   ADD         #2,R6
    000001E2 64C3                   MOV         R12,R4
    000001E4 6543                   MOV         R4,R5
    000001E6 4508                   SHLL2       R5
    000001E8 6053                   MOV         R5,R0
    000001EA 0625                   MOV.W       R2,@(R0,R6)
    000001EC 7E03                   ADD         #3,R14
    000001EE 4D10                   DT          R13
    000001F0 7C01                   ADD         #1,R12
    000001F2 8BD8                   BF          L22
    000001F4              L21:
    000001F4 66E0                   MOV.B       @R14,R6
    000001F6 626C                   EXTU.B      R6,R2
    000001F8 622C                   EXTU.B      R2,R2
    000001FA E339                   MOV         #57,R3     ; H'00000039
    000001FC 3237                   CMP/GT      R3,R2
    000001FE 8B06                   BF          L24
    00000200 62E0                   MOV.B       @R14,R2
    00000202 662C                   EXTU.B      R2,R6
    00000204 666C                   EXTU.B      R6,R6
    00000206 6263                   MOV         R6,R2
    00000208 72C9                   ADD         #-55,R2
    0000020A A005                   BRA         L25
    0000020C 0009                   NOP
    0000020E              L24:
    0000020E 62E0                   MOV.B       @R14,R2
    00000210 662C                   EXTU.B      R2,R6
    00000212 666C                   EXTU.B      R6,R6
    00000214 6263                   MOV         R6,R2
    00000216 72D0                   ADD         #-48,R2
    00000218              L25:
    00000218 6323                   MOV         R2,R3
    0000021A D136                   MOV.L       L32+50,R1  ; H'0000018E+_pri0011s
    0000021C 2130                   MOV.B       R3,@R1
    0000021E 7E01                   ADD         #1,R14
    00000220 62E0                   MOV.B       @R14,R2
    00000222 662C                   EXTU.B      R2,R6
    00000224 666C                   EXTU.B      R6,R6
    00000226 E339                   MOV         #57,R3     ; H'00000039
    00000228 3637                   CMP/GT      R3,R6
    0000022A 8B06                   BF          L27
    0000022C 66E0                   MOV.B       @R14,R6
    0000022E 626C                   EXTU.B      R6,R2
    00000230 622C                   EXTU.B      R2,R2
    00000232 6623                   MOV         R2,R6
    00000234 76C9                   ADD         #-55,R6
    00000236 A005                   BRA         L28
    00000238 0009                   NOP
    0000023A              L27:
    0000023A 66E0                   MOV.B       @R14,R6
    0000023C 626C                   EXTU.B      R6,R2
    0000023E 622C                   EXTU.B      R2,R2
    00000240 6623                   MOV         R2,R6
    00000242 76D0                   ADD         #-48,R6
    00000244              L28:
    00000244 6263                   MOV         R6,R2
    00000246 6323                   MOV         R2,R3
    00000248 D12B                   MOV.L       L32+54,R1  ; H'0000018F+_pri0011s
    0000024A 2130                   MOV.B       R3,@R1
    0000024C 7E01                   ADD         #1,R14
    0000024E D32A                   MOV.L       L32+54,R3  ; H'0000018F+_pri0011s
    00000250 6330                   MOV.B       @R3,R3
    00000252 633C                   EXTU.B      R3,R3
    00000254 6D33                   MOV         R3,R13
    00000256 D327                   MOV.L       L32+50,R3  ; H'0000018E+_pri0011s
    00000258 6330                   MOV.B       @R3,R3
    0000025A 633C                   EXTU.B      R3,R3
    0000025C 6233                   MOV         R3,R2
    0000025E 72FF                   ADD         #-1,R2
    00000260 6C23                   MOV         R2,R12
    00000262 2DD8                   TST         R13,R13
    00000264 8924                   BT          L29
    00000266              L30:
    00000266 64E3                   MOV         R14,R4
    00000268 D31B                   MOV.L       L32+22,R3  ; _htoi
    0000026A 430B                   JSR         @R3
    0000026C 0009                   NOP
    0000026E 6203                   MOV         R0,R2
    00000270 662D                   EXTU.W      R2,R6
    00000272 6263                   MOV         R6,R2
    00000274 D521                   MOV.L       L32+58,R5  ; H'00000190+_pri0011s
    00000276 66C3                   MOV         R12,R6
    00000278 4608                   SHLL2       R6
    0000027A 6063                   MOV         R6,R0
    0000027C 0525                   MOV.W       R2,@(R0,R5)
    0000027E 7E04                   ADD         #4,R14
    00000280 64F3                   MOV         R15,R4
    00000282 740D                   ADD         #13,R4
    00000284 E603                   MOV         #3,R6      ; H'00000003
    00000286 65E3                   MOV         R14,R5
    00000288 D315                   MOV.L       L32+30,R3  ; _memcpy
    0000028A 430B                   JSR         @R3
    0000028C 0009                   NOP
    0000028E 64F3                   MOV         R15,R4
    00000290 740C                   ADD         #12,R4
    00000292 D311                   MOV.L       L32+22,R3  ; _htoi
    00000294 430B                   JSR         @R3
    00000296 0009                   NOP
    00000298 6603                   MOV         R0,R6
    0000029A 626D                   EXTU.W      R6,R2
    0000029C D617                   MOV.L       L32+58,R6  ; H'00000190+_pri0011s
    0000029E 7602                   ADD         #2,R6
    000002A0 65C3                   MOV         R12,R5
    000002A2 4508                   SHLL2       R5
    000002A4 6053                   MOV         R5,R0
    000002A6 0625                   MOV.W       R2,@(R0,R6)
    000002A8 7E03                   ADD         #3,R14
    000002AA 4D10                   DT          R13
    000002AC 7C01                   ADD         #1,R12
    000002AE 8BDA                   BF          L30
    000002B0              L29:
    000002B0 E200                   MOV         #0,R2      ; H'00000000
    000002B2 6023                   MOV         R2,R0
    000002B4 7F10                   ADD         #16,R15
    000002B6 4F26                   LDS.L       @R15+,PR
    000002B8 6EF6                   MOV.L       @R15+,R14
    000002BA 6DF6                   MOV.L       @R15+,R13
    000002BC 6CF6                   MOV.L       @R15+,R12
    000002BE 000B                   RTS
    000002C0 0009                   NOP
    000002C2              L32:
    000002C2 00000002               .RES.W      1
    000002C4 <00000000>             .DATA.L     _pri0011s
    000002C8 <00000004>             .DATA.L     H'00000004+_pri0011s
    000002CC <00000000>             .DATA.L     _htoc
    000002D0 <00000008>             .DATA.L     H'00000008+_pri0011s
    000002D4 <00000009>             .DATA.L     H'00000009+_pri0011s
    000002D8 <00000000>             .DATA.L     _htoi
    000002DC <0000000A>             .DATA.L     H'0000000A+_pri0011s
    000002E0 <00000000>             .DATA.L     _memcpy
    000002E4 <0000008A>             .DATA.L     H'0000008A+_pri0011s
    000002E8 <0000008C>             .DATA.L     H'0000008C+_pri0011s
    000002EC <0000010C>             .DATA.L     H'0000010C+_pri0011s
    000002F0 <0000010E>             .DATA.L     H'0000010E+_pri0011s
    000002F4 <0000018E>             .DATA.L     H'0000018E+_pri0011s
    000002F8 <0000018F>             .DATA.L     H'0000018F+_pri0011s
    000002FC <00000190>             .DATA.L     H'00000190+_pri0011s
B   00000000              _pri0011s:                       ; static: pri0011s
    00000000 00000004               .RES.L      108
SH SERIES C/C++ Compiler (Ver. checker(2003.03.17))                                              16-Nov-2009 12:33:09  PAGE    1


******** STATISTICS INFORMATION ********


********** ERROR INFORMATION ***********

NUMBER OF ERRORS:           0
NUMBER OF WARNINGS:         0
NUMBER OF INFORMATIONS:     0



******* SOURCE LINE INFORMATION ********

COMPILED SOURCE LINE:       99



******* SECTION SIZE INFORMATION *******

PROGRAM  SECTION (P):                               00000300 Byte(s)
CONSTANT SECTION (C):                               00000000 Byte(s)
DATA     SECTION (D):                               00000000 Byte(s)
BSS      SECTION (B):                               000001B0 Byte(s)

TOTAL PROGRAM  SECTION: 00000300 Byte(s)
TOTAL CONSTANT SECTION: 00000000 Byte(s)
TOTAL DATA     SECTION: 00000000 Byte(s)
TOTAL BSS      SECTION: 000001B0 Byte(s)

    TOTAL PROGRAM SIZE: 000004B0 Byte(s)



********** LABEL INFORMATION ***********

NUMBER OF EXTERNAL REFERENCE SYMBOLS:            3
NUMBER OF EXTERNAL DEFINITION SYMBOLS:           2
NUMBER OF INTERNAL/EXTERNAL SYMBOLS:            22
*** COMMAND PARAMETER ***


  -cpu=sh3 -op=0 -en=big -me -debug -comment=nest -l -def=DEBUG -i=P:\PRESTO2\SHINC,C:\usr\local\SH\7_1_1\include,P:\PRESTO2\NORTI_12\inc pri0011.c 

