SH SERIES C/C++ Compiler (Ver. checker(2003.03.17))                                              16-Nov-2009 12:33:12  PAGE    1

************ OBJECT LISTING ************

FILE NAME: pri0018.c

SCT OFFSET   CODE       C LABEL     INSTRUCTION OPERAND    COMMENT

P   00000000              _pr_print_error:                 ; function: pr_print_error
                                                           ; frame size=12
    00000000 2FD6                   MOV.L       R13,@-R15
    00000002 2FE6                   MOV.L       R14,@-R15
    00000004 4F22                   STS.L       PR,@-R15
    00000006 6E53                   MOV         R5,R14
    00000008 6D43                   MOV         R4,R13
    0000000A 66E0                   MOV.B       @R14,R6
    0000000C 626C                   EXTU.B      R6,R2
    0000000E 622C                   EXTU.B      R2,R2
    00000010 E309                   MOV         #9,R3      ; H'00000009
    00000012 3237                   CMP/GT      R3,R2
    00000014 8B06                   BF          L12
    00000016 62E0                   MOV.B       @R14,R2
    00000018 662C                   EXTU.B      R2,R6
    0000001A 666C                   EXTU.B      R6,R6
    0000001C 6263                   MOV         R6,R2
    0000001E 7237                   ADD         #55,R2
    00000020 A005                   BRA         L13
    00000022 0009                   NOP
    00000024              L12:
    00000024 62E0                   MOV.B       @R14,R2
    00000026 662C                   EXTU.B      R2,R6
    00000028 666C                   EXTU.B      R6,R6
    0000002A 6263                   MOV         R6,R2
    0000002C 7230                   ADD         #48,R2
    0000002E              L13:
    0000002E 6423                   MOV         R2,R4
    00000030 6043                   MOV         R4,R0
    00000032 80D5                   MOV.B       R0,@(5,R13)
    00000034 54E1                   MOV.L       @(4,R14),R4
    00000036 65D3                   MOV         R13,R5
    00000038 7506                   ADD         #6,R5
    0000003A 644C                   EXTU.B      R4,R4
    0000003C D33A                   MOV.L       L21+2,R3   ; _ctoh
    0000003E 430B                   JSR         @R3
    00000040 0009                   NOP
    00000042 52E2                   MOV.L       @(8,R14),R2
    00000044 65D3                   MOV         R13,R5
    00000046 7508                   ADD         #8,R5
    00000048 6423                   MOV         R2,R4
    0000004A D338                   MOV.L       L21+6,R3   ; _ltoh
    0000004C 430B                   JSR         @R3
    0000004E 0009                   NOP
    00000050 52E3                   MOV.L       @(12,R14),R2
    00000052 65D3                   MOV         R13,R5
    00000054 7510                   ADD         #16,R5
    00000056 6423                   MOV         R2,R4
    00000058 D334                   MOV.L       L21+6,R3   ; _ltoh
    0000005A 430B                   JSR         @R3
    0000005C 0009                   NOP
    0000005E 54E4                   MOV.L       @(16,R14),R4
    00000060 65D3                   MOV         R13,R5
    00000062 7518                   ADD         #24,R5
    00000064 D331                   MOV.L       L21+6,R3   ; _ltoh
    00000066 430B                   JSR         @R3
    00000068 0009                   NOP
    0000006A 85EA                   MOV.W       @(20,R14),R0
    0000006C 6403                   MOV         R0,R4
    0000006E 65D3                   MOV         R13,R5
    00000070 7520                   ADD         #32,R5
    00000072 644D                   EXTU.W      R4,R4
    00000074 D32E                   MOV.L       L21+10,R3  ; _itoh
    00000076 430B                   JSR         @R3
    00000078 0009                   NOP
    0000007A 85EB                   MOV.W       @(22,R14),R0
    0000007C 6403                   MOV         R0,R4
    0000007E 65D3                   MOV         R13,R5
    00000080 7524                   ADD         #36,R5
    00000082 644D                   EXTU.W      R4,R4
    00000084 D32A                   MOV.L       L21+10,R3  ; _itoh
    00000086 430B                   JSR         @R3
    00000088 0009                   NOP
    0000008A 85EC                   MOV.W       @(24,R14),R0
    0000008C 6403                   MOV         R0,R4
    0000008E 65D3                   MOV         R13,R5
    00000090 7528                   ADD         #40,R5
    00000092 644D                   EXTU.W      R4,R4
    00000094 D326                   MOV.L       L21+10,R3  ; _itoh
    00000096 430B                   JSR         @R3
    00000098 0009                   NOP
    0000009A E01A                   MOV         #26,R0     ; H'0000001A
    0000009C 02EC                   MOV.B       @(R0,R14),R2
    0000009E 642C                   EXTU.B      R2,R4
    000000A0 65D3                   MOV         R13,R5
    000000A2 752C                   ADD         #44,R5
    000000A4 644C                   EXTU.B      R4,R4
    000000A6 D320                   MOV.L       L21+2,R3   ; _ctoh
    000000A8 430B                   JSR         @R3
    000000AA 0009                   NOP
    000000AC 54E7                   MOV.L       @(28,R14),R4
    000000AE 65D3                   MOV         R13,R5
    000000B0 752E                   ADD         #46,R5
    000000B2 D31E                   MOV.L       L21+6,R3   ; _ltoh
    000000B4 430B                   JSR         @R3
    000000B6 0009                   NOP
    000000B8 E020                   MOV         #32,R0     ; H'00000020
    000000BA 06EC                   MOV.B       @(R0,R14),R6
    000000BC 626C                   EXTU.B      R6,R2
    000000BE 622C                   EXTU.B      R2,R2
    000000C0 E309                   MOV         #9,R3      ; H'00000009
    000000C2 3237                   CMP/GT      R3,R2
    000000C4 8B07                   BF          L15
    000000C6 E020                   MOV         #32,R0     ; H'00000020
    000000C8 02EC                   MOV.B       @(R0,R14),R2
    000000CA 662C                   EXTU.B      R2,R6
    000000CC 666C                   EXTU.B      R6,R6
    000000CE 6263                   MOV         R6,R2
    000000D0 7237                   ADD         #55,R2
    000000D2 A006                   BRA         L16
    000000D4 0009                   NOP
    000000D6              L15:
    000000D6 E020                   MOV         #32,R0     ; H'00000020
    000000D8 02EC                   MOV.B       @(R0,R14),R2
    000000DA 662C                   EXTU.B      R2,R6
    000000DC 666C                   EXTU.B      R6,R6
    000000DE 6263                   MOV         R6,R2
    000000E0 7230                   ADD         #48,R2
    000000E2              L16:
    000000E2 6423                   MOV         R2,R4
    000000E4 E036                   MOV         #54,R0     ; H'00000036
    000000E6 0D44                   MOV.B       R4,@(R0,R13)
    000000E8 E021                   MOV         #33,R0     ; H'00000021
    000000EA 06EC                   MOV.B       @(R0,R14),R6
    000000EC 626C                   EXTU.B      R6,R2
    000000EE 622C                   EXTU.B      R2,R2
    000000F0 E309                   MOV         #9,R3      ; H'00000009
    000000F2 3237                   CMP/GT      R3,R2
    000000F4 8B06                   BF          L18
    000000F6 E021                   MOV         #33,R0     ; H'00000021
    000000F8 06EC                   MOV.B       @(R0,R14),R6
    000000FA 626C                   EXTU.B      R6,R2
    000000FC 622C                   EXTU.B      R2,R2
    000000FE 7237                   ADD         #55,R2
    00000100 A006                   BRA         L19
    00000102 0009                   NOP
    00000104              L18:
    00000104 E021                   MOV         #33,R0     ; H'00000021
    00000106 02EC                   MOV.B       @(R0,R14),R2
    00000108 662C                   EXTU.B      R2,R6
    0000010A 666C                   EXTU.B      R6,R6
    0000010C 6263                   MOV         R6,R2
    0000010E 7230                   ADD         #48,R2
    00000110              L19:
    00000110 6423                   MOV         R2,R4
    00000112 E037                   MOV         #55,R0     ; H'00000037
    00000114 0D44                   MOV.B       R4,@(R0,R13)
    00000116 7D38                   ADD         #56,R13
    00000118 62D3                   MOV         R13,R2
    0000011A 6023                   MOV         R2,R0
    0000011C 4F26                   LDS.L       @R15+,PR
    0000011E 6EF6                   MOV.L       @R15+,R14
    00000120 6DF6                   MOV.L       @R15+,R13
    00000122 000B                   RTS
    00000124 0009                   NOP
    00000126              L21:
    00000126 00000002               .RES.W      1
    00000128 <00000000>             .DATA.L     _ctoh
    0000012C <00000000>             .DATA.L     _ltoh
    00000130 <00000000>             .DATA.L     _itoh
SH SERIES C/C++ Compiler (Ver. checker(2003.03.17))                                              16-Nov-2009 12:33:12  PAGE    1


******** STATISTICS INFORMATION ********


********** ERROR INFORMATION ***********

NUMBER OF ERRORS:           0
NUMBER OF WARNINGS:         0
NUMBER OF INFORMATIONS:     0



******* SOURCE LINE INFORMATION ********

COMPILED SOURCE LINE:       63



******* SECTION SIZE INFORMATION *******

PROGRAM  SECTION (P):                               00000134 Byte(s)
CONSTANT SECTION (C):                               00000000 Byte(s)
DATA     SECTION (D):                               00000000 Byte(s)
BSS      SECTION (B):                               00000000 Byte(s)

TOTAL PROGRAM  SECTION: 00000134 Byte(s)
TOTAL CONSTANT SECTION: 00000000 Byte(s)
TOTAL DATA     SECTION: 00000000 Byte(s)
TOTAL BSS      SECTION: 00000000 Byte(s)

    TOTAL PROGRAM SIZE: 00000134 Byte(s)



********** LABEL INFORMATION ***********

NUMBER OF EXTERNAL REFERENCE SYMBOLS:            3
NUMBER OF EXTERNAL DEFINITION SYMBOLS:           1
NUMBER OF INTERNAL/EXTERNAL SYMBOLS:            11
*** COMMAND PARAMETER ***


  -cpu=sh3 -op=0 -en=big -me -debug -comment=nest -l -def=DEBUG -i=P:\PRESTO2\SHINC,C:\usr\local\SH\7_1_1\include,P:\PRESTO2\NORTI_12\inc pri0018.c 

