SH SERIES C/C++ Compiler (Ver. checker(2003.03.17))                                              16-Nov-2009 12:33:06  PAGE    1

************ OBJECT LISTING ************

FILE NAME: pri0003.c

SCT OFFSET   CODE       C LABEL     INSTRUCTION OPERAND    COMMENT

P   00000000              _pr_scan_cb_result:              ; function: pr_scan_cb_result
                                                           ; frame size=32
    00000000 2FC6                   MOV.L       R12,@-R15
    00000002 2FD6                   MOV.L       R13,@-R15
    00000004 2FE6                   MOV.L       R14,@-R15
    00000006 4F22                   STS.L       PR,@-R15
    00000008 7FF0                   ADD         #-16,R15
    0000000A E330                   MOV         #48,R3     ; H'00000030
    0000000C 6033                   MOV         R3,R0
    0000000E 80FC                   MOV.B       R0,@(12,R15)
    00000010 8445                   MOV.B       @(5,R4),R0
    00000012 6203                   MOV         R0,R2
    00000014 662C                   EXTU.B      R2,R6
    00000016 666C                   EXTU.B      R6,R6
    00000018 E339                   MOV         #57,R3     ; H'00000039
    0000001A 3637                   CMP/GT      R3,R6
    0000001C 8B07                   BF          L12
    0000001E 8445                   MOV.B       @(5,R4),R0
    00000020 6203                   MOV         R0,R2
    00000022 662C                   EXTU.B      R2,R6
    00000024 666C                   EXTU.B      R6,R6
    00000026 6263                   MOV         R6,R2
    00000028 72C9                   ADD         #-55,R2
    0000002A A006                   BRA         L13
    0000002C 0009                   NOP
    0000002E              L12:
    0000002E 8445                   MOV.B       @(5,R4),R0
    00000030 6203                   MOV         R0,R2
    00000032 662C                   EXTU.B      R2,R6
    00000034 666C                   EXTU.B      R6,R6
    00000036 6263                   MOV         R6,R2
    00000038 72D0                   ADD         #-48,R2
    0000003A              L13:
    0000003A 6323                   MOV         R2,R3
    0000003C D184                   MOV.L       L24,R1     ; _pri0003s
    0000003E 2130                   MOV.B       R3,@R1
    00000040 8446                   MOV.B       @(6,R4),R0
    00000042 6203                   MOV         R0,R2
    00000044 662C                   EXTU.B      R2,R6
    00000046 666C                   EXTU.B      R6,R6
    00000048 E339                   MOV         #57,R3     ; H'00000039
    0000004A 3637                   CMP/GT      R3,R6
    0000004C 8B07                   BF          L15
    0000004E 8446                   MOV.B       @(6,R4),R0
    00000050 6203                   MOV         R0,R2
    00000052 662C                   EXTU.B      R2,R6
    00000054 666C                   EXTU.B      R6,R6
    00000056 6263                   MOV         R6,R2
    00000058 72C9                   ADD         #-55,R2
    0000005A A006                   BRA         L16
    0000005C 0009                   NOP
    0000005E              L15:
    0000005E 8446                   MOV.B       @(6,R4),R0
    00000060 6203                   MOV         R0,R2
    00000062 662C                   EXTU.B      R2,R6
    00000064 666C                   EXTU.B      R6,R6
    00000066 6263                   MOV         R6,R2
    00000068 72D0                   ADD         #-48,R2
    0000006A              L16:
    0000006A 6323                   MOV         R2,R3
    0000006C D179                   MOV.L       L24+4,R1   ; H'00000001+_pri0003s
    0000006E 2130                   MOV.B       R3,@R1
    00000070 6E43                   MOV         R4,R14
    00000072 7E07                   ADD         #7,R14
    00000074 ED00                   MOV         #0,R13     ; H'00000000
    00000076 D377                   MOV.L       L24+4,R3   ; H'00000001+_pri0003s
    00000078 6330                   MOV.B       @R3,R3
    0000007A 633C                   EXTU.B      R3,R3
    0000007C 6233                   MOV         R3,R2
    0000007E 3D23                   CMP/GE      R2,R13
    00000080 893A                   BT          L17
    00000082              L18:
    00000082 64E3                   MOV         R14,R4
    00000084 D374                   MOV.L       L24+8,R3   ; _htoc
    00000086 430B                   JSR         @R3
    00000088 0009                   NOP
    0000008A 6603                   MOV         R0,R6
    0000008C 626C                   EXTU.B      R6,R2
    0000008E 622C                   EXTU.B      R2,R2
    00000090 D472                   MOV.L       L24+12,R4  ; H'00000004+_pri0003s
    00000092 66D3                   MOV         R13,R6
    00000094 6563                   MOV         R6,R5
    00000096 4608                   SHLL2       R6
    00000098 4600                   SHLL        R6
    0000009A 4508                   SHLL2       R5
    0000009C 365C                   ADD         R5,R6
    0000009E 6063                   MOV         R6,R0
    000000A0 0426                   MOV.L       R2,@(R0,R4)
    000000A2 7E02                   ADD         #2,R14
    000000A4 64E3                   MOV         R14,R4
    000000A6 D36E                   MOV.L       L24+16,R3  ; _htol
    000000A8 430B                   JSR         @R3
    000000AA 0009                   NOP
    000000AC 6203                   MOV         R0,R2
    000000AE 6023                   MOV         R2,R0
    000000B0 6203                   MOV         R0,R2
    000000B2 D46A                   MOV.L       L24+12,R4  ; H'00000004+_pri0003s
    000000B4 7404                   ADD         #4,R4
    000000B6 66D3                   MOV         R13,R6
    000000B8 6563                   MOV         R6,R5
    000000BA 4608                   SHLL2       R6
    000000BC 4600                   SHLL        R6
    000000BE 4508                   SHLL2       R5
    000000C0 365C                   ADD         R5,R6
    000000C2 6063                   MOV         R6,R0
    000000C4 0426                   MOV.L       R2,@(R0,R4)
    000000C6 7E08                   ADD         #8,R14
    000000C8 64E3                   MOV         R14,R4
    000000CA D366                   MOV.L       L24+20,R3  ; _htoi
    000000CC 430B                   JSR         @R3
    000000CE 0009                   NOP
    000000D0 6203                   MOV         R0,R2
    000000D2 642D                   EXTU.W      R2,R4
    000000D4 D661                   MOV.L       L24+12,R6  ; H'00000004+_pri0003s
    000000D6 7608                   ADD         #8,R6
    000000D8 62D3                   MOV         R13,R2
    000000DA 6523                   MOV         R2,R5
    000000DC 4208                   SHLL2       R2
    000000DE 4200                   SHLL        R2
    000000E0 4508                   SHLL2       R5
    000000E2 325C                   ADD         R5,R2
    000000E4 6023                   MOV         R2,R0
    000000E6 0645                   MOV.W       R4,@(R0,R6)
    000000E8 7E04                   ADD         #4,R14
    000000EA 7D01                   ADD         #1,R13
    000000EC D359                   MOV.L       L24+4,R3   ; H'00000001+_pri0003s
    000000EE 6330                   MOV.B       @R3,R3
    000000F0 633C                   EXTU.B      R3,R3
    000000F2 6233                   MOV         R3,R2
    000000F4 3D23                   CMP/GE      R2,R13
    000000F6 8BC4                   BF          L18
    000000F8              L17:
    000000F8 64E3                   MOV         R14,R4
    000000FA D357                   MOV.L       L24+8,R3   ; _htoc
    000000FC 430B                   JSR         @R3
    000000FE 0009                   NOP
    00000100 6603                   MOV         R0,R6
    00000102 626C                   EXTU.B      R6,R2
    00000104 622C                   EXTU.B      R2,R2
    00000106 6323                   MOV         R2,R3
    00000108 D157                   MOV.L       L24+24,R1  ; H'00000064+_pri0003s
    0000010A 2132                   MOV.L       R3,@R1
    0000010C 7E02                   ADD         #2,R14
    0000010E 64E3                   MOV         R14,R4
    00000110 D353                   MOV.L       L24+16,R3  ; _htol
    00000112 430B                   JSR         @R3
    00000114 0009                   NOP
    00000116 6203                   MOV         R0,R2
    00000118 6023                   MOV         R2,R0
    0000011A 6203                   MOV         R0,R2
    0000011C 6323                   MOV         R2,R3
    0000011E D153                   MOV.L       L24+28,R1  ; H'00000068+_pri0003s
    00000120 2132                   MOV.L       R3,@R1
    00000122 7E08                   ADD         #8,R14
    00000124 64E3                   MOV         R14,R4
    00000126 D34F                   MOV.L       L24+20,R3  ; _htoi
    00000128 430B                   JSR         @R3
    0000012A 0009                   NOP
    0000012C 6203                   MOV         R0,R2
    0000012E 642D                   EXTU.W      R2,R4
    00000130 6343                   MOV         R4,R3
    00000132 D14F                   MOV.L       L24+32,R1  ; H'0000006C+_pri0003s
    00000134 2131                   MOV.W       R3,@R1
    00000136 7E04                   ADD         #4,R14
    00000138 64E3                   MOV         R14,R4
    0000013A D347                   MOV.L       L24+8,R3   ; _htoc
    0000013C 430B                   JSR         @R3
    0000013E 0009                   NOP
    00000140 6203                   MOV         R0,R2
    00000142 632C                   EXTU.B      R2,R3
    00000144 D14B                   MOV.L       L24+36,R1  ; H'00000070+_pri0003s
    00000146 2130                   MOV.B       R3,@R1
    00000148 7E02                   ADD         #2,R14
    0000014A 64E3                   MOV         R14,R4
    0000014C D344                   MOV.L       L24+16,R3  ; _htol
    0000014E 430B                   JSR         @R3
    00000150 0009                   NOP
    00000152 6203                   MOV         R0,R2
    00000154 6023                   MOV         R2,R0
    00000156 6203                   MOV         R0,R2
    00000158 6323                   MOV         R2,R3
    0000015A D147                   MOV.L       L24+40,R1  ; H'00000074+_pri0003s
    0000015C 2132                   MOV.L       R3,@R1
    0000015E 7E08                   ADD         #8,R14
    00000160 64E3                   MOV         R14,R4
    00000162 D340                   MOV.L       L24+20,R3  ; _htoi
    00000164 430B                   JSR         @R3
    00000166 0009                   NOP
    00000168 6203                   MOV         R0,R2
    0000016A 642D                   EXTU.W      R2,R4
    0000016C 6343                   MOV         R4,R3
    0000016E D143                   MOV.L       L24+44,R1  ; H'00000078+_pri0003s
    00000170 2131                   MOV.W       R3,@R1
    00000172 7E04                   ADD         #4,R14
    00000174 64E3                   MOV         R14,R4
    00000176 D338                   MOV.L       L24+8,R3   ; _htoc
    00000178 430B                   JSR         @R3
    0000017A 0009                   NOP
    0000017C 6203                   MOV         R0,R2
    0000017E 632C                   EXTU.B      R2,R3
    00000180 D13F                   MOV.L       L24+48,R1  ; H'0000007A+_pri0003s
    00000182 2130                   MOV.B       R3,@R1
    00000184 7E02                   ADD         #2,R14
    00000186 64E3                   MOV         R14,R4
    00000188 D333                   MOV.L       L24+8,R3   ; _htoc
    0000018A 430B                   JSR         @R3
    0000018C 0009                   NOP
    0000018E 6203                   MOV         R0,R2
    00000190 632C                   EXTU.B      R2,R3
    00000192 D13C                   MOV.L       L24+52,R1  ; H'0000007B+_pri0003s
    00000194 2130                   MOV.B       R3,@R1
    00000196 7E02                   ADD         #2,R14
    00000198 D33A                   MOV.L       L24+52,R3  ; H'0000007B+_pri0003s
    0000019A 6330                   MOV.B       @R3,R3
    0000019C 633C                   EXTU.B      R3,R3
    0000019E 6233                   MOV         R3,R2
    000001A0 6D23                   MOV         R2,R13
    000001A2 D337                   MOV.L       L24+48,R3  ; H'0000007A+_pri0003s
    000001A4 6330                   MOV.B       @R3,R3
    000001A6 633C                   EXTU.B      R3,R3
    000001A8 6233                   MOV         R3,R2
    000001AA 72FF                   ADD         #-1,R2
    000001AC 6C23                   MOV         R2,R12
    000001AE 2DD8                   TST         R13,R13
    000001B0 8918                   BT          L19
    000001B2              L20:
    000001B2 64F3                   MOV         R15,R4
    000001B4 740D                   ADD         #13,R4
    000001B6 E603                   MOV         #3,R6      ; H'00000003
    000001B8 65E3                   MOV         R14,R5
    000001BA D333                   MOV.L       L24+56,R3  ; _memcpy
    000001BC 430B                   JSR         @R3
    000001BE 0009                   NOP
    000001C0 64F3                   MOV         R15,R4
    000001C2 740C                   ADD         #12,R4
    000001C4 D327                   MOV.L       L24+20,R3  ; _htoi
    000001C6 430B                   JSR         @R3
    000001C8 0009                   NOP
    000001CA 6603                   MOV         R0,R6
    000001CC 626D                   EXTU.W      R6,R2
    000001CE 622D                   EXTU.W      R2,R2
    000001D0 D42E                   MOV.L       L24+60,R4  ; H'0000007C+_pri0003s
    000001D2 65C3                   MOV         R12,R5
    000001D4 6653                   MOV         R5,R6
    000001D6 4608                   SHLL2       R6
    000001D8 6063                   MOV         R6,R0
    000001DA 0426                   MOV.L       R2,@(R0,R4)
    000001DC 7E03                   ADD         #3,R14
    000001DE 4D10                   DT          R13
    000001E0 7C01                   ADD         #1,R12
    000001E2 8BE6                   BF          L20
    000001E4              L19:
    000001E4 64E3                   MOV         R14,R4
    000001E6 D31C                   MOV.L       L24+8,R3   ; _htoc
    000001E8 430B                   JSR         @R3
    000001EA 0009                   NOP
    000001EC 6203                   MOV         R0,R2
    000001EE 632C                   EXTU.B      R2,R3
    000001F0 D127                   MOV.L       L24+64,R1  ; H'000000FC+_pri0003s
    000001F2 2130                   MOV.B       R3,@R1
    000001F4 7E02                   ADD         #2,R14
    000001F6 D326                   MOV.L       L24+64,R3  ; H'000000FC+_pri0003s
    000001F8 6330                   MOV.B       @R3,R3
    000001FA 633C                   EXTU.B      R3,R3
    000001FC 6D33                   MOV         R3,R13
    000001FE D320                   MOV.L       L24+48,R3  ; H'0000007A+_pri0003s
    00000200 6330                   MOV.B       @R3,R3
    00000202 633C                   EXTU.B      R3,R3
    00000204 6233                   MOV         R3,R2
    00000206 72FF                   ADD         #-1,R2
    00000208 6C23                   MOV         R2,R12
    0000020A 2DD8                   TST         R13,R13
    0000020C 8917                   BT          L21
    0000020E              L22:
    0000020E 64F3                   MOV         R15,R4
    00000210 740D                   ADD         #13,R4
    00000212 E603                   MOV         #3,R6      ; H'00000003
    00000214 65E3                   MOV         R14,R5
    00000216 D31C                   MOV.L       L24+56,R3  ; _memcpy
    00000218 430B                   JSR         @R3
    0000021A 0009                   NOP
    0000021C 64F3                   MOV         R15,R4
    0000021E 740C                   ADD         #12,R4
    00000220 D310                   MOV.L       L24+20,R3  ; _htoi
    00000222 430B                   JSR         @R3
    00000224 0009                   NOP
    00000226 6603                   MOV         R0,R6
    00000228 626D                   EXTU.W      R6,R2
    0000022A 622D                   EXTU.W      R2,R2
    0000022C D519                   MOV.L       L24+68,R5  ; H'00000100+_pri0003s
    0000022E 66C3                   MOV         R12,R6
    00000230 4608                   SHLL2       R6
    00000232 6063                   MOV         R6,R0
    00000234 0526                   MOV.L       R2,@(R0,R5)
    00000236 7E03                   ADD         #3,R14
    00000238 4D10                   DT          R13
    0000023A 7C01                   ADD         #1,R12
    0000023C 8BE7                   BF          L22
    0000023E              L21:
    0000023E E200                   MOV         #0,R2      ; H'00000000
    00000240 6023                   MOV         R2,R0
    00000242 7F10                   ADD         #16,R15
    00000244 4F26                   LDS.L       @R15+,PR
    00000246 6EF6                   MOV.L       @R15+,R14
    00000248 6DF6                   MOV.L       @R15+,R13
    0000024A 6CF6                   MOV.L       @R15+,R12
    0000024C 000B                   RTS
    0000024E 0009                   NOP
    00000250              L24:
    00000250 <00000000>             .DATA.L     _pri0003s
    00000254 <00000001>             .DATA.L     H'00000001+_pri0003s
    00000258 <00000000>             .DATA.L     _htoc
    0000025C <00000004>             .DATA.L     H'00000004+_pri0003s
    00000260 <00000000>             .DATA.L     _htol
    00000264 <00000000>             .DATA.L     _htoi
    00000268 <00000064>             .DATA.L     H'00000064+_pri0003s
    0000026C <00000068>             .DATA.L     H'00000068+_pri0003s
    00000270 <0000006C>             .DATA.L     H'0000006C+_pri0003s
    00000274 <00000070>             .DATA.L     H'00000070+_pri0003s
    00000278 <00000074>             .DATA.L     H'00000074+_pri0003s
    0000027C <00000078>             .DATA.L     H'00000078+_pri0003s
    00000280 <0000007A>             .DATA.L     H'0000007A+_pri0003s
    00000284 <0000007B>             .DATA.L     H'0000007B+_pri0003s
    00000288 <00000000>             .DATA.L     _memcpy
    0000028C <0000007C>             .DATA.L     H'0000007C+_pri0003s
    00000290 <000000FC>             .DATA.L     H'000000FC+_pri0003s
    00000294 <00000100>             .DATA.L     H'00000100+_pri0003s
B   00000000              _pri0003s:                       ; static: pri0003s
    00000000 00000004               .RES.L      96
SH SERIES C/C++ Compiler (Ver. checker(2003.03.17))                                              16-Nov-2009 12:33:06  PAGE    1


******** STATISTICS INFORMATION ********


********** ERROR INFORMATION ***********

NUMBER OF ERRORS:           0
NUMBER OF WARNINGS:         0
NUMBER OF INFORMATIONS:     0



******* SOURCE LINE INFORMATION ********

COMPILED SOURCE LINE:      100



******* SECTION SIZE INFORMATION *******

PROGRAM  SECTION (P):                               00000298 Byte(s)
CONSTANT SECTION (C):                               00000000 Byte(s)
DATA     SECTION (D):                               00000000 Byte(s)
BSS      SECTION (B):                               00000180 Byte(s)

TOTAL PROGRAM  SECTION: 00000298 Byte(s)
TOTAL CONSTANT SECTION: 00000000 Byte(s)
TOTAL DATA     SECTION: 00000000 Byte(s)
TOTAL BSS      SECTION: 00000180 Byte(s)

    TOTAL PROGRAM SIZE: 00000418 Byte(s)



********** LABEL INFORMATION ***********

NUMBER OF EXTERNAL REFERENCE SYMBOLS:            4
NUMBER OF EXTERNAL DEFINITION SYMBOLS:           2
NUMBER OF INTERNAL/EXTERNAL SYMBOLS:            17
*** COMMAND PARAMETER ***


  -cpu=sh3 -op=0 -en=big -me -debug -comment=nest -l -def=DEBUG -i=P:\PRESTO2\SHINC,C:\usr\local\SH\7_1_1\include,P:\PRESTO2\NORTI_12\inc pri0003.c 

