SH SERIES C/C++ Compiler (Ver. checker(2003.03.17))                                              16-Nov-2009 12:33:11  PAGE    1

************ OBJECT LISTING ************

FILE NAME: pri0016.c

SCT OFFSET   CODE       C LABEL     INSTRUCTION OPERAND    COMMENT

P   00000000              _pr_print_alarm:                 ; function: pr_print_alarm
                                                           ; frame size=12
    00000000 2FD6                   MOV.L       R13,@-R15
    00000002 2FE6                   MOV.L       R14,@-R15
    00000004 4F22                   STS.L       PR,@-R15
    00000006 6D53                   MOV         R5,R13
    00000008 6E43                   MOV         R4,R14
    0000000A 62D0                   MOV.B       @R13,R2
    0000000C 662C                   EXTU.B      R2,R6
    0000000E 666C                   EXTU.B      R6,R6
    00000010 E309                   MOV         #9,R3      ; H'00000009
    00000012 3637                   CMP/GT      R3,R6
    00000014 8B06                   BF          L12
    00000016 62D0                   MOV.B       @R13,R2
    00000018 662C                   EXTU.B      R2,R6
    0000001A 666C                   EXTU.B      R6,R6
    0000001C 6263                   MOV         R6,R2
    0000001E 7237                   ADD         #55,R2
    00000020 A005                   BRA         L13
    00000022 0009                   NOP
    00000024              L12:
    00000024 62D0                   MOV.B       @R13,R2
    00000026 662C                   EXTU.B      R2,R6
    00000028 666C                   EXTU.B      R6,R6
    0000002A 6263                   MOV         R6,R2
    0000002C 7230                   ADD         #48,R2
    0000002E              L13:
    0000002E 6423                   MOV         R2,R4
    00000030 6043                   MOV         R4,R0
    00000032 80E5                   MOV.B       R0,@(5,R14)
    00000034 54D1                   MOV.L       @(4,R13),R4
    00000036 65E3                   MOV         R14,R5
    00000038 7506                   ADD         #6,R5
    0000003A 644C                   EXTU.B      R4,R4
    0000003C D327                   MOV.L       L15+2,R3   ; _ctoh
    0000003E 430B                   JSR         @R3
    00000040 0009                   NOP
    00000042 52D2                   MOV.L       @(8,R13),R2
    00000044 65E3                   MOV         R14,R5
    00000046 7508                   ADD         #8,R5
    00000048 6423                   MOV         R2,R4
    0000004A D325                   MOV.L       L15+6,R3   ; _ltoh
    0000004C 430B                   JSR         @R3
    0000004E 0009                   NOP
    00000050 52D3                   MOV.L       @(12,R13),R2
    00000052 65E3                   MOV         R14,R5
    00000054 7510                   ADD         #16,R5
    00000056 6423                   MOV         R2,R4
    00000058 D321                   MOV.L       L15+6,R3   ; _ltoh
    0000005A 430B                   JSR         @R3
    0000005C 0009                   NOP
    0000005E 54D4                   MOV.L       @(16,R13),R4
    00000060 65E3                   MOV         R14,R5
    00000062 7518                   ADD         #24,R5
    00000064 D31E                   MOV.L       L15+6,R3   ; _ltoh
    00000066 430B                   JSR         @R3
    00000068 0009                   NOP
    0000006A 85DA                   MOV.W       @(20,R13),R0
    0000006C 6203                   MOV         R0,R2
    0000006E 65E3                   MOV         R14,R5
    00000070 7520                   ADD         #32,R5
    00000072 642D                   EXTU.W      R2,R4
    00000074 D31B                   MOV.L       L15+10,R3  ; _itoh
    00000076 430B                   JSR         @R3
    00000078 0009                   NOP
    0000007A 85DB                   MOV.W       @(22,R13),R0
    0000007C 6403                   MOV         R0,R4
    0000007E 65E3                   MOV         R14,R5
    00000080 7524                   ADD         #36,R5
    00000082 644D                   EXTU.W      R4,R4
    00000084 D317                   MOV.L       L15+10,R3  ; _itoh
    00000086 430B                   JSR         @R3
    00000088 0009                   NOP
    0000008A 85DC                   MOV.W       @(24,R13),R0
    0000008C 6403                   MOV         R0,R4
    0000008E 65E3                   MOV         R14,R5
    00000090 7528                   ADD         #40,R5
    00000092 644D                   EXTU.W      R4,R4
    00000094 D313                   MOV.L       L15+10,R3  ; _itoh
    00000096 430B                   JSR         @R3
    00000098 0009                   NOP
    0000009A 85DD                   MOV.W       @(26,R13),R0
    0000009C 6403                   MOV         R0,R4
    0000009E 65E3                   MOV         R14,R5
    000000A0 752C                   ADD         #44,R5
    000000A2 644D                   EXTU.W      R4,R4
    000000A4 D30F                   MOV.L       L15+10,R3  ; _itoh
    000000A6 430B                   JSR         @R3
    000000A8 0009                   NOP
    000000AA 52D7                   MOV.L       @(28,R13),R2
    000000AC 65E3                   MOV         R14,R5
    000000AE 752E                   ADD         #46,R5
    000000B0 6423                   MOV         R2,R4
    000000B2 D30B                   MOV.L       L15+6,R3   ; _ltoh
    000000B4 430B                   JSR         @R3
    000000B6 0009                   NOP
    000000B8 E020                   MOV         #32,R0     ; H'00000020
    000000BA 02DC                   MOV.B       @(R0,R13),R2
    000000BC 642C                   EXTU.B      R2,R4
    000000BE 65E3                   MOV         R14,R5
    000000C0 7536                   ADD         #54,R5
    000000C2 644C                   EXTU.B      R4,R4
    000000C4 D305                   MOV.L       L15+2,R3   ; _ctoh
    000000C6 430B                   JSR         @R3
    000000C8 0009                   NOP
    000000CA 7E38                   ADD         #56,R14
    000000CC 62E3                   MOV         R14,R2
    000000CE 6023                   MOV         R2,R0
    000000D0 4F26                   LDS.L       @R15+,PR
    000000D2 6EF6                   MOV.L       @R15+,R14
    000000D4 6DF6                   MOV.L       @R15+,R13
    000000D6 000B                   RTS
    000000D8 0009                   NOP
    000000DA              L15:
    000000DA 00000002               .RES.W      1
    000000DC <00000000>             .DATA.L     _ctoh
    000000E0 <00000000>             .DATA.L     _ltoh
    000000E4 <00000000>             .DATA.L     _itoh
SH SERIES C/C++ Compiler (Ver. checker(2003.03.17))                                              16-Nov-2009 12:33:11  PAGE    1


******** STATISTICS INFORMATION ********


********** ERROR INFORMATION ***********

NUMBER OF ERRORS:           0
NUMBER OF WARNINGS:         0
NUMBER OF INFORMATIONS:     0



******* SOURCE LINE INFORMATION ********

COMPILED SOURCE LINE:       62



******* SECTION SIZE INFORMATION *******

PROGRAM  SECTION (P):                               000000E8 Byte(s)
CONSTANT SECTION (C):                               00000000 Byte(s)
DATA     SECTION (D):                               00000000 Byte(s)
BSS      SECTION (B):                               00000000 Byte(s)

TOTAL PROGRAM  SECTION: 000000E8 Byte(s)
TOTAL CONSTANT SECTION: 00000000 Byte(s)
TOTAL DATA     SECTION: 00000000 Byte(s)
TOTAL BSS      SECTION: 00000000 Byte(s)

    TOTAL PROGRAM SIZE: 000000E8 Byte(s)



********** LABEL INFORMATION ***********

NUMBER OF EXTERNAL REFERENCE SYMBOLS:            3
NUMBER OF EXTERNAL DEFINITION SYMBOLS:           1
NUMBER OF INTERNAL/EXTERNAL SYMBOLS:             7
*** COMMAND PARAMETER ***


  -cpu=sh3 -op=0 -en=big -me -debug -comment=nest -l -def=DEBUG -i=P:\PRESTO2\SHINC,C:\usr\local\SH\7_1_1\include,P:\PRESTO2\NORTI_12\inc pri0016.c 

