SH SERIES C/C++ Compiler (Ver. checker(2003.03.17))                                              16-Nov-2009 12:33:11  PAGE    1

************ OBJECT LISTING ************

FILE NAME: pri0015.c

SCT OFFSET   CODE       C LABEL     INSTRUCTION OPERAND    COMMENT

P   00000000              _pr_scan_alarm:                  ; function: pr_scan_alarm
                                                           ; frame size=8
    00000000 2FE6                   MOV.L       R14,@-R15
    00000002 4F22                   STS.L       PR,@-R15
    00000004 6E43                   MOV         R4,R14
    00000006 84E5                   MOV.B       @(5,R14),R0
    00000008 6203                   MOV         R0,R2
    0000000A 662C                   EXTU.B      R2,R6
    0000000C 666C                   EXTU.B      R6,R6
    0000000E E339                   MOV         #57,R3     ; H'00000039
    00000010 3637                   CMP/GT      R3,R6
    00000012 8B07                   BF          L12
    00000014 84E5                   MOV.B       @(5,R14),R0
    00000016 6203                   MOV         R0,R2
    00000018 662C                   EXTU.B      R2,R6
    0000001A 666C                   EXTU.B      R6,R6
    0000001C 6263                   MOV         R6,R2
    0000001E 72C9                   ADD         #-55,R2
    00000020 A006                   BRA         L13
    00000022 0009                   NOP
    00000024              L12:
    00000024 84E5                   MOV.B       @(5,R14),R0
    00000026 6203                   MOV         R0,R2
    00000028 662C                   EXTU.B      R2,R6
    0000002A 666C                   EXTU.B      R6,R6
    0000002C 6263                   MOV         R6,R2
    0000002E 72D0                   ADD         #-48,R2
    00000030              L13:
    00000030 6323                   MOV         R2,R3
    00000032 D130                   MOV.L       L15+2,R1   ; _pri0015s
    00000034 2130                   MOV.B       R3,@R1
    00000036 64E3                   MOV         R14,R4
    00000038 7406                   ADD         #6,R4
    0000003A D32F                   MOV.L       L15+6,R3   ; _htoc
    0000003C 430B                   JSR         @R3
    0000003E 0009                   NOP
    00000040 6603                   MOV         R0,R6
    00000042 626C                   EXTU.B      R6,R2
    00000044 622C                   EXTU.B      R2,R2
    00000046 6323                   MOV         R2,R3
    00000048 D12C                   MOV.L       L15+10,R1  ; H'00000004+_pri0015s
    0000004A 2132                   MOV.L       R3,@R1
    0000004C 64E3                   MOV         R14,R4
    0000004E 7408                   ADD         #8,R4
    00000050 D32B                   MOV.L       L15+14,R3  ; _htol
    00000052 430B                   JSR         @R3
    00000054 0009                   NOP
    00000056 6303                   MOV         R0,R3
    00000058 D12A                   MOV.L       L15+18,R1  ; H'00000008+_pri0015s
    0000005A 2132                   MOV.L       R3,@R1
    0000005C 64E3                   MOV         R14,R4
    0000005E 7410                   ADD         #16,R4
    00000060 D327                   MOV.L       L15+14,R3  ; _htol
    00000062 430B                   JSR         @R3
    00000064 0009                   NOP
    00000066 6303                   MOV         R0,R3
    00000068 D127                   MOV.L       L15+22,R1  ; H'0000000C+_pri0015s
    0000006A 2132                   MOV.L       R3,@R1
    0000006C 64E3                   MOV         R14,R4
    0000006E 7418                   ADD         #24,R4
    00000070 D323                   MOV.L       L15+14,R3  ; _htol
    00000072 430B                   JSR         @R3
    00000074 0009                   NOP
    00000076 6303                   MOV         R0,R3
    00000078 D124                   MOV.L       L15+26,R1  ; H'00000010+_pri0015s
    0000007A 2132                   MOV.L       R3,@R1
    0000007C 64E3                   MOV         R14,R4
    0000007E 7420                   ADD         #32,R4
    00000080 D323                   MOV.L       L15+30,R3  ; _htoi
    00000082 430B                   JSR         @R3
    00000084 0009                   NOP
    00000086 6203                   MOV         R0,R2
    00000088 632D                   EXTU.W      R2,R3
    0000008A D122                   MOV.L       L15+34,R1  ; H'00000014+_pri0015s
    0000008C 2131                   MOV.W       R3,@R1
    0000008E 64E3                   MOV         R14,R4
    00000090 7424                   ADD         #36,R4
    00000092 D31F                   MOV.L       L15+30,R3  ; _htoi
    00000094 430B                   JSR         @R3
    00000096 0009                   NOP
    00000098 6203                   MOV         R0,R2
    0000009A 632D                   EXTU.W      R2,R3
    0000009C D11E                   MOV.L       L15+38,R1  ; H'00000016+_pri0015s
    0000009E 2131                   MOV.W       R3,@R1
    000000A0 64E3                   MOV         R14,R4
    000000A2 7428                   ADD         #40,R4
    000000A4 D31A                   MOV.L       L15+30,R3  ; _htoi
    000000A6 430B                   JSR         @R3
    000000A8 0009                   NOP
    000000AA 6203                   MOV         R0,R2
    000000AC 632D                   EXTU.W      R2,R3
    000000AE D11B                   MOV.L       L15+42,R1  ; H'00000018+_pri0015s
    000000B0 2131                   MOV.W       R3,@R1
    000000B2 64E3                   MOV         R14,R4
    000000B4 742C                   ADD         #44,R4
    000000B6 D316                   MOV.L       L15+30,R3  ; _htoi
    000000B8 430B                   JSR         @R3
    000000BA 0009                   NOP
    000000BC 6203                   MOV         R0,R2
    000000BE 632D                   EXTU.W      R2,R3
    000000C0 D117                   MOV.L       L15+46,R1  ; H'0000001A+_pri0015s
    000000C2 2131                   MOV.W       R3,@R1
    000000C4 64E3                   MOV         R14,R4
    000000C6 742E                   ADD         #46,R4
    000000C8 D30D                   MOV.L       L15+14,R3  ; _htol
    000000CA 430B                   JSR         @R3
    000000CC 0009                   NOP
    000000CE 6303                   MOV         R0,R3
    000000D0 D114                   MOV.L       L15+50,R1  ; H'0000001C+_pri0015s
    000000D2 2132                   MOV.L       R3,@R1
    000000D4 7E36                   ADD         #54,R14
    000000D6 64E3                   MOV         R14,R4
    000000D8 D307                   MOV.L       L15+6,R3   ; _htoc
    000000DA 430B                   JSR         @R3
    000000DC 0009                   NOP
    000000DE 6203                   MOV         R0,R2
    000000E0 632C                   EXTU.B      R2,R3
    000000E2 D111                   MOV.L       L15+54,R1  ; H'00000020+_pri0015s
    000000E4 2130                   MOV.B       R3,@R1
    000000E6 E200                   MOV         #0,R2      ; H'00000000
    000000E8 6023                   MOV         R2,R0
    000000EA 4F26                   LDS.L       @R15+,PR
    000000EC 6EF6                   MOV.L       @R15+,R14
    000000EE 000B                   RTS
    000000F0 0009                   NOP
    000000F2              L15:
    000000F2 00000002               .RES.W      1
    000000F4 <00000000>             .DATA.L     _pri0015s
    000000F8 <00000000>             .DATA.L     _htoc
    000000FC <00000004>             .DATA.L     H'00000004+_pri0015s
    00000100 <00000000>             .DATA.L     _htol
    00000104 <00000008>             .DATA.L     H'00000008+_pri0015s
    00000108 <0000000C>             .DATA.L     H'0000000C+_pri0015s
    0000010C <00000010>             .DATA.L     H'00000010+_pri0015s
    00000110 <00000000>             .DATA.L     _htoi
    00000114 <00000014>             .DATA.L     H'00000014+_pri0015s
    00000118 <00000016>             .DATA.L     H'00000016+_pri0015s
    0000011C <00000018>             .DATA.L     H'00000018+_pri0015s
    00000120 <0000001A>             .DATA.L     H'0000001A+_pri0015s
    00000124 <0000001C>             .DATA.L     H'0000001C+_pri0015s
    00000128 <00000020>             .DATA.L     H'00000020+_pri0015s
B   00000000              _pri0015s:                       ; static: pri0015s
    00000000 00000004               .RES.L      9
SH SERIES C/C++ Compiler (Ver. checker(2003.03.17))                                              16-Nov-2009 12:33:11  PAGE    1


******** STATISTICS INFORMATION ********


********** ERROR INFORMATION ***********

NUMBER OF ERRORS:           0
NUMBER OF WARNINGS:         0
NUMBER OF INFORMATIONS:     0



******* SOURCE LINE INFORMATION ********

COMPILED SOURCE LINE:       62



******* SECTION SIZE INFORMATION *******

PROGRAM  SECTION (P):                               0000012C Byte(s)
CONSTANT SECTION (C):                               00000000 Byte(s)
DATA     SECTION (D):                               00000000 Byte(s)
BSS      SECTION (B):                               00000024 Byte(s)

TOTAL PROGRAM  SECTION: 0000012C Byte(s)
TOTAL CONSTANT SECTION: 00000000 Byte(s)
TOTAL DATA     SECTION: 00000000 Byte(s)
TOTAL BSS      SECTION: 00000024 Byte(s)

    TOTAL PROGRAM SIZE: 00000150 Byte(s)



********** LABEL INFORMATION ***********

NUMBER OF EXTERNAL REFERENCE SYMBOLS:            3
NUMBER OF EXTERNAL DEFINITION SYMBOLS:           2
NUMBER OF INTERNAL/EXTERNAL SYMBOLS:             8
*** COMMAND PARAMETER ***


  -cpu=sh3 -op=0 -en=big -me -debug -comment=nest -l -def=DEBUG -i=P:\PRESTO2\SHINC,C:\usr\local\SH\7_1_1\include,P:\PRESTO2\NORTI_12\inc pri0015.c 

