SH SERIES C/C++ Compiler (Ver. checker(2003.03.17))                                              16-Nov-2009 12:33:05  PAGE    1

************ OBJECT LISTING ************

FILE NAME: pri0002.c

SCT OFFSET   CODE       C LABEL     INSTRUCTION OPERAND    COMMENT

P   00000000              _pr_print_diag_data:             ; function: pr_print_diag_data
                                                           ; frame size=36
    00000000 2FB6                   MOV.L       R11,@-R15
    00000002 2FC6                   MOV.L       R12,@-R15
    00000004 2FD6                   MOV.L       R13,@-R15
    00000006 2FE6                   MOV.L       R14,@-R15
    00000008 4F22                   STS.L       PR,@-R15
    0000000A 7FF0                   ADD         #-16,R15
    0000000C 6D53                   MOV         R5,R13
    0000000E 6C43                   MOV         R4,R12
    00000010 66D0                   MOV.B       @R13,R6
    00000012 626C                   EXTU.B      R6,R2
    00000014 622C                   EXTU.B      R2,R2
    00000016 E309                   MOV         #9,R3      ; H'00000009
    00000018 3237                   CMP/GT      R3,R2
    0000001A 8B06                   BF          L12
    0000001C 62D0                   MOV.B       @R13,R2
    0000001E 662C                   EXTU.B      R2,R6
    00000020 666C                   EXTU.B      R6,R6
    00000022 6263                   MOV         R6,R2
    00000024 7237                   ADD         #55,R2
    00000026 A005                   BRA         L13
    00000028 0009                   NOP
    0000002A              L12:
    0000002A 62D0                   MOV.B       @R13,R2
    0000002C 662C                   EXTU.B      R2,R6
    0000002E 666C                   EXTU.B      R6,R6
    00000030 6263                   MOV         R6,R2
    00000032 7230                   ADD         #48,R2
    00000034              L13:
    00000034 6023                   MOV         R2,R0
    00000036 80C5                   MOV.B       R0,@(5,R12)
    00000038 84D1                   MOV.B       @(1,R13),R0
    0000003A 6203                   MOV         R0,R2
    0000003C 642C                   EXTU.B      R2,R4
    0000003E 65C3                   MOV         R12,R5
    00000040 7506                   ADD         #6,R5
    00000042 644C                   EXTU.B      R4,R4
    00000044 D3BF                   MOV.L       L39+6,R3   ; _ctoh
    00000046 430B                   JSR         @R3
    00000048 0009                   NOP
    0000004A 84D2                   MOV.B       @(2,R13),R0
    0000004C 6203                   MOV         R0,R2
    0000004E 642C                   EXTU.B      R2,R4
    00000050 65C3                   MOV         R12,R5
    00000052 7508                   ADD         #8,R5
    00000054 644C                   EXTU.B      R4,R4
    00000056 D3BB                   MOV.L       L39+6,R3   ; _ctoh
    00000058 430B                   JSR         @R3
    0000005A 0009                   NOP
    0000005C 7C0A                   ADD         #10,R12
    0000005E 6EC3                   MOV         R12,R14
    00000060 84D2                   MOV.B       @(2,R13),R0
    00000062 6203                   MOV         R0,R2
    00000064 662C                   EXTU.B      R2,R6
    00000066 666C                   EXTU.B      R6,R6
    00000068 6C63                   MOV         R6,R12
    0000006A 84D1                   MOV.B       @(1,R13),R0
    0000006C 6603                   MOV         R0,R6
    0000006E 626C                   EXTU.B      R6,R2
    00000070 622C                   EXTU.B      R2,R2
    00000072 72FF                   ADD         #-1,R2
    00000074 6B23                   MOV         R2,R11
    00000076 2CC8                   TST         R12,R12
    00000078 8925                   BT          L14
    0000007A              L15:
    0000007A 62B3                   MOV         R11,R2
    0000007C 4208                   SHLL2       R2
    0000007E 4200                   SHLL        R2
    00000080 66D3                   MOV         R13,R6
    00000082 7604                   ADD         #4,R6
    00000084 6023                   MOV         R2,R0
    00000086 046D                   MOV.W       @(R0,R6),R4
    00000088 65E3                   MOV         R14,R5
    0000008A 644D                   EXTU.W      R4,R4
    0000008C D3AE                   MOV.L       L39+10,R3  ; _itoh
    0000008E 430B                   JSR         @R3
    00000090 0009                   NOP
    00000092 7E04                   ADD         #4,R14
    00000094 66B3                   MOV         R11,R6
    00000096 6263                   MOV         R6,R2
    00000098 4208                   SHLL2       R2
    0000009A 4200                   SHLL        R2
    0000009C 66D3                   MOV         R13,R6
    0000009E 7608                   ADD         #8,R6
    000000A0 6023                   MOV         R2,R0
    000000A2 046E                   MOV.L       @(R0,R6),R4
    000000A4 65F3                   MOV         R15,R5
    000000A6 750C                   ADD         #12,R5
    000000A8 644D                   EXTU.W      R4,R4
    000000AA D3A7                   MOV.L       L39+10,R3  ; _itoh
    000000AC 430B                   JSR         @R3
    000000AE 0009                   NOP
    000000B0 65F3                   MOV         R15,R5
    000000B2 750D                   ADD         #13,R5
    000000B4 E603                   MOV         #3,R6      ; H'00000003
    000000B6 64E3                   MOV         R14,R4
    000000B8 D3A4                   MOV.L       L39+14,R3  ; _memcpy
    000000BA 430B                   JSR         @R3
    000000BC 0009                   NOP
    000000BE 7E03                   ADD         #3,R14
    000000C0 4C10                   DT          R12
    000000C2 7B01                   ADD         #1,R11
    000000C4 8BD9                   BF          L15
    000000C6              L14:
    000000C6 84D2                   MOV.B       @(2,R13),R0
    000000C8 6203                   MOV         R0,R2
    000000CA 662C                   EXTU.B      R2,R6
    000000CC 666C                   EXTU.B      R6,R6
    000000CE 6C63                   MOV         R6,R12
    000000D0 84D1                   MOV.B       @(1,R13),R0
    000000D2 6603                   MOV         R0,R6
    000000D4 626C                   EXTU.B      R6,R2
    000000D6 622C                   EXTU.B      R2,R2
    000000D8 72FF                   ADD         #-1,R2
    000000DA 6B23                   MOV         R2,R11
    000000DC 2CC8                   TST         R12,R12
    000000DE 8927                   BT          L16
    000000E0              L17:
    000000E0 66B3                   MOV         R11,R6
    000000E2 6263                   MOV         R6,R2
    000000E4 4208                   SHLL2       R2
    000000E6 4200                   SHLL        R2
    000000E8 93D9                   MOV.W       L38,R3     ; H'0104
    000000EA 66D3                   MOV         R13,R6
    000000EC 363C                   ADD         R3,R6
    000000EE 6023                   MOV         R2,R0
    000000F0 046D                   MOV.W       @(R0,R6),R4
    000000F2 65E3                   MOV         R14,R5
    000000F4 644D                   EXTU.W      R4,R4
    000000F6 D394                   MOV.L       L39+10,R3  ; _itoh
    000000F8 430B                   JSR         @R3
    000000FA 0009                   NOP
    000000FC 7E04                   ADD         #4,R14
    000000FE 62B3                   MOV         R11,R2
    00000100 4208                   SHLL2       R2
    00000102 4200                   SHLL        R2
    00000104 93CC                   MOV.W       L38+2,R3   ; H'0108
    00000106 66D3                   MOV         R13,R6
    00000108 363C                   ADD         R3,R6
    0000010A 6023                   MOV         R2,R0
    0000010C 046E                   MOV.L       @(R0,R6),R4
    0000010E 65F3                   MOV         R15,R5
    00000110 750C                   ADD         #12,R5
    00000112 644D                   EXTU.W      R4,R4
    00000114 D38C                   MOV.L       L39+10,R3  ; _itoh
    00000116 430B                   JSR         @R3
    00000118 0009                   NOP
    0000011A 65F3                   MOV         R15,R5
    0000011C 750D                   ADD         #13,R5
    0000011E E603                   MOV         #3,R6      ; H'00000003
    00000120 64E3                   MOV         R14,R4
    00000122 D38A                   MOV.L       L39+14,R3  ; _memcpy
    00000124 430B                   JSR         @R3
    00000126 0009                   NOP
    00000128 7E03                   ADD         #3,R14
    0000012A 4C10                   DT          R12
    0000012C 7B01                   ADD         #1,R11
    0000012E 8BD7                   BF          L17
    00000130              L16:
    00000130 84D2                   MOV.B       @(2,R13),R0
    00000132 6203                   MOV         R0,R2
    00000134 662C                   EXTU.B      R2,R6
    00000136 666C                   EXTU.B      R6,R6
    00000138 6C63                   MOV         R6,R12
    0000013A 84D1                   MOV.B       @(1,R13),R0
    0000013C 6603                   MOV         R0,R6
    0000013E 626C                   EXTU.B      R6,R2
    00000140 622C                   EXTU.B      R2,R2
    00000142 72FF                   ADD         #-1,R2
    00000144 6B23                   MOV         R2,R11
    00000146 2CC8                   TST         R12,R12
    00000148 8927                   BT          L18
    0000014A              L19:
    0000014A 66B3                   MOV         R11,R6
    0000014C 6263                   MOV         R6,R2
    0000014E 4208                   SHLL2       R2
    00000150 4200                   SHLL        R2
    00000152 93A6                   MOV.W       L38+4,R3   ; H'0204
    00000154 66D3                   MOV         R13,R6
    00000156 363C                   ADD         R3,R6
    00000158 6023                   MOV         R2,R0
    0000015A 046D                   MOV.W       @(R0,R6),R4
    0000015C 65E3                   MOV         R14,R5
    0000015E 644D                   EXTU.W      R4,R4
    00000160 D379                   MOV.L       L39+10,R3  ; _itoh
    00000162 430B                   JSR         @R3
    00000164 0009                   NOP
    00000166 7E04                   ADD         #4,R14
    00000168 62B3                   MOV         R11,R2
    0000016A 4208                   SHLL2       R2
    0000016C 4200                   SHLL        R2
    0000016E 9399                   MOV.W       L38+6,R3   ; H'0208
    00000170 66D3                   MOV         R13,R6
    00000172 363C                   ADD         R3,R6
    00000174 6023                   MOV         R2,R0
    00000176 046E                   MOV.L       @(R0,R6),R4
    00000178 65F3                   MOV         R15,R5
    0000017A 750C                   ADD         #12,R5
    0000017C 644D                   EXTU.W      R4,R4
    0000017E D372                   MOV.L       L39+10,R3  ; _itoh
    00000180 430B                   JSR         @R3
    00000182 0009                   NOP
    00000184 65F3                   MOV         R15,R5
    00000186 750D                   ADD         #13,R5
    00000188 E603                   MOV         #3,R6      ; H'00000003
    0000018A 64E3                   MOV         R14,R4
    0000018C D36F                   MOV.L       L39+14,R3  ; _memcpy
    0000018E 430B                   JSR         @R3
    00000190 0009                   NOP
    00000192 7E03                   ADD         #3,R14
    00000194 4C10                   DT          R12
    00000196 7B01                   ADD         #1,R11
    00000198 8BD7                   BF          L19
    0000019A              L18:
    0000019A 9084                   MOV.W       L38+8,R0   ; H'0304
    0000019C 02DC                   MOV.B       @(R0,R13),R2
    0000019E 662C                   EXTU.B      R2,R6
    000001A0 666C                   EXTU.B      R6,R6
    000001A2 6C63                   MOV         R6,R12
    000001A4 84D1                   MOV.B       @(1,R13),R0
    000001A6 6203                   MOV         R0,R2
    000001A8 662C                   EXTU.B      R2,R6
    000001AA 666C                   EXTU.B      R6,R6
    000001AC 6263                   MOV         R6,R2
    000001AE 72FF                   ADD         #-1,R2
    000001B0 6B23                   MOV         R2,R11
    000001B2 2CC8                   TST         R12,R12
    000001B4 8927                   BT          L20
    000001B6              L21:
    000001B6 62B3                   MOV         R11,R2
    000001B8 4208                   SHLL2       R2
    000001BA 4200                   SHLL        R2
    000001BC 9374                   MOV.W       L38+10,R3  ; H'0308
    000001BE 66D3                   MOV         R13,R6
    000001C0 363C                   ADD         R3,R6
    000001C2 6023                   MOV         R2,R0
    000001C4 046D                   MOV.W       @(R0,R6),R4
    000001C6 65E3                   MOV         R14,R5
    000001C8 644D                   EXTU.W      R4,R4
    000001CA D35F                   MOV.L       L39+10,R3  ; _itoh
    000001CC 430B                   JSR         @R3
    000001CE 0009                   NOP
    000001D0 7E04                   ADD         #4,R14
    000001D2 66B3                   MOV         R11,R6
    000001D4 6263                   MOV         R6,R2
    000001D6 4208                   SHLL2       R2
    000001D8 4200                   SHLL        R2
    000001DA 9366                   MOV.W       L38+12,R3  ; H'030C
    000001DC 66D3                   MOV         R13,R6
    000001DE 363C                   ADD         R3,R6
    000001E0 6023                   MOV         R2,R0
    000001E2 046E                   MOV.L       @(R0,R6),R4
    000001E4 65F3                   MOV         R15,R5
    000001E6 750C                   ADD         #12,R5
    000001E8 644D                   EXTU.W      R4,R4
    000001EA D357                   MOV.L       L39+10,R3  ; _itoh
    000001EC 430B                   JSR         @R3
    000001EE 0009                   NOP
    000001F0 65F3                   MOV         R15,R5
    000001F2 750D                   ADD         #13,R5
    000001F4 E603                   MOV         #3,R6      ; H'00000003
    000001F6 64E3                   MOV         R14,R4
    000001F8 D354                   MOV.L       L39+14,R3  ; _memcpy
    000001FA 430B                   JSR         @R3
    000001FC 0009                   NOP
    000001FE 7E03                   ADD         #3,R14
    00000200 4C10                   DT          R12
    00000202 7B01                   ADD         #1,R11
    00000204 8BD7                   BF          L21
    00000206              L20:
    00000206 904E                   MOV.W       L38+8,R0   ; H'0304
    00000208 06DC                   MOV.B       @(R0,R13),R6
    0000020A 626C                   EXTU.B      R6,R2
    0000020C 622C                   EXTU.B      R2,R2
    0000020E 6C23                   MOV         R2,R12
    00000210 84D1                   MOV.B       @(1,R13),R0
    00000212 6203                   MOV         R0,R2
    00000214 662C                   EXTU.B      R2,R6
    00000216 666C                   EXTU.B      R6,R6
    00000218 6263                   MOV         R6,R2
    0000021A 72FF                   ADD         #-1,R2
    0000021C 6B23                   MOV         R2,R11
    0000021E 2CC8                   TST         R12,R12
    00000220 8927                   BT          L22
    00000222              L23:
    00000222 66B3                   MOV         R11,R6
    00000224 6263                   MOV         R6,R2
    00000226 4208                   SHLL2       R2
    00000228 4200                   SHLL        R2
    0000022A 933F                   MOV.W       L38+14,R3  ; H'0408
    0000022C 66D3                   MOV         R13,R6
    0000022E 363C                   ADD         R3,R6
    00000230 6023                   MOV         R2,R0
    00000232 046D                   MOV.W       @(R0,R6),R4
    00000234 65E3                   MOV         R14,R5
    00000236 644D                   EXTU.W      R4,R4
    00000238 D343                   MOV.L       L39+10,R3  ; _itoh
    0000023A 430B                   JSR         @R3
    0000023C 0009                   NOP
    0000023E 7E04                   ADD         #4,R14
    00000240 62B3                   MOV         R11,R2
    00000242 4208                   SHLL2       R2
    00000244 4200                   SHLL        R2
    00000246 9332                   MOV.W       L38+16,R3  ; H'040C
    00000248 66D3                   MOV         R13,R6
    0000024A 363C                   ADD         R3,R6
    0000024C 6023                   MOV         R2,R0
    0000024E 046E                   MOV.L       @(R0,R6),R4
    00000250 65F3                   MOV         R15,R5
    00000252 750C                   ADD         #12,R5
    00000254 644D                   EXTU.W      R4,R4
    00000256 D33C                   MOV.L       L39+10,R3  ; _itoh
    00000258 430B                   JSR         @R3
    0000025A 0009                   NOP
    0000025C 65F3                   MOV         R15,R5
    0000025E 750D                   ADD         #13,R5
    00000260 E603                   MOV         #3,R6      ; H'00000003
    00000262 64E3                   MOV         R14,R4
    00000264 D339                   MOV.L       L39+14,R3  ; _memcpy
    00000266 430B                   JSR         @R3
    00000268 0009                   NOP
    0000026A 7E03                   ADD         #3,R14
    0000026C 4C10                   DT          R12
    0000026E 7B01                   ADD         #1,R11
    00000270 8BD7                   BF          L23
    00000272              L22:
    00000272 9018                   MOV.W       L38+8,R0   ; H'0304
    00000274 02DC                   MOV.B       @(R0,R13),R2
    00000276 662C                   EXTU.B      R2,R6
    00000278 666C                   EXTU.B      R6,R6
    0000027A 6C63                   MOV         R6,R12
    0000027C 84D1                   MOV.B       @(1,R13),R0
    0000027E 6603                   MOV         R0,R6
    00000280 626C                   EXTU.B      R6,R2
    00000282 622C                   EXTU.B      R2,R2
    00000284 72FF                   ADD         #-1,R2
    00000286 6B23                   MOV         R2,R11
    00000288 2CC8                   TST         R12,R12
    0000028A 8932                   BT          L24
    0000028C              L25:
    0000028C 62B3                   MOV         R11,R2
    0000028E 4208                   SHLL2       R2
    00000290 4200                   SHLL        R2
    00000292 930D                   MOV.W       L38+18,R3  ; H'0508
    00000294 66D3                   MOV         R13,R6
    00000296 363C                   ADD         R3,R6
    00000298 6023                   MOV         R2,R0
    0000029A A00A                   BRA         L37
    0000029C 0009                   NOP
    0000029E              L38:
    0000029E 0104                   .DATA.W     H'0104
    000002A0 0108                   .DATA.W     H'0108
    000002A2 0204                   .DATA.W     H'0204
    000002A4 0208                   .DATA.W     H'0208
    000002A6 0304                   .DATA.W     H'0304
    000002A8 0308                   .DATA.W     H'0308
    000002AA 030C                   .DATA.W     H'030C
    000002AC 0408                   .DATA.W     H'0408
    000002AE 040C                   .DATA.W     H'040C
    000002B0 0508                   .DATA.W     H'0508
    000002B2              L37:
    000002B2 046D                   MOV.W       @(R0,R6),R4
    000002B4 65E3                   MOV         R14,R5
    000002B6 644D                   EXTU.W      R4,R4
    000002B8 D323                   MOV.L       L39+10,R3  ; _itoh
    000002BA 430B                   JSR         @R3
    000002BC 0009                   NOP
    000002BE 7E04                   ADD         #4,R14
    000002C0 62B3                   MOV         R11,R2
    000002C2 4208                   SHLL2       R2
    000002C4 4200                   SHLL        R2
    000002C6 933A                   MOV.W       L39,R3     ; H'050C
    000002C8 66D3                   MOV         R13,R6
    000002CA 363C                   ADD         R3,R6
    000002CC 6023                   MOV         R2,R0
    000002CE 046E                   MOV.L       @(R0,R6),R4
    000002D0 65F3                   MOV         R15,R5
    000002D2 750C                   ADD         #12,R5
    000002D4 644D                   EXTU.W      R4,R4
    000002D6 D31C                   MOV.L       L39+10,R3  ; _itoh
    000002D8 430B                   JSR         @R3
    000002DA 0009                   NOP
    000002DC 65F3                   MOV         R15,R5
    000002DE 750D                   ADD         #13,R5
    000002E0 E603                   MOV         #3,R6      ; H'00000003
    000002E2 64E3                   MOV         R14,R4
    000002E4 D319                   MOV.L       L39+14,R3  ; _memcpy
    000002E6 430B                   JSR         @R3
    000002E8 0009                   NOP
    000002EA 7E03                   ADD         #3,R14
    000002EC 4C10                   DT          R12
    000002EE 7B01                   ADD         #1,R11
    000002F0 8BCC                   BF          L25
    000002F2              L24:
    000002F2 9025                   MOV.W       L39+2,R0   ; H'0608
    000002F4 02DC                   MOV.B       @(R0,R13),R2
    000002F6 662C                   EXTU.B      R2,R6
    000002F8 666C                   EXTU.B      R6,R6
    000002FA E309                   MOV         #9,R3      ; H'00000009
    000002FC 3637                   CMP/GT      R3,R6
    000002FE 8B07                   BF          L27
    00000300 901E                   MOV.W       L39+2,R0   ; H'0608
    00000302 02DC                   MOV.B       @(R0,R13),R2
    00000304 662C                   EXTU.B      R2,R6
    00000306 666C                   EXTU.B      R6,R6
    00000308 6263                   MOV         R6,R2
    0000030A 7237                   ADD         #55,R2
    0000030C A006                   BRA         L28
    0000030E 0009                   NOP
    00000310              L27:
    00000310 9016                   MOV.W       L39+2,R0   ; H'0608
    00000312 02DC                   MOV.B       @(R0,R13),R2
    00000314 662C                   EXTU.B      R2,R6
    00000316 666C                   EXTU.B      R6,R6
    00000318 6263                   MOV         R6,R2
    0000031A 7230                   ADD         #48,R2
    0000031C              L28:
    0000031C 2E20                   MOV.B       R2,@R14
    0000031E 7E01                   ADD         #1,R14
    00000320 900F                   MOV.W       L39+4,R0   ; H'0609
    00000322 02DC                   MOV.B       @(R0,R13),R2
    00000324 662C                   EXTU.B      R2,R6
    00000326 666C                   EXTU.B      R6,R6
    00000328 E309                   MOV         #9,R3      ; H'00000009
    0000032A 3637                   CMP/GT      R3,R6
    0000032C 8B10                   BF          L30
    0000032E 9008                   MOV.W       L39+4,R0   ; H'0609
    00000330 02DC                   MOV.B       @(R0,R13),R2
    00000332 662C                   EXTU.B      R2,R6
    00000334 666C                   EXTU.B      R6,R6
    00000336 6263                   MOV         R6,R2
    00000338 7237                   ADD         #55,R2
    0000033A A00F                   BRA         L31
    0000033C 0009                   NOP
    0000033E              L39:
    0000033E 050C                   .DATA.W     H'050C
    00000340 0608                   .DATA.W     H'0608
    00000342 0609                   .DATA.W     H'0609
    00000344 <00000000>             .DATA.L     _ctoh
    00000348 <00000000>             .DATA.L     _itoh
    0000034C <00000000>             .DATA.L     _memcpy
    00000350              L30:
    00000350 9068                   MOV.W       L40,R0     ; H'0609
    00000352 02DC                   MOV.B       @(R0,R13),R2
    00000354 662C                   EXTU.B      R2,R6
    00000356 666C                   EXTU.B      R6,R6
    00000358 6263                   MOV         R6,R2
    0000035A 7230                   ADD         #48,R2
    0000035C              L31:
    0000035C 2E20                   MOV.B       R2,@R14
    0000035E 7E01                   ADD         #1,R14
    00000360 9060                   MOV.W       L40,R0     ; H'0609
    00000362 02DC                   MOV.B       @(R0,R13),R2
    00000364 662C                   EXTU.B      R2,R6
    00000366 666C                   EXTU.B      R6,R6
    00000368 6C63                   MOV         R6,R12
    0000036A 905C                   MOV.W       L40+2,R0   ; H'0608
    0000036C 02DC                   MOV.B       @(R0,R13),R2
    0000036E 662C                   EXTU.B      R2,R6
    00000370 666C                   EXTU.B      R6,R6
    00000372 6263                   MOV         R6,R2
    00000374 72FF                   ADD         #-1,R2
    00000376 6B23                   MOV         R2,R11
    00000378 2CC8                   TST         R12,R12
    0000037A 8926                   BT          L32
    0000037C              L33:
    0000037C 62B3                   MOV         R11,R2
    0000037E 4208                   SHLL2       R2
    00000380 4200                   SHLL        R2
    00000382 9351                   MOV.W       L40+4,R3   ; H'060C
    00000384 66D3                   MOV         R13,R6
    00000386 363C                   ADD         R3,R6
    00000388 6023                   MOV         R2,R0
    0000038A 046D                   MOV.W       @(R0,R6),R4
    0000038C 65E3                   MOV         R14,R5
    0000038E 644D                   EXTU.W      R4,R4
    00000390 D327                   MOV.L       L40+12,R3  ; _itoh
    00000392 430B                   JSR         @R3
    00000394 0009                   NOP
    00000396 7E04                   ADD         #4,R14
    00000398 62B3                   MOV         R11,R2
    0000039A 4208                   SHLL2       R2
    0000039C 4200                   SHLL        R2
    0000039E 9344                   MOV.W       L40+6,R3   ; H'0610
    000003A0 66D3                   MOV         R13,R6
    000003A2 363C                   ADD         R3,R6
    000003A4 6023                   MOV         R2,R0
    000003A6 046E                   MOV.L       @(R0,R6),R4
    000003A8 65F3                   MOV         R15,R5
    000003AA 750C                   ADD         #12,R5
    000003AC 644D                   EXTU.W      R4,R4
    000003AE D320                   MOV.L       L40+12,R3  ; _itoh
    000003B0 430B                   JSR         @R3
    000003B2 0009                   NOP
    000003B4 65F3                   MOV         R15,R5
    000003B6 750D                   ADD         #13,R5
    000003B8 E603                   MOV         #3,R6      ; H'00000003
    000003BA 64E3                   MOV         R14,R4
    000003BC D31D                   MOV.L       L40+16,R3  ; _memcpy
    000003BE 430B                   JSR         @R3
    000003C0 0009                   NOP
    000003C2 7E03                   ADD         #3,R14
    000003C4 4C10                   DT          R12
    000003C6 7B01                   ADD         #1,R11
    000003C8 8BD8                   BF          L33
    000003CA              L32:
    000003CA 902F                   MOV.W       L40+8,R0   ; H'064C
    000003CC 02DC                   MOV.B       @(R0,R13),R2
    000003CE 642C                   EXTU.B      R2,R4
    000003D0 65E3                   MOV         R14,R5
    000003D2 644C                   EXTU.B      R4,R4
    000003D4 D318                   MOV.L       L40+20,R3  ; _ctoh
    000003D6 430B                   JSR         @R3
    000003D8 0009                   NOP
    000003DA 7E02                   ADD         #2,R14
    000003DC EC00                   MOV         #0,R12     ; H'00000000
    000003DE 9025                   MOV.W       L40+8,R0   ; H'064C
    000003E0 06DC                   MOV.B       @(R0,R13),R6
    000003E2 626C                   EXTU.B      R6,R2
    000003E4 622C                   EXTU.B      R2,R2
    000003E6 3C23                   CMP/GE      R2,R12
    000003E8 8913                   BT          L34
    000003EA              L35:
    000003EA 62C3                   MOV         R12,R2
    000003EC 4200                   SHLL        R2
    000003EE 931E                   MOV.W       L40+10,R3  ; H'064E
    000003F0 65D3                   MOV         R13,R5
    000003F2 353C                   ADD         R3,R5
    000003F4 6023                   MOV         R2,R0
    000003F6 065D                   MOV.W       @(R0,R5),R6
    000003F8 65E3                   MOV         R14,R5
    000003FA 646D                   EXTU.W      R6,R4
    000003FC D30C                   MOV.L       L40+12,R3  ; _itoh
    000003FE 430B                   JSR         @R3
    00000400 0009                   NOP
    00000402 7E04                   ADD         #4,R14
    00000404 7C01                   ADD         #1,R12
    00000406 9011                   MOV.W       L40+8,R0   ; H'064C
    00000408 02DC                   MOV.B       @(R0,R13),R2
    0000040A 662C                   EXTU.B      R2,R6
    0000040C 666C                   EXTU.B      R6,R6
    0000040E 3C63                   CMP/GE      R6,R12
    00000410 8BEB                   BF          L35
    00000412              L34:
    00000412 60E3                   MOV         R14,R0
    00000414 7F10                   ADD         #16,R15
    00000416 4F26                   LDS.L       @R15+,PR
    00000418 6EF6                   MOV.L       @R15+,R14
    0000041A 6DF6                   MOV.L       @R15+,R13
    0000041C 6CF6                   MOV.L       @R15+,R12
    0000041E 6BF6                   MOV.L       @R15+,R11
    00000420 000B                   RTS
    00000422 0009                   NOP
    00000424              L40:
    00000424 0609                   .DATA.W     H'0609
    00000426 0608                   .DATA.W     H'0608
    00000428 060C                   .DATA.W     H'060C
    0000042A 0610                   .DATA.W     H'0610
    0000042C 064C                   .DATA.W     H'064C
    0000042E 064E                   .DATA.W     H'064E
    00000430 <00000000>             .DATA.L     _itoh
    00000434 <00000000>             .DATA.L     _memcpy
    00000438 <00000000>             .DATA.L     _ctoh
SH SERIES C/C++ Compiler (Ver. checker(2003.03.17))                                              16-Nov-2009 12:33:05  PAGE    1


******** STATISTICS INFORMATION ********


********** ERROR INFORMATION ***********

NUMBER OF ERRORS:           0
NUMBER OF WARNINGS:         0
NUMBER OF INFORMATIONS:     0



******* SOURCE LINE INFORMATION ********

COMPILED SOURCE LINE:      120



******* SECTION SIZE INFORMATION *******

PROGRAM  SECTION (P):                               0000043C Byte(s)
CONSTANT SECTION (C):                               00000000 Byte(s)
DATA     SECTION (D):                               00000000 Byte(s)
BSS      SECTION (B):                               00000000 Byte(s)

TOTAL PROGRAM  SECTION: 0000043C Byte(s)
TOTAL CONSTANT SECTION: 00000000 Byte(s)
TOTAL DATA     SECTION: 00000000 Byte(s)
TOTAL BSS      SECTION: 00000000 Byte(s)

    TOTAL PROGRAM SIZE: 0000043C Byte(s)



********** LABEL INFORMATION ***********

NUMBER OF EXTERNAL REFERENCE SYMBOLS:            3
NUMBER OF EXTERNAL DEFINITION SYMBOLS:           1
NUMBER OF INTERNAL/EXTERNAL SYMBOLS:            30
*** COMMAND PARAMETER ***


  -cpu=sh3 -op=0 -en=big -me -debug -comment=nest -l -def=DEBUG -i=P:\PRESTO2\SHINC,C:\usr\local\SH\7_1_1\include,P:\PRESTO2\NORTI_12\inc pri0002.c 

