SH SERIES C/C++ Compiler (Ver. checker(2003.03.17))                                              16-Nov-2009 12:33:08  PAGE    1

************ OBJECT LISTING ************

FILE NAME: pri0010.c

SCT OFFSET   CODE       C LABEL     INSTRUCTION OPERAND    COMMENT

P   00000000              _pr_print_prgno:                 ; function: pr_print_prgno
                                                           ; frame size=12
    00000000 2FD6                   MOV.L       R13,@-R15
    00000002 2FE6                   MOV.L       R14,@-R15
    00000004 4F22                   STS.L       PR,@-R15
    00000006 6E53                   MOV         R5,R14
    00000008 6D43                   MOV         R4,R13
    0000000A 62E2                   MOV.L       @R14,R2
    0000000C E309                   MOV         #9,R3      ; H'00000009
    0000000E 3237                   CMP/GT      R3,R2
    00000010 8B03                   BF          L12
    00000012 62E2                   MOV.L       @R14,R2
    00000014 7237                   ADD         #55,R2
    00000016 A002                   BRA         L13
    00000018 0009                   NOP
    0000001A              L12:
    0000001A 62E2                   MOV.L       @R14,R2
    0000001C 7230                   ADD         #48,R2
    0000001E              L13:
    0000001E 6023                   MOV         R2,R0
    00000020 80D5                   MOV.B       R0,@(5,R13)
    00000022 84E4                   MOV.B       @(4,R14),R0
    00000024 6603                   MOV         R0,R6
    00000026 626C                   EXTU.B      R6,R2
    00000028 622C                   EXTU.B      R2,R2
    0000002A E309                   MOV         #9,R3      ; H'00000009
    0000002C 3237                   CMP/GT      R3,R2
    0000002E 8B06                   BF          L15
    00000030 84E4                   MOV.B       @(4,R14),R0
    00000032 6603                   MOV         R0,R6
    00000034 626C                   EXTU.B      R6,R2
    00000036 622C                   EXTU.B      R2,R2
    00000038 7237                   ADD         #55,R2
    0000003A A006                   BRA         L16
    0000003C 0009                   NOP
    0000003E              L15:
    0000003E 84E4                   MOV.B       @(4,R14),R0
    00000040 6203                   MOV         R0,R2
    00000042 662C                   EXTU.B      R2,R6
    00000044 666C                   EXTU.B      R6,R6
    00000046 6263                   MOV         R6,R2
    00000048 7230                   ADD         #48,R2
    0000004A              L16:
    0000004A 6023                   MOV         R2,R0
    0000004C 80D6                   MOV.B       R0,@(6,R13)
    0000004E 84E5                   MOV.B       @(5,R14),R0
    00000050 6203                   MOV         R0,R2
    00000052 642C                   EXTU.B      R2,R4
    00000054 65D3                   MOV         R13,R5
    00000056 7507                   ADD         #7,R5
    00000058 644C                   EXTU.B      R4,R4
    0000005A D312                   MOV.L       L18,R3     ; _ctoh
    0000005C 430B                   JSR         @R3
    0000005E 0009                   NOP
    00000060 84E6                   MOV.B       @(6,R14),R0
    00000062 6203                   MOV         R0,R2
    00000064 642C                   EXTU.B      R2,R4
    00000066 65D3                   MOV         R13,R5
    00000068 7509                   ADD         #9,R5
    0000006A 644C                   EXTU.B      R4,R4
    0000006C D30D                   MOV.L       L18,R3     ; _ctoh
    0000006E 430B                   JSR         @R3
    00000070 0009                   NOP
    00000072 84E6                   MOV.B       @(6,R14),R0
    00000074 6603                   MOV         R0,R6
    00000076 626C                   EXTU.B      R6,R2
    00000078 622C                   EXTU.B      R2,R2
    0000007A 64D3                   MOV         R13,R4
    0000007C 740B                   ADD         #11,R4
    0000007E 65E3                   MOV         R14,R5
    00000080 7507                   ADD         #7,R5
    00000082 6623                   MOV         R2,R6
    00000084 D308                   MOV.L       L18+4,R3   ; _strncpy
    00000086 430B                   JSR         @R3
    00000088 0009                   NOP
    0000008A 84E6                   MOV.B       @(6,R14),R0
    0000008C 6203                   MOV         R0,R2
    0000008E 662C                   EXTU.B      R2,R6
    00000090 62D3                   MOV         R13,R2
    00000092 720B                   ADD         #11,R2
    00000094 666C                   EXTU.B      R6,R6
    00000096 326C                   ADD         R6,R2
    00000098 6023                   MOV         R2,R0
    0000009A 4F26                   LDS.L       @R15+,PR
    0000009C 6EF6                   MOV.L       @R15+,R14
    0000009E 6DF6                   MOV.L       @R15+,R13
    000000A0 000B                   RTS
    000000A2 0009                   NOP
    000000A4              L18:
    000000A4 <00000000>             .DATA.L     _ctoh
    000000A8 <00000000>             .DATA.L     _strncpy
SH SERIES C/C++ Compiler (Ver. checker(2003.03.17))                                              16-Nov-2009 12:33:08  PAGE    1


******** STATISTICS INFORMATION ********


********** ERROR INFORMATION ***********

NUMBER OF ERRORS:           0
NUMBER OF WARNINGS:         0
NUMBER OF INFORMATIONS:     0



******* SOURCE LINE INFORMATION ********

COMPILED SOURCE LINE:       57



******* SECTION SIZE INFORMATION *******

PROGRAM  SECTION (P):                               000000AC Byte(s)
CONSTANT SECTION (C):                               00000000 Byte(s)
DATA     SECTION (D):                               00000000 Byte(s)
BSS      SECTION (B):                               00000000 Byte(s)

TOTAL PROGRAM  SECTION: 000000AC Byte(s)
TOTAL CONSTANT SECTION: 00000000 Byte(s)
TOTAL DATA     SECTION: 00000000 Byte(s)
TOTAL BSS      SECTION: 00000000 Byte(s)

    TOTAL PROGRAM SIZE: 000000AC Byte(s)



********** LABEL INFORMATION ***********

NUMBER OF EXTERNAL REFERENCE SYMBOLS:            2
NUMBER OF EXTERNAL DEFINITION SYMBOLS:           1
NUMBER OF INTERNAL/EXTERNAL SYMBOLS:             8
*** COMMAND PARAMETER ***


  -cpu=sh3 -op=0 -en=big -me -debug -comment=nest -l -def=DEBUG -i=P:\PRESTO2\SHINC,C:\usr\local\SH\7_1_1\include,P:\PRESTO2\NORTI_12\inc pri0010.c 

