SH SERIES C/C++ Compiler (Ver. checker(2003.03.17))                                              16-Nov-2009 12:33:24  PAGE    1

************ OBJECT LISTING ************

FILE NAME: pri0058.c

SCT OFFSET   CODE       C LABEL     INSTRUCTION OPERAND    COMMENT

P   00000000              _pr_print_hop_drive_no:          ; function: pr_print_hop_drive_no
                                                           ; frame size=28
    00000000 2FC6                   MOV.L       R12,@-R15
    00000002 2FD6                   MOV.L       R13,@-R15
    00000004 2FE6                   MOV.L       R14,@-R15
    00000006 4F22                   STS.L       PR,@-R15
    00000008 7FF4                   ADD         #-12,R15
    0000000A 6E53                   MOV         R5,R14
    0000000C 6243                   MOV         R4,R2
    0000000E 1F22                   MOV.L       R2,@(8,R15)
    00000010 66E2                   MOV.L       @R14,R6
    00000012 E309                   MOV         #9,R3      ; H'00000009
    00000014 3637                   CMP/GT      R3,R6
    00000016 8B03                   BF          L12
    00000018 66E2                   MOV.L       @R14,R6
    0000001A 7637                   ADD         #55,R6
    0000001C A002                   BRA         L13
    0000001E 0009                   NOP
    00000020              L12:
    00000020 66E2                   MOV.L       @R14,R6
    00000022 7630                   ADD         #48,R6
    00000024              L13:
    00000024 6063                   MOV         R6,R0
    00000026 8025                   MOV.B       R0,@(5,R2)
    00000028 84E4                   MOV.B       @(4,R14),R0
    0000002A 6603                   MOV         R0,R6
    0000002C 646C                   EXTU.B      R6,R4
    0000002E 6523                   MOV         R2,R5
    00000030 7506                   ADD         #6,R5
    00000032 644C                   EXTU.B      R4,R4
    00000034 D313                   MOV.L       L17+2,R3   ; _ctoh
    00000036 430B                   JSR         @R3
    00000038 0009                   NOP
    0000003A 52F2                   MOV.L       @(8,R15),R2
    0000003C 7208                   ADD         #8,R2
    0000003E 6C23                   MOV         R2,R12
    00000040 ED00                   MOV         #0,R13     ; H'00000000
    00000042 84E4                   MOV.B       @(4,R14),R0
    00000044 6203                   MOV         R0,R2
    00000046 662C                   EXTU.B      R2,R6
    00000048 666C                   EXTU.B      R6,R6
    0000004A 3D63                   CMP/GE      R6,R13
    0000004C 8911                   BT          L14
    0000004E              L15:
    0000004E 62D3                   MOV         R13,R2
    00000050 4208                   SHLL2       R2
    00000052 66E3                   MOV         R14,R6
    00000054 7608                   ADD         #8,R6
    00000056 6023                   MOV         R2,R0
    00000058 046E                   MOV.L       @(R0,R6),R4
    0000005A 65C3                   MOV         R12,R5
    0000005C D30A                   MOV.L       L17+6,R3   ; _ltoh
    0000005E 430B                   JSR         @R3
    00000060 0009                   NOP
    00000062 7C08                   ADD         #8,R12
    00000064 7D01                   ADD         #1,R13
    00000066 84E4                   MOV.B       @(4,R14),R0
    00000068 6203                   MOV         R0,R2
    0000006A 662C                   EXTU.B      R2,R6
    0000006C 666C                   EXTU.B      R6,R6
    0000006E 3D63                   CMP/GE      R6,R13
    00000070 8BED                   BF          L15
    00000072              L14:
    00000072 60C3                   MOV         R12,R0
    00000074 7F0C                   ADD         #12,R15
    00000076 4F26                   LDS.L       @R15+,PR
    00000078 6EF6                   MOV.L       @R15+,R14
    0000007A 6DF6                   MOV.L       @R15+,R13
    0000007C 6CF6                   MOV.L       @R15+,R12
    0000007E 000B                   RTS
    00000080 0009                   NOP
    00000082              L17:
    00000082 00000002               .RES.W      1
    00000084 <00000000>             .DATA.L     _ctoh
    00000088 <00000000>             .DATA.L     _ltoh
SH SERIES C/C++ Compiler (Ver. checker(2003.03.17))                                              16-Nov-2009 12:33:24  PAGE    1


******** STATISTICS INFORMATION ********


********** ERROR INFORMATION ***********

NUMBER OF ERRORS:           0
NUMBER OF WARNINGS:         0
NUMBER OF INFORMATIONS:     0



******* SOURCE LINE INFORMATION ********

COMPILED SOURCE LINE:       59



******* SECTION SIZE INFORMATION *******

PROGRAM  SECTION (P):                               0000008C Byte(s)
CONSTANT SECTION (C):                               00000000 Byte(s)
DATA     SECTION (D):                               00000000 Byte(s)
BSS      SECTION (B):                               00000000 Byte(s)

TOTAL PROGRAM  SECTION: 0000008C Byte(s)
TOTAL CONSTANT SECTION: 00000000 Byte(s)
TOTAL DATA     SECTION: 00000000 Byte(s)
TOTAL BSS      SECTION: 00000000 Byte(s)

    TOTAL PROGRAM SIZE: 0000008C Byte(s)



********** LABEL INFORMATION ***********

NUMBER OF EXTERNAL REFERENCE SYMBOLS:            2
NUMBER OF EXTERNAL DEFINITION SYMBOLS:           1
NUMBER OF INTERNAL/EXTERNAL SYMBOLS:             8
*** COMMAND PARAMETER ***


  -cpu=sh3 -op=0 -en=big -me -debug -comment=nest -l -def=DEBUG -i=P:\PRESTO2\SHINC,C:\usr\local\SH\7_1_1\include,P:\PRESTO2\NORTI_12\inc pri0058.c 

