SH SERIES C/C++ Compiler (Ver. checker(2003.03.17))                                              16-Nov-2009 12:33:16  PAGE    1

************ OBJECT LISTING ************

FILE NAME: pri0029.c

SCT OFFSET   CODE       C LABEL     INSTRUCTION OPERAND    COMMENT

P   00000000              _pr_scan_pandc_result:           ; function: pr_scan_pandc_result
                                                           ; frame size=40
    00000000 2FA6                   MOV.L       R10,@-R15
    00000002 2FB6                   MOV.L       R11,@-R15
    00000004 2FC6                   MOV.L       R12,@-R15
    00000006 2FD6                   MOV.L       R13,@-R15
    00000008 2FE6                   MOV.L       R14,@-R15
    0000000A 4F22                   STS.L       PR,@-R15
    0000000C 7FF0                   ADD         #-16,R15
    0000000E E330                   MOV         #48,R3     ; H'00000030
    00000010 6033                   MOV         R3,R0
    00000012 80FC                   MOV.B       R0,@(12,R15)
    00000014 8445                   MOV.B       @(5,R4),R0
    00000016 6603                   MOV         R0,R6
    00000018 626C                   EXTU.B      R6,R2
    0000001A 622C                   EXTU.B      R2,R2
    0000001C E339                   MOV         #57,R3     ; H'00000039
    0000001E 3237                   CMP/GT      R3,R2
    00000020 8B07                   BF          L12
    00000022 8445                   MOV.B       @(5,R4),R0
    00000024 6203                   MOV         R0,R2
    00000026 662C                   EXTU.B      R2,R6
    00000028 666C                   EXTU.B      R6,R6
    0000002A 6263                   MOV         R6,R2
    0000002C 72C9                   ADD         #-55,R2
    0000002E A006                   BRA         L13
    00000030 0009                   NOP
    00000032              L12:
    00000032 8445                   MOV.B       @(5,R4),R0
    00000034 6203                   MOV         R0,R2
    00000036 662C                   EXTU.B      R2,R6
    00000038 666C                   EXTU.B      R6,R6
    0000003A 6263                   MOV         R6,R2
    0000003C 72D0                   ADD         #-48,R2
    0000003E              L13:
    0000003E 6323                   MOV         R2,R3
    00000040 D163                   MOV.L       L25+2,R1   ; _pri0029s
    00000042 2130                   MOV.B       R3,@R1
    00000044 8446                   MOV.B       @(6,R4),R0
    00000046 6603                   MOV         R0,R6
    00000048 626C                   EXTU.B      R6,R2
    0000004A 622C                   EXTU.B      R2,R2
    0000004C E339                   MOV         #57,R3     ; H'00000039
    0000004E 3237                   CMP/GT      R3,R2
    00000050 8B07                   BF          L15
    00000052 8446                   MOV.B       @(6,R4),R0
    00000054 6203                   MOV         R0,R2
    00000056 662C                   EXTU.B      R2,R6
    00000058 666C                   EXTU.B      R6,R6
    0000005A 6263                   MOV         R6,R2
    0000005C 72C9                   ADD         #-55,R2
    0000005E A006                   BRA         L16
    00000060 0009                   NOP
    00000062              L15:
    00000062 8446                   MOV.B       @(6,R4),R0
    00000064 6203                   MOV         R0,R2
    00000066 662C                   EXTU.B      R2,R6
    00000068 666C                   EXTU.B      R6,R6
    0000006A 6263                   MOV         R6,R2
    0000006C 72D0                   ADD         #-48,R2
    0000006E              L16:
    0000006E 6323                   MOV         R2,R3
    00000070 D158                   MOV.L       L25+6,R1   ; H'00000001+_pri0029s
    00000072 2130                   MOV.B       R3,@R1
    00000074 6E43                   MOV         R4,R14
    00000076 7E07                   ADD         #7,R14
    00000078 EC00                   MOV         #0,R12     ; H'00000000
    0000007A D356                   MOV.L       L25+6,R3   ; H'00000001+_pri0029s
    0000007C 6330                   MOV.B       @R3,R3
    0000007E 633C                   EXTU.B      R3,R3
    00000080 6233                   MOV         R3,R2
    00000082 3C23                   CMP/GE      R2,R12
    00000084 8B01                   BF          L26
    00000086 A097                   BRA         L17
    00000088 0009                   NOP
    0000008A              L26:
    0000008A              L18:
    0000008A 62E0                   MOV.B       @R14,R2
    0000008C 662C                   EXTU.B      R2,R6
    0000008E 666C                   EXTU.B      R6,R6
    00000090 E339                   MOV         #57,R3     ; H'00000039
    00000092 3637                   CMP/GT      R3,R6
    00000094 8B06                   BF          L20
    00000096 62E0                   MOV.B       @R14,R2
    00000098 662C                   EXTU.B      R2,R6
    0000009A 666C                   EXTU.B      R6,R6
    0000009C 6263                   MOV         R6,R2
    0000009E 72C9                   ADD         #-55,R2
    000000A0 A005                   BRA         L21
    000000A2 0009                   NOP
    000000A4              L20:
    000000A4 62E0                   MOV.B       @R14,R2
    000000A6 662C                   EXTU.B      R2,R6
    000000A8 666C                   EXTU.B      R6,R6
    000000AA 6263                   MOV         R6,R2
    000000AC 72D0                   ADD         #-48,R2
    000000AE              L21:
    000000AE D44A                   MOV.L       L25+10,R4  ; H'00000004+_pri0029s
    000000B0 66C3                   MOV         R12,R6
    000000B2 6563                   MOV         R6,R5
    000000B4 EA05                   MOV         #5,R10     ; H'00000005
    000000B6 46AD                   SHLD        R10,R6
    000000B8 4508                   SHLL2       R5
    000000BA 3658                   SUB         R5,R6
    000000BC 6063                   MOV         R6,R0
    000000BE 0424                   MOV.B       R2,@(R0,R4)
    000000C0 7E01                   ADD         #1,R14
    000000C2 ED00                   MOV         #0,R13     ; H'00000000
    000000C4 D444                   MOV.L       L25+10,R4  ; H'00000004+_pri0029s
    000000C6 66C3                   MOV         R12,R6
    000000C8 6263                   MOV         R6,R2
    000000CA 46AD                   SHLD        R10,R6
    000000CC 4208                   SHLL2       R2
    000000CE 3628                   SUB         R2,R6
    000000D0 6063                   MOV         R6,R0
    000000D2 054C                   MOV.B       @(R0,R4),R5
    000000D4 625C                   EXTU.B      R5,R2
    000000D6 622C                   EXTU.B      R2,R2
    000000D8 3D23                   CMP/GE      R2,R13
    000000DA 8964                   BT          L22
    000000DC              L23:
    000000DC 64E3                   MOV         R14,R4
    000000DE D33F                   MOV.L       L25+14,R3  ; _htoi
    000000E0 430B                   JSR         @R3
    000000E2 0009                   NOP
    000000E4 6203                   MOV         R0,R2
    000000E6 672D                   EXTU.W      R2,R7
    000000E8 D53B                   MOV.L       L25+10,R5  ; H'00000004+_pri0029s
    000000EA 7504                   ADD         #4,R5
    000000EC 66C3                   MOV         R12,R6
    000000EE 6263                   MOV         R6,R2
    000000F0 EB05                   MOV         #5,R11     ; H'00000005
    000000F2 46BD                   SHLD        R11,R6
    000000F4 4208                   SHLL2       R2
    000000F6 3628                   SUB         R2,R6
    000000F8 62D3                   MOV         R13,R2
    000000FA 6423                   MOV         R2,R4
    000000FC 4208                   SHLL2       R2
    000000FE 4200                   SHLL        R2
    00000100 4408                   SHLL2       R4
    00000102 324C                   ADD         R4,R2
    00000104 362C                   ADD         R2,R6
    00000106 6063                   MOV         R6,R0
    00000108 0575                   MOV.W       R7,@(R0,R5)
    0000010A 7E04                   ADD         #4,R14
    0000010C 64F3                   MOV         R15,R4
    0000010E 740D                   ADD         #13,R4
    00000110 E603                   MOV         #3,R6      ; H'00000003
    00000112 65E3                   MOV         R14,R5
    00000114 D332                   MOV.L       L25+18,R3  ; _memcpy
    00000116 430B                   JSR         @R3
    00000118 0009                   NOP
    0000011A 64F3                   MOV         R15,R4
    0000011C 740C                   ADD         #12,R4
    0000011E D32F                   MOV.L       L25+14,R3  ; _htoi
    00000120 430B                   JSR         @R3
    00000122 0009                   NOP
    00000124 6203                   MOV         R0,R2
    00000126 642D                   EXTU.W      R2,R4
    00000128 D52B                   MOV.L       L25+10,R5  ; H'00000004+_pri0029s
    0000012A 7508                   ADD         #8,R5
    0000012C 66C3                   MOV         R12,R6
    0000012E 6263                   MOV         R6,R2
    00000130 46BD                   SHLD        R11,R6
    00000132 4208                   SHLL2       R2
    00000134 3628                   SUB         R2,R6
    00000136 62D3                   MOV         R13,R2
    00000138 6723                   MOV         R2,R7
    0000013A 4208                   SHLL2       R2
    0000013C 4200                   SHLL        R2
    0000013E 4708                   SHLL2       R7
    00000140 327C                   ADD         R7,R2
    00000142 362C                   ADD         R2,R6
    00000144 644F                   EXTS.W      R4,R4
    00000146 6063                   MOV         R6,R0
    00000148 0546                   MOV.L       R4,@(R0,R5)
    0000014A 7E03                   ADD         #3,R14
    0000014C 64F3                   MOV         R15,R4
    0000014E 740D                   ADD         #13,R4
    00000150 E603                   MOV         #3,R6      ; H'00000003
    00000152 65E3                   MOV         R14,R5
    00000154 D322                   MOV.L       L25+18,R3  ; _memcpy
    00000156 430B                   JSR         @R3
    00000158 0009                   NOP
    0000015A 64F3                   MOV         R15,R4
    0000015C 740C                   ADD         #12,R4
    0000015E D31F                   MOV.L       L25+14,R3  ; _htoi
    00000160 430B                   JSR         @R3
    00000162 0009                   NOP
    00000164 6203                   MOV         R0,R2
    00000166 642D                   EXTU.W      R2,R4
    00000168 D51B                   MOV.L       L25+10,R5  ; H'00000004+_pri0029s
    0000016A 750C                   ADD         #12,R5
    0000016C 66C3                   MOV         R12,R6
    0000016E 6263                   MOV         R6,R2
    00000170 46BD                   SHLD        R11,R6
    00000172 4208                   SHLL2       R2
    00000174 3628                   SUB         R2,R6
    00000176 62D3                   MOV         R13,R2
    00000178 6723                   MOV         R2,R7
    0000017A 4208                   SHLL2       R2
    0000017C 4200                   SHLL        R2
    0000017E 4708                   SHLL2       R7
    00000180 327C                   ADD         R7,R2
    00000182 362C                   ADD         R2,R6
    00000184 644F                   EXTS.W      R4,R4
    00000186 6063                   MOV         R6,R0
    00000188 0546                   MOV.L       R4,@(R0,R5)
    0000018A 7E03                   ADD         #3,R14
    0000018C 7D01                   ADD         #1,R13
    0000018E D512                   MOV.L       L25+10,R5  ; H'00000004+_pri0029s
    00000190 62C3                   MOV         R12,R2
    00000192 6623                   MOV         R2,R6
    00000194 42BD                   SHLD        R11,R2
    00000196 4608                   SHLL2       R6
    00000198 3268                   SUB         R6,R2
    0000019A 6023                   MOV         R2,R0
    0000019C 065C                   MOV.B       @(R0,R5),R6
    0000019E 626C                   EXTU.B      R6,R2
    000001A0 622C                   EXTU.B      R2,R2
    000001A2 3D23                   CMP/GE      R2,R13
    000001A4 8B9A                   BF          L23
    000001A6              L22:
    000001A6 7C01                   ADD         #1,R12
    000001A8 D30A                   MOV.L       L25+6,R3   ; H'00000001+_pri0029s
    000001AA 6330                   MOV.B       @R3,R3
    000001AC 633C                   EXTU.B      R3,R3
    000001AE 6233                   MOV         R3,R2
    000001B0 3C23                   CMP/GE      R2,R12
    000001B2 8901                   BT          L27
    000001B4 AF69                   BRA         L18
    000001B6 0009                   NOP
    000001B8              L27:
    000001B8              L17:
    000001B8 E200                   MOV         #0,R2      ; H'00000000
    000001BA 6023                   MOV         R2,R0
    000001BC 7F10                   ADD         #16,R15
    000001BE 4F26                   LDS.L       @R15+,PR
    000001C0 6EF6                   MOV.L       @R15+,R14
    000001C2 6DF6                   MOV.L       @R15+,R13
    000001C4 6CF6                   MOV.L       @R15+,R12
    000001C6 6BF6                   MOV.L       @R15+,R11
    000001C8 6AF6                   MOV.L       @R15+,R10
    000001CA 000B                   RTS
    000001CC 0009                   NOP
    000001CE              L25:
    000001CE 00000002               .RES.W      1
    000001D0 <00000000>             .DATA.L     _pri0029s
    000001D4 <00000001>             .DATA.L     H'00000001+_pri0029s
    000001D8 <00000004>             .DATA.L     H'00000004+_pri0029s
    000001DC <00000000>             .DATA.L     _htoi
    000001E0 <00000000>             .DATA.L     _memcpy
B   00000000              _pri0029s:                       ; static: pri0029s
    00000000 00000004               .RES.L      57
SH SERIES C/C++ Compiler (Ver. checker(2003.03.17))                                              16-Nov-2009 12:33:16  PAGE    1


******** STATISTICS INFORMATION ********


********** ERROR INFORMATION ***********

NUMBER OF ERRORS:           0
NUMBER OF WARNINGS:         0
NUMBER OF INFORMATIONS:     0



******* SOURCE LINE INFORMATION ********

COMPILED SOURCE LINE:       74



******* SECTION SIZE INFORMATION *******

PROGRAM  SECTION (P):                               000001E4 Byte(s)
CONSTANT SECTION (C):                               00000000 Byte(s)
DATA     SECTION (D):                               00000000 Byte(s)
BSS      SECTION (B):                               000000E4 Byte(s)

TOTAL PROGRAM  SECTION: 000001E4 Byte(s)
TOTAL CONSTANT SECTION: 00000000 Byte(s)
TOTAL DATA     SECTION: 00000000 Byte(s)
TOTAL BSS      SECTION: 000000E4 Byte(s)

    TOTAL PROGRAM SIZE: 000002C8 Byte(s)



********** LABEL INFORMATION ***********

NUMBER OF EXTERNAL REFERENCE SYMBOLS:            2
NUMBER OF EXTERNAL DEFINITION SYMBOLS:           2
NUMBER OF INTERNAL/EXTERNAL SYMBOLS:            17
*** COMMAND PARAMETER ***


  -cpu=sh3 -op=0 -en=big -me -debug -comment=nest -l -def=DEBUG -i=P:\PRESTO2\SHINC,C:\usr\local\SH\7_1_1\include,P:\PRESTO2\NORTI_12\inc pri0029.c 

