SH SERIES C/C++ Compiler (Ver. checker(2003.03.17))                                              16-Nov-2009 12:33:19  PAGE    1

************ OBJECT LISTING ************

FILE NAME: pri0044.c

SCT OFFSET   CODE       C LABEL     INSTRUCTION OPERAND    COMMENT

P   00000000              _pr_print_span_coeffi:           ; function: pr_print_span_coeffi
                                                           ; frame size=24
    00000000 2FC6                   MOV.L       R12,@-R15
    00000002 2FD6                   MOV.L       R13,@-R15
    00000004 2FE6                   MOV.L       R14,@-R15
    00000006 4F22                   STS.L       PR,@-R15
    00000008 7FF8                   ADD         #-8,R15
    0000000A 6D53                   MOV         R5,R13
    0000000C 6E43                   MOV         R4,R14
    0000000E 66D0                   MOV.B       @R13,R6
    00000010 626C                   EXTU.B      R6,R2
    00000012 622C                   EXTU.B      R2,R2
    00000014 E309                   MOV         #9,R3      ; H'00000009
    00000016 3237                   CMP/GT      R3,R2
    00000018 8B06                   BF          L12
    0000001A 62D0                   MOV.B       @R13,R2
    0000001C 662C                   EXTU.B      R2,R6
    0000001E 666C                   EXTU.B      R6,R6
    00000020 6263                   MOV         R6,R2
    00000022 7237                   ADD         #55,R2
    00000024 A005                   BRA         L13
    00000026 0009                   NOP
    00000028              L12:
    00000028 62D0                   MOV.B       @R13,R2
    0000002A 662C                   EXTU.B      R2,R6
    0000002C 666C                   EXTU.B      R6,R6
    0000002E 6263                   MOV         R6,R2
    00000030 7230                   ADD         #48,R2
    00000032              L13:
    00000032 6023                   MOV         R2,R0
    00000034 80E5                   MOV.B       R0,@(5,R14)
    00000036 84D1                   MOV.B       @(1,R13),R0
    00000038 6603                   MOV         R0,R6
    0000003A 626C                   EXTU.B      R6,R2
    0000003C 622C                   EXTU.B      R2,R2
    0000003E E309                   MOV         #9,R3      ; H'00000009
    00000040 3237                   CMP/GT      R3,R2
    00000042 8B07                   BF          L15
    00000044 84D1                   MOV.B       @(1,R13),R0
    00000046 6203                   MOV         R0,R2
    00000048 662C                   EXTU.B      R2,R6
    0000004A 666C                   EXTU.B      R6,R6
    0000004C 6263                   MOV         R6,R2
    0000004E 7237                   ADD         #55,R2
    00000050 A005                   BRA         L16
    00000052 0009                   NOP
    00000054              L15:
    00000054 84D1                   MOV.B       @(1,R13),R0
    00000056 6603                   MOV         R0,R6
    00000058 626C                   EXTU.B      R6,R2
    0000005A 622C                   EXTU.B      R2,R2
    0000005C 7230                   ADD         #48,R2
    0000005E              L16:
    0000005E 6023                   MOV         R2,R0
    00000060 80E6                   MOV.B       R0,@(6,R14)
    00000062 54D1                   MOV.L       @(4,R13),R4
    00000064 65E3                   MOV         R14,R5
    00000066 7507                   ADD         #7,R5
    00000068 D314                   MOV.L       L20,R3     ; _ltoh
    0000006A 430B                   JSR         @R3
    0000006C 0009                   NOP
    0000006E 54D2                   MOV.L       @(8,R13),R4
    00000070 65E3                   MOV         R14,R5
    00000072 750F                   ADD         #15,R5
    00000074 D311                   MOV.L       L20,R3     ; _ltoh
    00000076 430B                   JSR         @R3
    00000078 0009                   NOP
    0000007A 7E17                   ADD         #23,R14
    0000007C 6CE3                   MOV         R14,R12
    0000007E EE00                   MOV         #0,R14     ; H'00000000
    00000080 66E3                   MOV         R14,R6
    00000082 E230                   MOV         #48,R2     ; H'00000030
    00000084 4201                   SHLR        R2
    00000086 3622                   CMP/HS      R2,R6
    00000088 8910                   BT          L17
    0000008A              L18:
    0000008A 62E3                   MOV         R14,R2
    0000008C 4200                   SHLL        R2
    0000008E 66D3                   MOV         R13,R6
    00000090 760C                   ADD         #12,R6
    00000092 6023                   MOV         R2,R0
    00000094 046D                   MOV.W       @(R0,R6),R4
    00000096 65C3                   MOV         R12,R5
    00000098 644D                   EXTU.W      R4,R4
    0000009A D309                   MOV.L       L20+4,R3   ; _itoh
    0000009C 430B                   JSR         @R3
    0000009E 0009                   NOP
    000000A0 7C04                   ADD         #4,R12
    000000A2 7E01                   ADD         #1,R14
    000000A4 E230                   MOV         #48,R2     ; H'00000030
    000000A6 4201                   SHLR        R2
    000000A8 3E22                   CMP/HS      R2,R14
    000000AA 8BEE                   BF          L18
    000000AC              L17:
    000000AC 60C3                   MOV         R12,R0
    000000AE 7F08                   ADD         #8,R15
    000000B0 4F26                   LDS.L       @R15+,PR
    000000B2 6EF6                   MOV.L       @R15+,R14
    000000B4 6DF6                   MOV.L       @R15+,R13
    000000B6 6CF6                   MOV.L       @R15+,R12
    000000B8 000B                   RTS
    000000BA 0009                   NOP
    000000BC              L20:
    000000BC <00000000>             .DATA.L     _ltoh
    000000C0 <00000000>             .DATA.L     _itoh
SH SERIES C/C++ Compiler (Ver. checker(2003.03.17))                                              16-Nov-2009 12:33:19  PAGE    1


******** STATISTICS INFORMATION ********


********** ERROR INFORMATION ***********

NUMBER OF ERRORS:           0
NUMBER OF WARNINGS:         0
NUMBER OF INFORMATIONS:     0



******* SOURCE LINE INFORMATION ********

COMPILED SOURCE LINE:       63



******* SECTION SIZE INFORMATION *******

PROGRAM  SECTION (P):                               000000C4 Byte(s)
CONSTANT SECTION (C):                               00000000 Byte(s)
DATA     SECTION (D):                               00000000 Byte(s)
BSS      SECTION (B):                               00000000 Byte(s)

TOTAL PROGRAM  SECTION: 000000C4 Byte(s)
TOTAL CONSTANT SECTION: 00000000 Byte(s)
TOTAL DATA     SECTION: 00000000 Byte(s)
TOTAL BSS      SECTION: 00000000 Byte(s)

    TOTAL PROGRAM SIZE: 000000C4 Byte(s)



********** LABEL INFORMATION ***********

NUMBER OF EXTERNAL REFERENCE SYMBOLS:            2
NUMBER OF EXTERNAL DEFINITION SYMBOLS:           1
NUMBER OF INTERNAL/EXTERNAL SYMBOLS:            10
*** COMMAND PARAMETER ***


  -cpu=sh3 -op=0 -en=big -me -debug -comment=nest -l -def=DEBUG -i=P:\PRESTO2\SHINC,C:\usr\local\SH\7_1_1\include,P:\PRESTO2\NORTI_12\inc pri0044.c 

