SH SERIES C/C++ Compiler (Ver. checker(2003.03.17))                                              16-Nov-2009 12:33:16  PAGE    1

************ OBJECT LISTING ************

FILE NAME: pri0031.c

SCT OFFSET   CODE       C LABEL     INSTRUCTION OPERAND    COMMENT

P   00000000              _pr_scan_cf_rslt:                ; function: pr_scan_cf_rslt
                                                           ; frame size=28
    00000000 2FC6                   MOV.L       R12,@-R15
    00000002 2FD6                   MOV.L       R13,@-R15
    00000004 2FE6                   MOV.L       R14,@-R15
    00000006 4F22                   STS.L       PR,@-R15
    00000008 7FF4                   ADD         #-12,R15
    0000000A 8445                   MOV.B       @(5,R4),R0
    0000000C 6603                   MOV         R0,R6
    0000000E 626C                   EXTU.B      R6,R2
    00000010 622C                   EXTU.B      R2,R2
    00000012 E339                   MOV         #57,R3     ; H'00000039
    00000014 3237                   CMP/GT      R3,R2
    00000016 8B07                   BF          L12
    00000018 8445                   MOV.B       @(5,R4),R0
    0000001A 6203                   MOV         R0,R2
    0000001C 662C                   EXTU.B      R2,R6
    0000001E 666C                   EXTU.B      R6,R6
    00000020 6263                   MOV         R6,R2
    00000022 72C9                   ADD         #-55,R2
    00000024 A006                   BRA         L13
    00000026 0009                   NOP
    00000028              L12:
    00000028 8445                   MOV.B       @(5,R4),R0
    0000002A 6203                   MOV         R0,R2
    0000002C 662C                   EXTU.B      R2,R6
    0000002E 666C                   EXTU.B      R6,R6
    00000030 6263                   MOV         R6,R2
    00000032 72D0                   ADD         #-48,R2
    00000034              L13:
    00000034 6523                   MOV         R2,R5
    00000036 6353                   MOV         R5,R3
    00000038 D15C                   MOV.L       L25+2,R1   ; _pri0031s
    0000003A 2130                   MOV.B       R3,@R1
    0000003C 8446                   MOV.B       @(6,R4),R0
    0000003E 6603                   MOV         R0,R6
    00000040 626C                   EXTU.B      R6,R2
    00000042 622C                   EXTU.B      R2,R2
    00000044 E339                   MOV         #57,R3     ; H'00000039
    00000046 3237                   CMP/GT      R3,R2
    00000048 8B06                   BF          L15
    0000004A 8446                   MOV.B       @(6,R4),R0
    0000004C 6603                   MOV         R0,R6
    0000004E 626C                   EXTU.B      R6,R2
    00000050 622C                   EXTU.B      R2,R2
    00000052 72C9                   ADD         #-55,R2
    00000054 A006                   BRA         L16
    00000056 0009                   NOP
    00000058              L15:
    00000058 8446                   MOV.B       @(6,R4),R0
    0000005A 6203                   MOV         R0,R2
    0000005C 662C                   EXTU.B      R2,R6
    0000005E 666C                   EXTU.B      R6,R6
    00000060 6263                   MOV         R6,R2
    00000062 72D0                   ADD         #-48,R2
    00000064              L16:
    00000064 6523                   MOV         R2,R5
    00000066 6353                   MOV         R5,R3
    00000068 D151                   MOV.L       L25+6,R1   ; H'00000001+_pri0031s
    0000006A 2130                   MOV.B       R3,@R1
    0000006C 6E43                   MOV         R4,R14
    0000006E 7E07                   ADD         #7,R14
    00000070 EC00                   MOV         #0,R12     ; H'00000000
    00000072 D34F                   MOV.L       L25+6,R3   ; H'00000001+_pri0031s
    00000074 6330                   MOV.B       @R3,R3
    00000076 633C                   EXTU.B      R3,R3
    00000078 6233                   MOV         R3,R2
    0000007A 3C23                   CMP/GE      R2,R12
    0000007C 8B01                   BF          L26
    0000007E A08B                   BRA         L17
    00000080 0009                   NOP
    00000082              L26:
    00000082              L18:
    00000082 62E0                   MOV.B       @R14,R2
    00000084 662C                   EXTU.B      R2,R6
    00000086 666C                   EXTU.B      R6,R6
    00000088 E339                   MOV         #57,R3     ; H'00000039
    0000008A 3637                   CMP/GT      R3,R6
    0000008C 8B06                   BF          L20
    0000008E 62E0                   MOV.B       @R14,R2
    00000090 662C                   EXTU.B      R2,R6
    00000092 666C                   EXTU.B      R6,R6
    00000094 6263                   MOV         R6,R2
    00000096 72C9                   ADD         #-55,R2
    00000098 A004                   BRA         L21
    0000009A 0009                   NOP
    0000009C              L20:
    0000009C 66E0                   MOV.B       @R14,R6
    0000009E 626C                   EXTU.B      R6,R2
    000000A0 622C                   EXTU.B      R2,R2
    000000A2 72D0                   ADD         #-48,R2
    000000A4              L21:
    000000A4 6523                   MOV         R2,R5
    000000A6 D443                   MOV.L       L25+10,R4  ; H'00000002+_pri0031s
    000000A8 62C3                   MOV         R12,R2
    000000AA 6623                   MOV         R2,R6
    000000AC 4208                   SHLL2       R2
    000000AE 4208                   SHLL2       R2
    000000B0 4608                   SHLL2       R6
    000000B2 326C                   ADD         R6,R2
    000000B4 6023                   MOV         R2,R0
    000000B6 0454                   MOV.B       R5,@(R0,R4)
    000000B8 7E01                   ADD         #1,R14
    000000BA ED00                   MOV         #0,R13     ; H'00000000
    000000BC D53D                   MOV.L       L25+10,R5  ; H'00000002+_pri0031s
    000000BE 62C3                   MOV         R12,R2
    000000C0 6623                   MOV         R2,R6
    000000C2 4208                   SHLL2       R2
    000000C4 4208                   SHLL2       R2
    000000C6 4608                   SHLL2       R6
    000000C8 326C                   ADD         R6,R2
    000000CA 6023                   MOV         R2,R0
    000000CC 065C                   MOV.B       @(R0,R5),R6
    000000CE 626C                   EXTU.B      R6,R2
    000000D0 622C                   EXTU.B      R2,R2
    000000D2 3D23                   CMP/GE      R2,R13
    000000D4 8935                   BT          L22
    000000D6              L23:
    000000D6 64E3                   MOV         R14,R4
    000000D8 D337                   MOV.L       L25+14,R3  ; _htoc
    000000DA 430B                   JSR         @R3
    000000DC 0009                   NOP
    000000DE 6203                   MOV         R0,R2
    000000E0 642C                   EXTU.B      R2,R4
    000000E2 D534                   MOV.L       L25+10,R5  ; H'00000002+_pri0031s
    000000E4 7501                   ADD         #1,R5
    000000E6 62C3                   MOV         R12,R2
    000000E8 6623                   MOV         R2,R6
    000000EA 4208                   SHLL2       R2
    000000EC 4208                   SHLL2       R2
    000000EE 4608                   SHLL2       R6
    000000F0 326C                   ADD         R6,R2
    000000F2 66D3                   MOV         R13,R6
    000000F4 4600                   SHLL        R6
    000000F6 326C                   ADD         R6,R2
    000000F8 6023                   MOV         R2,R0
    000000FA 0544                   MOV.B       R4,@(R0,R5)
    000000FC 7E02                   ADD         #2,R14
    000000FE 64E3                   MOV         R14,R4
    00000100 D32D                   MOV.L       L25+14,R3  ; _htoc
    00000102 430B                   JSR         @R3
    00000104 0009                   NOP
    00000106 6203                   MOV         R0,R2
    00000108 642C                   EXTU.B      R2,R4
    0000010A D62A                   MOV.L       L25+10,R6  ; H'00000002+_pri0031s
    0000010C 7602                   ADD         #2,R6
    0000010E 62C3                   MOV         R12,R2
    00000110 6523                   MOV         R2,R5
    00000112 4208                   SHLL2       R2
    00000114 4208                   SHLL2       R2
    00000116 4508                   SHLL2       R5
    00000118 325C                   ADD         R5,R2
    0000011A 65D3                   MOV         R13,R5
    0000011C 4500                   SHLL        R5
    0000011E 325C                   ADD         R5,R2
    00000120 6023                   MOV         R2,R0
    00000122 0644                   MOV.B       R4,@(R0,R6)
    00000124 7E02                   ADD         #2,R14
    00000126 7D01                   ADD         #1,R13
    00000128 D522                   MOV.L       L25+10,R5  ; H'00000002+_pri0031s
    0000012A 62C3                   MOV         R12,R2
    0000012C 6623                   MOV         R2,R6
    0000012E 4208                   SHLL2       R2
    00000130 4208                   SHLL2       R2
    00000132 4608                   SHLL2       R6
    00000134 326C                   ADD         R6,R2
    00000136 6023                   MOV         R2,R0
    00000138 065C                   MOV.B       @(R0,R5),R6
    0000013A 626C                   EXTU.B      R6,R2
    0000013C 622C                   EXTU.B      R2,R2
    0000013E 3D23                   CMP/GE      R2,R13
    00000140 8BC9                   BF          L23
    00000142              L22:
    00000142 64E3                   MOV         R14,R4
    00000144 D31C                   MOV.L       L25+14,R3  ; _htoc
    00000146 430B                   JSR         @R3
    00000148 0009                   NOP
    0000014A 6203                   MOV         R0,R2
    0000014C 642C                   EXTU.B      R2,R4
    0000014E D519                   MOV.L       L25+10,R5  ; H'00000002+_pri0031s
    00000150 7511                   ADD         #17,R5
    00000152 62C3                   MOV         R12,R2
    00000154 6623                   MOV         R2,R6
    00000156 4208                   SHLL2       R2
    00000158 4208                   SHLL2       R2
    0000015A 4608                   SHLL2       R6
    0000015C 326C                   ADD         R6,R2
    0000015E 6023                   MOV         R2,R0
    00000160 0544                   MOV.B       R4,@(R0,R5)
    00000162 7E02                   ADD         #2,R14
    00000164 64E3                   MOV         R14,R4
    00000166 D315                   MOV.L       L25+18,R3  ; _htoi
    00000168 430B                   JSR         @R3
    0000016A 0009                   NOP
    0000016C 6203                   MOV         R0,R2
    0000016E 642D                   EXTU.W      R2,R4
    00000170 D610                   MOV.L       L25+10,R6  ; H'00000002+_pri0031s
    00000172 7612                   ADD         #18,R6
    00000174 62C3                   MOV         R12,R2
    00000176 6523                   MOV         R2,R5
    00000178 4208                   SHLL2       R2
    0000017A 4208                   SHLL2       R2
    0000017C 4508                   SHLL2       R5
    0000017E 325C                   ADD         R5,R2
    00000180 6023                   MOV         R2,R0
    00000182 0645                   MOV.W       R4,@(R0,R6)
    00000184 7E04                   ADD         #4,R14
    00000186 7C01                   ADD         #1,R12
    00000188 D309                   MOV.L       L25+6,R3   ; H'00000001+_pri0031s
    0000018A 6330                   MOV.B       @R3,R3
    0000018C 633C                   EXTU.B      R3,R3
    0000018E 6233                   MOV         R3,R2
    00000190 3C23                   CMP/GE      R2,R12
    00000192 8901                   BT          L27
    00000194 AF75                   BRA         L18
    00000196 0009                   NOP
    00000198              L27:
    00000198              L17:
    00000198 E200                   MOV         #0,R2      ; H'00000000
    0000019A 6023                   MOV         R2,R0
    0000019C 7F0C                   ADD         #12,R15
    0000019E 4F26                   LDS.L       @R15+,PR
    000001A0 6EF6                   MOV.L       @R15+,R14
    000001A2 6DF6                   MOV.L       @R15+,R13
    000001A4 6CF6                   MOV.L       @R15+,R12
    000001A6 000B                   RTS
    000001A8 0009                   NOP
    000001AA              L25:
    000001AA 00000002               .RES.W      1
    000001AC <00000000>             .DATA.L     _pri0031s
    000001B0 <00000001>             .DATA.L     H'00000001+_pri0031s
    000001B4 <00000002>             .DATA.L     H'00000002+_pri0031s
    000001B8 <00000000>             .DATA.L     _htoc
    000001BC <00000000>             .DATA.L     _htoi
B   00000000              _pri0031s:                       ; static: pri0031s
    00000000 00000002               .RES.W      81
SH SERIES C/C++ Compiler (Ver. checker(2003.03.17))                                              16-Nov-2009 12:33:16  PAGE    1


******** STATISTICS INFORMATION ********


********** ERROR INFORMATION ***********

NUMBER OF ERRORS:           0
NUMBER OF WARNINGS:         0
NUMBER OF INFORMATIONS:     0



******* SOURCE LINE INFORMATION ********

COMPILED SOURCE LINE:       71



******* SECTION SIZE INFORMATION *******

PROGRAM  SECTION (P):                               000001C0 Byte(s)
CONSTANT SECTION (C):                               00000000 Byte(s)
DATA     SECTION (D):                               00000000 Byte(s)
BSS      SECTION (B):                               000000A2 Byte(s)

TOTAL PROGRAM  SECTION: 000001C0 Byte(s)
TOTAL CONSTANT SECTION: 00000000 Byte(s)
TOTAL DATA     SECTION: 00000000 Byte(s)
TOTAL BSS      SECTION: 000000A2 Byte(s)

    TOTAL PROGRAM SIZE: 00000262 Byte(s)



********** LABEL INFORMATION ***********

NUMBER OF EXTERNAL REFERENCE SYMBOLS:            2
NUMBER OF EXTERNAL DEFINITION SYMBOLS:           2
NUMBER OF INTERNAL/EXTERNAL SYMBOLS:            17
*** COMMAND PARAMETER ***


  -cpu=sh3 -op=0 -en=big -me -debug -comment=nest -l -def=DEBUG -i=P:\PRESTO2\SHINC,C:\usr\local\SH\7_1_1\include,P:\PRESTO2\NORTI_12\inc pri0031.c 

