SH SERIES C/C++ Compiler (Ver. checker(2003.03.17))                                              16-Nov-2009 12:33:22  PAGE    1

************ OBJECT LISTING ************

FILE NAME: pri0053.c

SCT OFFSET   CODE       C LABEL     INSTRUCTION OPERAND    COMMENT

P   00000000              _pr_scan_archive:                ; function: pr_scan_archive
                                                           ; frame size=20
    00000000 2FD6                   MOV.L       R13,@-R15
    00000002 2FE6                   MOV.L       R14,@-R15
    00000004 4F22                   STS.L       PR,@-R15
    00000006 7FF8                   ADD         #-8,R15
    00000008 6E43                   MOV         R4,R14
    0000000A 84E5                   MOV.B       @(5,R14),R0
    0000000C 6603                   MOV         R0,R6
    0000000E 626C                   EXTU.B      R6,R2
    00000010 622C                   EXTU.B      R2,R2
    00000012 E339                   MOV         #57,R3     ; H'00000039
    00000014 3237                   CMP/GT      R3,R2
    00000016 8B07                   BF          L12
    00000018 84E5                   MOV.B       @(5,R14),R0
    0000001A 6203                   MOV         R0,R2
    0000001C 662C                   EXTU.B      R2,R6
    0000001E 666C                   EXTU.B      R6,R6
    00000020 6563                   MOV         R6,R5
    00000022 75C9                   ADD         #-55,R5
    00000024 A006                   BRA         L13
    00000026 0009                   NOP
    00000028              L12:
    00000028 84E5                   MOV.B       @(5,R14),R0
    0000002A 6603                   MOV         R0,R6
    0000002C 626C                   EXTU.B      R6,R2
    0000002E 622C                   EXTU.B      R2,R2
    00000030 6523                   MOV         R2,R5
    00000032 75D0                   ADD         #-48,R5
    00000034              L13:
    00000034 655C                   EXTU.B      R5,R5
    00000036 6253                   MOV         R5,R2
    00000038 6323                   MOV         R2,R3
    0000003A D12F                   MOV.L       L20+2,R1   ; _pri0053s
    0000003C 2132                   MOV.L       R3,@R1
    0000003E 64E3                   MOV         R14,R4
    00000040 7406                   ADD         #6,R4
    00000042 D32E                   MOV.L       L20+6,R3   ; _htoc
    00000044 430B                   JSR         @R3
    00000046 0009                   NOP
    00000048 6203                   MOV         R0,R2
    0000004A 632C                   EXTU.B      R2,R3
    0000004C D12C                   MOV.L       L20+10,R1  ; H'00000004+_pri0053s
    0000004E 2130                   MOV.B       R3,@R1
    00000050 64E3                   MOV         R14,R4
    00000052 7408                   ADD         #8,R4
    00000054 D32B                   MOV.L       L20+14,R3  ; _htoi
    00000056 430B                   JSR         @R3
    00000058 0009                   NOP
    0000005A 6203                   MOV         R0,R2
    0000005C 632D                   EXTU.W      R2,R3
    0000005E D12A                   MOV.L       L20+18,R1  ; H'00000006+_pri0053s
    00000060 2131                   MOV.W       R3,@R1
    00000062 64E3                   MOV         R14,R4
    00000064 740C                   ADD         #12,R4
    00000066 D325                   MOV.L       L20+6,R3   ; _htoc
    00000068 430B                   JSR         @R3
    0000006A 0009                   NOP
    0000006C 6203                   MOV         R0,R2
    0000006E 632C                   EXTU.B      R2,R3
    00000070 D126                   MOV.L       L20+22,R1  ; H'00000008+_pri0053s
    00000072 2130                   MOV.B       R3,@R1
    00000074 7E0E                   ADD         #14,R14
    00000076 ED00                   MOV         #0,R13     ; H'00000000
    00000078 D324                   MOV.L       L20+22,R3  ; H'00000008+_pri0053s
    0000007A 6330                   MOV.B       @R3,R3
    0000007C 633C                   EXTU.B      R3,R3
    0000007E 6533                   MOV         R3,R5
    00000080 3D53                   CMP/GE      R5,R13
    00000082 8930                   BT          L14
    00000084              L15:
    00000084 64E3                   MOV         R14,R4
    00000086 D31F                   MOV.L       L20+14,R3  ; _htoi
    00000088 430B                   JSR         @R3
    0000008A 0009                   NOP
    0000008C 6203                   MOV         R0,R2
    0000008E 662D                   EXTU.W      R2,R6
    00000090 D41F                   MOV.L       L20+26,R4  ; H'0000000C+_pri0053s
    00000092 65D3                   MOV         R13,R5
    00000094 6253                   MOV         R5,R2
    00000096 4208                   SHLL2       R2
    00000098 4200                   SHLL        R2
    0000009A 6023                   MOV         R2,R0
    0000009C 0465                   MOV.W       R6,@(R0,R4)
    0000009E 7E04                   ADD         #4,R14
    000000A0 62E0                   MOV.B       @R14,R2
    000000A2 662C                   EXTU.B      R2,R6
    000000A4 666C                   EXTU.B      R6,R6
    000000A6 E339                   MOV         #57,R3     ; H'00000039
    000000A8 3637                   CMP/GT      R3,R6
    000000AA 8B06                   BF          L17
    000000AC 62E0                   MOV.B       @R14,R2
    000000AE 662C                   EXTU.B      R2,R6
    000000B0 666C                   EXTU.B      R6,R6
    000000B2 6263                   MOV         R6,R2
    000000B4 72C9                   ADD         #-55,R2
    000000B6 A005                   BRA         L18
    000000B8 0009                   NOP
    000000BA              L17:
    000000BA 62E0                   MOV.B       @R14,R2
    000000BC 662C                   EXTU.B      R2,R6
    000000BE 666C                   EXTU.B      R6,R6
    000000C0 6263                   MOV         R6,R2
    000000C2 72D0                   ADD         #-48,R2
    000000C4              L18:
    000000C4 6523                   MOV         R2,R5
    000000C6 655C                   EXTU.B      R5,R5
    000000C8 D611                   MOV.L       L20+26,R6  ; H'0000000C+_pri0053s
    000000CA 7604                   ADD         #4,R6
    000000CC 62D3                   MOV         R13,R2
    000000CE 4208                   SHLL2       R2
    000000D0 4200                   SHLL        R2
    000000D2 6023                   MOV         R2,R0
    000000D4 0656                   MOV.L       R5,@(R0,R6)
    000000D6 7E01                   ADD         #1,R14
    000000D8 7D01                   ADD         #1,R13
    000000DA D30C                   MOV.L       L20+22,R3  ; H'00000008+_pri0053s
    000000DC 6330                   MOV.B       @R3,R3
    000000DE 633C                   EXTU.B      R3,R3
    000000E0 6233                   MOV         R3,R2
    000000E2 3D23                   CMP/GE      R2,R13
    000000E4 8BCE                   BF          L15
    000000E6              L14:
    000000E6 E200                   MOV         #0,R2      ; H'00000000
    000000E8 6023                   MOV         R2,R0
    000000EA 7F08                   ADD         #8,R15
    000000EC 4F26                   LDS.L       @R15+,PR
    000000EE 6EF6                   MOV.L       @R15+,R14
    000000F0 6DF6                   MOV.L       @R15+,R13
    000000F2 000B                   RTS
    000000F4 0009                   NOP
    000000F6              L20:
    000000F6 00000002               .RES.W      1
    000000F8 <00000000>             .DATA.L     _pri0053s
    000000FC <00000000>             .DATA.L     _htoc
    00000100 <00000004>             .DATA.L     H'00000004+_pri0053s
    00000104 <00000000>             .DATA.L     _htoi
    00000108 <00000006>             .DATA.L     H'00000006+_pri0053s
    0000010C <00000008>             .DATA.L     H'00000008+_pri0053s
    00000110 <0000000C>             .DATA.L     H'0000000C+_pri0053s
B   00000000              _pri0053s:                       ; static: pri0053s
    00000000 00000004               .RES.L      67
SH SERIES C/C++ Compiler (Ver. checker(2003.03.17))                                              16-Nov-2009 12:33:22  PAGE    1


******** STATISTICS INFORMATION ********


********** ERROR INFORMATION ***********

NUMBER OF ERRORS:           0
NUMBER OF WARNINGS:         0
NUMBER OF INFORMATIONS:     0



******* SOURCE LINE INFORMATION ********

COMPILED SOURCE LINE:       66



******* SECTION SIZE INFORMATION *******

PROGRAM  SECTION (P):                               00000114 Byte(s)
CONSTANT SECTION (C):                               00000000 Byte(s)
DATA     SECTION (D):                               00000000 Byte(s)
BSS      SECTION (B):                               0000010C Byte(s)

TOTAL PROGRAM  SECTION: 00000114 Byte(s)
TOTAL CONSTANT SECTION: 00000000 Byte(s)
TOTAL DATA     SECTION: 00000000 Byte(s)
TOTAL BSS      SECTION: 0000010C Byte(s)

    TOTAL PROGRAM SIZE: 00000220 Byte(s)



********** LABEL INFORMATION ***********

NUMBER OF EXTERNAL REFERENCE SYMBOLS:            2
NUMBER OF EXTERNAL DEFINITION SYMBOLS:           2
NUMBER OF INTERNAL/EXTERNAL SYMBOLS:            11
*** COMMAND PARAMETER ***


  -cpu=sh3 -op=0 -en=big -me -debug -comment=nest -l -def=DEBUG -i=P:\PRESTO2\SHINC,C:\usr\local\SH\7_1_1\include,P:\PRESTO2\NORTI_12\inc pri0053.c 

