SH SERIES C/C++ Compiler (Ver. checker(2003.03.17))                                              16-Nov-2009 12:33:04  PAGE    1

************ OBJECT LISTING ************

FILE NAME: pri0001.c

SCT OFFSET   CODE       C LABEL     INSTRUCTION OPERAND    COMMENT

P   00000000              _pr_scan_diag_data:              ; function: pr_scan_diag_data
                                                           ; frame size=32
    00000000 2FC6                   MOV.L       R12,@-R15
    00000002 2FD6                   MOV.L       R13,@-R15
    00000004 2FE6                   MOV.L       R14,@-R15
    00000006 4F22                   STS.L       PR,@-R15
    00000008 7FF0                   ADD         #-16,R15
    0000000A 6E43                   MOV         R4,R14
    0000000C E330                   MOV         #48,R3     ; H'00000030
    0000000E 6033                   MOV         R3,R0
    00000010 80FC                   MOV.B       R0,@(12,R15)
    00000012 84E5                   MOV.B       @(5,R14),R0
    00000014 6603                   MOV         R0,R6
    00000016 626C                   EXTU.B      R6,R2
    00000018 622C                   EXTU.B      R2,R2
    0000001A E339                   MOV         #57,R3     ; H'00000039
    0000001C 3237                   CMP/GT      R3,R2
    0000001E 8B07                   BF          L12
    00000020 84E5                   MOV.B       @(5,R14),R0
    00000022 6203                   MOV         R0,R2
    00000024 662C                   EXTU.B      R2,R6
    00000026 666C                   EXTU.B      R6,R6
    00000028 6263                   MOV         R6,R2
    0000002A 72C9                   ADD         #-55,R2
    0000002C A006                   BRA         L13
    0000002E 0009                   NOP
    00000030              L12:
    00000030 84E5                   MOV.B       @(5,R14),R0
    00000032 6203                   MOV         R0,R2
    00000034 662C                   EXTU.B      R2,R6
    00000036 666C                   EXTU.B      R6,R6
    00000038 6263                   MOV         R6,R2
    0000003A 72D0                   ADD         #-48,R2
    0000003C              L13:
    0000003C 6323                   MOV         R2,R3
    0000003E D1BE                   MOV.L       L37+2,R1   ; _pri0001s
    00000040 2130                   MOV.B       R3,@R1
    00000042 64E3                   MOV         R14,R4
    00000044 7406                   ADD         #6,R4
    00000046 D3BD                   MOV.L       L37+6,R3   ; _htoc
    00000048 430B                   JSR         @R3
    0000004A 0009                   NOP
    0000004C 6203                   MOV         R0,R2
    0000004E 632C                   EXTU.B      R2,R3
    00000050 D1BB                   MOV.L       L37+10,R1  ; H'00000001+_pri0001s
    00000052 2130                   MOV.B       R3,@R1
    00000054 64E3                   MOV         R14,R4
    00000056 7408                   ADD         #8,R4
    00000058 D3B8                   MOV.L       L37+6,R3   ; _htoc
    0000005A 430B                   JSR         @R3
    0000005C 0009                   NOP
    0000005E 6203                   MOV         R0,R2
    00000060 632C                   EXTU.B      R2,R3
    00000062 D1B8                   MOV.L       L37+14,R1  ; H'00000002+_pri0001s
    00000064 2130                   MOV.B       R3,@R1
    00000066 7E0A                   ADD         #10,R14
    00000068 D3B6                   MOV.L       L37+14,R3  ; H'00000002+_pri0001s
    0000006A 6330                   MOV.B       @R3,R3
    0000006C 633C                   EXTU.B      R3,R3
    0000006E 6233                   MOV         R3,R2
    00000070 6D23                   MOV         R2,R13
    00000072 D3B3                   MOV.L       L37+10,R3  ; H'00000001+_pri0001s
    00000074 6330                   MOV.B       @R3,R3
    00000076 633C                   EXTU.B      R3,R3
    00000078 6233                   MOV         R3,R2
    0000007A 72FF                   ADD         #-1,R2
    0000007C 6C23                   MOV         R2,R12
    0000007E 2DD8                   TST         R13,R13
    00000080 8928                   BT          L14
    00000082              L15:
    00000082 64E3                   MOV         R14,R4
    00000084 D3B0                   MOV.L       L37+18,R3  ; _htoi
    00000086 430B                   JSR         @R3
    00000088 0009                   NOP
    0000008A 6603                   MOV         R0,R6
    0000008C 626D                   EXTU.W      R6,R2
    0000008E D4AF                   MOV.L       L37+22,R4  ; H'00000004+_pri0001s
    00000090 65C3                   MOV         R12,R5
    00000092 6653                   MOV         R5,R6
    00000094 4608                   SHLL2       R6
    00000096 4600                   SHLL        R6
    00000098 6063                   MOV         R6,R0
    0000009A 0425                   MOV.W       R2,@(R0,R4)
    0000009C 7E04                   ADD         #4,R14
    0000009E 64F3                   MOV         R15,R4
    000000A0 740D                   ADD         #13,R4
    000000A2 E603                   MOV         #3,R6      ; H'00000003
    000000A4 65E3                   MOV         R14,R5
    000000A6 D3AA                   MOV.L       L37+26,R3  ; _memcpy
    000000A8 430B                   JSR         @R3
    000000AA 0009                   NOP
    000000AC 64F3                   MOV         R15,R4
    000000AE 740C                   ADD         #12,R4
    000000B0 D3A5                   MOV.L       L37+18,R3  ; _htoi
    000000B2 430B                   JSR         @R3
    000000B4 0009                   NOP
    000000B6 6603                   MOV         R0,R6
    000000B8 626D                   EXTU.W      R6,R2
    000000BA D5A4                   MOV.L       L37+22,R5  ; H'00000004+_pri0001s
    000000BC 7504                   ADD         #4,R5
    000000BE 64C3                   MOV         R12,R4
    000000C0 6643                   MOV         R4,R6
    000000C2 4608                   SHLL2       R6
    000000C4 4600                   SHLL        R6
    000000C6 622F                   EXTS.W      R2,R2
    000000C8 6063                   MOV         R6,R0
    000000CA 0526                   MOV.L       R2,@(R0,R5)
    000000CC 7E03                   ADD         #3,R14
    000000CE 4D10                   DT          R13
    000000D0 7C01                   ADD         #1,R12
    000000D2 8BD6                   BF          L15
    000000D4              L14:
    000000D4 D39B                   MOV.L       L37+14,R3  ; H'00000002+_pri0001s
    000000D6 6330                   MOV.B       @R3,R3
    000000D8 633C                   EXTU.B      R3,R3
    000000DA 6233                   MOV         R3,R2
    000000DC 6D23                   MOV         R2,R13
    000000DE D398                   MOV.L       L37+10,R3  ; H'00000001+_pri0001s
    000000E0 6330                   MOV.B       @R3,R3
    000000E2 633C                   EXTU.B      R3,R3
    000000E4 6233                   MOV         R3,R2
    000000E6 72FF                   ADD         #-1,R2
    000000E8 6C23                   MOV         R2,R12
    000000EA 2DD8                   TST         R13,R13
    000000EC 8929                   BT          L16
    000000EE              L17:
    000000EE 64E3                   MOV         R14,R4
    000000F0 D395                   MOV.L       L37+18,R3  ; _htoi
    000000F2 430B                   JSR         @R3
    000000F4 0009                   NOP
    000000F6 6203                   MOV         R0,R2
    000000F8 662D                   EXTU.W      R2,R6
    000000FA 6263                   MOV         R6,R2
    000000FC D495                   MOV.L       L37+30,R4  ; H'00000104+_pri0001s
    000000FE 65C3                   MOV         R12,R5
    00000100 6653                   MOV         R5,R6
    00000102 4608                   SHLL2       R6
    00000104 4600                   SHLL        R6
    00000106 6063                   MOV         R6,R0
    00000108 0425                   MOV.W       R2,@(R0,R4)
    0000010A 7E04                   ADD         #4,R14
    0000010C 64F3                   MOV         R15,R4
    0000010E 740D                   ADD         #13,R4
    00000110 E603                   MOV         #3,R6      ; H'00000003
    00000112 65E3                   MOV         R14,R5
    00000114 D38E                   MOV.L       L37+26,R3  ; _memcpy
    00000116 430B                   JSR         @R3
    00000118 0009                   NOP
    0000011A 64F3                   MOV         R15,R4
    0000011C 740C                   ADD         #12,R4
    0000011E D38A                   MOV.L       L37+18,R3  ; _htoi
    00000120 430B                   JSR         @R3
    00000122 0009                   NOP
    00000124 6603                   MOV         R0,R6
    00000126 626D                   EXTU.W      R6,R2
    00000128 D58A                   MOV.L       L37+30,R5  ; H'00000104+_pri0001s
    0000012A 7504                   ADD         #4,R5
    0000012C 64C3                   MOV         R12,R4
    0000012E 6643                   MOV         R4,R6
    00000130 4608                   SHLL2       R6
    00000132 4600                   SHLL        R6
    00000134 622F                   EXTS.W      R2,R2
    00000136 6063                   MOV         R6,R0
    00000138 0526                   MOV.L       R2,@(R0,R5)
    0000013A 7E03                   ADD         #3,R14
    0000013C 4D10                   DT          R13
    0000013E 7C01                   ADD         #1,R12
    00000140 8BD5                   BF          L17
    00000142              L16:
    00000142 D380                   MOV.L       L37+14,R3  ; H'00000002+_pri0001s
    00000144 6330                   MOV.B       @R3,R3
    00000146 633C                   EXTU.B      R3,R3
    00000148 6233                   MOV         R3,R2
    0000014A 6D23                   MOV         R2,R13
    0000014C D37C                   MOV.L       L37+10,R3  ; H'00000001+_pri0001s
    0000014E 6330                   MOV.B       @R3,R3
    00000150 633C                   EXTU.B      R3,R3
    00000152 6233                   MOV         R3,R2
    00000154 72FF                   ADD         #-1,R2
    00000156 6C23                   MOV         R2,R12
    00000158 2DD8                   TST         R13,R13
    0000015A 892A                   BT          L18
    0000015C              L19:
    0000015C 64E3                   MOV         R14,R4
    0000015E D37A                   MOV.L       L37+18,R3  ; _htoi
    00000160 430B                   JSR         @R3
    00000162 0009                   NOP
    00000164 6203                   MOV         R0,R2
    00000166 662D                   EXTU.W      R2,R6
    00000168 6263                   MOV         R6,R2
    0000016A D47B                   MOV.L       L37+34,R4  ; H'00000204+_pri0001s
    0000016C 65C3                   MOV         R12,R5
    0000016E 6653                   MOV         R5,R6
    00000170 4608                   SHLL2       R6
    00000172 4600                   SHLL        R6
    00000174 6063                   MOV         R6,R0
    00000176 0425                   MOV.W       R2,@(R0,R4)
    00000178 7E04                   ADD         #4,R14
    0000017A 64F3                   MOV         R15,R4
    0000017C 740D                   ADD         #13,R4
    0000017E E603                   MOV         #3,R6      ; H'00000003
    00000180 65E3                   MOV         R14,R5
    00000182 D373                   MOV.L       L37+26,R3  ; _memcpy
    00000184 430B                   JSR         @R3
    00000186 0009                   NOP
    00000188 64F3                   MOV         R15,R4
    0000018A 740C                   ADD         #12,R4
    0000018C D36E                   MOV.L       L37+18,R3  ; _htoi
    0000018E 430B                   JSR         @R3
    00000190 0009                   NOP
    00000192 6203                   MOV         R0,R2
    00000194 662D                   EXTU.W      R2,R6
    00000196 6263                   MOV         R6,R2
    00000198 D56F                   MOV.L       L37+34,R5  ; H'00000204+_pri0001s
    0000019A 7504                   ADD         #4,R5
    0000019C 64C3                   MOV         R12,R4
    0000019E 6643                   MOV         R4,R6
    000001A0 4608                   SHLL2       R6
    000001A2 4600                   SHLL        R6
    000001A4 622F                   EXTS.W      R2,R2
    000001A6 6063                   MOV         R6,R0
    000001A8 0526                   MOV.L       R2,@(R0,R5)
    000001AA 7E03                   ADD         #3,R14
    000001AC 4D10                   DT          R13
    000001AE 7C01                   ADD         #1,R12
    000001B0 8BD4                   BF          L19
    000001B2              L18:
    000001B2 D36A                   MOV.L       L37+38,R3  ; H'00000304+_pri0001s
    000001B4 6330                   MOV.B       @R3,R3
    000001B6 633C                   EXTU.B      R3,R3
    000001B8 6233                   MOV         R3,R2
    000001BA 6D23                   MOV         R2,R13
    000001BC D360                   MOV.L       L37+10,R3  ; H'00000001+_pri0001s
    000001BE 6330                   MOV.B       @R3,R3
    000001C0 633C                   EXTU.B      R3,R3
    000001C2 6233                   MOV         R3,R2
    000001C4 72FF                   ADD         #-1,R2
    000001C6 6C23                   MOV         R2,R12
    000001C8 2DD8                   TST         R13,R13
    000001CA 8928                   BT          L20
    000001CC              L21:
    000001CC 64E3                   MOV         R14,R4
    000001CE D35E                   MOV.L       L37+18,R3  ; _htoi
    000001D0 430B                   JSR         @R3
    000001D2 0009                   NOP
    000001D4 6603                   MOV         R0,R6
    000001D6 626D                   EXTU.W      R6,R2
    000001D8 D561                   MOV.L       L37+42,R5  ; H'00000308+_pri0001s
    000001DA 66C3                   MOV         R12,R6
    000001DC 4608                   SHLL2       R6
    000001DE 4600                   SHLL        R6
    000001E0 6063                   MOV         R6,R0
    000001E2 0525                   MOV.W       R2,@(R0,R5)
    000001E4 7E04                   ADD         #4,R14
    000001E6 64F3                   MOV         R15,R4
    000001E8 740D                   ADD         #13,R4
    000001EA E603                   MOV         #3,R6      ; H'00000003
    000001EC 65E3                   MOV         R14,R5
    000001EE D358                   MOV.L       L37+26,R3  ; _memcpy
    000001F0 430B                   JSR         @R3
    000001F2 0009                   NOP
    000001F4 64F3                   MOV         R15,R4
    000001F6 740C                   ADD         #12,R4
    000001F8 D353                   MOV.L       L37+18,R3  ; _htoi
    000001FA 430B                   JSR         @R3
    000001FC 0009                   NOP
    000001FE 6203                   MOV         R0,R2
    00000200 662D                   EXTU.W      R2,R6
    00000202 6263                   MOV         R6,R2
    00000204 D556                   MOV.L       L37+42,R5  ; H'00000308+_pri0001s
    00000206 7504                   ADD         #4,R5
    00000208 64C3                   MOV         R12,R4
    0000020A 6643                   MOV         R4,R6
    0000020C 4608                   SHLL2       R6
    0000020E 4600                   SHLL        R6
    00000210 622F                   EXTS.W      R2,R2
    00000212 6063                   MOV         R6,R0
    00000214 0526                   MOV.L       R2,@(R0,R5)
    00000216 7E03                   ADD         #3,R14
    00000218 4D10                   DT          R13
    0000021A 7C01                   ADD         #1,R12
    0000021C 8BD6                   BF          L21
    0000021E              L20:
    0000021E D34F                   MOV.L       L37+38,R3  ; H'00000304+_pri0001s
    00000220 6330                   MOV.B       @R3,R3
    00000222 633C                   EXTU.B      R3,R3
    00000224 6233                   MOV         R3,R2
    00000226 6D23                   MOV         R2,R13
    00000228 D345                   MOV.L       L37+10,R3  ; H'00000001+_pri0001s
    0000022A 6330                   MOV.B       @R3,R3
    0000022C 633C                   EXTU.B      R3,R3
    0000022E 6233                   MOV         R3,R2
    00000230 72FF                   ADD         #-1,R2
    00000232 6C23                   MOV         R2,R12
    00000234 2DD8                   TST         R13,R13
    00000236 8927                   BT          L22
    00000238              L23:
    00000238 64E3                   MOV         R14,R4
    0000023A D343                   MOV.L       L37+18,R3  ; _htoi
    0000023C 430B                   JSR         @R3
    0000023E 0009                   NOP
    00000240 6203                   MOV         R0,R2
    00000242 662D                   EXTU.W      R2,R6
    00000244 6263                   MOV         R6,R2
    00000246 D547                   MOV.L       L37+46,R5  ; H'00000408+_pri0001s
    00000248 66C3                   MOV         R12,R6
    0000024A 4608                   SHLL2       R6
    0000024C 4600                   SHLL        R6
    0000024E 6063                   MOV         R6,R0
    00000250 0525                   MOV.W       R2,@(R0,R5)
    00000252 7E04                   ADD         #4,R14
    00000254 64F3                   MOV         R15,R4
    00000256 740D                   ADD         #13,R4
    00000258 E603                   MOV         #3,R6      ; H'00000003
    0000025A 65E3                   MOV         R14,R5
    0000025C D33C                   MOV.L       L37+26,R3  ; _memcpy
    0000025E 430B                   JSR         @R3
    00000260 0009                   NOP
    00000262 64F3                   MOV         R15,R4
    00000264 740C                   ADD         #12,R4
    00000266 D338                   MOV.L       L37+18,R3  ; _htoi
    00000268 430B                   JSR         @R3
    0000026A 0009                   NOP
    0000026C 6603                   MOV         R0,R6
    0000026E 626D                   EXTU.W      R6,R2
    00000270 D53C                   MOV.L       L37+46,R5  ; H'00000408+_pri0001s
    00000272 7504                   ADD         #4,R5
    00000274 66C3                   MOV         R12,R6
    00000276 4608                   SHLL2       R6
    00000278 4600                   SHLL        R6
    0000027A 622F                   EXTS.W      R2,R2
    0000027C 6063                   MOV         R6,R0
    0000027E 0526                   MOV.L       R2,@(R0,R5)
    00000280 7E03                   ADD         #3,R14
    00000282 4D10                   DT          R13
    00000284 7C01                   ADD         #1,R12
    00000286 8BD7                   BF          L23
    00000288              L22:
    00000288 D334                   MOV.L       L37+38,R3  ; H'00000304+_pri0001s
    0000028A 6330                   MOV.B       @R3,R3
    0000028C 633C                   EXTU.B      R3,R3
    0000028E 6233                   MOV         R3,R2
    00000290 6D23                   MOV         R2,R13
    00000292 D32B                   MOV.L       L37+10,R3  ; H'00000001+_pri0001s
    00000294 6330                   MOV.B       @R3,R3
    00000296 633C                   EXTU.B      R3,R3
    00000298 6233                   MOV         R3,R2
    0000029A 72FF                   ADD         #-1,R2
    0000029C 6C23                   MOV         R2,R12
    0000029E 2DD8                   TST         R13,R13
    000002A0 8926                   BT          L24
    000002A2              L25:
    000002A2 64E3                   MOV         R14,R4
    000002A4 D328                   MOV.L       L37+18,R3  ; _htoi
    000002A6 430B                   JSR         @R3
    000002A8 0009                   NOP
    000002AA 6603                   MOV         R0,R6
    000002AC 626D                   EXTU.W      R6,R2
    000002AE D52E                   MOV.L       L37+50,R5  ; H'00000508+_pri0001s
    000002B0 66C3                   MOV         R12,R6
    000002B2 4608                   SHLL2       R6
    000002B4 4600                   SHLL        R6
    000002B6 6063                   MOV         R6,R0
    000002B8 0525                   MOV.W       R2,@(R0,R5)
    000002BA 7E04                   ADD         #4,R14
    000002BC 64F3                   MOV         R15,R4
    000002BE 740D                   ADD         #13,R4
    000002C0 E603                   MOV         #3,R6      ; H'00000003
    000002C2 65E3                   MOV         R14,R5
    000002C4 D322                   MOV.L       L37+26,R3  ; _memcpy
    000002C6 430B                   JSR         @R3
    000002C8 0009                   NOP
    000002CA 64F3                   MOV         R15,R4
    000002CC 740C                   ADD         #12,R4
    000002CE D31E                   MOV.L       L37+18,R3  ; _htoi
    000002D0 430B                   JSR         @R3
    000002D2 0009                   NOP
    000002D4 6603                   MOV         R0,R6
    000002D6 626D                   EXTU.W      R6,R2
    000002D8 D523                   MOV.L       L37+50,R5  ; H'00000508+_pri0001s
    000002DA 7504                   ADD         #4,R5
    000002DC 66C3                   MOV         R12,R6
    000002DE 4608                   SHLL2       R6
    000002E0 4600                   SHLL        R6
    000002E2 622F                   EXTS.W      R2,R2
    000002E4 6063                   MOV         R6,R0
    000002E6 0526                   MOV.L       R2,@(R0,R5)
    000002E8 7E03                   ADD         #3,R14
    000002EA 4D10                   DT          R13
    000002EC 7C01                   ADD         #1,R12
    000002EE 8BD8                   BF          L25
    000002F0              L24:
    000002F0 66E0                   MOV.B       @R14,R6
    000002F2 626C                   EXTU.B      R6,R2
    000002F4 622C                   EXTU.B      R2,R2
    000002F6 E339                   MOV         #57,R3     ; H'00000039
    000002F8 3237                   CMP/GT      R3,R2
    000002FA 8B06                   BF          L27
    000002FC 62E0                   MOV.B       @R14,R2
    000002FE 662C                   EXTU.B      R2,R6
    00000300 666C                   EXTU.B      R6,R6
    00000302 6263                   MOV         R6,R2
    00000304 72C9                   ADD         #-55,R2
    00000306 A005                   BRA         L28
    00000308 0009                   NOP
    0000030A              L27:
    0000030A 62E0                   MOV.B       @R14,R2
    0000030C 662C                   EXTU.B      R2,R6
    0000030E 666C                   EXTU.B      R6,R6
    00000310 6263                   MOV         R6,R2
    00000312 72D0                   ADD         #-48,R2
    00000314              L28:
    00000314 6323                   MOV         R2,R3
    00000316 D115                   MOV.L       L37+54,R1  ; H'00000608+_pri0001s
    00000318 2130                   MOV.B       R3,@R1
    0000031A 7E01                   ADD         #1,R14
    0000031C 62E0                   MOV.B       @R14,R2
    0000031E 662C                   EXTU.B      R2,R6
    00000320 666C                   EXTU.B      R6,R6
    00000322 E339                   MOV         #57,R3     ; H'00000039
    00000324 3637                   CMP/GT      R3,R6
    00000326 8B23                   BF          L30
    00000328 62E0                   MOV.B       @R14,R2
    0000032A 662C                   EXTU.B      R2,R6
    0000032C 666C                   EXTU.B      R6,R6
    0000032E 6263                   MOV         R6,R2
    00000330 72C9                   ADD         #-55,R2
    00000332 A022                   BRA         L31
    00000334 0009                   NOP
    00000336              L37:
    00000336 00000002               .RES.W      1
    00000338 <00000000>             .DATA.L     _pri0001s
    0000033C <00000000>             .DATA.L     _htoc
    00000340 <00000001>             .DATA.L     H'00000001+_pri0001s
    00000344 <00000002>             .DATA.L     H'00000002+_pri0001s
    00000348 <00000000>             .DATA.L     _htoi
    0000034C <00000004>             .DATA.L     H'00000004+_pri0001s
    00000350 <00000000>             .DATA.L     _memcpy
    00000354 <00000104>             .DATA.L     H'00000104+_pri0001s
    00000358 <00000204>             .DATA.L     H'00000204+_pri0001s
    0000035C <00000304>             .DATA.L     H'00000304+_pri0001s
    00000360 <00000308>             .DATA.L     H'00000308+_pri0001s
    00000364 <00000408>             .DATA.L     H'00000408+_pri0001s
    00000368 <00000508>             .DATA.L     H'00000508+_pri0001s
    0000036C <00000608>             .DATA.L     H'00000608+_pri0001s
    00000370              L30:
    00000370 62E0                   MOV.B       @R14,R2
    00000372 662C                   EXTU.B      R2,R6
    00000374 666C                   EXTU.B      R6,R6
    00000376 6263                   MOV         R6,R2
    00000378 72D0                   ADD         #-48,R2
    0000037A              L31:
    0000037A 6323                   MOV         R2,R3
    0000037C D131                   MOV.L       L38+2,R1   ; H'00000609+_pri0001s
    0000037E 2130                   MOV.B       R3,@R1
    00000380 7E01                   ADD         #1,R14
    00000382 D330                   MOV.L       L38+2,R3   ; H'00000609+_pri0001s
    00000384 6330                   MOV.B       @R3,R3
    00000386 633C                   EXTU.B      R3,R3
    00000388 6233                   MOV         R3,R2
    0000038A 6D23                   MOV         R2,R13
    0000038C D32E                   MOV.L       L38+6,R3   ; H'00000608+_pri0001s
    0000038E 6330                   MOV.B       @R3,R3
    00000390 633C                   EXTU.B      R3,R3
    00000392 6233                   MOV         R3,R2
    00000394 72FF                   ADD         #-1,R2
    00000396 6C23                   MOV         R2,R12
    00000398 2DD8                   TST         R13,R13
    0000039A 8926                   BT          L32
    0000039C              L33:
    0000039C 64E3                   MOV         R14,R4
    0000039E D32B                   MOV.L       L38+10,R3  ; _htoi
    000003A0 430B                   JSR         @R3
    000003A2 0009                   NOP
    000003A4 6603                   MOV         R0,R6
    000003A6 626D                   EXTU.W      R6,R2
    000003A8 D529                   MOV.L       L38+14,R5  ; H'0000060C+_pri0001s
    000003AA 66C3                   MOV         R12,R6
    000003AC 4608                   SHLL2       R6
    000003AE 4600                   SHLL        R6
    000003B0 6063                   MOV         R6,R0
    000003B2 0525                   MOV.W       R2,@(R0,R5)
    000003B4 7E04                   ADD         #4,R14
    000003B6 64F3                   MOV         R15,R4
    000003B8 740D                   ADD         #13,R4
    000003BA E603                   MOV         #3,R6      ; H'00000003
    000003BC 65E3                   MOV         R14,R5
    000003BE D325                   MOV.L       L38+18,R3  ; _memcpy
    000003C0 430B                   JSR         @R3
    000003C2 0009                   NOP
    000003C4 64F3                   MOV         R15,R4
    000003C6 740C                   ADD         #12,R4
    000003C8 D320                   MOV.L       L38+10,R3  ; _htoi
    000003CA 430B                   JSR         @R3
    000003CC 0009                   NOP
    000003CE 6603                   MOV         R0,R6
    000003D0 626D                   EXTU.W      R6,R2
    000003D2 D51F                   MOV.L       L38+14,R5  ; H'0000060C+_pri0001s
    000003D4 7504                   ADD         #4,R5
    000003D6 66C3                   MOV         R12,R6
    000003D8 4608                   SHLL2       R6
    000003DA 4600                   SHLL        R6
    000003DC 622F                   EXTS.W      R2,R2
    000003DE 6063                   MOV         R6,R0
    000003E0 0526                   MOV.L       R2,@(R0,R5)
    000003E2 7E03                   ADD         #3,R14
    000003E4 4D10                   DT          R13
    000003E6 7C01                   ADD         #1,R12
    000003E8 8BD8                   BF          L33
    000003EA              L32:
    000003EA 64E3                   MOV         R14,R4
    000003EC D31A                   MOV.L       L38+22,R3  ; _htoc
    000003EE 430B                   JSR         @R3
    000003F0 0009                   NOP
    000003F2 6203                   MOV         R0,R2
    000003F4 632C                   EXTU.B      R2,R3
    000003F6 D119                   MOV.L       L38+26,R1  ; H'0000064C+_pri0001s
    000003F8 2130                   MOV.B       R3,@R1
    000003FA 7E02                   ADD         #2,R14
    000003FC ED00                   MOV         #0,R13     ; H'00000000
    000003FE D317                   MOV.L       L38+26,R3  ; H'0000064C+_pri0001s
    00000400 6330                   MOV.B       @R3,R3
    00000402 633C                   EXTU.B      R3,R3
    00000404 6233                   MOV         R3,R2
    00000406 3D23                   CMP/GE      R2,R13
    00000408 8912                   BT          L34
    0000040A              L35:
    0000040A 64E3                   MOV         R14,R4
    0000040C D30F                   MOV.L       L38+10,R3  ; _htoi
    0000040E 430B                   JSR         @R3
    00000410 0009                   NOP
    00000412 6203                   MOV         R0,R2
    00000414 662D                   EXTU.W      R2,R6
    00000416 D512                   MOV.L       L38+30,R5  ; H'0000064E+_pri0001s
    00000418 62D3                   MOV         R13,R2
    0000041A 4200                   SHLL        R2
    0000041C 6023                   MOV         R2,R0
    0000041E 0565                   MOV.W       R6,@(R0,R5)
    00000420 7E04                   ADD         #4,R14
    00000422 7D01                   ADD         #1,R13
    00000424 D30D                   MOV.L       L38+26,R3  ; H'0000064C+_pri0001s
    00000426 6330                   MOV.B       @R3,R3
    00000428 633C                   EXTU.B      R3,R3
    0000042A 6233                   MOV         R3,R2
    0000042C 3D23                   CMP/GE      R2,R13
    0000042E 8BEC                   BF          L35
    00000430              L34:
    00000430 E200                   MOV         #0,R2      ; H'00000000
    00000432 6023                   MOV         R2,R0
    00000434 7F10                   ADD         #16,R15
    00000436 4F26                   LDS.L       @R15+,PR
    00000438 6EF6                   MOV.L       @R15+,R14
    0000043A 6DF6                   MOV.L       @R15+,R13
    0000043C 6CF6                   MOV.L       @R15+,R12
    0000043E 000B                   RTS
    00000440 0009                   NOP
    00000442              L38:
    00000442 00000002               .RES.W      1
    00000444 <00000609>             .DATA.L     H'00000609+_pri0001s
    00000448 <00000608>             .DATA.L     H'00000608+_pri0001s
    0000044C <00000000>             .DATA.L     _htoi
    00000450 <0000060C>             .DATA.L     H'0000060C+_pri0001s
    00000454 <00000000>             .DATA.L     _memcpy
    00000458 <00000000>             .DATA.L     _htoc
    0000045C <0000064C>             .DATA.L     H'0000064C+_pri0001s
    00000460 <0000064E>             .DATA.L     H'0000064E+_pri0001s
B   00000000              _pri0001s:                       ; static: pri0001s
    00000000 00000004               .RES.L      412
SH SERIES C/C++ Compiler (Ver. checker(2003.03.17))                                              16-Nov-2009 12:33:04  PAGE    1


******** STATISTICS INFORMATION ********


********** ERROR INFORMATION ***********

NUMBER OF ERRORS:           0
NUMBER OF WARNINGS:         0
NUMBER OF INFORMATIONS:     0



******* SOURCE LINE INFORMATION ********

COMPILED SOURCE LINE:      121



******* SECTION SIZE INFORMATION *******

PROGRAM  SECTION (P):                               00000464 Byte(s)
CONSTANT SECTION (C):                               00000000 Byte(s)
DATA     SECTION (D):                               00000000 Byte(s)
BSS      SECTION (B):                               00000670 Byte(s)

TOTAL PROGRAM  SECTION: 00000464 Byte(s)
TOTAL CONSTANT SECTION: 00000000 Byte(s)
TOTAL DATA     SECTION: 00000000 Byte(s)
TOTAL BSS      SECTION: 00000670 Byte(s)

    TOTAL PROGRAM SIZE: 00000AD4 Byte(s)



********** LABEL INFORMATION ***********

NUMBER OF EXTERNAL REFERENCE SYMBOLS:            3
NUMBER OF EXTERNAL DEFINITION SYMBOLS:           2
NUMBER OF INTERNAL/EXTERNAL SYMBOLS:            29
*** COMMAND PARAMETER ***


  -cpu=sh3 -op=0 -en=big -me -debug -comment=nest -l -def=DEBUG -i=P:\PRESTO2\SHINC,C:\usr\local\SH\7_1_1\include,P:\PRESTO2\NORTI_12\inc pri0001.c 

