SH SERIES C/C++ Compiler (Ver. checker(2003.03.17))                                              16-Nov-2009 12:33:33  PAGE    1

************ OBJECT LISTING ************

FILE NAME: prr0025.c

SCT OFFSET   CODE       C LABEL     INSTRUCTION OPERAND    COMMENT

P   00000000              _pr_scan_req_prgno:              ; function: pr_scan_req_prgno
                                                           ; frame size=4
    00000000 4F22                   STS.L       PR,@-R15
    00000002 8445                   MOV.B       @(5,R4),R0
    00000004 6203                   MOV         R0,R2
    00000006 662C                   EXTU.B      R2,R6
    00000008 666C                   EXTU.B      R6,R6
    0000000A E339                   MOV         #57,R3     ; H'00000039
    0000000C 3637                   CMP/GT      R3,R6
    0000000E 8B07                   BF          L12
    00000010 8445                   MOV.B       @(5,R4),R0
    00000012 6203                   MOV         R0,R2
    00000014 662C                   EXTU.B      R2,R6
    00000016 666C                   EXTU.B      R6,R6
    00000018 6263                   MOV         R6,R2
    0000001A 72C9                   ADD         #-55,R2
    0000001C A006                   BRA         L13
    0000001E 0009                   NOP
    00000020              L12:
    00000020 8445                   MOV.B       @(5,R4),R0
    00000022 6203                   MOV         R0,R2
    00000024 662C                   EXTU.B      R2,R6
    00000026 666C                   EXTU.B      R6,R6
    00000028 6263                   MOV         R6,R2
    0000002A 72D0                   ADD         #-48,R2
    0000002C              L13:
    0000002C 6623                   MOV         R2,R6
    0000002E 666C                   EXTU.B      R6,R6
    00000030 6363                   MOV         R6,R3
    00000032 D114                   MOV.L       L18+2,R1   ; _prr0025s
    00000034 2132                   MOV.L       R3,@R1
    00000036 8446                   MOV.B       @(6,R4),R0
    00000038 6603                   MOV         R0,R6
    0000003A 626C                   EXTU.B      R6,R2
    0000003C 622C                   EXTU.B      R2,R2
    0000003E E339                   MOV         #57,R3     ; H'00000039
    00000040 3237                   CMP/GT      R3,R2
    00000042 8B07                   BF          L15
    00000044 8446                   MOV.B       @(6,R4),R0
    00000046 6203                   MOV         R0,R2
    00000048 662C                   EXTU.B      R2,R6
    0000004A 666C                   EXTU.B      R6,R6
    0000004C 6263                   MOV         R6,R2
    0000004E 72C9                   ADD         #-55,R2
    00000050 A006                   BRA         L16
    00000052 0009                   NOP
    00000054              L15:
    00000054 8446                   MOV.B       @(6,R4),R0
    00000056 6203                   MOV         R0,R2
    00000058 662C                   EXTU.B      R2,R6
    0000005A 666C                   EXTU.B      R6,R6
    0000005C 6263                   MOV         R6,R2
    0000005E 72D0                   ADD         #-48,R2
    00000060              L16:
    00000060 6623                   MOV         R2,R6
    00000062 6363                   MOV         R6,R3
    00000064 D108                   MOV.L       L18+6,R1   ; H'00000004+_prr0025s
    00000066 2130                   MOV.B       R3,@R1
    00000068 7407                   ADD         #7,R4
    0000006A D308                   MOV.L       L18+10,R3  ; _htoc
    0000006C 430B                   JSR         @R3
    0000006E 0009                   NOP
    00000070 6203                   MOV         R0,R2
    00000072 632C                   EXTU.B      R2,R3
    00000074 D106                   MOV.L       L18+14,R1  ; H'00000005+_prr0025s
    00000076 2130                   MOV.B       R3,@R1
    00000078 E200                   MOV         #0,R2      ; H'00000000
    0000007A 6023                   MOV         R2,R0
    0000007C 4F26                   LDS.L       @R15+,PR
    0000007E 000B                   RTS
    00000080 0009                   NOP
    00000082              L18:
    00000082 00000002               .RES.W      1
    00000084 <00000000>             .DATA.L     _prr0025s
    00000088 <00000004>             .DATA.L     H'00000004+_prr0025s
    0000008C <00000000>             .DATA.L     _htoc
    00000090 <00000005>             .DATA.L     H'00000005+_prr0025s
B   00000000              _prr0025s:                       ; static: prr0025s
    00000000 00000004               .RES.L      2
SH SERIES C/C++ Compiler (Ver. checker(2003.03.17))                                              16-Nov-2009 12:33:33  PAGE    1


******** STATISTICS INFORMATION ********


********** ERROR INFORMATION ***********

NUMBER OF ERRORS:           0
NUMBER OF WARNINGS:         0
NUMBER OF INFORMATIONS:     0



******* SOURCE LINE INFORMATION ********

COMPILED SOURCE LINE:       54



******* SECTION SIZE INFORMATION *******

PROGRAM  SECTION (P):                               00000094 Byte(s)
CONSTANT SECTION (C):                               00000000 Byte(s)
DATA     SECTION (D):                               00000000 Byte(s)
BSS      SECTION (B):                               00000008 Byte(s)

TOTAL PROGRAM  SECTION: 00000094 Byte(s)
TOTAL CONSTANT SECTION: 00000000 Byte(s)
TOTAL DATA     SECTION: 00000000 Byte(s)
TOTAL BSS      SECTION: 00000008 Byte(s)

    TOTAL PROGRAM SIZE: 0000009C Byte(s)



********** LABEL INFORMATION ***********

NUMBER OF EXTERNAL REFERENCE SYMBOLS:            1
NUMBER OF EXTERNAL DEFINITION SYMBOLS:           2
NUMBER OF INTERNAL/EXTERNAL SYMBOLS:             8
*** COMMAND PARAMETER ***


  -cpu=sh3 -op=0 -en=big -me -debug -comment=nest -l -def=DEBUG -i=P:\PRESTO2\SHINC,C:\usr\local\SH\7_1_1\include,P:\PRESTO2\NORTI_12\inc prr0025.c 

