SH SERIES C/C++ Compiler (Ver. checker(2003.03.17))                                              16-Nov-2009 12:33:35  PAGE    1

************ OBJECT LISTING ************

FILE NAME: prr0030.c

SCT OFFSET   CODE       C LABEL     INSTRUCTION OPERAND    COMMENT

P   00000000              _pr_print_hop_spec2:             ; function: pr_print_hop_spec2
                                                           ; frame size=24
    00000000 2FC6                   MOV.L       R12,@-R15
    00000002 2FD6                   MOV.L       R13,@-R15
    00000004 2FE6                   MOV.L       R14,@-R15
    00000006 4F22                   STS.L       PR,@-R15
    00000008 7FF8                   ADD         #-8,R15
    0000000A 6D53                   MOV         R5,R13
    0000000C 6243                   MOV         R4,R2
    0000000E 7205                   ADD         #5,R2
    00000010 6E23                   MOV         R2,R14
    00000012 62D0                   MOV.B       @R13,R2
    00000014 642C                   EXTU.B      R2,R4
    00000016 65E3                   MOV         R14,R5
    00000018 644C                   EXTU.B      R4,R4
    0000001A D3B2                   MOV.L       L34+2,R3   ; _ctoh
    0000001C 430B                   JSR         @R3
    0000001E 0009                   NOP
    00000020 7E02                   ADD         #2,R14
    00000022 54D1                   MOV.L       @(4,R13),R4
    00000024 65E3                   MOV         R14,R5
    00000026 D3B0                   MOV.L       L34+6,R3   ; _ltoh
    00000028 430B                   JSR         @R3
    0000002A 0009                   NOP
    0000002C 7E08                   ADD         #8,R14
    0000002E 85D4                   MOV.W       @(8,R13),R0
    00000030 6203                   MOV         R0,R2
    00000032 65E3                   MOV         R14,R5
    00000034 642D                   EXTU.W      R2,R4
    00000036 D3AD                   MOV.L       L34+10,R3  ; _itoh
    00000038 430B                   JSR         @R3
    0000003A 0009                   NOP
    0000003C 7E04                   ADD         #4,R14
    0000003E 52D3                   MOV.L       @(12,R13),R2
    00000040 E309                   MOV         #9,R3      ; H'00000009
    00000042 3237                   CMP/GT      R3,R2
    00000044 8B03                   BF          L12
    00000046 52D3                   MOV.L       @(12,R13),R2
    00000048 7237                   ADD         #55,R2
    0000004A A002                   BRA         L13
    0000004C 0009                   NOP
    0000004E              L12:
    0000004E 52D3                   MOV.L       @(12,R13),R2
    00000050 7230                   ADD         #48,R2
    00000052              L13:
    00000052 2E20                   MOV.B       R2,@R14
    00000054 7E01                   ADD         #1,R14
    00000056 E010                   MOV         #16,R0     ; H'00000010
    00000058 06DC                   MOV.B       @(R0,R13),R6
    0000005A 626C                   EXTU.B      R6,R2
    0000005C 622C                   EXTU.B      R2,R2
    0000005E E309                   MOV         #9,R3      ; H'00000009
    00000060 3237                   CMP/GT      R3,R2
    00000062 8B07                   BF          L15
    00000064 E010                   MOV         #16,R0     ; H'00000010
    00000066 02DC                   MOV.B       @(R0,R13),R2
    00000068 662C                   EXTU.B      R2,R6
    0000006A 666C                   EXTU.B      R6,R6
    0000006C 6263                   MOV         R6,R2
    0000006E 7237                   ADD         #55,R2
    00000070 A006                   BRA         L16
    00000072 0009                   NOP
    00000074              L15:
    00000074 E010                   MOV         #16,R0     ; H'00000010
    00000076 02DC                   MOV.B       @(R0,R13),R2
    00000078 662C                   EXTU.B      R2,R6
    0000007A 666C                   EXTU.B      R6,R6
    0000007C 6263                   MOV         R6,R2
    0000007E 7230                   ADD         #48,R2
    00000080              L16:
    00000080 2E20                   MOV.B       R2,@R14
    00000082 7E01                   ADD         #1,R14
    00000084 52D5                   MOV.L       @(20,R13),R2
    00000086 E309                   MOV         #9,R3      ; H'00000009
    00000088 3237                   CMP/GT      R3,R2
    0000008A 8B03                   BF          L18
    0000008C 52D5                   MOV.L       @(20,R13),R2
    0000008E 7237                   ADD         #55,R2
    00000090 A002                   BRA         L19
    00000092 0009                   NOP
    00000094              L18:
    00000094 52D5                   MOV.L       @(20,R13),R2
    00000096 7230                   ADD         #48,R2
    00000098              L19:
    00000098 2E20                   MOV.B       R2,@R14
    0000009A 7E01                   ADD         #1,R14
    0000009C 52D6                   MOV.L       @(24,R13),R2
    0000009E E309                   MOV         #9,R3      ; H'00000009
    000000A0 3237                   CMP/GT      R3,R2
    000000A2 8B03                   BF          L21
    000000A4 52D6                   MOV.L       @(24,R13),R2
    000000A6 7237                   ADD         #55,R2
    000000A8 A002                   BRA         L22
    000000AA 0009                   NOP
    000000AC              L21:
    000000AC 52D6                   MOV.L       @(24,R13),R2
    000000AE 7230                   ADD         #48,R2
    000000B0              L22:
    000000B0 2E20                   MOV.B       R2,@R14
    000000B2 7E01                   ADD         #1,R14
    000000B4 52D6                   MOV.L       @(24,R13),R2
    000000B6 2228                   TST         R2,R2
    000000B8 8901                   BT          L35
    000000BA A0DF                   BRA         L24
    000000BC 0009                   NOP
    000000BE              L35:
    000000BE 52D7                   MOV.L       @(28,R13),R2
    000000C0 E309                   MOV         #9,R3      ; H'00000009
    000000C2 3237                   CMP/GT      R3,R2
    000000C4 8B03                   BF          L26
    000000C6 52D7                   MOV.L       @(28,R13),R2
    000000C8 7237                   ADD         #55,R2
    000000CA A002                   BRA         L27
    000000CC 0009                   NOP
    000000CE              L26:
    000000CE 52D7                   MOV.L       @(28,R13),R2
    000000D0 7230                   ADD         #48,R2
    000000D2              L27:
    000000D2 2E20                   MOV.B       R2,@R14
    000000D4 7E01                   ADD         #1,R14
    000000D6 E020                   MOV         #32,R0     ; H'00000020
    000000D8 02DD                   MOV.W       @(R0,R13),R2
    000000DA 65E3                   MOV         R14,R5
    000000DC 642D                   EXTU.W      R2,R4
    000000DE D383                   MOV.L       L34+10,R3  ; _itoh
    000000E0 430B                   JSR         @R3
    000000E2 0009                   NOP
    000000E4 7E04                   ADD         #4,R14
    000000E6 E022                   MOV         #34,R0     ; H'00000022
    000000E8 02DD                   MOV.W       @(R0,R13),R2
    000000EA 65E3                   MOV         R14,R5
    000000EC 642D                   EXTU.W      R2,R4
    000000EE D37F                   MOV.L       L34+10,R3  ; _itoh
    000000F0 430B                   JSR         @R3
    000000F2 0009                   NOP
    000000F4 7E04                   ADD         #4,R14
    000000F6 E024                   MOV         #36,R0     ; H'00000024
    000000F8 02DC                   MOV.B       @(R0,R13),R2
    000000FA 642C                   EXTU.B      R2,R4
    000000FC 65E3                   MOV         R14,R5
    000000FE 644C                   EXTU.B      R4,R4
    00000100 D378                   MOV.L       L34+2,R3   ; _ctoh
    00000102 430B                   JSR         @R3
    00000104 0009                   NOP
    00000106 7E02                   ADD         #2,R14
    00000108 52DA                   MOV.L       @(40,R13),R2
    0000010A E309                   MOV         #9,R3      ; H'00000009
    0000010C 3237                   CMP/GT      R3,R2
    0000010E 8B03                   BF          L29
    00000110 52DA                   MOV.L       @(40,R13),R2
    00000112 7237                   ADD         #55,R2
    00000114 A002                   BRA         L30
    00000116 0009                   NOP
    00000118              L29:
    00000118 52DA                   MOV.L       @(40,R13),R2
    0000011A 7230                   ADD         #48,R2
    0000011C              L30:
    0000011C 2E20                   MOV.B       R2,@R14
    0000011E 7E01                   ADD         #1,R14
    00000120 E02C                   MOV         #44,R0     ; H'0000002C
    00000122 02DC                   MOV.B       @(R0,R13),R2
    00000124 642C                   EXTU.B      R2,R4
    00000126 65E3                   MOV         R14,R5
    00000128 644C                   EXTU.B      R4,R4
    0000012A D36E                   MOV.L       L34+2,R3   ; _ctoh
    0000012C 430B                   JSR         @R3
    0000012E 0009                   NOP
    00000130 7E02                   ADD         #2,R14
    00000132 E02D                   MOV         #45,R0     ; H'0000002D
    00000134 02DC                   MOV.B       @(R0,R13),R2
    00000136 642C                   EXTU.B      R2,R4
    00000138 65E3                   MOV         R14,R5
    0000013A 644C                   EXTU.B      R4,R4
    0000013C D369                   MOV.L       L34+2,R3   ; _ctoh
    0000013E 430B                   JSR         @R3
    00000140 0009                   NOP
    00000142 7E02                   ADD         #2,R14
    00000144 E02E                   MOV         #46,R0     ; H'0000002E
    00000146 02DC                   MOV.B       @(R0,R13),R2
    00000148 642C                   EXTU.B      R2,R4
    0000014A 65E3                   MOV         R14,R5
    0000014C 644C                   EXTU.B      R4,R4
    0000014E D365                   MOV.L       L34+2,R3   ; _ctoh
    00000150 430B                   JSR         @R3
    00000152 0009                   NOP
    00000154 7E02                   ADD         #2,R14
    00000156 E02F                   MOV         #47,R0     ; H'0000002F
    00000158 02DC                   MOV.B       @(R0,R13),R2
    0000015A 642C                   EXTU.B      R2,R4
    0000015C 65E3                   MOV         R14,R5
    0000015E 644C                   EXTU.B      R4,R4
    00000160 D360                   MOV.L       L34+2,R3   ; _ctoh
    00000162 430B                   JSR         @R3
    00000164 0009                   NOP
    00000166 7E02                   ADD         #2,R14
    00000168 E030                   MOV         #48,R0     ; H'00000030
    0000016A 04DD                   MOV.W       @(R0,R13),R4
    0000016C 65E3                   MOV         R14,R5
    0000016E 644D                   EXTU.W      R4,R4
    00000170 D35E                   MOV.L       L34+10,R3  ; _itoh
    00000172 430B                   JSR         @R3
    00000174 0009                   NOP
    00000176 7E04                   ADD         #4,R14
    00000178 E032                   MOV         #50,R0     ; H'00000032
    0000017A 04DD                   MOV.W       @(R0,R13),R4
    0000017C 65E3                   MOV         R14,R5
    0000017E 644D                   EXTU.W      R4,R4
    00000180 D35A                   MOV.L       L34+10,R3  ; _itoh
    00000182 430B                   JSR         @R3
    00000184 0009                   NOP
    00000186 7E04                   ADD         #4,R14
    00000188 E034                   MOV         #52,R0     ; H'00000034
    0000018A 04DD                   MOV.W       @(R0,R13),R4
    0000018C 65E3                   MOV         R14,R5
    0000018E 644D                   EXTU.W      R4,R4
    00000190 D356                   MOV.L       L34+10,R3  ; _itoh
    00000192 430B                   JSR         @R3
    00000194 0009                   NOP
    00000196 7E04                   ADD         #4,R14
    00000198 EC00                   MOV         #0,R12     ; H'00000000
    0000019A E02E                   MOV         #46,R0     ; H'0000002E
    0000019C 06DC                   MOV.B       @(R0,R13),R6
    0000019E 626C                   EXTU.B      R6,R2
    000001A0 622C                   EXTU.B      R2,R2
    000001A2 3C23                   CMP/GE      R2,R12
    000001A4 8B01                   BF          L36
    000001A6 A094                   BRA         L31
    000001A8 0009                   NOP
    000001AA              L36:
    000001AA              L32:
    000001AA 62C3                   MOV         R12,R2
    000001AC 6623                   MOV         R2,R6
    000001AE 4208                   SHLL2       R2
    000001B0 4200                   SHLL        R2
    000001B2 4608                   SHLL2       R6
    000001B4 326C                   ADD         R6,R2
    000001B6 66D3                   MOV         R13,R6
    000001B8 7636                   ADD         #54,R6
    000001BA 6023                   MOV         R2,R0
    000001BC 046D                   MOV.W       @(R0,R6),R4
    000001BE 65E3                   MOV         R14,R5
    000001C0 644D                   EXTU.W      R4,R4
    000001C2 D34A                   MOV.L       L34+10,R3  ; _itoh
    000001C4 430B                   JSR         @R3
    000001C6 0009                   NOP
    000001C8 7E04                   ADD         #4,R14
    000001CA 62C3                   MOV         R12,R2
    000001CC 6623                   MOV         R2,R6
    000001CE 4208                   SHLL2       R2
    000001D0 4200                   SHLL        R2
    000001D2 4608                   SHLL2       R6
    000001D4 326C                   ADD         R6,R2
    000001D6 66D3                   MOV         R13,R6
    000001D8 7638                   ADD         #56,R6
    000001DA 6023                   MOV         R2,R0
    000001DC 046D                   MOV.W       @(R0,R6),R4
    000001DE 65E3                   MOV         R14,R5
    000001E0 644D                   EXTU.W      R4,R4
    000001E2 D342                   MOV.L       L34+10,R3  ; _itoh
    000001E4 430B                   JSR         @R3
    000001E6 0009                   NOP
    000001E8 7E04                   ADD         #4,R14
    000001EA 62C3                   MOV         R12,R2
    000001EC 6623                   MOV         R2,R6
    000001EE 4208                   SHLL2       R2
    000001F0 4200                   SHLL        R2
    000001F2 4608                   SHLL2       R6
    000001F4 326C                   ADD         R6,R2
    000001F6 66D3                   MOV         R13,R6
    000001F8 763A                   ADD         #58,R6
    000001FA 6023                   MOV         R2,R0
    000001FC 046D                   MOV.W       @(R0,R6),R4
    000001FE 65E3                   MOV         R14,R5
    00000200 644D                   EXTU.W      R4,R4
    00000202 D33A                   MOV.L       L34+10,R3  ; _itoh
    00000204 430B                   JSR         @R3
    00000206 0009                   NOP
    00000208 7E04                   ADD         #4,R14
    0000020A 62C3                   MOV         R12,R2
    0000020C 6623                   MOV         R2,R6
    0000020E 4208                   SHLL2       R2
    00000210 4200                   SHLL        R2
    00000212 4608                   SHLL2       R6
    00000214 326C                   ADD         R6,R2
    00000216 66D3                   MOV         R13,R6
    00000218 763C                   ADD         #60,R6
    0000021A 6023                   MOV         R2,R0
    0000021C 046D                   MOV.W       @(R0,R6),R4
    0000021E 65E3                   MOV         R14,R5
    00000220 644D                   EXTU.W      R4,R4
    00000222 D332                   MOV.L       L34+10,R3  ; _itoh
    00000224 430B                   JSR         @R3
    00000226 0009                   NOP
    00000228 7E04                   ADD         #4,R14
    0000022A 62C3                   MOV         R12,R2
    0000022C 6623                   MOV         R2,R6
    0000022E 4208                   SHLL2       R2
    00000230 4200                   SHLL        R2
    00000232 4608                   SHLL2       R6
    00000234 326C                   ADD         R6,R2
    00000236 66D3                   MOV         R13,R6
    00000238 763E                   ADD         #62,R6
    0000023A 6023                   MOV         R2,R0
    0000023C 046D                   MOV.W       @(R0,R6),R4
    0000023E 65E3                   MOV         R14,R5
    00000240 644D                   EXTU.W      R4,R4
    00000242 D32A                   MOV.L       L34+10,R3  ; _itoh
    00000244 430B                   JSR         @R3
    00000246 0009                   NOP
    00000248 7E04                   ADD         #4,R14
    0000024A 62C3                   MOV         R12,R2
    0000024C 6623                   MOV         R2,R6
    0000024E 4208                   SHLL2       R2
    00000250 4200                   SHLL        R2
    00000252 4608                   SHLL2       R6
    00000254 326C                   ADD         R6,R2
    00000256 66D3                   MOV         R13,R6
    00000258 7640                   ADD         #64,R6
    0000025A 6023                   MOV         R2,R0
    0000025C 046D                   MOV.W       @(R0,R6),R4
    0000025E 65E3                   MOV         R14,R5
    00000260 644D                   EXTU.W      R4,R4
    00000262 D322                   MOV.L       L34+10,R3  ; _itoh
    00000264 430B                   JSR         @R3
    00000266 0009                   NOP
    00000268 7E04                   ADD         #4,R14
    0000026A 7C01                   ADD         #1,R12
    0000026C E02E                   MOV         #46,R0     ; H'0000002E
    0000026E 02DC                   MOV.B       @(R0,R13),R2
    00000270 662C                   EXTU.B      R2,R6
    00000272 666C                   EXTU.B      R6,R6
    00000274 3C63                   CMP/GE      R6,R12
    00000276 8B98                   BF          L32
    00000278 A02B                   BRA         L31
    0000027A 0009                   NOP
    0000027C              L24:
    0000027C 85DE                   MOV.W       @(28,R13),R0
    0000027E 6203                   MOV         R0,R2
    00000280 65E3                   MOV         R14,R5
    00000282 642D                   EXTU.W      R2,R4
    00000284 D319                   MOV.L       L34+10,R3  ; _itoh
    00000286 430B                   JSR         @R3
    00000288 0009                   NOP
    0000028A 7E04                   ADD         #4,R14
    0000028C 85DF                   MOV.W       @(30,R13),R0
    0000028E 6403                   MOV         R0,R4
    00000290 65E3                   MOV         R14,R5
    00000292 644D                   EXTU.W      R4,R4
    00000294 D315                   MOV.L       L34+10,R3  ; _itoh
    00000296 430B                   JSR         @R3
    00000298 0009                   NOP
    0000029A 7E04                   ADD         #4,R14
    0000029C E020                   MOV         #32,R0     ; H'00000020
    0000029E 02DC                   MOV.B       @(R0,R13),R2
    000002A0 642C                   EXTU.B      R2,R4
    000002A2 65E3                   MOV         R14,R5
    000002A4 644C                   EXTU.B      R4,R4
    000002A6 D30F                   MOV.L       L34+2,R3   ; _ctoh
    000002A8 430B                   JSR         @R3
    000002AA 0009                   NOP
    000002AC 7E02                   ADD         #2,R14
    000002AE E021                   MOV         #33,R0     ; H'00000021
    000002B0 02DC                   MOV.B       @(R0,R13),R2
    000002B2 642C                   EXTU.B      R2,R4
    000002B4 65E3                   MOV         R14,R5
    000002B6 644C                   EXTU.B      R4,R4
    000002B8 D30A                   MOV.L       L34+2,R3   ; _ctoh
    000002BA 430B                   JSR         @R3
    000002BC 0009                   NOP
    000002BE 7E02                   ADD         #2,R14
    000002C0 E022                   MOV         #34,R0     ; H'00000022
    000002C2 02DC                   MOV.B       @(R0,R13),R2
    000002C4 642C                   EXTU.B      R2,R4
    000002C6 65E3                   MOV         R14,R5
    000002C8 644C                   EXTU.B      R4,R4
    000002CA D306                   MOV.L       L34+2,R3   ; _ctoh
    000002CC 430B                   JSR         @R3
    000002CE 0009                   NOP
    000002D0 7E02                   ADD         #2,R14
    000002D2              L31:
    000002D2 60E3                   MOV         R14,R0
    000002D4 7F08                   ADD         #8,R15
    000002D6 4F26                   LDS.L       @R15+,PR
    000002D8 6EF6                   MOV.L       @R15+,R14
    000002DA 6DF6                   MOV.L       @R15+,R13
    000002DC 6CF6                   MOV.L       @R15+,R12
    000002DE 000B                   RTS
    000002E0 0009                   NOP
    000002E2              L34:
    000002E2 00000002               .RES.W      1
    000002E4 <00000000>             .DATA.L     _ctoh
    000002E8 <00000000>             .DATA.L     _ltoh
    000002EC <00000000>             .DATA.L     _itoh
SH SERIES C/C++ Compiler (Ver. checker(2003.03.17))                                              16-Nov-2009 12:33:35  PAGE    1


******** STATISTICS INFORMATION ********


********** ERROR INFORMATION ***********

NUMBER OF ERRORS:           0
NUMBER OF WARNINGS:         0
NUMBER OF INFORMATIONS:     0



******* SOURCE LINE INFORMATION ********

COMPILED SOURCE LINE:      121



******* SECTION SIZE INFORMATION *******

PROGRAM  SECTION (P):                               000002F0 Byte(s)
CONSTANT SECTION (C):                               00000000 Byte(s)
DATA     SECTION (D):                               00000000 Byte(s)
BSS      SECTION (B):                               00000000 Byte(s)

TOTAL PROGRAM  SECTION: 000002F0 Byte(s)
TOTAL CONSTANT SECTION: 00000000 Byte(s)
TOTAL DATA     SECTION: 00000000 Byte(s)
TOTAL BSS      SECTION: 00000000 Byte(s)

    TOTAL PROGRAM SIZE: 000002F0 Byte(s)



********** LABEL INFORMATION ***********

NUMBER OF EXTERNAL REFERENCE SYMBOLS:            3
NUMBER OF EXTERNAL DEFINITION SYMBOLS:           1
NUMBER OF INTERNAL/EXTERNAL SYMBOLS:            22
*** COMMAND PARAMETER ***


  -cpu=sh3 -op=0 -en=big -me -debug -comment=nest -l -def=DEBUG -i=P:\PRESTO2\SHINC,C:\usr\local\SH\7_1_1\include,P:\PRESTO2\NORTI_12\inc prr0030.c 

