SH SERIES C/C++ Compiler (Ver. checker(2003.03.17))                                              16-Nov-2009 12:33:25  PAGE    1

************ OBJECT LISTING ************

FILE NAME: prr0004.c

SCT OFFSET   CODE       C LABEL     INSTRUCTION OPERAND    COMMENT

P   00000000              _pr_print_mch_construct:         ; function: pr_print_mch_construct
                                                           ; frame size=28
    00000000 2FC6                   MOV.L       R12,@-R15
    00000002 2FD6                   MOV.L       R13,@-R15
    00000004 2FE6                   MOV.L       R14,@-R15
    00000006 4F22                   STS.L       PR,@-R15
    00000008 7FF4                   ADD         #-12,R15
    0000000A 6E53                   MOV         R5,R14
    0000000C 6643                   MOV         R4,R6
    0000000E 1F62                   MOV.L       R6,@(8,R15)
    00000010 62E2                   MOV.L       @R14,R2
    00000012 E309                   MOV         #9,R3      ; H'00000009
    00000014 3237                   CMP/GT      R3,R2
    00000016 8B03                   BF          L12
    00000018 62E2                   MOV.L       @R14,R2
    0000001A 7237                   ADD         #55,R2
    0000001C A002                   BRA         L13
    0000001E 0009                   NOP
    00000020              L12:
    00000020 62E2                   MOV.L       @R14,R2
    00000022 7230                   ADD         #48,R2
    00000024              L13:
    00000024 6023                   MOV         R2,R0
    00000026 8065                   MOV.B       R0,@(5,R6)
    00000028 84E4                   MOV.B       @(4,R14),R0
    0000002A 6203                   MOV         R0,R2
    0000002C 642C                   EXTU.B      R2,R4
    0000002E 6563                   MOV         R6,R5
    00000030 7506                   ADD         #6,R5
    00000032 644C                   EXTU.B      R4,R4
    00000034 D3C3                   MOV.L       L64+16,R3  ; _ctoh
    00000036 430B                   JSR         @R3
    00000038 0009                   NOP
    0000003A 52E2                   MOV.L       @(8,R14),R2
    0000003C E309                   MOV         #9,R3      ; H'00000009
    0000003E 3237                   CMP/GT      R3,R2
    00000040 8B03                   BF          L15
    00000042 52E2                   MOV.L       @(8,R14),R2
    00000044 7237                   ADD         #55,R2
    00000046 A002                   BRA         L16
    00000048 0009                   NOP
    0000004A              L15:
    0000004A 52E2                   MOV.L       @(8,R14),R2
    0000004C 7230                   ADD         #48,R2
    0000004E              L16:
    0000004E 56F2                   MOV.L       @(8,R15),R6
    00000050 6023                   MOV         R2,R0
    00000052 8068                   MOV.B       R0,@(8,R6)
    00000054 84EC                   MOV.B       @(12,R14),R0
    00000056 6203                   MOV         R0,R2
    00000058 652C                   EXTU.B      R2,R5
    0000005A 655C                   EXTU.B      R5,R5
    0000005C E309                   MOV         #9,R3      ; H'00000009
    0000005E 3537                   CMP/GT      R3,R5
    00000060 8B07                   BF          L18
    00000062 84EC                   MOV.B       @(12,R14),R0
    00000064 6203                   MOV         R0,R2
    00000066 652C                   EXTU.B      R2,R5
    00000068 655C                   EXTU.B      R5,R5
    0000006A 6253                   MOV         R5,R2
    0000006C 7237                   ADD         #55,R2
    0000006E A006                   BRA         L19
    00000070 0009                   NOP
    00000072              L18:
    00000072 84EC                   MOV.B       @(12,R14),R0
    00000074 6203                   MOV         R0,R2
    00000076 652C                   EXTU.B      R2,R5
    00000078 655C                   EXTU.B      R5,R5
    0000007A 6253                   MOV         R5,R2
    0000007C 7230                   ADD         #48,R2
    0000007E              L19:
    0000007E 6023                   MOV         R2,R0
    00000080 8069                   MOV.B       R0,@(9,R6)
    00000082 760A                   ADD         #10,R6
    00000084 6D63                   MOV         R6,R13
    00000086 EC00                   MOV         #0,R12     ; H'00000000
    00000088 84EC                   MOV.B       @(12,R14),R0
    0000008A 6603                   MOV         R0,R6
    0000008C 626C                   EXTU.B      R6,R2
    0000008E 622C                   EXTU.B      R2,R2
    00000090 3C23                   CMP/GE      R2,R12
    00000092 8912                   BT          L20
    00000094              L21:
    00000094 62C3                   MOV         R12,R2
    00000096 4208                   SHLL2       R2
    00000098 65E3                   MOV         R14,R5
    0000009A 7510                   ADD         #16,R5
    0000009C 6023                   MOV         R2,R0
    0000009E 065E                   MOV.L       @(R0,R5),R6
    000000A0 65D3                   MOV         R13,R5
    000000A2 6463                   MOV         R6,R4
    000000A4 D3A8                   MOV.L       L64+20,R3  ; _ltoh
    000000A6 430B                   JSR         @R3
    000000A8 0009                   NOP
    000000AA 7D08                   ADD         #8,R13
    000000AC 7C01                   ADD         #1,R12
    000000AE 84EC                   MOV.B       @(12,R14),R0
    000000B0 6603                   MOV         R0,R6
    000000B2 626C                   EXTU.B      R6,R2
    000000B4 622C                   EXTU.B      R2,R2
    000000B6 3C23                   CMP/GE      R2,R12
    000000B8 8BEC                   BF          L21
    000000BA              L20:
    000000BA E030                   MOV         #48,R0     ; H'00000030
    000000BC 02EC                   MOV.B       @(R0,R14),R2
    000000BE 642C                   EXTU.B      R2,R4
    000000C0 65D3                   MOV         R13,R5
    000000C2 644C                   EXTU.B      R4,R4
    000000C4 D39F                   MOV.L       L64+16,R3  ; _ctoh
    000000C6 430B                   JSR         @R3
    000000C8 0009                   NOP
    000000CA 7D02                   ADD         #2,R13
    000000CC EC00                   MOV         #0,R12     ; H'00000000
    000000CE E030                   MOV         #48,R0     ; H'00000030
    000000D0 06EC                   MOV.B       @(R0,R14),R6
    000000D2 626C                   EXTU.B      R6,R2
    000000D4 622C                   EXTU.B      R2,R2
    000000D6 3C23                   CMP/GE      R2,R12
    000000D8 8913                   BT          L22
    000000DA              L23:
    000000DA 66C3                   MOV         R12,R6
    000000DC 6263                   MOV         R6,R2
    000000DE 4208                   SHLL2       R2
    000000E0 65E3                   MOV         R14,R5
    000000E2 7534                   ADD         #52,R5
    000000E4 6023                   MOV         R2,R0
    000000E6 065E                   MOV.L       @(R0,R5),R6
    000000E8 65D3                   MOV         R13,R5
    000000EA 6463                   MOV         R6,R4
    000000EC D396                   MOV.L       L64+20,R3  ; _ltoh
    000000EE 430B                   JSR         @R3
    000000F0 0009                   NOP
    000000F2 7D08                   ADD         #8,R13
    000000F4 7C01                   ADD         #1,R12
    000000F6 E030                   MOV         #48,R0     ; H'00000030
    000000F8 06EC                   MOV.B       @(R0,R14),R6
    000000FA 626C                   EXTU.B      R6,R2
    000000FC 622C                   EXTU.B      R2,R2
    000000FE 3C23                   CMP/GE      R2,R12
    00000100 8BEB                   BF          L23
    00000102              L22:
    00000102 908A                   MOV.W       L63,R0     ; H'00B4
    00000104 02EC                   MOV.B       @(R0,R14),R2
    00000106 642C                   EXTU.B      R2,R4
    00000108 65D3                   MOV         R13,R5
    0000010A 644C                   EXTU.B      R4,R4
    0000010C D38D                   MOV.L       L64+16,R3  ; _ctoh
    0000010E 430B                   JSR         @R3
    00000110 0009                   NOP
    00000112 7D02                   ADD         #2,R13
    00000114 EC00                   MOV         #0,R12     ; H'00000000
    00000116 9080                   MOV.W       L63,R0     ; H'00B4
    00000118 06EC                   MOV.B       @(R0,R14),R6
    0000011A 626C                   EXTU.B      R6,R2
    0000011C 622C                   EXTU.B      R2,R2
    0000011E 3C23                   CMP/GE      R2,R12
    00000120 8B01                   BF          L67
    00000122 A0A4                   BRA         L24
    00000124 0009                   NOP
    00000126              L67:
    00000126              L25:
    00000126 66C3                   MOV         R12,R6
    00000128 6263                   MOV         R6,R2
    0000012A 4208                   SHLL2       R2
    0000012C 4200                   SHLL        R2
    0000012E 9375                   MOV.W       L63+2,R3   ; H'00B8
    00000130 66E3                   MOV         R14,R6
    00000132 363C                   ADD         R3,R6
    00000134 6023                   MOV         R2,R0
    00000136 046E                   MOV.L       @(R0,R6),R4
    00000138 65D3                   MOV         R13,R5
    0000013A D383                   MOV.L       L64+20,R3  ; _ltoh
    0000013C 430B                   JSR         @R3
    0000013E 0009                   NOP
    00000140 7D08                   ADD         #8,R13
    00000142 66C3                   MOV         R12,R6
    00000144 6263                   MOV         R6,R2
    00000146 4208                   SHLL2       R2
    00000148 4200                   SHLL        R2
    0000014A 9368                   MOV.W       L63+4,R3   ; H'00BC
    0000014C 65E3                   MOV         R14,R5
    0000014E 353C                   ADD         R3,R5
    00000150 6023                   MOV         R2,R0
    00000152 065C                   MOV.B       @(R0,R5),R6
    00000154 626C                   EXTU.B      R6,R2
    00000156 622C                   EXTU.B      R2,R2
    00000158 E309                   MOV         #9,R3      ; H'00000009
    0000015A 3237                   CMP/GT      R3,R2
    0000015C 8B0C                   BF          L27
    0000015E 62C3                   MOV         R12,R2
    00000160 4208                   SHLL2       R2
    00000162 4200                   SHLL        R2
    00000164 935B                   MOV.W       L63+4,R3   ; H'00BC
    00000166 65E3                   MOV         R14,R5
    00000168 353C                   ADD         R3,R5
    0000016A 6023                   MOV         R2,R0
    0000016C 065C                   MOV.B       @(R0,R5),R6
    0000016E 626C                   EXTU.B      R6,R2
    00000170 622C                   EXTU.B      R2,R2
    00000172 7237                   ADD         #55,R2
    00000174 A00C                   BRA         L28
    00000176 0009                   NOP
    00000178              L27:
    00000178 62C3                   MOV         R12,R2
    0000017A 4208                   SHLL2       R2
    0000017C 4200                   SHLL        R2
    0000017E 934E                   MOV.W       L63+4,R3   ; H'00BC
    00000180 65E3                   MOV         R14,R5
    00000182 353C                   ADD         R3,R5
    00000184 6023                   MOV         R2,R0
    00000186 065C                   MOV.B       @(R0,R5),R6
    00000188 656C                   EXTU.B      R6,R5
    0000018A 655C                   EXTU.B      R5,R5
    0000018C 6253                   MOV         R5,R2
    0000018E 7230                   ADD         #48,R2
    00000190              L28:
    00000190 2D20                   MOV.B       R2,@R13
    00000192 7D01                   ADD         #1,R13
    00000194 62C3                   MOV         R12,R2
    00000196 4208                   SHLL2       R2
    00000198 4200                   SHLL        R2
    0000019A 9341                   MOV.W       L63+6,R3   ; H'00BD
    0000019C 66E3                   MOV         R14,R6
    0000019E 363C                   ADD         R3,R6
    000001A0 6023                   MOV         R2,R0
    000001A2 056C                   MOV.B       @(R0,R6),R5
    000001A4 625C                   EXTU.B      R5,R2
    000001A6 622C                   EXTU.B      R2,R2
    000001A8 E309                   MOV         #9,R3      ; H'00000009
    000001AA 3237                   CMP/GT      R3,R2
    000001AC 8B0C                   BF          L30
    000001AE 62C3                   MOV         R12,R2
    000001B0 4208                   SHLL2       R2
    000001B2 4200                   SHLL        R2
    000001B4 9334                   MOV.W       L63+6,R3   ; H'00BD
    000001B6 65E3                   MOV         R14,R5
    000001B8 353C                   ADD         R3,R5
    000001BA 6023                   MOV         R2,R0
    000001BC 065C                   MOV.B       @(R0,R5),R6
    000001BE 626C                   EXTU.B      R6,R2
    000001C0 622C                   EXTU.B      R2,R2
    000001C2 7237                   ADD         #55,R2
    000001C4 A00C                   BRA         L31
    000001C6 0009                   NOP
    000001C8              L30:
    000001C8 66C3                   MOV         R12,R6
    000001CA 6263                   MOV         R6,R2
    000001CC 4208                   SHLL2       R2
    000001CE 4200                   SHLL        R2
    000001D0 9326                   MOV.W       L63+6,R3   ; H'00BD
    000001D2 65E3                   MOV         R14,R5
    000001D4 353C                   ADD         R3,R5
    000001D6 6023                   MOV         R2,R0
    000001D8 065C                   MOV.B       @(R0,R5),R6
    000001DA 626C                   EXTU.B      R6,R2
    000001DC 622C                   EXTU.B      R2,R2
    000001DE 7230                   ADD         #48,R2
    000001E0              L31:
    000001E0 2D20                   MOV.B       R2,@R13
    000001E2 7D01                   ADD         #1,R13
    000001E4 62C3                   MOV         R12,R2
    000001E6 4208                   SHLL2       R2
    000001E8 4200                   SHLL        R2
    000001EA 931A                   MOV.W       L63+8,R3   ; H'00BE
    000001EC 65E3                   MOV         R14,R5
    000001EE 353C                   ADD         R3,R5
    000001F0 6023                   MOV         R2,R0
    000001F2 065C                   MOV.B       @(R0,R5),R6
    000001F4 626C                   EXTU.B      R6,R2
    000001F6 622C                   EXTU.B      R2,R2
    000001F8 E309                   MOV         #9,R3      ; H'00000009
    000001FA 3237                   CMP/GT      R3,R2
    000001FC 8B12                   BF          L33
    000001FE 66C3                   MOV         R12,R6
    00000200 6263                   MOV         R6,R2
    00000202 4208                   SHLL2       R2
    00000204 4200                   SHLL        R2
    00000206 930C                   MOV.W       L63+8,R3   ; H'00BE
    00000208 65E3                   MOV         R14,R5
    0000020A 353C                   ADD         R3,R5
    0000020C 6023                   MOV         R2,R0
    0000020E 065C                   MOV.B       @(R0,R5),R6
    00000210 626C                   EXTU.B      R6,R2
    00000212 622C                   EXTU.B      R2,R2
    00000214 7237                   ADD         #55,R2
    00000216 A010                   BRA         L34
    00000218 0009                   NOP
    0000021A              L63:
    0000021A 00B4                   .DATA.W     H'00B4
    0000021C 00B8                   .DATA.W     H'00B8
    0000021E 00BC                   .DATA.W     H'00BC
    00000220 00BD                   .DATA.W     H'00BD
    00000222 00BE                   .DATA.W     H'00BE
    00000224              L33:
    00000224 62C3                   MOV         R12,R2
    00000226 4208                   SHLL2       R2
    00000228 4200                   SHLL        R2
    0000022A 9383                   MOV.W       L64,R3     ; H'00BE
    0000022C 66E3                   MOV         R14,R6
    0000022E 363C                   ADD         R3,R6
    00000230 6023                   MOV         R2,R0
    00000232 056C                   MOV.B       @(R0,R6),R5
    00000234 625C                   EXTU.B      R5,R2
    00000236 622C                   EXTU.B      R2,R2
    00000238 7230                   ADD         #48,R2
    0000023A              L34:
    0000023A 2D20                   MOV.B       R2,@R13
    0000023C 7D01                   ADD         #1,R13
    0000023E 62C3                   MOV         R12,R2
    00000240 4208                   SHLL2       R2
    00000242 4200                   SHLL        R2
    00000244 9377                   MOV.W       L64+2,R3   ; H'00BF
    00000246 66E3                   MOV         R14,R6
    00000248 363C                   ADD         R3,R6
    0000024A 6023                   MOV         R2,R0
    0000024C 056C                   MOV.B       @(R0,R6),R5
    0000024E 645C                   EXTU.B      R5,R4
    00000250 65D3                   MOV         R13,R5
    00000252 644C                   EXTU.B      R4,R4
    00000254 D33B                   MOV.L       L64+16,R3  ; _ctoh
    00000256 430B                   JSR         @R3
    00000258 0009                   NOP
    0000025A 7D02                   ADD         #2,R13
    0000025C 7C01                   ADD         #1,R12
    0000025E 906B                   MOV.W       L64+4,R0   ; H'00B4
    00000260 02EC                   MOV.B       @(R0,R14),R2
    00000262 662C                   EXTU.B      R2,R6
    00000264 666C                   EXTU.B      R6,R6
    00000266 3C63                   CMP/GE      R6,R12
    00000268 8901                   BT          L68
    0000026A AF5C                   BRA         L25
    0000026C 0009                   NOP
    0000026E              L68:
    0000026E              L24:
    0000026E 9064                   MOV.W       L64+6,R0   ; H'0138
    00000270 02EC                   MOV.B       @(R0,R14),R2
    00000272 642C                   EXTU.B      R2,R4
    00000274 65D3                   MOV         R13,R5
    00000276 644C                   EXTU.B      R4,R4
    00000278 D332                   MOV.L       L64+16,R3  ; _ctoh
    0000027A 430B                   JSR         @R3
    0000027C 0009                   NOP
    0000027E 7D02                   ADD         #2,R13
    00000280 EC00                   MOV         #0,R12     ; H'00000000
    00000282 905A                   MOV.W       L64+6,R0   ; H'0138
    00000284 02EC                   MOV.B       @(R0,R14),R2
    00000286 662C                   EXTU.B      R2,R6
    00000288 666C                   EXTU.B      R6,R6
    0000028A 6263                   MOV         R6,R2
    0000028C 3C23                   CMP/GE      R2,R12
    0000028E 8B01                   BF          L69
    00000290 A0AA                   BRA         L35
    00000292 0009                   NOP
    00000294              L69:
    00000294              L36:
    00000294 62C3                   MOV         R12,R2
    00000296 4208                   SHLL2       R2
    00000298 4200                   SHLL        R2
    0000029A 934F                   MOV.W       L64+8,R3   ; H'013C
    0000029C 66E3                   MOV         R14,R6
    0000029E 363C                   ADD         R3,R6
    000002A0 6023                   MOV         R2,R0
    000002A2 046E                   MOV.L       @(R0,R6),R4
    000002A4 65D3                   MOV         R13,R5
    000002A6 D328                   MOV.L       L64+20,R3  ; _ltoh
    000002A8 430B                   JSR         @R3
    000002AA 0009                   NOP
    000002AC 7D08                   ADD         #8,R13
    000002AE 62C3                   MOV         R12,R2
    000002B0 4208                   SHLL2       R2
    000002B2 4200                   SHLL        R2
    000002B4 9343                   MOV.W       L64+10,R3  ; H'0140
    000002B6 66E3                   MOV         R14,R6
    000002B8 363C                   ADD         R3,R6
    000002BA 6023                   MOV         R2,R0
    000002BC 056C                   MOV.B       @(R0,R6),R5
    000002BE 625C                   EXTU.B      R5,R2
    000002C0 622C                   EXTU.B      R2,R2
    000002C2 E309                   MOV         #9,R3      ; H'00000009
    000002C4 3237                   CMP/GT      R3,R2
    000002C6 8B0D                   BF          L38
    000002C8 62C3                   MOV         R12,R2
    000002CA 4208                   SHLL2       R2
    000002CC 4200                   SHLL        R2
    000002CE 9336                   MOV.W       L64+10,R3  ; H'0140
    000002D0 66E3                   MOV         R14,R6
    000002D2 363C                   ADD         R3,R6
    000002D4 6023                   MOV         R2,R0
    000002D6 056C                   MOV.B       @(R0,R6),R5
    000002D8 665C                   EXTU.B      R5,R6
    000002DA 666C                   EXTU.B      R6,R6
    000002DC 6263                   MOV         R6,R2
    000002DE 7237                   ADD         #55,R2
    000002E0 A00B                   BRA         L39
    000002E2 0009                   NOP
    000002E4              L38:
    000002E4 62C3                   MOV         R12,R2
    000002E6 4208                   SHLL2       R2
    000002E8 4200                   SHLL        R2
    000002EA 9328                   MOV.W       L64+10,R3  ; H'0140
    000002EC 66E3                   MOV         R14,R6
    000002EE 363C                   ADD         R3,R6
    000002F0 6023                   MOV         R2,R0
    000002F2 056C                   MOV.B       @(R0,R6),R5
    000002F4 625C                   EXTU.B      R5,R2
    000002F6 622C                   EXTU.B      R2,R2
    000002F8 7230                   ADD         #48,R2
    000002FA              L39:
    000002FA 2D20                   MOV.B       R2,@R13
    000002FC 7D01                   ADD         #1,R13
    000002FE 62C3                   MOV         R12,R2
    00000300 4208                   SHLL2       R2
    00000302 4200                   SHLL        R2
    00000304 931C                   MOV.W       L64+12,R3  ; H'0141
    00000306 66E3                   MOV         R14,R6
    00000308 363C                   ADD         R3,R6
    0000030A 6023                   MOV         R2,R0
    0000030C 056C                   MOV.B       @(R0,R6),R5
    0000030E 625C                   EXTU.B      R5,R2
    00000310 622C                   EXTU.B      R2,R2
    00000312 E309                   MOV         #9,R3      ; H'00000009
    00000314 3237                   CMP/GT      R3,R2
    00000316 8B19                   BF          L41
    00000318 62C3                   MOV         R12,R2
    0000031A 4208                   SHLL2       R2
    0000031C 4200                   SHLL        R2
    0000031E 930F                   MOV.W       L64+12,R3  ; H'0141
    00000320 66E3                   MOV         R14,R6
    00000322 363C                   ADD         R3,R6
    00000324 6023                   MOV         R2,R0
    00000326 056C                   MOV.B       @(R0,R6),R5
    00000328 665C                   EXTU.B      R5,R6
    0000032A 666C                   EXTU.B      R6,R6
    0000032C 6263                   MOV         R6,R2
    0000032E 7237                   ADD         #55,R2
    00000330 A018                   BRA         L42
    00000332 0009                   NOP
    00000334              L64:
    00000334 00BE                   .DATA.W     H'00BE
    00000336 00BF                   .DATA.W     H'00BF
    00000338 00B4                   .DATA.W     H'00B4
    0000033A 0138                   .DATA.W     H'0138
    0000033C 013C                   .DATA.W     H'013C
    0000033E 0140                   .DATA.W     H'0140
    00000340 0141                   .DATA.W     H'0141
    00000342 00000002               .RES.W      1
    00000344 <00000000>             .DATA.L     _ctoh
    00000348 <00000000>             .DATA.L     _ltoh
    0000034C              L41:
    0000034C 62C3                   MOV         R12,R2
    0000034E 4208                   SHLL2       R2
    00000350 4200                   SHLL        R2
    00000352 93D9                   MOV.W       L65,R3     ; H'0141
    00000354 66E3                   MOV         R14,R6
    00000356 363C                   ADD         R3,R6
    00000358 6023                   MOV         R2,R0
    0000035A 056C                   MOV.B       @(R0,R6),R5
    0000035C 665C                   EXTU.B      R5,R6
    0000035E 666C                   EXTU.B      R6,R6
    00000360 6263                   MOV         R6,R2
    00000362 7230                   ADD         #48,R2
    00000364              L42:
    00000364 2D20                   MOV.B       R2,@R13
    00000366 7D01                   ADD         #1,R13
    00000368 62C3                   MOV         R12,R2
    0000036A 4208                   SHLL2       R2
    0000036C 4200                   SHLL        R2
    0000036E 93CC                   MOV.W       L65+2,R3   ; H'0142
    00000370 66E3                   MOV         R14,R6
    00000372 363C                   ADD         R3,R6
    00000374 6023                   MOV         R2,R0
    00000376 056C                   MOV.B       @(R0,R6),R5
    00000378 625C                   EXTU.B      R5,R2
    0000037A 622C                   EXTU.B      R2,R2
    0000037C E309                   MOV         #9,R3      ; H'00000009
    0000037E 3237                   CMP/GT      R3,R2
    00000380 8B0C                   BF          L44
    00000382 62C3                   MOV         R12,R2
    00000384 4208                   SHLL2       R2
    00000386 4200                   SHLL        R2
    00000388 93BF                   MOV.W       L65+2,R3   ; H'0142
    0000038A 66E3                   MOV         R14,R6
    0000038C 363C                   ADD         R3,R6
    0000038E 6023                   MOV         R2,R0
    00000390 056C                   MOV.B       @(R0,R6),R5
    00000392 625C                   EXTU.B      R5,R2
    00000394 622C                   EXTU.B      R2,R2
    00000396 7237                   ADD         #55,R2
    00000398 A00C                   BRA         L45
    0000039A 0009                   NOP
    0000039C              L44:
    0000039C 66C3                   MOV         R12,R6
    0000039E 6263                   MOV         R6,R2
    000003A0 4208                   SHLL2       R2
    000003A2 4200                   SHLL        R2
    000003A4 93B1                   MOV.W       L65+2,R3   ; H'0142
    000003A6 66E3                   MOV         R14,R6
    000003A8 363C                   ADD         R3,R6
    000003AA 6023                   MOV         R2,R0
    000003AC 056C                   MOV.B       @(R0,R6),R5
    000003AE 625C                   EXTU.B      R5,R2
    000003B0 622C                   EXTU.B      R2,R2
    000003B2 7230                   ADD         #48,R2
    000003B4              L45:
    000003B4 2D20                   MOV.B       R2,@R13
    000003B6 7D01                   ADD         #1,R13
    000003B8 62C3                   MOV         R12,R2
    000003BA 4208                   SHLL2       R2
    000003BC 4200                   SHLL        R2
    000003BE 93A5                   MOV.W       L65+4,R3   ; H'0143
    000003C0 66E3                   MOV         R14,R6
    000003C2 363C                   ADD         R3,R6
    000003C4 6023                   MOV         R2,R0
    000003C6 056C                   MOV.B       @(R0,R6),R5
    000003C8 645C                   EXTU.B      R5,R4
    000003CA 65D3                   MOV         R13,R5
    000003CC 644C                   EXTU.B      R4,R4
    000003CE D384                   MOV.L       L66+10,R3  ; _ctoh
    000003D0 430B                   JSR         @R3
    000003D2 0009                   NOP
    000003D4 7D02                   ADD         #2,R13
    000003D6 7C01                   ADD         #1,R12
    000003D8 9099                   MOV.W       L65+6,R0   ; H'0138
    000003DA 06EC                   MOV.B       @(R0,R14),R6
    000003DC 626C                   EXTU.B      R6,R2
    000003DE 622C                   EXTU.B      R2,R2
    000003E0 3C23                   CMP/GE      R2,R12
    000003E2 8901                   BT          L70
    000003E4 AF56                   BRA         L36
    000003E6 0009                   NOP
    000003E8              L70:
    000003E8              L35:
    000003E8 9092                   MOV.W       L65+8,R0   ; H'01BC
    000003EA 02EC                   MOV.B       @(R0,R14),R2
    000003EC 642C                   EXTU.B      R2,R4
    000003EE 65D3                   MOV         R13,R5
    000003F0 644C                   EXTU.B      R4,R4
    000003F2 D37B                   MOV.L       L66+10,R3  ; _ctoh
    000003F4 430B                   JSR         @R3
    000003F6 0009                   NOP
    000003F8 7D02                   ADD         #2,R13
    000003FA EC00                   MOV         #0,R12     ; H'00000000
    000003FC 9088                   MOV.W       L65+8,R0   ; H'01BC
    000003FE 06EC                   MOV.B       @(R0,R14),R6
    00000400 626C                   EXTU.B      R6,R2
    00000402 622C                   EXTU.B      R2,R2
    00000404 3C23                   CMP/GE      R2,R12
    00000406 8B01                   BF          L71
    00000408 A0AD                   BRA         L46
    0000040A 0009                   NOP
    0000040C              L71:
    0000040C              L47:
    0000040C 66C3                   MOV         R12,R6
    0000040E 6263                   MOV         R6,R2
    00000410 4208                   SHLL2       R2
    00000412 4200                   SHLL        R2
    00000414 937D                   MOV.W       L65+10,R3  ; H'01C0
    00000416 65E3                   MOV         R14,R5
    00000418 353C                   ADD         R3,R5
    0000041A 6023                   MOV         R2,R0
    0000041C 065E                   MOV.L       @(R0,R5),R6
    0000041E 65D3                   MOV         R13,R5
    00000420 6463                   MOV         R6,R4
    00000422 D370                   MOV.L       L66+14,R3  ; _ltoh
    00000424 430B                   JSR         @R3
    00000426 0009                   NOP
    00000428 7D08                   ADD         #8,R13
    0000042A 66C3                   MOV         R12,R6
    0000042C 6263                   MOV         R6,R2
    0000042E 4208                   SHLL2       R2
    00000430 4200                   SHLL        R2
    00000432 936F                   MOV.W       L65+12,R3  ; H'01C4
    00000434 66E3                   MOV         R14,R6
    00000436 363C                   ADD         R3,R6
    00000438 6023                   MOV         R2,R0
    0000043A 056C                   MOV.B       @(R0,R6),R5
    0000043C 625C                   EXTU.B      R5,R2
    0000043E 622C                   EXTU.B      R2,R2
    00000440 E309                   MOV         #9,R3      ; H'00000009
    00000442 3237                   CMP/GT      R3,R2
    00000444 8B0D                   BF          L49
    00000446 62C3                   MOV         R12,R2
    00000448 4208                   SHLL2       R2
    0000044A 4200                   SHLL        R2
    0000044C 9362                   MOV.W       L65+12,R3  ; H'01C4
    0000044E 65E3                   MOV         R14,R5
    00000450 353C                   ADD         R3,R5
    00000452 6023                   MOV         R2,R0
    00000454 065C                   MOV.B       @(R0,R5),R6
    00000456 656C                   EXTU.B      R6,R5
    00000458 655C                   EXTU.B      R5,R5
    0000045A 6253                   MOV         R5,R2
    0000045C 7237                   ADD         #55,R2
    0000045E A00D                   BRA         L50
    00000460 0009                   NOP
    00000462              L49:
    00000462 66C3                   MOV         R12,R6
    00000464 6263                   MOV         R6,R2
    00000466 4208                   SHLL2       R2
    00000468 4200                   SHLL        R2
    0000046A 9353                   MOV.W       L65+12,R3  ; H'01C4
    0000046C 66E3                   MOV         R14,R6
    0000046E 363C                   ADD         R3,R6
    00000470 6023                   MOV         R2,R0
    00000472 056C                   MOV.B       @(R0,R6),R5
    00000474 665C                   EXTU.B      R5,R6
    00000476 666C                   EXTU.B      R6,R6
    00000478 6263                   MOV         R6,R2
    0000047A 7230                   ADD         #48,R2
    0000047C              L50:
    0000047C 2D20                   MOV.B       R2,@R13
    0000047E 7D01                   ADD         #1,R13
    00000480 66C3                   MOV         R12,R6
    00000482 6263                   MOV         R6,R2
    00000484 4208                   SHLL2       R2
    00000486 4200                   SHLL        R2
    00000488 9345                   MOV.W       L65+14,R3  ; H'01C5
    0000048A 66E3                   MOV         R14,R6
    0000048C 363C                   ADD         R3,R6
    0000048E 6023                   MOV         R2,R0
    00000490 056C                   MOV.B       @(R0,R6),R5
    00000492 625C                   EXTU.B      R5,R2
    00000494 622C                   EXTU.B      R2,R2
    00000496 E309                   MOV         #9,R3      ; H'00000009
    00000498 3237                   CMP/GT      R3,R2
    0000049A 8B0D                   BF          L52
    0000049C 62C3                   MOV         R12,R2
    0000049E 4208                   SHLL2       R2
    000004A0 4200                   SHLL        R2
    000004A2 9338                   MOV.W       L65+14,R3  ; H'01C5
    000004A4 66E3                   MOV         R14,R6
    000004A6 363C                   ADD         R3,R6
    000004A8 6023                   MOV         R2,R0
    000004AA 056C                   MOV.B       @(R0,R6),R5
    000004AC 665C                   EXTU.B      R5,R6
    000004AE 666C                   EXTU.B      R6,R6
    000004B0 6263                   MOV         R6,R2
    000004B2 7237                   ADD         #55,R2
    000004B4 A00B                   BRA         L53
    000004B6 0009                   NOP
    000004B8              L52:
    000004B8 62C3                   MOV         R12,R2
    000004BA 4208                   SHLL2       R2
    000004BC 4200                   SHLL        R2
    000004BE 932A                   MOV.W       L65+14,R3  ; H'01C5
    000004C0 66E3                   MOV         R14,R6
    000004C2 363C                   ADD         R3,R6
    000004C4 6023                   MOV         R2,R0
    000004C6 056C                   MOV.B       @(R0,R6),R5
    000004C8 625C                   EXTU.B      R5,R2
    000004CA 622C                   EXTU.B      R2,R2
    000004CC 7230                   ADD         #48,R2
    000004CE              L53:
    000004CE 2D20                   MOV.B       R2,@R13
    000004D0 7D01                   ADD         #1,R13
    000004D2 66C3                   MOV         R12,R6
    000004D4 6263                   MOV         R6,R2
    000004D6 4208                   SHLL2       R2
    000004D8 4200                   SHLL        R2
    000004DA 931D                   MOV.W       L65+16,R3  ; H'01C6
    000004DC 65E3                   MOV         R14,R5
    000004DE 353C                   ADD         R3,R5
    000004E0 6023                   MOV         R2,R0
    000004E2 065C                   MOV.B       @(R0,R5),R6
    000004E4 626C                   EXTU.B      R6,R2
    000004E6 622C                   EXTU.B      R2,R2
    000004E8 E309                   MOV         #9,R3      ; H'00000009
    000004EA 3237                   CMP/GT      R3,R2
    000004EC 8B15                   BF          L55
    000004EE 62C3                   MOV         R12,R2
    000004F0 4208                   SHLL2       R2
    000004F2 4200                   SHLL        R2
    000004F4 9310                   MOV.W       L65+16,R3  ; H'01C6
    000004F6 65E3                   MOV         R14,R5
    000004F8 353C                   ADD         R3,R5
    000004FA 6023                   MOV         R2,R0
    000004FC 065C                   MOV.B       @(R0,R5),R6
    000004FE 626C                   EXTU.B      R6,R2
    00000500 622C                   EXTU.B      R2,R2
    00000502 7237                   ADD         #55,R2
    00000504 A014                   BRA         L56
    00000506 0009                   NOP
    00000508              L65:
    00000508 0141                   .DATA.W     H'0141
    0000050A 0142                   .DATA.W     H'0142
    0000050C 0143                   .DATA.W     H'0143
    0000050E 0138                   .DATA.W     H'0138
    00000510 01BC                   .DATA.W     H'01BC
    00000512 01C0                   .DATA.W     H'01C0
    00000514 01C4                   .DATA.W     H'01C4
    00000516 01C5                   .DATA.W     H'01C5
    00000518 01C6                   .DATA.W     H'01C6
    0000051A              L55:
    0000051A 62C3                   MOV         R12,R2
    0000051C 4208                   SHLL2       R2
    0000051E 4200                   SHLL        R2
    00000520 9359                   MOV.W       L66,R3     ; H'01C6
    00000522 65E3                   MOV         R14,R5
    00000524 353C                   ADD         R3,R5
    00000526 6023                   MOV         R2,R0
    00000528 065C                   MOV.B       @(R0,R5),R6
    0000052A 626C                   EXTU.B      R6,R2
    0000052C 622C                   EXTU.B      R2,R2
    0000052E 7230                   ADD         #48,R2
    00000530              L56:
    00000530 2D20                   MOV.B       R2,@R13
    00000532 7D01                   ADD         #1,R13
    00000534 66C3                   MOV         R12,R6
    00000536 6263                   MOV         R6,R2
    00000538 4208                   SHLL2       R2
    0000053A 4200                   SHLL        R2
    0000053C 934C                   MOV.W       L66+2,R3   ; H'01C7
    0000053E 65E3                   MOV         R14,R5
    00000540 353C                   ADD         R3,R5
    00000542 6023                   MOV         R2,R0
    00000544 065C                   MOV.B       @(R0,R5),R6
    00000546 646C                   EXTU.B      R6,R4
    00000548 65D3                   MOV         R13,R5
    0000054A 644C                   EXTU.B      R4,R4
    0000054C D324                   MOV.L       L66+10,R3  ; _ctoh
    0000054E 430B                   JSR         @R3
    00000550 0009                   NOP
    00000552 7D02                   ADD         #2,R13
    00000554 7C01                   ADD         #1,R12
    00000556 9040                   MOV.W       L66+4,R0   ; H'01BC
    00000558 06EC                   MOV.B       @(R0,R14),R6
    0000055A 626C                   EXTU.B      R6,R2
    0000055C 622C                   EXTU.B      R2,R2
    0000055E 3C23                   CMP/GE      R2,R12
    00000560 8901                   BT          L72
    00000562 AF53                   BRA         L47
    00000564 0009                   NOP
    00000566              L72:
    00000566              L46:
    00000566 9039                   MOV.W       L66+6,R0   ; H'0240
    00000568 06EC                   MOV.B       @(R0,R14),R6
    0000056A 626C                   EXTU.B      R6,R2
    0000056C 622C                   EXTU.B      R2,R2
    0000056E E309                   MOV         #9,R3      ; H'00000009
    00000570 3237                   CMP/GT      R3,R2
    00000572 8B07                   BF          L58
    00000574 9032                   MOV.W       L66+6,R0   ; H'0240
    00000576 02EC                   MOV.B       @(R0,R14),R2
    00000578 662C                   EXTU.B      R2,R6
    0000057A 666C                   EXTU.B      R6,R6
    0000057C 6263                   MOV         R6,R2
    0000057E 7237                   ADD         #55,R2
    00000580 A005                   BRA         L59
    00000582 0009                   NOP
    00000584              L58:
    00000584 902A                   MOV.W       L66+6,R0   ; H'0240
    00000586 06EC                   MOV.B       @(R0,R14),R6
    00000588 626C                   EXTU.B      R6,R2
    0000058A 622C                   EXTU.B      R2,R2
    0000058C 7230                   ADD         #48,R2
    0000058E              L59:
    0000058E 2D20                   MOV.B       R2,@R13
    00000590 7D01                   ADD         #1,R13
    00000592 EC00                   MOV         #0,R12     ; H'00000000
    00000594 9022                   MOV.W       L66+6,R0   ; H'0240
    00000596 06EC                   MOV.B       @(R0,R14),R6
    00000598 626C                   EXTU.B      R6,R2
    0000059A 622C                   EXTU.B      R2,R2
    0000059C 3C23                   CMP/GE      R2,R12
    0000059E 8912                   BT          L60
    000005A0              L61:
    000005A0 62C3                   MOV         R12,R2
    000005A2 4208                   SHLL2       R2
    000005A4 931B                   MOV.W       L66+8,R3   ; H'0244
    000005A6 66E3                   MOV         R14,R6
    000005A8 363C                   ADD         R3,R6
    000005AA 6023                   MOV         R2,R0
    000005AC 046E                   MOV.L       @(R0,R6),R4
    000005AE 65D3                   MOV         R13,R5
    000005B0 D30C                   MOV.L       L66+14,R3  ; _ltoh
    000005B2 430B                   JSR         @R3
    000005B4 0009                   NOP
    000005B6 7D08                   ADD         #8,R13
    000005B8 7C01                   ADD         #1,R12
    000005BA 900F                   MOV.W       L66+6,R0   ; H'0240
    000005BC 06EC                   MOV.B       @(R0,R14),R6
    000005BE 626C                   EXTU.B      R6,R2
    000005C0 622C                   EXTU.B      R2,R2
    000005C2 3C23                   CMP/GE      R2,R12
    000005C4 8BEC                   BF          L61
    000005C6              L60:
    000005C6 60D3                   MOV         R13,R0
    000005C8 7F0C                   ADD         #12,R15
    000005CA 4F26                   LDS.L       @R15+,PR
    000005CC 6EF6                   MOV.L       @R15+,R14
    000005CE 6DF6                   MOV.L       @R15+,R13
    000005D0 6CF6                   MOV.L       @R15+,R12
    000005D2 000B                   RTS
    000005D4 0009                   NOP
    000005D6              L66:
    000005D6 01C6                   .DATA.W     H'01C6
    000005D8 01C7                   .DATA.W     H'01C7
    000005DA 01BC                   .DATA.W     H'01BC
    000005DC 0240                   .DATA.W     H'0240
    000005DE 0244                   .DATA.W     H'0244
    000005E0 <00000000>             .DATA.L     _ctoh
    000005E4 <00000000>             .DATA.L     _ltoh
SH SERIES C/C++ Compiler (Ver. checker(2003.03.17))                                              16-Nov-2009 12:33:25  PAGE    1


******** STATISTICS INFORMATION ********


********** ERROR INFORMATION ***********

NUMBER OF ERRORS:           0
NUMBER OF WARNINGS:         0
NUMBER OF INFORMATIONS:     0



******* SOURCE LINE INFORMATION ********

COMPILED SOURCE LINE:      118



******* SECTION SIZE INFORMATION *******

PROGRAM  SECTION (P):                               000005E8 Byte(s)
CONSTANT SECTION (C):                               00000000 Byte(s)
DATA     SECTION (D):                               00000000 Byte(s)
BSS      SECTION (B):                               00000000 Byte(s)

TOTAL PROGRAM  SECTION: 000005E8 Byte(s)
TOTAL CONSTANT SECTION: 00000000 Byte(s)
TOTAL DATA     SECTION: 00000000 Byte(s)
TOTAL BSS      SECTION: 00000000 Byte(s)

    TOTAL PROGRAM SIZE: 000005E8 Byte(s)



********** LABEL INFORMATION ***********

NUMBER OF EXTERNAL REFERENCE SYMBOLS:            2
NUMBER OF EXTERNAL DEFINITION SYMBOLS:           1
NUMBER OF INTERNAL/EXTERNAL SYMBOLS:            51
*** COMMAND PARAMETER ***


  -cpu=sh3 -op=0 -en=big -me -debug -comment=nest -l -def=DEBUG -i=P:\PRESTO2\SHINC,C:\usr\local\SH\7_1_1\include,P:\PRESTO2\NORTI_12\inc prr0004.c 

