SH SERIES C/C++ Compiler (Ver. checker(2003.03.17))                                              16-Nov-2009 12:33:51  PAGE    1

************ OBJECT LISTING ************

FILE NAME: prr0072.c

SCT OFFSET   CODE       C LABEL     INSTRUCTION OPERAND    COMMENT

P   00000000              _pr_print_req_netmap:            ; function: pr_print_req_netmap
                                                           ; frame size=8
    00000000 4F22                   STS.L       PR,@-R15
    00000002 7FFC                   ADD         #-4,R15
    00000004 6243                   MOV         R4,R2
    00000006 2F22                   MOV.L       R2,@R15
    00000008 6652                   MOV.L       @R5,R6
    0000000A E309                   MOV         #9,R3      ; H'00000009
    0000000C 3637                   CMP/GT      R3,R6
    0000000E 8B03                   BF          L12
    00000010 6652                   MOV.L       @R5,R6
    00000012 7637                   ADD         #55,R6
    00000014 A002                   BRA         L13
    00000016 0009                   NOP
    00000018              L12:
    00000018 6652                   MOV.L       @R5,R6
    0000001A 7630                   ADD         #48,R6
    0000001C              L13:
    0000001C 6063                   MOV         R6,R0
    0000001E 8025                   MOV.B       R0,@(5,R2)
    00000020 8454                   MOV.B       @(4,R5),R0
    00000022 6603                   MOV         R0,R6
    00000024 646C                   EXTU.B      R6,R4
    00000026 6523                   MOV         R2,R5
    00000028 7506                   ADD         #6,R5
    0000002A 644C                   EXTU.B      R4,R4
    0000002C D304                   MOV.L       L15,R3     ; _ctoh
    0000002E 430B                   JSR         @R3
    00000030 0009                   NOP
    00000032 62F2                   MOV.L       @R15,R2
    00000034 7208                   ADD         #8,R2
    00000036 6023                   MOV         R2,R0
    00000038 7F04                   ADD         #4,R15
    0000003A 4F26                   LDS.L       @R15+,PR
    0000003C 000B                   RTS
    0000003E 0009                   NOP
    00000040              L15:
    00000040 <00000000>             .DATA.L     _ctoh
SH SERIES C/C++ Compiler (Ver. checker(2003.03.17))                                              16-Nov-2009 12:33:51  PAGE    1


******** STATISTICS INFORMATION ********


********** ERROR INFORMATION ***********

NUMBER OF ERRORS:           0
NUMBER OF WARNINGS:         0
NUMBER OF INFORMATIONS:     0



******* SOURCE LINE INFORMATION ********

COMPILED SOURCE LINE:       53



******* SECTION SIZE INFORMATION *******

PROGRAM  SECTION (P):                               00000044 Byte(s)
CONSTANT SECTION (C):                               00000000 Byte(s)
DATA     SECTION (D):                               00000000 Byte(s)
BSS      SECTION (B):                               00000000 Byte(s)

TOTAL PROGRAM  SECTION: 00000044 Byte(s)
TOTAL CONSTANT SECTION: 00000000 Byte(s)
TOTAL DATA     SECTION: 00000000 Byte(s)
TOTAL BSS      SECTION: 00000000 Byte(s)

    TOTAL PROGRAM SIZE: 00000044 Byte(s)



********** LABEL INFORMATION ***********

NUMBER OF EXTERNAL REFERENCE SYMBOLS:            1
NUMBER OF EXTERNAL DEFINITION SYMBOLS:           1
NUMBER OF INTERNAL/EXTERNAL SYMBOLS:             5
*** COMMAND PARAMETER ***


  -cpu=sh3 -op=0 -en=big -me -debug -comment=nest -l -def=DEBUG -i=P:\PRESTO2\SHINC,C:\usr\local\SH\7_1_1\include,P:\PRESTO2\NORTI_12\inc prr0072.c 

