SH SERIES C/C++ Compiler (Ver. checker(2003.03.17))                                              16-Nov-2009 12:33:26  PAGE    1

************ OBJECT LISTING ************

FILE NAME: prr0008.c

SCT OFFSET   CODE       C LABEL     INSTRUCTION OPERAND    COMMENT

P   00000000              _pr_print_bmif_spec:             ; function: pr_print_bmif_spec
                                                           ; frame size=36
    00000000 2FB6                   MOV.L       R11,@-R15
    00000002 2FC6                   MOV.L       R12,@-R15
    00000004 2FD6                   MOV.L       R13,@-R15
    00000006 2FE6                   MOV.L       R14,@-R15
    00000008 4F22                   STS.L       PR,@-R15
    0000000A 7FF0                   ADD         #-16,R15
    0000000C 6C53                   MOV         R5,R12
    0000000E 6643                   MOV         R4,R6
    00000010 1F63                   MOV.L       R6,@(12,R15)
    00000012 62C0                   MOV.B       @R12,R2
    00000014 642C                   EXTU.B      R2,R4
    00000016 6563                   MOV         R6,R5
    00000018 7505                   ADD         #5,R5
    0000001A 644C                   EXTU.B      R4,R4
    0000001C D33C                   MOV.L       L32,R3     ; _ctoh
    0000001E 430B                   JSR         @R3
    00000020 0009                   NOP
    00000022 84C1                   MOV.B       @(1,R12),R0
    00000024 6203                   MOV         R0,R2
    00000026 652C                   EXTU.B      R2,R5
    00000028 655C                   EXTU.B      R5,R5
    0000002A E309                   MOV         #9,R3      ; H'00000009
    0000002C 3537                   CMP/GT      R3,R5
    0000002E 8B07                   BF          L12
    00000030 84C1                   MOV.B       @(1,R12),R0
    00000032 6203                   MOV         R0,R2
    00000034 652C                   EXTU.B      R2,R5
    00000036 655C                   EXTU.B      R5,R5
    00000038 6253                   MOV         R5,R2
    0000003A 7237                   ADD         #55,R2
    0000003C A006                   BRA         L13
    0000003E 0009                   NOP
    00000040              L12:
    00000040 84C1                   MOV.B       @(1,R12),R0
    00000042 6203                   MOV         R0,R2
    00000044 652C                   EXTU.B      R2,R5
    00000046 655C                   EXTU.B      R5,R5
    00000048 6253                   MOV         R5,R2
    0000004A 7230                   ADD         #48,R2
    0000004C              L13:
    0000004C 56F3                   MOV.L       @(12,R15),R6
    0000004E 6023                   MOV         R2,R0
    00000050 8067                   MOV.B       R0,@(7,R6)
    00000052 7608                   ADD         #8,R6
    00000054 6E63                   MOV         R6,R14
    00000056 EB00                   MOV         #0,R11     ; H'00000000
    00000058 6DC3                   MOV         R12,R13
    0000005A 7D04                   ADD         #4,R13
    0000005C 84C1                   MOV.B       @(1,R12),R0
    0000005E 6203                   MOV         R0,R2
    00000060 662C                   EXTU.B      R2,R6
    00000062 666C                   EXTU.B      R6,R6
    00000064 6263                   MOV         R6,R2
    00000066 3B23                   CMP/GE      R2,R11
    00000068 8949                   BT          L14
    0000006A              L15:
    0000006A 64D2                   MOV.L       @R13,R4
    0000006C 65E3                   MOV         R14,R5
    0000006E D329                   MOV.L       L32+4,R3   ; _ltoh
    00000070 430B                   JSR         @R3
    00000072 0009                   NOP
    00000074 7E08                   ADD         #8,R14
    00000076 52D1                   MOV.L       @(4,R13),R2
    00000078 E309                   MOV         #9,R3      ; H'00000009
    0000007A 3237                   CMP/GT      R3,R2
    0000007C 8B03                   BF          L17
    0000007E 52D1                   MOV.L       @(4,R13),R2
    00000080 7237                   ADD         #55,R2
    00000082 A002                   BRA         L18
    00000084 0009                   NOP
    00000086              L17:
    00000086 52D1                   MOV.L       @(4,R13),R2
    00000088 7230                   ADD         #48,R2
    0000008A              L18:
    0000008A 2E20                   MOV.B       R2,@R14
    0000008C 7E01                   ADD         #1,R14
    0000008E 52D2                   MOV.L       @(8,R13),R2
    00000090 E309                   MOV         #9,R3      ; H'00000009
    00000092 3237                   CMP/GT      R3,R2
    00000094 8B03                   BF          L20
    00000096 52D2                   MOV.L       @(8,R13),R2
    00000098 7237                   ADD         #55,R2
    0000009A A002                   BRA         L21
    0000009C 0009                   NOP
    0000009E              L20:
    0000009E 52D2                   MOV.L       @(8,R13),R2
    000000A0 7230                   ADD         #48,R2
    000000A2              L21:
    000000A2 2E20                   MOV.B       R2,@R14
    000000A4 7E01                   ADD         #1,R14
    000000A6 52D3                   MOV.L       @(12,R13),R2
    000000A8 E309                   MOV         #9,R3      ; H'00000009
    000000AA 3237                   CMP/GT      R3,R2
    000000AC 8B03                   BF          L23
    000000AE 52D3                   MOV.L       @(12,R13),R2
    000000B0 7237                   ADD         #55,R2
    000000B2 A002                   BRA         L24
    000000B4 0009                   NOP
    000000B6              L23:
    000000B6 52D3                   MOV.L       @(12,R13),R2
    000000B8 7230                   ADD         #48,R2
    000000BA              L24:
    000000BA 2E20                   MOV.B       R2,@R14
    000000BC 7E01                   ADD         #1,R14
    000000BE 52D4                   MOV.L       @(16,R13),R2
    000000C0 E309                   MOV         #9,R3      ; H'00000009
    000000C2 3237                   CMP/GT      R3,R2
    000000C4 8B03                   BF          L26
    000000C6 52D4                   MOV.L       @(16,R13),R2
    000000C8 7237                   ADD         #55,R2
    000000CA A002                   BRA         L27
    000000CC 0009                   NOP
    000000CE              L26:
    000000CE 52D4                   MOV.L       @(16,R13),R2
    000000D0 7230                   ADD         #48,R2
    000000D2              L27:
    000000D2 2E20                   MOV.B       R2,@R14
    000000D4 7E01                   ADD         #1,R14
    000000D6 52D5                   MOV.L       @(20,R13),R2
    000000D8 E309                   MOV         #9,R3      ; H'00000009
    000000DA 3237                   CMP/GT      R3,R2
    000000DC 8B03                   BF          L29
    000000DE 52D5                   MOV.L       @(20,R13),R2
    000000E0 7237                   ADD         #55,R2
    000000E2 A002                   BRA         L30
    000000E4 0009                   NOP
    000000E6              L29:
    000000E6 52D5                   MOV.L       @(20,R13),R2
    000000E8 7230                   ADD         #48,R2
    000000EA              L30:
    000000EA 2E20                   MOV.B       R2,@R14
    000000EC 7E01                   ADD         #1,R14
    000000EE 7B01                   ADD         #1,R11
    000000F0 7D18                   ADD         #24,R13
    000000F2 84C1                   MOV.B       @(1,R12),R0
    000000F4 6203                   MOV         R0,R2
    000000F6 662C                   EXTU.B      R2,R6
    000000F8 666C                   EXTU.B      R6,R6
    000000FA 3B63                   CMP/GE      R6,R11
    000000FC 8BB5                   BF          L15
    000000FE              L14:
    000000FE 60E3                   MOV         R14,R0
    00000100 7F10                   ADD         #16,R15
    00000102 4F26                   LDS.L       @R15+,PR
    00000104 6EF6                   MOV.L       @R15+,R14
    00000106 6DF6                   MOV.L       @R15+,R13
    00000108 6CF6                   MOV.L       @R15+,R12
    0000010A 6BF6                   MOV.L       @R15+,R11
    0000010C 000B                   RTS
    0000010E 0009                   NOP
    00000110              L32:
    00000110 <00000000>             .DATA.L     _ctoh
    00000114 <00000000>             .DATA.L     _ltoh
SH SERIES C/C++ Compiler (Ver. checker(2003.03.17))                                              16-Nov-2009 12:33:26  PAGE    1


******** STATISTICS INFORMATION ********


********** ERROR INFORMATION ***********

NUMBER OF ERRORS:           0
NUMBER OF WARNINGS:         0
NUMBER OF INFORMATIONS:     0



******* SOURCE LINE INFORMATION ********

COMPILED SOURCE LINE:       72



******* SECTION SIZE INFORMATION *******

PROGRAM  SECTION (P):                               00000118 Byte(s)
CONSTANT SECTION (C):                               00000000 Byte(s)
DATA     SECTION (D):                               00000000 Byte(s)
BSS      SECTION (B):                               00000000 Byte(s)

TOTAL PROGRAM  SECTION: 00000118 Byte(s)
TOTAL CONSTANT SECTION: 00000000 Byte(s)
TOTAL DATA     SECTION: 00000000 Byte(s)
TOTAL BSS      SECTION: 00000000 Byte(s)

    TOTAL PROGRAM SIZE: 00000118 Byte(s)



********** LABEL INFORMATION ***********

NUMBER OF EXTERNAL REFERENCE SYMBOLS:            2
NUMBER OF EXTERNAL DEFINITION SYMBOLS:           1
NUMBER OF INTERNAL/EXTERNAL SYMBOLS:            18
*** COMMAND PARAMETER ***


  -cpu=sh3 -op=0 -en=big -me -debug -comment=nest -l -def=DEBUG -i=P:\PRESTO2\SHINC,C:\usr\local\SH\7_1_1\include,P:\PRESTO2\NORTI_12\inc prr0008.c 

