SH SERIES C/C++ Compiler (Ver. checker(2003.03.17))                                              16-Nov-2009 12:33:31  PAGE    1

************ OBJECT LISTING ************

FILE NAME: prr0020.c

SCT OFFSET   CODE       C LABEL     INSTRUCTION OPERAND    COMMENT

P   00000000              _pr_print_rfdf_parm:             ; function: pr_print_rfdf_parm
                                                           ; frame size=28
    00000000 2FC6                   MOV.L       R12,@-R15
    00000002 2FD6                   MOV.L       R13,@-R15
    00000004 2FE6                   MOV.L       R14,@-R15
    00000006 4F22                   STS.L       PR,@-R15
    00000008 7FF4                   ADD         #-12,R15
    0000000A 6E53                   MOV         R5,R14
    0000000C 6643                   MOV         R4,R6
    0000000E 1F62                   MOV.L       R6,@(8,R15)
    00000010 62E2                   MOV.L       @R14,R2
    00000012 E309                   MOV         #9,R3      ; H'00000009
    00000014 3237                   CMP/GT      R3,R2
    00000016 8B03                   BF          L12
    00000018 62E2                   MOV.L       @R14,R2
    0000001A 7237                   ADD         #55,R2
    0000001C A002                   BRA         L13
    0000001E 0009                   NOP
    00000020              L12:
    00000020 62E2                   MOV.L       @R14,R2
    00000022 7230                   ADD         #48,R2
    00000024              L13:
    00000024 6023                   MOV         R2,R0
    00000026 8065                   MOV.B       R0,@(5,R6)
    00000028 84E4                   MOV.B       @(4,R14),R0
    0000002A 6203                   MOV         R0,R2
    0000002C 642C                   EXTU.B      R2,R4
    0000002E 6563                   MOV         R6,R5
    00000030 7506                   ADD         #6,R5
    00000032 644C                   EXTU.B      R4,R4
    00000034 D353                   MOV.L       L24,R3     ; _ctoh
    00000036 430B                   JSR         @R3
    00000038 0009                   NOP
    0000003A 56F2                   MOV.L       @(8,R15),R6
    0000003C 7608                   ADD         #8,R6
    0000003E 6D63                   MOV         R6,R13
    00000040 EC00                   MOV         #0,R12     ; H'00000000
    00000042 84E4                   MOV.B       @(4,R14),R0
    00000044 6203                   MOV         R0,R2
    00000046 662C                   EXTU.B      R2,R6
    00000048 666C                   EXTU.B      R6,R6
    0000004A 6263                   MOV         R6,R2
    0000004C 3C23                   CMP/GE      R2,R12
    0000004E 8921                   BT          L14
    00000050              L15:
    00000050 62C3                   MOV         R12,R2
    00000052 4200                   SHLL        R2
    00000054 65E3                   MOV         R14,R5
    00000056 7505                   ADD         #5,R5
    00000058 6023                   MOV         R2,R0
    0000005A 065C                   MOV.B       @(R0,R5),R6
    0000005C 646C                   EXTU.B      R6,R4
    0000005E 65D3                   MOV         R13,R5
    00000060 644C                   EXTU.B      R4,R4
    00000062 D348                   MOV.L       L24,R3     ; _ctoh
    00000064 430B                   JSR         @R3
    00000066 0009                   NOP
    00000068 7D02                   ADD         #2,R13
    0000006A 66C3                   MOV         R12,R6
    0000006C 6263                   MOV         R6,R2
    0000006E 4200                   SHLL        R2
    00000070 66E3                   MOV         R14,R6
    00000072 7606                   ADD         #6,R6
    00000074 6023                   MOV         R2,R0
    00000076 056C                   MOV.B       @(R0,R6),R5
    00000078 645C                   EXTU.B      R5,R4
    0000007A 65D3                   MOV         R13,R5
    0000007C 644C                   EXTU.B      R4,R4
    0000007E D341                   MOV.L       L24,R3     ; _ctoh
    00000080 430B                   JSR         @R3
    00000082 0009                   NOP
    00000084 7D02                   ADD         #2,R13
    00000086 7C01                   ADD         #1,R12
    00000088 84E4                   MOV.B       @(4,R14),R0
    0000008A 6203                   MOV         R0,R2
    0000008C 662C                   EXTU.B      R2,R6
    0000008E 666C                   EXTU.B      R6,R6
    00000090 3C63                   CMP/GE      R6,R12
    00000092 8BDD                   BF          L15
    00000094              L14:
    00000094 E045                   MOV         #69,R0     ; H'00000045
    00000096 06EC                   MOV.B       @(R0,R14),R6
    00000098 626C                   EXTU.B      R6,R2
    0000009A 622C                   EXTU.B      R2,R2
    0000009C E309                   MOV         #9,R3      ; H'00000009
    0000009E 3237                   CMP/GT      R3,R2
    000000A0 8B06                   BF          L17
    000000A2 E045                   MOV         #69,R0     ; H'00000045
    000000A4 06EC                   MOV.B       @(R0,R14),R6
    000000A6 626C                   EXTU.B      R6,R2
    000000A8 622C                   EXTU.B      R2,R2
    000000AA 7237                   ADD         #55,R2
    000000AC A005                   BRA         L18
    000000AE 0009                   NOP
    000000B0              L17:
    000000B0 E045                   MOV         #69,R0     ; H'00000045
    000000B2 06EC                   MOV.B       @(R0,R14),R6
    000000B4 626C                   EXTU.B      R6,R2
    000000B6 622C                   EXTU.B      R2,R2
    000000B8 7230                   ADD         #48,R2
    000000BA              L18:
    000000BA 2D20                   MOV.B       R2,@R13
    000000BC 7D01                   ADD         #1,R13
    000000BE EC00                   MOV         #0,R12     ; H'00000000
    000000C0 E045                   MOV         #69,R0     ; H'00000045
    000000C2 06EC                   MOV.B       @(R0,R14),R6
    000000C4 626C                   EXTU.B      R6,R2
    000000C6 622C                   EXTU.B      R2,R2
    000000C8 3C23                   CMP/GE      R2,R12
    000000CA 8921                   BT          L19
    000000CC              L20:
    000000CC 66C3                   MOV         R12,R6
    000000CE 6263                   MOV         R6,R2
    000000D0 4200                   SHLL        R2
    000000D2 66E3                   MOV         R14,R6
    000000D4 7646                   ADD         #70,R6
    000000D6 6023                   MOV         R2,R0
    000000D8 056C                   MOV.B       @(R0,R6),R5
    000000DA 645C                   EXTU.B      R5,R4
    000000DC 65D3                   MOV         R13,R5
    000000DE 644C                   EXTU.B      R4,R4
    000000E0 D328                   MOV.L       L24,R3     ; _ctoh
    000000E2 430B                   JSR         @R3
    000000E4 0009                   NOP
    000000E6 7D02                   ADD         #2,R13
    000000E8 62C3                   MOV         R12,R2
    000000EA 4200                   SHLL        R2
    000000EC 66E3                   MOV         R14,R6
    000000EE 7647                   ADD         #71,R6
    000000F0 6023                   MOV         R2,R0
    000000F2 056C                   MOV.B       @(R0,R6),R5
    000000F4 645C                   EXTU.B      R5,R4
    000000F6 65D3                   MOV         R13,R5
    000000F8 644C                   EXTU.B      R4,R4
    000000FA D322                   MOV.L       L24,R3     ; _ctoh
    000000FC 430B                   JSR         @R3
    000000FE 0009                   NOP
    00000100 7D02                   ADD         #2,R13
    00000102 7C01                   ADD         #1,R12
    00000104 E045                   MOV         #69,R0     ; H'00000045
    00000106 06EC                   MOV.B       @(R0,R14),R6
    00000108 626C                   EXTU.B      R6,R2
    0000010A 622C                   EXTU.B      R2,R2
    0000010C 3C23                   CMP/GE      R2,R12
    0000010E 8BDD                   BF          L20
    00000110              L19:
    00000110 E056                   MOV         #86,R0     ; H'00000056
    00000112 02EC                   MOV.B       @(R0,R14),R2
    00000114 642C                   EXTU.B      R2,R4
    00000116 65D3                   MOV         R13,R5
    00000118 644C                   EXTU.B      R4,R4
    0000011A D31A                   MOV.L       L24,R3     ; _ctoh
    0000011C 430B                   JSR         @R3
    0000011E 0009                   NOP
    00000120 7D02                   ADD         #2,R13
    00000122 EC00                   MOV         #0,R12     ; H'00000000
    00000124 E056                   MOV         #86,R0     ; H'00000056
    00000126 06EC                   MOV.B       @(R0,R14),R6
    00000128 626C                   EXTU.B      R6,R2
    0000012A 622C                   EXTU.B      R2,R2
    0000012C 3C23                   CMP/GE      R2,R12
    0000012E 8921                   BT          L21
    00000130              L22:
    00000130 66C3                   MOV         R12,R6
    00000132 6263                   MOV         R6,R2
    00000134 4200                   SHLL        R2
    00000136 65E3                   MOV         R14,R5
    00000138 7557                   ADD         #87,R5
    0000013A 6023                   MOV         R2,R0
    0000013C 065C                   MOV.B       @(R0,R5),R6
    0000013E 646C                   EXTU.B      R6,R4
    00000140 65D3                   MOV         R13,R5
    00000142 644C                   EXTU.B      R4,R4
    00000144 D30F                   MOV.L       L24,R3     ; _ctoh
    00000146 430B                   JSR         @R3
    00000148 0009                   NOP
    0000014A 7D02                   ADD         #2,R13
    0000014C 62C3                   MOV         R12,R2
    0000014E 4200                   SHLL        R2
    00000150 65E3                   MOV         R14,R5
    00000152 7558                   ADD         #88,R5
    00000154 6023                   MOV         R2,R0
    00000156 065C                   MOV.B       @(R0,R5),R6
    00000158 646C                   EXTU.B      R6,R4
    0000015A 65D3                   MOV         R13,R5
    0000015C 644C                   EXTU.B      R4,R4
    0000015E D309                   MOV.L       L24,R3     ; _ctoh
    00000160 430B                   JSR         @R3
    00000162 0009                   NOP
    00000164 7D02                   ADD         #2,R13
    00000166 7C01                   ADD         #1,R12
    00000168 E056                   MOV         #86,R0     ; H'00000056
    0000016A 06EC                   MOV.B       @(R0,R14),R6
    0000016C 626C                   EXTU.B      R6,R2
    0000016E 622C                   EXTU.B      R2,R2
    00000170 3C23                   CMP/GE      R2,R12
    00000172 8BDD                   BF          L22
    00000174              L21:
    00000174 60D3                   MOV         R13,R0
    00000176 7F0C                   ADD         #12,R15
    00000178 4F26                   LDS.L       @R15+,PR
    0000017A 6EF6                   MOV.L       @R15+,R14
    0000017C 6DF6                   MOV.L       @R15+,R13
    0000017E 6CF6                   MOV.L       @R15+,R12
    00000180 000B                   RTS
    00000182 0009                   NOP
    00000184              L24:
    00000184 <00000000>             .DATA.L     _ctoh
SH SERIES C/C++ Compiler (Ver. checker(2003.03.17))                                              16-Nov-2009 12:33:31  PAGE    1


******** STATISTICS INFORMATION ********


********** ERROR INFORMATION ***********

NUMBER OF ERRORS:           0
NUMBER OF WARNINGS:         0
NUMBER OF INFORMATIONS:     0



******* SOURCE LINE INFORMATION ********

COMPILED SOURCE LINE:       82



******* SECTION SIZE INFORMATION *******

PROGRAM  SECTION (P):                               00000188 Byte(s)
CONSTANT SECTION (C):                               00000000 Byte(s)
DATA     SECTION (D):                               00000000 Byte(s)
BSS      SECTION (B):                               00000000 Byte(s)

TOTAL PROGRAM  SECTION: 00000188 Byte(s)
TOTAL CONSTANT SECTION: 00000000 Byte(s)
TOTAL DATA     SECTION: 00000000 Byte(s)
TOTAL BSS      SECTION: 00000000 Byte(s)

    TOTAL PROGRAM SIZE: 00000188 Byte(s)



********** LABEL INFORMATION ***********

NUMBER OF EXTERNAL REFERENCE SYMBOLS:            1
NUMBER OF EXTERNAL DEFINITION SYMBOLS:           1
NUMBER OF INTERNAL/EXTERNAL SYMBOLS:            13
*** COMMAND PARAMETER ***


  -cpu=sh3 -op=0 -en=big -me -debug -comment=nest -l -def=DEBUG -i=P:\PRESTO2\SHINC,C:\usr\local\SH\7_1_1\include,P:\PRESTO2\NORTI_12\inc prr0020.c 

