SH SERIES C/C++ Compiler (Ver. checker(2003.03.17))                                              16-Nov-2009 12:34:02  PAGE    1

************ OBJECT LISTING ************

FILE NAME: prr0130.c

SCT OFFSET   CODE       C LABEL     INSTRUCTION OPERAND    COMMENT

P   00000000              _pr_print_fzero:                 ; function: pr_print_fzero
                                                           ; frame size=12
    00000000 2FD6                   MOV.L       R13,@-R15
    00000002 2FE6                   MOV.L       R14,@-R15
    00000004 4F22                   STS.L       PR,@-R15
    00000006 6D53                   MOV         R5,R13
    00000008 6E43                   MOV         R4,R14
    0000000A 64D2                   MOV.L       @R13,R4
    0000000C 65E3                   MOV         R14,R5
    0000000E 7505                   ADD         #5,R5
    00000010 D308                   MOV.L       L12+2,R3   ; _ltoh
    00000012 430B                   JSR         @R3
    00000014 0009                   NOP
    00000016 54D1                   MOV.L       @(4,R13),R4
    00000018 65E3                   MOV         R14,R5
    0000001A 750D                   ADD         #13,R5
    0000001C D305                   MOV.L       L12+2,R3   ; _ltoh
    0000001E 430B                   JSR         @R3
    00000020 0009                   NOP
    00000022 7E15                   ADD         #21,R14
    00000024 62E3                   MOV         R14,R2
    00000026 6023                   MOV         R2,R0
    00000028 4F26                   LDS.L       @R15+,PR
    0000002A 6EF6                   MOV.L       @R15+,R14
    0000002C 6DF6                   MOV.L       @R15+,R13
    0000002E 000B                   RTS
    00000030 0009                   NOP
    00000032              L12:
    00000032 00000002               .RES.W      1
    00000034 <00000000>             .DATA.L     _ltoh
SH SERIES C/C++ Compiler (Ver. checker(2003.03.17))                                              16-Nov-2009 12:34:02  PAGE    1


******** STATISTICS INFORMATION ********


********** ERROR INFORMATION ***********

NUMBER OF ERRORS:           0
NUMBER OF WARNINGS:         0
NUMBER OF INFORMATIONS:     0



******* SOURCE LINE INFORMATION ********

COMPILED SOURCE LINE:       51



******* SECTION SIZE INFORMATION *******

PROGRAM  SECTION (P):                               00000038 Byte(s)
CONSTANT SECTION (C):                               00000000 Byte(s)
DATA     SECTION (D):                               00000000 Byte(s)
BSS      SECTION (B):                               00000000 Byte(s)

TOTAL PROGRAM  SECTION: 00000038 Byte(s)
TOTAL CONSTANT SECTION: 00000000 Byte(s)
TOTAL DATA     SECTION: 00000000 Byte(s)
TOTAL BSS      SECTION: 00000000 Byte(s)

    TOTAL PROGRAM SIZE: 00000038 Byte(s)



********** LABEL INFORMATION ***********

NUMBER OF EXTERNAL REFERENCE SYMBOLS:            1
NUMBER OF EXTERNAL DEFINITION SYMBOLS:           1
NUMBER OF INTERNAL/EXTERNAL SYMBOLS:             3
*** COMMAND PARAMETER ***


  -cpu=sh3 -op=0 -en=big -me -debug -comment=nest -l -def=DEBUG -i=P:\PRESTO2\SHINC,C:\usr\local\SH\7_1_1\include,P:\PRESTO2\NORTI_12\inc prr0130.c 

