SH SERIES C/C++ Compiler (Ver. checker(2003.03.17))                                              16-Nov-2009 12:33:31  PAGE    1

************ OBJECT LISTING ************

FILE NAME: prr0019.c

SCT OFFSET   CODE       C LABEL     INSTRUCTION OPERAND    COMMENT

P   00000000              _pr_scan_rfdf_parm:              ; function: pr_scan_rfdf_parm
                                                           ; frame size=20
    00000000 2FD6                   MOV.L       R13,@-R15
    00000002 2FE6                   MOV.L       R14,@-R15
    00000004 4F22                   STS.L       PR,@-R15
    00000006 7FF8                   ADD         #-8,R15
    00000008 6E43                   MOV         R4,R14
    0000000A 84E5                   MOV.B       @(5,R14),R0
    0000000C 6603                   MOV         R0,R6
    0000000E 626C                   EXTU.B      R6,R2
    00000010 622C                   EXTU.B      R2,R2
    00000012 E339                   MOV         #57,R3     ; H'00000039
    00000014 3237                   CMP/GT      R3,R2
    00000016 8B07                   BF          L12
    00000018 84E5                   MOV.B       @(5,R14),R0
    0000001A 6603                   MOV         R0,R6
    0000001C 626C                   EXTU.B      R6,R2
    0000001E 622C                   EXTU.B      R2,R2
    00000020 6623                   MOV         R2,R6
    00000022 76C9                   ADD         #-55,R6
    00000024 A005                   BRA         L13
    00000026 0009                   NOP
    00000028              L12:
    00000028 84E5                   MOV.B       @(5,R14),R0
    0000002A 6203                   MOV         R0,R2
    0000002C 662C                   EXTU.B      R2,R6
    0000002E 666C                   EXTU.B      R6,R6
    00000030 76D0                   ADD         #-48,R6
    00000032              L13:
    00000032 666C                   EXTU.B      R6,R6
    00000034 6263                   MOV         R6,R2
    00000036 6323                   MOV         R2,R3
    00000038 D155                   MOV.L       L24+2,R1   ; _prr0019s
    0000003A 2132                   MOV.L       R3,@R1
    0000003C 64E3                   MOV         R14,R4
    0000003E 7406                   ADD         #6,R4
    00000040 D354                   MOV.L       L24+6,R3   ; _htoc
    00000042 430B                   JSR         @R3
    00000044 0009                   NOP
    00000046 6203                   MOV         R0,R2
    00000048 632C                   EXTU.B      R2,R3
    0000004A D153                   MOV.L       L24+10,R1  ; H'00000004+_prr0019s
    0000004C 2130                   MOV.B       R3,@R1
    0000004E 7E08                   ADD         #8,R14
    00000050 ED00                   MOV         #0,R13     ; H'00000000
    00000052 D351                   MOV.L       L24+10,R3  ; H'00000004+_prr0019s
    00000054 6330                   MOV.B       @R3,R3
    00000056 633C                   EXTU.B      R3,R3
    00000058 6633                   MOV         R3,R6
    0000005A 3D63                   CMP/GE      R6,R13
    0000005C 8920                   BT          L14
    0000005E              L15:
    0000005E 64E3                   MOV         R14,R4
    00000060 D34C                   MOV.L       L24+6,R3   ; _htoc
    00000062 430B                   JSR         @R3
    00000064 0009                   NOP
    00000066 6203                   MOV         R0,R2
    00000068 652C                   EXTU.B      R2,R5
    0000006A D44C                   MOV.L       L24+14,R4  ; H'00000005+_prr0019s
    0000006C 66D3                   MOV         R13,R6
    0000006E 6263                   MOV         R6,R2
    00000070 4200                   SHLL        R2
    00000072 6023                   MOV         R2,R0
    00000074 0454                   MOV.B       R5,@(R0,R4)
    00000076 7E02                   ADD         #2,R14
    00000078 64E3                   MOV         R14,R4
    0000007A D346                   MOV.L       L24+6,R3   ; _htoc
    0000007C 430B                   JSR         @R3
    0000007E 0009                   NOP
    00000080 6203                   MOV         R0,R2
    00000082 652C                   EXTU.B      R2,R5
    00000084 D245                   MOV.L       L24+14,R2  ; H'00000005+_prr0019s
    00000086 7201                   ADD         #1,R2
    00000088 66D3                   MOV         R13,R6
    0000008A 4600                   SHLL        R6
    0000008C 6063                   MOV         R6,R0
    0000008E 0254                   MOV.B       R5,@(R0,R2)
    00000090 7E02                   ADD         #2,R14
    00000092 7D01                   ADD         #1,R13
    00000094 D340                   MOV.L       L24+10,R3  ; H'00000004+_prr0019s
    00000096 6330                   MOV.B       @R3,R3
    00000098 633C                   EXTU.B      R3,R3
    0000009A 6233                   MOV         R3,R2
    0000009C 3D23                   CMP/GE      R2,R13
    0000009E 8BDE                   BF          L15
    000000A0              L14:
    000000A0 62E0                   MOV.B       @R14,R2
    000000A2 662C                   EXTU.B      R2,R6
    000000A4 666C                   EXTU.B      R6,R6
    000000A6 E339                   MOV         #57,R3     ; H'00000039
    000000A8 3637                   CMP/GT      R3,R6
    000000AA 8B06                   BF          L17
    000000AC 62E0                   MOV.B       @R14,R2
    000000AE 662C                   EXTU.B      R2,R6
    000000B0 666C                   EXTU.B      R6,R6
    000000B2 6263                   MOV         R6,R2
    000000B4 72C9                   ADD         #-55,R2
    000000B6 A005                   BRA         L18
    000000B8 0009                   NOP
    000000BA              L17:
    000000BA 62E0                   MOV.B       @R14,R2
    000000BC 662C                   EXTU.B      R2,R6
    000000BE 666C                   EXTU.B      R6,R6
    000000C0 6263                   MOV         R6,R2
    000000C2 72D0                   ADD         #-48,R2
    000000C4              L18:
    000000C4 6623                   MOV         R2,R6
    000000C6 6363                   MOV         R6,R3
    000000C8 D135                   MOV.L       L24+18,R1  ; H'00000045+_prr0019s
    000000CA 2130                   MOV.B       R3,@R1
    000000CC 7E01                   ADD         #1,R14
    000000CE ED00                   MOV         #0,R13     ; H'00000000
    000000D0 D333                   MOV.L       L24+18,R3  ; H'00000045+_prr0019s
    000000D2 6330                   MOV.B       @R3,R3
    000000D4 633C                   EXTU.B      R3,R3
    000000D6 6633                   MOV         R3,R6
    000000D8 3D63                   CMP/GE      R6,R13
    000000DA 891F                   BT          L19
    000000DC              L20:
    000000DC 64E3                   MOV         R14,R4
    000000DE D32D                   MOV.L       L24+6,R3   ; _htoc
    000000E0 430B                   JSR         @R3
    000000E2 0009                   NOP
    000000E4 6203                   MOV         R0,R2
    000000E6 662C                   EXTU.B      R2,R6
    000000E8 D52E                   MOV.L       L24+22,R5  ; H'00000046+_prr0019s
    000000EA 62D3                   MOV         R13,R2
    000000EC 4200                   SHLL        R2
    000000EE 6023                   MOV         R2,R0
    000000F0 0564                   MOV.B       R6,@(R0,R5)
    000000F2 7E02                   ADD         #2,R14
    000000F4 64E3                   MOV         R14,R4
    000000F6 D327                   MOV.L       L24+6,R3   ; _htoc
    000000F8 430B                   JSR         @R3
    000000FA 0009                   NOP
    000000FC 6203                   MOV         R0,R2
    000000FE 652C                   EXTU.B      R2,R5
    00000100 D228                   MOV.L       L24+22,R2  ; H'00000046+_prr0019s
    00000102 7201                   ADD         #1,R2
    00000104 66D3                   MOV         R13,R6
    00000106 4600                   SHLL        R6
    00000108 6063                   MOV         R6,R0
    0000010A 0254                   MOV.B       R5,@(R0,R2)
    0000010C 7E02                   ADD         #2,R14
    0000010E 7D01                   ADD         #1,R13
    00000110 D323                   MOV.L       L24+18,R3  ; H'00000045+_prr0019s
    00000112 6330                   MOV.B       @R3,R3
    00000114 633C                   EXTU.B      R3,R3
    00000116 6233                   MOV         R3,R2
    00000118 3D23                   CMP/GE      R2,R13
    0000011A 8BDF                   BF          L20
    0000011C              L19:
    0000011C 64E3                   MOV         R14,R4
    0000011E D31D                   MOV.L       L24+6,R3   ; _htoc
    00000120 430B                   JSR         @R3
    00000122 0009                   NOP
    00000124 6203                   MOV         R0,R2
    00000126 632C                   EXTU.B      R2,R3
    00000128 D11F                   MOV.L       L24+26,R1  ; H'00000056+_prr0019s
    0000012A 2130                   MOV.B       R3,@R1
    0000012C 7E02                   ADD         #2,R14
    0000012E ED00                   MOV         #0,R13     ; H'00000000
    00000130 D31D                   MOV.L       L24+26,R3  ; H'00000056+_prr0019s
    00000132 6330                   MOV.B       @R3,R3
    00000134 633C                   EXTU.B      R3,R3
    00000136 6233                   MOV         R3,R2
    00000138 3D23                   CMP/GE      R2,R13
    0000013A 8920                   BT          L21
    0000013C              L22:
    0000013C 64E3                   MOV         R14,R4
    0000013E D315                   MOV.L       L24+6,R3   ; _htoc
    00000140 430B                   JSR         @R3
    00000142 0009                   NOP
    00000144 6203                   MOV         R0,R2
    00000146 652C                   EXTU.B      R2,R5
    00000148 D418                   MOV.L       L24+30,R4  ; H'00000057+_prr0019s
    0000014A 66D3                   MOV         R13,R6
    0000014C 6263                   MOV         R6,R2
    0000014E 4200                   SHLL        R2
    00000150 6023                   MOV         R2,R0
    00000152 0454                   MOV.B       R5,@(R0,R4)
    00000154 7E02                   ADD         #2,R14
    00000156 64E3                   MOV         R14,R4
    00000158 D30E                   MOV.L       L24+6,R3   ; _htoc
    0000015A 430B                   JSR         @R3
    0000015C 0009                   NOP
    0000015E 6203                   MOV         R0,R2
    00000160 652C                   EXTU.B      R2,R5
    00000162 D212                   MOV.L       L24+30,R2  ; H'00000057+_prr0019s
    00000164 7201                   ADD         #1,R2
    00000166 66D3                   MOV         R13,R6
    00000168 4600                   SHLL        R6
    0000016A 6063                   MOV         R6,R0
    0000016C 0254                   MOV.B       R5,@(R0,R2)
    0000016E 7E02                   ADD         #2,R14
    00000170 7D01                   ADD         #1,R13
    00000172 D30D                   MOV.L       L24+26,R3  ; H'00000056+_prr0019s
    00000174 6330                   MOV.B       @R3,R3
    00000176 633C                   EXTU.B      R3,R3
    00000178 6233                   MOV         R3,R2
    0000017A 3D23                   CMP/GE      R2,R13
    0000017C 8BDE                   BF          L22
    0000017E              L21:
    0000017E E200                   MOV         #0,R2      ; H'00000000
    00000180 6023                   MOV         R2,R0
    00000182 7F08                   ADD         #8,R15
    00000184 4F26                   LDS.L       @R15+,PR
    00000186 6EF6                   MOV.L       @R15+,R14
    00000188 6DF6                   MOV.L       @R15+,R13
    0000018A 000B                   RTS
    0000018C 0009                   NOP
    0000018E              L24:
    0000018E 00000002               .RES.W      1
    00000190 <00000000>             .DATA.L     _prr0019s
    00000194 <00000000>             .DATA.L     _htoc
    00000198 <00000004>             .DATA.L     H'00000004+_prr0019s
    0000019C <00000005>             .DATA.L     H'00000005+_prr0019s
    000001A0 <00000045>             .DATA.L     H'00000045+_prr0019s
    000001A4 <00000046>             .DATA.L     H'00000046+_prr0019s
    000001A8 <00000056>             .DATA.L     H'00000056+_prr0019s
    000001AC <00000057>             .DATA.L     H'00000057+_prr0019s
B   00000000              _prr0019s:                       ; static: prr0019s
    00000000 00000004               .RES.L      38
SH SERIES C/C++ Compiler (Ver. checker(2003.03.17))                                              16-Nov-2009 12:33:31  PAGE    1


******** STATISTICS INFORMATION ********


********** ERROR INFORMATION ***********

NUMBER OF ERRORS:           0
NUMBER OF WARNINGS:         0
NUMBER OF INFORMATIONS:     0



******* SOURCE LINE INFORMATION ********

COMPILED SOURCE LINE:       82



******* SECTION SIZE INFORMATION *******

PROGRAM  SECTION (P):                               000001B0 Byte(s)
CONSTANT SECTION (C):                               00000000 Byte(s)
DATA     SECTION (D):                               00000000 Byte(s)
BSS      SECTION (B):                               00000098 Byte(s)

TOTAL PROGRAM  SECTION: 000001B0 Byte(s)
TOTAL CONSTANT SECTION: 00000000 Byte(s)
TOTAL DATA     SECTION: 00000000 Byte(s)
TOTAL BSS      SECTION: 00000098 Byte(s)

    TOTAL PROGRAM SIZE: 00000248 Byte(s)



********** LABEL INFORMATION ***********

NUMBER OF EXTERNAL REFERENCE SYMBOLS:            1
NUMBER OF EXTERNAL DEFINITION SYMBOLS:           2
NUMBER OF INTERNAL/EXTERNAL SYMBOLS:            14
*** COMMAND PARAMETER ***


  -cpu=sh3 -op=0 -en=big -me -debug -comment=nest -l -def=DEBUG -i=P:\PRESTO2\SHINC,C:\usr\local\SH\7_1_1\include,P:\PRESTO2\NORTI_12\inc prr0019.c 

