SH SERIES C/C++ Compiler (Ver. checker(2003.03.17))                                              16-Nov-2009 12:33:26  PAGE    1

************ OBJECT LISTING ************

FILE NAME: prr0007.c

SCT OFFSET   CODE       C LABEL     INSTRUCTION OPERAND    COMMENT

P   00000000              _pr_scan_bmif_spec:              ; function: pr_scan_bmif_spec
                                                           ; frame size=20
    00000000 2FD6                   MOV.L       R13,@-R15
    00000002 2FE6                   MOV.L       R14,@-R15
    00000004 4F22                   STS.L       PR,@-R15
    00000006 7FF8                   ADD         #-8,R15
    00000008 6E43                   MOV         R4,R14
    0000000A 64E3                   MOV         R14,R4
    0000000C 7405                   ADD         #5,R4
    0000000E D375                   MOV.L       L32+2,R3   ; _htoc
    00000010 430B                   JSR         @R3
    00000012 0009                   NOP
    00000014 6203                   MOV         R0,R2
    00000016 632C                   EXTU.B      R2,R3
    00000018 D173                   MOV.L       L32+6,R1   ; _prr0007s
    0000001A 2130                   MOV.B       R3,@R1
    0000001C 84E7                   MOV.B       @(7,R14),R0
    0000001E 6203                   MOV         R0,R2
    00000020 662C                   EXTU.B      R2,R6
    00000022 666C                   EXTU.B      R6,R6
    00000024 E339                   MOV         #57,R3     ; H'00000039
    00000026 3637                   CMP/GT      R3,R6
    00000028 8B06                   BF          L12
    0000002A 84E7                   MOV.B       @(7,R14),R0
    0000002C 6603                   MOV         R0,R6
    0000002E 626C                   EXTU.B      R6,R2
    00000030 622C                   EXTU.B      R2,R2
    00000032 72C9                   ADD         #-55,R2
    00000034 A006                   BRA         L13
    00000036 0009                   NOP
    00000038              L12:
    00000038 84E7                   MOV.B       @(7,R14),R0
    0000003A 6203                   MOV         R0,R2
    0000003C 662C                   EXTU.B      R2,R6
    0000003E 666C                   EXTU.B      R6,R6
    00000040 6263                   MOV         R6,R2
    00000042 72D0                   ADD         #-48,R2
    00000044              L13:
    00000044 6623                   MOV         R2,R6
    00000046 6363                   MOV         R6,R3
    00000048 D168                   MOV.L       L32+10,R1  ; H'00000001+_prr0007s
    0000004A 2130                   MOV.B       R3,@R1
    0000004C 7E08                   ADD         #8,R14
    0000004E ED00                   MOV         #0,R13     ; H'00000000
    00000050 D366                   MOV.L       L32+10,R3  ; H'00000001+_prr0007s
    00000052 6330                   MOV.B       @R3,R3
    00000054 633C                   EXTU.B      R3,R3
    00000056 6233                   MOV         R3,R2
    00000058 3D23                   CMP/GE      R2,R13
    0000005A 8B01                   BF          L33
    0000005C A0B9                   BRA         L14
    0000005E 0009                   NOP
    00000060              L33:
    00000060              L15:
    00000060 64E3                   MOV         R14,R4
    00000062 D363                   MOV.L       L32+14,R3  ; _htol
    00000064 430B                   JSR         @R3
    00000066 0009                   NOP
    00000068 6503                   MOV         R0,R5
    0000006A D462                   MOV.L       L32+18,R4  ; H'00000004+_prr0007s
    0000006C 66D3                   MOV         R13,R6
    0000006E 6263                   MOV         R6,R2
    00000070 4608                   SHLL2       R6
    00000072 4608                   SHLL2       R6
    00000074 4208                   SHLL2       R2
    00000076 4200                   SHLL        R2
    00000078 362C                   ADD         R2,R6
    0000007A 6063                   MOV         R6,R0
    0000007C 0456                   MOV.L       R5,@(R0,R4)
    0000007E 7E08                   ADD         #8,R14
    00000080 62E0                   MOV.B       @R14,R2
    00000082 662C                   EXTU.B      R2,R6
    00000084 666C                   EXTU.B      R6,R6
    00000086 E339                   MOV         #57,R3     ; H'00000039
    00000088 3637                   CMP/GT      R3,R6
    0000008A 8B06                   BF          L17
    0000008C 62E0                   MOV.B       @R14,R2
    0000008E 662C                   EXTU.B      R2,R6
    00000090 666C                   EXTU.B      R6,R6
    00000092 6263                   MOV         R6,R2
    00000094 72C9                   ADD         #-55,R2
    00000096 A005                   BRA         L18
    00000098 0009                   NOP
    0000009A              L17:
    0000009A 62E0                   MOV.B       @R14,R2
    0000009C 662C                   EXTU.B      R2,R6
    0000009E 666C                   EXTU.B      R6,R6
    000000A0 6263                   MOV         R6,R2
    000000A2 72D0                   ADD         #-48,R2
    000000A4              L18:
    000000A4 6623                   MOV         R2,R6
    000000A6 666C                   EXTU.B      R6,R6
    000000A8 D452                   MOV.L       L32+18,R4  ; H'00000004+_prr0007s
    000000AA 7404                   ADD         #4,R4
    000000AC 62D3                   MOV         R13,R2
    000000AE 6523                   MOV         R2,R5
    000000B0 4208                   SHLL2       R2
    000000B2 4208                   SHLL2       R2
    000000B4 4508                   SHLL2       R5
    000000B6 4500                   SHLL        R5
    000000B8 325C                   ADD         R5,R2
    000000BA 6023                   MOV         R2,R0
    000000BC 0466                   MOV.L       R6,@(R0,R4)
    000000BE 7E01                   ADD         #1,R14
    000000C0 66E0                   MOV.B       @R14,R6
    000000C2 626C                   EXTU.B      R6,R2
    000000C4 622C                   EXTU.B      R2,R2
    000000C6 E339                   MOV         #57,R3     ; H'00000039
    000000C8 3237                   CMP/GT      R3,R2
    000000CA 8B06                   BF          L20
    000000CC 62E0                   MOV.B       @R14,R2
    000000CE 662C                   EXTU.B      R2,R6
    000000D0 666C                   EXTU.B      R6,R6
    000000D2 6263                   MOV         R6,R2
    000000D4 72C9                   ADD         #-55,R2
    000000D6 A005                   BRA         L21
    000000D8 0009                   NOP
    000000DA              L20:
    000000DA 62E0                   MOV.B       @R14,R2
    000000DC 662C                   EXTU.B      R2,R6
    000000DE 666C                   EXTU.B      R6,R6
    000000E0 6263                   MOV         R6,R2
    000000E2 72D0                   ADD         #-48,R2
    000000E4              L21:
    000000E4 6623                   MOV         R2,R6
    000000E6 666C                   EXTU.B      R6,R6
    000000E8 D442                   MOV.L       L32+18,R4  ; H'00000004+_prr0007s
    000000EA 7408                   ADD         #8,R4
    000000EC 65D3                   MOV         R13,R5
    000000EE 6253                   MOV         R5,R2
    000000F0 4508                   SHLL2       R5
    000000F2 4508                   SHLL2       R5
    000000F4 4208                   SHLL2       R2
    000000F6 4200                   SHLL        R2
    000000F8 352C                   ADD         R2,R5
    000000FA 6053                   MOV         R5,R0
    000000FC 0466                   MOV.L       R6,@(R0,R4)
    000000FE 7E01                   ADD         #1,R14
    00000100 66E0                   MOV.B       @R14,R6
    00000102 626C                   EXTU.B      R6,R2
    00000104 622C                   EXTU.B      R2,R2
    00000106 E339                   MOV         #57,R3     ; H'00000039
    00000108 3237                   CMP/GT      R3,R2
    0000010A 8B06                   BF          L23
    0000010C 62E0                   MOV.B       @R14,R2
    0000010E 662C                   EXTU.B      R2,R6
    00000110 666C                   EXTU.B      R6,R6
    00000112 6263                   MOV         R6,R2
    00000114 72C9                   ADD         #-55,R2
    00000116 A005                   BRA         L24
    00000118 0009                   NOP
    0000011A              L23:
    0000011A 62E0                   MOV.B       @R14,R2
    0000011C 662C                   EXTU.B      R2,R6
    0000011E 666C                   EXTU.B      R6,R6
    00000120 6263                   MOV         R6,R2
    00000122 72D0                   ADD         #-48,R2
    00000124              L24:
    00000124 6623                   MOV         R2,R6
    00000126 666C                   EXTU.B      R6,R6
    00000128 D432                   MOV.L       L32+18,R4  ; H'00000004+_prr0007s
    0000012A 740C                   ADD         #12,R4
    0000012C 65D3                   MOV         R13,R5
    0000012E 6253                   MOV         R5,R2
    00000130 4508                   SHLL2       R5
    00000132 4508                   SHLL2       R5
    00000134 4208                   SHLL2       R2
    00000136 4200                   SHLL        R2
    00000138 352C                   ADD         R2,R5
    0000013A 6053                   MOV         R5,R0
    0000013C 0466                   MOV.L       R6,@(R0,R4)
    0000013E 7E01                   ADD         #1,R14
    00000140 66E0                   MOV.B       @R14,R6
    00000142 626C                   EXTU.B      R6,R2
    00000144 622C                   EXTU.B      R2,R2
    00000146 E339                   MOV         #57,R3     ; H'00000039
    00000148 3237                   CMP/GT      R3,R2
    0000014A 8B06                   BF          L26
    0000014C 62E0                   MOV.B       @R14,R2
    0000014E 662C                   EXTU.B      R2,R6
    00000150 666C                   EXTU.B      R6,R6
    00000152 6263                   MOV         R6,R2
    00000154 72C9                   ADD         #-55,R2
    00000156 A005                   BRA         L27
    00000158 0009                   NOP
    0000015A              L26:
    0000015A 62E0                   MOV.B       @R14,R2
    0000015C 662C                   EXTU.B      R2,R6
    0000015E 666C                   EXTU.B      R6,R6
    00000160 6263                   MOV         R6,R2
    00000162 72D0                   ADD         #-48,R2
    00000164              L27:
    00000164 6623                   MOV         R2,R6
    00000166 666C                   EXTU.B      R6,R6
    00000168 D422                   MOV.L       L32+18,R4  ; H'00000004+_prr0007s
    0000016A 7410                   ADD         #16,R4
    0000016C 62D3                   MOV         R13,R2
    0000016E 6523                   MOV         R2,R5
    00000170 4208                   SHLL2       R2
    00000172 4208                   SHLL2       R2
    00000174 4508                   SHLL2       R5
    00000176 4500                   SHLL        R5
    00000178 325C                   ADD         R5,R2
    0000017A 6023                   MOV         R2,R0
    0000017C 0466                   MOV.L       R6,@(R0,R4)
    0000017E 7E01                   ADD         #1,R14
    00000180 66E0                   MOV.B       @R14,R6
    00000182 626C                   EXTU.B      R6,R2
    00000184 622C                   EXTU.B      R2,R2
    00000186 E339                   MOV         #57,R3     ; H'00000039
    00000188 3237                   CMP/GT      R3,R2
    0000018A 8B06                   BF          L29
    0000018C 62E0                   MOV.B       @R14,R2
    0000018E 662C                   EXTU.B      R2,R6
    00000190 666C                   EXTU.B      R6,R6
    00000192 6263                   MOV         R6,R2
    00000194 72C9                   ADD         #-55,R2
    00000196 A005                   BRA         L30
    00000198 0009                   NOP
    0000019A              L29:
    0000019A 62E0                   MOV.B       @R14,R2
    0000019C 662C                   EXTU.B      R2,R6
    0000019E 666C                   EXTU.B      R6,R6
    000001A0 6263                   MOV         R6,R2
    000001A2 72D0                   ADD         #-48,R2
    000001A4              L30:
    000001A4 6623                   MOV         R2,R6
    000001A6 666C                   EXTU.B      R6,R6
    000001A8 D412                   MOV.L       L32+18,R4  ; H'00000004+_prr0007s
    000001AA 7414                   ADD         #20,R4
    000001AC 65D3                   MOV         R13,R5
    000001AE 6253                   MOV         R5,R2
    000001B0 4508                   SHLL2       R5
    000001B2 4508                   SHLL2       R5
    000001B4 4208                   SHLL2       R2
    000001B6 4200                   SHLL        R2
    000001B8 352C                   ADD         R2,R5
    000001BA 6053                   MOV         R5,R0
    000001BC 0466                   MOV.L       R6,@(R0,R4)
    000001BE 7E01                   ADD         #1,R14
    000001C0 7D01                   ADD         #1,R13
    000001C2 D30A                   MOV.L       L32+10,R3  ; H'00000001+_prr0007s
    000001C4 6330                   MOV.B       @R3,R3
    000001C6 633C                   EXTU.B      R3,R3
    000001C8 6233                   MOV         R3,R2
    000001CA 3D23                   CMP/GE      R2,R13
    000001CC 8901                   BT          L34
    000001CE AF47                   BRA         L15
    000001D0 0009                   NOP
    000001D2              L34:
    000001D2              L14:
    000001D2 E200                   MOV         #0,R2      ; H'00000000
    000001D4 6023                   MOV         R2,R0
    000001D6 7F08                   ADD         #8,R15
    000001D8 4F26                   LDS.L       @R15+,PR
    000001DA 6EF6                   MOV.L       @R15+,R14
    000001DC 6DF6                   MOV.L       @R15+,R13
    000001DE 000B                   RTS
    000001E0 0009                   NOP
    000001E2              L32:
    000001E2 00000002               .RES.W      1
    000001E4 <00000000>             .DATA.L     _htoc
    000001E8 <00000000>             .DATA.L     _prr0007s
    000001EC <00000001>             .DATA.L     H'00000001+_prr0007s
    000001F0 <00000000>             .DATA.L     _htol
    000001F4 <00000004>             .DATA.L     H'00000004+_prr0007s
B   00000000              _prr0007s:                       ; static: prr0007s
    00000000 00000004               .RES.L      25
SH SERIES C/C++ Compiler (Ver. checker(2003.03.17))                                              16-Nov-2009 12:33:26  PAGE    1


******** STATISTICS INFORMATION ********


********** ERROR INFORMATION ***********

NUMBER OF ERRORS:           0
NUMBER OF WARNINGS:         0
NUMBER OF INFORMATIONS:     0



******* SOURCE LINE INFORMATION ********

COMPILED SOURCE LINE:       71



******* SECTION SIZE INFORMATION *******

PROGRAM  SECTION (P):                               000001F8 Byte(s)
CONSTANT SECTION (C):                               00000000 Byte(s)
DATA     SECTION (D):                               00000000 Byte(s)
BSS      SECTION (B):                               00000064 Byte(s)

TOTAL PROGRAM  SECTION: 000001F8 Byte(s)
TOTAL CONSTANT SECTION: 00000000 Byte(s)
TOTAL DATA     SECTION: 00000000 Byte(s)
TOTAL BSS      SECTION: 00000064 Byte(s)

    TOTAL PROGRAM SIZE: 0000025C Byte(s)



********** LABEL INFORMATION ***********

NUMBER OF EXTERNAL REFERENCE SYMBOLS:            2
NUMBER OF EXTERNAL DEFINITION SYMBOLS:           2
NUMBER OF INTERNAL/EXTERNAL SYMBOLS:            21
*** COMMAND PARAMETER ***


  -cpu=sh3 -op=0 -en=big -me -debug -comment=nest -l -def=DEBUG -i=P:\PRESTO2\SHINC,C:\usr\local\SH\7_1_1\include,P:\PRESTO2\NORTI_12\inc prr0007.c 

