SH SERIES C/C++ Compiler (Ver. checker(2003.03.17))                                              16-Nov-2009 12:33:27  PAGE    1

************ OBJECT LISTING ************

FILE NAME: prr0010.c

SCT OFFSET   CODE       C LABEL     INSTRUCTION OPERAND    COMMENT

P   00000000              _pr_print_wei_spec:              ; function: pr_print_wei_spec
                                                           ; frame size=48
    00000000 2F86                   MOV.L       R8,@-R15
    00000002 2F96                   MOV.L       R9,@-R15
    00000004 2FA6                   MOV.L       R10,@-R15
    00000006 2FB6                   MOV.L       R11,@-R15
    00000008 2FC6                   MOV.L       R12,@-R15
    0000000A 2FD6                   MOV.L       R13,@-R15
    0000000C 2FE6                   MOV.L       R14,@-R15
    0000000E 4F22                   STS.L       PR,@-R15
    00000010 4F12                   STS.L       MACL,@-R15
    00000012 7FF4                   ADD         #-12,R15
    00000014 6D53                   MOV         R5,R13
    00000016 66D0                   MOV.B       @R13,R6
    00000018 626C                   EXTU.B      R6,R2
    0000001A 622C                   EXTU.B      R2,R2
    0000001C E309                   MOV         #9,R3      ; H'00000009
    0000001E 3237                   CMP/GT      R3,R2
    00000020 8B05                   BF          L12
    00000022 66D0                   MOV.B       @R13,R6
    00000024 626C                   EXTU.B      R6,R2
    00000026 622C                   EXTU.B      R2,R2
    00000028 7237                   ADD         #55,R2
    0000002A A004                   BRA         L13
    0000002C 0009                   NOP
    0000002E              L12:
    0000002E 66D0                   MOV.B       @R13,R6
    00000030 626C                   EXTU.B      R6,R2
    00000032 622C                   EXTU.B      R2,R2
    00000034 7230                   ADD         #48,R2
    00000036              L13:
    00000036 6023                   MOV         R2,R0
    00000038 8045                   MOV.B       R0,@(5,R4)
    0000003A 7406                   ADD         #6,R4
    0000003C 6E43                   MOV         R4,R14
    0000003E EB00                   MOV         #0,R11     ; H'00000000
    00000040 62D0                   MOV.B       @R13,R2
    00000042 662C                   EXTU.B      R2,R6
    00000044 666C                   EXTU.B      R6,R6
    00000046 6263                   MOV         R6,R2
    00000048 3B23                   CMP/GE      R2,R11
    0000004A 8B01                   BF          L52
    0000004C A20A                   BRA         L14
    0000004E 0009                   NOP
    00000050              L52:
    00000050              L15:
    00000050 66B3                   MOV         R11,R6
    00000052 E358                   MOV         #88,R3     ; H'00000058
    00000054 0367                   MUL.L       R6,R3
    00000056 021A                   STS         MACL,R2
    00000058 421A                   LDS         R2,MACL
    0000005A 061A                   STS         MACL,R6
    0000005C 62D3                   MOV         R13,R2
    0000005E 7204                   ADD         #4,R2
    00000060 6063                   MOV         R6,R0
    00000062 052C                   MOV.B       @(R0,R2),R5
    00000064 645C                   EXTU.B      R5,R4
    00000066 65E3                   MOV         R14,R5
    00000068 644C                   EXTU.B      R4,R4
    0000006A D3A4                   MOV.L       L50,R3     ; _ctoh
    0000006C 430B                   JSR         @R3
    0000006E 0009                   NOP
    00000070 7E02                   ADD         #2,R14
    00000072 66B3                   MOV         R11,R6
    00000074 E358                   MOV         #88,R3     ; H'00000058
    00000076 0367                   MUL.L       R6,R3
    00000078 021A                   STS         MACL,R2
    0000007A 421A                   LDS         R2,MACL
    0000007C 061A                   STS         MACL,R6
    0000007E 62D3                   MOV         R13,R2
    00000080 7206                   ADD         #6,R2
    00000082 6063                   MOV         R6,R0
    00000084 072D                   MOV.W       @(R0,R2),R7
    00000086 65E3                   MOV         R14,R5
    00000088 647D                   EXTU.W      R7,R4
    0000008A D39D                   MOV.L       L50+4,R3   ; _itoh
    0000008C 430B                   JSR         @R3
    0000008E 0009                   NOP
    00000090 7E04                   ADD         #4,R14
    00000092 66B3                   MOV         R11,R6
    00000094 E358                   MOV         #88,R3     ; H'00000058
    00000096 0367                   MUL.L       R6,R3
    00000098 021A                   STS         MACL,R2
    0000009A 421A                   LDS         R2,MACL
    0000009C 051A                   STS         MACL,R5
    0000009E 66D3                   MOV         R13,R6
    000000A0 7608                   ADD         #8,R6
    000000A2 6053                   MOV         R5,R0
    000000A4 026C                   MOV.B       @(R0,R6),R2
    000000A6 662C                   EXTU.B      R2,R6
    000000A8 666C                   EXTU.B      R6,R6
    000000AA E309                   MOV         #9,R3      ; H'00000009
    000000AC 3637                   CMP/GT      R3,R6
    000000AE 8B0E                   BF          L17
    000000B0 66B3                   MOV         R11,R6
    000000B2 E358                   MOV         #88,R3     ; H'00000058
    000000B4 0367                   MUL.L       R6,R3
    000000B6 021A                   STS         MACL,R2
    000000B8 421A                   LDS         R2,MACL
    000000BA 061A                   STS         MACL,R6
    000000BC 62D3                   MOV         R13,R2
    000000BE 7208                   ADD         #8,R2
    000000C0 6063                   MOV         R6,R0
    000000C2 052C                   MOV.B       @(R0,R2),R5
    000000C4 625C                   EXTU.B      R5,R2
    000000C6 622C                   EXTU.B      R2,R2
    000000C8 7237                   ADD         #55,R2
    000000CA A00D                   BRA         L18
    000000CC 0009                   NOP
    000000CE              L17:
    000000CE 66B3                   MOV         R11,R6
    000000D0 E358                   MOV         #88,R3     ; H'00000058
    000000D2 0367                   MUL.L       R6,R3
    000000D4 021A                   STS         MACL,R2
    000000D6 421A                   LDS         R2,MACL
    000000D8 061A                   STS         MACL,R6
    000000DA 62D3                   MOV         R13,R2
    000000DC 7208                   ADD         #8,R2
    000000DE 6063                   MOV         R6,R0
    000000E0 052C                   MOV.B       @(R0,R2),R5
    000000E2 625C                   EXTU.B      R5,R2
    000000E4 622C                   EXTU.B      R2,R2
    000000E6 7230                   ADD         #48,R2
    000000E8              L18:
    000000E8 2E20                   MOV.B       R2,@R14
    000000EA 7E01                   ADD         #1,R14
    000000EC 66B3                   MOV         R11,R6
    000000EE E358                   MOV         #88,R3     ; H'00000058
    000000F0 0367                   MUL.L       R6,R3
    000000F2 021A                   STS         MACL,R2
    000000F4 421A                   LDS         R2,MACL
    000000F6 061A                   STS         MACL,R6
    000000F8 62D3                   MOV         R13,R2
    000000FA 720C                   ADD         #12,R2
    000000FC 6063                   MOV         R6,R0
    000000FE 052E                   MOV.L       @(R0,R2),R5
    00000100 E309                   MOV         #9,R3      ; H'00000009
    00000102 3537                   CMP/GT      R3,R5
    00000104 8B0C                   BF          L20
    00000106 66B3                   MOV         R11,R6
    00000108 E358                   MOV         #88,R3     ; H'00000058
    0000010A 0367                   MUL.L       R6,R3
    0000010C 021A                   STS         MACL,R2
    0000010E 421A                   LDS         R2,MACL
    00000110 051A                   STS         MACL,R5
    00000112 66D3                   MOV         R13,R6
    00000114 760C                   ADD         #12,R6
    00000116 6053                   MOV         R5,R0
    00000118 026E                   MOV.L       @(R0,R6),R2
    0000011A 7237                   ADD         #55,R2
    0000011C A00B                   BRA         L21
    0000011E 0009                   NOP
    00000120              L20:
    00000120 66B3                   MOV         R11,R6
    00000122 E358                   MOV         #88,R3     ; H'00000058
    00000124 0367                   MUL.L       R6,R3
    00000126 021A                   STS         MACL,R2
    00000128 421A                   LDS         R2,MACL
    0000012A 061A                   STS         MACL,R6
    0000012C 65D3                   MOV         R13,R5
    0000012E 750C                   ADD         #12,R5
    00000130 6063                   MOV         R6,R0
    00000132 025E                   MOV.L       @(R0,R5),R2
    00000134 7230                   ADD         #48,R2
    00000136              L21:
    00000136 2E20                   MOV.B       R2,@R14
    00000138 7E01                   ADD         #1,R14
    0000013A 66B3                   MOV         R11,R6
    0000013C E958                   MOV         #88,R9     ; H'00000058
    0000013E 0967                   MUL.L       R6,R9
    00000140 021A                   STS         MACL,R2
    00000142 421A                   LDS         R2,MACL
    00000144 051A                   STS         MACL,R5
    00000146 66D3                   MOV         R13,R6
    00000148 7610                   ADD         #16,R6
    0000014A 6053                   MOV         R5,R0
    0000014C 026C                   MOV.B       @(R0,R6),R2
    0000014E 642C                   EXTU.B      R2,R4
    00000150 65E3                   MOV         R14,R5
    00000152 644C                   EXTU.B      R4,R4
    00000154 D369                   MOV.L       L50,R3     ; _ctoh
    00000156 430B                   JSR         @R3
    00000158 0009                   NOP
    0000015A 7E02                   ADD         #2,R14
    0000015C 66B3                   MOV         R11,R6
    0000015E 0967                   MUL.L       R6,R9
    00000160 021A                   STS         MACL,R2
    00000162 421A                   LDS         R2,MACL
    00000164 061A                   STS         MACL,R6
    00000166 65D3                   MOV         R13,R5
    00000168 7511                   ADD         #17,R5
    0000016A 6063                   MOV         R6,R0
    0000016C 025C                   MOV.B       @(R0,R5),R2
    0000016E 642C                   EXTU.B      R2,R4
    00000170 65E3                   MOV         R14,R5
    00000172 644C                   EXTU.B      R4,R4
    00000174 D361                   MOV.L       L50,R3     ; _ctoh
    00000176 430B                   JSR         @R3
    00000178 0009                   NOP
    0000017A 7E02                   ADD         #2,R14
    0000017C 66B3                   MOV         R11,R6
    0000017E 0967                   MUL.L       R6,R9
    00000180 021A                   STS         MACL,R2
    00000182 421A                   LDS         R2,MACL
    00000184 061A                   STS         MACL,R6
    00000186 62D3                   MOV         R13,R2
    00000188 7214                   ADD         #20,R2
    0000018A 6063                   MOV         R6,R0
    0000018C 052E                   MOV.L       @(R0,R2),R5
    0000018E E309                   MOV         #9,R3      ; H'00000009
    00000190 3537                   CMP/GT      R3,R5
    00000192 8B0C                   BF          L23
    00000194 66B3                   MOV         R11,R6
    00000196 E358                   MOV         #88,R3     ; H'00000058
    00000198 0367                   MUL.L       R6,R3
    0000019A 021A                   STS         MACL,R2
    0000019C 421A                   LDS         R2,MACL
    0000019E 051A                   STS         MACL,R5
    000001A0 66D3                   MOV         R13,R6
    000001A2 7614                   ADD         #20,R6
    000001A4 6053                   MOV         R5,R0
    000001A6 026E                   MOV.L       @(R0,R6),R2
    000001A8 7237                   ADD         #55,R2
    000001AA A00B                   BRA         L24
    000001AC 0009                   NOP
    000001AE              L23:
    000001AE 66B3                   MOV         R11,R6
    000001B0 E358                   MOV         #88,R3     ; H'00000058
    000001B2 0367                   MUL.L       R6,R3
    000001B4 021A                   STS         MACL,R2
    000001B6 421A                   LDS         R2,MACL
    000001B8 051A                   STS         MACL,R5
    000001BA 66D3                   MOV         R13,R6
    000001BC 7614                   ADD         #20,R6
    000001BE 6053                   MOV         R5,R0
    000001C0 026E                   MOV.L       @(R0,R6),R2
    000001C2 7230                   ADD         #48,R2
    000001C4              L24:
    000001C4 2E20                   MOV.B       R2,@R14
    000001C6 7E01                   ADD         #1,R14
    000001C8 66B3                   MOV         R11,R6
    000001CA E358                   MOV         #88,R3     ; H'00000058
    000001CC 0367                   MUL.L       R6,R3
    000001CE 021A                   STS         MACL,R2
    000001D0 421A                   LDS         R2,MACL
    000001D2 061A                   STS         MACL,R6
    000001D4 62D3                   MOV         R13,R2
    000001D6 7218                   ADD         #24,R2
    000001D8 6063                   MOV         R6,R0
    000001DA 052C                   MOV.B       @(R0,R2),R5
    000001DC 625C                   EXTU.B      R5,R2
    000001DE 622C                   EXTU.B      R2,R2
    000001E0 E309                   MOV         #9,R3      ; H'00000009
    000001E2 3237                   CMP/GT      R3,R2
    000001E4 8B0F                   BF          L26
    000001E6 66B3                   MOV         R11,R6
    000001E8 E358                   MOV         #88,R3     ; H'00000058
    000001EA 0367                   MUL.L       R6,R3
    000001EC 021A                   STS         MACL,R2
    000001EE 421A                   LDS         R2,MACL
    000001F0 061A                   STS         MACL,R6
    000001F2 65D3                   MOV         R13,R5
    000001F4 7518                   ADD         #24,R5
    000001F6 6063                   MOV         R6,R0
    000001F8 025C                   MOV.B       @(R0,R5),R2
    000001FA 662C                   EXTU.B      R2,R6
    000001FC 666C                   EXTU.B      R6,R6
    000001FE 6263                   MOV         R6,R2
    00000200 7237                   ADD         #55,R2
    00000202 A00D                   BRA         L27
    00000204 0009                   NOP
    00000206              L26:
    00000206 66B3                   MOV         R11,R6
    00000208 E358                   MOV         #88,R3     ; H'00000058
    0000020A 0367                   MUL.L       R6,R3
    0000020C 021A                   STS         MACL,R2
    0000020E 421A                   LDS         R2,MACL
    00000210 061A                   STS         MACL,R6
    00000212 62D3                   MOV         R13,R2
    00000214 7218                   ADD         #24,R2
    00000216 6063                   MOV         R6,R0
    00000218 052C                   MOV.B       @(R0,R2),R5
    0000021A 625C                   EXTU.B      R5,R2
    0000021C 622C                   EXTU.B      R2,R2
    0000021E 7230                   ADD         #48,R2
    00000220              L27:
    00000220 2E20                   MOV.B       R2,@R14
    00000222 7E01                   ADD         #1,R14
    00000224 66B3                   MOV         R11,R6
    00000226 E358                   MOV         #88,R3     ; H'00000058
    00000228 0367                   MUL.L       R6,R3
    0000022A 021A                   STS         MACL,R2
    0000022C 421A                   LDS         R2,MACL
    0000022E 061A                   STS         MACL,R6
    00000230 65D3                   MOV         R13,R5
    00000232 751C                   ADD         #28,R5
    00000234 6063                   MOV         R6,R0
    00000236 025E                   MOV.L       @(R0,R5),R2
    00000238 E309                   MOV         #9,R3      ; H'00000009
    0000023A 3237                   CMP/GT      R3,R2
    0000023C 8B0C                   BF          L29
    0000023E 66B3                   MOV         R11,R6
    00000240 E358                   MOV         #88,R3     ; H'00000058
    00000242 0367                   MUL.L       R6,R3
    00000244 021A                   STS         MACL,R2
    00000246 421A                   LDS         R2,MACL
    00000248 061A                   STS         MACL,R6
    0000024A 65D3                   MOV         R13,R5
    0000024C 751C                   ADD         #28,R5
    0000024E 6063                   MOV         R6,R0
    00000250 025E                   MOV.L       @(R0,R5),R2
    00000252 7237                   ADD         #55,R2
    00000254 A00B                   BRA         L30
    00000256 0009                   NOP
    00000258              L29:
    00000258 66B3                   MOV         R11,R6
    0000025A E358                   MOV         #88,R3     ; H'00000058
    0000025C 0367                   MUL.L       R6,R3
    0000025E 021A                   STS         MACL,R2
    00000260 421A                   LDS         R2,MACL
    00000262 061A                   STS         MACL,R6
    00000264 65D3                   MOV         R13,R5
    00000266 751C                   ADD         #28,R5
    00000268 6063                   MOV         R6,R0
    0000026A 025E                   MOV.L       @(R0,R5),R2
    0000026C 7230                   ADD         #48,R2
    0000026E              L30:
    0000026E 2E20                   MOV.B       R2,@R14
    00000270 7E01                   ADD         #1,R14
    00000272 66B3                   MOV         R11,R6
    00000274 E358                   MOV         #88,R3     ; H'00000058
    00000276 0367                   MUL.L       R6,R3
    00000278 021A                   STS         MACL,R2
    0000027A 421A                   LDS         R2,MACL
    0000027C 061A                   STS         MACL,R6
    0000027E 62D3                   MOV         R13,R2
    00000280 7220                   ADD         #32,R2
    00000282 6063                   MOV         R6,R0
    00000284 052E                   MOV.L       @(R0,R2),R5
    00000286 E309                   MOV         #9,R3      ; H'00000009
    00000288 3537                   CMP/GT      R3,R5
    0000028A 8B0C                   BF          L32
    0000028C 66B3                   MOV         R11,R6
    0000028E E358                   MOV         #88,R3     ; H'00000058
    00000290 0367                   MUL.L       R6,R3
    00000292 021A                   STS         MACL,R2
    00000294 421A                   LDS         R2,MACL
    00000296 061A                   STS         MACL,R6
    00000298 65D3                   MOV         R13,R5
    0000029A 7520                   ADD         #32,R5
    0000029C 6063                   MOV         R6,R0
    0000029E 025E                   MOV.L       @(R0,R5),R2
    000002A0 7237                   ADD         #55,R2
    000002A2 A00B                   BRA         L33
    000002A4 0009                   NOP
    000002A6              L32:
    000002A6 66B3                   MOV         R11,R6
    000002A8 E358                   MOV         #88,R3     ; H'00000058
    000002AA 0367                   MUL.L       R6,R3
    000002AC 021A                   STS         MACL,R2
    000002AE 421A                   LDS         R2,MACL
    000002B0 061A                   STS         MACL,R6
    000002B2 65D3                   MOV         R13,R5
    000002B4 7520                   ADD         #32,R5
    000002B6 6063                   MOV         R6,R0
    000002B8 025E                   MOV.L       @(R0,R5),R2
    000002BA 7230                   ADD         #48,R2
    000002BC              L33:
    000002BC 2E20                   MOV.B       R2,@R14
    000002BE 7E01                   ADD         #1,R14
    000002C0 66B3                   MOV         R11,R6
    000002C2 E358                   MOV         #88,R3     ; H'00000058
    000002C4 0367                   MUL.L       R6,R3
    000002C6 021A                   STS         MACL,R2
    000002C8 421A                   LDS         R2,MACL
    000002CA 051A                   STS         MACL,R5
    000002CC 66D3                   MOV         R13,R6
    000002CE 7624                   ADD         #36,R6
    000002D0 6053                   MOV         R5,R0
    000002D2 026C                   MOV.B       @(R0,R6),R2
    000002D4 662C                   EXTU.B      R2,R6
    000002D6 666C                   EXTU.B      R6,R6
    000002D8 E309                   MOV         #9,R3      ; H'00000009
    000002DA 3637                   CMP/GT      R3,R6
    000002DC 8B12                   BF          L35
    000002DE 66B3                   MOV         R11,R6
    000002E0 E358                   MOV         #88,R3     ; H'00000058
    000002E2 0367                   MUL.L       R6,R3
    000002E4 021A                   STS         MACL,R2
    000002E6 421A                   LDS         R2,MACL
    000002E8 061A                   STS         MACL,R6
    000002EA 62D3                   MOV         R13,R2
    000002EC 7224                   ADD         #36,R2
    000002EE 6063                   MOV         R6,R0
    000002F0 052C                   MOV.B       @(R0,R2),R5
    000002F2 625C                   EXTU.B      R5,R2
    000002F4 622C                   EXTU.B      R2,R2
    000002F6 7237                   ADD         #55,R2
    000002F8 A011                   BRA         L36
    000002FA 0009                   NOP
    000002FC              L50:
    000002FC <00000000>             .DATA.L     _ctoh
    00000300 <00000000>             .DATA.L     _itoh
    00000304              L35:
    00000304 66B3                   MOV         R11,R6
    00000306 E358                   MOV         #88,R3     ; H'00000058
    00000308 0367                   MUL.L       R6,R3
    0000030A 021A                   STS         MACL,R2
    0000030C 421A                   LDS         R2,MACL
    0000030E 061A                   STS         MACL,R6
    00000310 62D3                   MOV         R13,R2
    00000312 7224                   ADD         #36,R2
    00000314 6063                   MOV         R6,R0
    00000316 052C                   MOV.B       @(R0,R2),R5
    00000318 625C                   EXTU.B      R5,R2
    0000031A 622C                   EXTU.B      R2,R2
    0000031C 7230                   ADD         #48,R2
    0000031E              L36:
    0000031E 2E20                   MOV.B       R2,@R14
    00000320 7E01                   ADD         #1,R14
    00000322 EC00                   MOV         #0,R12     ; H'00000000
    00000324 66B3                   MOV         R11,R6
    00000326 E358                   MOV         #88,R3     ; H'00000058
    00000328 0367                   MUL.L       R6,R3
    0000032A 021A                   STS         MACL,R2
    0000032C 421A                   LDS         R2,MACL
    0000032E 061A                   STS         MACL,R6
    00000330 62D3                   MOV         R13,R2
    00000332 7224                   ADD         #36,R2
    00000334 6063                   MOV         R6,R0
    00000336 052C                   MOV.B       @(R0,R2),R5
    00000338 625C                   EXTU.B      R5,R2
    0000033A 622C                   EXTU.B      R2,R2
    0000033C 3C23                   CMP/GE      R2,R12
    0000033E 895B                   BT          L37
    00000340              L38:
    00000340 66B3                   MOV         R11,R6
    00000342 EA58                   MOV         #88,R10    ; H'00000058
    00000344 0A67                   MUL.L       R6,R10
    00000346 021A                   STS         MACL,R2
    00000348 421A                   LDS         R2,MACL
    0000034A 061A                   STS         MACL,R6
    0000034C 62C3                   MOV         R12,R2
    0000034E 4208                   SHLL2       R2
    00000350 4200                   SHLL        R2
    00000352 362C                   ADD         R2,R6
    00000354 65D3                   MOV         R13,R5
    00000356 7526                   ADD         #38,R5
    00000358 6063                   MOV         R6,R0
    0000035A 025D                   MOV.W       @(R0,R5),R2
    0000035C 65E3                   MOV         R14,R5
    0000035E 642D                   EXTU.W      R2,R4
    00000360 D3AA                   MOV.L       L51+12,R3  ; _itoh
    00000362 430B                   JSR         @R3
    00000364 0009                   NOP
    00000366 7E04                   ADD         #4,R14
    00000368 66B3                   MOV         R11,R6
    0000036A 0A67                   MUL.L       R6,R10
    0000036C 021A                   STS         MACL,R2
    0000036E 421A                   LDS         R2,MACL
    00000370 061A                   STS         MACL,R6
    00000372 62C3                   MOV         R12,R2
    00000374 4208                   SHLL2       R2
    00000376 4200                   SHLL        R2
    00000378 362C                   ADD         R2,R6
    0000037A 65D3                   MOV         R13,R5
    0000037C 7528                   ADD         #40,R5
    0000037E 6063                   MOV         R6,R0
    00000380 025D                   MOV.W       @(R0,R5),R2
    00000382 65E3                   MOV         R14,R5
    00000384 642D                   EXTU.W      R2,R4
    00000386 D3A1                   MOV.L       L51+12,R3  ; _itoh
    00000388 430B                   JSR         @R3
    0000038A 0009                   NOP
    0000038C 7E04                   ADD         #4,R14
    0000038E 66B3                   MOV         R11,R6
    00000390 0A67                   MUL.L       R6,R10
    00000392 021A                   STS         MACL,R2
    00000394 421A                   LDS         R2,MACL
    00000396 061A                   STS         MACL,R6
    00000398 62C3                   MOV         R12,R2
    0000039A 4208                   SHLL2       R2
    0000039C 4200                   SHLL        R2
    0000039E 362C                   ADD         R2,R6
    000003A0 62D3                   MOV         R13,R2
    000003A2 722A                   ADD         #42,R2
    000003A4 6063                   MOV         R6,R0
    000003A6 042D                   MOV.W       @(R0,R2),R4
    000003A8 65E3                   MOV         R14,R5
    000003AA 644D                   EXTU.W      R4,R4
    000003AC D397                   MOV.L       L51+12,R3  ; _itoh
    000003AE 430B                   JSR         @R3
    000003B0 0009                   NOP
    000003B2 7E04                   ADD         #4,R14
    000003B4 66B3                   MOV         R11,R6
    000003B6 0A67                   MUL.L       R6,R10
    000003B8 021A                   STS         MACL,R2
    000003BA 421A                   LDS         R2,MACL
    000003BC 061A                   STS         MACL,R6
    000003BE 65C3                   MOV         R12,R5
    000003C0 6253                   MOV         R5,R2
    000003C2 4208                   SHLL2       R2
    000003C4 4200                   SHLL        R2
    000003C6 362C                   ADD         R2,R6
    000003C8 62D3                   MOV         R13,R2
    000003CA 722C                   ADD         #44,R2
    000003CC 6063                   MOV         R6,R0
    000003CE 072D                   MOV.W       @(R0,R2),R7
    000003D0 65E3                   MOV         R14,R5
    000003D2 647D                   EXTU.W      R7,R4
    000003D4 D38D                   MOV.L       L51+12,R3  ; _itoh
    000003D6 430B                   JSR         @R3
    000003D8 0009                   NOP
    000003DA 7E04                   ADD         #4,R14
    000003DC 7C01                   ADD         #1,R12
    000003DE 66B3                   MOV         R11,R6
    000003E0 0A67                   MUL.L       R6,R10
    000003E2 021A                   STS         MACL,R2
    000003E4 421A                   LDS         R2,MACL
    000003E6 051A                   STS         MACL,R5
    000003E8 62D3                   MOV         R13,R2
    000003EA 7224                   ADD         #36,R2
    000003EC 6053                   MOV         R5,R0
    000003EE 062C                   MOV.B       @(R0,R2),R6
    000003F0 626C                   EXTU.B      R6,R2
    000003F2 622C                   EXTU.B      R2,R2
    000003F4 3C23                   CMP/GE      R2,R12
    000003F6 8BA3                   BF          L38
    000003F8              L37:
    000003F8 66B3                   MOV         R11,R6
    000003FA E858                   MOV         #88,R8     ; H'00000058
    000003FC 0867                   MUL.L       R6,R8
    000003FE 021A                   STS         MACL,R2
    00000400 421A                   LDS         R2,MACL
    00000402 061A                   STS         MACL,R6
    00000404 65D3                   MOV         R13,R5
    00000406 7556                   ADD         #86,R5
    00000408 6063                   MOV         R6,R0
    0000040A 025D                   MOV.W       @(R0,R5),R2
    0000040C 65E3                   MOV         R14,R5
    0000040E 642D                   EXTU.W      R2,R4
    00000410 D37E                   MOV.L       L51+12,R3  ; _itoh
    00000412 430B                   JSR         @R3
    00000414 0009                   NOP
    00000416 7E04                   ADD         #4,R14
    00000418 66B3                   MOV         R11,R6
    0000041A 0867                   MUL.L       R6,R8
    0000041C 021A                   STS         MACL,R2
    0000041E 421A                   LDS         R2,MACL
    00000420 061A                   STS         MACL,R6
    00000422 62D3                   MOV         R13,R2
    00000424 7258                   ADD         #88,R2
    00000426 6063                   MOV         R6,R0
    00000428 042D                   MOV.W       @(R0,R2),R4
    0000042A 65E3                   MOV         R14,R5
    0000042C 644D                   EXTU.W      R4,R4
    0000042E D377                   MOV.L       L51+12,R3  ; _itoh
    00000430 430B                   JSR         @R3
    00000432 0009                   NOP
    00000434 7E04                   ADD         #4,R14
    00000436 66B3                   MOV         R11,R6
    00000438 0867                   MUL.L       R6,R8
    0000043A 021A                   STS         MACL,R2
    0000043C 421A                   LDS         R2,MACL
    0000043E 051A                   STS         MACL,R5
    00000440 66D3                   MOV         R13,R6
    00000442 765A                   ADD         #90,R6
    00000444 6053                   MOV         R5,R0
    00000446 026D                   MOV.W       @(R0,R6),R2
    00000448 65E3                   MOV         R14,R5
    0000044A 642D                   EXTU.W      R2,R4
    0000044C D36F                   MOV.L       L51+12,R3  ; _itoh
    0000044E 430B                   JSR         @R3
    00000450 0009                   NOP
    00000452 7E04                   ADD         #4,R14
    00000454 7B01                   ADD         #1,R11
    00000456 66D0                   MOV.B       @R13,R6
    00000458 626C                   EXTU.B      R6,R2
    0000045A 622C                   EXTU.B      R2,R2
    0000045C 3B23                   CMP/GE      R2,R11
    0000045E 8901                   BT          L53
    00000460 ADF6                   BRA         L15
    00000462 0009                   NOP
    00000464              L53:
    00000464              L14:
    00000464 90CC                   MOV.W       L51,R0     ; H'0164
    00000466 02DC                   MOV.B       @(R0,R13),R2
    00000468 662C                   EXTU.B      R2,R6
    0000046A 666C                   EXTU.B      R6,R6
    0000046C E309                   MOV         #9,R3      ; H'00000009
    0000046E 3637                   CMP/GT      R3,R6
    00000470 8B07                   BF          L40
    00000472 90C5                   MOV.W       L51,R0     ; H'0164
    00000474 02DC                   MOV.B       @(R0,R13),R2
    00000476 662C                   EXTU.B      R2,R6
    00000478 666C                   EXTU.B      R6,R6
    0000047A 6263                   MOV         R6,R2
    0000047C 7237                   ADD         #55,R2
    0000047E A006                   BRA         L41
    00000480 0009                   NOP
    00000482              L40:
    00000482 90BD                   MOV.W       L51,R0     ; H'0164
    00000484 02DC                   MOV.B       @(R0,R13),R2
    00000486 662C                   EXTU.B      R2,R6
    00000488 666C                   EXTU.B      R6,R6
    0000048A 6263                   MOV         R6,R2
    0000048C 7230                   ADD         #48,R2
    0000048E              L41:
    0000048E 2E20                   MOV.B       R2,@R14
    00000490 7E01                   ADD         #1,R14
    00000492 EB00                   MOV         #0,R11     ; H'00000000
    00000494 90B4                   MOV.W       L51,R0     ; H'0164
    00000496 06DC                   MOV.B       @(R0,R13),R6
    00000498 626C                   EXTU.B      R6,R2
    0000049A 622C                   EXTU.B      R2,R2
    0000049C 3B23                   CMP/GE      R2,R11
    0000049E 8B01                   BF          L54
    000004A0 A0A1                   BRA         L42
    000004A2 0009                   NOP
    000004A4              L54:
    000004A4              L43:
    000004A4 66B3                   MOV         R11,R6
    000004A6 6263                   MOV         R6,R2
    000004A8 E905                   MOV         #5,R9      ; H'00000005
    000004AA 469D                   SHLD        R9,R6
    000004AC 4208                   SHLL2       R2
    000004AE 362C                   ADD         R2,R6
    000004B0 93A7                   MOV.W       L51+2,R3   ; H'0166
    000004B2 62D3                   MOV         R13,R2
    000004B4 323C                   ADD         R3,R2
    000004B6 6063                   MOV         R6,R0
    000004B8 042D                   MOV.W       @(R0,R2),R4
    000004BA 65E3                   MOV         R14,R5
    000004BC 644D                   EXTU.W      R4,R4
    000004BE D353                   MOV.L       L51+12,R3  ; _itoh
    000004C0 430B                   JSR         @R3
    000004C2 0009                   NOP
    000004C4 7E04                   ADD         #4,R14
    000004C6 62B3                   MOV         R11,R2
    000004C8 6623                   MOV         R2,R6
    000004CA 429D                   SHLD        R9,R2
    000004CC 4608                   SHLL2       R6
    000004CE 326C                   ADD         R6,R2
    000004D0 9398                   MOV.W       L51+4,R3   ; H'0168
    000004D2 65D3                   MOV         R13,R5
    000004D4 353C                   ADD         R3,R5
    000004D6 6023                   MOV         R2,R0
    000004D8 065C                   MOV.B       @(R0,R5),R6
    000004DA 646C                   EXTU.B      R6,R4
    000004DC 65E3                   MOV         R14,R5
    000004DE 644C                   EXTU.B      R4,R4
    000004E0 D34B                   MOV.L       L51+16,R3  ; _ctoh
    000004E2 430B                   JSR         @R3
    000004E4 0009                   NOP
    000004E6 7E02                   ADD         #2,R14
    000004E8 62B3                   MOV         R11,R2
    000004EA 6623                   MOV         R2,R6
    000004EC 429D                   SHLD        R9,R2
    000004EE 4608                   SHLL2       R6
    000004F0 326C                   ADD         R6,R2
    000004F2 9388                   MOV.W       L51+6,R3   ; H'0169
    000004F4 65D3                   MOV         R13,R5
    000004F6 353C                   ADD         R3,R5
    000004F8 6023                   MOV         R2,R0
    000004FA 065C                   MOV.B       @(R0,R5),R6
    000004FC 626C                   EXTU.B      R6,R2
    000004FE 622C                   EXTU.B      R2,R2
    00000500 E309                   MOV         #9,R3      ; H'00000009
    00000502 3237                   CMP/GT      R3,R2
    00000504 8B0F                   BF          L45
    00000506 62B3                   MOV         R11,R2
    00000508 6623                   MOV         R2,R6
    0000050A E305                   MOV         #5,R3      ; H'00000005
    0000050C 423D                   SHLD        R3,R2
    0000050E 4608                   SHLL2       R6
    00000510 326C                   ADD         R6,R2
    00000512 9378                   MOV.W       L51+6,R3   ; H'0169
    00000514 66D3                   MOV         R13,R6
    00000516 363C                   ADD         R3,R6
    00000518 6023                   MOV         R2,R0
    0000051A 056C                   MOV.B       @(R0,R6),R5
    0000051C 625C                   EXTU.B      R5,R2
    0000051E 622C                   EXTU.B      R2,R2
    00000520 7237                   ADD         #55,R2
    00000522 A00E                   BRA         L46
    00000524 0009                   NOP
    00000526              L45:
    00000526 62B3                   MOV         R11,R2
    00000528 6623                   MOV         R2,R6
    0000052A E305                   MOV         #5,R3      ; H'00000005
    0000052C 423D                   SHLD        R3,R2
    0000052E 4608                   SHLL2       R6
    00000530 326C                   ADD         R6,R2
    00000532 9368                   MOV.W       L51+6,R3   ; H'0169
    00000534 66D3                   MOV         R13,R6
    00000536 363C                   ADD         R3,R6
    00000538 6023                   MOV         R2,R0
    0000053A 056C                   MOV.B       @(R0,R6),R5
    0000053C 625C                   EXTU.B      R5,R2
    0000053E 622C                   EXTU.B      R2,R2
    00000540 7230                   ADD         #48,R2
    00000542              L46:
    00000542 2E20                   MOV.B       R2,@R14
    00000544 7E01                   ADD         #1,R14
    00000546 EC00                   MOV         #0,R12     ; H'00000000
    00000548 62B3                   MOV         R11,R2
    0000054A 6623                   MOV         R2,R6
    0000054C E305                   MOV         #5,R3      ; H'00000005
    0000054E 423D                   SHLD        R3,R2
    00000550 4608                   SHLL2       R6
    00000552 326C                   ADD         R6,R2
    00000554 9357                   MOV.W       L51+6,R3   ; H'0169
    00000556 66D3                   MOV         R13,R6
    00000558 363C                   ADD         R3,R6
    0000055A 6023                   MOV         R2,R0
    0000055C 056C                   MOV.B       @(R0,R6),R5
    0000055E 625C                   EXTU.B      R5,R2
    00000560 622C                   EXTU.B      R2,R2
    00000562 3C23                   CMP/GE      R2,R12
    00000564 8936                   BT          L47
    00000566              L48:
    00000566 62B3                   MOV         R11,R2
    00000568 6623                   MOV         R2,R6
    0000056A EA05                   MOV         #5,R10     ; H'00000005
    0000056C 42AD                   SHLD        R10,R2
    0000056E 4608                   SHLL2       R6
    00000570 326C                   ADD         R6,R2
    00000572 65C3                   MOV         R12,R5
    00000574 6653                   MOV         R5,R6
    00000576 4608                   SHLL2       R6
    00000578 326C                   ADD         R6,R2
    0000057A 9345                   MOV.W       L51+8,R3   ; H'016A
    0000057C 66D3                   MOV         R13,R6
    0000057E 363C                   ADD         R3,R6
    00000580 6023                   MOV         R2,R0
    00000582 046D                   MOV.W       @(R0,R6),R4
    00000584 65E3                   MOV         R14,R5
    00000586 644D                   EXTU.W      R4,R4
    00000588 D320                   MOV.L       L51+12,R3  ; _itoh
    0000058A 430B                   JSR         @R3
    0000058C 0009                   NOP
    0000058E 7E04                   ADD         #4,R14
    00000590 62B3                   MOV         R11,R2
    00000592 6623                   MOV         R2,R6
    00000594 42AD                   SHLD        R10,R2
    00000596 4608                   SHLL2       R6
    00000598 326C                   ADD         R6,R2
    0000059A 66C3                   MOV         R12,R6
    0000059C 4608                   SHLL2       R6
    0000059E 326C                   ADD         R6,R2
    000005A0 9333                   MOV.W       L51+10,R3  ; H'016C
    000005A2 65D3                   MOV         R13,R5
    000005A4 353C                   ADD         R3,R5
    000005A6 6023                   MOV         R2,R0
    000005A8 065D                   MOV.W       @(R0,R5),R6
    000005AA 65E3                   MOV         R14,R5
    000005AC 646D                   EXTU.W      R6,R4
    000005AE D317                   MOV.L       L51+12,R3  ; _itoh
    000005B0 430B                   JSR         @R3
    000005B2 0009                   NOP
    000005B4 7E04                   ADD         #4,R14
    000005B6 7C01                   ADD         #1,R12
    000005B8 62B3                   MOV         R11,R2
    000005BA 6623                   MOV         R2,R6
    000005BC 42AD                   SHLD        R10,R2
    000005BE 4608                   SHLL2       R6
    000005C0 326C                   ADD         R6,R2
    000005C2 9320                   MOV.W       L51+6,R3   ; H'0169
    000005C4 65D3                   MOV         R13,R5
    000005C6 353C                   ADD         R3,R5
    000005C8 6023                   MOV         R2,R0
    000005CA 065C                   MOV.B       @(R0,R5),R6
    000005CC 626C                   EXTU.B      R6,R2
    000005CE 622C                   EXTU.B      R2,R2
    000005D0 3C23                   CMP/GE      R2,R12
    000005D2 8BC8                   BF          L48
    000005D4              L47:
    000005D4 7B01                   ADD         #1,R11
    000005D6 9013                   MOV.W       L51,R0     ; H'0164
    000005D8 02DC                   MOV.B       @(R0,R13),R2
    000005DA 662C                   EXTU.B      R2,R6
    000005DC 666C                   EXTU.B      R6,R6
    000005DE 3B63                   CMP/GE      R6,R11
    000005E0 8901                   BT          L55
    000005E2 AF5F                   BRA         L43
    000005E4 0009                   NOP
    000005E6              L55:
    000005E6              L42:
    000005E6 60E3                   MOV         R14,R0
    000005E8 7F0C                   ADD         #12,R15
    000005EA 4F16                   LDS.L       @R15+,MACL
    000005EC 4F26                   LDS.L       @R15+,PR
    000005EE 6EF6                   MOV.L       @R15+,R14
    000005F0 6DF6                   MOV.L       @R15+,R13
    000005F2 6CF6                   MOV.L       @R15+,R12
    000005F4 6BF6                   MOV.L       @R15+,R11
    000005F6 6AF6                   MOV.L       @R15+,R10
    000005F8 69F6                   MOV.L       @R15+,R9
    000005FA 68F6                   MOV.L       @R15+,R8
    000005FC 000B                   RTS
    000005FE 0009                   NOP
    00000600              L51:
    00000600 0164                   .DATA.W     H'0164
    00000602 0166                   .DATA.W     H'0166
    00000604 0168                   .DATA.W     H'0168
    00000606 0169                   .DATA.W     H'0169
    00000608 016A                   .DATA.W     H'016A
    0000060A 016C                   .DATA.W     H'016C
    0000060C <00000000>             .DATA.L     _itoh
    00000610 <00000000>             .DATA.L     _ctoh
SH SERIES C/C++ Compiler (Ver. checker(2003.03.17))                                              16-Nov-2009 12:33:27  PAGE    1


******** STATISTICS INFORMATION ********


********** ERROR INFORMATION ***********

NUMBER OF ERRORS:           0
NUMBER OF WARNINGS:         0
NUMBER OF INFORMATIONS:     0



******* SOURCE LINE INFORMATION ********

COMPILED SOURCE LINE:      113



******* SECTION SIZE INFORMATION *******

PROGRAM  SECTION (P):                               00000614 Byte(s)
CONSTANT SECTION (C):                               00000000 Byte(s)
DATA     SECTION (D):                               00000000 Byte(s)
BSS      SECTION (B):                               00000000 Byte(s)

TOTAL PROGRAM  SECTION: 00000614 Byte(s)
TOTAL CONSTANT SECTION: 00000000 Byte(s)
TOTAL DATA     SECTION: 00000000 Byte(s)
TOTAL BSS      SECTION: 00000000 Byte(s)

    TOTAL PROGRAM SIZE: 00000614 Byte(s)



********** LABEL INFORMATION ***********

NUMBER OF EXTERNAL REFERENCE SYMBOLS:            2
NUMBER OF EXTERNAL DEFINITION SYMBOLS:           1
NUMBER OF INTERNAL/EXTERNAL SYMBOLS:            37
*** COMMAND PARAMETER ***


  -cpu=sh3 -op=0 -en=big -me -debug -comment=nest -l -def=DEBUG -i=P:\PRESTO2\SHINC,C:\usr\local\SH\7_1_1\include,P:\PRESTO2\NORTI_12\inc prr0010.c 

