SH SERIES C/C++ Compiler (Ver. checker(2003.03.17))                                              16-Nov-2009 12:33:30  PAGE    1

************ OBJECT LISTING ************

FILE NAME: prr0017.c

SCT OFFSET   CODE       C LABEL     INSTRUCTION OPERAND    COMMENT

P   00000000              _pr_scan_tmg_parm:               ; function: pr_scan_tmg_parm
                                                           ; frame size=32
    00000000 2FC6                   MOV.L       R12,@-R15
    00000002 2FD6                   MOV.L       R13,@-R15
    00000004 2FE6                   MOV.L       R14,@-R15
    00000006 4F22                   STS.L       PR,@-R15
    00000008 7FF0                   ADD         #-16,R15
    0000000A 6E43                   MOV         R4,R14
    0000000C 84E5                   MOV.B       @(5,R14),R0
    0000000E 6603                   MOV         R0,R6
    00000010 626C                   EXTU.B      R6,R2
    00000012 622C                   EXTU.B      R2,R2
    00000014 E339                   MOV         #57,R3     ; H'00000039
    00000016 3237                   CMP/GT      R3,R2
    00000018 8B07                   BF          L12
    0000001A 84E5                   MOV.B       @(5,R14),R0
    0000001C 6203                   MOV         R0,R2
    0000001E 662C                   EXTU.B      R2,R6
    00000020 666C                   EXTU.B      R6,R6
    00000022 6263                   MOV         R6,R2
    00000024 72C9                   ADD         #-55,R2
    00000026 A006                   BRA         L13
    00000028 0009                   NOP
    0000002A              L12:
    0000002A 84E5                   MOV.B       @(5,R14),R0
    0000002C 6203                   MOV         R0,R2
    0000002E 662C                   EXTU.B      R2,R6
    00000030 666C                   EXTU.B      R6,R6
    00000032 6263                   MOV         R6,R2
    00000034 72D0                   ADD         #-48,R2
    00000036              L13:
    00000036 6323                   MOV         R2,R3
    00000038 D19D                   MOV.L       L31,R1     ; _prr0017s
    0000003A 2130                   MOV.B       R3,@R1
    0000003C 64E3                   MOV         R14,R4
    0000003E 7406                   ADD         #6,R4
    00000040 D39C                   MOV.L       L31+4,R3   ; _htoc
    00000042 430B                   JSR         @R3
    00000044 0009                   NOP
    00000046 6203                   MOV         R0,R2
    00000048 632C                   EXTU.B      R2,R3
    0000004A D19B                   MOV.L       L31+8,R1   ; H'00000001+_prr0017s
    0000004C 2130                   MOV.B       R3,@R1
    0000004E 64E3                   MOV         R14,R4
    00000050 7408                   ADD         #8,R4
    00000052 D398                   MOV.L       L31+4,R3   ; _htoc
    00000054 430B                   JSR         @R3
    00000056 0009                   NOP
    00000058 6203                   MOV         R0,R2
    0000005A 632C                   EXTU.B      R2,R3
    0000005C D197                   MOV.L       L31+12,R1  ; H'00000002+_prr0017s
    0000005E 2130                   MOV.B       R3,@R1
    00000060 64E3                   MOV         R14,R4
    00000062 740A                   ADD         #10,R4
    00000064 D393                   MOV.L       L31+4,R3   ; _htoc
    00000066 430B                   JSR         @R3
    00000068 0009                   NOP
    0000006A 6203                   MOV         R0,R2
    0000006C 632C                   EXTU.B      R2,R3
    0000006E D194                   MOV.L       L31+16,R1  ; H'00000003+_prr0017s
    00000070 2130                   MOV.B       R3,@R1
    00000072 64E3                   MOV         R14,R4
    00000074 740C                   ADD         #12,R4
    00000076 D38F                   MOV.L       L31+4,R3   ; _htoc
    00000078 430B                   JSR         @R3
    0000007A 0009                   NOP
    0000007C 6203                   MOV         R0,R2
    0000007E 632C                   EXTU.B      R2,R3
    00000080 D190                   MOV.L       L31+20,R1  ; H'00000004+_prr0017s
    00000082 2130                   MOV.B       R3,@R1
    00000084 64E3                   MOV         R14,R4
    00000086 740E                   ADD         #14,R4
    00000088 D38A                   MOV.L       L31+4,R3   ; _htoc
    0000008A 430B                   JSR         @R3
    0000008C 0009                   NOP
    0000008E 6203                   MOV         R0,R2
    00000090 632C                   EXTU.B      R2,R3
    00000092 D18D                   MOV.L       L31+24,R1  ; H'00000005+_prr0017s
    00000094 2130                   MOV.B       R3,@R1
    00000096 64E3                   MOV         R14,R4
    00000098 7410                   ADD         #16,R4
    0000009A D386                   MOV.L       L31+4,R3   ; _htoc
    0000009C 430B                   JSR         @R3
    0000009E 0009                   NOP
    000000A0 6203                   MOV         R0,R2
    000000A2 632C                   EXTU.B      R2,R3
    000000A4 D189                   MOV.L       L31+28,R1  ; H'00000006+_prr0017s
    000000A6 2130                   MOV.B       R3,@R1
    000000A8 64E3                   MOV         R14,R4
    000000AA 7412                   ADD         #18,R4
    000000AC D381                   MOV.L       L31+4,R3   ; _htoc
    000000AE 430B                   JSR         @R3
    000000B0 0009                   NOP
    000000B2 6203                   MOV         R0,R2
    000000B4 632C                   EXTU.B      R2,R3
    000000B6 D186                   MOV.L       L31+32,R1  ; H'00000007+_prr0017s
    000000B8 2130                   MOV.B       R3,@R1
    000000BA 64E3                   MOV         R14,R4
    000000BC 7414                   ADD         #20,R4
    000000BE D37D                   MOV.L       L31+4,R3   ; _htoc
    000000C0 430B                   JSR         @R3
    000000C2 0009                   NOP
    000000C4 6203                   MOV         R0,R2
    000000C6 632C                   EXTU.B      R2,R3
    000000C8 D182                   MOV.L       L31+36,R1  ; H'00000008+_prr0017s
    000000CA 2130                   MOV.B       R3,@R1
    000000CC E016                   MOV         #22,R0     ; H'00000016
    000000CE 06EC                   MOV.B       @(R0,R14),R6
    000000D0 626C                   EXTU.B      R6,R2
    000000D2 622C                   EXTU.B      R2,R2
    000000D4 E339                   MOV         #57,R3     ; H'00000039
    000000D6 3237                   CMP/GT      R3,R2
    000000D8 8B07                   BF          L15
    000000DA E016                   MOV         #22,R0     ; H'00000016
    000000DC 02EC                   MOV.B       @(R0,R14),R2
    000000DE 662C                   EXTU.B      R2,R6
    000000E0 666C                   EXTU.B      R6,R6
    000000E2 6263                   MOV         R6,R2
    000000E4 72C9                   ADD         #-55,R2
    000000E6 A006                   BRA         L16
    000000E8 0009                   NOP
    000000EA              L15:
    000000EA E016                   MOV         #22,R0     ; H'00000016
    000000EC 02EC                   MOV.B       @(R0,R14),R2
    000000EE 662C                   EXTU.B      R2,R6
    000000F0 666C                   EXTU.B      R6,R6
    000000F2 6263                   MOV         R6,R2
    000000F4 72D0                   ADD         #-48,R2
    000000F6              L16:
    000000F6 6323                   MOV         R2,R3
    000000F8 D177                   MOV.L       L31+40,R1  ; H'00000009+_prr0017s
    000000FA 2130                   MOV.B       R3,@R1
    000000FC 7E17                   ADD         #23,R14
    000000FE 6DE3                   MOV         R14,R13
    00000100 EE00                   MOV         #0,R14     ; H'00000000
    00000102 D375                   MOV.L       L31+40,R3  ; H'00000009+_prr0017s
    00000104 6330                   MOV.B       @R3,R3
    00000106 633C                   EXTU.B      R3,R3
    00000108 6233                   MOV         R3,R2
    0000010A 3E23                   CMP/GE      R2,R14
    0000010C 8910                   BT          L17
    0000010E              L18:
    0000010E 64D3                   MOV         R13,R4
    00000110 D368                   MOV.L       L31+4,R3   ; _htoc
    00000112 430B                   JSR         @R3
    00000114 0009                   NOP
    00000116 6203                   MOV         R0,R2
    00000118 662C                   EXTU.B      R2,R6
    0000011A D270                   MOV.L       L31+44,R2  ; H'0000000A+_prr0017s
    0000011C 60E3                   MOV         R14,R0
    0000011E 0264                   MOV.B       R6,@(R0,R2)
    00000120 7D02                   ADD         #2,R13
    00000122 7E01                   ADD         #1,R14
    00000124 D36C                   MOV.L       L31+40,R3  ; H'00000009+_prr0017s
    00000126 6330                   MOV.B       @R3,R3
    00000128 633C                   EXTU.B      R3,R3
    0000012A 6233                   MOV         R3,R2
    0000012C 3E23                   CMP/GE      R2,R14
    0000012E 8BEE                   BF          L18
    00000130              L17:
    00000130 64D3                   MOV         R13,R4
    00000132 D360                   MOV.L       L31+4,R3   ; _htoc
    00000134 430B                   JSR         @R3
    00000136 0009                   NOP
    00000138 6203                   MOV         R0,R2
    0000013A 632C                   EXTU.B      R2,R3
    0000013C D168                   MOV.L       L31+48,R1  ; H'00000012+_prr0017s
    0000013E 2130                   MOV.B       R3,@R1
    00000140 7D02                   ADD         #2,R13
    00000142 64D3                   MOV         R13,R4
    00000144 D35B                   MOV.L       L31+4,R3   ; _htoc
    00000146 430B                   JSR         @R3
    00000148 0009                   NOP
    0000014A 6203                   MOV         R0,R2
    0000014C 632C                   EXTU.B      R2,R3
    0000014E D165                   MOV.L       L31+52,R1  ; H'00000013+_prr0017s
    00000150 2130                   MOV.B       R3,@R1
    00000152 7D02                   ADD         #2,R13
    00000154 D363                   MOV.L       L31+52,R3  ; H'00000013+_prr0017s
    00000156 6330                   MOV.B       @R3,R3
    00000158 633C                   EXTU.B      R3,R3
    0000015A 6233                   MOV         R3,R2
    0000015C 6E23                   MOV         R2,R14
    0000015E D360                   MOV.L       L31+48,R3  ; H'00000012+_prr0017s
    00000160 6330                   MOV.B       @R3,R3
    00000162 633C                   EXTU.B      R3,R3
    00000164 6233                   MOV         R3,R2
    00000166 72FF                   ADD         #-1,R2
    00000168 6C23                   MOV         R2,R12
    0000016A 2EE8                   TST         R14,R14
    0000016C 891C                   BT          L19
    0000016E              L20:
    0000016E 64D3                   MOV         R13,R4
    00000170 D350                   MOV.L       L31+4,R3   ; _htoc
    00000172 430B                   JSR         @R3
    00000174 0009                   NOP
    00000176 6203                   MOV         R0,R2
    00000178 662C                   EXTU.B      R2,R6
    0000017A D55B                   MOV.L       L31+56,R5  ; H'00000014+_prr0017s
    0000017C 62C3                   MOV         R12,R2
    0000017E 4200                   SHLL        R2
    00000180 6023                   MOV         R2,R0
    00000182 0564                   MOV.B       R6,@(R0,R5)
    00000184 7D02                   ADD         #2,R13
    00000186 64D3                   MOV         R13,R4
    00000188 D34A                   MOV.L       L31+4,R3   ; _htoc
    0000018A 430B                   JSR         @R3
    0000018C 0009                   NOP
    0000018E 6203                   MOV         R0,R2
    00000190 652C                   EXTU.B      R2,R5
    00000192 D655                   MOV.L       L31+56,R6  ; H'00000014+_prr0017s
    00000194 7601                   ADD         #1,R6
    00000196 64C3                   MOV         R12,R4
    00000198 6243                   MOV         R4,R2
    0000019A 4200                   SHLL        R2
    0000019C 6023                   MOV         R2,R0
    0000019E 0654                   MOV.B       R5,@(R0,R6)
    000001A0 7D02                   ADD         #2,R13
    000001A2 4E10                   DT          R14
    000001A4 7C01                   ADD         #1,R12
    000001A6 8BE2                   BF          L20
    000001A8              L19:
    000001A8 64D3                   MOV         R13,R4
    000001AA D342                   MOV.L       L31+4,R3   ; _htoc
    000001AC 430B                   JSR         @R3
    000001AE 0009                   NOP
    000001B0 6203                   MOV         R0,R2
    000001B2 632C                   EXTU.B      R2,R3
    000001B4 D14D                   MOV.L       L31+60,R1  ; H'00000034+_prr0017s
    000001B6 2130                   MOV.B       R3,@R1
    000001B8 7D02                   ADD         #2,R13
    000001BA 64D3                   MOV         R13,R4
    000001BC D33D                   MOV.L       L31+4,R3   ; _htoc
    000001BE 430B                   JSR         @R3
    000001C0 0009                   NOP
    000001C2 6203                   MOV         R0,R2
    000001C4 632C                   EXTU.B      R2,R3
    000001C6 D14A                   MOV.L       L31+64,R1  ; H'00000035+_prr0017s
    000001C8 2130                   MOV.B       R3,@R1
    000001CA 7D02                   ADD         #2,R13
    000001CC D348                   MOV.L       L31+64,R3  ; H'00000035+_prr0017s
    000001CE 6330                   MOV.B       @R3,R3
    000001D0 633C                   EXTU.B      R3,R3
    000001D2 6233                   MOV         R3,R2
    000001D4 6E23                   MOV         R2,R14
    000001D6 D345                   MOV.L       L31+60,R3  ; H'00000034+_prr0017s
    000001D8 6330                   MOV.B       @R3,R3
    000001DA 633C                   EXTU.B      R3,R3
    000001DC 6233                   MOV         R3,R2
    000001DE 72FF                   ADD         #-1,R2
    000001E0 6C23                   MOV         R2,R12
    000001E2 2EE8                   TST         R14,R14
    000001E4 891B                   BT          L21
    000001E6              L22:
    000001E6 64D3                   MOV         R13,R4
    000001E8 D332                   MOV.L       L31+4,R3   ; _htoc
    000001EA 430B                   JSR         @R3
    000001EC 0009                   NOP
    000001EE 6203                   MOV         R0,R2
    000001F0 662C                   EXTU.B      R2,R6
    000001F2 D540                   MOV.L       L31+68,R5  ; H'00000036+_prr0017s
    000001F4 62C3                   MOV         R12,R2
    000001F6 4200                   SHLL        R2
    000001F8 6023                   MOV         R2,R0
    000001FA 0564                   MOV.B       R6,@(R0,R5)
    000001FC 7D02                   ADD         #2,R13
    000001FE 64D3                   MOV         R13,R4
    00000200 D32C                   MOV.L       L31+4,R3   ; _htoc
    00000202 430B                   JSR         @R3
    00000204 0009                   NOP
    00000206 6203                   MOV         R0,R2
    00000208 652C                   EXTU.B      R2,R5
    0000020A D63A                   MOV.L       L31+68,R6  ; H'00000036+_prr0017s
    0000020C 7601                   ADD         #1,R6
    0000020E 62C3                   MOV         R12,R2
    00000210 4200                   SHLL        R2
    00000212 6023                   MOV         R2,R0
    00000214 0654                   MOV.B       R5,@(R0,R6)
    00000216 7D02                   ADD         #2,R13
    00000218 4E10                   DT          R14
    0000021A 7C01                   ADD         #1,R12
    0000021C 8BE3                   BF          L22
    0000021E              L21:
    0000021E 64D3                   MOV         R13,R4
    00000220 D324                   MOV.L       L31+4,R3   ; _htoc
    00000222 430B                   JSR         @R3
    00000224 0009                   NOP
    00000226 6203                   MOV         R0,R2
    00000228 632C                   EXTU.B      R2,R3
    0000022A D133                   MOV.L       L31+72,R1  ; H'00000056+_prr0017s
    0000022C 2130                   MOV.B       R3,@R1
    0000022E 7D02                   ADD         #2,R13
    00000230 64D3                   MOV         R13,R4
    00000232 D320                   MOV.L       L31+4,R3   ; _htoc
    00000234 430B                   JSR         @R3
    00000236 0009                   NOP
    00000238 6203                   MOV         R0,R2
    0000023A 632C                   EXTU.B      R2,R3
    0000023C D12F                   MOV.L       L31+76,R1  ; H'00000057+_prr0017s
    0000023E 2130                   MOV.B       R3,@R1
    00000240 7D02                   ADD         #2,R13
    00000242 D32E                   MOV.L       L31+76,R3  ; H'00000057+_prr0017s
    00000244 6330                   MOV.B       @R3,R3
    00000246 633C                   EXTU.B      R3,R3
    00000248 6233                   MOV         R3,R2
    0000024A 6E23                   MOV         R2,R14
    0000024C D32A                   MOV.L       L31+72,R3  ; H'00000056+_prr0017s
    0000024E 6330                   MOV.B       @R3,R3
    00000250 633C                   EXTU.B      R3,R3
    00000252 6233                   MOV         R3,R2
    00000254 72FF                   ADD         #-1,R2
    00000256 6C23                   MOV         R2,R12
    00000258 2EE8                   TST         R14,R14
    0000025A 891C                   BT          L23
    0000025C              L24:
    0000025C 64D3                   MOV         R13,R4
    0000025E D315                   MOV.L       L31+4,R3   ; _htoc
    00000260 430B                   JSR         @R3
    00000262 0009                   NOP
    00000264 6203                   MOV         R0,R2
    00000266 662C                   EXTU.B      R2,R6
    00000268 D425                   MOV.L       L31+80,R4  ; H'00000058+_prr0017s
    0000026A 65C3                   MOV         R12,R5
    0000026C 6253                   MOV         R5,R2
    0000026E 4200                   SHLL        R2
    00000270 6023                   MOV         R2,R0
    00000272 0464                   MOV.B       R6,@(R0,R4)
    00000274 7D02                   ADD         #2,R13
    00000276 64D3                   MOV         R13,R4
    00000278 D30E                   MOV.L       L31+4,R3   ; _htoc
    0000027A 430B                   JSR         @R3
    0000027C 0009                   NOP
    0000027E 6203                   MOV         R0,R2
    00000280 652C                   EXTU.B      R2,R5
    00000282 D61F                   MOV.L       L31+80,R6  ; H'00000058+_prr0017s
    00000284 7601                   ADD         #1,R6
    00000286 62C3                   MOV         R12,R2
    00000288 4200                   SHLL        R2
    0000028A 6023                   MOV         R2,R0
    0000028C 0654                   MOV.B       R5,@(R0,R6)
    0000028E 7D02                   ADD         #2,R13
    00000290 4E10                   DT          R14
    00000292 7C01                   ADD         #1,R12
    00000294 8BE2                   BF          L24
    00000296              L23:
    00000296 66D0                   MOV.B       @R13,R6
    00000298 626C                   EXTU.B      R6,R2
    0000029A 622C                   EXTU.B      R2,R2
    0000029C E339                   MOV         #57,R3     ; H'00000039
    0000029E 3237                   CMP/GT      R3,R2
    000002A0 8B30                   BF          L26
    000002A2 62D0                   MOV.B       @R13,R2
    000002A4 662C                   EXTU.B      R2,R6
    000002A6 666C                   EXTU.B      R6,R6
    000002A8 6263                   MOV         R6,R2
    000002AA 72C9                   ADD         #-55,R2
    000002AC A02F                   BRA         L27
    000002AE 0009                   NOP
    000002B0              L31:
    000002B0 <00000000>             .DATA.L     _prr0017s
    000002B4 <00000000>             .DATA.L     _htoc
    000002B8 <00000001>             .DATA.L     H'00000001+_prr0017s
    000002BC <00000002>             .DATA.L     H'00000002+_prr0017s
    000002C0 <00000003>             .DATA.L     H'00000003+_prr0017s
    000002C4 <00000004>             .DATA.L     H'00000004+_prr0017s
    000002C8 <00000005>             .DATA.L     H'00000005+_prr0017s
    000002CC <00000006>             .DATA.L     H'00000006+_prr0017s
    000002D0 <00000007>             .DATA.L     H'00000007+_prr0017s
    000002D4 <00000008>             .DATA.L     H'00000008+_prr0017s
    000002D8 <00000009>             .DATA.L     H'00000009+_prr0017s
    000002DC <0000000A>             .DATA.L     H'0000000A+_prr0017s
    000002E0 <00000012>             .DATA.L     H'00000012+_prr0017s
    000002E4 <00000013>             .DATA.L     H'00000013+_prr0017s
    000002E8 <00000014>             .DATA.L     H'00000014+_prr0017s
    000002EC <00000034>             .DATA.L     H'00000034+_prr0017s
    000002F0 <00000035>             .DATA.L     H'00000035+_prr0017s
    000002F4 <00000036>             .DATA.L     H'00000036+_prr0017s
    000002F8 <00000056>             .DATA.L     H'00000056+_prr0017s
    000002FC <00000057>             .DATA.L     H'00000057+_prr0017s
    00000300 <00000058>             .DATA.L     H'00000058+_prr0017s
    00000304              L26:
    00000304 62D0                   MOV.B       @R13,R2
    00000306 662C                   EXTU.B      R2,R6
    00000308 666C                   EXTU.B      R6,R6
    0000030A 6263                   MOV         R6,R2
    0000030C 72D0                   ADD         #-48,R2
    0000030E              L27:
    0000030E 6323                   MOV         R2,R3
    00000310 D155                   MOV.L       L32+2,R1   ; H'00000078+_prr0017s
    00000312 2130                   MOV.B       R3,@R1
    00000314 7D01                   ADD         #1,R13
    00000316 EE00                   MOV         #0,R14     ; H'00000000
    00000318 D353                   MOV.L       L32+2,R3   ; H'00000078+_prr0017s
    0000031A 6330                   MOV.B       @R3,R3
    0000031C 633C                   EXTU.B      R3,R3
    0000031E 6233                   MOV         R3,R2
    00000320 3E23                   CMP/GE      R2,R14
    00000322 8B01                   BF          L33
    00000324 A096                   BRA         L28
    00000326 0009                   NOP
    00000328              L33:
    00000328              L29:
    00000328 64D3                   MOV         R13,R4
    0000032A D350                   MOV.L       L32+6,R3   ; _htol
    0000032C 430B                   JSR         @R3
    0000032E 0009                   NOP
    00000330 6503                   MOV         R0,R5
    00000332 D44F                   MOV.L       L32+10,R4  ; H'0000007C+_prr0017s
    00000334 66E3                   MOV         R14,R6
    00000336 6263                   MOV         R6,R2
    00000338 4208                   SHLL2       R2
    0000033A 4208                   SHLL2       R2
    0000033C 6023                   MOV         R2,R0
    0000033E 0456                   MOV.L       R5,@(R0,R4)
    00000340 64D3                   MOV         R13,R4
    00000342 7408                   ADD         #8,R4
    00000344 D34B                   MOV.L       L32+14,R3  ; _htoc
    00000346 430B                   JSR         @R3
    00000348 0009                   NOP
    0000034A 6203                   MOV         R0,R2
    0000034C 652C                   EXTU.B      R2,R5
    0000034E D648                   MOV.L       L32+10,R6  ; H'0000007C+_prr0017s
    00000350 7604                   ADD         #4,R6
    00000352 62E3                   MOV         R14,R2
    00000354 4208                   SHLL2       R2
    00000356 4208                   SHLL2       R2
    00000358 6023                   MOV         R2,R0
    0000035A 0654                   MOV.B       R5,@(R0,R6)
    0000035C 64D3                   MOV         R13,R4
    0000035E 740A                   ADD         #10,R4
    00000360 D344                   MOV.L       L32+14,R3  ; _htoc
    00000362 430B                   JSR         @R3
    00000364 0009                   NOP
    00000366 6203                   MOV         R0,R2
    00000368 652C                   EXTU.B      R2,R5
    0000036A D641                   MOV.L       L32+10,R6  ; H'0000007C+_prr0017s
    0000036C 7605                   ADD         #5,R6
    0000036E 62E3                   MOV         R14,R2
    00000370 4208                   SHLL2       R2
    00000372 4208                   SHLL2       R2
    00000374 6023                   MOV         R2,R0
    00000376 0654                   MOV.B       R5,@(R0,R6)
    00000378 64D3                   MOV         R13,R4
    0000037A 740C                   ADD         #12,R4
    0000037C D33D                   MOV.L       L32+14,R3  ; _htoc
    0000037E 430B                   JSR         @R3
    00000380 0009                   NOP
    00000382 6203                   MOV         R0,R2
    00000384 652C                   EXTU.B      R2,R5
    00000386 D63A                   MOV.L       L32+10,R6  ; H'0000007C+_prr0017s
    00000388 7606                   ADD         #6,R6
    0000038A 62E3                   MOV         R14,R2
    0000038C 4208                   SHLL2       R2
    0000038E 4208                   SHLL2       R2
    00000390 6023                   MOV         R2,R0
    00000392 0654                   MOV.B       R5,@(R0,R6)
    00000394 64D3                   MOV         R13,R4
    00000396 740E                   ADD         #14,R4
    00000398 D336                   MOV.L       L32+14,R3  ; _htoc
    0000039A 430B                   JSR         @R3
    0000039C 0009                   NOP
    0000039E 6203                   MOV         R0,R2
    000003A0 652C                   EXTU.B      R2,R5
    000003A2 D633                   MOV.L       L32+10,R6  ; H'0000007C+_prr0017s
    000003A4 7607                   ADD         #7,R6
    000003A6 64E3                   MOV         R14,R4
    000003A8 6243                   MOV         R4,R2
    000003AA 4208                   SHLL2       R2
    000003AC 4208                   SHLL2       R2
    000003AE 6023                   MOV         R2,R0
    000003B0 0654                   MOV.B       R5,@(R0,R6)
    000003B2 64D3                   MOV         R13,R4
    000003B4 7410                   ADD         #16,R4
    000003B6 D32F                   MOV.L       L32+14,R3  ; _htoc
    000003B8 430B                   JSR         @R3
    000003BA 0009                   NOP
    000003BC 6203                   MOV         R0,R2
    000003BE 652C                   EXTU.B      R2,R5
    000003C0 D62B                   MOV.L       L32+10,R6  ; H'0000007C+_prr0017s
    000003C2 7608                   ADD         #8,R6
    000003C4 62E3                   MOV         R14,R2
    000003C6 4208                   SHLL2       R2
    000003C8 4208                   SHLL2       R2
    000003CA 6023                   MOV         R2,R0
    000003CC 0654                   MOV.B       R5,@(R0,R6)
    000003CE 64D3                   MOV         R13,R4
    000003D0 7412                   ADD         #18,R4
    000003D2 D328                   MOV.L       L32+14,R3  ; _htoc
    000003D4 430B                   JSR         @R3
    000003D6 0009                   NOP
    000003D8 6203                   MOV         R0,R2
    000003DA 652C                   EXTU.B      R2,R5
    000003DC D624                   MOV.L       L32+10,R6  ; H'0000007C+_prr0017s
    000003DE 7609                   ADD         #9,R6
    000003E0 62E3                   MOV         R14,R2
    000003E2 4208                   SHLL2       R2
    000003E4 4208                   SHLL2       R2
    000003E6 6023                   MOV         R2,R0
    000003E8 0654                   MOV.B       R5,@(R0,R6)
    000003EA 64D3                   MOV         R13,R4
    000003EC 7414                   ADD         #20,R4
    000003EE D321                   MOV.L       L32+14,R3  ; _htoc
    000003F0 430B                   JSR         @R3
    000003F2 0009                   NOP
    000003F4 6203                   MOV         R0,R2
    000003F6 652C                   EXTU.B      R2,R5
    000003F8 D61D                   MOV.L       L32+10,R6  ; H'0000007C+_prr0017s
    000003FA 760A                   ADD         #10,R6
    000003FC 64E3                   MOV         R14,R4
    000003FE 6243                   MOV         R4,R2
    00000400 4208                   SHLL2       R2
    00000402 4208                   SHLL2       R2
    00000404 6023                   MOV         R2,R0
    00000406 0654                   MOV.B       R5,@(R0,R6)
    00000408 64D3                   MOV         R13,R4
    0000040A 7416                   ADD         #22,R4
    0000040C D319                   MOV.L       L32+14,R3  ; _htoc
    0000040E 430B                   JSR         @R3
    00000410 0009                   NOP
    00000412 6203                   MOV         R0,R2
    00000414 652C                   EXTU.B      R2,R5
    00000416 D616                   MOV.L       L32+10,R6  ; H'0000007C+_prr0017s
    00000418 760B                   ADD         #11,R6
    0000041A 62E3                   MOV         R14,R2
    0000041C 4208                   SHLL2       R2
    0000041E 4208                   SHLL2       R2
    00000420 6023                   MOV         R2,R0
    00000422 0654                   MOV.B       R5,@(R0,R6)
    00000424 64D3                   MOV         R13,R4
    00000426 7418                   ADD         #24,R4
    00000428 D312                   MOV.L       L32+14,R3  ; _htoc
    0000042A 430B                   JSR         @R3
    0000042C 0009                   NOP
    0000042E 6203                   MOV         R0,R2
    00000430 652C                   EXTU.B      R2,R5
    00000432 D60F                   MOV.L       L32+10,R6  ; H'0000007C+_prr0017s
    00000434 760C                   ADD         #12,R6
    00000436 62E3                   MOV         R14,R2
    00000438 4208                   SHLL2       R2
    0000043A 4208                   SHLL2       R2
    0000043C 6023                   MOV         R2,R0
    0000043E 0654                   MOV.B       R5,@(R0,R6)
    00000440 7E01                   ADD         #1,R14
    00000442 7D1A                   ADD         #26,R13
    00000444 D308                   MOV.L       L32+2,R3   ; H'00000078+_prr0017s
    00000446 6330                   MOV.B       @R3,R3
    00000448 633C                   EXTU.B      R3,R3
    0000044A 6233                   MOV         R3,R2
    0000044C 3E23                   CMP/GE      R2,R14
    0000044E 8901                   BT          L34
    00000450 AF6A                   BRA         L29
    00000452 0009                   NOP
    00000454              L34:
    00000454              L28:
    00000454 E200                   MOV         #0,R2      ; H'00000000
    00000456 6023                   MOV         R2,R0
    00000458 7F10                   ADD         #16,R15
    0000045A 4F26                   LDS.L       @R15+,PR
    0000045C 6EF6                   MOV.L       @R15+,R14
    0000045E 6DF6                   MOV.L       @R15+,R13
    00000460 6CF6                   MOV.L       @R15+,R12
    00000462 000B                   RTS
    00000464 0009                   NOP
    00000466              L32:
    00000466 00000002               .RES.W      1
    00000468 <00000078>             .DATA.L     H'00000078+_prr0017s
    0000046C <00000000>             .DATA.L     _htol
    00000470 <0000007C>             .DATA.L     H'0000007C+_prr0017s
    00000474 <00000000>             .DATA.L     _htoc
B   00000000              _prr0017s:                       ; static: prr0017s
    00000000 00000004               .RES.L      63
SH SERIES C/C++ Compiler (Ver. checker(2003.03.17))                                              16-Nov-2009 12:33:30  PAGE    1


******** STATISTICS INFORMATION ********


********** ERROR INFORMATION ***********

NUMBER OF ERRORS:           0
NUMBER OF WARNINGS:         0
NUMBER OF INFORMATIONS:     0



******* SOURCE LINE INFORMATION ********

COMPILED SOURCE LINE:      121



******* SECTION SIZE INFORMATION *******

PROGRAM  SECTION (P):                               00000478 Byte(s)
CONSTANT SECTION (C):                               00000000 Byte(s)
DATA     SECTION (D):                               00000000 Byte(s)
BSS      SECTION (B):                               000000FC Byte(s)

TOTAL PROGRAM  SECTION: 00000478 Byte(s)
TOTAL CONSTANT SECTION: 00000000 Byte(s)
TOTAL DATA     SECTION: 00000000 Byte(s)
TOTAL BSS      SECTION: 000000FC Byte(s)

    TOTAL PROGRAM SIZE: 00000574 Byte(s)



********** LABEL INFORMATION ***********

NUMBER OF EXTERNAL REFERENCE SYMBOLS:            2
NUMBER OF EXTERNAL DEFINITION SYMBOLS:           2
NUMBER OF INTERNAL/EXTERNAL SYMBOLS:            24
*** COMMAND PARAMETER ***


  -cpu=sh3 -op=0 -en=big -me -debug -comment=nest -l -def=DEBUG -i=P:\PRESTO2\SHINC,C:\usr\local\SH\7_1_1\include,P:\PRESTO2\NORTI_12\inc prr0017.c 

