SH SERIES C/C++ Compiler (Ver. checker(2003.03.17))                                              16-Nov-2009 12:33:52  PAGE    1

************ OBJECT LISTING ************

FILE NAME: prr0102.c

SCT OFFSET   CODE       C LABEL     INSTRUCTION OPERAND    COMMENT

P   00000000              _pr_print_req_info:              ; function: pr_print_req_info
                                                           ; frame size=12
    00000000 2FD6                   MOV.L       R13,@-R15
    00000002 2FE6                   MOV.L       R14,@-R15
    00000004 4F22                   STS.L       PR,@-R15
    00000006 6D53                   MOV         R5,R13
    00000008 6E43                   MOV         R4,R14
    0000000A 64D2                   MOV.L       @R13,R4
    0000000C 65E3                   MOV         R14,R5
    0000000E 7505                   ADD         #5,R5
    00000010 644C                   EXTU.B      R4,R4
    00000012 D30A                   MOV.L       L12+2,R3   ; _ctoh
    00000014 430B                   JSR         @R3
    00000016 0009                   NOP
    00000018 84D4                   MOV.B       @(4,R13),R0
    0000001A 6203                   MOV         R0,R2
    0000001C 642C                   EXTU.B      R2,R4
    0000001E 65E3                   MOV         R14,R5
    00000020 7507                   ADD         #7,R5
    00000022 644C                   EXTU.B      R4,R4
    00000024 D305                   MOV.L       L12+2,R3   ; _ctoh
    00000026 430B                   JSR         @R3
    00000028 0009                   NOP
    0000002A 7E09                   ADD         #9,R14
    0000002C 62E3                   MOV         R14,R2
    0000002E 6023                   MOV         R2,R0
    00000030 4F26                   LDS.L       @R15+,PR
    00000032 6EF6                   MOV.L       @R15+,R14
    00000034 6DF6                   MOV.L       @R15+,R13
    00000036 000B                   RTS
    00000038 0009                   NOP
    0000003A              L12:
    0000003A 00000002               .RES.W      1
    0000003C <00000000>             .DATA.L     _ctoh
SH SERIES C/C++ Compiler (Ver. checker(2003.03.17))                                              16-Nov-2009 12:33:52  PAGE    1


******** STATISTICS INFORMATION ********


********** ERROR INFORMATION ***********

NUMBER OF ERRORS:           0
NUMBER OF WARNINGS:         0
NUMBER OF INFORMATIONS:     0



******* SOURCE LINE INFORMATION ********

COMPILED SOURCE LINE:       53



******* SECTION SIZE INFORMATION *******

PROGRAM  SECTION (P):                               00000040 Byte(s)
CONSTANT SECTION (C):                               00000000 Byte(s)
DATA     SECTION (D):                               00000000 Byte(s)
BSS      SECTION (B):                               00000000 Byte(s)

TOTAL PROGRAM  SECTION: 00000040 Byte(s)
TOTAL CONSTANT SECTION: 00000000 Byte(s)
TOTAL DATA     SECTION: 00000000 Byte(s)
TOTAL BSS      SECTION: 00000000 Byte(s)

    TOTAL PROGRAM SIZE: 00000040 Byte(s)



********** LABEL INFORMATION ***********

NUMBER OF EXTERNAL REFERENCE SYMBOLS:            1
NUMBER OF EXTERNAL DEFINITION SYMBOLS:           1
NUMBER OF INTERNAL/EXTERNAL SYMBOLS:             3
*** COMMAND PARAMETER ***


  -cpu=sh3 -op=0 -en=big -me -debug -comment=nest -l -def=DEBUG -i=P:\PRESTO2\SHINC,C:\usr\local\SH\7_1_1\include,P:\PRESTO2\NORTI_12\inc prr0102.c 

