SH SERIES C/C++ Compiler (Ver. checker(2003.03.17))                                              16-Nov-2009 12:33:49  PAGE    1

************ OBJECT LISTING ************

FILE NAME: prr0068.c

SCT OFFSET   CODE       C LABEL     INSTRUCTION OPERAND    COMMENT

P   00000000              _pr_print_metal_text:            ; function: pr_print_metal_text
                                                           ; frame size=12
    00000000 2FE6                   MOV.L       R14,@-R15
    00000002 4F22                   STS.L       PR,@-R15
    00000004 7FFC                   ADD         #-4,R15
    00000006 6E53                   MOV         R5,R14
    00000008 6243                   MOV         R4,R2
    0000000A 2F22                   MOV.L       R2,@R15
    0000000C 65E0                   MOV.B       @R14,R5
    0000000E 665C                   EXTU.B      R5,R6
    00000010 666C                   EXTU.B      R6,R6
    00000012 E309                   MOV         #9,R3      ; H'00000009
    00000014 3637                   CMP/GT      R3,R6
    00000016 8B06                   BF          L12
    00000018 66E0                   MOV.B       @R14,R6
    0000001A 656C                   EXTU.B      R6,R5
    0000001C 655C                   EXTU.B      R5,R5
    0000001E 6653                   MOV         R5,R6
    00000020 7637                   ADD         #55,R6
    00000022 A005                   BRA         L13
    00000024 0009                   NOP
    00000026              L12:
    00000026 66E0                   MOV.B       @R14,R6
    00000028 656C                   EXTU.B      R6,R5
    0000002A 655C                   EXTU.B      R5,R5
    0000002C 6653                   MOV         R5,R6
    0000002E 7630                   ADD         #48,R6
    00000030              L13:
    00000030 6063                   MOV         R6,R0
    00000032 8025                   MOV.B       R0,@(5,R2)
    00000034 84E1                   MOV.B       @(1,R14),R0
    00000036 6603                   MOV         R0,R6
    00000038 646C                   EXTU.B      R6,R4
    0000003A 6523                   MOV         R2,R5
    0000003C 7506                   ADD         #6,R5
    0000003E 644C                   EXTU.B      R4,R4
    00000040 D30B                   MOV.L       L18+2,R3   ; _ctoh
    00000042 430B                   JSR         @R3
    00000044 0009                   NOP
    00000046 56E1                   MOV.L       @(4,R14),R6
    00000048 E309                   MOV         #9,R3      ; H'00000009
    0000004A 3637                   CMP/GT      R3,R6
    0000004C 8B03                   BF          L15
    0000004E 56E1                   MOV.L       @(4,R14),R6
    00000050 7637                   ADD         #55,R6
    00000052 A002                   BRA         L16
    00000054 0009                   NOP
    00000056              L15:
    00000056 56E1                   MOV.L       @(4,R14),R6
    00000058 7630                   ADD         #48,R6
    0000005A              L16:
    0000005A 62F2                   MOV.L       @R15,R2
    0000005C 6063                   MOV         R6,R0
    0000005E 8028                   MOV.B       R0,@(8,R2)
    00000060 7209                   ADD         #9,R2
    00000062 6023                   MOV         R2,R0
    00000064 7F04                   ADD         #4,R15
    00000066 4F26                   LDS.L       @R15+,PR
    00000068 6EF6                   MOV.L       @R15+,R14
    0000006A 000B                   RTS
    0000006C 0009                   NOP
    0000006E              L18:
    0000006E 00000002               .RES.W      1
    00000070 <00000000>             .DATA.L     _ctoh
SH SERIES C/C++ Compiler (Ver. checker(2003.03.17))                                              16-Nov-2009 12:33:49  PAGE    1


******** STATISTICS INFORMATION ********


********** ERROR INFORMATION ***********

NUMBER OF ERRORS:           0
NUMBER OF WARNINGS:         0
NUMBER OF INFORMATIONS:     0



******* SOURCE LINE INFORMATION ********

COMPILED SOURCE LINE:       54



******* SECTION SIZE INFORMATION *******

PROGRAM  SECTION (P):                               00000074 Byte(s)
CONSTANT SECTION (C):                               00000000 Byte(s)
DATA     SECTION (D):                               00000000 Byte(s)
BSS      SECTION (B):                               00000000 Byte(s)

TOTAL PROGRAM  SECTION: 00000074 Byte(s)
TOTAL CONSTANT SECTION: 00000000 Byte(s)
TOTAL DATA     SECTION: 00000000 Byte(s)
TOTAL BSS      SECTION: 00000000 Byte(s)

    TOTAL PROGRAM SIZE: 00000074 Byte(s)



********** LABEL INFORMATION ***********

NUMBER OF EXTERNAL REFERENCE SYMBOLS:            1
NUMBER OF EXTERNAL DEFINITION SYMBOLS:           1
NUMBER OF INTERNAL/EXTERNAL SYMBOLS:             7
*** COMMAND PARAMETER ***


  -cpu=sh3 -op=0 -en=big -me -debug -comment=nest -l -def=DEBUG -i=P:\PRESTO2\SHINC,C:\usr\local\SH\7_1_1\include,P:\PRESTO2\NORTI_12\inc prr0068.c 

