SH SERIES C/C++ Compiler (Ver. checker(2003.03.17))                                              16-Nov-2009 12:33:44  PAGE    1

************ OBJECT LISTING ************

FILE NAME: prr0052.c

SCT OFFSET   CODE       C LABEL     INSTRUCTION OPERAND    COMMENT

P   00000000              _pr_print_tstdrv_run:            ; function: pr_print_tstdrv_run
                                                           ; frame size=12
    00000000 2FD6                   MOV.L       R13,@-R15
    00000002 2FE6                   MOV.L       R14,@-R15
    00000004 4F22                   STS.L       PR,@-R15
    00000006 6E53                   MOV         R5,R14
    00000008 6D43                   MOV         R4,R13
    0000000A 66E0                   MOV.B       @R14,R6
    0000000C 626C                   EXTU.B      R6,R2
    0000000E 622C                   EXTU.B      R2,R2
    00000010 E309                   MOV         #9,R3      ; H'00000009
    00000012 3237                   CMP/GT      R3,R2
    00000014 8B05                   BF          L12
    00000016 66E0                   MOV.B       @R14,R6
    00000018 626C                   EXTU.B      R6,R2
    0000001A 622C                   EXTU.B      R2,R2
    0000001C 7237                   ADD         #55,R2
    0000001E A005                   BRA         L13
    00000020 0009                   NOP
    00000022              L12:
    00000022 62E0                   MOV.B       @R14,R2
    00000024 662C                   EXTU.B      R2,R6
    00000026 666C                   EXTU.B      R6,R6
    00000028 6263                   MOV         R6,R2
    0000002A 7230                   ADD         #48,R2
    0000002C              L13:
    0000002C 6023                   MOV         R2,R0
    0000002E 80D5                   MOV.B       R0,@(5,R13)
    00000030 84E1                   MOV.B       @(1,R14),R0
    00000032 6203                   MOV         R0,R2
    00000034 642C                   EXTU.B      R2,R4
    00000036 65D3                   MOV         R13,R5
    00000038 7506                   ADD         #6,R5
    0000003A 644C                   EXTU.B      R4,R4
    0000003C D34B                   MOV.L       L24,R3     ; _ctoh
    0000003E 430B                   JSR         @R3
    00000040 0009                   NOP
    00000042 84E2                   MOV.B       @(2,R14),R0
    00000044 6203                   MOV         R0,R2
    00000046 642C                   EXTU.B      R2,R4
    00000048 65D3                   MOV         R13,R5
    0000004A 7508                   ADD         #8,R5
    0000004C 644C                   EXTU.B      R4,R4
    0000004E D347                   MOV.L       L24,R3     ; _ctoh
    00000050 430B                   JSR         @R3
    00000052 0009                   NOP
    00000054 84E3                   MOV.B       @(3,R14),R0
    00000056 6203                   MOV         R0,R2
    00000058 642C                   EXTU.B      R2,R4
    0000005A 65D3                   MOV         R13,R5
    0000005C 750A                   ADD         #10,R5
    0000005E 644C                   EXTU.B      R4,R4
    00000060 D342                   MOV.L       L24,R3     ; _ctoh
    00000062 430B                   JSR         @R3
    00000064 0009                   NOP
    00000066 54E1                   MOV.L       @(4,R14),R4
    00000068 65D3                   MOV         R13,R5
    0000006A 750C                   ADD         #12,R5
    0000006C D340                   MOV.L       L24+4,R3   ; _ltoh
    0000006E 430B                   JSR         @R3
    00000070 0009                   NOP
    00000072 52E2                   MOV.L       @(8,R14),R2
    00000074 65D3                   MOV         R13,R5
    00000076 7514                   ADD         #20,R5
    00000078 6423                   MOV         R2,R4
    0000007A D33D                   MOV.L       L24+4,R3   ; _ltoh
    0000007C 430B                   JSR         @R3
    0000007E 0009                   NOP
    00000080 54E3                   MOV.L       @(12,R14),R4
    00000082 65D3                   MOV         R13,R5
    00000084 751C                   ADD         #28,R5
    00000086 D33A                   MOV.L       L24+4,R3   ; _ltoh
    00000088 430B                   JSR         @R3
    0000008A 0009                   NOP
    0000008C 54E4                   MOV.L       @(16,R14),R4
    0000008E 65D3                   MOV         R13,R5
    00000090 7524                   ADD         #36,R5
    00000092 D337                   MOV.L       L24+4,R3   ; _ltoh
    00000094 430B                   JSR         @R3
    00000096 0009                   NOP
    00000098 52E5                   MOV.L       @(20,R14),R2
    0000009A 65D3                   MOV         R13,R5
    0000009C 752C                   ADD         #44,R5
    0000009E 6423                   MOV         R2,R4
    000000A0 D333                   MOV.L       L24+4,R3   ; _ltoh
    000000A2 430B                   JSR         @R3
    000000A4 0009                   NOP
    000000A6 54E6                   MOV.L       @(24,R14),R4
    000000A8 65D3                   MOV         R13,R5
    000000AA 7534                   ADD         #52,R5
    000000AC D330                   MOV.L       L24+4,R3   ; _ltoh
    000000AE 430B                   JSR         @R3
    000000B0 0009                   NOP
    000000B2 52E7                   MOV.L       @(28,R14),R2
    000000B4 65D3                   MOV         R13,R5
    000000B6 753C                   ADD         #60,R5
    000000B8 6423                   MOV         R2,R4
    000000BA D32D                   MOV.L       L24+4,R3   ; _ltoh
    000000BC 430B                   JSR         @R3
    000000BE 0009                   NOP
    000000C0 E020                   MOV         #32,R0     ; H'00000020
    000000C2 02ED                   MOV.W       @(R0,R14),R2
    000000C4 65D3                   MOV         R13,R5
    000000C6 7544                   ADD         #68,R5
    000000C8 642D                   EXTU.W      R2,R4
    000000CA D32A                   MOV.L       L24+8,R3   ; _itoh
    000000CC 430B                   JSR         @R3
    000000CE 0009                   NOP
    000000D0 E022                   MOV         #34,R0     ; H'00000022
    000000D2 04ED                   MOV.W       @(R0,R14),R4
    000000D4 65D3                   MOV         R13,R5
    000000D6 7548                   ADD         #72,R5
    000000D8 644D                   EXTU.W      R4,R4
    000000DA D326                   MOV.L       L24+8,R3   ; _itoh
    000000DC 430B                   JSR         @R3
    000000DE 0009                   NOP
    000000E0 E024                   MOV         #36,R0     ; H'00000024
    000000E2 02ED                   MOV.W       @(R0,R14),R2
    000000E4 65D3                   MOV         R13,R5
    000000E6 754C                   ADD         #76,R5
    000000E8 642D                   EXTU.W      R2,R4
    000000EA D322                   MOV.L       L24+8,R3   ; _itoh
    000000EC 430B                   JSR         @R3
    000000EE 0009                   NOP
    000000F0 52EA                   MOV.L       @(40,R14),R2
    000000F2 65D3                   MOV         R13,R5
    000000F4 7550                   ADD         #80,R5
    000000F6 6423                   MOV         R2,R4
    000000F8 D31D                   MOV.L       L24+4,R3   ; _ltoh
    000000FA 430B                   JSR         @R3
    000000FC 0009                   NOP
    000000FE 52EB                   MOV.L       @(44,R14),R2
    00000100 E309                   MOV         #9,R3      ; H'00000009
    00000102 3237                   CMP/GT      R3,R2
    00000104 8B03                   BF          L15
    00000106 52EB                   MOV.L       @(44,R14),R2
    00000108 7237                   ADD         #55,R2
    0000010A A002                   BRA         L16
    0000010C 0009                   NOP
    0000010E              L15:
    0000010E 52EB                   MOV.L       @(44,R14),R2
    00000110 7230                   ADD         #48,R2
    00000112              L16:
    00000112 E058                   MOV         #88,R0     ; H'00000058
    00000114 0D24                   MOV.B       R2,@(R0,R13)
    00000116 52EC                   MOV.L       @(48,R14),R2
    00000118 E309                   MOV         #9,R3      ; H'00000009
    0000011A 3237                   CMP/GT      R3,R2
    0000011C 8B03                   BF          L18
    0000011E 52EC                   MOV.L       @(48,R14),R2
    00000120 7237                   ADD         #55,R2
    00000122 A002                   BRA         L19
    00000124 0009                   NOP
    00000126              L18:
    00000126 52EC                   MOV.L       @(48,R14),R2
    00000128 7230                   ADD         #48,R2
    0000012A              L19:
    0000012A E059                   MOV         #89,R0     ; H'00000059
    0000012C 0D24                   MOV.B       R2,@(R0,R13)
    0000012E E034                   MOV         #52,R0     ; H'00000034
    00000130 06EC                   MOV.B       @(R0,R14),R6
    00000132 626C                   EXTU.B      R6,R2
    00000134 622C                   EXTU.B      R2,R2
    00000136 E309                   MOV         #9,R3      ; H'00000009
    00000138 3237                   CMP/GT      R3,R2
    0000013A 8B07                   BF          L21
    0000013C E034                   MOV         #52,R0     ; H'00000034
    0000013E 02EC                   MOV.B       @(R0,R14),R2
    00000140 662C                   EXTU.B      R2,R6
    00000142 666C                   EXTU.B      R6,R6
    00000144 6263                   MOV         R6,R2
    00000146 7237                   ADD         #55,R2
    00000148 A006                   BRA         L22
    0000014A 0009                   NOP
    0000014C              L21:
    0000014C E034                   MOV         #52,R0     ; H'00000034
    0000014E 02EC                   MOV.B       @(R0,R14),R2
    00000150 662C                   EXTU.B      R2,R6
    00000152 666C                   EXTU.B      R6,R6
    00000154 6263                   MOV         R6,R2
    00000156 7230                   ADD         #48,R2
    00000158              L22:
    00000158 E05A                   MOV         #90,R0     ; H'0000005A
    0000015A 0D24                   MOV.B       R2,@(R0,R13)
    0000015C 7D5B                   ADD         #91,R13
    0000015E 62D3                   MOV         R13,R2
    00000160 6023                   MOV         R2,R0
    00000162 4F26                   LDS.L       @R15+,PR
    00000164 6EF6                   MOV.L       @R15+,R14
    00000166 6DF6                   MOV.L       @R15+,R13
    00000168 000B                   RTS
    0000016A 0009                   NOP
    0000016C              L24:
    0000016C <00000000>             .DATA.L     _ctoh
    00000170 <00000000>             .DATA.L     _ltoh
    00000174 <00000000>             .DATA.L     _itoh
SH SERIES C/C++ Compiler (Ver. checker(2003.03.17))                                              16-Nov-2009 12:33:44  PAGE    1


******** STATISTICS INFORMATION ********


********** ERROR INFORMATION ***********

NUMBER OF ERRORS:           0
NUMBER OF WARNINGS:         0
NUMBER OF INFORMATIONS:     0



******* SOURCE LINE INFORMATION ********

COMPILED SOURCE LINE:       69



******* SECTION SIZE INFORMATION *******

PROGRAM  SECTION (P):                               00000178 Byte(s)
CONSTANT SECTION (C):                               00000000 Byte(s)
DATA     SECTION (D):                               00000000 Byte(s)
BSS      SECTION (B):                               00000000 Byte(s)

TOTAL PROGRAM  SECTION: 00000178 Byte(s)
TOTAL CONSTANT SECTION: 00000000 Byte(s)
TOTAL DATA     SECTION: 00000000 Byte(s)
TOTAL BSS      SECTION: 00000000 Byte(s)

    TOTAL PROGRAM SIZE: 00000178 Byte(s)



********** LABEL INFORMATION ***********

NUMBER OF EXTERNAL REFERENCE SYMBOLS:            3
NUMBER OF EXTERNAL DEFINITION SYMBOLS:           1
NUMBER OF INTERNAL/EXTERNAL SYMBOLS:            13
*** COMMAND PARAMETER ***


  -cpu=sh3 -op=0 -en=big -me -debug -comment=nest -l -def=DEBUG -i=P:\PRESTO2\SHINC,C:\usr\local\SH\7_1_1\include,P:\PRESTO2\NORTI_12\inc prr0052.c 

