SH SERIES C/C++ Compiler (Ver. checker(2003.03.17))                                              16-Nov-2009 12:33:59  PAGE    1

************ OBJECT LISTING ************

FILE NAME: prr0121.c

SCT OFFSET   CODE       C LABEL     INSTRUCTION OPERAND    COMMENT

P   00000000              _pr_scan_ryout_check:            ; function: pr_scan_ryout_check
                                                           ; frame size=8
    00000000 2FE6                   MOV.L       R14,@-R15
    00000002 4F22                   STS.L       PR,@-R15
    00000004 6E43                   MOV         R4,R14
    00000006 84E5                   MOV.B       @(5,R14),R0
    00000008 6203                   MOV         R0,R2
    0000000A 662C                   EXTU.B      R2,R6
    0000000C 666C                   EXTU.B      R6,R6
    0000000E E339                   MOV         #57,R3     ; H'00000039
    00000010 3637                   CMP/GT      R3,R6
    00000012 8B07                   BF          L12
    00000014 84E5                   MOV.B       @(5,R14),R0
    00000016 6203                   MOV         R0,R2
    00000018 662C                   EXTU.B      R2,R6
    0000001A 666C                   EXTU.B      R6,R6
    0000001C 6263                   MOV         R6,R2
    0000001E 72C9                   ADD         #-55,R2
    00000020 A006                   BRA         L13
    00000022 0009                   NOP
    00000024              L12:
    00000024 84E5                   MOV.B       @(5,R14),R0
    00000026 6203                   MOV         R0,R2
    00000028 662C                   EXTU.B      R2,R6
    0000002A 666C                   EXTU.B      R6,R6
    0000002C 6263                   MOV         R6,R2
    0000002E 72D0                   ADD         #-48,R2
    00000030              L13:
    00000030 6323                   MOV         R2,R3
    00000032 D111                   MOV.L       L15,R1     ; _prr0121s
    00000034 2130                   MOV.B       R3,@R1
    00000036 64E3                   MOV         R14,R4
    00000038 7406                   ADD         #6,R4
    0000003A D310                   MOV.L       L15+4,R3   ; _htoc
    0000003C 430B                   JSR         @R3
    0000003E 0009                   NOP
    00000040 6203                   MOV         R0,R2
    00000042 632C                   EXTU.B      R2,R3
    00000044 D10E                   MOV.L       L15+8,R1   ; H'00000001+_prr0121s
    00000046 2130                   MOV.B       R3,@R1
    00000048 64E3                   MOV         R14,R4
    0000004A 7408                   ADD         #8,R4
    0000004C D30B                   MOV.L       L15+4,R3   ; _htoc
    0000004E 430B                   JSR         @R3
    00000050 0009                   NOP
    00000052 6203                   MOV         R0,R2
    00000054 632C                   EXTU.B      R2,R3
    00000056 D10B                   MOV.L       L15+12,R1  ; H'00000002+_prr0121s
    00000058 2130                   MOV.B       R3,@R1
    0000005A 7E0A                   ADD         #10,R14
    0000005C 64E3                   MOV         R14,R4
    0000005E D307                   MOV.L       L15+4,R3   ; _htoc
    00000060 430B                   JSR         @R3
    00000062 0009                   NOP
    00000064 6203                   MOV         R0,R2
    00000066 632C                   EXTU.B      R2,R3
    00000068 D107                   MOV.L       L15+16,R1  ; H'00000003+_prr0121s
    0000006A 2130                   MOV.B       R3,@R1
    0000006C E200                   MOV         #0,R2      ; H'00000000
    0000006E 6023                   MOV         R2,R0
    00000070 4F26                   LDS.L       @R15+,PR
    00000072 6EF6                   MOV.L       @R15+,R14
    00000074 000B                   RTS
    00000076 0009                   NOP
    00000078              L15:
    00000078 <00000000>             .DATA.L     _prr0121s
    0000007C <00000000>             .DATA.L     _htoc
    00000080 <00000001>             .DATA.L     H'00000001+_prr0121s
    00000084 <00000002>             .DATA.L     H'00000002+_prr0121s
    00000088 <00000003>             .DATA.L     H'00000003+_prr0121s
B   00000000              _prr0121s:                       ; static: prr0121s
    00000000 00000001               .RES.B      4
SH SERIES C/C++ Compiler (Ver. checker(2003.03.17))                                              16-Nov-2009 12:33:59  PAGE    1


******** STATISTICS INFORMATION ********


********** ERROR INFORMATION ***********

NUMBER OF ERRORS:           0
NUMBER OF WARNINGS:         0
NUMBER OF INFORMATIONS:     0



******* SOURCE LINE INFORMATION ********

COMPILED SOURCE LINE:       52



******* SECTION SIZE INFORMATION *******

PROGRAM  SECTION (P):                               0000008C Byte(s)
CONSTANT SECTION (C):                               00000000 Byte(s)
DATA     SECTION (D):                               00000000 Byte(s)
BSS      SECTION (B):                               00000004 Byte(s)

TOTAL PROGRAM  SECTION: 0000008C Byte(s)
TOTAL CONSTANT SECTION: 00000000 Byte(s)
TOTAL DATA     SECTION: 00000000 Byte(s)
TOTAL BSS      SECTION: 00000004 Byte(s)

    TOTAL PROGRAM SIZE: 00000090 Byte(s)



********** LABEL INFORMATION ***********

NUMBER OF EXTERNAL REFERENCE SYMBOLS:            1
NUMBER OF EXTERNAL DEFINITION SYMBOLS:           2
NUMBER OF INTERNAL/EXTERNAL SYMBOLS:             6
*** COMMAND PARAMETER ***


  -cpu=sh3 -op=0 -en=big -me -debug -comment=nest -l -def=DEBUG -i=P:\PRESTO2\SHINC,C:\usr\local\SH\7_1_1\include,P:\PRESTO2\NORTI_12\inc prr0121.c 

