SH SERIES C/C++ Compiler (Ver. checker(2003.03.17))                                              16-Nov-2009 12:33:29  PAGE    1

************ OBJECT LISTING ************

FILE NAME: prr0015.c

SCT OFFSET   CODE       C LABEL     INSTRUCTION OPERAND    COMMENT

P   00000000              _pr_scan_fd_spec:                ; function: pr_scan_fd_spec
                                                           ; frame size=8
    00000000 2FE6                   MOV.L       R14,@-R15
    00000002 4F22                   STS.L       PR,@-R15
    00000004 6E43                   MOV         R4,R14
    00000006 64E3                   MOV         R14,R4
    00000008 7405                   ADD         #5,R4
    0000000A D37F                   MOV.L       L39,R3     ; _htoc
    0000000C 430B                   JSR         @R3
    0000000E 0009                   NOP
    00000010 6203                   MOV         R0,R2
    00000012 632C                   EXTU.B      R2,R3
    00000014 D17D                   MOV.L       L39+4,R1   ; _prr0015s
    00000016 2130                   MOV.B       R3,@R1
    00000018 64E3                   MOV         R14,R4
    0000001A 7407                   ADD         #7,R4
    0000001C D37C                   MOV.L       L39+8,R3   ; _htol
    0000001E 430B                   JSR         @R3
    00000020 0009                   NOP
    00000022 6303                   MOV         R0,R3
    00000024 D17B                   MOV.L       L39+12,R1  ; H'00000004+_prr0015s
    00000026 2132                   MOV.L       R3,@R1
    00000028 84EF                   MOV.B       @(15,R14),R0
    0000002A 6603                   MOV         R0,R6
    0000002C 626C                   EXTU.B      R6,R2
    0000002E 622C                   EXTU.B      R2,R2
    00000030 E339                   MOV         #57,R3     ; H'00000039
    00000032 3237                   CMP/GT      R3,R2
    00000034 8B06                   BF          L12
    00000036 84EF                   MOV.B       @(15,R14),R0
    00000038 6203                   MOV         R0,R2
    0000003A 662C                   EXTU.B      R2,R6
    0000003C 666C                   EXTU.B      R6,R6
    0000003E 76C9                   ADD         #-55,R6
    00000040 A005                   BRA         L13
    00000042 0009                   NOP
    00000044              L12:
    00000044 84EF                   MOV.B       @(15,R14),R0
    00000046 6203                   MOV         R0,R2
    00000048 662C                   EXTU.B      R2,R6
    0000004A 666C                   EXTU.B      R6,R6
    0000004C 76D0                   ADD         #-48,R6
    0000004E              L13:
    0000004E 6263                   MOV         R6,R2
    00000050 622C                   EXTU.B      R2,R2
    00000052 6323                   MOV         R2,R3
    00000054 D170                   MOV.L       L39+16,R1  ; H'00000008+_prr0015s
    00000056 2132                   MOV.L       R3,@R1
    00000058 E010                   MOV         #16,R0     ; H'00000010
    0000005A 06EC                   MOV.B       @(R0,R14),R6
    0000005C 626C                   EXTU.B      R6,R2
    0000005E 622C                   EXTU.B      R2,R2
    00000060 E339                   MOV         #57,R3     ; H'00000039
    00000062 3237                   CMP/GT      R3,R2
    00000064 8B06                   BF          L15
    00000066 E010                   MOV         #16,R0     ; H'00000010
    00000068 02EC                   MOV.B       @(R0,R14),R2
    0000006A 662C                   EXTU.B      R2,R6
    0000006C 666C                   EXTU.B      R6,R6
    0000006E 76C9                   ADD         #-55,R6
    00000070 A006                   BRA         L16
    00000072 0009                   NOP
    00000074              L15:
    00000074 E010                   MOV         #16,R0     ; H'00000010
    00000076 02EC                   MOV.B       @(R0,R14),R2
    00000078 652C                   EXTU.B      R2,R5
    0000007A 655C                   EXTU.B      R5,R5
    0000007C 6653                   MOV         R5,R6
    0000007E 76D0                   ADD         #-48,R6
    00000080              L16:
    00000080 6263                   MOV         R6,R2
    00000082 6323                   MOV         R2,R3
    00000084 D165                   MOV.L       L39+20,R1  ; H'0000000C+_prr0015s
    00000086 2130                   MOV.B       R3,@R1
    00000088 E011                   MOV         #17,R0     ; H'00000011
    0000008A 06EC                   MOV.B       @(R0,R14),R6
    0000008C 626C                   EXTU.B      R6,R2
    0000008E 622C                   EXTU.B      R2,R2
    00000090 E339                   MOV         #57,R3     ; H'00000039
    00000092 3237                   CMP/GT      R3,R2
    00000094 8B06                   BF          L18
    00000096 E011                   MOV         #17,R0     ; H'00000011
    00000098 06EC                   MOV.B       @(R0,R14),R6
    0000009A 626C                   EXTU.B      R6,R2
    0000009C 622C                   EXTU.B      R2,R2
    0000009E 72C9                   ADD         #-55,R2
    000000A0 A006                   BRA         L19
    000000A2 0009                   NOP
    000000A4              L18:
    000000A4 E011                   MOV         #17,R0     ; H'00000011
    000000A6 02EC                   MOV.B       @(R0,R14),R2
    000000A8 662C                   EXTU.B      R2,R6
    000000AA 666C                   EXTU.B      R6,R6
    000000AC 6263                   MOV         R6,R2
    000000AE 72D0                   ADD         #-48,R2
    000000B0              L19:
    000000B0 6323                   MOV         R2,R3
    000000B2 D15B                   MOV.L       L39+24,R1  ; H'0000000D+_prr0015s
    000000B4 2130                   MOV.B       R3,@R1
    000000B6 E012                   MOV         #18,R0     ; H'00000012
    000000B8 02EC                   MOV.B       @(R0,R14),R2
    000000BA 662C                   EXTU.B      R2,R6
    000000BC 666C                   EXTU.B      R6,R6
    000000BE E339                   MOV         #57,R3     ; H'00000039
    000000C0 3637                   CMP/GT      R3,R6
    000000C2 8B07                   BF          L21
    000000C4 E012                   MOV         #18,R0     ; H'00000012
    000000C6 02EC                   MOV.B       @(R0,R14),R2
    000000C8 652C                   EXTU.B      R2,R5
    000000CA 655C                   EXTU.B      R5,R5
    000000CC 6653                   MOV         R5,R6
    000000CE 76C9                   ADD         #-55,R6
    000000D0 A006                   BRA         L22
    000000D2 0009                   NOP
    000000D4              L21:
    000000D4 E012                   MOV         #18,R0     ; H'00000012
    000000D6 06EC                   MOV.B       @(R0,R14),R6
    000000D8 626C                   EXTU.B      R6,R2
    000000DA 622C                   EXTU.B      R2,R2
    000000DC 6623                   MOV         R2,R6
    000000DE 76D0                   ADD         #-48,R6
    000000E0              L22:
    000000E0 6263                   MOV         R6,R2
    000000E2 6323                   MOV         R2,R3
    000000E4 D14F                   MOV.L       L39+28,R1  ; H'0000000E+_prr0015s
    000000E6 2130                   MOV.B       R3,@R1
    000000E8 E013                   MOV         #19,R0     ; H'00000013
    000000EA 06EC                   MOV.B       @(R0,R14),R6
    000000EC 626C                   EXTU.B      R6,R2
    000000EE 622C                   EXTU.B      R2,R2
    000000F0 E339                   MOV         #57,R3     ; H'00000039
    000000F2 3237                   CMP/GT      R3,R2
    000000F4 8B07                   BF          L24
    000000F6 E013                   MOV         #19,R0     ; H'00000013
    000000F8 02EC                   MOV.B       @(R0,R14),R2
    000000FA 662C                   EXTU.B      R2,R6
    000000FC 666C                   EXTU.B      R6,R6
    000000FE 6263                   MOV         R6,R2
    00000100 72C9                   ADD         #-55,R2
    00000102 A006                   BRA         L25
    00000104 0009                   NOP
    00000106              L24:
    00000106 E013                   MOV         #19,R0     ; H'00000013
    00000108 02EC                   MOV.B       @(R0,R14),R2
    0000010A 662C                   EXTU.B      R2,R6
    0000010C 666C                   EXTU.B      R6,R6
    0000010E 6263                   MOV         R6,R2
    00000110 72D0                   ADD         #-48,R2
    00000112              L25:
    00000112 622C                   EXTU.B      R2,R2
    00000114 6623                   MOV         R2,R6
    00000116 6363                   MOV         R6,R3
    00000118 D143                   MOV.L       L39+32,R1  ; H'00000010+_prr0015s
    0000011A 2132                   MOV.L       R3,@R1
    0000011C E014                   MOV         #20,R0     ; H'00000014
    0000011E 06EC                   MOV.B       @(R0,R14),R6
    00000120 626C                   EXTU.B      R6,R2
    00000122 622C                   EXTU.B      R2,R2
    00000124 E339                   MOV         #57,R3     ; H'00000039
    00000126 3237                   CMP/GT      R3,R2
    00000128 8B07                   BF          L27
    0000012A E014                   MOV         #20,R0     ; H'00000014
    0000012C 02EC                   MOV.B       @(R0,R14),R2
    0000012E 662C                   EXTU.B      R2,R6
    00000130 666C                   EXTU.B      R6,R6
    00000132 6263                   MOV         R6,R2
    00000134 72C9                   ADD         #-55,R2
    00000136 A005                   BRA         L28
    00000138 0009                   NOP
    0000013A              L27:
    0000013A E014                   MOV         #20,R0     ; H'00000014
    0000013C 06EC                   MOV.B       @(R0,R14),R6
    0000013E 626C                   EXTU.B      R6,R2
    00000140 622C                   EXTU.B      R2,R2
    00000142 72D0                   ADD         #-48,R2
    00000144              L28:
    00000144 622C                   EXTU.B      R2,R2
    00000146 6623                   MOV         R2,R6
    00000148 6363                   MOV         R6,R3
    0000014A D138                   MOV.L       L39+36,R1  ; H'00000014+_prr0015s
    0000014C 2132                   MOV.L       R3,@R1
    0000014E E015                   MOV         #21,R0     ; H'00000015
    00000150 06EC                   MOV.B       @(R0,R14),R6
    00000152 626C                   EXTU.B      R6,R2
    00000154 622C                   EXTU.B      R2,R2
    00000156 E339                   MOV         #57,R3     ; H'00000039
    00000158 3237                   CMP/GT      R3,R2
    0000015A 8B07                   BF          L30
    0000015C E015                   MOV         #21,R0     ; H'00000015
    0000015E 02EC                   MOV.B       @(R0,R14),R2
    00000160 662C                   EXTU.B      R2,R6
    00000162 666C                   EXTU.B      R6,R6
    00000164 6263                   MOV         R6,R2
    00000166 72C9                   ADD         #-55,R2
    00000168 A006                   BRA         L31
    0000016A 0009                   NOP
    0000016C              L30:
    0000016C E015                   MOV         #21,R0     ; H'00000015
    0000016E 02EC                   MOV.B       @(R0,R14),R2
    00000170 662C                   EXTU.B      R2,R6
    00000172 666C                   EXTU.B      R6,R6
    00000174 6263                   MOV         R6,R2
    00000176 72D0                   ADD         #-48,R2
    00000178              L31:
    00000178 622C                   EXTU.B      R2,R2
    0000017A 6623                   MOV         R2,R6
    0000017C 6363                   MOV         R6,R3
    0000017E D12C                   MOV.L       L39+40,R1  ; H'00000018+_prr0015s
    00000180 2132                   MOV.L       R3,@R1
    00000182 64E3                   MOV         R14,R4
    00000184 7416                   ADD         #22,R4
    00000186 D320                   MOV.L       L39,R3     ; _htoc
    00000188 430B                   JSR         @R3
    0000018A 0009                   NOP
    0000018C 6203                   MOV         R0,R2
    0000018E 632C                   EXTU.B      R2,R3
    00000190 D128                   MOV.L       L39+44,R1  ; H'0000001C+_prr0015s
    00000192 2130                   MOV.B       R3,@R1
    00000194 E018                   MOV         #24,R0     ; H'00000018
    00000196 06EC                   MOV.B       @(R0,R14),R6
    00000198 626C                   EXTU.B      R6,R2
    0000019A 622C                   EXTU.B      R2,R2
    0000019C E339                   MOV         #57,R3     ; H'00000039
    0000019E 3237                   CMP/GT      R3,R2
    000001A0 8B07                   BF          L33
    000001A2 E018                   MOV         #24,R0     ; H'00000018
    000001A4 02EC                   MOV.B       @(R0,R14),R2
    000001A6 662C                   EXTU.B      R2,R6
    000001A8 666C                   EXTU.B      R6,R6
    000001AA 6263                   MOV         R6,R2
    000001AC 72C9                   ADD         #-55,R2
    000001AE A006                   BRA         L34
    000001B0 0009                   NOP
    000001B2              L33:
    000001B2 E018                   MOV         #24,R0     ; H'00000018
    000001B4 02EC                   MOV.B       @(R0,R14),R2
    000001B6 662C                   EXTU.B      R2,R6
    000001B8 666C                   EXTU.B      R6,R6
    000001BA 6263                   MOV         R6,R2
    000001BC 72D0                   ADD         #-48,R2
    000001BE              L34:
    000001BE 622C                   EXTU.B      R2,R2
    000001C0 6623                   MOV         R2,R6
    000001C2 6363                   MOV         R6,R3
    000001C4 D11C                   MOV.L       L39+48,R1  ; H'00000020+_prr0015s
    000001C6 2132                   MOV.L       R3,@R1
    000001C8 E019                   MOV         #25,R0     ; H'00000019
    000001CA 02EC                   MOV.B       @(R0,R14),R2
    000001CC 662C                   EXTU.B      R2,R6
    000001CE 666C                   EXTU.B      R6,R6
    000001D0 E339                   MOV         #57,R3     ; H'00000039
    000001D2 3637                   CMP/GT      R3,R6
    000001D4 8B07                   BF          L36
    000001D6 E019                   MOV         #25,R0     ; H'00000019
    000001D8 02EC                   MOV.B       @(R0,R14),R2
    000001DA 662C                   EXTU.B      R2,R6
    000001DC 666C                   EXTU.B      R6,R6
    000001DE 6263                   MOV         R6,R2
    000001E0 72C9                   ADD         #-55,R2
    000001E2 A006                   BRA         L37
    000001E4 0009                   NOP
    000001E6              L36:
    000001E6 E019                   MOV         #25,R0     ; H'00000019
    000001E8 02EC                   MOV.B       @(R0,R14),R2
    000001EA 662C                   EXTU.B      R2,R6
    000001EC 666C                   EXTU.B      R6,R6
    000001EE 6263                   MOV         R6,R2
    000001F0 72D0                   ADD         #-48,R2
    000001F2              L37:
    000001F2 622C                   EXTU.B      R2,R2
    000001F4 6623                   MOV         R2,R6
    000001F6 6363                   MOV         R6,R3
    000001F8 D110                   MOV.L       L39+52,R1  ; H'00000024+_prr0015s
    000001FA 2132                   MOV.L       R3,@R1
    000001FC E200                   MOV         #0,R2      ; H'00000000
    000001FE 6023                   MOV         R2,R0
    00000200 4F26                   LDS.L       @R15+,PR
    00000202 6EF6                   MOV.L       @R15+,R14
    00000204 000B                   RTS
    00000206 0009                   NOP
    00000208              L39:
    00000208 <00000000>             .DATA.L     _htoc
    0000020C <00000000>             .DATA.L     _prr0015s
    00000210 <00000000>             .DATA.L     _htol
    00000214 <00000004>             .DATA.L     H'00000004+_prr0015s
    00000218 <00000008>             .DATA.L     H'00000008+_prr0015s
    0000021C <0000000C>             .DATA.L     H'0000000C+_prr0015s
    00000220 <0000000D>             .DATA.L     H'0000000D+_prr0015s
    00000224 <0000000E>             .DATA.L     H'0000000E+_prr0015s
    00000228 <00000010>             .DATA.L     H'00000010+_prr0015s
    0000022C <00000014>             .DATA.L     H'00000014+_prr0015s
    00000230 <00000018>             .DATA.L     H'00000018+_prr0015s
    00000234 <0000001C>             .DATA.L     H'0000001C+_prr0015s
    00000238 <00000020>             .DATA.L     H'00000020+_prr0015s
    0000023C <00000024>             .DATA.L     H'00000024+_prr0015s
B   00000000              _prr0015s:                       ; static: prr0015s
    00000000 00000004               .RES.L      10
SH SERIES C/C++ Compiler (Ver. checker(2003.03.17))                                              16-Nov-2009 12:33:29  PAGE    1


******** STATISTICS INFORMATION ********


********** ERROR INFORMATION ***********

NUMBER OF ERRORS:           0
NUMBER OF WARNINGS:         0
NUMBER OF INFORMATIONS:     0



******* SOURCE LINE INFORMATION ********

COMPILED SOURCE LINE:       63



******* SECTION SIZE INFORMATION *******

PROGRAM  SECTION (P):                               00000240 Byte(s)
CONSTANT SECTION (C):                               00000000 Byte(s)
DATA     SECTION (D):                               00000000 Byte(s)
BSS      SECTION (B):                               00000028 Byte(s)

TOTAL PROGRAM  SECTION: 00000240 Byte(s)
TOTAL CONSTANT SECTION: 00000000 Byte(s)
TOTAL DATA     SECTION: 00000000 Byte(s)
TOTAL BSS      SECTION: 00000028 Byte(s)

    TOTAL PROGRAM SIZE: 00000268 Byte(s)



********** LABEL INFORMATION ***********

NUMBER OF EXTERNAL REFERENCE SYMBOLS:            2
NUMBER OF EXTERNAL DEFINITION SYMBOLS:           2
NUMBER OF INTERNAL/EXTERNAL SYMBOLS:            23
*** COMMAND PARAMETER ***


  -cpu=sh3 -op=0 -en=big -me -debug -comment=nest -l -def=DEBUG -i=P:\PRESTO2\SHINC,C:\usr\local\SH\7_1_1\include,P:\PRESTO2\NORTI_12\inc prr0015.c 

