SH SERIES C/C++ Compiler (Ver. checker(2003.03.17))                                              16-Nov-2009 12:33:29  PAGE    1

************ OBJECT LISTING ************

FILE NAME: prr0014.c

SCT OFFSET   CODE       C LABEL     INSTRUCTION OPERAND    COMMENT

P   00000000              _pr_print_hop_spec:              ; function: pr_print_hop_spec
                                                           ; frame size=32
    00000000 2FB6                   MOV.L       R11,@-R15
    00000002 2FC6                   MOV.L       R12,@-R15
    00000004 2FD6                   MOV.L       R13,@-R15
    00000006 2FE6                   MOV.L       R14,@-R15
    00000008 4F22                   STS.L       PR,@-R15
    0000000A 7FF4                   ADD         #-12,R15
    0000000C 6E53                   MOV         R5,R14
    0000000E 6C43                   MOV         R4,R12
    00000010 62E0                   MOV.B       @R14,R2
    00000012 642C                   EXTU.B      R2,R4
    00000014 65C3                   MOV         R12,R5
    00000016 7505                   ADD         #5,R5
    00000018 644C                   EXTU.B      R4,R4
    0000001A D365                   MOV.L       L29,R3     ; _ctoh
    0000001C 430B                   JSR         @R3
    0000001E 0009                   NOP
    00000020 54E1                   MOV.L       @(4,R14),R4
    00000022 65C3                   MOV         R12,R5
    00000024 7507                   ADD         #7,R5
    00000026 D363                   MOV.L       L29+4,R3   ; _ltoh
    00000028 430B                   JSR         @R3
    0000002A 0009                   NOP
    0000002C 85E4                   MOV.W       @(8,R14),R0
    0000002E 6203                   MOV         R0,R2
    00000030 65C3                   MOV         R12,R5
    00000032 750F                   ADD         #15,R5
    00000034 642D                   EXTU.W      R2,R4
    00000036 D360                   MOV.L       L29+8,R3   ; _itoh
    00000038 430B                   JSR         @R3
    0000003A 0009                   NOP
    0000003C 52E3                   MOV.L       @(12,R14),R2
    0000003E E309                   MOV         #9,R3      ; H'00000009
    00000040 3237                   CMP/GT      R3,R2
    00000042 8B03                   BF          L12
    00000044 52E3                   MOV.L       @(12,R14),R2
    00000046 7237                   ADD         #55,R2
    00000048 A002                   BRA         L13
    0000004A 0009                   NOP
    0000004C              L12:
    0000004C 52E3                   MOV.L       @(12,R14),R2
    0000004E 7230                   ADD         #48,R2
    00000050              L13:
    00000050 E013                   MOV         #19,R0     ; H'00000013
    00000052 0C24                   MOV.B       R2,@(R0,R12)
    00000054 E010                   MOV         #16,R0     ; H'00000010
    00000056 06EC                   MOV.B       @(R0,R14),R6
    00000058 626C                   EXTU.B      R6,R2
    0000005A 622C                   EXTU.B      R2,R2
    0000005C E309                   MOV         #9,R3      ; H'00000009
    0000005E 3237                   CMP/GT      R3,R2
    00000060 8B07                   BF          L15
    00000062 E010                   MOV         #16,R0     ; H'00000010
    00000064 02EC                   MOV.B       @(R0,R14),R2
    00000066 662C                   EXTU.B      R2,R6
    00000068 666C                   EXTU.B      R6,R6
    0000006A 6263                   MOV         R6,R2
    0000006C 7237                   ADD         #55,R2
    0000006E A006                   BRA         L16
    00000070 0009                   NOP
    00000072              L15:
    00000072 E010                   MOV         #16,R0     ; H'00000010
    00000074 02EC                   MOV.B       @(R0,R14),R2
    00000076 662C                   EXTU.B      R2,R6
    00000078 666C                   EXTU.B      R6,R6
    0000007A 6263                   MOV         R6,R2
    0000007C 7230                   ADD         #48,R2
    0000007E              L16:
    0000007E E014                   MOV         #20,R0     ; H'00000014
    00000080 0C24                   MOV.B       R2,@(R0,R12)
    00000082 52E5                   MOV.L       @(20,R14),R2
    00000084 E309                   MOV         #9,R3      ; H'00000009
    00000086 3237                   CMP/GT      R3,R2
    00000088 8B03                   BF          L18
    0000008A 52E5                   MOV.L       @(20,R14),R2
    0000008C 7237                   ADD         #55,R2
    0000008E A002                   BRA         L19
    00000090 0009                   NOP
    00000092              L18:
    00000092 52E5                   MOV.L       @(20,R14),R2
    00000094 7230                   ADD         #48,R2
    00000096              L19:
    00000096 E015                   MOV         #21,R0     ; H'00000015
    00000098 0C24                   MOV.B       R2,@(R0,R12)
    0000009A 52E6                   MOV.L       @(24,R14),R2
    0000009C E309                   MOV         #9,R3      ; H'00000009
    0000009E 3237                   CMP/GT      R3,R2
    000000A0 8B03                   BF          L21
    000000A2 52E6                   MOV.L       @(24,R14),R2
    000000A4 7237                   ADD         #55,R2
    000000A6 A002                   BRA         L22
    000000A8 0009                   NOP
    000000AA              L21:
    000000AA 52E6                   MOV.L       @(24,R14),R2
    000000AC 7230                   ADD         #48,R2
    000000AE              L22:
    000000AE E016                   MOV         #22,R0     ; H'00000016
    000000B0 0C24                   MOV.B       R2,@(R0,R12)
    000000B2 52E7                   MOV.L       @(28,R14),R2
    000000B4 E309                   MOV         #9,R3      ; H'00000009
    000000B6 3237                   CMP/GT      R3,R2
    000000B8 8B03                   BF          L24
    000000BA 52E7                   MOV.L       @(28,R14),R2
    000000BC 7237                   ADD         #55,R2
    000000BE A002                   BRA         L25
    000000C0 0009                   NOP
    000000C2              L24:
    000000C2 52E7                   MOV.L       @(28,R14),R2
    000000C4 7230                   ADD         #48,R2
    000000C6              L25:
    000000C6 E017                   MOV         #23,R0     ; H'00000017
    000000C8 0C24                   MOV.B       R2,@(R0,R12)
    000000CA E020                   MOV         #32,R0     ; H'00000020
    000000CC 04ED                   MOV.W       @(R0,R14),R4
    000000CE 65C3                   MOV         R12,R5
    000000D0 7518                   ADD         #24,R5
    000000D2 644D                   EXTU.W      R4,R4
    000000D4 D338                   MOV.L       L29+8,R3   ; _itoh
    000000D6 430B                   JSR         @R3
    000000D8 0009                   NOP
    000000DA E022                   MOV         #34,R0     ; H'00000022
    000000DC 04ED                   MOV.W       @(R0,R14),R4
    000000DE 65C3                   MOV         R12,R5
    000000E0 751C                   ADD         #28,R5
    000000E2 644D                   EXTU.W      R4,R4
    000000E4 D334                   MOV.L       L29+8,R3   ; _itoh
    000000E6 430B                   JSR         @R3
    000000E8 0009                   NOP
    000000EA E024                   MOV         #36,R0     ; H'00000024
    000000EC 02EC                   MOV.B       @(R0,R14),R2
    000000EE 642C                   EXTU.B      R2,R4
    000000F0 65C3                   MOV         R12,R5
    000000F2 7520                   ADD         #32,R5
    000000F4 644C                   EXTU.B      R4,R4
    000000F6 D32E                   MOV.L       L29,R3     ; _ctoh
    000000F8 430B                   JSR         @R3
    000000FA 0009                   NOP
    000000FC E025                   MOV         #37,R0     ; H'00000025
    000000FE 02EC                   MOV.B       @(R0,R14),R2
    00000100 642C                   EXTU.B      R2,R4
    00000102 65C3                   MOV         R12,R5
    00000104 7522                   ADD         #34,R5
    00000106 644C                   EXTU.B      R4,R4
    00000108 D329                   MOV.L       L29,R3     ; _ctoh
    0000010A 430B                   JSR         @R3
    0000010C 0009                   NOP
    0000010E E026                   MOV         #38,R0     ; H'00000026
    00000110 02EC                   MOV.B       @(R0,R14),R2
    00000112 642C                   EXTU.B      R2,R4
    00000114 65C3                   MOV         R12,R5
    00000116 7524                   ADD         #36,R5
    00000118 644C                   EXTU.B      R4,R4
    0000011A D325                   MOV.L       L29,R3     ; _ctoh
    0000011C 430B                   JSR         @R3
    0000011E 0009                   NOP
    00000120 E027                   MOV         #39,R0     ; H'00000027
    00000122 02EC                   MOV.B       @(R0,R14),R2
    00000124 642C                   EXTU.B      R2,R4
    00000126 65C3                   MOV         R12,R5
    00000128 7526                   ADD         #38,R5
    0000012A 644C                   EXTU.B      R4,R4
    0000012C D320                   MOV.L       L29,R3     ; _ctoh
    0000012E 430B                   JSR         @R3
    00000130 0009                   NOP
    00000132 E028                   MOV         #40,R0     ; H'00000028
    00000134 02EC                   MOV.B       @(R0,R14),R2
    00000136 642C                   EXTU.B      R2,R4
    00000138 65C3                   MOV         R12,R5
    0000013A 7528                   ADD         #40,R5
    0000013C 644C                   EXTU.B      R4,R4
    0000013E D31C                   MOV.L       L29,R3     ; _ctoh
    00000140 430B                   JSR         @R3
    00000142 0009                   NOP
    00000144 E029                   MOV         #41,R0     ; H'00000029
    00000146 02EC                   MOV.B       @(R0,R14),R2
    00000148 642C                   EXTU.B      R2,R4
    0000014A 65C3                   MOV         R12,R5
    0000014C 752A                   ADD         #42,R5
    0000014E 644C                   EXTU.B      R4,R4
    00000150 D317                   MOV.L       L29,R3     ; _ctoh
    00000152 430B                   JSR         @R3
    00000154 0009                   NOP
    00000156 7C2C                   ADD         #44,R12
    00000158 6DC3                   MOV         R12,R13
    0000015A EB00                   MOV         #0,R11     ; H'00000000
    0000015C 6CE3                   MOV         R14,R12
    0000015E 7C2A                   ADD         #42,R12
    00000160 E029                   MOV         #41,R0     ; H'00000029
    00000162 06EC                   MOV.B       @(R0,R14),R6
    00000164 626C                   EXTU.B      R6,R2
    00000166 622C                   EXTU.B      R2,R2
    00000168 3B23                   CMP/GE      R2,R11
    0000016A 8918                   BT          L26
    0000016C              L27:
    0000016C 62C0                   MOV.B       @R12,R2
    0000016E 642C                   EXTU.B      R2,R4
    00000170 65D3                   MOV         R13,R5
    00000172 644C                   EXTU.B      R4,R4
    00000174 D30E                   MOV.L       L29,R3     ; _ctoh
    00000176 430B                   JSR         @R3
    00000178 0009                   NOP
    0000017A 7D02                   ADD         #2,R13
    0000017C 84C1                   MOV.B       @(1,R12),R0
    0000017E 6203                   MOV         R0,R2
    00000180 642C                   EXTU.B      R2,R4
    00000182 65D3                   MOV         R13,R5
    00000184 644C                   EXTU.B      R4,R4
    00000186 D30A                   MOV.L       L29,R3     ; _ctoh
    00000188 430B                   JSR         @R3
    0000018A 0009                   NOP
    0000018C 7D02                   ADD         #2,R13
    0000018E 7B01                   ADD         #1,R11
    00000190 7C02                   ADD         #2,R12
    00000192 E029                   MOV         #41,R0     ; H'00000029
    00000194 06EC                   MOV.B       @(R0,R14),R6
    00000196 626C                   EXTU.B      R6,R2
    00000198 622C                   EXTU.B      R2,R2
    0000019A 3B23                   CMP/GE      R2,R11
    0000019C 8BE6                   BF          L27
    0000019E              L26:
    0000019E 60D3                   MOV         R13,R0
    000001A0 7F0C                   ADD         #12,R15
    000001A2 4F26                   LDS.L       @R15+,PR
    000001A4 6EF6                   MOV.L       @R15+,R14
    000001A6 6DF6                   MOV.L       @R15+,R13
    000001A8 6CF6                   MOV.L       @R15+,R12
    000001AA 6BF6                   MOV.L       @R15+,R11
    000001AC 000B                   RTS
    000001AE 0009                   NOP
    000001B0              L29:
    000001B0 <00000000>             .DATA.L     _ctoh
    000001B4 <00000000>             .DATA.L     _ltoh
    000001B8 <00000000>             .DATA.L     _itoh
SH SERIES C/C++ Compiler (Ver. checker(2003.03.17))                                              16-Nov-2009 12:33:29  PAGE    1


******** STATISTICS INFORMATION ********


********** ERROR INFORMATION ***********

NUMBER OF ERRORS:           0
NUMBER OF WARNINGS:         0
NUMBER OF INFORMATIONS:     0



******* SOURCE LINE INFORMATION ********

COMPILED SOURCE LINE:       78



******* SECTION SIZE INFORMATION *******

PROGRAM  SECTION (P):                               000001BC Byte(s)
CONSTANT SECTION (C):                               00000000 Byte(s)
DATA     SECTION (D):                               00000000 Byte(s)
BSS      SECTION (B):                               00000000 Byte(s)

TOTAL PROGRAM  SECTION: 000001BC Byte(s)
TOTAL CONSTANT SECTION: 00000000 Byte(s)
TOTAL DATA     SECTION: 00000000 Byte(s)
TOTAL BSS      SECTION: 00000000 Byte(s)

    TOTAL PROGRAM SIZE: 000001BC Byte(s)



********** LABEL INFORMATION ***********

NUMBER OF EXTERNAL REFERENCE SYMBOLS:            3
NUMBER OF EXTERNAL DEFINITION SYMBOLS:           1
NUMBER OF INTERNAL/EXTERNAL SYMBOLS:            17
*** COMMAND PARAMETER ***


  -cpu=sh3 -op=0 -en=big -me -debug -comment=nest -l -def=DEBUG -i=P:\PRESTO2\SHINC,C:\usr\local\SH\7_1_1\include,P:\PRESTO2\NORTI_12\inc prr0014.c 

