SH SERIES C/C++ Compiler (Ver. checker(2003.03.17))                                              16-Nov-2009 12:33:53  PAGE    1

************ OBJECT LISTING ************

FILE NAME: prr0104.c

SCT OFFSET   CODE       C LABEL     INSTRUCTION OPERAND    COMMENT

P   00000000              _pr_print_logic_parm:            ; function: pr_print_logic_parm
                                                           ; frame size=12
    00000000 2FE6                   MOV.L       R14,@-R15
    00000002 4F22                   STS.L       PR,@-R15
    00000004 7FFC                   ADD         #-4,R15
    00000006 6E53                   MOV         R5,R14
    00000008 6243                   MOV         R4,R2
    0000000A 2F22                   MOV.L       R2,@R15
    0000000C 66E1                   MOV.W       @R14,R6
    0000000E 6523                   MOV         R2,R5
    00000010 7505                   ADD         #5,R5
    00000012 646D                   EXTU.W      R6,R4
    00000014 D310                   MOV.L       L15,R3     ; _itoh
    00000016 430B                   JSR         @R3
    00000018 0009                   NOP
    0000001A 84E2                   MOV.B       @(2,R14),R0
    0000001C 6503                   MOV         R0,R5
    0000001E 665C                   EXTU.B      R5,R6
    00000020 666C                   EXTU.B      R6,R6
    00000022 E309                   MOV         #9,R3      ; H'00000009
    00000024 3637                   CMP/GT      R3,R6
    00000026 8B07                   BF          L12
    00000028 84E2                   MOV.B       @(2,R14),R0
    0000002A 6603                   MOV         R0,R6
    0000002C 656C                   EXTU.B      R6,R5
    0000002E 655C                   EXTU.B      R5,R5
    00000030 6653                   MOV         R5,R6
    00000032 7637                   ADD         #55,R6
    00000034 A006                   BRA         L13
    00000036 0009                   NOP
    00000038              L12:
    00000038 84E2                   MOV.B       @(2,R14),R0
    0000003A 6603                   MOV         R0,R6
    0000003C 656C                   EXTU.B      R6,R5
    0000003E 655C                   EXTU.B      R5,R5
    00000040 6653                   MOV         R5,R6
    00000042 7630                   ADD         #48,R6
    00000044              L13:
    00000044 62F2                   MOV.L       @R15,R2
    00000046 6063                   MOV         R6,R0
    00000048 8029                   MOV.B       R0,@(9,R2)
    0000004A 720A                   ADD         #10,R2
    0000004C 6023                   MOV         R2,R0
    0000004E 7F04                   ADD         #4,R15
    00000050 4F26                   LDS.L       @R15+,PR
    00000052 6EF6                   MOV.L       @R15+,R14
    00000054 000B                   RTS
    00000056 0009                   NOP
    00000058              L15:
    00000058 <00000000>             .DATA.L     _itoh
SH SERIES C/C++ Compiler (Ver. checker(2003.03.17))                                              16-Nov-2009 12:33:53  PAGE    1


******** STATISTICS INFORMATION ********


********** ERROR INFORMATION ***********

NUMBER OF ERRORS:           0
NUMBER OF WARNINGS:         0
NUMBER OF INFORMATIONS:     0



******* SOURCE LINE INFORMATION ********

COMPILED SOURCE LINE:       53



******* SECTION SIZE INFORMATION *******

PROGRAM  SECTION (P):                               0000005C Byte(s)
CONSTANT SECTION (C):                               00000000 Byte(s)
DATA     SECTION (D):                               00000000 Byte(s)
BSS      SECTION (B):                               00000000 Byte(s)

TOTAL PROGRAM  SECTION: 0000005C Byte(s)
TOTAL CONSTANT SECTION: 00000000 Byte(s)
TOTAL DATA     SECTION: 00000000 Byte(s)
TOTAL BSS      SECTION: 00000000 Byte(s)

    TOTAL PROGRAM SIZE: 0000005C Byte(s)



********** LABEL INFORMATION ***********

NUMBER OF EXTERNAL REFERENCE SYMBOLS:            1
NUMBER OF EXTERNAL DEFINITION SYMBOLS:           1
NUMBER OF INTERNAL/EXTERNAL SYMBOLS:             5
*** COMMAND PARAMETER ***


  -cpu=sh3 -op=0 -en=big -me -debug -comment=nest -l -def=DEBUG -i=P:\PRESTO2\SHINC,C:\usr\local\SH\7_1_1\include,P:\PRESTO2\NORTI_12\inc prr0104.c 

