SH SERIES C/C++ Compiler (Ver. checker(2003.03.17))                                              16-Nov-2009 12:34:03  PAGE    1

************ OBJECT LISTING ************

FILE NAME: prr0133.c

SCT OFFSET   CODE       C LABEL     INSTRUCTION OPERAND    COMMENT

P   00000000              _pr_scan_adv_afd:                ; function: pr_scan_adv_afd
                                                           ; frame size=52
    00000000 2F86                   MOV.L       R8,@-R15
    00000002 2F96                   MOV.L       R9,@-R15
    00000004 2FA6                   MOV.L       R10,@-R15
    00000006 2FB6                   MOV.L       R11,@-R15
    00000008 2FC6                   MOV.L       R12,@-R15
    0000000A 2FD6                   MOV.L       R13,@-R15
    0000000C 2FE6                   MOV.L       R14,@-R15
    0000000E 4F22                   STS.L       PR,@-R15
    00000010 4F12                   STS.L       MACL,@-R15
    00000012 7FF0                   ADD         #-16,R15
    00000014 8445                   MOV.B       @(5,R4),R0
    00000016 6603                   MOV         R0,R6
    00000018 626C                   EXTU.B      R6,R2
    0000001A 622C                   EXTU.B      R2,R2
    0000001C E339                   MOV         #57,R3     ; H'00000039
    0000001E 3237                   CMP/GT      R3,R2
    00000020 8B07                   BF          L12
    00000022 8445                   MOV.B       @(5,R4),R0
    00000024 6203                   MOV         R0,R2
    00000026 662C                   EXTU.B      R2,R6
    00000028 666C                   EXTU.B      R6,R6
    0000002A 6763                   MOV         R6,R7
    0000002C 77C9                   ADD         #-55,R7
    0000002E A006                   BRA         L13
    00000030 0009                   NOP
    00000032              L12:
    00000032 8445                   MOV.B       @(5,R4),R0
    00000034 6203                   MOV         R0,R2
    00000036 662C                   EXTU.B      R2,R6
    00000038 666C                   EXTU.B      R6,R6
    0000003A 6763                   MOV         R6,R7
    0000003C 77D0                   ADD         #-48,R7
    0000003E              L13:
    0000003E 6373                   MOV         R7,R3
    00000040 D1D5                   MOV.L       L31+2,R1   ; _prr0133s
    00000042 2130                   MOV.B       R3,@R1
    00000044 6E43                   MOV         R4,R14
    00000046 7E06                   ADD         #6,R14
    00000048 EB00                   MOV         #0,R11     ; H'00000000
    0000004A D3D3                   MOV.L       L31+2,R3   ; _prr0133s
    0000004C 6330                   MOV.B       @R3,R3
    0000004E 633C                   EXTU.B      R3,R3
    00000050 6733                   MOV         R3,R7
    00000052 3B73                   CMP/GE      R7,R11
    00000054 8B01                   BF          L32
    00000056 A0D6                   BRA         L14
    00000058 0009                   NOP
    0000005A              L32:
    0000005A              L15:
    0000005A 66E0                   MOV.B       @R14,R6
    0000005C 626C                   EXTU.B      R6,R2
    0000005E 622C                   EXTU.B      R2,R2
    00000060 E339                   MOV         #57,R3     ; H'00000039
    00000062 3237                   CMP/GT      R3,R2
    00000064 8B06                   BF          L17
    00000066 66E0                   MOV.B       @R14,R6
    00000068 626C                   EXTU.B      R6,R2
    0000006A 622C                   EXTU.B      R2,R2
    0000006C 6723                   MOV         R2,R7
    0000006E 77C9                   ADD         #-55,R7
    00000070 A005                   BRA         L18
    00000072 0009                   NOP
    00000074              L17:
    00000074 66E0                   MOV.B       @R14,R6
    00000076 626C                   EXTU.B      R6,R2
    00000078 622C                   EXTU.B      R2,R2
    0000007A 6723                   MOV         R2,R7
    0000007C 77D0                   ADD         #-48,R7
    0000007E              L18:
    0000007E D6C7                   MOV.L       L31+6,R6   ; H'00000004+_prr0133s
    00000080 62B3                   MOV         R11,R2
    00000082 98CD                   MOV.W       L29,R8     ; H'00E4
    00000084 0827                   MUL.L       R2,R8
    00000086 051A                   STS         MACL,R5
    00000088 451A                   LDS         R5,MACL
    0000008A 021A                   STS         MACL,R2
    0000008C 6023                   MOV         R2,R0
    0000008E 0674                   MOV.B       R7,@(R0,R6)
    00000090 7E01                   ADD         #1,R14
    00000092 EC00                   MOV         #0,R12     ; H'00000000
    00000094 D4C1                   MOV.L       L31+6,R4   ; H'00000004+_prr0133s
    00000096 62B3                   MOV         R11,R2
    00000098 0827                   MUL.L       R2,R8
    0000009A 051A                   STS         MACL,R5
    0000009C 451A                   LDS         R5,MACL
    0000009E 061A                   STS         MACL,R6
    000000A0 6063                   MOV         R6,R0
    000000A2 024C                   MOV.B       @(R0,R4),R2
    000000A4 672C                   EXTU.B      R2,R7
    000000A6 677C                   EXTU.B      R7,R7
    000000A8 3C73                   CMP/GE      R7,R12
    000000AA 8B01                   BF          L33
    000000AC A0A2                   BRA         L19
    000000AE 0009                   NOP
    000000B0              L33:
    000000B0              L20:
    000000B0 ED00                   MOV         #0,R13     ; H'00000000
    000000B2 62D3                   MOV         R13,R2
    000000B4 E30F                   MOV         #15,R3     ; H'0000000F
    000000B6 3232                   CMP/HS      R3,R2
    000000B8 891C                   BT          L21
    000000BA              L22:
    000000BA 64E3                   MOV         R14,R4
    000000BC D3B8                   MOV.L       L31+10,R3  ; _htoc
    000000BE 430B                   JSR         @R3
    000000C0 0009                   NOP
    000000C2 6203                   MOV         R0,R2
    000000C4 662C                   EXTU.B      R2,R6
    000000C6 D4B5                   MOV.L       L31+6,R4   ; H'00000004+_prr0133s
    000000C8 7404                   ADD         #4,R4
    000000CA 62B3                   MOV         R11,R2
    000000CC 93A8                   MOV.W       L29,R3     ; H'00E4
    000000CE 0327                   MUL.L       R2,R3
    000000D0 051A                   STS         MACL,R5
    000000D2 451A                   LDS         R5,MACL
    000000D4 021A                   STS         MACL,R2
    000000D6 67C3                   MOV         R12,R7
    000000D8 6573                   MOV         R7,R5
    000000DA E305                   MOV         #5,R3      ; H'00000005
    000000DC 473D                   SHLD        R3,R7
    000000DE 4508                   SHLL2       R5
    000000E0 3758                   SUB         R5,R7
    000000E2 327C                   ADD         R7,R2
    000000E4 32DC                   ADD         R13,R2
    000000E6 6023                   MOV         R2,R0
    000000E8 0464                   MOV.B       R6,@(R0,R4)
    000000EA 7E02                   ADD         #2,R14
    000000EC 7D01                   ADD         #1,R13
    000000EE E30F                   MOV         #15,R3     ; H'0000000F
    000000F0 3D32                   CMP/HS      R3,R13
    000000F2 8BE2                   BF          L22
    000000F4              L21:
    000000F4 64E3                   MOV         R14,R4
    000000F6 D3AA                   MOV.L       L31+10,R3  ; _htoc
    000000F8 430B                   JSR         @R3
    000000FA 0009                   NOP
    000000FC 6203                   MOV         R0,R2
    000000FE 662C                   EXTU.B      R2,R6
    00000100 D4A6                   MOV.L       L31+6,R4   ; H'00000004+_prr0133s
    00000102 7413                   ADD         #19,R4
    00000104 62B3                   MOV         R11,R2
    00000106 9A8B                   MOV.W       L29,R10    ; H'00E4
    00000108 0A27                   MUL.L       R2,R10
    0000010A 051A                   STS         MACL,R5
    0000010C 451A                   LDS         R5,MACL
    0000010E 071A                   STS         MACL,R7
    00000110 62C3                   MOV         R12,R2
    00000112 6523                   MOV         R2,R5
    00000114 E905                   MOV         #5,R9      ; H'00000005
    00000116 429D                   SHLD        R9,R2
    00000118 4508                   SHLL2       R5
    0000011A 3258                   SUB         R5,R2
    0000011C 372C                   ADD         R2,R7
    0000011E 6073                   MOV         R7,R0
    00000120 0464                   MOV.B       R6,@(R0,R4)
    00000122 7E02                   ADD         #2,R14
    00000124 64E3                   MOV         R14,R4
    00000126 D39E                   MOV.L       L31+10,R3  ; _htoc
    00000128 430B                   JSR         @R3
    0000012A 0009                   NOP
    0000012C 6203                   MOV         R0,R2
    0000012E 662C                   EXTU.B      R2,R6
    00000130 D29A                   MOV.L       L31+6,R2   ; H'00000004+_prr0133s
    00000132 7214                   ADD         #20,R2
    00000134 64B3                   MOV         R11,R4
    00000136 0A47                   MUL.L       R4,R10
    00000138 051A                   STS         MACL,R5
    0000013A 451A                   LDS         R5,MACL
    0000013C 041A                   STS         MACL,R4
    0000013E 65C3                   MOV         R12,R5
    00000140 6753                   MOV         R5,R7
    00000142 459D                   SHLD        R9,R5
    00000144 4708                   SHLL2       R7
    00000146 3578                   SUB         R7,R5
    00000148 345C                   ADD         R5,R4
    0000014A 6043                   MOV         R4,R0
    0000014C 0264                   MOV.B       R6,@(R0,R2)
    0000014E 7E02                   ADD         #2,R14
    00000150 64E3                   MOV         R14,R4
    00000152 D393                   MOV.L       L31+10,R3  ; _htoc
    00000154 430B                   JSR         @R3
    00000156 0009                   NOP
    00000158 6203                   MOV         R0,R2
    0000015A 6D2C                   EXTU.B      R2,R13
    0000015C D48F                   MOV.L       L31+6,R4   ; H'00000004+_prr0133s
    0000015E 7415                   ADD         #21,R4
    00000160 62B3                   MOV         R11,R2
    00000162 0A27                   MUL.L       R2,R10
    00000164 051A                   STS         MACL,R5
    00000166 451A                   LDS         R5,MACL
    00000168 071A                   STS         MACL,R7
    0000016A 62C3                   MOV         R12,R2
    0000016C 6623                   MOV         R2,R6
    0000016E 429D                   SHLD        R9,R2
    00000170 4608                   SHLL2       R6
    00000172 3268                   SUB         R6,R2
    00000174 372C                   ADD         R2,R7
    00000176 6073                   MOV         R7,R0
    00000178 04D4                   MOV.B       R13,@(R0,R4)
    0000017A 7E02                   ADD         #2,R14
    0000017C 64E3                   MOV         R14,R4
    0000017E D388                   MOV.L       L31+10,R3  ; _htoc
    00000180 430B                   JSR         @R3
    00000182 0009                   NOP
    00000184 6203                   MOV         R0,R2
    00000186 672C                   EXTU.B      R2,R7
    00000188 677C                   EXTU.B      R7,R7
    0000018A D484                   MOV.L       L31+6,R4   ; H'00000004+_prr0133s
    0000018C 7418                   ADD         #24,R4
    0000018E 62B3                   MOV         R11,R2
    00000190 0A27                   MUL.L       R2,R10
    00000192 051A                   STS         MACL,R5
    00000194 451A                   LDS         R5,MACL
    00000196 021A                   STS         MACL,R2
    00000198 66C3                   MOV         R12,R6
    0000019A 6563                   MOV         R6,R5
    0000019C 469D                   SHLD        R9,R6
    0000019E 4508                   SHLL2       R5
    000001A0 3658                   SUB         R5,R6
    000001A2 326C                   ADD         R6,R2
    000001A4 6023                   MOV         R2,R0
    000001A6 0476                   MOV.L       R7,@(R0,R4)
    000001A8 7E02                   ADD         #2,R14
    000001AA 64E3                   MOV         R14,R4
    000001AC D37D                   MOV.L       L31+14,R3  ; _htoi
    000001AE 430B                   JSR         @R3
    000001B0 0009                   NOP
    000001B2 6203                   MOV         R0,R2
    000001B4 6D2D                   EXTU.W      R2,R13
    000001B6 D479                   MOV.L       L31+6,R4   ; H'00000004+_prr0133s
    000001B8 741C                   ADD         #28,R4
    000001BA 62B3                   MOV         R11,R2
    000001BC 0A27                   MUL.L       R2,R10
    000001BE 051A                   STS         MACL,R5
    000001C0 451A                   LDS         R5,MACL
    000001C2 071A                   STS         MACL,R7
    000001C4 62C3                   MOV         R12,R2
    000001C6 6623                   MOV         R2,R6
    000001C8 429D                   SHLD        R9,R2
    000001CA 4608                   SHLL2       R6
    000001CC 3268                   SUB         R6,R2
    000001CE 372C                   ADD         R2,R7
    000001D0 6073                   MOV         R7,R0
    000001D2 04D5                   MOV.W       R13,@(R0,R4)
    000001D4 7E04                   ADD         #4,R14
    000001D6 7C01                   ADD         #1,R12
    000001D8 D470                   MOV.L       L31+6,R4   ; H'00000004+_prr0133s
    000001DA 62B3                   MOV         R11,R2
    000001DC 0A27                   MUL.L       R2,R10
    000001DE 051A                   STS         MACL,R5
    000001E0 451A                   LDS         R5,MACL
    000001E2 061A                   STS         MACL,R6
    000001E4 6063                   MOV         R6,R0
    000001E6 024C                   MOV.B       @(R0,R4),R2
    000001E8 662C                   EXTU.B      R2,R6
    000001EA 666C                   EXTU.B      R6,R6
    000001EC 3C63                   CMP/GE      R6,R12
    000001EE 8901                   BT          L34
    000001F0 AF5E                   BRA         L20
    000001F2 0009                   NOP
    000001F4              L34:
    000001F4              L19:
    000001F4 7B01                   ADD         #1,R11
    000001F6 D368                   MOV.L       L31+2,R3   ; _prr0133s
    000001F8 6330                   MOV.B       @R3,R3
    000001FA 633C                   EXTU.B      R3,R3
    000001FC 6233                   MOV         R3,R2
    000001FE 3B23                   CMP/GE      R2,R11
    00000200 8901                   BT          L35
    00000202 AF2A                   BRA         L15
    00000204 0009                   NOP
    00000206              L35:
    00000206              L14:
    00000206 62E0                   MOV.B       @R14,R2
    00000208 662C                   EXTU.B      R2,R6
    0000020A 666C                   EXTU.B      R6,R6
    0000020C E339                   MOV         #57,R3     ; H'00000039
    0000020E 3637                   CMP/GT      R3,R6
    00000210 8B07                   BF          L24
    00000212 62E0                   MOV.B       @R14,R2
    00000214 662C                   EXTU.B      R2,R6
    00000216 666C                   EXTU.B      R6,R6
    00000218 6763                   MOV         R6,R7
    0000021A 77C9                   ADD         #-55,R7
    0000021C A006                   BRA         L25
    0000021E 0009                   NOP
    00000220              L29:
    00000220 00E4                   .DATA.W     H'00E4
    00000222              L24:
    00000222 62E0                   MOV.B       @R14,R2
    00000224 662C                   EXTU.B      R2,R6
    00000226 666C                   EXTU.B      R6,R6
    00000228 6763                   MOV         R6,R7
    0000022A 77D0                   ADD         #-48,R7
    0000022C              L25:
    0000022C 6373                   MOV         R7,R3
    0000022E D15E                   MOV.L       L31+18,R1  ; H'00000394+_prr0133s
    00000230 2130                   MOV.B       R3,@R1
    00000232 7E01                   ADD         #1,R14
    00000234 EB00                   MOV         #0,R11     ; H'00000000
    00000236 D35C                   MOV.L       L31+18,R3  ; H'00000394+_prr0133s
    00000238 6330                   MOV.B       @R3,R3
    0000023A 633C                   EXTU.B      R3,R3
    0000023C 6733                   MOV         R3,R7
    0000023E 3B73                   CMP/GE      R7,R11
    00000240 8B01                   BF          L36
    00000242 A0A4                   BRA         L26
    00000244 0009                   NOP
    00000246              L36:
    00000246              L27:
    00000246 64E3                   MOV         R14,R4
    00000248 D356                   MOV.L       L31+14,R3  ; _htoi
    0000024A 430B                   JSR         @R3
    0000024C 0009                   NOP
    0000024E 6203                   MOV         R0,R2
    00000250 662D                   EXTU.W      R2,R6
    00000252 6263                   MOV         R6,R2
    00000254 D455                   MOV.L       L31+22,R4  ; H'00000398+_prr0133s
    00000256 66B3                   MOV         R11,R6
    00000258 6563                   MOV         R6,R5
    0000025A 4608                   SHLL2       R6
    0000025C 4608                   SHLL2       R6
    0000025E 4508                   SHLL2       R5
    00000260 365C                   ADD         R5,R6
    00000262 6063                   MOV         R6,R0
    00000264 0425                   MOV.W       R2,@(R0,R4)
    00000266 7E04                   ADD         #4,R14
    00000268 64E3                   MOV         R14,R4
    0000026A D34E                   MOV.L       L31+14,R3  ; _htoi
    0000026C 430B                   JSR         @R3
    0000026E 0009                   NOP
    00000270 6203                   MOV         R0,R2
    00000272 642D                   EXTU.W      R2,R4
    00000274 D64D                   MOV.L       L31+22,R6  ; H'00000398+_prr0133s
    00000276 7602                   ADD         #2,R6
    00000278 62B3                   MOV         R11,R2
    0000027A 6523                   MOV         R2,R5
    0000027C 4208                   SHLL2       R2
    0000027E 4208                   SHLL2       R2
    00000280 4508                   SHLL2       R5
    00000282 325C                   ADD         R5,R2
    00000284 6023                   MOV         R2,R0
    00000286 0645                   MOV.W       R4,@(R0,R6)
    00000288 7E04                   ADD         #4,R14
    0000028A 64E3                   MOV         R14,R4
    0000028C D344                   MOV.L       L31+10,R3  ; _htoc
    0000028E 430B                   JSR         @R3
    00000290 0009                   NOP
    00000292 6203                   MOV         R0,R2
    00000294 672C                   EXTU.B      R2,R7
    00000296 677C                   EXTU.B      R7,R7
    00000298 D644                   MOV.L       L31+22,R6  ; H'00000398+_prr0133s
    0000029A 7604                   ADD         #4,R6
    0000029C 62B3                   MOV         R11,R2
    0000029E 6523                   MOV         R2,R5
    000002A0 4208                   SHLL2       R2
    000002A2 4208                   SHLL2       R2
    000002A4 4508                   SHLL2       R5
    000002A6 325C                   ADD         R5,R2
    000002A8 6023                   MOV         R2,R0
    000002AA 0676                   MOV.L       R7,@(R0,R6)
    000002AC 7E02                   ADD         #2,R14
    000002AE 64E3                   MOV         R14,R4
    000002B0 D33B                   MOV.L       L31+10,R3  ; _htoc
    000002B2 430B                   JSR         @R3
    000002B4 0009                   NOP
    000002B6 6203                   MOV         R0,R2
    000002B8 672C                   EXTU.B      R2,R7
    000002BA 677C                   EXTU.B      R7,R7
    000002BC D53B                   MOV.L       L31+22,R5  ; H'00000398+_prr0133s
    000002BE 7508                   ADD         #8,R5
    000002C0 62B3                   MOV         R11,R2
    000002C2 6623                   MOV         R2,R6
    000002C4 4208                   SHLL2       R2
    000002C6 4208                   SHLL2       R2
    000002C8 4608                   SHLL2       R6
    000002CA 326C                   ADD         R6,R2
    000002CC 6023                   MOV         R2,R0
    000002CE 0576                   MOV.L       R7,@(R0,R5)
    000002D0 7E02                   ADD         #2,R14
    000002D2 64E3                   MOV         R14,R4
    000002D4 D332                   MOV.L       L31+10,R3  ; _htoc
    000002D6 430B                   JSR         @R3
    000002D8 0009                   NOP
    000002DA 6203                   MOV         R0,R2
    000002DC 662C                   EXTU.B      R2,R6
    000002DE D533                   MOV.L       L31+22,R5  ; H'00000398+_prr0133s
    000002E0 750C                   ADD         #12,R5
    000002E2 62B3                   MOV         R11,R2
    000002E4 6423                   MOV         R2,R4
    000002E6 4208                   SHLL2       R2
    000002E8 4208                   SHLL2       R2
    000002EA 4408                   SHLL2       R4
    000002EC 324C                   ADD         R4,R2
    000002EE 6023                   MOV         R2,R0
    000002F0 0564                   MOV.B       R6,@(R0,R5)
    000002F2 7E02                   ADD         #2,R14
    000002F4 64E3                   MOV         R14,R4
    000002F6 D32A                   MOV.L       L31+10,R3  ; _htoc
    000002F8 430B                   JSR         @R3
    000002FA 0009                   NOP
    000002FC 6203                   MOV         R0,R2
    000002FE 662C                   EXTU.B      R2,R6
    00000300 D52A                   MOV.L       L31+22,R5  ; H'00000398+_prr0133s
    00000302 750D                   ADD         #13,R5
    00000304 62B3                   MOV         R11,R2
    00000306 6423                   MOV         R2,R4
    00000308 4208                   SHLL2       R2
    0000030A 4208                   SHLL2       R2
    0000030C 4408                   SHLL2       R4
    0000030E 324C                   ADD         R4,R2
    00000310 6023                   MOV         R2,R0
    00000312 0564                   MOV.B       R6,@(R0,R5)
    00000314 7E02                   ADD         #2,R14
    00000316 64E3                   MOV         R14,R4
    00000318 D322                   MOV.L       L31+14,R3  ; _htoi
    0000031A 430B                   JSR         @R3
    0000031C 0009                   NOP
    0000031E 6603                   MOV         R0,R6
    00000320 626D                   EXTU.W      R6,R2
    00000322 D522                   MOV.L       L31+22,R5  ; H'00000398+_prr0133s
    00000324 750E                   ADD         #14,R5
    00000326 66B3                   MOV         R11,R6
    00000328 6463                   MOV         R6,R4
    0000032A 4608                   SHLL2       R6
    0000032C 4608                   SHLL2       R6
    0000032E 4408                   SHLL2       R4
    00000330 364C                   ADD         R4,R6
    00000332 6063                   MOV         R6,R0
    00000334 0525                   MOV.W       R2,@(R0,R5)
    00000336 7E04                   ADD         #4,R14
    00000338 64E3                   MOV         R14,R4
    0000033A D31A                   MOV.L       L31+14,R3  ; _htoi
    0000033C 430B                   JSR         @R3
    0000033E 0009                   NOP
    00000340 6603                   MOV         R0,R6
    00000342 626D                   EXTU.W      R6,R2
    00000344 D519                   MOV.L       L31+22,R5  ; H'00000398+_prr0133s
    00000346 7510                   ADD         #16,R5
    00000348 66B3                   MOV         R11,R6
    0000034A 6463                   MOV         R6,R4
    0000034C 4608                   SHLL2       R6
    0000034E 4608                   SHLL2       R6
    00000350 4408                   SHLL2       R4
    00000352 364C                   ADD         R4,R6
    00000354 6063                   MOV         R6,R0
    00000356 0525                   MOV.W       R2,@(R0,R5)
    00000358 7E04                   ADD         #4,R14
    0000035A 64E3                   MOV         R14,R4
    0000035C D310                   MOV.L       L31+10,R3  ; _htoc
    0000035E 430B                   JSR         @R3
    00000360 0009                   NOP
    00000362 6203                   MOV         R0,R2
    00000364 642C                   EXTU.B      R2,R4
    00000366 D511                   MOV.L       L31+22,R5  ; H'00000398+_prr0133s
    00000368 7512                   ADD         #18,R5
    0000036A 62B3                   MOV         R11,R2
    0000036C 6623                   MOV         R2,R6
    0000036E 4208                   SHLL2       R2
    00000370 4208                   SHLL2       R2
    00000372 4608                   SHLL2       R6
    00000374 326C                   ADD         R6,R2
    00000376 6023                   MOV         R2,R0
    00000378 0544                   MOV.B       R4,@(R0,R5)
    0000037A 7E02                   ADD         #2,R14
    0000037C 7B01                   ADD         #1,R11
    0000037E D30A                   MOV.L       L31+18,R3  ; H'00000394+_prr0133s
    00000380 6330                   MOV.B       @R3,R3
    00000382 633C                   EXTU.B      R3,R3
    00000384 6233                   MOV         R3,R2
    00000386 3B23                   CMP/GE      R2,R11
    00000388 8901                   BT          L37
    0000038A AF5C                   BRA         L27
    0000038C 0009                   NOP
    0000038E              L37:
    0000038E              L26:
    0000038E E200                   MOV         #0,R2      ; H'00000000
    00000390 6023                   MOV         R2,R0
    00000392 A00D                   BRA         L30
    00000394 0009                   NOP
    00000396              L31:
    00000396 00000002               .RES.W      1
    00000398 <00000000>             .DATA.L     _prr0133s
    0000039C <00000004>             .DATA.L     H'00000004+_prr0133s
    000003A0 <00000000>             .DATA.L     _htoc
    000003A4 <00000000>             .DATA.L     _htoi
    000003A8 <00000394>             .DATA.L     H'00000394+_prr0133s
    000003AC <00000398>             .DATA.L     H'00000398+_prr0133s
    000003B0              L30:
    000003B0 7F10                   ADD         #16,R15
    000003B2 4F16                   LDS.L       @R15+,MACL
    000003B4 4F26                   LDS.L       @R15+,PR
    000003B6 6EF6                   MOV.L       @R15+,R14
    000003B8 6DF6                   MOV.L       @R15+,R13
    000003BA 6CF6                   MOV.L       @R15+,R12
    000003BC 6BF6                   MOV.L       @R15+,R11
    000003BE 6AF6                   MOV.L       @R15+,R10
    000003C0 69F6                   MOV.L       @R15+,R9
    000003C2 68F6                   MOV.L       @R15+,R8
    000003C4 000B                   RTS
    000003C6 0009                   NOP
B   00000000              _prr0133s:                       ; static: prr0133s
    00000000 00000004               .RES.L      270
SH SERIES C/C++ Compiler (Ver. checker(2003.03.17))                                              16-Nov-2009 12:34:03  PAGE    1


******** STATISTICS INFORMATION ********


********** ERROR INFORMATION ***********

NUMBER OF ERRORS:           0
NUMBER OF WARNINGS:         0
NUMBER OF INFORMATIONS:     0



******* SOURCE LINE INFORMATION ********

COMPILED SOURCE LINE:       99



******* SECTION SIZE INFORMATION *******

PROGRAM  SECTION (P):                               000003C8 Byte(s)
CONSTANT SECTION (C):                               00000000 Byte(s)
DATA     SECTION (D):                               00000000 Byte(s)
BSS      SECTION (B):                               00000438 Byte(s)

TOTAL PROGRAM  SECTION: 000003C8 Byte(s)
TOTAL CONSTANT SECTION: 00000000 Byte(s)
TOTAL DATA     SECTION: 00000000 Byte(s)
TOTAL BSS      SECTION: 00000438 Byte(s)

    TOTAL PROGRAM SIZE: 00000800 Byte(s)



********** LABEL INFORMATION ***********

NUMBER OF EXTERNAL REFERENCE SYMBOLS:            2
NUMBER OF EXTERNAL DEFINITION SYMBOLS:           2
NUMBER OF INTERNAL/EXTERNAL SYMBOLS:            27
*** COMMAND PARAMETER ***


  -cpu=sh3 -op=0 -en=big -me -debug -comment=nest -l -def=DEBUG -i=P:\PRESTO2\SHINC,C:\usr\local\SH\7_1_1\include,P:\PRESTO2\NORTI_12\inc prr0133.c 

