SH SERIES C/C++ Compiler (Ver. checker(2003.03.17))                                              16-Nov-2009 12:33:34  PAGE    1

************ OBJECT LISTING ************

FILE NAME: prr0029.c

SCT OFFSET   CODE       C LABEL     INSTRUCTION OPERAND    COMMENT

P   00000000              _pr_scan_hop_spec2:              ; function: pr_scan_hop_spec2
                                                           ; frame size=20
    00000000 2FD6                   MOV.L       R13,@-R15
    00000002 2FE6                   MOV.L       R14,@-R15
    00000004 4F22                   STS.L       PR,@-R15
    00000006 7FF8                   ADD         #-8,R15
    00000008 6E43                   MOV         R4,R14
    0000000A 7E05                   ADD         #5,R14
    0000000C 64E3                   MOV         R14,R4
    0000000E D3C0                   MOV.L       L34+2,R3   ; _htoc
    00000010 430B                   JSR         @R3
    00000012 0009                   NOP
    00000014 6203                   MOV         R0,R2
    00000016 632C                   EXTU.B      R2,R3
    00000018 D1BE                   MOV.L       L34+6,R1   ; _prr0029s
    0000001A 2130                   MOV.B       R3,@R1
    0000001C 7E02                   ADD         #2,R14
    0000001E 64E3                   MOV         R14,R4
    00000020 D3BD                   MOV.L       L34+10,R3  ; _htol
    00000022 430B                   JSR         @R3
    00000024 0009                   NOP
    00000026 6303                   MOV         R0,R3
    00000028 D1BC                   MOV.L       L34+14,R1  ; H'00000004+_prr0029s
    0000002A 2132                   MOV.L       R3,@R1
    0000002C 7E08                   ADD         #8,R14
    0000002E 64E3                   MOV         R14,R4
    00000030 D3BB                   MOV.L       L34+18,R3  ; _htoi
    00000032 430B                   JSR         @R3
    00000034 0009                   NOP
    00000036 6203                   MOV         R0,R2
    00000038 632D                   EXTU.W      R2,R3
    0000003A D1BA                   MOV.L       L34+22,R1  ; H'00000008+_prr0029s
    0000003C 2131                   MOV.W       R3,@R1
    0000003E 7E04                   ADD         #4,R14
    00000040 62E0                   MOV.B       @R14,R2
    00000042 662C                   EXTU.B      R2,R6
    00000044 666C                   EXTU.B      R6,R6
    00000046 E339                   MOV         #57,R3     ; H'00000039
    00000048 3637                   CMP/GT      R3,R6
    0000004A 8B05                   BF          L12
    0000004C 62E0                   MOV.B       @R14,R2
    0000004E 662C                   EXTU.B      R2,R6
    00000050 666C                   EXTU.B      R6,R6
    00000052 76C9                   ADD         #-55,R6
    00000054 A004                   BRA         L13
    00000056 0009                   NOP
    00000058              L12:
    00000058 62E0                   MOV.B       @R14,R2
    0000005A 662C                   EXTU.B      R2,R6
    0000005C 666C                   EXTU.B      R6,R6
    0000005E 76D0                   ADD         #-48,R6
    00000060              L13:
    00000060 6263                   MOV         R6,R2
    00000062 622C                   EXTU.B      R2,R2
    00000064 6323                   MOV         R2,R3
    00000066 D1B0                   MOV.L       L34+26,R1  ; H'0000000C+_prr0029s
    00000068 2132                   MOV.L       R3,@R1
    0000006A 7E01                   ADD         #1,R14
    0000006C 66E0                   MOV.B       @R14,R6
    0000006E 626C                   EXTU.B      R6,R2
    00000070 622C                   EXTU.B      R2,R2
    00000072 E339                   MOV         #57,R3     ; H'00000039
    00000074 3237                   CMP/GT      R3,R2
    00000076 8B06                   BF          L15
    00000078 62E0                   MOV.B       @R14,R2
    0000007A 652C                   EXTU.B      R2,R5
    0000007C 655C                   EXTU.B      R5,R5
    0000007E 6653                   MOV         R5,R6
    00000080 76C9                   ADD         #-55,R6
    00000082 A004                   BRA         L16
    00000084 0009                   NOP
    00000086              L15:
    00000086 62E0                   MOV.B       @R14,R2
    00000088 662C                   EXTU.B      R2,R6
    0000008A 666C                   EXTU.B      R6,R6
    0000008C 76D0                   ADD         #-48,R6
    0000008E              L16:
    0000008E 6263                   MOV         R6,R2
    00000090 6323                   MOV         R2,R3
    00000092 D1A6                   MOV.L       L34+30,R1  ; H'00000010+_prr0029s
    00000094 2130                   MOV.B       R3,@R1
    00000096 7E01                   ADD         #1,R14
    00000098 62E0                   MOV.B       @R14,R2
    0000009A 662C                   EXTU.B      R2,R6
    0000009C 666C                   EXTU.B      R6,R6
    0000009E E339                   MOV         #57,R3     ; H'00000039
    000000A0 3637                   CMP/GT      R3,R6
    000000A2 8B06                   BF          L18
    000000A4 62E0                   MOV.B       @R14,R2
    000000A6 662C                   EXTU.B      R2,R6
    000000A8 666C                   EXTU.B      R6,R6
    000000AA 6263                   MOV         R6,R2
    000000AC 72C9                   ADD         #-55,R2
    000000AE A005                   BRA         L19
    000000B0 0009                   NOP
    000000B2              L18:
    000000B2 62E0                   MOV.B       @R14,R2
    000000B4 662C                   EXTU.B      R2,R6
    000000B6 666C                   EXTU.B      R6,R6
    000000B8 6263                   MOV         R6,R2
    000000BA 72D0                   ADD         #-48,R2
    000000BC              L19:
    000000BC 622C                   EXTU.B      R2,R2
    000000BE 6623                   MOV         R2,R6
    000000C0 6363                   MOV         R6,R3
    000000C2 D19B                   MOV.L       L34+34,R1  ; H'00000014+_prr0029s
    000000C4 2132                   MOV.L       R3,@R1
    000000C6 7E01                   ADD         #1,R14
    000000C8 66E0                   MOV.B       @R14,R6
    000000CA 626C                   EXTU.B      R6,R2
    000000CC 622C                   EXTU.B      R2,R2
    000000CE E339                   MOV         #57,R3     ; H'00000039
    000000D0 3237                   CMP/GT      R3,R2
    000000D2 8B06                   BF          L21
    000000D4 62E0                   MOV.B       @R14,R2
    000000D6 662C                   EXTU.B      R2,R6
    000000D8 666C                   EXTU.B      R6,R6
    000000DA 6263                   MOV         R6,R2
    000000DC 72C9                   ADD         #-55,R2
    000000DE A005                   BRA         L22
    000000E0 0009                   NOP
    000000E2              L21:
    000000E2 62E0                   MOV.B       @R14,R2
    000000E4 662C                   EXTU.B      R2,R6
    000000E6 666C                   EXTU.B      R6,R6
    000000E8 6263                   MOV         R6,R2
    000000EA 72D0                   ADD         #-48,R2
    000000EC              L22:
    000000EC 622C                   EXTU.B      R2,R2
    000000EE 6623                   MOV         R2,R6
    000000F0 6363                   MOV         R6,R3
    000000F2 D190                   MOV.L       L34+38,R1  ; H'00000018+_prr0029s
    000000F4 2132                   MOV.L       R3,@R1
    000000F6 7E01                   ADD         #1,R14
    000000F8 D38E                   MOV.L       L34+38,R3  ; H'00000018+_prr0029s
    000000FA 6132                   MOV.L       @R3,R1
    000000FC 6332                   MOV.L       @R3,R3
    000000FE 2318                   TST         R1,R3
    00000100 8901                   BT          L36
    00000102 A133                   BRA         L24
    00000104 0009                   NOP
    00000106              L36:
    00000106 66E0                   MOV.B       @R14,R6
    00000108 626C                   EXTU.B      R6,R2
    0000010A 622C                   EXTU.B      R2,R2
    0000010C E339                   MOV         #57,R3     ; H'00000039
    0000010E 3237                   CMP/GT      R3,R2
    00000110 8B05                   BF          L26
    00000112 66E0                   MOV.B       @R14,R6
    00000114 626C                   EXTU.B      R6,R2
    00000116 622C                   EXTU.B      R2,R2
    00000118 72C9                   ADD         #-55,R2
    0000011A A004                   BRA         L27
    0000011C 0009                   NOP
    0000011E              L26:
    0000011E 66E0                   MOV.B       @R14,R6
    00000120 626C                   EXTU.B      R6,R2
    00000122 622C                   EXTU.B      R2,R2
    00000124 72D0                   ADD         #-48,R2
    00000126              L27:
    00000126 622C                   EXTU.B      R2,R2
    00000128 6623                   MOV         R2,R6
    0000012A 6363                   MOV         R6,R3
    0000012C D182                   MOV.L       L34+42,R1  ; H'0000001C+_prr0029s
    0000012E 2132                   MOV.L       R3,@R1
    00000130 7E01                   ADD         #1,R14
    00000132 64E3                   MOV         R14,R4
    00000134 D37A                   MOV.L       L34+18,R3  ; _htoi
    00000136 430B                   JSR         @R3
    00000138 0009                   NOP
    0000013A 6203                   MOV         R0,R2
    0000013C 632D                   EXTU.W      R2,R3
    0000013E D17F                   MOV.L       L34+46,R1  ; H'00000020+_prr0029s
    00000140 2131                   MOV.W       R3,@R1
    00000142 7E04                   ADD         #4,R14
    00000144 64E3                   MOV         R14,R4
    00000146 D376                   MOV.L       L34+18,R3  ; _htoi
    00000148 430B                   JSR         @R3
    0000014A 0009                   NOP
    0000014C 6203                   MOV         R0,R2
    0000014E 632D                   EXTU.W      R2,R3
    00000150 D17B                   MOV.L       L34+50,R1  ; H'00000022+_prr0029s
    00000152 2131                   MOV.W       R3,@R1
    00000154 7E04                   ADD         #4,R14
    00000156 64E3                   MOV         R14,R4
    00000158 D36D                   MOV.L       L34+2,R3   ; _htoc
    0000015A 430B                   JSR         @R3
    0000015C 0009                   NOP
    0000015E 6203                   MOV         R0,R2
    00000160 632C                   EXTU.B      R2,R3
    00000162 D178                   MOV.L       L34+54,R1  ; H'00000024+_prr0029s
    00000164 2130                   MOV.B       R3,@R1
    00000166 7E02                   ADD         #2,R14
    00000168 66E0                   MOV.B       @R14,R6
    0000016A 626C                   EXTU.B      R6,R2
    0000016C 622C                   EXTU.B      R2,R2
    0000016E E339                   MOV         #57,R3     ; H'00000039
    00000170 3237                   CMP/GT      R3,R2
    00000172 8B06                   BF          L29
    00000174 62E0                   MOV.B       @R14,R2
    00000176 662C                   EXTU.B      R2,R6
    00000178 666C                   EXTU.B      R6,R6
    0000017A 6263                   MOV         R6,R2
    0000017C 72C9                   ADD         #-55,R2
    0000017E A004                   BRA         L30
    00000180 0009                   NOP
    00000182              L29:
    00000182 66E0                   MOV.B       @R14,R6
    00000184 626C                   EXTU.B      R6,R2
    00000186 622C                   EXTU.B      R2,R2
    00000188 72D0                   ADD         #-48,R2
    0000018A              L30:
    0000018A 622C                   EXTU.B      R2,R2
    0000018C 6623                   MOV         R2,R6
    0000018E 6363                   MOV         R6,R3
    00000190 D16D                   MOV.L       L34+58,R1  ; H'00000028+_prr0029s
    00000192 2132                   MOV.L       R3,@R1
    00000194 7E01                   ADD         #1,R14
    00000196 64E3                   MOV         R14,R4
    00000198 D35D                   MOV.L       L34+2,R3   ; _htoc
    0000019A 430B                   JSR         @R3
    0000019C 0009                   NOP
    0000019E 6203                   MOV         R0,R2
    000001A0 632C                   EXTU.B      R2,R3
    000001A2 D16A                   MOV.L       L34+62,R1  ; H'0000002C+_prr0029s
    000001A4 2130                   MOV.B       R3,@R1
    000001A6 7E02                   ADD         #2,R14
    000001A8 64E3                   MOV         R14,R4
    000001AA D359                   MOV.L       L34+2,R3   ; _htoc
    000001AC 430B                   JSR         @R3
    000001AE 0009                   NOP
    000001B0 6203                   MOV         R0,R2
    000001B2 632C                   EXTU.B      R2,R3
    000001B4 D166                   MOV.L       L34+66,R1  ; H'0000002D+_prr0029s
    000001B6 2130                   MOV.B       R3,@R1
    000001B8 7E02                   ADD         #2,R14
    000001BA 64E3                   MOV         R14,R4
    000001BC D354                   MOV.L       L34+2,R3   ; _htoc
    000001BE 430B                   JSR         @R3
    000001C0 0009                   NOP
    000001C2 6203                   MOV         R0,R2
    000001C4 632C                   EXTU.B      R2,R3
    000001C6 D163                   MOV.L       L34+70,R1  ; H'0000002E+_prr0029s
    000001C8 2130                   MOV.B       R3,@R1
    000001CA 7E02                   ADD         #2,R14
    000001CC 64E3                   MOV         R14,R4
    000001CE D350                   MOV.L       L34+2,R3   ; _htoc
    000001D0 430B                   JSR         @R3
    000001D2 0009                   NOP
    000001D4 6203                   MOV         R0,R2
    000001D6 632C                   EXTU.B      R2,R3
    000001D8 D15F                   MOV.L       L34+74,R1  ; H'0000002F+_prr0029s
    000001DA 2130                   MOV.B       R3,@R1
    000001DC 7E02                   ADD         #2,R14
    000001DE 64E3                   MOV         R14,R4
    000001E0 D34F                   MOV.L       L34+18,R3  ; _htoi
    000001E2 430B                   JSR         @R3
    000001E4 0009                   NOP
    000001E6 6603                   MOV         R0,R6
    000001E8 626D                   EXTU.W      R6,R2
    000001EA 6323                   MOV         R2,R3
    000001EC D15B                   MOV.L       L34+78,R1  ; H'00000030+_prr0029s
    000001EE 2131                   MOV.W       R3,@R1
    000001F0 7E04                   ADD         #4,R14
    000001F2 64E3                   MOV         R14,R4
    000001F4 D34A                   MOV.L       L34+18,R3  ; _htoi
    000001F6 430B                   JSR         @R3
    000001F8 0009                   NOP
    000001FA 6603                   MOV         R0,R6
    000001FC 626D                   EXTU.W      R6,R2
    000001FE 6323                   MOV         R2,R3
    00000200 D157                   MOV.L       L34+82,R1  ; H'00000032+_prr0029s
    00000202 2131                   MOV.W       R3,@R1
    00000204 7E04                   ADD         #4,R14
    00000206 64E3                   MOV         R14,R4
    00000208 D345                   MOV.L       L34+18,R3  ; _htoi
    0000020A 430B                   JSR         @R3
    0000020C 0009                   NOP
    0000020E 6203                   MOV         R0,R2
    00000210 662D                   EXTU.W      R2,R6
    00000212 6263                   MOV         R6,R2
    00000214 6323                   MOV         R2,R3
    00000216 D153                   MOV.L       L34+86,R1  ; H'00000034+_prr0029s
    00000218 2131                   MOV.W       R3,@R1
    0000021A 7E04                   ADD         #4,R14
    0000021C ED00                   MOV         #0,R13     ; H'00000000
    0000021E D34D                   MOV.L       L34+70,R3  ; H'0000002E+_prr0029s
    00000220 6330                   MOV.B       @R3,R3
    00000222 633C                   EXTU.B      R3,R3
    00000224 6233                   MOV         R3,R2
    00000226 3D23                   CMP/GE      R2,R13
    00000228 8B01                   BF          L37
    0000022A A0CC                   BRA         L31
    0000022C 0009                   NOP
    0000022E              L37:
    0000022E              L32:
    0000022E 64E3                   MOV         R14,R4
    00000230 D33B                   MOV.L       L34+18,R3  ; _htoi
    00000232 430B                   JSR         @R3
    00000234 0009                   NOP
    00000236 6203                   MOV         R0,R2
    00000238 662D                   EXTU.W      R2,R6
    0000023A 6263                   MOV         R6,R2
    0000023C D44A                   MOV.L       L34+90,R4  ; H'00000036+_prr0029s
    0000023E 66D3                   MOV         R13,R6
    00000240 6563                   MOV         R6,R5
    00000242 4608                   SHLL2       R6
    00000244 4600                   SHLL        R6
    00000246 4508                   SHLL2       R5
    00000248 365C                   ADD         R5,R6
    0000024A 6063                   MOV         R6,R0
    0000024C 0425                   MOV.W       R2,@(R0,R4)
    0000024E 7E04                   ADD         #4,R14
    00000250 64E3                   MOV         R14,R4
    00000252 D333                   MOV.L       L34+18,R3  ; _htoi
    00000254 430B                   JSR         @R3
    00000256 0009                   NOP
    00000258 6603                   MOV         R0,R6
    0000025A 626D                   EXTU.W      R6,R2
    0000025C D442                   MOV.L       L34+90,R4  ; H'00000036+_prr0029s
    0000025E 7402                   ADD         #2,R4
    00000260 66D3                   MOV         R13,R6
    00000262 6563                   MOV         R6,R5
    00000264 4608                   SHLL2       R6
    00000266 4600                   SHLL        R6
    00000268 4508                   SHLL2       R5
    0000026A 365C                   ADD         R5,R6
    0000026C 6063                   MOV         R6,R0
    0000026E 0425                   MOV.W       R2,@(R0,R4)
    00000270 7E04                   ADD         #4,R14
    00000272 64E3                   MOV         R14,R4
    00000274 D32A                   MOV.L       L34+18,R3  ; _htoi
    00000276 430B                   JSR         @R3
    00000278 0009                   NOP
    0000027A 6603                   MOV         R0,R6
    0000027C 626D                   EXTU.W      R6,R2
    0000027E D43A                   MOV.L       L34+90,R4  ; H'00000036+_prr0029s
    00000280 7404                   ADD         #4,R4
    00000282 66D3                   MOV         R13,R6
    00000284 6563                   MOV         R6,R5
    00000286 4608                   SHLL2       R6
    00000288 4600                   SHLL        R6
    0000028A 4508                   SHLL2       R5
    0000028C 365C                   ADD         R5,R6
    0000028E 6063                   MOV         R6,R0
    00000290 0425                   MOV.W       R2,@(R0,R4)
    00000292 7E04                   ADD         #4,R14
    00000294 64E3                   MOV         R14,R4
    00000296 D322                   MOV.L       L34+18,R3  ; _htoi
    00000298 430B                   JSR         @R3
    0000029A 0009                   NOP
    0000029C 6603                   MOV         R0,R6
    0000029E 626D                   EXTU.W      R6,R2
    000002A0 D431                   MOV.L       L34+90,R4  ; H'00000036+_prr0029s
    000002A2 7406                   ADD         #6,R4
    000002A4 66D3                   MOV         R13,R6
    000002A6 6563                   MOV         R6,R5
    000002A8 4608                   SHLL2       R6
    000002AA 4600                   SHLL        R6
    000002AC 4508                   SHLL2       R5
    000002AE 365C                   ADD         R5,R6
    000002B0 6063                   MOV         R6,R0
    000002B2 0425                   MOV.W       R2,@(R0,R4)
    000002B4 7E04                   ADD         #4,R14
    000002B6 64E3                   MOV         R14,R4
    000002B8 D319                   MOV.L       L34+18,R3  ; _htoi
    000002BA 430B                   JSR         @R3
    000002BC 0009                   NOP
    000002BE 6203                   MOV         R0,R2
    000002C0 662D                   EXTU.W      R2,R6
    000002C2 6263                   MOV         R6,R2
    000002C4 D528                   MOV.L       L34+90,R5  ; H'00000036+_prr0029s
    000002C6 7508                   ADD         #8,R5
    000002C8 66D3                   MOV         R13,R6
    000002CA 6463                   MOV         R6,R4
    000002CC 4608                   SHLL2       R6
    000002CE 4600                   SHLL        R6
    000002D0 4408                   SHLL2       R4
    000002D2 364C                   ADD         R4,R6
    000002D4 6063                   MOV         R6,R0
    000002D6 0525                   MOV.W       R2,@(R0,R5)
    000002D8 7E04                   ADD         #4,R14
    000002DA 64E3                   MOV         R14,R4
    000002DC D310                   MOV.L       L34+18,R3  ; _htoi
    000002DE 430B                   JSR         @R3
    000002E0 0009                   NOP
    000002E2 6603                   MOV         R0,R6
    000002E4 626D                   EXTU.W      R6,R2
    000002E6 D520                   MOV.L       L34+90,R5  ; H'00000036+_prr0029s
    000002E8 750A                   ADD         #10,R5
    000002EA 66D3                   MOV         R13,R6
    000002EC 6463                   MOV         R6,R4
    000002EE 4608                   SHLL2       R6
    000002F0 4600                   SHLL        R6
    000002F2 4408                   SHLL2       R4
    000002F4 364C                   ADD         R4,R6
    000002F6 6063                   MOV         R6,R0
    000002F8 0525                   MOV.W       R2,@(R0,R5)
    000002FA 7E04                   ADD         #4,R14
    000002FC 7D01                   ADD         #1,R13
    000002FE D315                   MOV.L       L34+70,R3  ; H'0000002E+_prr0029s
    00000300 6330                   MOV.B       @R3,R3
    00000302 633C                   EXTU.B      R3,R3
    00000304 6233                   MOV         R3,R2
    00000306 3D23                   CMP/GE      R2,R13
    00000308 8B91                   BF          L32
    0000030A A05C                   BRA         L31
    0000030C 0009                   NOP
    0000030E              L34:
    0000030E 00000002               .RES.W      1
    00000310 <00000000>             .DATA.L     _htoc
    00000314 <00000000>             .DATA.L     _prr0029s
    00000318 <00000000>             .DATA.L     _htol
    0000031C <00000004>             .DATA.L     H'00000004+_prr0029s
    00000320 <00000000>             .DATA.L     _htoi
    00000324 <00000008>             .DATA.L     H'00000008+_prr0029s
    00000328 <0000000C>             .DATA.L     H'0000000C+_prr0029s
    0000032C <00000010>             .DATA.L     H'00000010+_prr0029s
    00000330 <00000014>             .DATA.L     H'00000014+_prr0029s
    00000334 <00000018>             .DATA.L     H'00000018+_prr0029s
    00000338 <0000001C>             .DATA.L     H'0000001C+_prr0029s
    0000033C <00000020>             .DATA.L     H'00000020+_prr0029s
    00000340 <00000022>             .DATA.L     H'00000022+_prr0029s
    00000344 <00000024>             .DATA.L     H'00000024+_prr0029s
    00000348 <00000028>             .DATA.L     H'00000028+_prr0029s
    0000034C <0000002C>             .DATA.L     H'0000002C+_prr0029s
    00000350 <0000002D>             .DATA.L     H'0000002D+_prr0029s
    00000354 <0000002E>             .DATA.L     H'0000002E+_prr0029s
    00000358 <0000002F>             .DATA.L     H'0000002F+_prr0029s
    0000035C <00000030>             .DATA.L     H'00000030+_prr0029s
    00000360 <00000032>             .DATA.L     H'00000032+_prr0029s
    00000364 <00000034>             .DATA.L     H'00000034+_prr0029s
    00000368 <00000036>             .DATA.L     H'00000036+_prr0029s
    0000036C              L24:
    0000036C 64E3                   MOV         R14,R4
    0000036E D31A                   MOV.L       L35+2,R3   ; _htoi
    00000370 430B                   JSR         @R3
    00000372 0009                   NOP
    00000374 6203                   MOV         R0,R2
    00000376 632D                   EXTU.W      R2,R3
    00000378 D118                   MOV.L       L35+6,R1   ; H'0000001C+_prr0029s
    0000037A 2131                   MOV.W       R3,@R1
    0000037C 7E04                   ADD         #4,R14
    0000037E 64E3                   MOV         R14,R4
    00000380 D315                   MOV.L       L35+2,R3   ; _htoi
    00000382 430B                   JSR         @R3
    00000384 0009                   NOP
    00000386 6203                   MOV         R0,R2
    00000388 632D                   EXTU.W      R2,R3
    0000038A D115                   MOV.L       L35+10,R1  ; H'0000001E+_prr0029s
    0000038C 2131                   MOV.W       R3,@R1
    0000038E 7E04                   ADD         #4,R14
    00000390 64E3                   MOV         R14,R4
    00000392 D314                   MOV.L       L35+14,R3  ; _htoc
    00000394 430B                   JSR         @R3
    00000396 0009                   NOP
    00000398 6203                   MOV         R0,R2
    0000039A 632C                   EXTU.B      R2,R3
    0000039C D112                   MOV.L       L35+18,R1  ; H'00000020+_prr0029s
    0000039E 2130                   MOV.B       R3,@R1
    000003A0 7E02                   ADD         #2,R14
    000003A2 64E3                   MOV         R14,R4
    000003A4 D30F                   MOV.L       L35+14,R3  ; _htoc
    000003A6 430B                   JSR         @R3
    000003A8 0009                   NOP
    000003AA 6203                   MOV         R0,R2
    000003AC 632C                   EXTU.B      R2,R3
    000003AE D10F                   MOV.L       L35+22,R1  ; H'00000021+_prr0029s
    000003B0 2130                   MOV.B       R3,@R1
    000003B2 7E02                   ADD         #2,R14
    000003B4 64E3                   MOV         R14,R4
    000003B6 D30B                   MOV.L       L35+14,R3  ; _htoc
    000003B8 430B                   JSR         @R3
    000003BA 0009                   NOP
    000003BC 6203                   MOV         R0,R2
    000003BE 632C                   EXTU.B      R2,R3
    000003C0 D10B                   MOV.L       L35+26,R1  ; H'00000022+_prr0029s
    000003C2 2130                   MOV.B       R3,@R1
    000003C4 7E02                   ADD         #2,R14
    000003C6              L31:
    000003C6 E200                   MOV         #0,R2      ; H'00000000
    000003C8 6023                   MOV         R2,R0
    000003CA 7F08                   ADD         #8,R15
    000003CC 4F26                   LDS.L       @R15+,PR
    000003CE 6EF6                   MOV.L       @R15+,R14
    000003D0 6DF6                   MOV.L       @R15+,R13
    000003D2 000B                   RTS
    000003D4 0009                   NOP
    000003D6              L35:
    000003D6 00000002               .RES.W      1
    000003D8 <00000000>             .DATA.L     _htoi
    000003DC <0000001C>             .DATA.L     H'0000001C+_prr0029s
    000003E0 <0000001E>             .DATA.L     H'0000001E+_prr0029s
    000003E4 <00000000>             .DATA.L     _htoc
    000003E8 <00000020>             .DATA.L     H'00000020+_prr0029s
    000003EC <00000021>             .DATA.L     H'00000021+_prr0029s
    000003F0 <00000022>             .DATA.L     H'00000022+_prr0029s
B   00000000              _prr0029s:                       ; static: prr0029s
    00000000 00000004               .RES.L      44
SH SERIES C/C++ Compiler (Ver. checker(2003.03.17))                                              16-Nov-2009 12:33:34  PAGE    1


******** STATISTICS INFORMATION ********


********** ERROR INFORMATION ***********

NUMBER OF ERRORS:           0
NUMBER OF WARNINGS:         0
NUMBER OF INFORMATIONS:     0



******* SOURCE LINE INFORMATION ********

COMPILED SOURCE LINE:      121



******* SECTION SIZE INFORMATION *******

PROGRAM  SECTION (P):                               000003F4 Byte(s)
CONSTANT SECTION (C):                               00000000 Byte(s)
DATA     SECTION (D):                               00000000 Byte(s)
BSS      SECTION (B):                               000000B0 Byte(s)

TOTAL PROGRAM  SECTION: 000003F4 Byte(s)
TOTAL CONSTANT SECTION: 00000000 Byte(s)
TOTAL DATA     SECTION: 00000000 Byte(s)
TOTAL BSS      SECTION: 000000B0 Byte(s)

    TOTAL PROGRAM SIZE: 000004A4 Byte(s)



********** LABEL INFORMATION ***********

NUMBER OF EXTERNAL REFERENCE SYMBOLS:            3
NUMBER OF EXTERNAL DEFINITION SYMBOLS:           2
NUMBER OF INTERNAL/EXTERNAL SYMBOLS:            24
*** COMMAND PARAMETER ***


  -cpu=sh3 -op=0 -en=big -me -debug -comment=nest -l -def=DEBUG -i=P:\PRESTO2\SHINC,C:\usr\local\SH\7_1_1\include,P:\PRESTO2\NORTI_12\inc prr0029.c 

