SH SERIES C/C++ Compiler (Ver. checker(2003.03.17))                                              16-Nov-2009 12:33:28  PAGE    1

************ OBJECT LISTING ************

FILE NAME: prr0012.c

SCT OFFSET   CODE       C LABEL     INSTRUCTION OPERAND    COMMENT

P   00000000              _pr_print_cbcal_spec:            ; function: pr_print_cbcal_spec
                                                           ; frame size=12
    00000000 2FD6                   MOV.L       R13,@-R15
    00000002 2FE6                   MOV.L       R14,@-R15
    00000004 4F22                   STS.L       PR,@-R15
    00000006 6E53                   MOV         R5,R14
    00000008 6D43                   MOV         R4,R13
    0000000A 62E0                   MOV.B       @R14,R2
    0000000C 642C                   EXTU.B      R2,R4
    0000000E 65D3                   MOV         R13,R5
    00000010 7505                   ADD         #5,R5
    00000012 644C                   EXTU.B      R4,R4
    00000014 D375                   MOV.L       L51+2,R3   ; _ctoh
    00000016 430B                   JSR         @R3
    00000018 0009                   NOP
    0000001A 54E1                   MOV.L       @(4,R14),R4
    0000001C 65D3                   MOV         R13,R5
    0000001E 7507                   ADD         #7,R5
    00000020 D373                   MOV.L       L51+6,R3   ; _ltoh
    00000022 430B                   JSR         @R3
    00000024 0009                   NOP
    00000026 54E2                   MOV.L       @(8,R14),R4
    00000028 65D3                   MOV         R13,R5
    0000002A 750F                   ADD         #15,R5
    0000002C D370                   MOV.L       L51+6,R3   ; _ltoh
    0000002E 430B                   JSR         @R3
    00000030 0009                   NOP
    00000032 84EC                   MOV.B       @(12,R14),R0
    00000034 6203                   MOV         R0,R2
    00000036 642C                   EXTU.B      R2,R4
    00000038 65D3                   MOV         R13,R5
    0000003A 7517                   ADD         #23,R5
    0000003C 644C                   EXTU.B      R4,R4
    0000003E D36B                   MOV.L       L51+2,R3   ; _ctoh
    00000040 430B                   JSR         @R3
    00000042 0009                   NOP
    00000044 52E4                   MOV.L       @(16,R14),R2
    00000046 E309                   MOV         #9,R3      ; H'00000009
    00000048 3237                   CMP/GT      R3,R2
    0000004A 8B03                   BF          L12
    0000004C 52E4                   MOV.L       @(16,R14),R2
    0000004E 7237                   ADD         #55,R2
    00000050 A002                   BRA         L13
    00000052 0009                   NOP
    00000054              L12:
    00000054 52E4                   MOV.L       @(16,R14),R2
    00000056 7230                   ADD         #48,R2
    00000058              L13:
    00000058 E019                   MOV         #25,R0     ; H'00000019
    0000005A 0D24                   MOV.B       R2,@(R0,R13)
    0000005C 52E5                   MOV.L       @(20,R14),R2
    0000005E E309                   MOV         #9,R3      ; H'00000009
    00000060 3237                   CMP/GT      R3,R2
    00000062 8B03                   BF          L15
    00000064 52E5                   MOV.L       @(20,R14),R2
    00000066 7237                   ADD         #55,R2
    00000068 A002                   BRA         L16
    0000006A 0009                   NOP
    0000006C              L15:
    0000006C 52E5                   MOV.L       @(20,R14),R2
    0000006E 7230                   ADD         #48,R2
    00000070              L16:
    00000070 E01A                   MOV         #26,R0     ; H'0000001A
    00000072 0D24                   MOV.B       R2,@(R0,R13)
    00000074 52E6                   MOV.L       @(24,R14),R2
    00000076 E309                   MOV         #9,R3      ; H'00000009
    00000078 3237                   CMP/GT      R3,R2
    0000007A 8B03                   BF          L18
    0000007C 52E6                   MOV.L       @(24,R14),R2
    0000007E 7237                   ADD         #55,R2
    00000080 A002                   BRA         L19
    00000082 0009                   NOP
    00000084              L18:
    00000084 52E6                   MOV.L       @(24,R14),R2
    00000086 7230                   ADD         #48,R2
    00000088              L19:
    00000088 E01B                   MOV         #27,R0     ; H'0000001B
    0000008A 0D24                   MOV.B       R2,@(R0,R13)
    0000008C 52E7                   MOV.L       @(28,R14),R2
    0000008E E309                   MOV         #9,R3      ; H'00000009
    00000090 3237                   CMP/GT      R3,R2
    00000092 8B03                   BF          L21
    00000094 52E7                   MOV.L       @(28,R14),R2
    00000096 7237                   ADD         #55,R2
    00000098 A002                   BRA         L22
    0000009A 0009                   NOP
    0000009C              L21:
    0000009C 52E7                   MOV.L       @(28,R14),R2
    0000009E 7230                   ADD         #48,R2
    000000A0              L22:
    000000A0 E01C                   MOV         #28,R0     ; H'0000001C
    000000A2 0D24                   MOV.B       R2,@(R0,R13)
    000000A4 52E8                   MOV.L       @(32,R14),R2
    000000A6 E309                   MOV         #9,R3      ; H'00000009
    000000A8 3237                   CMP/GT      R3,R2
    000000AA 8B03                   BF          L24
    000000AC 52E8                   MOV.L       @(32,R14),R2
    000000AE 7237                   ADD         #55,R2
    000000B0 A002                   BRA         L25
    000000B2 0009                   NOP
    000000B4              L24:
    000000B4 52E8                   MOV.L       @(32,R14),R2
    000000B6 7230                   ADD         #48,R2
    000000B8              L25:
    000000B8 E01D                   MOV         #29,R0     ; H'0000001D
    000000BA 0D24                   MOV.B       R2,@(R0,R13)
    000000BC 52E9                   MOV.L       @(36,R14),R2
    000000BE E309                   MOV         #9,R3      ; H'00000009
    000000C0 3237                   CMP/GT      R3,R2
    000000C2 8B03                   BF          L27
    000000C4 52E9                   MOV.L       @(36,R14),R2
    000000C6 7237                   ADD         #55,R2
    000000C8 A002                   BRA         L28
    000000CA 0009                   NOP
    000000CC              L27:
    000000CC 52E9                   MOV.L       @(36,R14),R2
    000000CE 7230                   ADD         #48,R2
    000000D0              L28:
    000000D0 E01E                   MOV         #30,R0     ; H'0000001E
    000000D2 0D24                   MOV.B       R2,@(R0,R13)
    000000D4 52EA                   MOV.L       @(40,R14),R2
    000000D6 E309                   MOV         #9,R3      ; H'00000009
    000000D8 3237                   CMP/GT      R3,R2
    000000DA 8B03                   BF          L30
    000000DC 52EA                   MOV.L       @(40,R14),R2
    000000DE 7237                   ADD         #55,R2
    000000E0 A002                   BRA         L31
    000000E2 0009                   NOP
    000000E4              L30:
    000000E4 52EA                   MOV.L       @(40,R14),R2
    000000E6 7230                   ADD         #48,R2
    000000E8              L31:
    000000E8 E01F                   MOV         #31,R0     ; H'0000001F
    000000EA 0D24                   MOV.B       R2,@(R0,R13)
    000000EC 52EB                   MOV.L       @(44,R14),R2
    000000EE E309                   MOV         #9,R3      ; H'00000009
    000000F0 3237                   CMP/GT      R3,R2
    000000F2 8B03                   BF          L33
    000000F4 52EB                   MOV.L       @(44,R14),R2
    000000F6 7237                   ADD         #55,R2
    000000F8 A002                   BRA         L34
    000000FA 0009                   NOP
    000000FC              L33:
    000000FC 52EB                   MOV.L       @(44,R14),R2
    000000FE 7230                   ADD         #48,R2
    00000100              L34:
    00000100 E020                   MOV         #32,R0     ; H'00000020
    00000102 0D24                   MOV.B       R2,@(R0,R13)
    00000104 52EC                   MOV.L       @(48,R14),R2
    00000106 E309                   MOV         #9,R3      ; H'00000009
    00000108 3237                   CMP/GT      R3,R2
    0000010A 8B03                   BF          L36
    0000010C 52EC                   MOV.L       @(48,R14),R2
    0000010E 7237                   ADD         #55,R2
    00000110 A002                   BRA         L37
    00000112 0009                   NOP
    00000114              L36:
    00000114 52EC                   MOV.L       @(48,R14),R2
    00000116 7230                   ADD         #48,R2
    00000118              L37:
    00000118 E021                   MOV         #33,R0     ; H'00000021
    0000011A 0D24                   MOV.B       R2,@(R0,R13)
    0000011C 52ED                   MOV.L       @(52,R14),R2
    0000011E E309                   MOV         #9,R3      ; H'00000009
    00000120 3237                   CMP/GT      R3,R2
    00000122 8B03                   BF          L39
    00000124 52ED                   MOV.L       @(52,R14),R2
    00000126 7237                   ADD         #55,R2
    00000128 A002                   BRA         L40
    0000012A 0009                   NOP
    0000012C              L39:
    0000012C 52ED                   MOV.L       @(52,R14),R2
    0000012E 7230                   ADD         #48,R2
    00000130              L40:
    00000130 E022                   MOV         #34,R0     ; H'00000022
    00000132 0D24                   MOV.B       R2,@(R0,R13)
    00000134 E038                   MOV         #56,R0     ; H'00000038
    00000136 02EC                   MOV.B       @(R0,R14),R2
    00000138 642C                   EXTU.B      R2,R4
    0000013A 65D3                   MOV         R13,R5
    0000013C 7523                   ADD         #35,R5
    0000013E 644C                   EXTU.B      R4,R4
    00000140 D32A                   MOV.L       L51+2,R3   ; _ctoh
    00000142 430B                   JSR         @R3
    00000144 0009                   NOP
    00000146 E039                   MOV         #57,R0     ; H'00000039
    00000148 02EC                   MOV.B       @(R0,R14),R2
    0000014A 642C                   EXTU.B      R2,R4
    0000014C 65D3                   MOV         R13,R5
    0000014E 7525                   ADD         #37,R5
    00000150 644C                   EXTU.B      R4,R4
    00000152 D326                   MOV.L       L51+2,R3   ; _ctoh
    00000154 430B                   JSR         @R3
    00000156 0009                   NOP
    00000158 52EF                   MOV.L       @(60,R14),R2
    0000015A E309                   MOV         #9,R3      ; H'00000009
    0000015C 3237                   CMP/GT      R3,R2
    0000015E 8B03                   BF          L42
    00000160 52EF                   MOV.L       @(60,R14),R2
    00000162 7237                   ADD         #55,R2
    00000164 A002                   BRA         L43
    00000166 0009                   NOP
    00000168              L42:
    00000168 52EF                   MOV.L       @(60,R14),R2
    0000016A 7230                   ADD         #48,R2
    0000016C              L43:
    0000016C E027                   MOV         #39,R0     ; H'00000027
    0000016E 0D24                   MOV.B       R2,@(R0,R13)
    00000170 E040                   MOV         #64,R0     ; H'00000040
    00000172 06EC                   MOV.B       @(R0,R14),R6
    00000174 626C                   EXTU.B      R6,R2
    00000176 622C                   EXTU.B      R2,R2
    00000178 E309                   MOV         #9,R3      ; H'00000009
    0000017A 3237                   CMP/GT      R3,R2
    0000017C 8B07                   BF          L45
    0000017E E040                   MOV         #64,R0     ; H'00000040
    00000180 02EC                   MOV.B       @(R0,R14),R2
    00000182 662C                   EXTU.B      R2,R6
    00000184 666C                   EXTU.B      R6,R6
    00000186 6263                   MOV         R6,R2
    00000188 7237                   ADD         #55,R2
    0000018A A005                   BRA         L46
    0000018C 0009                   NOP
    0000018E              L45:
    0000018E E040                   MOV         #64,R0     ; H'00000040
    00000190 06EC                   MOV.B       @(R0,R14),R6
    00000192 626C                   EXTU.B      R6,R2
    00000194 622C                   EXTU.B      R2,R2
    00000196 7230                   ADD         #48,R2
    00000198              L46:
    00000198 E028                   MOV         #40,R0     ; H'00000028
    0000019A 0D24                   MOV.B       R2,@(R0,R13)
    0000019C E044                   MOV         #68,R0     ; H'00000044
    0000019E 02EE                   MOV.L       @(R0,R14),R2
    000001A0 E309                   MOV         #9,R3      ; H'00000009
    000001A2 3237                   CMP/GT      R3,R2
    000001A4 8B04                   BF          L48
    000001A6 E044                   MOV         #68,R0     ; H'00000044
    000001A8 02EE                   MOV.L       @(R0,R14),R2
    000001AA 7237                   ADD         #55,R2
    000001AC A003                   BRA         L49
    000001AE 0009                   NOP
    000001B0              L48:
    000001B0 E044                   MOV         #68,R0     ; H'00000044
    000001B2 02EE                   MOV.L       @(R0,R14),R2
    000001B4 7230                   ADD         #48,R2
    000001B6              L49:
    000001B6 E029                   MOV         #41,R0     ; H'00000029
    000001B8 0D24                   MOV.B       R2,@(R0,R13)
    000001BA E048                   MOV         #72,R0     ; H'00000048
    000001BC 02ED                   MOV.W       @(R0,R14),R2
    000001BE 65D3                   MOV         R13,R5
    000001C0 752A                   ADD         #42,R5
    000001C2 642D                   EXTU.W      R2,R4
    000001C4 D30B                   MOV.L       L51+10,R3  ; _itoh
    000001C6 430B                   JSR         @R3
    000001C8 0009                   NOP
    000001CA E04A                   MOV         #74,R0     ; H'0000004A
    000001CC 02ED                   MOV.W       @(R0,R14),R2
    000001CE 65D3                   MOV         R13,R5
    000001D0 752E                   ADD         #46,R5
    000001D2 642D                   EXTU.W      R2,R4
    000001D4 D307                   MOV.L       L51+10,R3  ; _itoh
    000001D6 430B                   JSR         @R3
    000001D8 0009                   NOP
    000001DA 7D32                   ADD         #50,R13
    000001DC 62D3                   MOV         R13,R2
    000001DE 6023                   MOV         R2,R0
    000001E0 4F26                   LDS.L       @R15+,PR
    000001E2 6EF6                   MOV.L       @R15+,R14
    000001E4 6DF6                   MOV.L       @R15+,R13
    000001E6 000B                   RTS
    000001E8 0009                   NOP
    000001EA              L51:
    000001EA 00000002               .RES.W      1
    000001EC <00000000>             .DATA.L     _ctoh
    000001F0 <00000000>             .DATA.L     _ltoh
    000001F4 <00000000>             .DATA.L     _itoh
SH SERIES C/C++ Compiler (Ver. checker(2003.03.17))                                              16-Nov-2009 12:33:28  PAGE    1


******** STATISTICS INFORMATION ********


********** ERROR INFORMATION ***********

NUMBER OF ERRORS:           0
NUMBER OF WARNINGS:         0
NUMBER OF INFORMATIONS:     0



******* SOURCE LINE INFORMATION ********

COMPILED SOURCE LINE:       72



******* SECTION SIZE INFORMATION *******

PROGRAM  SECTION (P):                               000001F8 Byte(s)
CONSTANT SECTION (C):                               00000000 Byte(s)
DATA     SECTION (D):                               00000000 Byte(s)
BSS      SECTION (B):                               00000000 Byte(s)

TOTAL PROGRAM  SECTION: 000001F8 Byte(s)
TOTAL CONSTANT SECTION: 00000000 Byte(s)
TOTAL DATA     SECTION: 00000000 Byte(s)
TOTAL BSS      SECTION: 00000000 Byte(s)

    TOTAL PROGRAM SIZE: 000001F8 Byte(s)



********** LABEL INFORMATION ***********

NUMBER OF EXTERNAL REFERENCE SYMBOLS:            3
NUMBER OF EXTERNAL DEFINITION SYMBOLS:           1
NUMBER OF INTERNAL/EXTERNAL SYMBOLS:            31
*** COMMAND PARAMETER ***


  -cpu=sh3 -op=0 -en=big -me -debug -comment=nest -l -def=DEBUG -i=P:\PRESTO2\SHINC,C:\usr\local\SH\7_1_1\include,P:\PRESTO2\NORTI_12\inc prr0012.c 

