SH SERIES C/C++ Compiler (Ver. checker(2003.03.17))                                              16-Nov-2009 12:33:47  PAGE    1

************ OBJECT LISTING ************

FILE NAME: prr0061.c

SCT OFFSET   CODE       C LABEL     INSTRUCTION OPERAND    COMMENT

P   00000000              _pr_scan_afv_coord:              ; function: pr_scan_afv_coord
                                                           ; frame size=20
    00000000 2FD6                   MOV.L       R13,@-R15
    00000002 2FE6                   MOV.L       R14,@-R15
    00000004 4F22                   STS.L       PR,@-R15
    00000006 7FF8                   ADD         #-8,R15
    00000008 8445                   MOV.B       @(5,R4),R0
    0000000A 6603                   MOV         R0,R6
    0000000C 626C                   EXTU.B      R6,R2
    0000000E 622C                   EXTU.B      R2,R2
    00000010 E339                   MOV         #57,R3     ; H'00000039
    00000012 3237                   CMP/GT      R3,R2
    00000014 8B06                   BF          L12
    00000016 8445                   MOV.B       @(5,R4),R0
    00000018 6203                   MOV         R0,R2
    0000001A 662C                   EXTU.B      R2,R6
    0000001C 666C                   EXTU.B      R6,R6
    0000001E 76C9                   ADD         #-55,R6
    00000020 A005                   BRA         L13
    00000022 0009                   NOP
    00000024              L12:
    00000024 8445                   MOV.B       @(5,R4),R0
    00000026 6203                   MOV         R0,R2
    00000028 662C                   EXTU.B      R2,R6
    0000002A 666C                   EXTU.B      R6,R6
    0000002C 76D0                   ADD         #-48,R6
    0000002E              L13:
    0000002E 6363                   MOV         R6,R3
    00000030 D12A                   MOV.L       L21+2,R1   ; _prr0061s
    00000032 2130                   MOV.B       R3,@R1
    00000034 6D43                   MOV         R4,R13
    00000036 7D06                   ADD         #6,R13
    00000038 EE00                   MOV         #0,R14     ; H'00000000
    0000003A 62E3                   MOV         R14,R2
    0000003C E638                   MOV         #56,R6     ; H'00000038
    0000003E 4601                   SHLR        R6
    00000040 3262                   CMP/HS      R6,R2
    00000042 8912                   BT          L14
    00000044              L15:
    00000044 64D3                   MOV         R13,R4
    00000046 D326                   MOV.L       L21+6,R3   ; _htoi
    00000048 430B                   JSR         @R3
    0000004A 0009                   NOP
    0000004C 6203                   MOV         R0,R2
    0000004E 662D                   EXTU.W      R2,R6
    00000050 D424                   MOV.L       L21+10,R4  ; H'00000002+_prr0061s
    00000052 65E3                   MOV         R14,R5
    00000054 6253                   MOV         R5,R2
    00000056 4200                   SHLL        R2
    00000058 6023                   MOV         R2,R0
    0000005A 0465                   MOV.W       R6,@(R0,R4)
    0000005C 7D04                   ADD         #4,R13
    0000005E 7E01                   ADD         #1,R14
    00000060 66E3                   MOV         R14,R6
    00000062 E238                   MOV         #56,R2     ; H'00000038
    00000064 4201                   SHLR        R2
    00000066 3622                   CMP/HS      R2,R6
    00000068 8BEC                   BF          L15
    0000006A              L14:
    0000006A EE00                   MOV         #0,R14     ; H'00000000
    0000006C 62E3                   MOV         R14,R2
    0000006E E638                   MOV         #56,R6     ; H'00000038
    00000070 4601                   SHLR        R6
    00000072 3262                   CMP/HS      R6,R2
    00000074 8911                   BT          L16
    00000076              L17:
    00000076 64D3                   MOV         R13,R4
    00000078 D319                   MOV.L       L21+6,R3   ; _htoi
    0000007A 430B                   JSR         @R3
    0000007C 0009                   NOP
    0000007E 6203                   MOV         R0,R2
    00000080 662D                   EXTU.W      R2,R6
    00000082 D519                   MOV.L       L21+14,R5  ; H'0000003A+_prr0061s
    00000084 62E3                   MOV         R14,R2
    00000086 4200                   SHLL        R2
    00000088 6023                   MOV         R2,R0
    0000008A 0565                   MOV.W       R6,@(R0,R5)
    0000008C 7D04                   ADD         #4,R13
    0000008E 7E01                   ADD         #1,R14
    00000090 66E3                   MOV         R14,R6
    00000092 E238                   MOV         #56,R2     ; H'00000038
    00000094 4201                   SHLR        R2
    00000096 3622                   CMP/HS      R2,R6
    00000098 8BED                   BF          L17
    0000009A              L16:
    0000009A EE00                   MOV         #0,R14     ; H'00000000
    0000009C 62E3                   MOV         R14,R2
    0000009E E660                   MOV         #96,R6     ; H'00000060
    000000A0 4609                   SHLR2       R6
    000000A2 3262                   CMP/HS      R6,R2
    000000A4 8911                   BT          L18
    000000A6              L19:
    000000A6 64D3                   MOV         R13,R4
    000000A8 D310                   MOV.L       L21+18,R3  ; _htol
    000000AA 430B                   JSR         @R3
    000000AC 0009                   NOP
    000000AE 6603                   MOV         R0,R6
    000000B0 6063                   MOV         R6,R0
    000000B2 6603                   MOV         R0,R6
    000000B4 D50E                   MOV.L       L21+22,R5  ; H'00000074+_prr0061s
    000000B6 62E3                   MOV         R14,R2
    000000B8 4208                   SHLL2       R2
    000000BA 6023                   MOV         R2,R0
    000000BC 0566                   MOV.L       R6,@(R0,R5)
    000000BE 7D08                   ADD         #8,R13
    000000C0 7E01                   ADD         #1,R14
    000000C2 E260                   MOV         #96,R2     ; H'00000060
    000000C4 4209                   SHLR2       R2
    000000C6 3E22                   CMP/HS      R2,R14
    000000C8 8BED                   BF          L19
    000000CA              L18:
    000000CA E200                   MOV         #0,R2      ; H'00000000
    000000CC 6023                   MOV         R2,R0
    000000CE 7F08                   ADD         #8,R15
    000000D0 4F26                   LDS.L       @R15+,PR
    000000D2 6EF6                   MOV.L       @R15+,R14
    000000D4 6DF6                   MOV.L       @R15+,R13
    000000D6 000B                   RTS
    000000D8 0009                   NOP
    000000DA              L21:
    000000DA 00000002               .RES.W      1
    000000DC <00000000>             .DATA.L     _prr0061s
    000000E0 <00000000>             .DATA.L     _htoi
    000000E4 <00000002>             .DATA.L     H'00000002+_prr0061s
    000000E8 <0000003A>             .DATA.L     H'0000003A+_prr0061s
    000000EC <00000000>             .DATA.L     _htol
    000000F0 <00000074>             .DATA.L     H'00000074+_prr0061s
B   00000000              _prr0061s:                       ; static: prr0061s
    00000000 00000004               .RES.L      53
SH SERIES C/C++ Compiler (Ver. checker(2003.03.17))                                              16-Nov-2009 12:33:47  PAGE    1


******** STATISTICS INFORMATION ********


********** ERROR INFORMATION ***********

NUMBER OF ERRORS:           0
NUMBER OF WARNINGS:         0
NUMBER OF INFORMATIONS:     0



******* SOURCE LINE INFORMATION ********

COMPILED SOURCE LINE:       69



******* SECTION SIZE INFORMATION *******

PROGRAM  SECTION (P):                               000000F4 Byte(s)
CONSTANT SECTION (C):                               00000000 Byte(s)
DATA     SECTION (D):                               00000000 Byte(s)
BSS      SECTION (B):                               000000D4 Byte(s)

TOTAL PROGRAM  SECTION: 000000F4 Byte(s)
TOTAL CONSTANT SECTION: 00000000 Byte(s)
TOTAL DATA     SECTION: 00000000 Byte(s)
TOTAL BSS      SECTION: 000000D4 Byte(s)

    TOTAL PROGRAM SIZE: 000001C8 Byte(s)



********** LABEL INFORMATION ***********

NUMBER OF EXTERNAL REFERENCE SYMBOLS:            2
NUMBER OF EXTERNAL DEFINITION SYMBOLS:           2
NUMBER OF INTERNAL/EXTERNAL SYMBOLS:            13
*** COMMAND PARAMETER ***


  -cpu=sh3 -op=0 -en=big -me -debug -comment=nest -l -def=DEBUG -i=P:\PRESTO2\SHINC,C:\usr\local\SH\7_1_1\include,P:\PRESTO2\NORTI_12\inc prr0061.c 

