SH SERIES C/C++ Compiler (Ver. checker(2003.03.17))                                              16-Nov-2009 12:33:52  PAGE    1

************ OBJECT LISTING ************

FILE NAME: prr0101.c

SCT OFFSET   CODE       C LABEL     INSTRUCTION OPERAND    COMMENT

P   00000000              _pr_scan_req_info:               ; function: pr_scan_req_info
                                                           ; frame size=8
    00000000 2FE6                   MOV.L       R14,@-R15
    00000002 4F22                   STS.L       PR,@-R15
    00000004 6E43                   MOV         R4,R14
    00000006 64E3                   MOV         R14,R4
    00000008 7405                   ADD         #5,R4
    0000000A D30C                   MOV.L       L12+2,R3   ; _htoc
    0000000C 430B                   JSR         @R3
    0000000E 0009                   NOP
    00000010 6603                   MOV         R0,R6
    00000012 626C                   EXTU.B      R6,R2
    00000014 622C                   EXTU.B      R2,R2
    00000016 6323                   MOV         R2,R3
    00000018 D109                   MOV.L       L12+6,R1   ; _prr0101s
    0000001A 2132                   MOV.L       R3,@R1
    0000001C 64E3                   MOV         R14,R4
    0000001E 7407                   ADD         #7,R4
    00000020 D306                   MOV.L       L12+2,R3   ; _htoc
    00000022 430B                   JSR         @R3
    00000024 0009                   NOP
    00000026 6203                   MOV         R0,R2
    00000028 632C                   EXTU.B      R2,R3
    0000002A D106                   MOV.L       L12+10,R1  ; H'00000004+_prr0101s
    0000002C 2130                   MOV.B       R3,@R1
    0000002E E200                   MOV         #0,R2      ; H'00000000
    00000030 6023                   MOV         R2,R0
    00000032 4F26                   LDS.L       @R15+,PR
    00000034 6EF6                   MOV.L       @R15+,R14
    00000036 000B                   RTS
    00000038 0009                   NOP
    0000003A              L12:
    0000003A 00000002               .RES.W      1
    0000003C <00000000>             .DATA.L     _htoc
    00000040 <00000000>             .DATA.L     _prr0101s
    00000044 <00000004>             .DATA.L     H'00000004+_prr0101s
B   00000000              _prr0101s:                       ; static: prr0101s
    00000000 00000004               .RES.L      2
SH SERIES C/C++ Compiler (Ver. checker(2003.03.17))                                              16-Nov-2009 12:33:52  PAGE    1


******** STATISTICS INFORMATION ********


********** ERROR INFORMATION ***********

NUMBER OF ERRORS:           0
NUMBER OF WARNINGS:         0
NUMBER OF INFORMATIONS:     0



******* SOURCE LINE INFORMATION ********

COMPILED SOURCE LINE:       53



******* SECTION SIZE INFORMATION *******

PROGRAM  SECTION (P):                               00000048 Byte(s)
CONSTANT SECTION (C):                               00000000 Byte(s)
DATA     SECTION (D):                               00000000 Byte(s)
BSS      SECTION (B):                               00000008 Byte(s)

TOTAL PROGRAM  SECTION: 00000048 Byte(s)
TOTAL CONSTANT SECTION: 00000000 Byte(s)
TOTAL DATA     SECTION: 00000000 Byte(s)
TOTAL BSS      SECTION: 00000008 Byte(s)

    TOTAL PROGRAM SIZE: 00000050 Byte(s)



********** LABEL INFORMATION ***********

NUMBER OF EXTERNAL REFERENCE SYMBOLS:            1
NUMBER OF EXTERNAL DEFINITION SYMBOLS:           2
NUMBER OF INTERNAL/EXTERNAL SYMBOLS:             4
*** COMMAND PARAMETER ***


  -cpu=sh3 -op=0 -en=big -me -debug -comment=nest -l -def=DEBUG -i=P:\PRESTO2\SHINC,C:\usr\local\SH\7_1_1\include,P:\PRESTO2\NORTI_12\inc prr0101.c 

