SH SERIES C/C++ Compiler (Ver. checker(2003.03.17))                                              16-Nov-2009 12:33:58  PAGE    1

************ OBJECT LISTING ************

FILE NAME: prr0119.c

SCT OFFSET   CODE       C LABEL     INSTRUCTION OPERAND    COMMENT

P   00000000              _pr_scan_sig_assign_parm:        ; function: pr_scan_sig_assign_parm
                                                           ; frame size=52
    00000000 2F86                   MOV.L       R8,@-R15
    00000002 2F96                   MOV.L       R9,@-R15
    00000004 2FA6                   MOV.L       R10,@-R15
    00000006 2FB6                   MOV.L       R11,@-R15
    00000008 2FC6                   MOV.L       R12,@-R15
    0000000A 2FD6                   MOV.L       R13,@-R15
    0000000C 2FE6                   MOV.L       R14,@-R15
    0000000E 4F22                   STS.L       PR,@-R15
    00000010 4F12                   STS.L       MACL,@-R15
    00000012 7FF0                   ADD         #-16,R15
    00000014 6E43                   MOV         R4,R14
    00000016 7E06                   ADD         #6,R14
    00000018 8445                   MOV.B       @(5,R4),R0
    0000001A 6603                   MOV         R0,R6
    0000001C 626C                   EXTU.B      R6,R2
    0000001E 622C                   EXTU.B      R2,R2
    00000020 E339                   MOV         #57,R3     ; H'00000039
    00000022 3237                   CMP/GT      R3,R2
    00000024 8B07                   BF          L12
    00000026 8445                   MOV.B       @(5,R4),R0
    00000028 6203                   MOV         R0,R2
    0000002A 662C                   EXTU.B      R2,R6
    0000002C 666C                   EXTU.B      R6,R6
    0000002E 6263                   MOV         R6,R2
    00000030 72C9                   ADD         #-55,R2
    00000032 A006                   BRA         L13
    00000034 0009                   NOP
    00000036              L12:
    00000036 8445                   MOV.B       @(5,R4),R0
    00000038 6203                   MOV         R0,R2
    0000003A 662C                   EXTU.B      R2,R6
    0000003C 666C                   EXTU.B      R6,R6
    0000003E 6263                   MOV         R6,R2
    00000040 72D0                   ADD         #-48,R2
    00000042              L13:
    00000042 6323                   MOV         R2,R3
    00000044 D1A9                   MOV.L       L37+2,R1   ; _prr0119s
    00000046 2130                   MOV.B       R3,@R1
    00000048 EC00                   MOV         #0,R12     ; H'00000000
    0000004A D3A8                   MOV.L       L37+2,R3   ; _prr0119s
    0000004C 6330                   MOV.B       @R3,R3
    0000004E 633C                   EXTU.B      R3,R3
    00000050 6233                   MOV         R3,R2
    00000052 3C23                   CMP/GE      R2,R12
    00000054 891A                   BT          L14
    00000056              L15:
    00000056 64E3                   MOV         R14,R4
    00000058 D3A5                   MOV.L       L37+6,R3   ; _htoc
    0000005A 430B                   JSR         @R3
    0000005C 0009                   NOP
    0000005E 6603                   MOV         R0,R6
    00000060 626C                   EXTU.B      R6,R2
    00000062 D6A4                   MOV.L       L37+10,R6  ; H'00000001+_prr0119s
    00000064 60C3                   MOV         R12,R0
    00000066 0624                   MOV.B       R2,@(R0,R6)
    00000068 7E02                   ADD         #2,R14
    0000006A 64E3                   MOV         R14,R4
    0000006C D3A0                   MOV.L       L37+6,R3   ; _htoc
    0000006E 430B                   JSR         @R3
    00000070 0009                   NOP
    00000072 6203                   MOV         R0,R2
    00000074 662C                   EXTU.B      R2,R6
    00000076 D2A0                   MOV.L       L37+14,R2  ; H'00000009+_prr0119s
    00000078 60C3                   MOV         R12,R0
    0000007A 0264                   MOV.B       R6,@(R0,R2)
    0000007C 7E02                   ADD         #2,R14
    0000007E 7C01                   ADD         #1,R12
    00000080 D39A                   MOV.L       L37+2,R3   ; _prr0119s
    00000082 6330                   MOV.B       @R3,R3
    00000084 633C                   EXTU.B      R3,R3
    00000086 6233                   MOV         R3,R2
    00000088 3C23                   CMP/GE      R2,R12
    0000008A 8BE4                   BF          L15
    0000008C              L14:
    0000008C 62E0                   MOV.B       @R14,R2
    0000008E 662C                   EXTU.B      R2,R6
    00000090 666C                   EXTU.B      R6,R6
    00000092 E339                   MOV         #57,R3     ; H'00000039
    00000094 3637                   CMP/GT      R3,R6
    00000096 8B06                   BF          L17
    00000098 62E0                   MOV.B       @R14,R2
    0000009A 662C                   EXTU.B      R2,R6
    0000009C 666C                   EXTU.B      R6,R6
    0000009E 6263                   MOV         R6,R2
    000000A0 72C9                   ADD         #-55,R2
    000000A2 A005                   BRA         L18
    000000A4 0009                   NOP
    000000A6              L17:
    000000A6 62E0                   MOV.B       @R14,R2
    000000A8 662C                   EXTU.B      R2,R6
    000000AA 666C                   EXTU.B      R6,R6
    000000AC 6263                   MOV         R6,R2
    000000AE 72D0                   ADD         #-48,R2
    000000B0              L18:
    000000B0 6323                   MOV         R2,R3
    000000B2 D192                   MOV.L       L37+18,R1  ; H'00000011+_prr0119s
    000000B4 2130                   MOV.B       R3,@R1
    000000B6 7E01                   ADD         #1,R14
    000000B8 EC00                   MOV         #0,R12     ; H'00000000
    000000BA D390                   MOV.L       L37+18,R3  ; H'00000011+_prr0119s
    000000BC 6330                   MOV.B       @R3,R3
    000000BE 633C                   EXTU.B      R3,R3
    000000C0 6233                   MOV         R3,R2
    000000C2 3C23                   CMP/GE      R2,R12
    000000C4 8910                   BT          L19
    000000C6              L20:
    000000C6 64E3                   MOV         R14,R4
    000000C8 D389                   MOV.L       L37+6,R3   ; _htoc
    000000CA 430B                   JSR         @R3
    000000CC 0009                   NOP
    000000CE 6203                   MOV         R0,R2
    000000D0 662C                   EXTU.B      R2,R6
    000000D2 D28B                   MOV.L       L37+22,R2  ; H'00000012+_prr0119s
    000000D4 60C3                   MOV         R12,R0
    000000D6 0264                   MOV.B       R6,@(R0,R2)
    000000D8 7E02                   ADD         #2,R14
    000000DA 7C01                   ADD         #1,R12
    000000DC D387                   MOV.L       L37+18,R3  ; H'00000011+_prr0119s
    000000DE 6330                   MOV.B       @R3,R3
    000000E0 633C                   EXTU.B      R3,R3
    000000E2 6233                   MOV         R3,R2
    000000E4 3C23                   CMP/GE      R2,R12
    000000E6 8BEE                   BF          L20
    000000E8              L19:
    000000E8 62E0                   MOV.B       @R14,R2
    000000EA 662C                   EXTU.B      R2,R6
    000000EC 666C                   EXTU.B      R6,R6
    000000EE E339                   MOV         #57,R3     ; H'00000039
    000000F0 3637                   CMP/GT      R3,R6
    000000F2 8B06                   BF          L22
    000000F4 62E0                   MOV.B       @R14,R2
    000000F6 662C                   EXTU.B      R2,R6
    000000F8 666C                   EXTU.B      R6,R6
    000000FA 6263                   MOV         R6,R2
    000000FC 72C9                   ADD         #-55,R2
    000000FE A005                   BRA         L23
    00000100 0009                   NOP
    00000102              L22:
    00000102 62E0                   MOV.B       @R14,R2
    00000104 662C                   EXTU.B      R2,R6
    00000106 666C                   EXTU.B      R6,R6
    00000108 6263                   MOV         R6,R2
    0000010A 72D0                   ADD         #-48,R2
    0000010C              L23:
    0000010C 6323                   MOV         R2,R3
    0000010E D17D                   MOV.L       L37+26,R1  ; H'0000001A+_prr0119s
    00000110 2130                   MOV.B       R3,@R1
    00000112 7E01                   ADD         #1,R14
    00000114 EC00                   MOV         #0,R12     ; H'00000000
    00000116 D37B                   MOV.L       L37+26,R3  ; H'0000001A+_prr0119s
    00000118 6330                   MOV.B       @R3,R3
    0000011A 633C                   EXTU.B      R3,R3
    0000011C 6233                   MOV         R3,R2
    0000011E 3C23                   CMP/GE      R2,R12
    00000120 8B01                   BF          L39
    00000122 A17F                   BRA         L24
    00000124 0009                   NOP
    00000126              L39:
    00000126              L25:
    00000126 64E3                   MOV         R14,R4
    00000128 D371                   MOV.L       L37+6,R3   ; _htoc
    0000012A 430B                   JSR         @R3
    0000012C 0009                   NOP
    0000012E 6203                   MOV         R0,R2
    00000130 662C                   EXTU.B      R2,R6
    00000132 D275                   MOV.L       L37+30,R2  ; H'0000001B+_prr0119s
    00000134 60C3                   MOV         R12,R0
    00000136 0264                   MOV.B       R6,@(R0,R2)
    00000138 7E02                   ADD         #2,R14
    0000013A 64E3                   MOV         R14,R4
    0000013C D36C                   MOV.L       L37+6,R3   ; _htoc
    0000013E 430B                   JSR         @R3
    00000140 0009                   NOP
    00000142 6203                   MOV         R0,R2
    00000144 662C                   EXTU.B      R2,R6
    00000146 D271                   MOV.L       L37+34,R2  ; H'0000001F+_prr0119s
    00000148 60C3                   MOV         R12,R0
    0000014A 0264                   MOV.B       R6,@(R0,R2)
    0000014C 7E02                   ADD         #2,R14
    0000014E 64E3                   MOV         R14,R4
    00000150 D367                   MOV.L       L37+6,R3   ; _htoc
    00000152 430B                   JSR         @R3
    00000154 0009                   NOP
    00000156 6203                   MOV         R0,R2
    00000158 662C                   EXTU.B      R2,R6
    0000015A D26D                   MOV.L       L37+38,R2  ; H'00000023+_prr0119s
    0000015C 60C3                   MOV         R12,R0
    0000015E 0264                   MOV.B       R6,@(R0,R2)
    00000160 7E02                   ADD         #2,R14
    00000162 64E3                   MOV         R14,R4
    00000164 D362                   MOV.L       L37+6,R3   ; _htoc
    00000166 430B                   JSR         @R3
    00000168 0009                   NOP
    0000016A 6603                   MOV         R0,R6
    0000016C 626C                   EXTU.B      R6,R2
    0000016E D669                   MOV.L       L37+42,R6  ; H'00000027+_prr0119s
    00000170 60C3                   MOV         R12,R0
    00000172 0624                   MOV.B       R2,@(R0,R6)
    00000174 7E02                   ADD         #2,R14
    00000176 64E3                   MOV         R14,R4
    00000178 D35D                   MOV.L       L37+6,R3   ; _htoc
    0000017A 430B                   JSR         @R3
    0000017C 0009                   NOP
    0000017E 6603                   MOV         R0,R6
    00000180 626C                   EXTU.B      R6,R2
    00000182 D665                   MOV.L       L37+46,R6  ; H'0000002B+_prr0119s
    00000184 60C3                   MOV         R12,R0
    00000186 0624                   MOV.B       R2,@(R0,R6)
    00000188 7E02                   ADD         #2,R14
    0000018A 64E3                   MOV         R14,R4
    0000018C D358                   MOV.L       L37+6,R3   ; _htoc
    0000018E 430B                   JSR         @R3
    00000190 0009                   NOP
    00000192 6603                   MOV         R0,R6
    00000194 626C                   EXTU.B      R6,R2
    00000196 D661                   MOV.L       L37+50,R6  ; H'0000002F+_prr0119s
    00000198 60C3                   MOV         R12,R0
    0000019A 0624                   MOV.B       R2,@(R0,R6)
    0000019C 7E02                   ADD         #2,R14
    0000019E 64E3                   MOV         R14,R4
    000001A0 D353                   MOV.L       L37+6,R3   ; _htoc
    000001A2 430B                   JSR         @R3
    000001A4 0009                   NOP
    000001A6 6603                   MOV         R0,R6
    000001A8 626C                   EXTU.B      R6,R2
    000001AA D65D                   MOV.L       L37+54,R6  ; H'00000033+_prr0119s
    000001AC 60C3                   MOV         R12,R0
    000001AE 0624                   MOV.B       R2,@(R0,R6)
    000001B0 7E02                   ADD         #2,R14
    000001B2 64E3                   MOV         R14,R4
    000001B4 D34E                   MOV.L       L37+6,R3   ; _htoc
    000001B6 430B                   JSR         @R3
    000001B8 0009                   NOP
    000001BA 6203                   MOV         R0,R2
    000001BC 662C                   EXTU.B      R2,R6
    000001BE D259                   MOV.L       L37+58,R2  ; H'00000037+_prr0119s
    000001C0 60C3                   MOV         R12,R0
    000001C2 0264                   MOV.B       R6,@(R0,R2)
    000001C4 7E02                   ADD         #2,R14
    000001C6 64E3                   MOV         R14,R4
    000001C8 D349                   MOV.L       L37+6,R3   ; _htoc
    000001CA 430B                   JSR         @R3
    000001CC 0009                   NOP
    000001CE 6603                   MOV         R0,R6
    000001D0 626C                   EXTU.B      R6,R2
    000001D2 D655                   MOV.L       L37+62,R6  ; H'0000003B+_prr0119s
    000001D4 60C3                   MOV         R12,R0
    000001D6 0624                   MOV.B       R2,@(R0,R6)
    000001D8 7E02                   ADD         #2,R14
    000001DA 64E3                   MOV         R14,R4
    000001DC D344                   MOV.L       L37+6,R3   ; _htoc
    000001DE 430B                   JSR         @R3
    000001E0 0009                   NOP
    000001E2 6603                   MOV         R0,R6
    000001E4 626C                   EXTU.B      R6,R2
    000001E6 D651                   MOV.L       L37+66,R6  ; H'0000003F+_prr0119s
    000001E8 60C3                   MOV         R12,R0
    000001EA 0624                   MOV.B       R2,@(R0,R6)
    000001EC 7E02                   ADD         #2,R14
    000001EE 64E3                   MOV         R14,R4
    000001F0 D33F                   MOV.L       L37+6,R3   ; _htoc
    000001F2 430B                   JSR         @R3
    000001F4 0009                   NOP
    000001F6 6203                   MOV         R0,R2
    000001F8 662C                   EXTU.B      R2,R6
    000001FA D24D                   MOV.L       L37+70,R2  ; H'00000043+_prr0119s
    000001FC 60C3                   MOV         R12,R0
    000001FE 0264                   MOV.B       R6,@(R0,R2)
    00000200 7E02                   ADD         #2,R14
    00000202 64E3                   MOV         R14,R4
    00000204 D33A                   MOV.L       L37+6,R3   ; _htoc
    00000206 430B                   JSR         @R3
    00000208 0009                   NOP
    0000020A 6603                   MOV         R0,R6
    0000020C 626C                   EXTU.B      R6,R2
    0000020E D649                   MOV.L       L37+74,R6  ; H'00000047+_prr0119s
    00000210 60C3                   MOV         R12,R0
    00000212 0624                   MOV.B       R2,@(R0,R6)
    00000214 7E02                   ADD         #2,R14
    00000216 64E3                   MOV         R14,R4
    00000218 D335                   MOV.L       L37+6,R3   ; _htoc
    0000021A 430B                   JSR         @R3
    0000021C 0009                   NOP
    0000021E 6603                   MOV         R0,R6
    00000220 626C                   EXTU.B      R6,R2
    00000222 D645                   MOV.L       L37+78,R6  ; H'0000004B+_prr0119s
    00000224 60C3                   MOV         R12,R0
    00000226 0624                   MOV.B       R2,@(R0,R6)
    00000228 7E02                   ADD         #2,R14
    0000022A 64E3                   MOV         R14,R4
    0000022C D330                   MOV.L       L37+6,R3   ; _htoc
    0000022E 430B                   JSR         @R3
    00000230 0009                   NOP
    00000232 6203                   MOV         R0,R2
    00000234 662C                   EXTU.B      R2,R6
    00000236 D241                   MOV.L       L37+82,R2  ; H'0000004F+_prr0119s
    00000238 60C3                   MOV         R12,R0
    0000023A 0264                   MOV.B       R6,@(R0,R2)
    0000023C 7E02                   ADD         #2,R14
    0000023E 64E3                   MOV         R14,R4
    00000240 D32B                   MOV.L       L37+6,R3   ; _htoc
    00000242 430B                   JSR         @R3
    00000244 0009                   NOP
    00000246 6603                   MOV         R0,R6
    00000248 626C                   EXTU.B      R6,R2
    0000024A D63D                   MOV.L       L37+86,R6  ; H'00000053+_prr0119s
    0000024C 60C3                   MOV         R12,R0
    0000024E 0624                   MOV.B       R2,@(R0,R6)
    00000250 7E02                   ADD         #2,R14
    00000252 64E3                   MOV         R14,R4
    00000254 D326                   MOV.L       L37+6,R3   ; _htoc
    00000256 430B                   JSR         @R3
    00000258 0009                   NOP
    0000025A 6603                   MOV         R0,R6
    0000025C 626C                   EXTU.B      R6,R2
    0000025E D639                   MOV.L       L37+90,R6  ; H'00000057+_prr0119s
    00000260 60C3                   MOV         R12,R0
    00000262 0624                   MOV.B       R2,@(R0,R6)
    00000264 7E02                   ADD         #2,R14
    00000266 64E3                   MOV         R14,R4
    00000268 D321                   MOV.L       L37+6,R3   ; _htoc
    0000026A 430B                   JSR         @R3
    0000026C 0009                   NOP
    0000026E 6203                   MOV         R0,R2
    00000270 662C                   EXTU.B      R2,R6
    00000272 D235                   MOV.L       L37+94,R2  ; H'0000005B+_prr0119s
    00000274 60C3                   MOV         R12,R0
    00000276 0264                   MOV.B       R6,@(R0,R2)
    00000278 7E02                   ADD         #2,R14
    0000027A 66E0                   MOV.B       @R14,R6
    0000027C 626C                   EXTU.B      R6,R2
    0000027E 622C                   EXTU.B      R2,R2
    00000280 E339                   MOV         #57,R3     ; H'00000039
    00000282 3237                   CMP/GT      R3,R2
    00000284 8B06                   BF          L27
    00000286 62E0                   MOV.B       @R14,R2
    00000288 662C                   EXTU.B      R2,R6
    0000028A 666C                   EXTU.B      R6,R6
    0000028C 6263                   MOV         R6,R2
    0000028E 72C9                   ADD         #-55,R2
    00000290 A005                   BRA         L28
    00000292 0009                   NOP
    00000294              L27:
    00000294 62E0                   MOV.B       @R14,R2
    00000296 662C                   EXTU.B      R2,R6
    00000298 666C                   EXTU.B      R6,R6
    0000029A 6263                   MOV         R6,R2
    0000029C 72D0                   ADD         #-48,R2
    0000029E              L28:
    0000029E D42B                   MOV.L       L37+98,R4  ; H'0000005F+_prr0119s
    000002A0 65C3                   MOV         R12,R5
    000002A2 E819                   MOV         #25,R8     ; H'00000019
    000002A4 0857                   MUL.L       R5,R8
    000002A6 061A                   STS         MACL,R6
    000002A8 461A                   LDS         R6,MACL
    000002AA 051A                   STS         MACL,R5
    000002AC 6053                   MOV         R5,R0
    000002AE 0424                   MOV.B       R2,@(R0,R4)
    000002B0 7E01                   ADD         #1,R14
    000002B2 EB00                   MOV         #0,R11     ; H'00000000
    000002B4 D525                   MOV.L       L37+98,R5  ; H'0000005F+_prr0119s
    000002B6 62C3                   MOV         R12,R2
    000002B8 0827                   MUL.L       R2,R8
    000002BA 061A                   STS         MACL,R6
    000002BC 461A                   LDS         R6,MACL
    000002BE 021A                   STS         MACL,R2
    000002C0 6023                   MOV         R2,R0
    000002C2 065C                   MOV.B       @(R0,R5),R6
    000002C4 626C                   EXTU.B      R6,R2
    000002C6 622C                   EXTU.B      R2,R2
    000002C8 3B23                   CMP/GE      R2,R11
    000002CA 8B01                   BF          L40
    000002CC A0A1                   BRA         L29
    000002CE 0009                   NOP
    000002D0              L40:
    000002D0              L30:
    000002D0 62E0                   MOV.B       @R14,R2
    000002D2 662C                   EXTU.B      R2,R6
    000002D4 666C                   EXTU.B      R6,R6
    000002D6 E339                   MOV         #57,R3     ; H'00000039
    000002D8 3637                   CMP/GT      R3,R6
    000002DA 8B39                   BF          L32
    000002DC 62E0                   MOV.B       @R14,R2
    000002DE 662C                   EXTU.B      R2,R6
    000002E0 666C                   EXTU.B      R6,R6
    000002E2 6263                   MOV         R6,R2
    000002E4 72C9                   ADD         #-55,R2
    000002E6 A038                   BRA         L33
    000002E8 0009                   NOP
    000002EA              L37:
    000002EA 00000002               .RES.W      1
    000002EC <00000000>             .DATA.L     _prr0119s
    000002F0 <00000000>             .DATA.L     _htoc
    000002F4 <00000001>             .DATA.L     H'00000001+_prr0119s
    000002F8 <00000009>             .DATA.L     H'00000009+_prr0119s
    000002FC <00000011>             .DATA.L     H'00000011+_prr0119s
    00000300 <00000012>             .DATA.L     H'00000012+_prr0119s
    00000304 <0000001A>             .DATA.L     H'0000001A+_prr0119s
    00000308 <0000001B>             .DATA.L     H'0000001B+_prr0119s
    0000030C <0000001F>             .DATA.L     H'0000001F+_prr0119s
    00000310 <00000023>             .DATA.L     H'00000023+_prr0119s
    00000314 <00000027>             .DATA.L     H'00000027+_prr0119s
    00000318 <0000002B>             .DATA.L     H'0000002B+_prr0119s
    0000031C <0000002F>             .DATA.L     H'0000002F+_prr0119s
    00000320 <00000033>             .DATA.L     H'00000033+_prr0119s
    00000324 <00000037>             .DATA.L     H'00000037+_prr0119s
    00000328 <0000003B>             .DATA.L     H'0000003B+_prr0119s
    0000032C <0000003F>             .DATA.L     H'0000003F+_prr0119s
    00000330 <00000043>             .DATA.L     H'00000043+_prr0119s
    00000334 <00000047>             .DATA.L     H'00000047+_prr0119s
    00000338 <0000004B>             .DATA.L     H'0000004B+_prr0119s
    0000033C <0000004F>             .DATA.L     H'0000004F+_prr0119s
    00000340 <00000053>             .DATA.L     H'00000053+_prr0119s
    00000344 <00000057>             .DATA.L     H'00000057+_prr0119s
    00000348 <0000005B>             .DATA.L     H'0000005B+_prr0119s
    0000034C <0000005F>             .DATA.L     H'0000005F+_prr0119s
    00000350              L32:
    00000350 62E0                   MOV.B       @R14,R2
    00000352 662C                   EXTU.B      R2,R6
    00000354 666C                   EXTU.B      R6,R6
    00000356 6263                   MOV         R6,R2
    00000358 72D0                   ADD         #-48,R2
    0000035A              L33:
    0000035A D439                   MOV.L       L38,R4     ; H'0000005F+_prr0119s
    0000035C 7401                   ADD         #1,R4
    0000035E 65C3                   MOV         R12,R5
    00000360 E919                   MOV         #25,R9     ; H'00000019
    00000362 0957                   MUL.L       R5,R9
    00000364 061A                   STS         MACL,R6
    00000366 461A                   LDS         R6,MACL
    00000368 051A                   STS         MACL,R5
    0000036A 66B3                   MOV         R11,R6
    0000036C 6763                   MOV         R6,R7
    0000036E 4608                   SHLL2       R6
    00000370 3678                   SUB         R7,R6
    00000372 356C                   ADD         R6,R5
    00000374 6053                   MOV         R5,R0
    00000376 0424                   MOV.B       R2,@(R0,R4)
    00000378 7E01                   ADD         #1,R14
    0000037A ED00                   MOV         #0,R13     ; H'00000000
    0000037C D530                   MOV.L       L38,R5     ; H'0000005F+_prr0119s
    0000037E 7501                   ADD         #1,R5
    00000380 62C3                   MOV         R12,R2
    00000382 0927                   MUL.L       R2,R9
    00000384 061A                   STS         MACL,R6
    00000386 461A                   LDS         R6,MACL
    00000388 041A                   STS         MACL,R4
    0000038A 62B3                   MOV         R11,R2
    0000038C 6623                   MOV         R2,R6
    0000038E 4208                   SHLL2       R2
    00000390 3268                   SUB         R6,R2
    00000392 342C                   ADD         R2,R4
    00000394 6043                   MOV         R4,R0
    00000396 065C                   MOV.B       @(R0,R5),R6
    00000398 626C                   EXTU.B      R6,R2
    0000039A 622C                   EXTU.B      R2,R2
    0000039C 3D23                   CMP/GE      R2,R13
    0000039E 8929                   BT          L34
    000003A0              L35:
    000003A0 64E3                   MOV         R14,R4
    000003A2 D328                   MOV.L       L38+4,R3   ; _htoc
    000003A4 430B                   JSR         @R3
    000003A6 0009                   NOP
    000003A8 6203                   MOV         R0,R2
    000003AA 642C                   EXTU.B      R2,R4
    000003AC D524                   MOV.L       L38,R5     ; H'0000005F+_prr0119s
    000003AE 7502                   ADD         #2,R5
    000003B0 62C3                   MOV         R12,R2
    000003B2 EA19                   MOV         #25,R10    ; H'00000019
    000003B4 0A27                   MUL.L       R2,R10
    000003B6 061A                   STS         MACL,R6
    000003B8 461A                   LDS         R6,MACL
    000003BA 021A                   STS         MACL,R2
    000003BC 66B3                   MOV         R11,R6
    000003BE 6763                   MOV         R6,R7
    000003C0 4608                   SHLL2       R6
    000003C2 3678                   SUB         R7,R6
    000003C4 326C                   ADD         R6,R2
    000003C6 32DC                   ADD         R13,R2
    000003C8 6023                   MOV         R2,R0
    000003CA 0544                   MOV.B       R4,@(R0,R5)
    000003CC 7E02                   ADD         #2,R14
    000003CE 7D01                   ADD         #1,R13
    000003D0 D21B                   MOV.L       L38,R2     ; H'0000005F+_prr0119s
    000003D2 7201                   ADD         #1,R2
    000003D4 65C3                   MOV         R12,R5
    000003D6 0A57                   MUL.L       R5,R10
    000003D8 061A                   STS         MACL,R6
    000003DA 461A                   LDS         R6,MACL
    000003DC 051A                   STS         MACL,R5
    000003DE 66B3                   MOV         R11,R6
    000003E0 6463                   MOV         R6,R4
    000003E2 4608                   SHLL2       R6
    000003E4 3648                   SUB         R4,R6
    000003E6 356C                   ADD         R6,R5
    000003E8 6053                   MOV         R5,R0
    000003EA 062C                   MOV.B       @(R0,R2),R6
    000003EC 626C                   EXTU.B      R6,R2
    000003EE 622C                   EXTU.B      R2,R2
    000003F0 3D23                   CMP/GE      R2,R13
    000003F2 8BD5                   BF          L35
    000003F4              L34:
    000003F4 7B01                   ADD         #1,R11
    000003F6 D412                   MOV.L       L38,R4     ; H'0000005F+_prr0119s
    000003F8 E319                   MOV         #25,R3     ; H'00000019
    000003FA 03C7                   MUL.L       R12,R3
    000003FC 061A                   STS         MACL,R6
    000003FE 461A                   LDS         R6,MACL
    00000400 051A                   STS         MACL,R5
    00000402 6053                   MOV         R5,R0
    00000404 024C                   MOV.B       @(R0,R4),R2
    00000406 662C                   EXTU.B      R2,R6
    00000408 666C                   EXTU.B      R6,R6
    0000040A 3B63                   CMP/GE      R6,R11
    0000040C 8901                   BT          L41
    0000040E AF5F                   BRA         L30
    00000410 0009                   NOP
    00000412              L41:
    00000412              L29:
    00000412 7C01                   ADD         #1,R12
    00000414 D30C                   MOV.L       L38+8,R3   ; H'0000001A+_prr0119s
    00000416 6330                   MOV.B       @R3,R3
    00000418 633C                   EXTU.B      R3,R3
    0000041A 6233                   MOV         R3,R2
    0000041C 3C23                   CMP/GE      R2,R12
    0000041E 8901                   BT          L42
    00000420 AE81                   BRA         L25
    00000422 0009                   NOP
    00000424              L42:
    00000424              L24:
    00000424 E200                   MOV         #0,R2      ; H'00000000
    00000426 6023                   MOV         R2,R0
    00000428 7F10                   ADD         #16,R15
    0000042A 4F16                   LDS.L       @R15+,MACL
    0000042C 4F26                   LDS.L       @R15+,PR
    0000042E 6EF6                   MOV.L       @R15+,R14
    00000430 6DF6                   MOV.L       @R15+,R13
    00000432 6CF6                   MOV.L       @R15+,R12
    00000434 6BF6                   MOV.L       @R15+,R11
    00000436 6AF6                   MOV.L       @R15+,R10
    00000438 69F6                   MOV.L       @R15+,R9
    0000043A 68F6                   MOV.L       @R15+,R8
    0000043C 000B                   RTS
    0000043E 0009                   NOP
    00000440              L38:
    00000440 <0000005F>             .DATA.L     H'0000005F+_prr0119s
    00000444 <00000000>             .DATA.L     _htoc
    00000448 <0000001A>             .DATA.L     H'0000001A+_prr0119s
B   00000000              _prr0119s:                       ; static: prr0119s
    00000000 00000001               .RES.B      195
SH SERIES C/C++ Compiler (Ver. checker(2003.03.17))                                              16-Nov-2009 12:33:58  PAGE    1


******** STATISTICS INFORMATION ********


********** ERROR INFORMATION ***********

NUMBER OF ERRORS:           0
NUMBER OF WARNINGS:         0
NUMBER OF INFORMATIONS:     0



******* SOURCE LINE INFORMATION ********

COMPILED SOURCE LINE:      113



******* SECTION SIZE INFORMATION *******

PROGRAM  SECTION (P):                               0000044C Byte(s)
CONSTANT SECTION (C):                               00000000 Byte(s)
DATA     SECTION (D):                               00000000 Byte(s)
BSS      SECTION (B):                               000000C3 Byte(s)

TOTAL PROGRAM  SECTION: 0000044C Byte(s)
TOTAL CONSTANT SECTION: 00000000 Byte(s)
TOTAL DATA     SECTION: 00000000 Byte(s)
TOTAL BSS      SECTION: 000000C3 Byte(s)

    TOTAL PROGRAM SIZE: 0000050F Byte(s)



********** LABEL INFORMATION ***********

NUMBER OF EXTERNAL REFERENCE SYMBOLS:            1
NUMBER OF EXTERNAL DEFINITION SYMBOLS:           2
NUMBER OF INTERNAL/EXTERNAL SYMBOLS:            29
*** COMMAND PARAMETER ***


  -cpu=sh3 -op=0 -en=big -me -debug -comment=nest -l -def=DEBUG -i=P:\PRESTO2\SHINC,C:\usr\local\SH\7_1_1\include,P:\PRESTO2\NORTI_12\inc prr0119.c 

