SH SERIES C/C++ Compiler (Ver. checker(2003.03.17))                                              16-Nov-2009 12:33:52  PAGE    1

************ OBJECT LISTING ************

FILE NAME: prr0103.c

SCT OFFSET   CODE       C LABEL     INSTRUCTION OPERAND    COMMENT

P   00000000              _pr_scan_logic_parm:             ; function: pr_scan_logic_parm
                                                           ; frame size=8
    00000000 2FE6                   MOV.L       R14,@-R15
    00000002 4F22                   STS.L       PR,@-R15
    00000004 6E43                   MOV         R4,R14
    00000006 64E3                   MOV         R14,R4
    00000008 7405                   ADD         #5,R4
    0000000A D312                   MOV.L       L15,R3     ; _htoi
    0000000C 430B                   JSR         @R3
    0000000E 0009                   NOP
    00000010 6203                   MOV         R0,R2
    00000012 632D                   EXTU.W      R2,R3
    00000014 D110                   MOV.L       L15+4,R1   ; _prr0103s
    00000016 2131                   MOV.W       R3,@R1
    00000018 84E9                   MOV.B       @(9,R14),R0
    0000001A 6603                   MOV         R0,R6
    0000001C 626C                   EXTU.B      R6,R2
    0000001E 622C                   EXTU.B      R2,R2
    00000020 E339                   MOV         #57,R3     ; H'00000039
    00000022 3237                   CMP/GT      R3,R2
    00000024 8B07                   BF          L12
    00000026 84E9                   MOV.B       @(9,R14),R0
    00000028 6203                   MOV         R0,R2
    0000002A 662C                   EXTU.B      R2,R6
    0000002C 666C                   EXTU.B      R6,R6
    0000002E 6263                   MOV         R6,R2
    00000030 72C9                   ADD         #-55,R2
    00000032 A006                   BRA         L13
    00000034 0009                   NOP
    00000036              L12:
    00000036 84E9                   MOV.B       @(9,R14),R0
    00000038 6203                   MOV         R0,R2
    0000003A 662C                   EXTU.B      R2,R6
    0000003C 666C                   EXTU.B      R6,R6
    0000003E 6263                   MOV         R6,R2
    00000040 72D0                   ADD         #-48,R2
    00000042              L13:
    00000042 6323                   MOV         R2,R3
    00000044 D105                   MOV.L       L15+8,R1   ; H'00000002+_prr0103s
    00000046 2130                   MOV.B       R3,@R1
    00000048 E200                   MOV         #0,R2      ; H'00000000
    0000004A 6023                   MOV         R2,R0
    0000004C 4F26                   LDS.L       @R15+,PR
    0000004E 6EF6                   MOV.L       @R15+,R14
    00000050 000B                   RTS
    00000052 0009                   NOP
    00000054              L15:
    00000054 <00000000>             .DATA.L     _htoi
    00000058 <00000000>             .DATA.L     _prr0103s
    0000005C <00000002>             .DATA.L     H'00000002+_prr0103s
B   00000000              _prr0103s:                       ; static: prr0103s
    00000000 00000002               .RES.W      2
SH SERIES C/C++ Compiler (Ver. checker(2003.03.17))                                              16-Nov-2009 12:33:52  PAGE    1


******** STATISTICS INFORMATION ********


********** ERROR INFORMATION ***********

NUMBER OF ERRORS:           0
NUMBER OF WARNINGS:         0
NUMBER OF INFORMATIONS:     0



******* SOURCE LINE INFORMATION ********

COMPILED SOURCE LINE:       53



******* SECTION SIZE INFORMATION *******

PROGRAM  SECTION (P):                               00000060 Byte(s)
CONSTANT SECTION (C):                               00000000 Byte(s)
DATA     SECTION (D):                               00000000 Byte(s)
BSS      SECTION (B):                               00000004 Byte(s)

TOTAL PROGRAM  SECTION: 00000060 Byte(s)
TOTAL CONSTANT SECTION: 00000000 Byte(s)
TOTAL DATA     SECTION: 00000000 Byte(s)
TOTAL BSS      SECTION: 00000004 Byte(s)

    TOTAL PROGRAM SIZE: 00000064 Byte(s)



********** LABEL INFORMATION ***********

NUMBER OF EXTERNAL REFERENCE SYMBOLS:            1
NUMBER OF EXTERNAL DEFINITION SYMBOLS:           2
NUMBER OF INTERNAL/EXTERNAL SYMBOLS:             6
*** COMMAND PARAMETER ***


  -cpu=sh3 -op=0 -en=big -me -debug -comment=nest -l -def=DEBUG -i=P:\PRESTO2\SHINC,C:\usr\local\SH\7_1_1\include,P:\PRESTO2\NORTI_12\inc prr0103.c 

