SH SERIES C/C++ Compiler (Ver. checker(2003.03.17))                                              16-Nov-2009 12:33:27  PAGE    1

************ OBJECT LISTING ************

FILE NAME: prr0009.c

SCT OFFSET   CODE       C LABEL     INSTRUCTION OPERAND    COMMENT

P   00000000              _pr_scan_wei_spec:               ; function: pr_scan_wei_spec
                                                           ; frame size=48
    00000000 2F86                   MOV.L       R8,@-R15
    00000002 2F96                   MOV.L       R9,@-R15
    00000004 2FA6                   MOV.L       R10,@-R15
    00000006 2FB6                   MOV.L       R11,@-R15
    00000008 2FC6                   MOV.L       R12,@-R15
    0000000A 2FD6                   MOV.L       R13,@-R15
    0000000C 2FE6                   MOV.L       R14,@-R15
    0000000E 4F22                   STS.L       PR,@-R15
    00000010 4F12                   STS.L       MACL,@-R15
    00000012 7FF4                   ADD         #-12,R15
    00000014 8445                   MOV.B       @(5,R4),R0
    00000016 6603                   MOV         R0,R6
    00000018 626C                   EXTU.B      R6,R2
    0000001A 622C                   EXTU.B      R2,R2
    0000001C E339                   MOV         #57,R3     ; H'00000039
    0000001E 3237                   CMP/GT      R3,R2
    00000020 8B06                   BF          L12
    00000022 8445                   MOV.B       @(5,R4),R0
    00000024 6203                   MOV         R0,R2
    00000026 662C                   EXTU.B      R2,R6
    00000028 666C                   EXTU.B      R6,R6
    0000002A 76C9                   ADD         #-55,R6
    0000002C A005                   BRA         L13
    0000002E 0009                   NOP
    00000030              L12:
    00000030 8445                   MOV.B       @(5,R4),R0
    00000032 6203                   MOV         R0,R2
    00000034 662C                   EXTU.B      R2,R6
    00000036 666C                   EXTU.B      R6,R6
    00000038 76D0                   ADD         #-48,R6
    0000003A              L13:
    0000003A 6563                   MOV         R6,R5
    0000003C 6353                   MOV         R5,R3
    0000003E D186                   MOV.L       L50+2,R1   ; _prr0009s
    00000040 2130                   MOV.B       R3,@R1
    00000042 6E43                   MOV         R4,R14
    00000044 7E06                   ADD         #6,R14
    00000046 EC00                   MOV         #0,R12     ; H'00000000
    00000048 D383                   MOV.L       L50+2,R3   ; _prr0009s
    0000004A 6330                   MOV.B       @R3,R3
    0000004C 633C                   EXTU.B      R3,R3
    0000004E 6633                   MOV         R3,R6
    00000050 3C63                   CMP/GE      R6,R12
    00000052 8B01                   BF          L52
    00000054 A1C3                   BRA         L14
    00000056 0009                   NOP
    00000058              L52:
    00000058              L15:
    00000058 64E3                   MOV         R14,R4
    0000005A D380                   MOV.L       L50+6,R3   ; _htoc
    0000005C 430B                   JSR         @R3
    0000005E 0009                   NOP
    00000060 6203                   MOV         R0,R2
    00000062 652C                   EXTU.B      R2,R5
    00000064 D47E                   MOV.L       L50+10,R4  ; H'00000004+_prr0009s
    00000066 66C3                   MOV         R12,R6
    00000068 E858                   MOV         #88,R8     ; H'00000058
    0000006A 0867                   MUL.L       R6,R8
    0000006C 021A                   STS         MACL,R2
    0000006E 421A                   LDS         R2,MACL
    00000070 061A                   STS         MACL,R6
    00000072 6063                   MOV         R6,R0
    00000074 0454                   MOV.B       R5,@(R0,R4)
    00000076 7E02                   ADD         #2,R14
    00000078 64E3                   MOV         R14,R4
    0000007A D37A                   MOV.L       L50+14,R3  ; _htoi
    0000007C 430B                   JSR         @R3
    0000007E 0009                   NOP
    00000080 6203                   MOV         R0,R2
    00000082 652D                   EXTU.W      R2,R5
    00000084 D676                   MOV.L       L50+10,R6  ; H'00000004+_prr0009s
    00000086 7602                   ADD         #2,R6
    00000088 64C3                   MOV         R12,R4
    0000008A 0847                   MUL.L       R4,R8
    0000008C 021A                   STS         MACL,R2
    0000008E 421A                   LDS         R2,MACL
    00000090 041A                   STS         MACL,R4
    00000092 6043                   MOV         R4,R0
    00000094 0655                   MOV.W       R5,@(R0,R6)
    00000096 7E04                   ADD         #4,R14
    00000098 66E0                   MOV.B       @R14,R6
    0000009A 626C                   EXTU.B      R6,R2
    0000009C 622C                   EXTU.B      R2,R2
    0000009E E339                   MOV         #57,R3     ; H'00000039
    000000A0 3237                   CMP/GT      R3,R2
    000000A2 8B05                   BF          L17
    000000A4 62E0                   MOV.B       @R14,R2
    000000A6 662C                   EXTU.B      R2,R6
    000000A8 666C                   EXTU.B      R6,R6
    000000AA 76C9                   ADD         #-55,R6
    000000AC A004                   BRA         L18
    000000AE 0009                   NOP
    000000B0              L17:
    000000B0 62E0                   MOV.B       @R14,R2
    000000B2 662C                   EXTU.B      R2,R6
    000000B4 666C                   EXTU.B      R6,R6
    000000B6 76D0                   ADD         #-48,R6
    000000B8              L18:
    000000B8 6563                   MOV         R6,R5
    000000BA D669                   MOV.L       L50+10,R6  ; H'00000004+_prr0009s
    000000BC 7604                   ADD         #4,R6
    000000BE 64C3                   MOV         R12,R4
    000000C0 E358                   MOV         #88,R3     ; H'00000058
    000000C2 0347                   MUL.L       R4,R3
    000000C4 021A                   STS         MACL,R2
    000000C6 421A                   LDS         R2,MACL
    000000C8 041A                   STS         MACL,R4
    000000CA 6043                   MOV         R4,R0
    000000CC 0654                   MOV.B       R5,@(R0,R6)
    000000CE 7E01                   ADD         #1,R14
    000000D0 62E0                   MOV.B       @R14,R2
    000000D2 662C                   EXTU.B      R2,R6
    000000D4 666C                   EXTU.B      R6,R6
    000000D6 E339                   MOV         #57,R3     ; H'00000039
    000000D8 3637                   CMP/GT      R3,R6
    000000DA 8B06                   BF          L20
    000000DC 66E0                   MOV.B       @R14,R6
    000000DE 626C                   EXTU.B      R6,R2
    000000E0 622C                   EXTU.B      R2,R2
    000000E2 6623                   MOV         R2,R6
    000000E4 76C9                   ADD         #-55,R6
    000000E6 A005                   BRA         L21
    000000E8 0009                   NOP
    000000EA              L20:
    000000EA 62E0                   MOV.B       @R14,R2
    000000EC 652C                   EXTU.B      R2,R5
    000000EE 655C                   EXTU.B      R5,R5
    000000F0 6653                   MOV         R5,R6
    000000F2 76D0                   ADD         #-48,R6
    000000F4              L21:
    000000F4 6563                   MOV         R6,R5
    000000F6 655C                   EXTU.B      R5,R5
    000000F8 D659                   MOV.L       L50+10,R6  ; H'00000004+_prr0009s
    000000FA 7608                   ADD         #8,R6
    000000FC 64C3                   MOV         R12,R4
    000000FE EA58                   MOV         #88,R10    ; H'00000058
    00000100 0A47                   MUL.L       R4,R10
    00000102 021A                   STS         MACL,R2
    00000104 421A                   LDS         R2,MACL
    00000106 041A                   STS         MACL,R4
    00000108 6043                   MOV         R4,R0
    0000010A 0656                   MOV.L       R5,@(R0,R6)
    0000010C 7E01                   ADD         #1,R14
    0000010E 64E3                   MOV         R14,R4
    00000110 D352                   MOV.L       L50+6,R3   ; _htoc
    00000112 430B                   JSR         @R3
    00000114 0009                   NOP
    00000116 6203                   MOV         R0,R2
    00000118 652C                   EXTU.B      R2,R5
    0000011A D651                   MOV.L       L50+10,R6  ; H'00000004+_prr0009s
    0000011C 760C                   ADD         #12,R6
    0000011E 64C3                   MOV         R12,R4
    00000120 0A47                   MUL.L       R4,R10
    00000122 021A                   STS         MACL,R2
    00000124 421A                   LDS         R2,MACL
    00000126 041A                   STS         MACL,R4
    00000128 6043                   MOV         R4,R0
    0000012A 0654                   MOV.B       R5,@(R0,R6)
    0000012C 7E02                   ADD         #2,R14
    0000012E 64E3                   MOV         R14,R4
    00000130 D34A                   MOV.L       L50+6,R3   ; _htoc
    00000132 430B                   JSR         @R3
    00000134 0009                   NOP
    00000136 6203                   MOV         R0,R2
    00000138 652C                   EXTU.B      R2,R5
    0000013A D649                   MOV.L       L50+10,R6  ; H'00000004+_prr0009s
    0000013C 760D                   ADD         #13,R6
    0000013E 64C3                   MOV         R12,R4
    00000140 0A47                   MUL.L       R4,R10
    00000142 021A                   STS         MACL,R2
    00000144 421A                   LDS         R2,MACL
    00000146 041A                   STS         MACL,R4
    00000148 6043                   MOV         R4,R0
    0000014A 0654                   MOV.B       R5,@(R0,R6)
    0000014C 7E02                   ADD         #2,R14
    0000014E 62E0                   MOV.B       @R14,R2
    00000150 662C                   EXTU.B      R2,R6
    00000152 666C                   EXTU.B      R6,R6
    00000154 E339                   MOV         #57,R3     ; H'00000039
    00000156 3637                   CMP/GT      R3,R6
    00000158 8B05                   BF          L23
    0000015A 62E0                   MOV.B       @R14,R2
    0000015C 662C                   EXTU.B      R2,R6
    0000015E 666C                   EXTU.B      R6,R6
    00000160 76C9                   ADD         #-55,R6
    00000162 A004                   BRA         L24
    00000164 0009                   NOP
    00000166              L23:
    00000166 62E0                   MOV.B       @R14,R2
    00000168 662C                   EXTU.B      R2,R6
    0000016A 666C                   EXTU.B      R6,R6
    0000016C 76D0                   ADD         #-48,R6
    0000016E              L24:
    0000016E 6563                   MOV         R6,R5
    00000170 655C                   EXTU.B      R5,R5
    00000172 D63B                   MOV.L       L50+10,R6  ; H'00000004+_prr0009s
    00000174 7610                   ADD         #16,R6
    00000176 64C3                   MOV         R12,R4
    00000178 E358                   MOV         #88,R3     ; H'00000058
    0000017A 0347                   MUL.L       R4,R3
    0000017C 021A                   STS         MACL,R2
    0000017E 421A                   LDS         R2,MACL
    00000180 041A                   STS         MACL,R4
    00000182 6043                   MOV         R4,R0
    00000184 0656                   MOV.L       R5,@(R0,R6)
    00000186 7E01                   ADD         #1,R14
    00000188 62E0                   MOV.B       @R14,R2
    0000018A 662C                   EXTU.B      R2,R6
    0000018C 666C                   EXTU.B      R6,R6
    0000018E E339                   MOV         #57,R3     ; H'00000039
    00000190 3637                   CMP/GT      R3,R6
    00000192 8B06                   BF          L26
    00000194 62E0                   MOV.B       @R14,R2
    00000196 652C                   EXTU.B      R2,R5
    00000198 655C                   EXTU.B      R5,R5
    0000019A 6653                   MOV         R5,R6
    0000019C 76C9                   ADD         #-55,R6
    0000019E A005                   BRA         L27
    000001A0 0009                   NOP
    000001A2              L26:
    000001A2 66E0                   MOV.B       @R14,R6
    000001A4 626C                   EXTU.B      R6,R2
    000001A6 622C                   EXTU.B      R2,R2
    000001A8 6623                   MOV         R2,R6
    000001AA 76D0                   ADD         #-48,R6
    000001AC              L27:
    000001AC 6563                   MOV         R6,R5
    000001AE D62C                   MOV.L       L50+10,R6  ; H'00000004+_prr0009s
    000001B0 7614                   ADD         #20,R6
    000001B2 64C3                   MOV         R12,R4
    000001B4 E358                   MOV         #88,R3     ; H'00000058
    000001B6 0347                   MUL.L       R4,R3
    000001B8 021A                   STS         MACL,R2
    000001BA 421A                   LDS         R2,MACL
    000001BC 041A                   STS         MACL,R4
    000001BE 6043                   MOV         R4,R0
    000001C0 0654                   MOV.B       R5,@(R0,R6)
    000001C2 7E01                   ADD         #1,R14
    000001C4 66E0                   MOV.B       @R14,R6
    000001C6 626C                   EXTU.B      R6,R2
    000001C8 622C                   EXTU.B      R2,R2
    000001CA E339                   MOV         #57,R3     ; H'00000039
    000001CC 3237                   CMP/GT      R3,R2
    000001CE 8B05                   BF          L29
    000001D0 62E0                   MOV.B       @R14,R2
    000001D2 652C                   EXTU.B      R2,R5
    000001D4 655C                   EXTU.B      R5,R5
    000001D6 75C9                   ADD         #-55,R5
    000001D8 A005                   BRA         L30
    000001DA 0009                   NOP
    000001DC              L29:
    000001DC 66E0                   MOV.B       @R14,R6
    000001DE 626C                   EXTU.B      R6,R2
    000001E0 622C                   EXTU.B      R2,R2
    000001E2 6523                   MOV         R2,R5
    000001E4 75D0                   ADD         #-48,R5
    000001E6              L30:
    000001E6 655C                   EXTU.B      R5,R5
    000001E8 6653                   MOV         R5,R6
    000001EA D51D                   MOV.L       L50+10,R5  ; H'00000004+_prr0009s
    000001EC 7518                   ADD         #24,R5
    000001EE 64C3                   MOV         R12,R4
    000001F0 E358                   MOV         #88,R3     ; H'00000058
    000001F2 0347                   MUL.L       R4,R3
    000001F4 021A                   STS         MACL,R2
    000001F6 421A                   LDS         R2,MACL
    000001F8 041A                   STS         MACL,R4
    000001FA 6043                   MOV         R4,R0
    000001FC 0566                   MOV.L       R6,@(R0,R5)
    000001FE 7E01                   ADD         #1,R14
    00000200 66E0                   MOV.B       @R14,R6
    00000202 626C                   EXTU.B      R6,R2
    00000204 622C                   EXTU.B      R2,R2
    00000206 E339                   MOV         #57,R3     ; H'00000039
    00000208 3237                   CMP/GT      R3,R2
    0000020A 8B06                   BF          L32
    0000020C 66E0                   MOV.B       @R14,R6
    0000020E 626C                   EXTU.B      R6,R2
    00000210 622C                   EXTU.B      R2,R2
    00000212 6523                   MOV         R2,R5
    00000214 75C9                   ADD         #-55,R5
    00000216 A005                   BRA         L33
    00000218 0009                   NOP
    0000021A              L32:
    0000021A 66E0                   MOV.B       @R14,R6
    0000021C 626C                   EXTU.B      R6,R2
    0000021E 622C                   EXTU.B      R2,R2
    00000220 6523                   MOV         R2,R5
    00000222 75D0                   ADD         #-48,R5
    00000224              L33:
    00000224 655C                   EXTU.B      R5,R5
    00000226 6653                   MOV         R5,R6
    00000228 D50D                   MOV.L       L50+10,R5  ; H'00000004+_prr0009s
    0000022A 751C                   ADD         #28,R5
    0000022C 64C3                   MOV         R12,R4
    0000022E E358                   MOV         #88,R3     ; H'00000058
    00000230 0347                   MUL.L       R4,R3
    00000232 021A                   STS         MACL,R2
    00000234 421A                   LDS         R2,MACL
    00000236 041A                   STS         MACL,R4
    00000238 6043                   MOV         R4,R0
    0000023A 0566                   MOV.L       R6,@(R0,R5)
    0000023C 7E01                   ADD         #1,R14
    0000023E 62E0                   MOV.B       @R14,R2
    00000240 662C                   EXTU.B      R2,R6
    00000242 666C                   EXTU.B      R6,R6
    00000244 E339                   MOV         #57,R3     ; H'00000039
    00000246 3637                   CMP/GT      R3,R6
    00000248 8B0E                   BF          L35
    0000024A 62E0                   MOV.B       @R14,R2
    0000024C 652C                   EXTU.B      R2,R5
    0000024E 655C                   EXTU.B      R5,R5
    00000250 75C9                   ADD         #-55,R5
    00000252 A00E                   BRA         L36
    00000254 0009                   NOP
    00000256              L50:
    00000256 00000002               .RES.W      1
    00000258 <00000000>             .DATA.L     _prr0009s
    0000025C <00000000>             .DATA.L     _htoc
    00000260 <00000004>             .DATA.L     H'00000004+_prr0009s
    00000264 <00000000>             .DATA.L     _htoi
    00000268              L35:
    00000268 66E0                   MOV.B       @R14,R6
    0000026A 626C                   EXTU.B      R6,R2
    0000026C 622C                   EXTU.B      R2,R2
    0000026E 6523                   MOV         R2,R5
    00000270 75D0                   ADD         #-48,R5
    00000272              L36:
    00000272 D6B5                   MOV.L       L51+2,R6   ; H'00000004+_prr0009s
    00000274 7620                   ADD         #32,R6
    00000276 64C3                   MOV         R12,R4
    00000278 E358                   MOV         #88,R3     ; H'00000058
    0000027A 0347                   MUL.L       R4,R3
    0000027C 021A                   STS         MACL,R2
    0000027E 421A                   LDS         R2,MACL
    00000280 041A                   STS         MACL,R4
    00000282 6043                   MOV         R4,R0
    00000284 0654                   MOV.B       R5,@(R0,R6)
    00000286 7E01                   ADD         #1,R14
    00000288 ED00                   MOV         #0,R13     ; H'00000000
    0000028A D6AF                   MOV.L       L51+2,R6   ; H'00000004+_prr0009s
    0000028C 7620                   ADD         #32,R6
    0000028E 65C3                   MOV         R12,R5
    00000290 E358                   MOV         #88,R3     ; H'00000058
    00000292 0357                   MUL.L       R5,R3
    00000294 021A                   STS         MACL,R2
    00000296 421A                   LDS         R2,MACL
    00000298 051A                   STS         MACL,R5
    0000029A 6053                   MOV         R5,R0
    0000029C 026C                   MOV.B       @(R0,R6),R2
    0000029E 662C                   EXTU.B      R2,R6
    000002A0 666C                   EXTU.B      R6,R6
    000002A2 3D63                   CMP/GE      R6,R13
    000002A4 8961                   BT          L37
    000002A6              L38:
    000002A6 64E3                   MOV         R14,R4
    000002A8 D3A8                   MOV.L       L51+6,R3   ; _htoi
    000002AA 430B                   JSR         @R3
    000002AC 0009                   NOP
    000002AE 6203                   MOV         R0,R2
    000002B0 642D                   EXTU.W      R2,R4
    000002B2 D6A5                   MOV.L       L51+2,R6   ; H'00000004+_prr0009s
    000002B4 7622                   ADD         #34,R6
    000002B6 65C3                   MOV         R12,R5
    000002B8 EB58                   MOV         #88,R11    ; H'00000058
    000002BA 0B57                   MUL.L       R5,R11
    000002BC 021A                   STS         MACL,R2
    000002BE 421A                   LDS         R2,MACL
    000002C0 051A                   STS         MACL,R5
    000002C2 67D3                   MOV         R13,R7
    000002C4 6273                   MOV         R7,R2
    000002C6 4208                   SHLL2       R2
    000002C8 4200                   SHLL        R2
    000002CA 352C                   ADD         R2,R5
    000002CC 6053                   MOV         R5,R0
    000002CE 0645                   MOV.W       R4,@(R0,R6)
    000002D0 7E04                   ADD         #4,R14
    000002D2 64E3                   MOV         R14,R4
    000002D4 D39D                   MOV.L       L51+6,R3   ; _htoi
    000002D6 430B                   JSR         @R3
    000002D8 0009                   NOP
    000002DA 6203                   MOV         R0,R2
    000002DC 672D                   EXTU.W      R2,R7
    000002DE D69A                   MOV.L       L51+2,R6   ; H'00000004+_prr0009s
    000002E0 7624                   ADD         #36,R6
    000002E2 65C3                   MOV         R12,R5
    000002E4 0B57                   MUL.L       R5,R11
    000002E6 021A                   STS         MACL,R2
    000002E8 421A                   LDS         R2,MACL
    000002EA 051A                   STS         MACL,R5
    000002EC 64D3                   MOV         R13,R4
    000002EE 6243                   MOV         R4,R2
    000002F0 4208                   SHLL2       R2
    000002F2 4200                   SHLL        R2
    000002F4 352C                   ADD         R2,R5
    000002F6 6053                   MOV         R5,R0
    000002F8 0675                   MOV.W       R7,@(R0,R6)
    000002FA 7E04                   ADD         #4,R14
    000002FC 64E3                   MOV         R14,R4
    000002FE D393                   MOV.L       L51+6,R3   ; _htoi
    00000300 430B                   JSR         @R3
    00000302 0009                   NOP
    00000304 6203                   MOV         R0,R2
    00000306 642D                   EXTU.W      R2,R4
    00000308 D68F                   MOV.L       L51+2,R6   ; H'00000004+_prr0009s
    0000030A 7626                   ADD         #38,R6
    0000030C 65C3                   MOV         R12,R5
    0000030E 0B57                   MUL.L       R5,R11
    00000310 021A                   STS         MACL,R2
    00000312 421A                   LDS         R2,MACL
    00000314 051A                   STS         MACL,R5
    00000316 62D3                   MOV         R13,R2
    00000318 4208                   SHLL2       R2
    0000031A 4200                   SHLL        R2
    0000031C 352C                   ADD         R2,R5
    0000031E 6053                   MOV         R5,R0
    00000320 0645                   MOV.W       R4,@(R0,R6)
    00000322 7E04                   ADD         #4,R14
    00000324 64E3                   MOV         R14,R4
    00000326 D389                   MOV.L       L51+6,R3   ; _htoi
    00000328 430B                   JSR         @R3
    0000032A 0009                   NOP
    0000032C 6203                   MOV         R0,R2
    0000032E 672D                   EXTU.W      R2,R7
    00000330 D585                   MOV.L       L51+2,R5   ; H'00000004+_prr0009s
    00000332 7528                   ADD         #40,R5
    00000334 66C3                   MOV         R12,R6
    00000336 0B67                   MUL.L       R6,R11
    00000338 021A                   STS         MACL,R2
    0000033A 421A                   LDS         R2,MACL
    0000033C 061A                   STS         MACL,R6
    0000033E 64D3                   MOV         R13,R4
    00000340 6243                   MOV         R4,R2
    00000342 4208                   SHLL2       R2
    00000344 4200                   SHLL        R2
    00000346 362C                   ADD         R2,R6
    00000348 6063                   MOV         R6,R0
    0000034A 0575                   MOV.W       R7,@(R0,R5)
    0000034C 7E04                   ADD         #4,R14
    0000034E 7D01                   ADD         #1,R13
    00000350 D67D                   MOV.L       L51+2,R6   ; H'00000004+_prr0009s
    00000352 7620                   ADD         #32,R6
    00000354 65C3                   MOV         R12,R5
    00000356 0B57                   MUL.L       R5,R11
    00000358 021A                   STS         MACL,R2
    0000035A 421A                   LDS         R2,MACL
    0000035C 051A                   STS         MACL,R5
    0000035E 6053                   MOV         R5,R0
    00000360 046C                   MOV.B       @(R0,R6),R4
    00000362 624C                   EXTU.B      R4,R2
    00000364 622C                   EXTU.B      R2,R2
    00000366 3D23                   CMP/GE      R2,R13
    00000368 8B9D                   BF          L38
    0000036A              L37:
    0000036A 64E3                   MOV         R14,R4
    0000036C D377                   MOV.L       L51+6,R3   ; _htoi
    0000036E 430B                   JSR         @R3
    00000370 0009                   NOP
    00000372 6203                   MOV         R0,R2
    00000374 642D                   EXTU.W      R2,R4
    00000376 D674                   MOV.L       L51+2,R6   ; H'00000004+_prr0009s
    00000378 7652                   ADD         #82,R6
    0000037A 65C3                   MOV         R12,R5
    0000037C E958                   MOV         #88,R9     ; H'00000058
    0000037E 0957                   MUL.L       R5,R9
    00000380 021A                   STS         MACL,R2
    00000382 421A                   LDS         R2,MACL
    00000384 051A                   STS         MACL,R5
    00000386 6053                   MOV         R5,R0
    00000388 0645                   MOV.W       R4,@(R0,R6)
    0000038A 7E04                   ADD         #4,R14
    0000038C 64E3                   MOV         R14,R4
    0000038E D36F                   MOV.L       L51+6,R3   ; _htoi
    00000390 430B                   JSR         @R3
    00000392 0009                   NOP
    00000394 6203                   MOV         R0,R2
    00000396 642D                   EXTU.W      R2,R4
    00000398 D66B                   MOV.L       L51+2,R6   ; H'00000004+_prr0009s
    0000039A 7654                   ADD         #84,R6
    0000039C 65C3                   MOV         R12,R5
    0000039E 0957                   MUL.L       R5,R9
    000003A0 021A                   STS         MACL,R2
    000003A2 421A                   LDS         R2,MACL
    000003A4 051A                   STS         MACL,R5
    000003A6 6053                   MOV         R5,R0
    000003A8 0645                   MOV.W       R4,@(R0,R6)
    000003AA 7E04                   ADD         #4,R14
    000003AC 64E3                   MOV         R14,R4
    000003AE D367                   MOV.L       L51+6,R3   ; _htoi
    000003B0 430B                   JSR         @R3
    000003B2 0009                   NOP
    000003B4 6203                   MOV         R0,R2
    000003B6 642D                   EXTU.W      R2,R4
    000003B8 D663                   MOV.L       L51+2,R6   ; H'00000004+_prr0009s
    000003BA 7656                   ADD         #86,R6
    000003BC 65C3                   MOV         R12,R5
    000003BE 0957                   MUL.L       R5,R9
    000003C0 021A                   STS         MACL,R2
    000003C2 421A                   LDS         R2,MACL
    000003C4 051A                   STS         MACL,R5
    000003C6 6053                   MOV         R5,R0
    000003C8 0645                   MOV.W       R4,@(R0,R6)
    000003CA 7E04                   ADD         #4,R14
    000003CC 7C01                   ADD         #1,R12
    000003CE D360                   MOV.L       L51+10,R3  ; _prr0009s
    000003D0 6330                   MOV.B       @R3,R3
    000003D2 633C                   EXTU.B      R3,R3
    000003D4 6233                   MOV         R3,R2
    000003D6 3C23                   CMP/GE      R2,R12
    000003D8 8901                   BT          L53
    000003DA AE3D                   BRA         L15
    000003DC 0009                   NOP
    000003DE              L53:
    000003DE              L14:
    000003DE 66E0                   MOV.B       @R14,R6
    000003E0 626C                   EXTU.B      R6,R2
    000003E2 622C                   EXTU.B      R2,R2
    000003E4 E339                   MOV         #57,R3     ; H'00000039
    000003E6 3237                   CMP/GT      R3,R2
    000003E8 8B06                   BF          L40
    000003EA 62E0                   MOV.B       @R14,R2
    000003EC 662C                   EXTU.B      R2,R6
    000003EE 666C                   EXTU.B      R6,R6
    000003F0 6563                   MOV         R6,R5
    000003F2 75C9                   ADD         #-55,R5
    000003F4 A004                   BRA         L41
    000003F6 0009                   NOP
    000003F8              L40:
    000003F8 62E0                   MOV.B       @R14,R2
    000003FA 652C                   EXTU.B      R2,R5
    000003FC 655C                   EXTU.B      R5,R5
    000003FE 75D0                   ADD         #-48,R5
    00000400              L41:
    00000400 6353                   MOV         R5,R3
    00000402 D154                   MOV.L       L51+14,R1  ; H'00000164+_prr0009s
    00000404 2130                   MOV.B       R3,@R1
    00000406 7E01                   ADD         #1,R14
    00000408 EC00                   MOV         #0,R12     ; H'00000000
    0000040A D352                   MOV.L       L51+14,R3  ; H'00000164+_prr0009s
    0000040C 6330                   MOV.B       @R3,R3
    0000040E 633C                   EXTU.B      R3,R3
    00000410 6633                   MOV         R3,R6
    00000412 3C63                   CMP/GE      R6,R12
    00000414 8B01                   BF          L54
    00000416 A088                   BRA         L42
    00000418 0009                   NOP
    0000041A              L54:
    0000041A              L43:
    0000041A 64E3                   MOV         R14,R4
    0000041C D34B                   MOV.L       L51+6,R3   ; _htoi
    0000041E 430B                   JSR         @R3
    00000420 0009                   NOP
    00000422 6203                   MOV         R0,R2
    00000424 652D                   EXTU.W      R2,R5
    00000426 D44C                   MOV.L       L51+18,R4  ; H'00000166+_prr0009s
    00000428 62C3                   MOV         R12,R2
    0000042A 6623                   MOV         R2,R6
    0000042C EA05                   MOV         #5,R10     ; H'00000005
    0000042E 42AD                   SHLD        R10,R2
    00000430 4608                   SHLL2       R6
    00000432 326C                   ADD         R6,R2
    00000434 6023                   MOV         R2,R0
    00000436 0455                   MOV.W       R5,@(R0,R4)
    00000438 7E04                   ADD         #4,R14
    0000043A 64E3                   MOV         R14,R4
    0000043C D347                   MOV.L       L51+22,R3  ; _htoc
    0000043E 430B                   JSR         @R3
    00000440 0009                   NOP
    00000442 6203                   MOV         R0,R2
    00000444 642C                   EXTU.B      R2,R4
    00000446 D544                   MOV.L       L51+18,R5  ; H'00000166+_prr0009s
    00000448 7502                   ADD         #2,R5
    0000044A 62C3                   MOV         R12,R2
    0000044C 6623                   MOV         R2,R6
    0000044E 42AD                   SHLD        R10,R2
    00000450 4608                   SHLL2       R6
    00000452 326C                   ADD         R6,R2
    00000454 6023                   MOV         R2,R0
    00000456 0544                   MOV.B       R4,@(R0,R5)
    00000458 7E02                   ADD         #2,R14
    0000045A 66E0                   MOV.B       @R14,R6
    0000045C 626C                   EXTU.B      R6,R2
    0000045E 622C                   EXTU.B      R2,R2
    00000460 E339                   MOV         #57,R3     ; H'00000039
    00000462 3237                   CMP/GT      R3,R2
    00000464 8B06                   BF          L45
    00000466 66E0                   MOV.B       @R14,R6
    00000468 626C                   EXTU.B      R6,R2
    0000046A 622C                   EXTU.B      R2,R2
    0000046C 6523                   MOV         R2,R5
    0000046E 75C9                   ADD         #-55,R5
    00000470 A004                   BRA         L46
    00000472 0009                   NOP
    00000474              L45:
    00000474 62E0                   MOV.B       @R14,R2
    00000476 652C                   EXTU.B      R2,R5
    00000478 655C                   EXTU.B      R5,R5
    0000047A 75D0                   ADD         #-48,R5
    0000047C              L46:
    0000047C D436                   MOV.L       L51+18,R4  ; H'00000166+_prr0009s
    0000047E 7403                   ADD         #3,R4
    00000480 66C3                   MOV         R12,R6
    00000482 6263                   MOV         R6,R2
    00000484 E705                   MOV         #5,R7      ; H'00000005
    00000486 467D                   SHLD        R7,R6
    00000488 4208                   SHLL2       R2
    0000048A 362C                   ADD         R2,R6
    0000048C 6063                   MOV         R6,R0
    0000048E 0454                   MOV.B       R5,@(R0,R4)
    00000490 7E01                   ADD         #1,R14
    00000492 ED00                   MOV         #0,R13     ; H'00000000
    00000494 D230                   MOV.L       L51+18,R2  ; H'00000166+_prr0009s
    00000496 7203                   ADD         #3,R2
    00000498 66C3                   MOV         R12,R6
    0000049A 6563                   MOV         R6,R5
    0000049C 467D                   SHLD        R7,R6
    0000049E 4508                   SHLL2       R5
    000004A0 365C                   ADD         R5,R6
    000004A2 6063                   MOV         R6,R0
    000004A4 052C                   MOV.B       @(R0,R2),R5
    000004A6 665C                   EXTU.B      R5,R6
    000004A8 666C                   EXTU.B      R6,R6
    000004AA 3D63                   CMP/GE      R6,R13
    000004AC 8934                   BT          L47
    000004AE              L48:
    000004AE 64E3                   MOV         R14,R4
    000004B0 D326                   MOV.L       L51+6,R3   ; _htoi
    000004B2 430B                   JSR         @R3
    000004B4 0009                   NOP
    000004B6 6203                   MOV         R0,R2
    000004B8 642D                   EXTU.W      R2,R4
    000004BA D527                   MOV.L       L51+18,R5  ; H'00000166+_prr0009s
    000004BC 7504                   ADD         #4,R5
    000004BE 62C3                   MOV         R12,R2
    000004C0 6623                   MOV         R2,R6
    000004C2 EB05                   MOV         #5,R11     ; H'00000005
    000004C4 42BD                   SHLD        R11,R2
    000004C6 4608                   SHLL2       R6
    000004C8 326C                   ADD         R6,R2
    000004CA 66D3                   MOV         R13,R6
    000004CC 4608                   SHLL2       R6
    000004CE 326C                   ADD         R6,R2
    000004D0 6023                   MOV         R2,R0
    000004D2 0545                   MOV.W       R4,@(R0,R5)
    000004D4 7E04                   ADD         #4,R14
    000004D6 64E3                   MOV         R14,R4
    000004D8 D31C                   MOV.L       L51+6,R3   ; _htoi
    000004DA 430B                   JSR         @R3
    000004DC 0009                   NOP
    000004DE 6203                   MOV         R0,R2
    000004E0 642D                   EXTU.W      R2,R4
    000004E2 D51D                   MOV.L       L51+18,R5  ; H'00000166+_prr0009s
    000004E4 7506                   ADD         #6,R5
    000004E6 62C3                   MOV         R12,R2
    000004E8 6623                   MOV         R2,R6
    000004EA 42BD                   SHLD        R11,R2
    000004EC 4608                   SHLL2       R6
    000004EE 326C                   ADD         R6,R2
    000004F0 66D3                   MOV         R13,R6
    000004F2 4608                   SHLL2       R6
    000004F4 326C                   ADD         R6,R2
    000004F6 6023                   MOV         R2,R0
    000004F8 0545                   MOV.W       R4,@(R0,R5)
    000004FA 7E04                   ADD         #4,R14
    000004FC 7D01                   ADD         #1,R13
    000004FE D616                   MOV.L       L51+18,R6  ; H'00000166+_prr0009s
    00000500 7603                   ADD         #3,R6
    00000502 62C3                   MOV         R12,R2
    00000504 6523                   MOV         R2,R5
    00000506 42BD                   SHLD        R11,R2
    00000508 4508                   SHLL2       R5
    0000050A 325C                   ADD         R5,R2
    0000050C 6023                   MOV         R2,R0
    0000050E 056C                   MOV.B       @(R0,R6),R5
    00000510 625C                   EXTU.B      R5,R2
    00000512 622C                   EXTU.B      R2,R2
    00000514 3D23                   CMP/GE      R2,R13
    00000516 8BCA                   BF          L48
    00000518              L47:
    00000518 7C01                   ADD         #1,R12
    0000051A D30E                   MOV.L       L51+14,R3  ; H'00000164+_prr0009s
    0000051C 6330                   MOV.B       @R3,R3
    0000051E 633C                   EXTU.B      R3,R3
    00000520 6233                   MOV         R3,R2
    00000522 3C23                   CMP/GE      R2,R12
    00000524 8901                   BT          L55
    00000526 AF78                   BRA         L43
    00000528 0009                   NOP
    0000052A              L55:
    0000052A              L42:
    0000052A E200                   MOV         #0,R2      ; H'00000000
    0000052C 6023                   MOV         R2,R0
    0000052E 7F0C                   ADD         #12,R15
    00000530 4F16                   LDS.L       @R15+,MACL
    00000532 4F26                   LDS.L       @R15+,PR
    00000534 6EF6                   MOV.L       @R15+,R14
    00000536 6DF6                   MOV.L       @R15+,R13
    00000538 6CF6                   MOV.L       @R15+,R12
    0000053A 6BF6                   MOV.L       @R15+,R11
    0000053C 6AF6                   MOV.L       @R15+,R10
    0000053E 69F6                   MOV.L       @R15+,R9
    00000540 68F6                   MOV.L       @R15+,R8
    00000542 000B                   RTS
    00000544 0009                   NOP
    00000546              L51:
    00000546 00000002               .RES.W      1
    00000548 <00000004>             .DATA.L     H'00000004+_prr0009s
    0000054C <00000000>             .DATA.L     _htoi
    00000550 <00000000>             .DATA.L     _prr0009s
    00000554 <00000164>             .DATA.L     H'00000164+_prr0009s
    00000558 <00000166>             .DATA.L     H'00000166+_prr0009s
    0000055C <00000000>             .DATA.L     _htoc
B   00000000              _prr0009s:                       ; static: prr0009s
    00000000 00000004               .RES.L      126
SH SERIES C/C++ Compiler (Ver. checker(2003.03.17))                                              16-Nov-2009 12:33:27  PAGE    1


******** STATISTICS INFORMATION ********


********** ERROR INFORMATION ***********

NUMBER OF ERRORS:           0
NUMBER OF WARNINGS:         0
NUMBER OF INFORMATIONS:     0



******* SOURCE LINE INFORMATION ********

COMPILED SOURCE LINE:      112



******* SECTION SIZE INFORMATION *******

PROGRAM  SECTION (P):                               00000560 Byte(s)
CONSTANT SECTION (C):                               00000000 Byte(s)
DATA     SECTION (D):                               00000000 Byte(s)
BSS      SECTION (B):                               000001F8 Byte(s)

TOTAL PROGRAM  SECTION: 00000560 Byte(s)
TOTAL CONSTANT SECTION: 00000000 Byte(s)
TOTAL DATA     SECTION: 00000000 Byte(s)
TOTAL BSS      SECTION: 000001F8 Byte(s)

    TOTAL PROGRAM SIZE: 00000758 Byte(s)



********** LABEL INFORMATION ***********

NUMBER OF EXTERNAL REFERENCE SYMBOLS:            2
NUMBER OF EXTERNAL DEFINITION SYMBOLS:           2
NUMBER OF INTERNAL/EXTERNAL SYMBOLS:            38
*** COMMAND PARAMETER ***


  -cpu=sh3 -op=0 -en=big -me -debug -comment=nest -l -def=DEBUG -i=P:\PRESTO2\SHINC,C:\usr\local\SH\7_1_1\include,P:\PRESTO2\NORTI_12\inc prr0009.c 

