SH SERIES C/C++ Compiler (Ver. checker(2003.03.17))                                              16-Nov-2009 12:33:55  PAGE    1

************ OBJECT LISTING ************

FILE NAME: prr0110.c

SCT OFFSET   CODE       C LABEL     INSTRUCTION OPERAND    COMMENT

P   00000000              _pr_print_drv_cycle:             ; function: pr_print_drv_cycle
                                                           ; frame size=24
    00000000 2FC6                   MOV.L       R12,@-R15
    00000002 2FD6                   MOV.L       R13,@-R15
    00000004 2FE6                   MOV.L       R14,@-R15
    00000006 4F22                   STS.L       PR,@-R15
    00000008 7FF8                   ADD         #-8,R15
    0000000A 6E53                   MOV         R5,R14
    0000000C 6243                   MOV         R4,R2
    0000000E 7205                   ADD         #5,R2
    00000010 6C23                   MOV         R2,R12
    00000012 62E0                   MOV.B       @R14,R2
    00000014 642C                   EXTU.B      R2,R4
    00000016 65C3                   MOV         R12,R5
    00000018 644C                   EXTU.B      R4,R4
    0000001A D349                   MOV.L       L20+4,R3   ; _ctoh
    0000001C 430B                   JSR         @R3
    0000001E 0009                   NOP
    00000020 7C02                   ADD         #2,R12
    00000022 ED00                   MOV         #0,R13     ; H'00000000
    00000024 62E0                   MOV.B       @R14,R2
    00000026 662C                   EXTU.B      R2,R6
    00000028 666C                   EXTU.B      R6,R6
    0000002A 6263                   MOV         R6,R2
    0000002C 3D23                   CMP/GE      R2,R13
    0000002E 8911                   BT          L11
    00000030              L12:
    00000030 62D3                   MOV         R13,R2
    00000032 4200                   SHLL        R2
    00000034 66E3                   MOV         R14,R6
    00000036 7602                   ADD         #2,R6
    00000038 6023                   MOV         R2,R0
    0000003A 046D                   MOV.W       @(R0,R6),R4
    0000003C 65C3                   MOV         R12,R5
    0000003E 644D                   EXTU.W      R4,R4
    00000040 D340                   MOV.L       L20+8,R3   ; _itoh
    00000042 430B                   JSR         @R3
    00000044 0009                   NOP
    00000046 7C04                   ADD         #4,R12
    00000048 7D01                   ADD         #1,R13
    0000004A 66E0                   MOV.B       @R14,R6
    0000004C 626C                   EXTU.B      R6,R2
    0000004E 622C                   EXTU.B      R2,R2
    00000050 3D23                   CMP/GE      R2,R13
    00000052 8BED                   BF          L12
    00000054              L11:
    00000054 E042                   MOV         #66,R0     ; H'00000042
    00000056 02EC                   MOV.B       @(R0,R14),R2
    00000058 642C                   EXTU.B      R2,R4
    0000005A 65C3                   MOV         R12,R5
    0000005C 644C                   EXTU.B      R4,R4
    0000005E D338                   MOV.L       L20+4,R3   ; _ctoh
    00000060 430B                   JSR         @R3
    00000062 0009                   NOP
    00000064 7C02                   ADD         #2,R12
    00000066 ED00                   MOV         #0,R13     ; H'00000000
    00000068 E042                   MOV         #66,R0     ; H'00000042
    0000006A 06EC                   MOV.B       @(R0,R14),R6
    0000006C 626C                   EXTU.B      R6,R2
    0000006E 622C                   EXTU.B      R2,R2
    00000070 3D23                   CMP/GE      R2,R13
    00000072 8913                   BT          L13
    00000074              L14:
    00000074 66D3                   MOV         R13,R6
    00000076 6263                   MOV         R6,R2
    00000078 4200                   SHLL        R2
    0000007A 66E3                   MOV         R14,R6
    0000007C 7644                   ADD         #68,R6
    0000007E 6023                   MOV         R2,R0
    00000080 046D                   MOV.W       @(R0,R6),R4
    00000082 65C3                   MOV         R12,R5
    00000084 644D                   EXTU.W      R4,R4
    00000086 D32F                   MOV.L       L20+8,R3   ; _itoh
    00000088 430B                   JSR         @R3
    0000008A 0009                   NOP
    0000008C 7C04                   ADD         #4,R12
    0000008E 7D01                   ADD         #1,R13
    00000090 E042                   MOV         #66,R0     ; H'00000042
    00000092 06EC                   MOV.B       @(R0,R14),R6
    00000094 626C                   EXTU.B      R6,R2
    00000096 622C                   EXTU.B      R2,R2
    00000098 3D23                   CMP/GE      R2,R13
    0000009A 8BEB                   BF          L14
    0000009C              L13:
    0000009C E054                   MOV         #84,R0     ; H'00000054
    0000009E 02EC                   MOV.B       @(R0,R14),R2
    000000A0 642C                   EXTU.B      R2,R4
    000000A2 65C3                   MOV         R12,R5
    000000A4 644C                   EXTU.B      R4,R4
    000000A6 D326                   MOV.L       L20+4,R3   ; _ctoh
    000000A8 430B                   JSR         @R3
    000000AA 0009                   NOP
    000000AC 7C02                   ADD         #2,R12
    000000AE ED00                   MOV         #0,R13     ; H'00000000
    000000B0 E054                   MOV         #84,R0     ; H'00000054
    000000B2 06EC                   MOV.B       @(R0,R14),R6
    000000B4 626C                   EXTU.B      R6,R2
    000000B6 622C                   EXTU.B      R2,R2
    000000B8 3D23                   CMP/GE      R2,R13
    000000BA 8913                   BT          L15
    000000BC              L16:
    000000BC 66D3                   MOV         R13,R6
    000000BE 6263                   MOV         R6,R2
    000000C0 4200                   SHLL        R2
    000000C2 66E3                   MOV         R14,R6
    000000C4 7656                   ADD         #86,R6
    000000C6 6023                   MOV         R2,R0
    000000C8 046D                   MOV.W       @(R0,R6),R4
    000000CA 65C3                   MOV         R12,R5
    000000CC 644D                   EXTU.W      R4,R4
    000000CE D31D                   MOV.L       L20+8,R3   ; _itoh
    000000D0 430B                   JSR         @R3
    000000D2 0009                   NOP
    000000D4 7C04                   ADD         #4,R12
    000000D6 7D01                   ADD         #1,R13
    000000D8 E054                   MOV         #84,R0     ; H'00000054
    000000DA 02EC                   MOV.B       @(R0,R14),R2
    000000DC 662C                   EXTU.B      R2,R6
    000000DE 666C                   EXTU.B      R6,R6
    000000E0 3D63                   CMP/GE      R6,R13
    000000E2 8BEB                   BF          L16
    000000E4              L15:
    000000E4 902A                   MOV.W       L20,R0     ; H'0096
    000000E6 02EC                   MOV.B       @(R0,R14),R2
    000000E8 642C                   EXTU.B      R2,R4
    000000EA 65C3                   MOV         R12,R5
    000000EC 644C                   EXTU.B      R4,R4
    000000EE D314                   MOV.L       L20+4,R3   ; _ctoh
    000000F0 430B                   JSR         @R3
    000000F2 0009                   NOP
    000000F4 7C02                   ADD         #2,R12
    000000F6 ED00                   MOV         #0,R13     ; H'00000000
    000000F8 9020                   MOV.W       L20,R0     ; H'0096
    000000FA 06EC                   MOV.B       @(R0,R14),R6
    000000FC 626C                   EXTU.B      R6,R2
    000000FE 622C                   EXTU.B      R2,R2
    00000100 3D23                   CMP/GE      R2,R13
    00000102 8913                   BT          L17
    00000104              L18:
    00000104 62D3                   MOV         R13,R2
    00000106 4200                   SHLL        R2
    00000108 9319                   MOV.W       L20+2,R3   ; H'0098
    0000010A 66E3                   MOV         R14,R6
    0000010C 363C                   ADD         R3,R6
    0000010E 6023                   MOV         R2,R0
    00000110 046D                   MOV.W       @(R0,R6),R4
    00000112 65C3                   MOV         R12,R5
    00000114 644D                   EXTU.W      R4,R4
    00000116 D30B                   MOV.L       L20+8,R3   ; _itoh
    00000118 430B                   JSR         @R3
    0000011A 0009                   NOP
    0000011C 7C04                   ADD         #4,R12
    0000011E 7D01                   ADD         #1,R13
    00000120 900C                   MOV.W       L20,R0     ; H'0096
    00000122 06EC                   MOV.B       @(R0,R14),R6
    00000124 626C                   EXTU.B      R6,R2
    00000126 622C                   EXTU.B      R2,R2
    00000128 3D23                   CMP/GE      R2,R13
    0000012A 8BEB                   BF          L18
    0000012C              L17:
    0000012C 60C3                   MOV         R12,R0
    0000012E 7F08                   ADD         #8,R15
    00000130 4F26                   LDS.L       @R15+,PR
    00000132 6EF6                   MOV.L       @R15+,R14
    00000134 6DF6                   MOV.L       @R15+,R13
    00000136 6CF6                   MOV.L       @R15+,R12
    00000138 000B                   RTS
    0000013A 0009                   NOP
    0000013C              L20:
    0000013C 0096                   .DATA.W     H'0096
    0000013E 0098                   .DATA.W     H'0098
    00000140 <00000000>             .DATA.L     _ctoh
    00000144 <00000000>             .DATA.L     _itoh
SH SERIES C/C++ Compiler (Ver. checker(2003.03.17))                                              16-Nov-2009 12:33:55  PAGE    1


******** STATISTICS INFORMATION ********


********** ERROR INFORMATION ***********

NUMBER OF ERRORS:           0
NUMBER OF WARNINGS:         0
NUMBER OF INFORMATIONS:     0



******* SOURCE LINE INFORMATION ********

COMPILED SOURCE LINE:       78



******* SECTION SIZE INFORMATION *******

PROGRAM  SECTION (P):                               00000148 Byte(s)
CONSTANT SECTION (C):                               00000000 Byte(s)
DATA     SECTION (D):                               00000000 Byte(s)
BSS      SECTION (B):                               00000000 Byte(s)

TOTAL PROGRAM  SECTION: 00000148 Byte(s)
TOTAL CONSTANT SECTION: 00000000 Byte(s)
TOTAL DATA     SECTION: 00000000 Byte(s)
TOTAL BSS      SECTION: 00000000 Byte(s)

    TOTAL PROGRAM SIZE: 00000148 Byte(s)



********** LABEL INFORMATION ***********

NUMBER OF EXTERNAL REFERENCE SYMBOLS:            2
NUMBER OF EXTERNAL DEFINITION SYMBOLS:           1
NUMBER OF INTERNAL/EXTERNAL SYMBOLS:            12
*** COMMAND PARAMETER ***


  -cpu=sh3 -op=0 -en=big -me -debug -comment=nest -l -def=DEBUG -i=P:\PRESTO2\SHINC,C:\usr\local\SH\7_1_1\include,P:\PRESTO2\NORTI_12\inc prr0110.c 

