SH SERIES C/C++ Compiler (Ver. checker(2003.03.17))                                              16-Nov-2009 12:33:48  PAGE    1

************ OBJECT LISTING ************

FILE NAME: prr0063.c

SCT OFFSET   CODE       C LABEL     INSTRUCTION OPERAND    COMMENT

P   00000000              _pr_scan_updown_chute:           ; function: pr_scan_updown_chute
                                                           ; frame size=8
    00000000 2FE6                   MOV.L       R14,@-R15
    00000002 4F22                   STS.L       PR,@-R15
    00000004 6E43                   MOV         R4,R14
    00000006 84E5                   MOV.B       @(5,R14),R0
    00000008 6203                   MOV         R0,R2
    0000000A 662C                   EXTU.B      R2,R6
    0000000C 666C                   EXTU.B      R6,R6
    0000000E E339                   MOV         #57,R3     ; H'00000039
    00000010 3637                   CMP/GT      R3,R6
    00000012 8B07                   BF          L12
    00000014 84E5                   MOV.B       @(5,R14),R0
    00000016 6203                   MOV         R0,R2
    00000018 662C                   EXTU.B      R2,R6
    0000001A 666C                   EXTU.B      R6,R6
    0000001C 6263                   MOV         R6,R2
    0000001E 72C9                   ADD         #-55,R2
    00000020 A005                   BRA         L13
    00000022 0009                   NOP
    00000024              L12:
    00000024 84E5                   MOV.B       @(5,R14),R0
    00000026 6603                   MOV         R0,R6
    00000028 626C                   EXTU.B      R6,R2
    0000002A 622C                   EXTU.B      R2,R2
    0000002C 72D0                   ADD         #-48,R2
    0000002E              L13:
    0000002E 6323                   MOV         R2,R3
    00000030 D115                   MOV.L       L15,R1     ; _prr0063s
    00000032 2130                   MOV.B       R3,@R1
    00000034 64E3                   MOV         R14,R4
    00000036 7406                   ADD         #6,R4
    00000038 D314                   MOV.L       L15+4,R3   ; _htoc
    0000003A 430B                   JSR         @R3
    0000003C 0009                   NOP
    0000003E 6203                   MOV         R0,R2
    00000040 632C                   EXTU.B      R2,R3
    00000042 D113                   MOV.L       L15+8,R1   ; H'00000001+_prr0063s
    00000044 2130                   MOV.B       R3,@R1
    00000046 64E3                   MOV         R14,R4
    00000048 7408                   ADD         #8,R4
    0000004A D310                   MOV.L       L15+4,R3   ; _htoc
    0000004C 430B                   JSR         @R3
    0000004E 0009                   NOP
    00000050 6203                   MOV         R0,R2
    00000052 632C                   EXTU.B      R2,R3
    00000054 D10F                   MOV.L       L15+12,R1  ; H'00000002+_prr0063s
    00000056 2130                   MOV.B       R3,@R1
    00000058 64E3                   MOV         R14,R4
    0000005A 740A                   ADD         #10,R4
    0000005C D30B                   MOV.L       L15+4,R3   ; _htoc
    0000005E 430B                   JSR         @R3
    00000060 0009                   NOP
    00000062 6203                   MOV         R0,R2
    00000064 632C                   EXTU.B      R2,R3
    00000066 D10C                   MOV.L       L15+16,R1  ; H'00000003+_prr0063s
    00000068 2130                   MOV.B       R3,@R1
    0000006A 7E0C                   ADD         #12,R14
    0000006C 64E3                   MOV         R14,R4
    0000006E D307                   MOV.L       L15+4,R3   ; _htoc
    00000070 430B                   JSR         @R3
    00000072 0009                   NOP
    00000074 6203                   MOV         R0,R2
    00000076 632C                   EXTU.B      R2,R3
    00000078 D108                   MOV.L       L15+20,R1  ; H'00000004+_prr0063s
    0000007A 2130                   MOV.B       R3,@R1
    0000007C E200                   MOV         #0,R2      ; H'00000000
    0000007E 6023                   MOV         R2,R0
    00000080 4F26                   LDS.L       @R15+,PR
    00000082 6EF6                   MOV.L       @R15+,R14
    00000084 000B                   RTS
    00000086 0009                   NOP
    00000088              L15:
    00000088 <00000000>             .DATA.L     _prr0063s
    0000008C <00000000>             .DATA.L     _htoc
    00000090 <00000001>             .DATA.L     H'00000001+_prr0063s
    00000094 <00000002>             .DATA.L     H'00000002+_prr0063s
    00000098 <00000003>             .DATA.L     H'00000003+_prr0063s
    0000009C <00000004>             .DATA.L     H'00000004+_prr0063s
B   00000000              _prr0063s:                       ; static: prr0063s
    00000000 00000001               .RES.B      5
SH SERIES C/C++ Compiler (Ver. checker(2003.03.17))                                              16-Nov-2009 12:33:48  PAGE    1


******** STATISTICS INFORMATION ********


********** ERROR INFORMATION ***********

NUMBER OF ERRORS:           0
NUMBER OF WARNINGS:         0
NUMBER OF INFORMATIONS:     0



******* SOURCE LINE INFORMATION ********

COMPILED SOURCE LINE:       56



******* SECTION SIZE INFORMATION *******

PROGRAM  SECTION (P):                               000000A0 Byte(s)
CONSTANT SECTION (C):                               00000000 Byte(s)
DATA     SECTION (D):                               00000000 Byte(s)
BSS      SECTION (B):                               00000005 Byte(s)

TOTAL PROGRAM  SECTION: 000000A0 Byte(s)
TOTAL CONSTANT SECTION: 00000000 Byte(s)
TOTAL DATA     SECTION: 00000000 Byte(s)
TOTAL BSS      SECTION: 00000005 Byte(s)

    TOTAL PROGRAM SIZE: 000000A5 Byte(s)



********** LABEL INFORMATION ***********

NUMBER OF EXTERNAL REFERENCE SYMBOLS:            1
NUMBER OF EXTERNAL DEFINITION SYMBOLS:           2
NUMBER OF INTERNAL/EXTERNAL SYMBOLS:             6
*** COMMAND PARAMETER ***


  -cpu=sh3 -op=0 -en=big -me -debug -comment=nest -l -def=DEBUG -i=P:\PRESTO2\SHINC,C:\usr\local\SH\7_1_1\include,P:\PRESTO2\NORTI_12\inc prr0063.c 

