SH SERIES C/C++ Compiler (Ver. checker(2003.03.17))                                              16-Nov-2009 12:33:51  PAGE    1

************ OBJECT LISTING ************

FILE NAME: prr0085.c

SCT OFFSET   CODE       C LABEL     INSTRUCTION OPERAND    COMMENT

P   00000000              _pr_scan_span_call:              ; function: pr_scan_span_call
                                                           ; frame size=0
    00000000 8445                   MOV.B       @(5,R4),R0
    00000002 6203                   MOV         R0,R2
    00000004 662C                   EXTU.B      R2,R6
    00000006 666C                   EXTU.B      R6,R6
    00000008 E339                   MOV         #57,R3     ; H'00000039
    0000000A 3637                   CMP/GT      R3,R6
    0000000C 8B07                   BF          L12
    0000000E 8445                   MOV.B       @(5,R4),R0
    00000010 6203                   MOV         R0,R2
    00000012 662C                   EXTU.B      R2,R6
    00000014 666C                   EXTU.B      R6,R6
    00000016 6263                   MOV         R6,R2
    00000018 72C9                   ADD         #-55,R2
    0000001A A006                   BRA         L13
    0000001C 0009                   NOP
    0000001E              L12:
    0000001E 8445                   MOV.B       @(5,R4),R0
    00000020 6203                   MOV         R0,R2
    00000022 662C                   EXTU.B      R2,R6
    00000024 666C                   EXTU.B      R6,R6
    00000026 6263                   MOV         R6,R2
    00000028 72D0                   ADD         #-48,R2
    0000002A              L13:
    0000002A 6323                   MOV         R2,R3
    0000002C D10E                   MOV.L       L18+2,R1   ; _prr0085s
    0000002E 2130                   MOV.B       R3,@R1
    00000030 8446                   MOV.B       @(6,R4),R0
    00000032 6203                   MOV         R0,R2
    00000034 662C                   EXTU.B      R2,R6
    00000036 666C                   EXTU.B      R6,R6
    00000038 E339                   MOV         #57,R3     ; H'00000039
    0000003A 3637                   CMP/GT      R3,R6
    0000003C 8B07                   BF          L15
    0000003E 8446                   MOV.B       @(6,R4),R0
    00000040 6203                   MOV         R0,R2
    00000042 662C                   EXTU.B      R2,R6
    00000044 666C                   EXTU.B      R6,R6
    00000046 6263                   MOV         R6,R2
    00000048 72C9                   ADD         #-55,R2
    0000004A A005                   BRA         L16
    0000004C 0009                   NOP
    0000004E              L15:
    0000004E 8446                   MOV.B       @(6,R4),R0
    00000050 6603                   MOV         R0,R6
    00000052 626C                   EXTU.B      R6,R2
    00000054 622C                   EXTU.B      R2,R2
    00000056 72D0                   ADD         #-48,R2
    00000058              L16:
    00000058 6323                   MOV         R2,R3
    0000005A D104                   MOV.L       L18+6,R1   ; H'00000001+_prr0085s
    0000005C 2130                   MOV.B       R3,@R1
    0000005E E200                   MOV         #0,R2      ; H'00000000
    00000060 6023                   MOV         R2,R0
    00000062 000B                   RTS
    00000064 0009                   NOP
    00000066              L18:
    00000066 00000002               .RES.W      1
    00000068 <00000000>             .DATA.L     _prr0085s
    0000006C <00000001>             .DATA.L     H'00000001+_prr0085s
B   00000000              _prr0085s:                       ; static: prr0085s
    00000000 00000001               .RES.B      2
SH SERIES C/C++ Compiler (Ver. checker(2003.03.17))                                              16-Nov-2009 12:33:51  PAGE    1


******** STATISTICS INFORMATION ********


********** ERROR INFORMATION ***********

NUMBER OF ERRORS:           0
NUMBER OF WARNINGS:         0
NUMBER OF INFORMATIONS:     0



******* SOURCE LINE INFORMATION ********

COMPILED SOURCE LINE:       53



******* SECTION SIZE INFORMATION *******

PROGRAM  SECTION (P):                               00000070 Byte(s)
CONSTANT SECTION (C):                               00000000 Byte(s)
DATA     SECTION (D):                               00000000 Byte(s)
BSS      SECTION (B):                               00000002 Byte(s)

TOTAL PROGRAM  SECTION: 00000070 Byte(s)
TOTAL CONSTANT SECTION: 00000000 Byte(s)
TOTAL DATA     SECTION: 00000000 Byte(s)
TOTAL BSS      SECTION: 00000002 Byte(s)

    TOTAL PROGRAM SIZE: 00000072 Byte(s)



********** LABEL INFORMATION ***********

NUMBER OF EXTERNAL REFERENCE SYMBOLS:            0
NUMBER OF EXTERNAL DEFINITION SYMBOLS:           2
NUMBER OF INTERNAL/EXTERNAL SYMBOLS:             7
*** COMMAND PARAMETER ***


  -cpu=sh3 -op=0 -en=big -me -debug -comment=nest -l -def=DEBUG -i=P:\PRESTO2\SHINC,C:\usr\local\SH\7_1_1\include,P:\PRESTO2\NORTI_12\inc prr0085.c 

