SH SERIES C/C++ Compiler (Ver. checker(2003.03.17))                                              16-Nov-2009 12:33:36  PAGE    1

************ OBJECT LISTING ************

FILE NAME: prr0033.c

SCT OFFSET   CODE       C LABEL     INSTRUCTION OPERAND    COMMENT

P   00000000              _pr_scan_zero_adj:               ; function: pr_scan_zero_adj
                                                           ; frame size=8
    00000000 2FE6                   MOV.L       R14,@-R15
    00000002 4F22                   STS.L       PR,@-R15
    00000004 6E43                   MOV         R4,R14
    00000006 84E5                   MOV.B       @(5,R14),R0
    00000008 6603                   MOV         R0,R6
    0000000A 626C                   EXTU.B      R6,R2
    0000000C 622C                   EXTU.B      R2,R2
    0000000E E339                   MOV         #57,R3     ; H'00000039
    00000010 3237                   CMP/GT      R3,R2
    00000012 8B06                   BF          L12
    00000014 84E5                   MOV.B       @(5,R14),R0
    00000016 6603                   MOV         R0,R6
    00000018 626C                   EXTU.B      R6,R2
    0000001A 622C                   EXTU.B      R2,R2
    0000001C 72C9                   ADD         #-55,R2
    0000001E A006                   BRA         L13
    00000020 0009                   NOP
    00000022              L12:
    00000022 84E5                   MOV.B       @(5,R14),R0
    00000024 6203                   MOV         R0,R2
    00000026 662C                   EXTU.B      R2,R6
    00000028 666C                   EXTU.B      R6,R6
    0000002A 6263                   MOV         R6,R2
    0000002C 72D0                   ADD         #-48,R2
    0000002E              L13:
    0000002E 6323                   MOV         R2,R3
    00000030 D12A                   MOV.L       L18+2,R1   ; _prr0033s
    00000032 2130                   MOV.B       R3,@R1
    00000034 64E3                   MOV         R14,R4
    00000036 7406                   ADD         #6,R4
    00000038 D329                   MOV.L       L18+6,R3   ; _htoc
    0000003A 430B                   JSR         @R3
    0000003C 0009                   NOP
    0000003E 6203                   MOV         R0,R2
    00000040 632C                   EXTU.B      R2,R3
    00000042 D128                   MOV.L       L18+10,R1  ; H'00000001+_prr0033s
    00000044 2130                   MOV.B       R3,@R1
    00000046 64E3                   MOV         R14,R4
    00000048 7408                   ADD         #8,R4
    0000004A D327                   MOV.L       L18+14,R3  ; _htol
    0000004C 430B                   JSR         @R3
    0000004E 0009                   NOP
    00000050 6303                   MOV         R0,R3
    00000052 D126                   MOV.L       L18+18,R1  ; H'00000004+_prr0033s
    00000054 2132                   MOV.L       R3,@R1
    00000056 64E3                   MOV         R14,R4
    00000058 7410                   ADD         #16,R4
    0000005A D321                   MOV.L       L18+6,R3   ; _htoc
    0000005C 430B                   JSR         @R3
    0000005E 0009                   NOP
    00000060 6203                   MOV         R0,R2
    00000062 632C                   EXTU.B      R2,R3
    00000064 D122                   MOV.L       L18+22,R1  ; H'00000008+_prr0033s
    00000066 2130                   MOV.B       R3,@R1
    00000068 E012                   MOV         #18,R0     ; H'00000012
    0000006A 06EC                   MOV.B       @(R0,R14),R6
    0000006C 626C                   EXTU.B      R6,R2
    0000006E 622C                   EXTU.B      R2,R2
    00000070 E339                   MOV         #57,R3     ; H'00000039
    00000072 3237                   CMP/GT      R3,R2
    00000074 8B07                   BF          L15
    00000076 E012                   MOV         #18,R0     ; H'00000012
    00000078 02EC                   MOV.B       @(R0,R14),R2
    0000007A 662C                   EXTU.B      R2,R6
    0000007C 666C                   EXTU.B      R6,R6
    0000007E 6263                   MOV         R6,R2
    00000080 72C9                   ADD         #-55,R2
    00000082 A006                   BRA         L16
    00000084 0009                   NOP
    00000086              L15:
    00000086 E012                   MOV         #18,R0     ; H'00000012
    00000088 02EC                   MOV.B       @(R0,R14),R2
    0000008A 662C                   EXTU.B      R2,R6
    0000008C 666C                   EXTU.B      R6,R6
    0000008E 6263                   MOV         R6,R2
    00000090 72D0                   ADD         #-48,R2
    00000092              L16:
    00000092 6323                   MOV         R2,R3
    00000094 D117                   MOV.L       L18+26,R1  ; H'00000009+_prr0033s
    00000096 2130                   MOV.B       R3,@R1
    00000098 64E3                   MOV         R14,R4
    0000009A 7413                   ADD         #19,R4
    0000009C D316                   MOV.L       L18+30,R3  ; _htoi
    0000009E 430B                   JSR         @R3
    000000A0 0009                   NOP
    000000A2 6203                   MOV         R0,R2
    000000A4 632D                   EXTU.W      R2,R3
    000000A6 D115                   MOV.L       L18+34,R1  ; H'0000000A+_prr0033s
    000000A8 2131                   MOV.W       R3,@R1
    000000AA 64E3                   MOV         R14,R4
    000000AC 7417                   ADD         #23,R4
    000000AE D312                   MOV.L       L18+30,R3  ; _htoi
    000000B0 430B                   JSR         @R3
    000000B2 0009                   NOP
    000000B4 6203                   MOV         R0,R2
    000000B6 632D                   EXTU.W      R2,R3
    000000B8 D111                   MOV.L       L18+38,R1  ; H'0000000C+_prr0033s
    000000BA 2131                   MOV.W       R3,@R1
    000000BC 7E1B                   ADD         #27,R14
    000000BE 64E3                   MOV         R14,R4
    000000C0 D30D                   MOV.L       L18+30,R3  ; _htoi
    000000C2 430B                   JSR         @R3
    000000C4 0009                   NOP
    000000C6 6203                   MOV         R0,R2
    000000C8 632D                   EXTU.W      R2,R3
    000000CA D10E                   MOV.L       L18+42,R1  ; H'0000000E+_prr0033s
    000000CC 2131                   MOV.W       R3,@R1
    000000CE E200                   MOV         #0,R2      ; H'00000000
    000000D0 6023                   MOV         R2,R0
    000000D2 4F26                   LDS.L       @R15+,PR
    000000D4 6EF6                   MOV.L       @R15+,R14
    000000D6 000B                   RTS
    000000D8 0009                   NOP
    000000DA              L18:
    000000DA 00000002               .RES.W      1
    000000DC <00000000>             .DATA.L     _prr0033s
    000000E0 <00000000>             .DATA.L     _htoc
    000000E4 <00000001>             .DATA.L     H'00000001+_prr0033s
    000000E8 <00000000>             .DATA.L     _htol
    000000EC <00000004>             .DATA.L     H'00000004+_prr0033s
    000000F0 <00000008>             .DATA.L     H'00000008+_prr0033s
    000000F4 <00000009>             .DATA.L     H'00000009+_prr0033s
    000000F8 <00000000>             .DATA.L     _htoi
    000000FC <0000000A>             .DATA.L     H'0000000A+_prr0033s
    00000100 <0000000C>             .DATA.L     H'0000000C+_prr0033s
    00000104 <0000000E>             .DATA.L     H'0000000E+_prr0033s
B   00000000              _prr0033s:                       ; static: prr0033s
    00000000 00000004               .RES.L      4
SH SERIES C/C++ Compiler (Ver. checker(2003.03.17))                                              16-Nov-2009 12:33:36  PAGE    1


******** STATISTICS INFORMATION ********


********** ERROR INFORMATION ***********

NUMBER OF ERRORS:           0
NUMBER OF WARNINGS:         0
NUMBER OF INFORMATIONS:     0



******* SOURCE LINE INFORMATION ********

COMPILED SOURCE LINE:       59



******* SECTION SIZE INFORMATION *******

PROGRAM  SECTION (P):                               00000108 Byte(s)
CONSTANT SECTION (C):                               00000000 Byte(s)
DATA     SECTION (D):                               00000000 Byte(s)
BSS      SECTION (B):                               00000010 Byte(s)

TOTAL PROGRAM  SECTION: 00000108 Byte(s)
TOTAL CONSTANT SECTION: 00000000 Byte(s)
TOTAL DATA     SECTION: 00000000 Byte(s)
TOTAL BSS      SECTION: 00000010 Byte(s)

    TOTAL PROGRAM SIZE: 00000118 Byte(s)



********** LABEL INFORMATION ***********

NUMBER OF EXTERNAL REFERENCE SYMBOLS:            3
NUMBER OF EXTERNAL DEFINITION SYMBOLS:           2
NUMBER OF INTERNAL/EXTERNAL SYMBOLS:            10
*** COMMAND PARAMETER ***


  -cpu=sh3 -op=0 -en=big -me -debug -comment=nest -l -def=DEBUG -i=P:\PRESTO2\SHINC,C:\usr\local\SH\7_1_1\include,P:\PRESTO2\NORTI_12\inc prr0033.c 

