SH SERIES C/C++ Compiler (Ver. checker(2003.03.17))                                              16-Nov-2009 12:34:01  PAGE    1

************ OBJECT LISTING ************

FILE NAME: prr0127.c

SCT OFFSET   CODE       C LABEL     INSTRUCTION OPERAND    COMMENT

P   00000000              _pr_scan_hop_drive_set:          ; function: pr_scan_hop_drive_set
                                                           ; frame size=8
    00000000 4F22                   STS.L       PR,@-R15
    00000002 7FFC                   ADD         #-4,R15
    00000004 6243                   MOV         R4,R2
    00000006 2F22                   MOV.L       R2,@R15
    00000008 8425                   MOV.B       @(5,R2),R0
    0000000A 6603                   MOV         R0,R6
    0000000C 656C                   EXTU.B      R6,R5
    0000000E 655C                   EXTU.B      R5,R5
    00000010 E339                   MOV         #57,R3     ; H'00000039
    00000012 3537                   CMP/GT      R3,R5
    00000014 8B06                   BF          L12
    00000016 8425                   MOV.B       @(5,R2),R0
    00000018 6603                   MOV         R0,R6
    0000001A 656C                   EXTU.B      R6,R5
    0000001C 655C                   EXTU.B      R5,R5
    0000001E 75C9                   ADD         #-55,R5
    00000020 A005                   BRA         L13
    00000022 0009                   NOP
    00000024              L12:
    00000024 8425                   MOV.B       @(5,R2),R0
    00000026 6603                   MOV         R0,R6
    00000028 656C                   EXTU.B      R6,R5
    0000002A 655C                   EXTU.B      R5,R5
    0000002C 75D0                   ADD         #-48,R5
    0000002E              L13:
    0000002E 6653                   MOV         R5,R6
    00000030 666C                   EXTU.B      R6,R6
    00000032 6363                   MOV         R6,R3
    00000034 D10C                   MOV.L       L15,R1     ; _prr0127s
    00000036 2132                   MOV.L       R3,@R1
    00000038 6423                   MOV         R2,R4
    0000003A 7406                   ADD         #6,R4
    0000003C D30B                   MOV.L       L15+4,R3   ; _htoc
    0000003E 430B                   JSR         @R3
    00000040 0009                   NOP
    00000042 6603                   MOV         R0,R6
    00000044 636C                   EXTU.B      R6,R3
    00000046 D10A                   MOV.L       L15+8,R1   ; H'00000004+_prr0127s
    00000048 2130                   MOV.B       R3,@R1
    0000004A 62F2                   MOV.L       @R15,R2
    0000004C 7208                   ADD         #8,R2
    0000004E 6423                   MOV         R2,R4
    00000050 D308                   MOV.L       L15+12,R3  ; _htol
    00000052 430B                   JSR         @R3
    00000054 0009                   NOP
    00000056 6303                   MOV         R0,R3
    00000058 D107                   MOV.L       L15+16,R1  ; H'00000008+_prr0127s
    0000005A 2132                   MOV.L       R3,@R1
    0000005C E200                   MOV         #0,R2      ; H'00000000
    0000005E 6023                   MOV         R2,R0
    00000060 7F04                   ADD         #4,R15
    00000062 4F26                   LDS.L       @R15+,PR
    00000064 000B                   RTS
    00000066 0009                   NOP
    00000068              L15:
    00000068 <00000000>             .DATA.L     _prr0127s
    0000006C <00000000>             .DATA.L     _htoc
    00000070 <00000004>             .DATA.L     H'00000004+_prr0127s
    00000074 <00000000>             .DATA.L     _htol
    00000078 <00000008>             .DATA.L     H'00000008+_prr0127s
B   00000000              _prr0127s:                       ; static: prr0127s
    00000000 00000004               .RES.L      3
SH SERIES C/C++ Compiler (Ver. checker(2003.03.17))                                              16-Nov-2009 12:34:01  PAGE    1


******** STATISTICS INFORMATION ********


********** ERROR INFORMATION ***********

NUMBER OF ERRORS:           0
NUMBER OF WARNINGS:         0
NUMBER OF INFORMATIONS:     0



******* SOURCE LINE INFORMATION ********

COMPILED SOURCE LINE:       52



******* SECTION SIZE INFORMATION *******

PROGRAM  SECTION (P):                               0000007C Byte(s)
CONSTANT SECTION (C):                               00000000 Byte(s)
DATA     SECTION (D):                               00000000 Byte(s)
BSS      SECTION (B):                               0000000C Byte(s)

TOTAL PROGRAM  SECTION: 0000007C Byte(s)
TOTAL CONSTANT SECTION: 00000000 Byte(s)
TOTAL DATA     SECTION: 00000000 Byte(s)
TOTAL BSS      SECTION: 0000000C Byte(s)

    TOTAL PROGRAM SIZE: 00000088 Byte(s)



********** LABEL INFORMATION ***********

NUMBER OF EXTERNAL REFERENCE SYMBOLS:            2
NUMBER OF EXTERNAL DEFINITION SYMBOLS:           2
NUMBER OF INTERNAL/EXTERNAL SYMBOLS:             7
*** COMMAND PARAMETER ***


  -cpu=sh3 -op=0 -en=big -me -debug -comment=nest -l -def=DEBUG -i=P:\PRESTO2\SHINC,C:\usr\local\SH\7_1_1\include,P:\PRESTO2\NORTI_12\inc prr0127.c 

