SH SERIES C/C++ Compiler (Ver. checker(2003.03.17))                                              16-Nov-2009 12:33:32  PAGE    1

************ OBJECT LISTING ************

FILE NAME: prr0022.c

SCT OFFSET   CODE       C LABEL     INSTRUCTION OPERAND    COMMENT

P   00000000              _pr_print_cf_parm:               ; function: pr_print_cf_parm
                                                           ; frame size=32
    00000000 2FB6                   MOV.L       R11,@-R15
    00000002 2FC6                   MOV.L       R12,@-R15
    00000004 2FD6                   MOV.L       R13,@-R15
    00000006 2FE6                   MOV.L       R14,@-R15
    00000008 4F22                   STS.L       PR,@-R15
    0000000A 7FF4                   ADD         #-12,R15
    0000000C 6E53                   MOV         R5,R14
    0000000E 62E2                   MOV.L       @R14,R2
    00000010 E309                   MOV         #9,R3      ; H'00000009
    00000012 3237                   CMP/GT      R3,R2
    00000014 8B03                   BF          L12
    00000016 62E2                   MOV.L       @R14,R2
    00000018 7237                   ADD         #55,R2
    0000001A A002                   BRA         L13
    0000001C 0009                   NOP
    0000001E              L12:
    0000001E 62E2                   MOV.L       @R14,R2
    00000020 7230                   ADD         #48,R2
    00000022              L13:
    00000022 6023                   MOV         R2,R0
    00000024 8045                   MOV.B       R0,@(5,R4)
    00000026 84E4                   MOV.B       @(4,R14),R0
    00000028 6203                   MOV         R0,R2
    0000002A 662C                   EXTU.B      R2,R6
    0000002C 666C                   EXTU.B      R6,R6
    0000002E E309                   MOV         #9,R3      ; H'00000009
    00000030 3637                   CMP/GT      R3,R6
    00000032 8B07                   BF          L15
    00000034 84E4                   MOV.B       @(4,R14),R0
    00000036 6203                   MOV         R0,R2
    00000038 662C                   EXTU.B      R2,R6
    0000003A 666C                   EXTU.B      R6,R6
    0000003C 6263                   MOV         R6,R2
    0000003E 7237                   ADD         #55,R2
    00000040 A006                   BRA         L16
    00000042 0009                   NOP
    00000044              L15:
    00000044 84E4                   MOV.B       @(4,R14),R0
    00000046 6203                   MOV         R0,R2
    00000048 662C                   EXTU.B      R2,R6
    0000004A 666C                   EXTU.B      R6,R6
    0000004C 6263                   MOV         R6,R2
    0000004E 7230                   ADD         #48,R2
    00000050              L16:
    00000050 6023                   MOV         R2,R0
    00000052 8046                   MOV.B       R0,@(6,R4)
    00000054 7407                   ADD         #7,R4
    00000056 6D43                   MOV         R4,R13
    00000058 EB00                   MOV         #0,R11     ; H'00000000
    0000005A 84E4                   MOV.B       @(4,R14),R0
    0000005C 6603                   MOV         R0,R6
    0000005E 626C                   EXTU.B      R6,R2
    00000060 622C                   EXTU.B      R2,R2
    00000062 3B23                   CMP/GE      R2,R11
    00000064 8974                   BT          L17
    00000066              L18:
    00000066 62B3                   MOV         R11,R2
    00000068 6623                   MOV         R2,R6
    0000006A 4208                   SHLL2       R2
    0000006C 4208                   SHLL2       R2
    0000006E 326C                   ADD         R6,R2
    00000070 65E3                   MOV         R14,R5
    00000072 7505                   ADD         #5,R5
    00000074 6023                   MOV         R2,R0
    00000076 065C                   MOV.B       @(R0,R5),R6
    00000078 626C                   EXTU.B      R6,R2
    0000007A 622C                   EXTU.B      R2,R2
    0000007C E309                   MOV         #9,R3      ; H'00000009
    0000007E 3237                   CMP/GT      R3,R2
    00000080 8B0E                   BF          L20
    00000082 62B3                   MOV         R11,R2
    00000084 6623                   MOV         R2,R6
    00000086 4208                   SHLL2       R2
    00000088 4208                   SHLL2       R2
    0000008A 326C                   ADD         R6,R2
    0000008C 65E3                   MOV         R14,R5
    0000008E 7505                   ADD         #5,R5
    00000090 6023                   MOV         R2,R0
    00000092 065C                   MOV.B       @(R0,R5),R6
    00000094 656C                   EXTU.B      R6,R5
    00000096 655C                   EXTU.B      R5,R5
    00000098 6253                   MOV         R5,R2
    0000009A 7237                   ADD         #55,R2
    0000009C A00D                   BRA         L21
    0000009E 0009                   NOP
    000000A0              L20:
    000000A0 62B3                   MOV         R11,R2
    000000A2 6623                   MOV         R2,R6
    000000A4 4208                   SHLL2       R2
    000000A6 4208                   SHLL2       R2
    000000A8 326C                   ADD         R6,R2
    000000AA 65E3                   MOV         R14,R5
    000000AC 7505                   ADD         #5,R5
    000000AE 6023                   MOV         R2,R0
    000000B0 065C                   MOV.B       @(R0,R5),R6
    000000B2 656C                   EXTU.B      R6,R5
    000000B4 655C                   EXTU.B      R5,R5
    000000B6 6253                   MOV         R5,R2
    000000B8 7230                   ADD         #48,R2
    000000BA              L21:
    000000BA 2D20                   MOV.B       R2,@R13
    000000BC 7D01                   ADD         #1,R13
    000000BE EC00                   MOV         #0,R12     ; H'00000000
    000000C0 62B3                   MOV         R11,R2
    000000C2 6623                   MOV         R2,R6
    000000C4 4208                   SHLL2       R2
    000000C6 4208                   SHLL2       R2
    000000C8 326C                   ADD         R6,R2
    000000CA 66E3                   MOV         R14,R6
    000000CC 7605                   ADD         #5,R6
    000000CE 6023                   MOV         R2,R0
    000000D0 056C                   MOV.B       @(R0,R6),R5
    000000D2 625C                   EXTU.B      R5,R2
    000000D4 622C                   EXTU.B      R2,R2
    000000D6 3C23                   CMP/GE      R2,R12
    000000D8 8933                   BT          L22
    000000DA              L23:
    000000DA 62B3                   MOV         R11,R2
    000000DC 6623                   MOV         R2,R6
    000000DE 4208                   SHLL2       R2
    000000E0 4208                   SHLL2       R2
    000000E2 326C                   ADD         R6,R2
    000000E4 66C3                   MOV         R12,R6
    000000E6 4600                   SHLL        R6
    000000E8 326C                   ADD         R6,R2
    000000EA 65E3                   MOV         R14,R5
    000000EC 7506                   ADD         #6,R5
    000000EE 6023                   MOV         R2,R0
    000000F0 065C                   MOV.B       @(R0,R5),R6
    000000F2 646C                   EXTU.B      R6,R4
    000000F4 65D3                   MOV         R13,R5
    000000F6 644C                   EXTU.B      R4,R4
    000000F8 D31A                   MOV.L       L25+2,R3   ; _ctoh
    000000FA 430B                   JSR         @R3
    000000FC 0009                   NOP
    000000FE 7D02                   ADD         #2,R13
    00000100 62B3                   MOV         R11,R2
    00000102 6623                   MOV         R2,R6
    00000104 4208                   SHLL2       R2
    00000106 4208                   SHLL2       R2
    00000108 326C                   ADD         R6,R2
    0000010A 66C3                   MOV         R12,R6
    0000010C 4600                   SHLL        R6
    0000010E 326C                   ADD         R6,R2
    00000110 66E3                   MOV         R14,R6
    00000112 7607                   ADD         #7,R6
    00000114 6023                   MOV         R2,R0
    00000116 056C                   MOV.B       @(R0,R6),R5
    00000118 645C                   EXTU.B      R5,R4
    0000011A 65D3                   MOV         R13,R5
    0000011C 644C                   EXTU.B      R4,R4
    0000011E D311                   MOV.L       L25+2,R3   ; _ctoh
    00000120 430B                   JSR         @R3
    00000122 0009                   NOP
    00000124 7D02                   ADD         #2,R13
    00000126 7C01                   ADD         #1,R12
    00000128 62B3                   MOV         R11,R2
    0000012A 6623                   MOV         R2,R6
    0000012C 4208                   SHLL2       R2
    0000012E 4208                   SHLL2       R2
    00000130 326C                   ADD         R6,R2
    00000132 66E3                   MOV         R14,R6
    00000134 7605                   ADD         #5,R6
    00000136 6023                   MOV         R2,R0
    00000138 056C                   MOV.B       @(R0,R6),R5
    0000013A 625C                   EXTU.B      R5,R2
    0000013C 622C                   EXTU.B      R2,R2
    0000013E 3C23                   CMP/GE      R2,R12
    00000140 8BCB                   BF          L23
    00000142              L22:
    00000142 7B01                   ADD         #1,R11
    00000144 84E4                   MOV.B       @(4,R14),R0
    00000146 6203                   MOV         R0,R2
    00000148 662C                   EXTU.B      R2,R6
    0000014A 666C                   EXTU.B      R6,R6
    0000014C 3B63                   CMP/GE      R6,R11
    0000014E 8B8A                   BF          L18
    00000150              L17:
    00000150 60D3                   MOV         R13,R0
    00000152 7F0C                   ADD         #12,R15
    00000154 4F26                   LDS.L       @R15+,PR
    00000156 6EF6                   MOV.L       @R15+,R14
    00000158 6DF6                   MOV.L       @R15+,R13
    0000015A 6CF6                   MOV.L       @R15+,R12
    0000015C 6BF6                   MOV.L       @R15+,R11
    0000015E 000B                   RTS
    00000160 0009                   NOP
    00000162              L25:
    00000162 00000002               .RES.W      1
    00000164 <00000000>             .DATA.L     _ctoh
SH SERIES C/C++ Compiler (Ver. checker(2003.03.17))                                              16-Nov-2009 12:33:32  PAGE    1


******** STATISTICS INFORMATION ********


********** ERROR INFORMATION ***********

NUMBER OF ERRORS:           0
NUMBER OF WARNINGS:         0
NUMBER OF INFORMATIONS:     0



******* SOURCE LINE INFORMATION ********

COMPILED SOURCE LINE:       72



******* SECTION SIZE INFORMATION *******

PROGRAM  SECTION (P):                               00000168 Byte(s)
CONSTANT SECTION (C):                               00000000 Byte(s)
DATA     SECTION (D):                               00000000 Byte(s)
BSS      SECTION (B):                               00000000 Byte(s)

TOTAL PROGRAM  SECTION: 00000168 Byte(s)
TOTAL CONSTANT SECTION: 00000000 Byte(s)
TOTAL DATA     SECTION: 00000000 Byte(s)
TOTAL BSS      SECTION: 00000000 Byte(s)

    TOTAL PROGRAM SIZE: 00000168 Byte(s)



********** LABEL INFORMATION ***********

NUMBER OF EXTERNAL REFERENCE SYMBOLS:            1
NUMBER OF EXTERNAL DEFINITION SYMBOLS:           1
NUMBER OF INTERNAL/EXTERNAL SYMBOLS:            13
*** COMMAND PARAMETER ***


  -cpu=sh3 -op=0 -en=big -me -debug -comment=nest -l -def=DEBUG -i=P:\PRESTO2\SHINC,C:\usr\local\SH\7_1_1\include,P:\PRESTO2\NORTI_12\inc prr0022.c 

