SH SERIES C/C++ Compiler (Ver. checker(2003.03.17))                                              16-Nov-2009 12:33:37  PAGE    1

************ OBJECT LISTING ************

FILE NAME: prr0035.c

SCT OFFSET   CODE       C LABEL     INSTRUCTION OPERAND    COMMENT

P   00000000              _pr_scan_span_adj:               ; function: pr_scan_span_adj
                                                           ; frame size=8
    00000000 2FE6                   MOV.L       R14,@-R15
    00000002 4F22                   STS.L       PR,@-R15
    00000004 6E43                   MOV         R4,R14
    00000006 84E5                   MOV.B       @(5,R14),R0
    00000008 6203                   MOV         R0,R2
    0000000A 662C                   EXTU.B      R2,R6
    0000000C 666C                   EXTU.B      R6,R6
    0000000E E339                   MOV         #57,R3     ; H'00000039
    00000010 3637                   CMP/GT      R3,R6
    00000012 8B07                   BF          L12
    00000014 84E5                   MOV.B       @(5,R14),R0
    00000016 6203                   MOV         R0,R2
    00000018 662C                   EXTU.B      R2,R6
    0000001A 666C                   EXTU.B      R6,R6
    0000001C 6263                   MOV         R6,R2
    0000001E 72C9                   ADD         #-55,R2
    00000020 A006                   BRA         L13
    00000022 0009                   NOP
    00000024              L12:
    00000024 84E5                   MOV.B       @(5,R14),R0
    00000026 6203                   MOV         R0,R2
    00000028 662C                   EXTU.B      R2,R6
    0000002A 666C                   EXTU.B      R6,R6
    0000002C 6263                   MOV         R6,R2
    0000002E 72D0                   ADD         #-48,R2
    00000030              L13:
    00000030 6323                   MOV         R2,R3
    00000032 D114                   MOV.L       L15,R1     ; _prr0035s
    00000034 2130                   MOV.B       R3,@R1
    00000036 64E3                   MOV         R14,R4
    00000038 7406                   ADD         #6,R4
    0000003A D313                   MOV.L       L15+4,R3   ; _htoc
    0000003C 430B                   JSR         @R3
    0000003E 0009                   NOP
    00000040 6203                   MOV         R0,R2
    00000042 632C                   EXTU.B      R2,R3
    00000044 D111                   MOV.L       L15+8,R1   ; H'00000001+_prr0035s
    00000046 2130                   MOV.B       R3,@R1
    00000048 64E3                   MOV         R14,R4
    0000004A 7408                   ADD         #8,R4
    0000004C D310                   MOV.L       L15+12,R3  ; _htol
    0000004E 430B                   JSR         @R3
    00000050 0009                   NOP
    00000052 6303                   MOV         R0,R3
    00000054 D10F                   MOV.L       L15+16,R1  ; H'00000004+_prr0035s
    00000056 2132                   MOV.L       R3,@R1
    00000058 64E3                   MOV         R14,R4
    0000005A 7410                   ADD         #16,R4
    0000005C D30C                   MOV.L       L15+12,R3  ; _htol
    0000005E 430B                   JSR         @R3
    00000060 0009                   NOP
    00000062 6303                   MOV         R0,R3
    00000064 D10C                   MOV.L       L15+20,R1  ; H'00000008+_prr0035s
    00000066 2132                   MOV.L       R3,@R1
    00000068 7E18                   ADD         #24,R14
    0000006A 64E3                   MOV         R14,R4
    0000006C D308                   MOV.L       L15+12,R3  ; _htol
    0000006E 430B                   JSR         @R3
    00000070 0009                   NOP
    00000072 6303                   MOV         R0,R3
    00000074 D109                   MOV.L       L15+24,R1  ; H'0000000C+_prr0035s
    00000076 2132                   MOV.L       R3,@R1
    00000078 E200                   MOV         #0,R2      ; H'00000000
    0000007A 6023                   MOV         R2,R0
    0000007C 4F26                   LDS.L       @R15+,PR
    0000007E 6EF6                   MOV.L       @R15+,R14
    00000080 000B                   RTS
    00000082 0009                   NOP
    00000084              L15:
    00000084 <00000000>             .DATA.L     _prr0035s
    00000088 <00000000>             .DATA.L     _htoc
    0000008C <00000001>             .DATA.L     H'00000001+_prr0035s
    00000090 <00000000>             .DATA.L     _htol
    00000094 <00000004>             .DATA.L     H'00000004+_prr0035s
    00000098 <00000008>             .DATA.L     H'00000008+_prr0035s
    0000009C <0000000C>             .DATA.L     H'0000000C+_prr0035s
B   00000000              _prr0035s:                       ; static: prr0035s
    00000000 00000004               .RES.L      4
SH SERIES C/C++ Compiler (Ver. checker(2003.03.17))                                              16-Nov-2009 12:33:37  PAGE    1


******** STATISTICS INFORMATION ********


********** ERROR INFORMATION ***********

NUMBER OF ERRORS:           0
NUMBER OF WARNINGS:         0
NUMBER OF INFORMATIONS:     0



******* SOURCE LINE INFORMATION ********

COMPILED SOURCE LINE:       56



******* SECTION SIZE INFORMATION *******

PROGRAM  SECTION (P):                               000000A0 Byte(s)
CONSTANT SECTION (C):                               00000000 Byte(s)
DATA     SECTION (D):                               00000000 Byte(s)
BSS      SECTION (B):                               00000010 Byte(s)

TOTAL PROGRAM  SECTION: 000000A0 Byte(s)
TOTAL CONSTANT SECTION: 00000000 Byte(s)
TOTAL DATA     SECTION: 00000000 Byte(s)
TOTAL BSS      SECTION: 00000010 Byte(s)

    TOTAL PROGRAM SIZE: 000000B0 Byte(s)



********** LABEL INFORMATION ***********

NUMBER OF EXTERNAL REFERENCE SYMBOLS:            2
NUMBER OF EXTERNAL DEFINITION SYMBOLS:           2
NUMBER OF INTERNAL/EXTERNAL SYMBOLS:             7
*** COMMAND PARAMETER ***


  -cpu=sh3 -op=0 -en=big -me -debug -comment=nest -l -def=DEBUG -i=P:\PRESTO2\SHINC,C:\usr\local\SH\7_1_1\include,P:\PRESTO2\NORTI_12\inc prr0035.c 

