SH SERIES C/C++ Compiler (Ver. checker(2003.03.17))                                              16-Nov-2009 12:33:57  PAGE    1

************ OBJECT LISTING ************

FILE NAME: prr0115.c

SCT OFFSET   CODE       C LABEL     INSTRUCTION OPERAND    COMMENT

P   00000000              _pr_scan_drain_zero:             ; function: pr_scan_drain_zero
                                                           ; frame size=0
    00000000 8445                   MOV.B       @(5,R4),R0
    00000002 6203                   MOV         R0,R2
    00000004 662C                   EXTU.B      R2,R6
    00000006 666C                   EXTU.B      R6,R6
    00000008 E339                   MOV         #57,R3     ; H'00000039
    0000000A 3637                   CMP/GT      R3,R6
    0000000C 8B06                   BF          L12
    0000000E 8445                   MOV.B       @(5,R4),R0
    00000010 6603                   MOV         R0,R6
    00000012 626C                   EXTU.B      R6,R2
    00000014 622C                   EXTU.B      R2,R2
    00000016 72C9                   ADD         #-55,R2
    00000018 A006                   BRA         L13
    0000001A 0009                   NOP
    0000001C              L12:
    0000001C 8445                   MOV.B       @(5,R4),R0
    0000001E 6203                   MOV         R0,R2
    00000020 662C                   EXTU.B      R2,R6
    00000022 666C                   EXTU.B      R6,R6
    00000024 6263                   MOV         R6,R2
    00000026 72D0                   ADD         #-48,R2
    00000028              L13:
    00000028 6623                   MOV         R2,R6
    0000002A 6363                   MOV         R6,R3
    0000002C D10F                   MOV.L       L18+2,R1   ; _prr0115s
    0000002E 2130                   MOV.B       R3,@R1
    00000030 8446                   MOV.B       @(6,R4),R0
    00000032 6203                   MOV         R0,R2
    00000034 662C                   EXTU.B      R2,R6
    00000036 666C                   EXTU.B      R6,R6
    00000038 E339                   MOV         #57,R3     ; H'00000039
    0000003A 3637                   CMP/GT      R3,R6
    0000003C 8B06                   BF          L15
    0000003E 8446                   MOV.B       @(6,R4),R0
    00000040 6603                   MOV         R0,R6
    00000042 626C                   EXTU.B      R6,R2
    00000044 622C                   EXTU.B      R2,R2
    00000046 72C9                   ADD         #-55,R2
    00000048 A006                   BRA         L16
    0000004A 0009                   NOP
    0000004C              L15:
    0000004C 8446                   MOV.B       @(6,R4),R0
    0000004E 6203                   MOV         R0,R2
    00000050 662C                   EXTU.B      R2,R6
    00000052 666C                   EXTU.B      R6,R6
    00000054 6263                   MOV         R6,R2
    00000056 72D0                   ADD         #-48,R2
    00000058              L16:
    00000058 6623                   MOV         R2,R6
    0000005A 666C                   EXTU.B      R6,R6
    0000005C 6363                   MOV         R6,R3
    0000005E D104                   MOV.L       L18+6,R1   ; H'00000004+_prr0115s
    00000060 2132                   MOV.L       R3,@R1
    00000062 E200                   MOV         #0,R2      ; H'00000000
    00000064 6023                   MOV         R2,R0
    00000066 000B                   RTS
    00000068 0009                   NOP
    0000006A              L18:
    0000006A 00000002               .RES.W      1
    0000006C <00000000>             .DATA.L     _prr0115s
    00000070 <00000004>             .DATA.L     H'00000004+_prr0115s
B   00000000              _prr0115s:                       ; static: prr0115s
    00000000 00000004               .RES.L      2
SH SERIES C/C++ Compiler (Ver. checker(2003.03.17))                                              16-Nov-2009 12:33:57  PAGE    1


******** STATISTICS INFORMATION ********


********** ERROR INFORMATION ***********

NUMBER OF ERRORS:           0
NUMBER OF WARNINGS:         0
NUMBER OF INFORMATIONS:     0



******* SOURCE LINE INFORMATION ********

COMPILED SOURCE LINE:       50



******* SECTION SIZE INFORMATION *******

PROGRAM  SECTION (P):                               00000074 Byte(s)
CONSTANT SECTION (C):                               00000000 Byte(s)
DATA     SECTION (D):                               00000000 Byte(s)
BSS      SECTION (B):                               00000008 Byte(s)

TOTAL PROGRAM  SECTION: 00000074 Byte(s)
TOTAL CONSTANT SECTION: 00000000 Byte(s)
TOTAL DATA     SECTION: 00000000 Byte(s)
TOTAL BSS      SECTION: 00000008 Byte(s)

    TOTAL PROGRAM SIZE: 0000007C Byte(s)



********** LABEL INFORMATION ***********

NUMBER OF EXTERNAL REFERENCE SYMBOLS:            0
NUMBER OF EXTERNAL DEFINITION SYMBOLS:           2
NUMBER OF INTERNAL/EXTERNAL SYMBOLS:             7
*** COMMAND PARAMETER ***


  -cpu=sh3 -op=0 -en=big -me -debug -comment=nest -l -def=DEBUG -i=P:\PRESTO2\SHINC,C:\usr\local\SH\7_1_1\include,P:\PRESTO2\NORTI_12\inc prr0115.c 

