SH SERIES C/C++ Compiler (Ver. checker(2003.03.17))                                              16-Nov-2009 12:34:01  PAGE    1

************ OBJECT LISTING ************

FILE NAME: prr0126.c

SCT OFFSET   CODE       C LABEL     INSTRUCTION OPERAND    COMMENT

P   00000000              _pr_print_hop_drive_req:         ; function: pr_print_hop_drive_req
                                                           ; frame size=0
    00000000 6252                   MOV.L       @R5,R2
    00000002 E309                   MOV         #9,R3      ; H'00000009
    00000004 3237                   CMP/GT      R3,R2
    00000006 8B03                   BF          L12
    00000008 6252                   MOV.L       @R5,R2
    0000000A 7237                   ADD         #55,R2
    0000000C A002                   BRA         L13
    0000000E 0009                   NOP
    00000010              L12:
    00000010 6252                   MOV.L       @R5,R2
    00000012 7230                   ADD         #48,R2
    00000014              L13:
    00000014 6023                   MOV         R2,R0
    00000016 8045                   MOV.B       R0,@(5,R4)
    00000018 7406                   ADD         #6,R4
    0000001A 6243                   MOV         R4,R2
    0000001C 6023                   MOV         R2,R0
    0000001E 000B                   RTS
    00000020 0009                   NOP
SH SERIES C/C++ Compiler (Ver. checker(2003.03.17))                                              16-Nov-2009 12:34:01  PAGE    1


******** STATISTICS INFORMATION ********


********** ERROR INFORMATION ***********

NUMBER OF ERRORS:           0
NUMBER OF WARNINGS:         0
NUMBER OF INFORMATIONS:     0



******* SOURCE LINE INFORMATION ********

COMPILED SOURCE LINE:       49



******* SECTION SIZE INFORMATION *******

PROGRAM  SECTION (P):                               00000022 Byte(s)
CONSTANT SECTION (C):                               00000000 Byte(s)
DATA     SECTION (D):                               00000000 Byte(s)
BSS      SECTION (B):                               00000000 Byte(s)

TOTAL PROGRAM  SECTION: 00000022 Byte(s)
TOTAL CONSTANT SECTION: 00000000 Byte(s)
TOTAL DATA     SECTION: 00000000 Byte(s)
TOTAL BSS      SECTION: 00000000 Byte(s)

    TOTAL PROGRAM SIZE: 00000022 Byte(s)



********** LABEL INFORMATION ***********

NUMBER OF EXTERNAL REFERENCE SYMBOLS:            0
NUMBER OF EXTERNAL DEFINITION SYMBOLS:           1
NUMBER OF INTERNAL/EXTERNAL SYMBOLS:             3
*** COMMAND PARAMETER ***


  -cpu=sh3 -op=0 -en=big -me -debug -comment=nest -l -def=DEBUG -i=P:\PRESTO2\SHINC,C:\usr\local\SH\7_1_1\include,P:\PRESTO2\NORTI_12\inc prr0126.c 

