SH SERIES C/C++ Compiler (Ver. checker(2003.03.17))                                              16-Nov-2009 12:33:37  PAGE    1

************ OBJECT LISTING ************

FILE NAME: prr0036.c

SCT OFFSET   CODE       C LABEL     INSTRUCTION OPERAND    COMMENT

P   00000000              _pr_print_span_adj:              ; function: pr_print_span_adj
                                                           ; frame size=12
    00000000 2FD6                   MOV.L       R13,@-R15
    00000002 2FE6                   MOV.L       R14,@-R15
    00000004 4F22                   STS.L       PR,@-R15
    00000006 6D53                   MOV         R5,R13
    00000008 6E43                   MOV         R4,R14
    0000000A 66D0                   MOV.B       @R13,R6
    0000000C 626C                   EXTU.B      R6,R2
    0000000E 622C                   EXTU.B      R2,R2
    00000010 E309                   MOV         #9,R3      ; H'00000009
    00000012 3237                   CMP/GT      R3,R2
    00000014 8B06                   BF          L12
    00000016 62D0                   MOV.B       @R13,R2
    00000018 662C                   EXTU.B      R2,R6
    0000001A 666C                   EXTU.B      R6,R6
    0000001C 6263                   MOV         R6,R2
    0000001E 7237                   ADD         #55,R2
    00000020 A005                   BRA         L13
    00000022 0009                   NOP
    00000024              L12:
    00000024 62D0                   MOV.B       @R13,R2
    00000026 662C                   EXTU.B      R2,R6
    00000028 666C                   EXTU.B      R6,R6
    0000002A 6263                   MOV         R6,R2
    0000002C 7230                   ADD         #48,R2
    0000002E              L13:
    0000002E 6023                   MOV         R2,R0
    00000030 80E5                   MOV.B       R0,@(5,R14)
    00000032 84D1                   MOV.B       @(1,R13),R0
    00000034 6203                   MOV         R0,R2
    00000036 642C                   EXTU.B      R2,R4
    00000038 65E3                   MOV         R14,R5
    0000003A 7506                   ADD         #6,R5
    0000003C 644C                   EXTU.B      R4,R4
    0000003E D30F                   MOV.L       L15,R3     ; _ctoh
    00000040 430B                   JSR         @R3
    00000042 0009                   NOP
    00000044 52D1                   MOV.L       @(4,R13),R2
    00000046 65E3                   MOV         R14,R5
    00000048 7508                   ADD         #8,R5
    0000004A 6423                   MOV         R2,R4
    0000004C D30C                   MOV.L       L15+4,R3   ; _ltoh
    0000004E 430B                   JSR         @R3
    00000050 0009                   NOP
    00000052 54D2                   MOV.L       @(8,R13),R4
    00000054 65E3                   MOV         R14,R5
    00000056 7510                   ADD         #16,R5
    00000058 D309                   MOV.L       L15+4,R3   ; _ltoh
    0000005A 430B                   JSR         @R3
    0000005C 0009                   NOP
    0000005E 52D3                   MOV.L       @(12,R13),R2
    00000060 65E3                   MOV         R14,R5
    00000062 7518                   ADD         #24,R5
    00000064 6423                   MOV         R2,R4
    00000066 D306                   MOV.L       L15+4,R3   ; _ltoh
    00000068 430B                   JSR         @R3
    0000006A 0009                   NOP
    0000006C 7E20                   ADD         #32,R14
    0000006E 62E3                   MOV         R14,R2
    00000070 6023                   MOV         R2,R0
    00000072 4F26                   LDS.L       @R15+,PR
    00000074 6EF6                   MOV.L       @R15+,R14
    00000076 6DF6                   MOV.L       @R15+,R13
    00000078 000B                   RTS
    0000007A 0009                   NOP
    0000007C              L15:
    0000007C <00000000>             .DATA.L     _ctoh
    00000080 <00000000>             .DATA.L     _ltoh
SH SERIES C/C++ Compiler (Ver. checker(2003.03.17))                                              16-Nov-2009 12:33:37  PAGE    1


******** STATISTICS INFORMATION ********


********** ERROR INFORMATION ***********

NUMBER OF ERRORS:           0
NUMBER OF WARNINGS:         0
NUMBER OF INFORMATIONS:     0



******* SOURCE LINE INFORMATION ********

COMPILED SOURCE LINE:       56



******* SECTION SIZE INFORMATION *******

PROGRAM  SECTION (P):                               00000084 Byte(s)
CONSTANT SECTION (C):                               00000000 Byte(s)
DATA     SECTION (D):                               00000000 Byte(s)
BSS      SECTION (B):                               00000000 Byte(s)

TOTAL PROGRAM  SECTION: 00000084 Byte(s)
TOTAL CONSTANT SECTION: 00000000 Byte(s)
TOTAL DATA     SECTION: 00000000 Byte(s)
TOTAL BSS      SECTION: 00000000 Byte(s)

    TOTAL PROGRAM SIZE: 00000084 Byte(s)



********** LABEL INFORMATION ***********

NUMBER OF EXTERNAL REFERENCE SYMBOLS:            2
NUMBER OF EXTERNAL DEFINITION SYMBOLS:           1
NUMBER OF INTERNAL/EXTERNAL SYMBOLS:             6
*** COMMAND PARAMETER ***


  -cpu=sh3 -op=0 -en=big -me -debug -comment=nest -l -def=DEBUG -i=P:\PRESTO2\SHINC,C:\usr\local\SH\7_1_1\include,P:\PRESTO2\NORTI_12\inc prr0036.c 

