SH SERIES C/C++ Compiler (Ver. checker(2003.03.17))                                              18-Mar-2005 09:55:59  PAGE    1

************ OBJECT LISTING ************

FILE NAME: cfinit.c

SCT OFFSET   CODE       C LABEL     INSTRUCTION OPERAND    COMMENT

P   00000000              __cf_init:                       ; function: _cf_init
                                                           ; frame size=0
    00000000 E000                   MOV         #0,R0      ; H'00000000
    00000002 C337                   TRAPA       #55
    00000004 000B                   RTS
    00000006 0009                   NOP
SH SERIES C/C++ Compiler (Ver. checker(2003.03.17))                                              18-Mar-2005 09:55:59  PAGE    1


******** STATISTICS INFORMATION ********


********** ERROR INFORMATION ***********

NUMBER OF ERRORS:           0
NUMBER OF WARNINGS:         0
NUMBER OF INFORMATIONS:     0



******* SOURCE LINE INFORMATION ********

COMPILED SOURCE LINE:       39



******* SECTION SIZE INFORMATION *******

PROGRAM  SECTION (P):                               00000008 Byte(s)
CONSTANT SECTION (C):                               00000000 Byte(s)
DATA     SECTION (D):                               00000000 Byte(s)
BSS      SECTION (B):                               00000000 Byte(s)

TOTAL PROGRAM  SECTION: 00000008 Byte(s)
TOTAL CONSTANT SECTION: 00000000 Byte(s)
TOTAL DATA     SECTION: 00000000 Byte(s)
TOTAL BSS      SECTION: 00000000 Byte(s)

    TOTAL PROGRAM SIZE: 00000008 Byte(s)



********** LABEL INFORMATION ***********

NUMBER OF EXTERNAL REFERENCE SYMBOLS:            0
NUMBER OF EXTERNAL DEFINITION SYMBOLS:           1
NUMBER OF INTERNAL/EXTERNAL SYMBOLS:             1
*** COMMAND PARAMETER ***


  -cpu=sh2 -op=1 -en=big -me -nodebug -comment=nest -l -def=NDEBUG,CPUSH2 -i=p:\presto2\shinc,p:\PRESTO\hew\tools\hitachi\sh\7_1_3\include,p:\presto\norti_12\inc cfinit.c 

