D:\HOME\HATTA\03_PROJECT\04_CCW\01_開発環境\01_64BIT対応\05_ADDDUMMY\ADDDUMMY\ADDDUMMY\DEBUG\ADDDUMMY.OBJ
D:\HOME\HATTA\03_PROJECT\04_CCW\01_開発環境\01_64BIT対応\05_ADDDUMMY\ADDDUMMY\ADDDUMMY\DEBUG\VC110.PDB
D:\HOME\HATTA\03_PROJECT\04_CCW\01_開発環境\01_64BIT対応\05_ADDDUMMY\ADDDUMMY\DEBUG\ADDDUMMY.ILK
D:\HOME\HATTA\03_PROJECT\04_CCW\01_開発環境\01_64BIT対応\05_ADDDUMMY\ADDDUMMY\DEBUG\ADDDUMMY.EXE
D:\HOME\HATTA\03_PROJECT\04_CCW\01_開発環境\01_64BIT対応\05_ADDDUMMY\ADDDUMMY\DEBUG\ADDDUMMY.PDB
D:\home\hatta\03_Project\04_CCW\01_開発環境\01_64bit対応\05_adddummy\adddummy\adddummy\Debug\ADDDUMMY.obj
D:\home\hatta\03_Project\04_CCW\01_開発環境\01_64bit対応\05_adddummy\adddummy\adddummy\Debug\cl.command.1.tlog
D:\home\hatta\03_Project\04_CCW\01_開発環境\01_64bit対応\05_adddummy\adddummy\adddummy\Debug\CL.read.1.tlog
D:\home\hatta\03_Project\04_CCW\01_開発環境\01_64bit対応\05_adddummy\adddummy\adddummy\Debug\CL.write.1.tlog
D:\home\hatta\03_Project\04_CCW\01_開発環境\01_64bit対応\05_adddummy\adddummy\adddummy\Debug\link-cvtres.read.1.tlog
D:\home\hatta\03_Project\04_CCW\01_開発環境\01_64bit対応\05_adddummy\adddummy\adddummy\Debug\link-cvtres.write.1.tlog
D:\home\hatta\03_Project\04_CCW\01_開発環境\01_64bit対応\05_adddummy\adddummy\adddummy\Debug\link-rc.read.1.tlog
D:\home\hatta\03_Project\04_CCW\01_開発環境\01_64bit対応\05_adddummy\adddummy\adddummy\Debug\link-rc.write.1.tlog
D:\home\hatta\03_Project\04_CCW\01_開発環境\01_64bit対応\05_adddummy\adddummy\adddummy\Debug\link.command.1.tlog
D:\home\hatta\03_Project\04_CCW\01_開発環境\01_64bit対応\05_adddummy\adddummy\adddummy\Debug\link.read.1.tlog
D:\home\hatta\03_Project\04_CCW\01_開発環境\01_64bit対応\05_adddummy\adddummy\adddummy\Debug\link.write.1.tlog
D:\home\hatta\03_Project\04_CCW\01_開発環境\01_64bit対応\05_adddummy\adddummy\adddummy\Debug\vc110.idb
D:\home\hatta\03_Project\04_CCW\01_開発環境\01_64bit対応\05_adddummy\adddummy\adddummy\Debug\vc110.pdb
D:\home\hatta\03_Project\04_CCW\01_開発環境\01_64bit対応\05_adddummy\adddummy\Debug\adddummy.pdb
D:\home\hatta\03_Project\04_CCW\01_開発環境\01_64bit対応\05_adddummy\adddummy\Debug\adddummy.exe
D:\home\hatta\03_Project\04_CCW\01_開発環境\01_64bit対応\05_adddummy\adddummy\Debug\adddummy.ilk
